<?xml version="1.0" encoding="utf-8"?>
<test-run id="2" testcasecount="324" result="Passed" total="324" passed="324" failed="0" inconclusive="0" skipped="0" asserts="0" engine-version="3.5.0.0" clr-version="4.0.30319.42000" start-time="2025-07-28 12:09:38Z" end-time="2025-07-28 12:09:42Z" duration="4.2379619">
  <test-suite type="TestSuite" id="1358" name="AIBTree" fullname="AIBTree" runstate="Runnable" testcasecount="328" result="Passed" start-time="2025-07-28 12:09:38Z" end-time="2025-07-28 12:09:42Z" duration="4.237962" total="324" passed="324" failed="0" inconclusive="0" skipped="0" asserts="0">
    <properties>
      <property name="platform" value="PlayMode" />
    </properties>
    <test-suite type="Assembly" id="1351" name="ArcBT.Tests.dll" fullname="C:/Users/myunp/workspace/AIBTree/Library/ScriptAssemblies/ArcBT.Tests.dll" runstate="Runnable" testcasecount="328" result="Passed" start-time="2025-07-28 12:09:38Z" end-time="2025-07-28 12:09:42Z" duration="4.221564" total="324" passed="324" failed="0" inconclusive="0" skipped="0" asserts="0">
      <properties>
        <property name="_PID" value="122852" />
        <property name="_APPDOMAIN" value="Unity Child Domain" />
        <property name="platform" value="PlayMode" />
        <property name="EditorOnly" value="False" />
      </properties>
      <test-suite type="TestSuite" id="1352" name="ArcBT" fullname="ArcBT" runstate="Runnable" testcasecount="328" result="Passed" start-time="2025-07-28 12:09:38Z" end-time="2025-07-28 12:09:42Z" duration="4.213231" total="324" passed="324" failed="0" inconclusive="0" skipped="0" asserts="0">
        <properties />
        <test-suite type="TestSuite" id="1353" name="Tests" fullname="ArcBT.Tests" runstate="Runnable" testcasecount="328" result="Passed" start-time="2025-07-28 12:09:38Z" end-time="2025-07-28 12:09:42Z" duration="4.204767" total="324" passed="324" failed="0" inconclusive="0" skipped="0" asserts="0">
          <properties />
          <test-suite type="TestFixture" id="1001" name="BehaviourTreeRunnerTests" fullname="ArcBT.Tests.BehaviourTreeRunnerTests" classname="ArcBT.Tests.BehaviourTreeRunnerTests" runstate="Runnable" testcasecount="22" result="Passed" start-time="2025-07-28 12:09:38Z" end-time="2025-07-28 12:09:38Z" duration="0.418772" total="22" passed="22" failed="0" inconclusive="0" skipped="0" asserts="0">
            <properties />
            <test-case id="1002" name="BehaviourTreeRunner_Awake_InitializesComponents" fullname="ArcBT.Tests.BehaviourTreeRunnerTests.BehaviourTreeRunner_Awake_InitializesComponents" methodname="BehaviourTreeRunner_Awake_InitializesComponents" classname="ArcBT.Tests.BehaviourTreeRunnerTests" runstate="Runnable" seed="178826584" result="Passed" start-time="2025-07-28 12:09:38Z" end-time="2025-07-28 12:09:38Z" duration="0.013867" asserts="0">
              <properties>
                <property name="Description" value="BehaviourTreeRunnerのAwake実行時にBlackBoard等のコンポーネントが正しく初期化されることを確認" />
                <property name="retryIteration" value="0" />
                <property name="repeatIteration" value="0" />
              </properties>
            </test-case>
            <test-case id="1003" name="BehaviourTreeRunner_Start_LoadsBehaviourTreeFromFile" fullname="ArcBT.Tests.BehaviourTreeRunnerTests.BehaviourTreeRunner_Start_LoadsBehaviourTreeFromFile" methodname="BehaviourTreeRunner_Start_LoadsBehaviourTreeFromFile" classname="ArcBT.Tests.BehaviourTreeRunnerTests" runstate="Runnable" seed="50634755" result="Passed" start-time="2025-07-28 12:09:38Z" end-time="2025-07-28 12:09:38Z" duration="0.011255" asserts="0">
              <properties>
                <property name="Description" value="BehaviourTreeRunnerのStart実行時に指定されたファイルからBehaviourTreeが正しくロードされることを確認" />
                <property name="retryIteration" value="0" />
                <property name="repeatIteration" value="0" />
              </properties>
              <output><![CDATA[[INF][PRS]: 📋 Parsing tree: TestTree
[INF][PRS]: 🔍 Creating node: Action Wait
[DBG][PRS]: 🔍 Properties: duration=1.0
[INF][PRS]: 🚀 Creating Action with script 'Wait'
[DBG][PRS]: 🔧 CreateNodeFromScript: script='Wait', type='Action'
[INF][PRS]: ✅ Created action for script 'Wait'
[INF][PRS]: 🔍 Creating node: Sequence Root
[DBG][PRS]: 🔍 Properties: 
[DBG][PRS]: 🔧 Creating composite node: Sequence
[DBG][PRS]: ✅ Successfully parsed tree 'TestTree' with root node: Root
[INF][SYS][Root]: ✅ Initialized node: Root
[INF][SYS][Action:Wait]: ✅ Initialized node: Action:Wait
[INF][SYS]: Successfully loaded behaviour tree from: C:\Users\myunp\AppData\Local\Temp\tmp691683e1.tmp
[INF][SYS]: Root node: Root
[INF][SYS][Root]: Root
[INF][SYS][Action:Wait]:   Action:Wait
]]></output>
            </test-case>
            <test-case id="1013" name="BlackBoard_GetBlackBoardContents_ReturnsCorrectInfo" fullname="ArcBT.Tests.BehaviourTreeRunnerTests.BlackBoard_GetBlackBoardContents_ReturnsCorrectInfo" methodname="BlackBoard_GetBlackBoardContents_ReturnsCorrectInfo" classname="ArcBT.Tests.BehaviourTreeRunnerTests" runstate="Runnable" seed="1676215155" result="Passed" start-time="2025-07-28 12:09:38Z" end-time="2025-07-28 12:09:38Z" duration="0.003199" asserts="0">
              <properties>
                <property name="Description" value="GetBlackBoardContentsメソッドがBlackBoardの内容を正しい形式で文字列として返すことを確認" />
                <property name="retryIteration" value="0" />
                <property name="repeatIteration" value="0" />
              </properties>
              <output><![CDATA[[INF][BBD]: 🗂️ BlackBoard[新規]: enemy_count = 3
[INF][BBD]: 🗂️ BlackBoard[新規]: player_position = (1.00, 2.00, 3.00)
]]></output>
            </test-case>
            <test-case id="1012" name="BlackBoard_Integration_SharesDataBetweenNodes" fullname="ArcBT.Tests.BehaviourTreeRunnerTests.BlackBoard_Integration_SharesDataBetweenNodes" methodname="BlackBoard_Integration_SharesDataBetweenNodes" classname="ArcBT.Tests.BehaviourTreeRunnerTests" runstate="Runnable" seed="1165375103" result="Passed" start-time="2025-07-28 12:09:38Z" end-time="2025-07-28 12:09:38Z" duration="0.005726" asserts="0">
              <properties>
                <property name="Description" value="複数のノード間でBlackBoardを介したデータ共有が正しく機能することを確認する統合テスト" />
                <property name="retryIteration" value="0" />
                <property name="repeatIteration" value="0" />
              </properties>
              <output><![CDATA[[INF][SYS]: EnvironmentScan: Enemies:0, Items:0, Threat:safe
[INF][BBD]: 🗂️ BlackBoard[新規]: current_action = RandomWander
[INF][MOV]: RandomWander: New target set at (-5.34, 0.00, -4.80)
[INF][BBD]: 🗂️ BlackBoard[新規]: wander_target = (-5.34, 0.00, -4.80)
[INF][MOV]: RandomWander: Moving to target - Distance: 7.2
[INF][SYS]: Execution result: Running
[INF][SYS]: BlackBoard keys count: 11
[INF][SYS]: BlackBoard key: environment_scan_time = 0.4
[INF][SYS]: BlackBoard key: enemies_detected = 0
[INF][SYS]: BlackBoard key: items_detected = 0
[INF][SYS]: BlackBoard key: interactables_detected = 0
[INF][SYS]: BlackBoard key: scan_radius_used = 15.0
[INF][SYS]: BlackBoard key: threat_level = safe
[INF][SYS]: BlackBoard key: current_action = RandomWander
[INF][SYS]: BlackBoard key: is_patrolling = True
[INF][SYS]: BlackBoard key: is_in_combat = False
[INF][SYS]: BlackBoard key: wander_target = (-5.3, 0.0, -4.8)
[INF][SYS]: BlackBoard key: wander_distance_remaining = 7.2
]]></output>
            </test-case>
            <test-case id="1020" name="ComplexTree_NestedStructure_ExecutesCorrectly" fullname="ArcBT.Tests.BehaviourTreeRunnerTests.ComplexTree_NestedStructure_ExecutesCorrectly" methodname="ComplexTree_NestedStructure_ExecutesCorrectly" classname="ArcBT.Tests.BehaviourTreeRunnerTests" runstate="Runnable" seed="2117873759" result="Passed" start-time="2025-07-28 12:09:38Z" end-time="2025-07-28 12:09:38Z" duration="0.004078" asserts="0">
              <properties>
                <property name="Description" value="複雑なネスト構造を持つBehaviourTreeが正しく実行されることを確認する統合テスト" />
                <property name="retryIteration" value="0" />
                <property name="repeatIteration" value="0" />
              </properties>
            </test-case>
            <test-case id="1011" name="ExecuteOnce_WithNullRoot_ReturnsFailure" fullname="ArcBT.Tests.BehaviourTreeRunnerTests.ExecuteOnce_WithNullRoot_ReturnsFailure" methodname="ExecuteOnce_WithNullRoot_ReturnsFailure" classname="ArcBT.Tests.BehaviourTreeRunnerTests" runstate="Runnable" seed="2022447562" result="Passed" start-time="2025-07-28 12:09:38Z" end-time="2025-07-28 12:09:38Z" duration="0.001628" asserts="0">
              <properties>
                <property name="Description" value="ルートノードがnullの状態でExecuteOnceを実行するとFailureが返されることを確認" />
                <property name="retryIteration" value="0" />
                <property name="repeatIteration" value="0" />
              </properties>
            </test-case>
            <test-case id="1010" name="ExecuteOnce_WithSimpleAction_ReturnsResult" fullname="ArcBT.Tests.BehaviourTreeRunnerTests.ExecuteOnce_WithSimpleAction_ReturnsResult" methodname="ExecuteOnce_WithSimpleAction_ReturnsResult" classname="ArcBT.Tests.BehaviourTreeRunnerTests" runstate="Runnable" seed="761430157" result="Passed" start-time="2025-07-28 12:09:38Z" end-time="2025-07-28 12:09:38Z" duration="0.001254" asserts="0">
              <properties>
                <property name="Description" value="シンプルなアクションを設定した状態でExecuteOnceを実行すると適切な結果が返されることを確認" />
                <property name="retryIteration" value="0" />
                <property name="repeatIteration" value="0" />
              </properties>
              <output><![CDATA[[INF][SYS]: === WaitAction '' EXECUTING ===
[INF][SYS]: Wait '': Starting wait for 0.1 seconds ⏱️
[INF][SYS]: Wait '': Waiting... (0.1s remaining) ⏳
]]></output>
            </test-case>
            <test-case id="1022" name="Integration_FullBehaviourTreeExecution_WorksCorrectly" fullname="ArcBT.Tests.BehaviourTreeRunnerTests.Integration_FullBehaviourTreeExecution_WorksCorrectly" methodname="Integration_FullBehaviourTreeExecution_WorksCorrectly" classname="ArcBT.Tests.BehaviourTreeRunnerTests" runstate="Runnable" seed="53379418" result="Passed" start-time="2025-07-28 12:09:38Z" end-time="2025-07-28 12:09:38Z" duration="0.095534" asserts="0">
              <properties>
                <property name="_JOINTYPE" value="UnityCombinatorial" />
                <property name="retryIteration" value="0" />
                <property name="repeatIteration" value="0" />
              </properties>
              <output><![CDATA[[INF][PRS]: 📋 Parsing tree: IntegrationTest
[INF][PRS]: 🔍 Creating node: Action ScanEnvironment
[DBG][PRS]: 🔍 Properties: scan_radius=10.0, scan_interval=0.0
[INF][PRS]: 🚀 Creating Action with script 'ScanEnvironment'
[DBG][PRS]: 🔧 CreateNodeFromScript: script='ScanEnvironment', type='Action'
[INF][PRS]: ✅ Created action for script 'ScanEnvironment'
[INF][PRS]: 🔍 Creating node: Action RandomWander
[DBG][PRS]: 🔍 Properties: speed=3.0, wander_radius=5.0
[INF][PRS]: 🚀 Creating Action with script 'RandomWander'
[DBG][PRS]: 🔧 CreateNodeFromScript: script='RandomWander', type='Action'
[INF][PRS]: ✅ Created action for script 'RandomWander'
[INF][PRS]: 🔍 Creating node: Sequence ScanAndWander
[DBG][PRS]: 🔍 Properties: 
[DBG][PRS]: 🔧 Creating composite node: Sequence
[INF][PRS]: 🔍 Creating node: Action Wait
[DBG][PRS]: 🔍 Properties: duration=0.5
[INF][PRS]: 🚀 Creating Action with script 'Wait'
[DBG][PRS]: 🔧 CreateNodeFromScript: script='Wait', type='Action'
[INF][PRS]: ✅ Created action for script 'Wait'
[INF][PRS]: 🔍 Creating node: Selector MainSelector
[DBG][PRS]: 🔍 Properties: 
[DBG][PRS]: 🔧 Creating composite node: Selector
[DBG][PRS]: ✅ Successfully parsed tree 'IntegrationTest' with root node: MainSelector
[INF][SYS][MainSelector]: ✅ Initialized node: MainSelector
[INF][SYS][ScanAndWander]: ✅ Initialized node: ScanAndWander
[INF][SYS][Action:ScanEnvironment]: ✅ Initialized node: Action:ScanEnvironment
[INF][SYS][Action:RandomWander]: ✅ Initialized node: Action:RandomWander
[INF][SYS][Action:Wait]: ✅ Initialized node: Action:Wait
[INF][SYS]: Successfully loaded behaviour tree from: C:\Users\myunp\AppData\Local\Temp\tmp57343c38.tmp
[INF][SYS]: Root node: MainSelector
[INF][SYS][MainSelector]: MainSelector
[INF][SYS][ScanAndWander]:   ScanAndWander
[INF][SYS][Action:ScanEnvironment]:     Action:ScanEnvironment
[INF][SYS][Action:RandomWander]:     Action:RandomWander
[INF][SYS][Action:Wait]:   Action:Wait
[INF][SYS][Action:ScanEnvironment]: EnvironmentScan: Enemies:0, Items:0, Threat:safe
[INF][BBD]: 🗂️ BlackBoard[新規]: current_action = RandomWander
[INF][MOV][Action:RandomWander]: RandomWander: New target set at (-0.18, 0.00, 3.16)
[INF][BBD]: 🗂️ BlackBoard[新規]: movement_target = (-0.18, 0.00, 3.16)
[INF][BBD]: 🗂️ BlackBoard[新規]: wander_target = (-0.18, 0.00, 3.16)
[INF][MOV][Action:RandomWander]: RandomWander: Moving to target - Distance: 3.2
[INF][SYS][MainSelector]: BT[MainSelector] → Running (実行回数: 1, 時刻: 0.5s)
[DBG][BBD]: BlackBoard更新: environment_scan_time=0.5301073, enemies_detected=0, items_detected=0, interactables_detected=0, scan_radius_used=10, threat_level=safe, current_action=RandomWander, is_patrolling=True, is_in_combat=False, movement_target=(-0.18, 0.00, 3.16), is_moving=True, wander_target=(-0.18, 0.00, 3.16), wander_distance_remaining=3.164138
]]></output>
            </test-case>
            <test-case id="1017" name="LoadBehaviourTree_EmptyFilePath_HandlesGracefully" fullname="ArcBT.Tests.BehaviourTreeRunnerTests.LoadBehaviourTree_EmptyFilePath_HandlesGracefully" methodname="LoadBehaviourTree_EmptyFilePath_HandlesGracefully" classname="ArcBT.Tests.BehaviourTreeRunnerTests" runstate="Runnable" seed="294264598" result="Passed" start-time="2025-07-28 12:09:38Z" end-time="2025-07-28 12:09:38Z" duration="0.002932" asserts="0">
              <properties>
                <property name="Description" value="空のファイルパスを指定した場合にLoadBehaviourTreeが適切にエラーハンドリングすることを確認" />
                <property name="retryIteration" value="0" />
                <property name="repeatIteration" value="0" />
              </properties>
              <output><![CDATA[[ERR][SYS]: BT file not found: 
]]></output>
            </test-case>
            <test-case id="1006" name="LoadBehaviourTree_InvalidContent_HandlesGracefully" fullname="ArcBT.Tests.BehaviourTreeRunnerTests.LoadBehaviourTree_InvalidContent_HandlesGracefully" methodname="LoadBehaviourTree_InvalidContent_HandlesGracefully" classname="ArcBT.Tests.BehaviourTreeRunnerTests" runstate="Runnable" seed="1054873668" result="Passed" start-time="2025-07-28 12:09:38Z" end-time="2025-07-28 12:09:38Z" duration="0.003198" asserts="0">
              <properties>
                <property name="Description" value="無効なBT形式のファイルを指定した場合にLoadBehaviourTreeが適切にエラーハンドリングすることを確認" />
                <property name="retryIteration" value="0" />
                <property name="repeatIteration" value="0" />
              </properties>
              <output><![CDATA[[ERR][PRS]: No tree definition found
[ERR][PRS]: Failed to parse behaviour tree: C:\Users\myunp\AppData\Local\Temp\tmp1034285d.tmp
]]></output>
            </test-case>
            <test-case id="1005" name="LoadBehaviourTree_NonExistentFile_HandlesGracefully" fullname="ArcBT.Tests.BehaviourTreeRunnerTests.LoadBehaviourTree_NonExistentFile_HandlesGracefully" methodname="LoadBehaviourTree_NonExistentFile_HandlesGracefully" classname="ArcBT.Tests.BehaviourTreeRunnerTests" runstate="Runnable" seed="1563889000" result="Passed" start-time="2025-07-28 12:09:38Z" end-time="2025-07-28 12:09:38Z" duration="0.001364" asserts="0">
              <properties>
                <property name="Description" value="存在しないファイルを指定した場合にLoadBehaviourTreeが適切にエラーハンドリングすることを確認" />
                <property name="retryIteration" value="0" />
                <property name="repeatIteration" value="0" />
              </properties>
              <output><![CDATA[[ERR][SYS]: BT file not found: non_existent_file.bt
]]></output>
            </test-case>
            <test-case id="1018" name="LoadBehaviourTree_NullFilePath_HandlesGracefully" fullname="ArcBT.Tests.BehaviourTreeRunnerTests.LoadBehaviourTree_NullFilePath_HandlesGracefully" methodname="LoadBehaviourTree_NullFilePath_HandlesGracefully" classname="ArcBT.Tests.BehaviourTreeRunnerTests" runstate="Runnable" seed="259053686" result="Passed" start-time="2025-07-28 12:09:38Z" end-time="2025-07-28 12:09:38Z" duration="0.001421" asserts="0">
              <properties>
                <property name="Description" value="nullのファイルパスを指定した場合にLoadBehaviourTreeが適切にエラーハンドリングすることを確認" />
                <property name="retryIteration" value="0" />
                <property name="repeatIteration" value="0" />
              </properties>
              <output><![CDATA[[ERR][SYS]: Error loading behaviour tree: Object reference not set to an instance of an object
]]></output>
            </test-case>
            <test-case id="1004" name="LoadBehaviourTree_ValidFile_LoadsCorrectly" fullname="ArcBT.Tests.BehaviourTreeRunnerTests.LoadBehaviourTree_ValidFile_LoadsCorrectly" methodname="LoadBehaviourTree_ValidFile_LoadsCorrectly" classname="ArcBT.Tests.BehaviourTreeRunnerTests" runstate="Runnable" seed="1445628750" result="Passed" start-time="2025-07-28 12:09:38Z" end-time="2025-07-28 12:09:38Z" duration="0.002655" asserts="0">
              <properties>
                <property name="Description" value="有効なBTファイルを指定した場合にLoadBehaviourTreeが正しくツリー構造をロードすることを確認" />
                <property name="retryIteration" value="0" />
                <property name="repeatIteration" value="0" />
              </properties>
              <output><![CDATA[[INF][PRS]: 📋 Parsing tree: SimpleTree
[INF][PRS]: 🔍 Creating node: Action RandomWander
[DBG][PRS]: 🔍 Properties: speed=2.0
[INF][PRS]: 🚀 Creating Action with script 'RandomWander'
[DBG][PRS]: 🔧 CreateNodeFromScript: script='RandomWander', type='Action'
[INF][PRS]: ✅ Created action for script 'RandomWander'
[INF][PRS]: 🔍 Creating node: Selector Root
[DBG][PRS]: 🔍 Properties: 
[DBG][PRS]: 🔧 Creating composite node: Selector
[DBG][PRS]: ✅ Successfully parsed tree 'SimpleTree' with root node: Root
[INF][SYS][Root]: ✅ Initialized node: Root
[INF][SYS][Action:RandomWander]: ✅ Initialized node: Action:RandomWander
[INF][SYS]: Successfully loaded behaviour tree from: C:\Users\myunp\AppData\Local\Temp\tmp60ea37d2.tmp
[INF][SYS]: Root node: Root
[INF][SYS][Root]: Root
[INF][SYS][Action:RandomWander]:   Action:RandomWander
]]></output>
            </test-case>
            <test-case id="1021" name="ParallelExecution_MultipleActions_ExecutesCorrectly" fullname="ArcBT.Tests.BehaviourTreeRunnerTests.ParallelExecution_MultipleActions_ExecutesCorrectly" methodname="ParallelExecution_MultipleActions_ExecutesCorrectly" classname="ArcBT.Tests.BehaviourTreeRunnerTests" runstate="Runnable" seed="964473488" result="Passed" start-time="2025-07-28 12:09:38Z" end-time="2025-07-28 12:09:38Z" duration="0.001646" asserts="0">
              <properties>
                <property name="Description" value="複数のアクションを並列実行するBTParallelNodeが正しく動作することを確認" />
                <property name="retryIteration" value="0" />
                <property name="repeatIteration" value="0" />
              </properties>
              <output><![CDATA[[INF][SYS]: === WaitAction '' EXECUTING ===
[INF][SYS]: Wait '': Starting wait for 0.1 seconds ⏱️
[INF][SYS]: Wait '': Waiting... (0.1s remaining) ⏳
[INF][BBD]: 🗂️ BlackBoard[新規]: current_action = RandomWander
[INF][MOV]: RandomWander: New target set at (7.40, 0.00, -6.30)
[INF][BBD]: 🗂️ BlackBoard[新規]: wander_target = (7.40, 0.00, -6.30)
[INF][MOV]: RandomWander: Moving to target - Distance: 9.7
]]></output>
            </test-case>
            <test-case id="1023" name="PerformanceTest_MultipleExecutions_CompletesQuickly" fullname="ArcBT.Tests.BehaviourTreeRunnerTests.PerformanceTest_MultipleExecutions_CompletesQuickly" methodname="PerformanceTest_MultipleExecutions_CompletesQuickly" classname="ArcBT.Tests.BehaviourTreeRunnerTests" runstate="Runnable" seed="413149784" result="Passed" start-time="2025-07-28 12:09:38Z" end-time="2025-07-28 12:09:38Z" duration="0.008265" asserts="0">
              <properties>
                <property name="Description" value="大量のノード実行（100回）が適切な時間内（100ms以内）で完了することを確認する性能テスト" />
                <property name="retryIteration" value="0" />
                <property name="repeatIteration" value="0" />
              </properties>
              <output><![CDATA[[INF][SYS]: === WaitAction '' EXECUTING ===
[INF][SYS]: Wait '': Starting wait for 0.01 seconds ⏱️
[INF][SYS]: Wait '': Waiting... (0.0s remaining) ⏳
[INF][SYS]: === WaitAction '' EXECUTING ===
[INF][SYS]: Wait '': Waiting... (0.0s remaining) ⏳
[INF][SYS]: === WaitAction '' EXECUTING ===
[INF][SYS]: Wait '': Waiting... (0.0s remaining) ⏳
[INF][SYS]: === WaitAction '' EXECUTING ===
[INF][SYS]: Wait '': Waiting... (0.0s remaining) ⏳
[INF][SYS]: === WaitAction '' EXECUTING ===
[INF][SYS]: Wait '': Waiting... (0.0s remaining) ⏳
[INF][SYS]: === WaitAction '' EXECUTING ===
[INF][SYS]: Wait '': Waiting... (0.0s remaining) ⏳
[INF][SYS]: === WaitAction '' EXECUTING ===
[INF][SYS]: Wait '': Waiting... (0.0s remaining) ⏳
[INF][SYS]: === WaitAction '' EXECUTING ===
[INF][SYS]: Wait '': Waiting... (0.0s remaining) ⏳
[INF][SYS]: === WaitAction '' EXECUTING ===
[INF][SYS]: Wait '': Waiting... (0.0s remaining) ⏳
[INF][SYS]: === WaitAction '' EXECUTING ===
[INF][SYS]: Wait '': Waiting... (0.0s remaining) ⏳
[INF][SYS]: === WaitAction '' EXECUTING ===
[INF][SYS]: Wait '': Waiting... (0.0s remaining) ⏳
[INF][SYS]: === WaitAction '' EXECUTING ===
[INF][SYS]: Wait '': Waiting... (0.0s remaining) ⏳
[INF][SYS]: === WaitAction '' EXECUTING ===
[INF][SYS]: Wait '': Waiting... (0.0s remaining) ⏳
[INF][SYS]: === WaitAction '' EXECUTING ===
[INF][SYS]: Wait '': Waiting... (0.0s remaining) ⏳
[INF][SYS]: === WaitAction '' EXECUTING ===
[INF][SYS]: Wait '': Waiting... (0.0s remaining) ⏳
[INF][SYS]: === WaitAction '' EXECUTING ===
[INF][SYS]: Wait '': Waiting... (0.0s remaining) ⏳
[INF][SYS]: === WaitAction '' EXECUTING ===
[INF][SYS]: Wait '': Waiting... (0.0s remaining) ⏳
[INF][SYS]: === WaitAction '' EXECUTING ===
[INF][SYS]: Wait '': Waiting... (0.0s remaining) ⏳
[INF][SYS]: === WaitAction '' EXECUTING ===
[INF][SYS]: Wait '': Waiting... (0.0s remaining) ⏳
[INF][SYS]: === WaitAction '' EXECUTING ===
[INF][SYS]: Wait '': Waiting... (0.0s remaining) ⏳
[INF][SYS]: === WaitAction '' EXECUTING ===
[INF][SYS]: Wait '': Waiting... (0.0s remaining) ⏳
[INF][SYS]: === WaitAction '' EXECUTING ===
[INF][SYS]: Wait '': Waiting... (0.0s remaining) ⏳
[INF][SYS]: === WaitAction '' EXECUTING ===
[INF][SYS]: Wait '': Waiting... (0.0s remaining) ⏳
[INF][SYS]: === WaitAction '' EXECUTING ===
[INF][SYS]: Wait '': Waiting... (0.0s remaining) ⏳
[INF][SYS]: === WaitAction '' EXECUTING ===
[INF][SYS]: Wait '': Waiting... (0.0s remaining) ⏳
[INF][SYS]: === WaitAction '' EXECUTING ===
[INF][SYS]: Wait '': Waiting... (0.0s remaining) ⏳
[INF][SYS]: === WaitAction '' EXECUTING ===
[INF][SYS]: Wait '': Waiting... (0.0s remaining) ⏳
[INF][SYS]: === WaitAction '' EXECUTING ===
[INF][SYS]: Wait '': Waiting... (0.0s remaining) ⏳
[INF][SYS]: === WaitAction '' EXECUTING ===
[INF][SYS]: Wait '': Waiting... (0.0s remaining) ⏳
[INF][SYS]: === WaitAction '' EXECUTING ===
[INF][SYS]: Wait '': Waiting... (0.0s remaining) ⏳
[INF][SYS]: === WaitAction '' EXECUTING ===
[INF][SYS]: Wait '': Waiting... (0.0s remaining) ⏳
[INF][SYS]: === WaitAction '' EXECUTING ===
[INF][SYS]: Wait '': Waiting... (0.0s remaining) ⏳
[INF][SYS]: === WaitAction '' EXECUTING ===
[INF][SYS]: Wait '': Waiting... (0.0s remaining) ⏳
[INF][SYS]: === WaitAction '' EXECUTING ===
[INF][SYS]: Wait '': Waiting... (0.0s remaining) ⏳
[INF][SYS]: === WaitAction '' EXECUTING ===
[INF][SYS]: Wait '': Waiting... (0.0s remaining) ⏳
[INF][SYS]: === WaitAction '' EXECUTING ===
[INF][SYS]: Wait '': Waiting... (0.0s remaining) ⏳
[INF][SYS]: === WaitAction '' EXECUTING ===
[INF][SYS]: Wait '': Waiting... (0.0s remaining) ⏳
[INF][SYS]: === WaitAction '' EXECUTING ===
[INF][SYS]: Wait '': Waiting... (0.0s remaining) ⏳
[INF][SYS]: === WaitAction '' EXECUTING ===
[INF][SYS]: Wait '': Waiting... (0.0s remaining) ⏳
[INF][SYS]: === WaitAction '' EXECUTING ===
[INF][SYS]: Wait '': Waiting... (0.0s remaining) ⏳
[INF][SYS]: === WaitAction '' EXECUTING ===
[INF][SYS]: Wait '': Waiting... (0.0s remaining) ⏳
[INF][SYS]: === WaitAction '' EXECUTING ===
[INF][SYS]: Wait '': Waiting... (0.0s remaining) ⏳
[INF][SYS]: === WaitAction '' EXECUTING ===
[INF][SYS]: Wait '': Waiting... (0.0s remaining) ⏳
[INF][SYS]: === WaitAction '' EXECUTING ===
[INF][SYS]: Wait '': Waiting... (0.0s remaining) ⏳
[INF][SYS]: === WaitAction '' EXECUTING ===
[INF][SYS]: Wait '': Waiting... (0.0s remaining) ⏳
[INF][SYS]: === WaitAction '' EXECUTING ===
[INF][SYS]: Wait '': Waiting... (0.0s remaining) ⏳
[INF][SYS]: === WaitAction '' EXECUTING ===
[INF][SYS]: Wait '': Waiting... (0.0s remaining) ⏳
[INF][SYS]: === WaitAction '' EXECUTING ===
[INF][SYS]: Wait '': Waiting... (0.0s remaining) ⏳
[INF][SYS]: === WaitAction '' EXECUTING ===
[INF][SYS]: Wait '': Waiting... (0.0s remaining) ⏳
[INF][SYS]: === WaitAction '' EXECUTING ===
[INF][SYS]: Wait '': Waiting... (0.0s remaining) ⏳
[INF][SYS]: === WaitAction '' EXECUTING ===
[INF][SYS]: Wait '': Waiting... (0.0s remaining) ⏳
[INF][SYS]: === WaitAction '' EXECUTING ===
[INF][SYS]: Wait '': Waiting... (0.0s remaining) ⏳
[INF][SYS]: === WaitAction '' EXECUTING ===
[INF][SYS]: Wait '': Waiting... (0.0s remaining) ⏳
[INF][SYS]: === WaitAction '' EXECUTING ===
[INF][SYS]: Wait '': Waiting... (0.0s remaining) ⏳
[INF][SYS]: === WaitAction '' EXECUTING ===
[INF][SYS]: Wait '': Waiting... (0.0s remaining) ⏳
[INF][SYS]: === WaitAction '' EXECUTING ===
[INF][SYS]: Wait '': Waiting... (0.0s remaining) ⏳
[INF][SYS]: === WaitAction '' EXECUTING ===
[INF][SYS]: Wait '': Waiting... (0.0s remaining) ⏳
[INF][SYS]: === WaitAction '' EXECUTING ===
[INF][SYS]: Wait '': Waiting... (0.0s remaining) ⏳
[INF][SYS]: === WaitAction '' EXECUTING ===
[INF][SYS]: Wait '': Waiting... (0.0s remaining) ⏳
[INF][SYS]: === WaitAction '' EXECUTING ===
[INF][SYS]: Wait '': Waiting... (0.0s remaining) ⏳
[INF][SYS]: === WaitAction '' EXECUTING ===
[INF][SYS]: Wait '': Waiting... (0.0s remaining) ⏳
[INF][SYS]: === WaitAction '' EXECUTING ===
[INF][SYS]: Wait '': Waiting... (0.0s remaining) ⏳
[INF][SYS]: === WaitAction '' EXECUTING ===
[INF][SYS]: Wait '': Waiting... (0.0s remaining) ⏳
[INF][SYS]: === WaitAction '' EXECUTING ===
[INF][SYS]: Wait '': Waiting... (0.0s remaining) ⏳
[INF][SYS]: === WaitAction '' EXECUTING ===
[INF][SYS]: Wait '': Waiting... (0.0s remaining) ⏳
[INF][SYS]: === WaitAction '' EXECUTING ===
[INF][SYS]: Wait '': Waiting... (0.0s remaining) ⏳
[INF][SYS]: === WaitAction '' EXECUTING ===
[INF][SYS]: Wait '': Waiting... (0.0s remaining) ⏳
[INF][SYS]: === WaitAction '' EXECUTING ===
[INF][SYS]: Wait '': Waiting... (0.0s remaining) ⏳
[INF][SYS]: === WaitAction '' EXECUTING ===
[INF][SYS]: Wait '': Waiting... (0.0s remaining) ⏳
[INF][SYS]: === WaitAction '' EXECUTING ===
[INF][SYS]: Wait '': Waiting... (0.0s remaining) ⏳
[INF][SYS]: === WaitAction '' EXECUTING ===
[INF][SYS]: Wait '': Waiting... (0.0s remaining) ⏳
[INF][SYS]: === WaitAction '' EXECUTING ===
[INF][SYS]: Wait '': Waiting... (0.0s remaining) ⏳
[INF][SYS]: === WaitAction '' EXECUTING ===
[INF][SYS]: Wait '': Waiting... (0.0s remaining) ⏳
[INF][SYS]: === WaitAction '' EXECUTING ===
[INF][SYS]: Wait '': Waiting... (0.0s remaining) ⏳
[INF][SYS]: === WaitAction '' EXECUTING ===
[INF][SYS]: Wait '': Waiting... (0.0s remaining) ⏳
[INF][SYS]: === WaitAction '' EXECUTING ===
[INF][SYS]: Wait '': Waiting... (0.0s remaining) ⏳
[INF][SYS]: === WaitAction '' EXECUTING ===
[INF][SYS]: Wait '': Waiting... (0.0s remaining) ⏳
[INF][SYS]: === WaitAction '' EXECUTING ===
[INF][SYS]: Wait '': Waiting... (0.0s remaining) ⏳
[INF][SYS]: === WaitAction '' EXECUTING ===
[INF][SYS]: Wait '': Waiting... (0.0s remaining) ⏳
[INF][SYS]: === WaitAction '' EXECUTING ===
[INF][SYS]: Wait '': Waiting... (0.0s remaining) ⏳
[INF][SYS]: === WaitAction '' EXECUTING ===
[INF][SYS]: Wait '': Waiting... (0.0s remaining) ⏳
[INF][SYS]: === WaitAction '' EXECUTING ===
[INF][SYS]: Wait '': Waiting... (0.0s remaining) ⏳
[INF][SYS]: === WaitAction '' EXECUTING ===
[INF][SYS]: Wait '': Waiting... (0.0s remaining) ⏳
[INF][SYS]: === WaitAction '' EXECUTING ===
[INF][SYS]: Wait '': Waiting... (0.0s remaining) ⏳
[INF][SYS]: === WaitAction '' EXECUTING ===
[INF][SYS]: Wait '': Waiting... (0.0s remaining) ⏳
[INF][SYS]: === WaitAction '' EXECUTING ===
[INF][SYS]: Wait '': Waiting... (0.0s remaining) ⏳
[INF][SYS]: === WaitAction '' EXECUTING ===
[INF][SYS]: Wait '': Waiting... (0.0s remaining) ⏳
[INF][SYS]: === WaitAction '' EXECUTING ===
[INF][SYS]: Wait '': Waiting... (0.0s remaining) ⏳
[INF][SYS]: === WaitAction '' EXECUTING ===
[INF][SYS]: Wait '': Waiting... (0.0s remaining) ⏳
[INF][SYS]: === WaitAction '' EXECUTING ===
[INF][SYS]: Wait '': Waiting... (0.0s remaining) ⏳
[INF][SYS]: === WaitAction '' EXECUTING ===
[INF][SYS]: Wait '': Waiting... (0.0s remaining) ⏳
[INF][SYS]: === WaitAction '' EXECUTING ===
[INF][SYS]: Wait '': Waiting... (0.0s remaining) ⏳
[INF][SYS]: === WaitAction '' EXECUTING ===
[INF][SYS]: Wait '': Waiting... (0.0s remaining) ⏳
[INF][SYS]: === WaitAction '' EXECUTING ===
[INF][SYS]: Wait '': Waiting... (0.0s remaining) ⏳
[INF][SYS]: === WaitAction '' EXECUTING ===
[INF][SYS]: Wait '': Waiting... (0.0s remaining) ⏳
[INF][SYS]: === WaitAction '' EXECUTING ===
[INF][SYS]: Wait '': Waiting... (0.0s remaining) ⏳
[INF][SYS]: === WaitAction '' EXECUTING ===
[INF][SYS]: Wait '': Waiting... (0.0s remaining) ⏳
[INF][SYS]: === WaitAction '' EXECUTING ===
[INF][SYS]: Wait '': Waiting... (0.0s remaining) ⏳
[INF][SYS]: === WaitAction '' EXECUTING ===
[INF][SYS]: Wait '': Waiting... (0.0s remaining) ⏳
[INF][SYS]: === WaitAction '' EXECUTING ===
[INF][SYS]: Wait '': Waiting... (0.0s remaining) ⏳
]]></output>
            </test-case>
            <test-case id="1014" name="ResetTreeState_ClearsBlackBoardAndResets" fullname="ArcBT.Tests.BehaviourTreeRunnerTests.ResetTreeState_ClearsBlackBoardAndResets" methodname="ResetTreeState_ClearsBlackBoardAndResets" classname="ArcBT.Tests.BehaviourTreeRunnerTests" runstate="Runnable" seed="1744633619" result="Passed" start-time="2025-07-28 12:09:38Z" end-time="2025-07-28 12:09:38Z" duration="0.002327" asserts="0">
              <properties>
                <property name="Description" value="ResetTreeState実行時にBlackBoardがクリアされ、ツリー状態がリセットされることを確認" />
                <property name="retryIteration" value="0" />
                <property name="repeatIteration" value="0" />
              </properties>
              <output><![CDATA[[INF][BBD]: 🗂️ BlackBoard: Cleared all data
[INF][SYS]: Behaviour tree state reset
]]></output>
            </test-case>
            <test-case id="1016" name="SetDebugMode_UpdatesCorrectly" fullname="ArcBT.Tests.BehaviourTreeRunnerTests.SetDebugMode_UpdatesCorrectly" methodname="SetDebugMode_UpdatesCorrectly" classname="ArcBT.Tests.BehaviourTreeRunnerTests" runstate="Runnable" seed="1651132043" result="Passed" start-time="2025-07-28 12:09:38Z" end-time="2025-07-28 12:09:38Z" duration="0.001007" asserts="0">
              <properties>
                <property name="Description" value="SetDebugModeメソッドでデバッグモードの有効/無効が正しく設定されることを確認" />
                <property name="retryIteration" value="0" />
                <property name="repeatIteration" value="0" />
              </properties>
            </test-case>
            <test-case id="1008" name="SetRootNode_InitializesBlackBoard" fullname="ArcBT.Tests.BehaviourTreeRunnerTests.SetRootNode_InitializesBlackBoard" methodname="SetRootNode_InitializesBlackBoard" classname="ArcBT.Tests.BehaviourTreeRunnerTests" runstate="Runnable" seed="1862105724" result="Passed" start-time="2025-07-28 12:09:38Z" end-time="2025-07-28 12:09:38Z" duration="0.000769" asserts="0">
              <properties>
                <property name="Description" value="SetRootNode実行時にBlackBoardが初期化され、ノードがBlackBoardと関連付けられることを確認" />
                <property name="retryIteration" value="0" />
                <property name="repeatIteration" value="0" />
              </properties>
            </test-case>
            <test-case id="1019" name="SetRootNode_NullNode_HandlesGracefully" fullname="ArcBT.Tests.BehaviourTreeRunnerTests.SetRootNode_NullNode_HandlesGracefully" methodname="SetRootNode_NullNode_HandlesGracefully" classname="ArcBT.Tests.BehaviourTreeRunnerTests" runstate="Runnable" seed="395929512" result="Passed" start-time="2025-07-28 12:09:38Z" end-time="2025-07-28 12:09:38Z" duration="0.000829" asserts="0">
              <properties>
                <property name="Description" value="nullノードを指定した場合にSetRootNodeが適切にハンドリングすることを確認" />
                <property name="retryIteration" value="0" />
                <property name="repeatIteration" value="0" />
              </properties>
            </test-case>
            <test-case id="1007" name="SetRootNode_ValidNode_SetsCorrectly" fullname="ArcBT.Tests.BehaviourTreeRunnerTests.SetRootNode_ValidNode_SetsCorrectly" methodname="SetRootNode_ValidNode_SetsCorrectly" classname="ArcBT.Tests.BehaviourTreeRunnerTests" runstate="Runnable" seed="803522031" result="Passed" start-time="2025-07-28 12:09:38Z" end-time="2025-07-28 12:09:38Z" duration="0.000869" asserts="0">
              <properties>
                <property name="Description" value="有効なノードを指定した場合にSetRootNodeが正しくルートノードを設定することを確認" />
                <property name="retryIteration" value="0" />
                <property name="repeatIteration" value="0" />
              </properties>
            </test-case>
            <test-case id="1015" name="SetTickInterval_UpdatesCorrectly" fullname="ArcBT.Tests.BehaviourTreeRunnerTests.SetTickInterval_UpdatesCorrectly" methodname="SetTickInterval_UpdatesCorrectly" classname="ArcBT.Tests.BehaviourTreeRunnerTests" runstate="Runnable" seed="1928803167" result="Passed" start-time="2025-07-28 12:09:38Z" end-time="2025-07-28 12:09:38Z" duration="0.000761" asserts="0">
              <properties>
                <property name="Description" value="SetTickIntervalメソッドで実行間隔が正しく設定されることを確認" />
                <property name="retryIteration" value="0" />
                <property name="repeatIteration" value="0" />
              </properties>
            </test-case>
            <test-case id="1009" name="Update_WithValidTree_ExecutesCorrectly" fullname="ArcBT.Tests.BehaviourTreeRunnerTests.Update_WithValidTree_ExecutesCorrectly" methodname="Update_WithValidTree_ExecutesCorrectly" classname="ArcBT.Tests.BehaviourTreeRunnerTests" runstate="Runnable" seed="247748933" result="Passed" start-time="2025-07-28 12:09:38Z" end-time="2025-07-28 12:09:38Z" duration="0.230248" asserts="0">
              <properties>
                <property name="_JOINTYPE" value="UnityCombinatorial" />
                <property name="retryIteration" value="0" />
                <property name="repeatIteration" value="0" />
              </properties>
              <output><![CDATA[[INF][SYS]: === WaitAction '' EXECUTING ===
[INF][SYS]: Wait '': Starting wait for 0.1 seconds ⏱️
[INF][SYS]: Wait '': Waiting... (0.1s remaining) ⏳
[INF][SYS]: BT[] → Running (実行回数: 1, 時刻: 0.7s)
[INF][SYS]: === WaitAction '' EXECUTING ===
[INF][SYS]: Wait '': Wait completed ✅ (waited 0.1s)
[INF][SYS]: BT[] → Success [状態変化] (実行回数: 2, 時刻: 0.8s)
]]></output>
            </test-case>
          </test-suite>
          <test-suite type="TestFixture" id="1024" name="BlackBoardTests" fullname="ArcBT.Tests.BlackBoardTests" classname="ArcBT.Tests.BlackBoardTests" runstate="Runnable" testcasecount="34" result="Passed" start-time="2025-07-28 12:09:38Z" end-time="2025-07-28 12:09:38Z" duration="0.059154" total="34" passed="34" failed="0" inconclusive="0" skipped="0" asserts="0">
            <properties />
            <test-case id="1033" name="Clear_WithData_RemovesAllData" fullname="ArcBT.Tests.BlackBoardTests.Clear_WithData_RemovesAllData" methodname="Clear_WithData_RemovesAllData" classname="ArcBT.Tests.BlackBoardTests" runstate="Runnable" seed="1987040079" result="Passed" start-time="2025-07-28 12:09:38Z" end-time="2025-07-28 12:09:38Z" duration="0.000525" asserts="0">
              <properties>
                <property name="Description" value="データが存在する状態でClearを実行すると全データが削除されることを確認" />
                <property name="retryIteration" value="0" />
                <property name="repeatIteration" value="0" />
              </properties>
              <output><![CDATA[[INF][BBD]: 🗂️ BlackBoard: Cleared all data
]]></output>
            </test-case>
            <test-case id="1056" name="DebugLog_WithData_LogsAllContents" fullname="ArcBT.Tests.BlackBoardTests.DebugLog_WithData_LogsAllContents" methodname="DebugLog_WithData_LogsAllContents" classname="ArcBT.Tests.BlackBoardTests" runstate="Runnable" seed="936281447" result="Passed" start-time="2025-07-28 12:09:38Z" end-time="2025-07-28 12:09:38Z" duration="0.000519" asserts="0">
              <properties>
                <property name="Description" value="データがある状態でDebugLogを実行すると全ての内容がログ出力されることを確認" />
                <property name="retryIteration" value="0" />
                <property name="repeatIteration" value="0" />
              </properties>
              <output><![CDATA[[INF][BBD]: 🗂️ BlackBoard Contents:
[INF][BBD]:   - test_string: hello (String)
[INF][BBD]:   - test_int: 42 (Int32)
]]></output>
            </test-case>
            <test-case id="1042" name="GetAllKeys_EmptyBlackBoard_ReturnsEmptyArray" fullname="ArcBT.Tests.BlackBoardTests.GetAllKeys_EmptyBlackBoard_ReturnsEmptyArray" methodname="GetAllKeys_EmptyBlackBoard_ReturnsEmptyArray" classname="ArcBT.Tests.BlackBoardTests" runstate="Runnable" seed="1601079422" result="Passed" start-time="2025-07-28 12:09:38Z" end-time="2025-07-28 12:09:38Z" duration="0.000165" asserts="0">
              <properties>
                <property name="Description" value="空のBlackBoardでGetAllKeysが空の配列を返すことを確認" />
                <property name="retryIteration" value="0" />
                <property name="repeatIteration" value="0" />
              </properties>
            </test-case>
            <test-case id="1041" name="GetAllKeys_WithMultipleKeys_ReturnsAllKeys" fullname="ArcBT.Tests.BlackBoardTests.GetAllKeys_WithMultipleKeys_ReturnsAllKeys" methodname="GetAllKeys_WithMultipleKeys_ReturnsAllKeys" classname="ArcBT.Tests.BlackBoardTests" runstate="Runnable" seed="1724885411" result="Passed" start-time="2025-07-28 12:09:38Z" end-time="2025-07-28 12:09:38Z" duration="0.000845" asserts="0">
              <properties>
                <property name="Description" value="複数のキーが存在する状態でGetAllKeysが全てのキーを返すことを確認" />
                <property name="retryIteration" value="0" />
                <property name="repeatIteration" value="0" />
              </properties>
            </test-case>
            <test-case id="1047" name="GetRecentChangeSummary_CalledTwice_ClearsAfterFirst" fullname="ArcBT.Tests.BlackBoardTests.GetRecentChangeSummary_CalledTwice_ClearsAfterFirst" methodname="GetRecentChangeSummary_CalledTwice_ClearsAfterFirst" classname="ArcBT.Tests.BlackBoardTests" runstate="Runnable" seed="462875300" result="Passed" start-time="2025-07-28 12:09:38Z" end-time="2025-07-28 12:09:38Z" duration="0.000170" asserts="0">
              <properties>
                <property name="Description" value="GetRecentChangeSummaryを2回呼び出すと1回目の後に変更履歴がクリアされることを確認" />
                <property name="retryIteration" value="0" />
                <property name="repeatIteration" value="0" />
              </properties>
            </test-case>
            <test-case id="1046" name="GetRecentChangeSummary_NoChanges_ReturnsNoChangeMessage" fullname="ArcBT.Tests.BlackBoardTests.GetRecentChangeSummary_NoChanges_ReturnsNoChangeMessage" methodname="GetRecentChangeSummary_NoChanges_ReturnsNoChangeMessage" classname="ArcBT.Tests.BlackBoardTests" runstate="Runnable" seed="56404706" result="Passed" start-time="2025-07-28 12:09:38Z" end-time="2025-07-28 12:09:38Z" duration="0.000121" asserts="0">
              <properties>
                <property name="Description" value="変更がない場合GetRecentChangeSummaryが変更なしメッセージを返すことを確認" />
                <property name="retryIteration" value="0" />
                <property name="repeatIteration" value="0" />
              </properties>
            </test-case>
            <test-case id="1045" name="GetRecentChangeSummary_WithChanges_ReturnsFormattedSummary" fullname="ArcBT.Tests.BlackBoardTests.GetRecentChangeSummary_WithChanges_ReturnsFormattedSummary" methodname="GetRecentChangeSummary_WithChanges_ReturnsFormattedSummary" classname="ArcBT.Tests.BlackBoardTests" runstate="Runnable" seed="1009050667" result="Passed" start-time="2025-07-28 12:09:38Z" end-time="2025-07-28 12:09:38Z" duration="0.000160" asserts="0">
              <properties>
                <property name="Description" value="変更がある場合GetRecentChangeSummaryがフォーマットされたサマリーを返すことを確認" />
                <property name="retryIteration" value="0" />
                <property name="repeatIteration" value="0" />
              </properties>
            </test-case>
            <test-case id="1027" name="GetValue_NonExistentKey_ReturnsDefaultValue" fullname="ArcBT.Tests.BlackBoardTests.GetValue_NonExistentKey_ReturnsDefaultValue" methodname="GetValue_NonExistentKey_ReturnsDefaultValue" classname="ArcBT.Tests.BlackBoardTests" runstate="Runnable" seed="17902152" result="Passed" start-time="2025-07-28 12:09:38Z" end-time="2025-07-28 12:09:38Z" duration="0.000979" asserts="0">
              <properties>
                <property name="Description" value="存在しないキーの値を取得するとデフォルト値が返されることを確認" />
                <property name="retryIteration" value="0" />
                <property name="repeatIteration" value="0" />
              </properties>
            </test-case>
            <test-case id="1028" name="GetValue_TypeMismatch_ReturnsDefaultAndLogsWarning" fullname="ArcBT.Tests.BlackBoardTests.GetValue_TypeMismatch_ReturnsDefaultAndLogsWarning" methodname="GetValue_TypeMismatch_ReturnsDefaultAndLogsWarning" classname="ArcBT.Tests.BlackBoardTests" runstate="Runnable" seed="1804127559" result="Passed" start-time="2025-07-28 12:09:38Z" end-time="2025-07-28 12:09:38Z" duration="0.000810" asserts="0">
              <properties>
                <property name="Description" value="型が一致しない値を取得するとデフォルト値を返し警告をログ出力することを確認" />
                <property name="retryIteration" value="0" />
                <property name="repeatIteration" value="0" />
              </properties>
              <output><![CDATA[[WRN][BBD]: 🗂️ BlackBoard: Type mismatch for key 'test_key'. Expected Int32, got String
]]></output>
            </test-case>
            <test-case id="1051" name="GetValueAsString_Float_ReturnsFormattedFloat" fullname="ArcBT.Tests.BlackBoardTests.GetValueAsString_Float_ReturnsFormattedFloat" methodname="GetValueAsString_Float_ReturnsFormattedFloat" classname="ArcBT.Tests.BlackBoardTests" runstate="Runnable" seed="48859688" result="Passed" start-time="2025-07-28 12:09:38Z" end-time="2025-07-28 12:09:38Z" duration="0.000245" asserts="0">
              <properties>
                <property name="Description" value="float値をGetValueAsStringで取得するとフォーマットされた数値が返されることを確認" />
                <property name="retryIteration" value="0" />
                <property name="repeatIteration" value="0" />
              </properties>
              <output><![CDATA[[INF][BBD]: 🗂️ BlackBoard[新規]: health = 85.6789
]]></output>
            </test-case>
            <test-case id="1049" name="GetValueAsString_GameObject_ReturnsName" fullname="ArcBT.Tests.BlackBoardTests.GetValueAsString_GameObject_ReturnsName" methodname="GetValueAsString_GameObject_ReturnsName" classname="ArcBT.Tests.BlackBoardTests" runstate="Runnable" seed="1090320068" result="Passed" start-time="2025-07-28 12:09:38Z" end-time="2025-07-28 12:09:38Z" duration="0.000440" asserts="0">
              <properties>
                <property name="Description" value="GameObjectをGetValueAsStringで取得するとオブジェクト名が返されることを確認" />
                <property name="retryIteration" value="0" />
                <property name="repeatIteration" value="0" />
              </properties>
            </test-case>
            <test-case id="1053" name="GetValueAsString_NonExistentKey_ReturnsNotSet" fullname="ArcBT.Tests.BlackBoardTests.GetValueAsString_NonExistentKey_ReturnsNotSet" methodname="GetValueAsString_NonExistentKey_ReturnsNotSet" classname="ArcBT.Tests.BlackBoardTests" runstate="Runnable" seed="1408134474" result="Passed" start-time="2025-07-28 12:09:38Z" end-time="2025-07-28 12:09:38Z" duration="0.000130" asserts="0">
              <properties>
                <property name="Description" value="存在しないキーをGetValueAsStringで取得すると未設定メッセージが返されることを確認" />
                <property name="retryIteration" value="0" />
                <property name="repeatIteration" value="0" />
              </properties>
            </test-case>
            <test-case id="1052" name="GetValueAsString_NullValue_ReturnsNull" fullname="ArcBT.Tests.BlackBoardTests.GetValueAsString_NullValue_ReturnsNull" methodname="GetValueAsString_NullValue_ReturnsNull" classname="ArcBT.Tests.BlackBoardTests" runstate="Runnable" seed="1153055856" result="Passed" start-time="2025-07-28 12:09:38Z" end-time="2025-07-28 12:09:38Z" duration="0.000151" asserts="0">
              <properties>
                <property name="Description" value="null値をGetValueAsStringで取得するとnull文字列が返されることを確認" />
                <property name="retryIteration" value="0" />
                <property name="repeatIteration" value="0" />
              </properties>
            </test-case>
            <test-case id="1048" name="GetValueAsString_StringValue_ReturnsString" fullname="ArcBT.Tests.BlackBoardTests.GetValueAsString_StringValue_ReturnsString" methodname="GetValueAsString_StringValue_ReturnsString" classname="ArcBT.Tests.BlackBoardTests" runstate="Runnable" seed="1186864610" result="Passed" start-time="2025-07-28 12:09:38Z" end-time="2025-07-28 12:09:38Z" duration="0.000139" asserts="0">
              <properties>
                <property name="Description" value="文字列値をGetValueAsStringで取得すると文字列として返されることを確認" />
                <property name="retryIteration" value="0" />
                <property name="repeatIteration" value="0" />
              </properties>
            </test-case>
            <test-case id="1050" name="GetValueAsString_Vector3_ReturnsFormattedCoordinates" fullname="ArcBT.Tests.BlackBoardTests.GetValueAsString_Vector3_ReturnsFormattedCoordinates" methodname="GetValueAsString_Vector3_ReturnsFormattedCoordinates" classname="ArcBT.Tests.BlackBoardTests" runstate="Runnable" seed="443762752" result="Passed" start-time="2025-07-28 12:09:38Z" end-time="2025-07-28 12:09:38Z" duration="0.000258" asserts="0">
              <properties>
                <property name="Description" value="Vector3をGetValueAsStringで取得するとフォーマットされた座標が返されることを確認" />
                <property name="retryIteration" value="0" />
                <property name="repeatIteration" value="0" />
              </properties>
              <output><![CDATA[[INF][BBD]: 🗂️ BlackBoard[新規]: position = (1.23, 2.57, 3.89)
]]></output>
            </test-case>
            <test-case id="1035" name="GetValueType_ExistingKey_ReturnsCorrectType" fullname="ArcBT.Tests.BlackBoardTests.GetValueType_ExistingKey_ReturnsCorrectType" methodname="GetValueType_ExistingKey_ReturnsCorrectType" classname="ArcBT.Tests.BlackBoardTests" runstate="Runnable" seed="860955661" result="Passed" start-time="2025-07-28 12:09:38Z" end-time="2025-07-28 12:09:38Z" duration="0.000171" asserts="0">
              <properties>
                <property name="Description" value="存在するキーの型情報を取得すると正しい型が返されることを確認" />
                <property name="retryIteration" value="0" />
                <property name="repeatIteration" value="0" />
              </properties>
            </test-case>
            <test-case id="1036" name="GetValueType_NonExistentKey_ReturnsNull" fullname="ArcBT.Tests.BlackBoardTests.GetValueType_NonExistentKey_ReturnsNull" methodname="GetValueType_NonExistentKey_ReturnsNull" classname="ArcBT.Tests.BlackBoardTests" runstate="Runnable" seed="849223054" result="Passed" start-time="2025-07-28 12:09:38Z" end-time="2025-07-28 12:09:38Z" duration="0.000121" asserts="0">
              <properties>
                <property name="Description" value="存在しないキーの型情報を取得するとnullが返されることを確認" />
                <property name="retryIteration" value="0" />
                <property name="repeatIteration" value="0" />
              </properties>
            </test-case>
            <test-case id="1029" name="HasKey_ExistingKey_ReturnsTrue" fullname="ArcBT.Tests.BlackBoardTests.HasKey_ExistingKey_ReturnsTrue" methodname="HasKey_ExistingKey_ReturnsTrue" classname="ArcBT.Tests.BlackBoardTests" runstate="Runnable" seed="926483854" result="Passed" start-time="2025-07-28 12:09:38Z" end-time="2025-07-28 12:09:38Z" duration="0.000134" asserts="0">
              <properties>
                <property name="Description" value="存在するキーに対してHasKeyがtrueを返すことを確認" />
                <property name="retryIteration" value="0" />
                <property name="repeatIteration" value="0" />
              </properties>
            </test-case>
            <test-case id="1030" name="HasKey_NonExistentKey_ReturnsFalse" fullname="ArcBT.Tests.BlackBoardTests.HasKey_NonExistentKey_ReturnsFalse" methodname="HasKey_NonExistentKey_ReturnsFalse" classname="ArcBT.Tests.BlackBoardTests" runstate="Runnable" seed="1593440444" result="Passed" start-time="2025-07-28 12:09:38Z" end-time="2025-07-28 12:09:38Z" duration="0.000118" asserts="0">
              <properties>
                <property name="Description" value="存在しないキーに対してHasKeyがfalseを返すことを確認" />
                <property name="retryIteration" value="0" />
                <property name="repeatIteration" value="0" />
              </properties>
            </test-case>
            <test-case id="1044" name="HasRecentChanges_NoChanges_ReturnsFalse" fullname="ArcBT.Tests.BlackBoardTests.HasRecentChanges_NoChanges_ReturnsFalse" methodname="HasRecentChanges_NoChanges_ReturnsFalse" classname="ArcBT.Tests.BlackBoardTests" runstate="Runnable" seed="872598004" result="Passed" start-time="2025-07-28 12:09:38Z" end-time="2025-07-28 12:09:38Z" duration="0.000118" asserts="0">
              <properties>
                <property name="Description" value="変更がない場合HasRecentChangesがfalseを返すことを確認" />
                <property name="retryIteration" value="0" />
                <property name="repeatIteration" value="0" />
              </properties>
            </test-case>
            <test-case id="1043" name="HasRecentChanges_WithRecentChange_ReturnsTrue" fullname="ArcBT.Tests.BlackBoardTests.HasRecentChanges_WithRecentChange_ReturnsTrue" methodname="HasRecentChanges_WithRecentChange_ReturnsTrue" classname="ArcBT.Tests.BlackBoardTests" runstate="Runnable" seed="386566214" result="Passed" start-time="2025-07-28 12:09:38Z" end-time="2025-07-28 12:09:38Z" duration="0.000265" asserts="0">
              <properties>
                <property name="Description" value="最近の変更がある場合HasRecentChangesがtrueを返すことを確認" />
                <property name="retryIteration" value="0" />
                <property name="repeatIteration" value="0" />
              </properties>
              <output><![CDATA[[INF][BBD]: 🗂️ BlackBoard[新規]: enemy_position = (1.00, 0.00, 1.00)
]]></output>
            </test-case>
            <test-case id="1057" name="IntegrationTest_ComplexScenario_WorksCorrectly" fullname="ArcBT.Tests.BlackBoardTests.IntegrationTest_ComplexScenario_WorksCorrectly" methodname="IntegrationTest_ComplexScenario_WorksCorrectly" classname="ArcBT.Tests.BlackBoardTests" runstate="Runnable" seed="498416486" result="Passed" start-time="2025-07-28 12:09:38Z" end-time="2025-07-28 12:09:38Z" duration="0.001744" asserts="0">
              <properties>
                <property name="Description" value="複雑なAIシナリオでBlackBoardの全機能が正しく動作することを確認する統合テスト" />
                <property name="retryIteration" value="0" />
                <property name="repeatIteration" value="0" />
              </properties>
              <output><![CDATA[[INF][BBD]: 🗂️ BlackBoard[新規]: current_state = combat
[INF][BBD]: 🗂️ BlackBoard[新規]: enemy_target = Enemy (UnityEngine.GameObject)
[INF][BBD]: 🗂️ BlackBoard[新規]: enemy_position = (5.00, 0.00, 3.00)
[INF][BBD]: 🗂️ BlackBoard[新規]: player_health = 75.5
]]></output>
            </test-case>
            <test-case id="1058" name="PerformanceTest_ManyOperations_CompletesQuickly" fullname="ArcBT.Tests.BlackBoardTests.PerformanceTest_ManyOperations_CompletesQuickly" methodname="PerformanceTest_ManyOperations_CompletesQuickly" classname="ArcBT.Tests.BlackBoardTests" runstate="Runnable" seed="335632831" result="Passed" start-time="2025-07-28 12:09:38Z" end-time="2025-07-28 12:09:38Z" duration="0.004300" asserts="0">
              <properties>
                <property name="Description" value="大量の操作を実行しても十分な性能で完了することを確認する性能テスト" />
                <property name="retryIteration" value="0" />
                <property name="repeatIteration" value="0" />
              </properties>
            </test-case>
            <test-case id="1031" name="RemoveValue_ExistingKey_RemovesAndLogsSuccess" fullname="ArcBT.Tests.BlackBoardTests.RemoveValue_ExistingKey_RemovesAndLogsSuccess" methodname="RemoveValue_ExistingKey_RemovesAndLogsSuccess" classname="ArcBT.Tests.BlackBoardTests" runstate="Runnable" seed="1211880955" result="Passed" start-time="2025-07-28 12:09:38Z" end-time="2025-07-28 12:09:38Z" duration="0.000753" asserts="0">
              <properties>
                <property name="Description" value="存在するキーの値を削除すると正しく削除され成功ログが出力されることを確認" />
                <property name="retryIteration" value="0" />
                <property name="repeatIteration" value="0" />
              </properties>
              <output><![CDATA[[INF][BBD]: 🗂️ BlackBoard: Removed 'test_key'
]]></output>
            </test-case>
            <test-case id="1032" name="RemoveValue_NonExistentKey_DoesNotLog" fullname="ArcBT.Tests.BlackBoardTests.RemoveValue_NonExistentKey_DoesNotLog" methodname="RemoveValue_NonExistentKey_DoesNotLog" classname="ArcBT.Tests.BlackBoardTests" runstate="Runnable" seed="1396089099" result="Passed" start-time="2025-07-28 12:09:38Z" end-time="2025-07-28 12:09:38Z" duration="0.000138" asserts="0">
              <properties>
                <property name="Description" value="存在しないキーの値を削除してもログが出力されないことを確認" />
                <property name="retryIteration" value="0" />
                <property name="repeatIteration" value="0" />
              </properties>
            </test-case>
            <test-case id="1034" name="SetValue_DifferentTypes_StoresCorrectTypes" fullname="ArcBT.Tests.BlackBoardTests.SetValue_DifferentTypes_StoresCorrectTypes" methodname="SetValue_DifferentTypes_StoresCorrectTypes" classname="ArcBT.Tests.BlackBoardTests" runstate="Runnable" seed="874622678" result="Passed" start-time="2025-07-28 12:09:38Z" end-time="2025-07-28 12:09:38Z" duration="0.000370" asserts="0">
              <properties>
                <property name="Description" value="異なる型の値を設定すると各型が正しく保存・取得できることを確認" />
                <property name="retryIteration" value="0" />
                <property name="repeatIteration" value="0" />
              </properties>
            </test-case>
            <test-case id="1026" name="SetValue_ExistingKey_UpdatesValue" fullname="ArcBT.Tests.BlackBoardTests.SetValue_ExistingKey_UpdatesValue" methodname="SetValue_ExistingKey_UpdatesValue" classname="ArcBT.Tests.BlackBoardTests" runstate="Runnable" seed="652774981" result="Passed" start-time="2025-07-28 12:09:38Z" end-time="2025-07-28 12:09:38Z" duration="0.000166" asserts="0">
              <properties>
                <property name="Description" value="既存のキーに新しい値を設定すると値が更新されることを確認" />
                <property name="retryIteration" value="0" />
                <property name="repeatIteration" value="0" />
              </properties>
            </test-case>
            <test-case id="1054" name="SetValue_ImportantKey_LogsChange" fullname="ArcBT.Tests.BlackBoardTests.SetValue_ImportantKey_LogsChange" methodname="SetValue_ImportantKey_LogsChange" classname="ArcBT.Tests.BlackBoardTests" runstate="Runnable" seed="1551000372" result="Passed" start-time="2025-07-28 12:09:38Z" end-time="2025-07-28 12:09:38Z" duration="0.000251" asserts="0">
              <properties>
                <property name="Description" value="重要なキーの値を設定すると変更がログ出力されることを確認" />
                <property name="retryIteration" value="0" />
                <property name="repeatIteration" value="0" />
              </properties>
              <output><![CDATA[[INF][BBD]: 🗂️ BlackBoard[新規]: enemy_position = (1.00, 0.00, 1.00)
]]></output>
            </test-case>
            <test-case id="1025" name="SetValue_NewKey_StoresValue" fullname="ArcBT.Tests.BlackBoardTests.SetValue_NewKey_StoresValue" methodname="SetValue_NewKey_StoresValue" classname="ArcBT.Tests.BlackBoardTests" runstate="Runnable" seed="1954293433" result="Passed" start-time="2025-07-28 12:09:38Z" end-time="2025-07-28 12:09:38Z" duration="0.000150" asserts="0">
              <properties>
                <property name="Description" value="新しいキーで値を設定すると正しく保存され取得できることを確認" />
                <property name="retryIteration" value="0" />
                <property name="repeatIteration" value="0" />
              </properties>
            </test-case>
            <test-case id="1040" name="SetValue_NullToNull_NoChange" fullname="ArcBT.Tests.BlackBoardTests.SetValue_NullToNull_NoChange" methodname="SetValue_NullToNull_NoChange" classname="ArcBT.Tests.BlackBoardTests" runstate="Runnable" seed="1954080038" result="Passed" start-time="2025-07-28 12:09:38Z" end-time="2025-07-28 12:09:38Z" duration="0.000168" asserts="0">
              <properties>
                <property name="Description" value="nullからnullへの変更は変更追跡されないことを確認" />
                <property name="retryIteration" value="0" />
                <property name="repeatIteration" value="0" />
              </properties>
            </test-case>
            <test-case id="1038" name="SetValue_NullToValue_TriggersChange" fullname="ArcBT.Tests.BlackBoardTests.SetValue_NullToValue_TriggersChange" methodname="SetValue_NullToValue_TriggersChange" classname="ArcBT.Tests.BlackBoardTests" runstate="Runnable" seed="192408614" result="Passed" start-time="2025-07-28 12:09:38Z" end-time="2025-07-28 12:09:38Z" duration="0.000166" asserts="0">
              <properties>
                <property name="Description" value="nullから値への変更が正しく変更追跡されることを確認" />
                <property name="retryIteration" value="0" />
                <property name="repeatIteration" value="0" />
              </properties>
            </test-case>
            <test-case id="1037" name="SetValue_NullValue_StoresAndRetrievesCorrectly" fullname="ArcBT.Tests.BlackBoardTests.SetValue_NullValue_StoresAndRetrievesCorrectly" methodname="SetValue_NullValue_StoresAndRetrievesCorrectly" classname="ArcBT.Tests.BlackBoardTests" runstate="Runnable" seed="783496665" result="Passed" start-time="2025-07-28 12:09:38Z" end-time="2025-07-28 12:09:38Z" duration="0.000756" asserts="0">
              <properties>
                <property name="Description" value="null値を設定すると正しく保存され取得できることを確認" />
                <property name="retryIteration" value="0" />
                <property name="repeatIteration" value="0" />
              </properties>
              <output><![CDATA[[WRN][BBD]: 🗂️ BlackBoard: Type mismatch for key 'null_key'. Expected String, got null
]]></output>
            </test-case>
            <test-case id="1055" name="SetValue_UnimportantKey_DoesNotLog" fullname="ArcBT.Tests.BlackBoardTests.SetValue_UnimportantKey_DoesNotLog" methodname="SetValue_UnimportantKey_DoesNotLog" classname="ArcBT.Tests.BlackBoardTests" runstate="Runnable" seed="554938043" result="Passed" start-time="2025-07-28 12:09:38Z" end-time="2025-07-28 12:09:38Z" duration="0.000169" asserts="0">
              <properties>
                <property name="Description" value="重要でないキーの値を設定してもログが出力されないことを確認" />
                <property name="retryIteration" value="0" />
                <property name="repeatIteration" value="0" />
              </properties>
            </test-case>
            <test-case id="1039" name="SetValue_ValueToNull_TriggersChange" fullname="ArcBT.Tests.BlackBoardTests.SetValue_ValueToNull_TriggersChange" methodname="SetValue_ValueToNull_TriggersChange" classname="ArcBT.Tests.BlackBoardTests" runstate="Runnable" seed="593881667" result="Passed" start-time="2025-07-28 12:09:38Z" end-time="2025-07-28 12:09:38Z" duration="0.000672" asserts="0">
              <properties>
                <property name="Description" value="値からnullへの変更が正しく変更追跡されることを確認" />
                <property name="retryIteration" value="0" />
                <property name="repeatIteration" value="0" />
              </properties>
              <output><![CDATA[[WRN][BBD]: 🗂️ BlackBoard: Type mismatch for key 'test_key'. Expected String, got null
]]></output>
            </test-case>
          </test-suite>
          <test-suite type="TestFixture" id="1059" name="BTFileValidationTests" fullname="ArcBT.Tests.BTFileValidationTests" classname="ArcBT.Tests.BTFileValidationTests" runstate="Runnable" testcasecount="6" result="Passed" start-time="2025-07-28 12:09:38Z" end-time="2025-07-28 12:09:38Z" duration="0.043531" total="6" passed="6" failed="0" inconclusive="0" skipped="0" asserts="0">
            <properties />
            <test-case id="1063" name="ValidateAllScriptReferences" fullname="ArcBT.Tests.BTFileValidationTests.ValidateAllScriptReferences" methodname="ValidateAllScriptReferences" classname="ArcBT.Tests.BTFileValidationTests" runstate="Runnable" seed="1641264480" result="Passed" start-time="2025-07-28 12:09:38Z" end-time="2025-07-28 12:09:38Z" duration="0.016477" asserts="0">
              <properties>
                <property name="Description" value="全BTファイルで使用されているスクリプト名の検証" />
                <property name="retryIteration" value="0" />
                <property name="repeatIteration" value="0" />
              </properties>
              <output><![CDATA[[INF][SYS]: 🔍 Analyzing script references in: advanced_ai_sample.bt
[INF][SYS]: 🔍 Analyzing script references in: advanced_guard_new_format.bt
[INF][SYS]: 🔍 Analyzing script references in: blackboard_sample.bt
[INF][SYS]: 🔍 Analyzing script references in: complex_example.bt
[INF][SYS]: 🔍 Analyzing script references in: decorator_sample.bt
[INF][SYS]: 🔍 Analyzing script references in: dynamic_condition_sample.bt
[INF][SYS]: 🔍 Analyzing script references in: example_ai.bt
[INF][SYS]: 🔍 Analyzing script references in: improved_format_example.bt
[INF][SYS]: 🔍 Analyzing script references in: resource_management_sample.bt
[INF][SYS]: 🔍 Analyzing script references in: simple_example.bt
[INF][SYS]: 🔍 Analyzing script references in: team_coordination_sample.bt
[INF][SYS]: 🔍 Analyzing script references in: turn_based_sample.bt
[INF][SYS]: 📊 Script Reference Analysis:
[INF][SYS]: 📝 Used scripts: CompareBlackBoard, HasTarget, Log, SetBlackBoard, MoveToPosition, Random, ScanEnvironment, Wait, RandomWander, IsInitialized, HealthCheck, HasItem, UseItem, FleeToSafety, EnemyCheck, Attack, AttackEnemy, HasSharedEnemyInfo, MoveToEnemy, AttackTarget, EnemyInRange, HasMana, EnemyHealthCheck, CastSpell, NormalAttack, ScanForInterest, MoveToTarget, Interact, EnvironmentScan, SimpleHasTarget, EnemyDetection, SimpleAttack, SimpleHealthCheck, MoveToNamedPosition, WaitSimple, InitializeResources, CheckManaResource, RestoreSmallMana, SearchForEnemy
[INF][SYS]: ✅ All script references are valid
]]></output>
            </test-case>
            <test-case id="1060" name="ValidateBlackBoardSample" fullname="ArcBT.Tests.BTFileValidationTests.ValidateBlackBoardSample" methodname="ValidateBlackBoardSample" classname="ArcBT.Tests.BTFileValidationTests" runstate="Runnable" seed="785211195" result="Passed" start-time="2025-07-28 12:09:38Z" end-time="2025-07-28 12:09:38Z" duration="0.001017" asserts="0">
              <properties>
                <property name="Description" value="blackboard_sample.btの詳細検証" />
                <property name="retryIteration" value="0" />
                <property name="repeatIteration" value="0" />
              </properties>
              <output><![CDATA[[INF][SYS]: ✅ blackboard_sample.bt validation passed
]]></output>
            </test-case>
            <test-case id="1064" name="ValidateBTFileSyntax" fullname="ArcBT.Tests.BTFileValidationTests.ValidateBTFileSyntax" methodname="ValidateBTFileSyntax" classname="ArcBT.Tests.BTFileValidationTests" runstate="Runnable" seed="1893768874" result="Passed" start-time="2025-07-28 12:09:38Z" end-time="2025-07-28 12:09:38Z" duration="0.010079" asserts="0">
              <properties>
                <property name="Description" value="全BTファイルの基本構文（tree宣言、括弧バランス）をチェックしパースエラーがないことを確認" />
                <property name="retryIteration" value="0" />
                <property name="repeatIteration" value="0" />
              </properties>
              <output><![CDATA[[INF][SYS]: ✅ All BT files have valid syntax
]]></output>
            </test-case>
            <test-case id="1062" name="ValidateDynamicConditionSample" fullname="ArcBT.Tests.BTFileValidationTests.ValidateDynamicConditionSample" methodname="ValidateDynamicConditionSample" classname="ArcBT.Tests.BTFileValidationTests" runstate="Runnable" seed="151874578" result="Passed" start-time="2025-07-28 12:09:38Z" end-time="2025-07-28 12:09:38Z" duration="0.001325" asserts="0">
              <properties>
                <property name="Description" value="dynamic_condition_sample.btの詳細検証" />
                <property name="retryIteration" value="0" />
                <property name="repeatIteration" value="0" />
              </properties>
              <output><![CDATA[[INF][SYS]: Actual children count: 3
[INF][SYS]: Child 0: healthy_combat
[INF][SYS]: Child 1: safe_healing
[INF][SYS]: Child 2: Action:MoveToPosition
[INF][SYS]: ✅ dynamic_condition_sample.bt validation passed
]]></output>
            </test-case>
            <test-case id="1065" name="ValidateRequiredFilesExist" fullname="ArcBT.Tests.BTFileValidationTests.ValidateRequiredFilesExist" methodname="ValidateRequiredFilesExist" classname="ArcBT.Tests.BTFileValidationTests" runstate="Runnable" seed="1204008137" result="Passed" start-time="2025-07-28 12:09:38Z" end-time="2025-07-28 12:09:38Z" duration="0.000437" asserts="0">
              <properties>
                <property name="Description" value="必須のBTサンプルファイル（blackboard_sample.bt等）が正しく存在することを確認" />
                <property name="retryIteration" value="0" />
                <property name="repeatIteration" value="0" />
              </properties>
              <output><![CDATA[[INF][SYS]: ✅ All required BT files exist
]]></output>
            </test-case>
            <test-case id="1061" name="ValidateTeamCoordinationSample" fullname="ArcBT.Tests.BTFileValidationTests.ValidateTeamCoordinationSample" methodname="ValidateTeamCoordinationSample" classname="ArcBT.Tests.BTFileValidationTests" runstate="Runnable" seed="2121446601" result="Passed" start-time="2025-07-28 12:09:38Z" end-time="2025-07-28 12:09:38Z" duration="0.000807" asserts="0">
              <properties>
                <property name="Description" value="team_coordination_sample.btの詳細検証" />
                <property name="retryIteration" value="0" />
                <property name="repeatIteration" value="0" />
              </properties>
              <output><![CDATA[[INF][SYS]: ✅ team_coordination_sample.bt validation passed
]]></output>
            </test-case>
          </test-suite>
          <test-suite type="TestFixture" id="1066" name="BTLoggerPerformanceTests" fullname="ArcBT.Tests.BTLoggerPerformanceTests" classname="ArcBT.Tests.BTLoggerPerformanceTests" runstate="Runnable" testcasecount="7" result="Passed" start-time="2025-07-28 12:09:38Z" end-time="2025-07-28 12:09:40Z" duration="1.536658" total="7" passed="7" failed="0" inconclusive="0" skipped="0" asserts="0">
            <properties />
            <test-case id="1070" name="TestConcurrentAccess" fullname="ArcBT.Tests.BTLoggerPerformanceTests.TestConcurrentAccess" methodname="TestConcurrentAccess" classname="ArcBT.Tests.BTLoggerPerformanceTests" runstate="Runnable" seed="164889714" result="Passed" start-time="2025-07-28 12:09:38Z" end-time="2025-07-28 12:09:39Z" duration="0.601776" asserts="0">
              <properties>
                <property name="_JOINTYPE" value="UnityCombinatorial" />
                <property name="Description" value="複数処理からの同時ログ出力をシミュレートし、並行アクセス耐性をベンチマークテスト（3秒以内で完了）" />
                <property name="retryIteration" value="0" />
                <property name="repeatIteration" value="0" />
              </properties>
              <output><![CDATA[[INF][SYS]: Task 0 - Message 0
[INF][SYS]: Task 0 - Message 1
[INF][SYS]: Task 0 - Message 2
[INF][SYS]: Task 0 - Message 3
[INF][SYS]: Task 0 - Message 4
[INF][SYS]: Task 0 - Message 5
[INF][SYS]: Task 0 - Message 6
[INF][SYS]: Task 0 - Message 7
[INF][SYS]: Task 0 - Message 8
[INF][SYS]: Task 0 - Message 9
[INF][SYS]: Task 0 - Message 10
[INF][SYS]: Task 0 - Message 11
[INF][SYS]: Task 0 - Message 12
[INF][SYS]: Task 0 - Message 13
[INF][SYS]: Task 0 - Message 14
[INF][SYS]: Task 0 - Message 15
[INF][SYS]: Task 0 - Message 16
[INF][SYS]: Task 0 - Message 17
[INF][SYS]: Task 0 - Message 18
[INF][SYS]: Task 0 - Message 19
[INF][SYS]: Task 0 - Message 20
[INF][SYS]: Task 0 - Message 21
[INF][SYS]: Task 0 - Message 22
[INF][SYS]: Task 0 - Message 23
[INF][SYS]: Task 0 - Message 24
[INF][SYS]: Task 0 - Message 25
[INF][SYS]: Task 0 - Message 26
[INF][SYS]: Task 0 - Message 27
[INF][SYS]: Task 0 - Message 28
[INF][SYS]: Task 0 - Message 29
[INF][SYS]: Task 0 - Message 30
[INF][SYS]: Task 0 - Message 31
[INF][SYS]: Task 0 - Message 32
[INF][SYS]: Task 0 - Message 33
[INF][SYS]: Task 0 - Message 34
[INF][SYS]: Task 0 - Message 35
[INF][SYS]: Task 0 - Message 36
[INF][SYS]: Task 0 - Message 37
[INF][SYS]: Task 0 - Message 38
[INF][SYS]: Task 0 - Message 39
[INF][SYS]: Task 0 - Message 40
[INF][SYS]: Task 0 - Message 41
[INF][SYS]: Task 0 - Message 42
[INF][SYS]: Task 0 - Message 43
[INF][SYS]: Task 0 - Message 44
[INF][SYS]: Task 0 - Message 45
[INF][SYS]: Task 0 - Message 46
[INF][SYS]: Task 0 - Message 47
[INF][SYS]: Task 0 - Message 48
[INF][SYS]: Task 0 - Message 49
[INF][SYS]: Task 0 - Message 50
[INF][SYS]: Task 0 - Message 51
[INF][SYS]: Task 0 - Message 52
[INF][SYS]: Task 0 - Message 53
[INF][SYS]: Task 0 - Message 54
[INF][SYS]: Task 0 - Message 55
[INF][SYS]: Task 0 - Message 56
[INF][SYS]: Task 0 - Message 57
[INF][SYS]: Task 0 - Message 58
[INF][SYS]: Task 0 - Message 59
[INF][SYS]: Task 0 - Message 60
[INF][SYS]: Task 0 - Message 61
[INF][SYS]: Task 0 - Message 62
[INF][SYS]: Task 0 - Message 63
[INF][SYS]: Task 0 - Message 64
[INF][SYS]: Task 0 - Message 65
[INF][SYS]: Task 0 - Message 66
[INF][SYS]: Task 0 - Message 67
[INF][SYS]: Task 0 - Message 68
[INF][SYS]: Task 0 - Message 69
[INF][SYS]: Task 0 - Message 70
[INF][SYS]: Task 0 - Message 71
[INF][SYS]: Task 0 - Message 72
[INF][SYS]: Task 0 - Message 73
[INF][SYS]: Task 0 - Message 74
[INF][SYS]: Task 0 - Message 75
[INF][SYS]: Task 0 - Message 76
[INF][SYS]: Task 0 - Message 77
[INF][SYS]: Task 0 - Message 78
[INF][SYS]: Task 0 - Message 79
[INF][SYS]: Task 0 - Message 80
[INF][SYS]: Task 0 - Message 81
[INF][SYS]: Task 0 - Message 82
[INF][SYS]: Task 0 - Message 83
[INF][SYS]: Task 0 - Message 84
[INF][SYS]: Task 0 - Message 85
[INF][SYS]: Task 0 - Message 86
[INF][SYS]: Task 0 - Message 87
[INF][SYS]: Task 0 - Message 88
[INF][SYS]: Task 0 - Message 89
[INF][SYS]: Task 0 - Message 90
[INF][SYS]: Task 0 - Message 91
[INF][SYS]: Task 0 - Message 92
[INF][SYS]: Task 0 - Message 93
[INF][SYS]: Task 0 - Message 94
[INF][SYS]: Task 0 - Message 95
[INF][SYS]: Task 0 - Message 96
[INF][SYS]: Task 0 - Message 97
[INF][SYS]: Task 0 - Message 98
[INF][SYS]: Task 0 - Message 99
[INF][SYS]: Task 1 - Message 0
[INF][SYS]: Task 1 - Message 1
[INF][SYS]: Task 1 - Message 2
[INF][SYS]: Task 1 - Message 3
[INF][SYS]: Task 1 - Message 4
[INF][SYS]: Task 1 - Message 5
[INF][SYS]: Task 1 - Message 6
[INF][SYS]: Task 1 - Message 7
[INF][SYS]: Task 1 - Message 8
[INF][SYS]: Task 1 - Message 9
[INF][SYS]: Task 1 - Message 10
[INF][SYS]: Task 1 - Message 11
[INF][SYS]: Task 1 - Message 12
[INF][SYS]: Task 1 - Message 13
[INF][SYS]: Task 1 - Message 14
[INF][SYS]: Task 1 - Message 15
[INF][SYS]: Task 1 - Message 16
[INF][SYS]: Task 1 - Message 17
[INF][SYS]: Task 1 - Message 18
[INF][SYS]: Task 1 - Message 19
[INF][SYS]: Task 1 - Message 20
[INF][SYS]: Task 1 - Message 21
[INF][SYS]: Task 1 - Message 22
[INF][SYS]: Task 1 - Message 23
[INF][SYS]: Task 1 - Message 24
[INF][SYS]: Task 1 - Message 25
[INF][SYS]: Task 1 - Message 26
[INF][SYS]: Task 1 - Message 27
[INF][SYS]: Task 1 - Message 28
[INF][SYS]: Task 1 - Message 29
[INF][SYS]: Task 1 - Message 30
[INF][SYS]: Task 1 - Message 31
[INF][SYS]: Task 1 - Message 32
[INF][SYS]: Task 1 - Message 33
[INF][SYS]: Task 1 - Message 34
[INF][SYS]: Task 1 - Message 35
[INF][SYS]: Task 1 - Message 36
[INF][SYS]: Task 1 - Message 37
[INF][SYS]: Task 1 - Message 38
[INF][SYS]: Task 1 - Message 39
[INF][SYS]: Task 1 - Message 40
[INF][SYS]: Task 1 - Message 41
[INF][SYS]: Task 1 - Message 42
[INF][SYS]: Task 1 - Message 43
[INF][SYS]: Task 1 - Message 44
[INF][SYS]: Task 1 - Message 45
[INF][SYS]: Task 1 - Message 46
[INF][SYS]: Task 1 - Message 47
[INF][SYS]: Task 1 - Message 48
[INF][SYS]: Task 1 - Message 49
[INF][SYS]: Task 1 - Message 50
[INF][SYS]: Task 1 - Message 51
[INF][SYS]: Task 1 - Message 52
[INF][SYS]: Task 1 - Message 53
[INF][SYS]: Task 1 - Message 54
[INF][SYS]: Task 1 - Message 55
[INF][SYS]: Task 1 - Message 56
[INF][SYS]: Task 1 - Message 57
[INF][SYS]: Task 1 - Message 58
[INF][SYS]: Task 1 - Message 59
[INF][SYS]: Task 1 - Message 60
[INF][SYS]: Task 1 - Message 61
[INF][SYS]: Task 1 - Message 62
[INF][SYS]: Task 1 - Message 63
[INF][SYS]: Task 1 - Message 64
[INF][SYS]: Task 1 - Message 65
[INF][SYS]: Task 1 - Message 66
[INF][SYS]: Task 1 - Message 67
[INF][SYS]: Task 1 - Message 68
[INF][SYS]: Task 1 - Message 69
[INF][SYS]: Task 1 - Message 70
[INF][SYS]: Task 1 - Message 71
[INF][SYS]: Task 1 - Message 72
[INF][SYS]: Task 1 - Message 73
[INF][SYS]: Task 1 - Message 74
[INF][SYS]: Task 1 - Message 75
[INF][SYS]: Task 1 - Message 76
[INF][SYS]: Task 1 - Message 77
[INF][SYS]: Task 1 - Message 78
[INF][SYS]: Task 1 - Message 79
[INF][SYS]: Task 1 - Message 80
[INF][SYS]: Task 1 - Message 81
[INF][SYS]: Task 1 - Message 82
[INF][SYS]: Task 1 - Message 83
[INF][SYS]: Task 1 - Message 84
[INF][SYS]: Task 1 - Message 85
[INF][SYS]: Task 1 - Message 86
[INF][SYS]: Task 1 - Message 87
[INF][SYS]: Task 1 - Message 88
[INF][SYS]: Task 1 - Message 89
[INF][SYS]: Task 1 - Message 90
[INF][SYS]: Task 1 - Message 91
[INF][SYS]: Task 1 - Message 92
[INF][SYS]: Task 1 - Message 93
[INF][SYS]: Task 1 - Message 94
[INF][SYS]: Task 1 - Message 95
[INF][SYS]: Task 1 - Message 96
[INF][SYS]: Task 1 - Message 97
[INF][SYS]: Task 1 - Message 98
[INF][SYS]: Task 1 - Message 99
[INF][SYS]: Task 2 - Message 0
[INF][SYS]: Task 2 - Message 1
[INF][SYS]: Task 2 - Message 2
[INF][SYS]: Task 2 - Message 3
[INF][SYS]: Task 2 - Message 4
[INF][SYS]: Task 2 - Message 5
[INF][SYS]: Task 2 - Message 6
[INF][SYS]: Task 2 - Message 7
[INF][SYS]: Task 2 - Message 8
[INF][SYS]: Task 2 - Message 9
[INF][SYS]: Task 2 - Message 10
[INF][SYS]: Task 2 - Message 11
[INF][SYS]: Task 2 - Message 12
[INF][SYS]: Task 2 - Message 13
[INF][SYS]: Task 2 - Message 14
[INF][SYS]: Task 2 - Message 15
[INF][SYS]: Task 2 - Message 16
[INF][SYS]: Task 2 - Message 17
[INF][SYS]: Task 2 - Message 18
[INF][SYS]: Task 2 - Message 19
[INF][SYS]: Task 2 - Message 20
[INF][SYS]: Task 2 - Message 21
[INF][SYS]: Task 2 - Message 22
[INF][SYS]: Task 2 - Message 23
[INF][SYS]: Task 2 - Message 24
[INF][SYS]: Task 2 - Message 25
[INF][SYS]: Task 2 - Message 26
[INF][SYS]: Task 2 - Message 27
[INF][SYS]: Task 2 - Message 28
[INF][SYS]: Task 2 - Message 29
[INF][SYS]: Task 2 - Message 30
[INF][SYS]: Task 2 - Message 31
[INF][SYS]: Task 2 - Message 32
[INF][SYS]: Task 2 - Message 33
[INF][SYS]: Task 2 - Message 34
[INF][SYS]: Task 2 - Message 35
[INF][SYS]: Task 2 - Message 36
[INF][SYS]: Task 2 - Message 37
[INF][SYS]: Task 2 - Message 38
[INF][SYS]: Task 2 - Message 39
[INF][SYS]: Task 2 - Message 40
[INF][SYS]: Task 2 - Message 41
[INF][SYS]: Task 2 - Message 42
[INF][SYS]: Task 2 - Message 43
[INF][SYS]: Task 2 - Message 44
[INF][SYS]: Task 2 - Message 45
[INF][SYS]: Task 2 - Message 46
[INF][SYS]: Task 2 - Message 47
[INF][SYS]: Task 2 - Message 48
[INF][SYS]: Task 2 - Message 49
[INF][SYS]: Task 2 - Message 50
[INF][SYS]: Task 2 - Message 51
[INF][SYS]: Task 2 - Message 52
[INF][SYS]: Task 2 - Message 53
[INF][SYS]: Task 2 - Message 54
[INF][SYS]: Task 2 - Message 55
[INF][SYS]: Task 2 - Message 56
[INF][SYS]: Task 2 - Message 57
[INF][SYS]: Task 2 - Message 58
[INF][SYS]: Task 2 - Message 59
[INF][SYS]: Task 2 - Message 60
[INF][SYS]: Task 2 - Message 61
[INF][SYS]: Task 2 - Message 62
[INF][SYS]: Task 2 - Message 63
[INF][SYS]: Task 2 - Message 64
[INF][SYS]: Task 2 - Message 65
[INF][SYS]: Task 2 - Message 66
[INF][SYS]: Task 2 - Message 67
[INF][SYS]: Task 2 - Message 68
[INF][SYS]: Task 2 - Message 69
[INF][SYS]: Task 2 - Message 70
[INF][SYS]: Task 2 - Message 71
[INF][SYS]: Task 2 - Message 72
[INF][SYS]: Task 2 - Message 73
[INF][SYS]: Task 2 - Message 74
[INF][SYS]: Task 2 - Message 75
[INF][SYS]: Task 2 - Message 76
[INF][SYS]: Task 2 - Message 77
[INF][SYS]: Task 2 - Message 78
[INF][SYS]: Task 2 - Message 79
[INF][SYS]: Task 2 - Message 80
[INF][SYS]: Task 2 - Message 81
[INF][SYS]: Task 2 - Message 82
[INF][SYS]: Task 2 - Message 83
[INF][SYS]: Task 2 - Message 84
[INF][SYS]: Task 2 - Message 85
[INF][SYS]: Task 2 - Message 86
[INF][SYS]: Task 2 - Message 87
[INF][SYS]: Task 2 - Message 88
[INF][SYS]: Task 2 - Message 89
[INF][SYS]: Task 2 - Message 90
[INF][SYS]: Task 2 - Message 91
[INF][SYS]: Task 2 - Message 92
[INF][SYS]: Task 2 - Message 93
[INF][SYS]: Task 2 - Message 94
[INF][SYS]: Task 2 - Message 95
[INF][SYS]: Task 2 - Message 96
[INF][SYS]: Task 2 - Message 97
[INF][SYS]: Task 2 - Message 98
[INF][SYS]: Task 2 - Message 99
[INF][SYS]: Task 3 - Message 0
[INF][SYS]: Task 3 - Message 1
[INF][SYS]: Task 3 - Message 2
[INF][SYS]: Task 3 - Message 3
[INF][SYS]: Task 3 - Message 4
[INF][SYS]: Task 3 - Message 5
[INF][SYS]: Task 3 - Message 6
[INF][SYS]: Task 3 - Message 7
[INF][SYS]: Task 3 - Message 8
[INF][SYS]: Task 3 - Message 9
[INF][SYS]: Task 3 - Message 10
[INF][SYS]: Task 3 - Message 11
[INF][SYS]: Task 3 - Message 12
[INF][SYS]: Task 3 - Message 13
[INF][SYS]: Task 3 - Message 14
[INF][SYS]: Task 3 - Message 15
[INF][SYS]: Task 3 - Message 16
[INF][SYS]: Task 3 - Message 17
[INF][SYS]: Task 3 - Message 18
[INF][SYS]: Task 3 - Message 19
[INF][SYS]: Task 3 - Message 20
[INF][SYS]: Task 3 - Message 21
[INF][SYS]: Task 3 - Message 22
[INF][SYS]: Task 3 - Message 23
[INF][SYS]: Task 3 - Message 24
[INF][SYS]: Task 3 - Message 25
[INF][SYS]: Task 3 - Message 26
[INF][SYS]: Task 3 - Message 27
[INF][SYS]: Task 3 - Message 28
[INF][SYS]: Task 3 - Message 29
[INF][SYS]: Task 3 - Message 30
[INF][SYS]: Task 3 - Message 31
[INF][SYS]: Task 3 - Message 32
[INF][SYS]: Task 3 - Message 33
[INF][SYS]: Task 3 - Message 34
[INF][SYS]: Task 3 - Message 35
[INF][SYS]: Task 3 - Message 36
[INF][SYS]: Task 3 - Message 37
[INF][SYS]: Task 3 - Message 38
[INF][SYS]: Task 3 - Message 39
[INF][SYS]: Task 3 - Message 40
[INF][SYS]: Task 3 - Message 41
[INF][SYS]: Task 3 - Message 42
[INF][SYS]: Task 3 - Message 43
[INF][SYS]: Task 3 - Message 44
[INF][SYS]: Task 3 - Message 45
[INF][SYS]: Task 3 - Message 46
[INF][SYS]: Task 3 - Message 47
[INF][SYS]: Task 3 - Message 48
[INF][SYS]: Task 3 - Message 49
[INF][SYS]: Task 3 - Message 50
[INF][SYS]: Task 3 - Message 51
[INF][SYS]: Task 3 - Message 52
[INF][SYS]: Task 3 - Message 53
[INF][SYS]: Task 3 - Message 54
[INF][SYS]: Task 3 - Message 55
[INF][SYS]: Task 3 - Message 56
[INF][SYS]: Task 3 - Message 57
[INF][SYS]: Task 3 - Message 58
[INF][SYS]: Task 3 - Message 59
[INF][SYS]: Task 3 - Message 60
[INF][SYS]: Task 3 - Message 61
[INF][SYS]: Task 3 - Message 62
[INF][SYS]: Task 3 - Message 63
[INF][SYS]: Task 3 - Message 64
[INF][SYS]: Task 3 - Message 65
[INF][SYS]: Task 3 - Message 66
[INF][SYS]: Task 3 - Message 67
[INF][SYS]: Task 3 - Message 68
[INF][SYS]: Task 3 - Message 69
[INF][SYS]: Task 3 - Message 70
[INF][SYS]: Task 3 - Message 71
[INF][SYS]: Task 3 - Message 72
[INF][SYS]: Task 3 - Message 73
[INF][SYS]: Task 3 - Message 74
[INF][SYS]: Task 3 - Message 75
[INF][SYS]: Task 3 - Message 76
[INF][SYS]: Task 3 - Message 77
[INF][SYS]: Task 3 - Message 78
[INF][SYS]: Task 3 - Message 79
[INF][SYS]: Task 3 - Message 80
[INF][SYS]: Task 3 - Message 81
[INF][SYS]: Task 3 - Message 82
[INF][SYS]: Task 3 - Message 83
[INF][SYS]: Task 3 - Message 84
[INF][SYS]: Task 3 - Message 85
[INF][SYS]: Task 3 - Message 86
[INF][SYS]: Task 3 - Message 87
[INF][SYS]: Task 3 - Message 88
[INF][SYS]: Task 3 - Message 89
[INF][SYS]: Task 3 - Message 90
[INF][SYS]: Task 3 - Message 91
[INF][SYS]: Task 3 - Message 92
[INF][SYS]: Task 3 - Message 93
[INF][SYS]: Task 3 - Message 94
[INF][SYS]: Task 3 - Message 95
[INF][SYS]: Task 3 - Message 96
[INF][SYS]: Task 3 - Message 97
[INF][SYS]: Task 3 - Message 98
[INF][SYS]: Task 3 - Message 99
[INF][SYS]: Task 4 - Message 0
[INF][SYS]: Task 4 - Message 1
[INF][SYS]: Task 4 - Message 2
[INF][SYS]: Task 4 - Message 3
[INF][SYS]: Task 4 - Message 4
[INF][SYS]: Task 4 - Message 5
[INF][SYS]: Task 4 - Message 6
[INF][SYS]: Task 4 - Message 7
[INF][SYS]: Task 4 - Message 8
[INF][SYS]: Task 4 - Message 9
[INF][SYS]: Task 4 - Message 10
[INF][SYS]: Task 4 - Message 11
[INF][SYS]: Task 4 - Message 12
[INF][SYS]: Task 4 - Message 13
[INF][SYS]: Task 4 - Message 14
[INF][SYS]: Task 4 - Message 15
[INF][SYS]: Task 4 - Message 16
[INF][SYS]: Task 4 - Message 17
[INF][SYS]: Task 4 - Message 18
[INF][SYS]: Task 4 - Message 19
[INF][SYS]: Task 4 - Message 20
[INF][SYS]: Task 4 - Message 21
[INF][SYS]: Task 4 - Message 22
[INF][SYS]: Task 4 - Message 23
[INF][SYS]: Task 4 - Message 24
[INF][SYS]: Task 4 - Message 25
[INF][SYS]: Task 4 - Message 26
[INF][SYS]: Task 4 - Message 27
[INF][SYS]: Task 4 - Message 28
[INF][SYS]: Task 4 - Message 29
[INF][SYS]: Task 4 - Message 30
[INF][SYS]: Task 4 - Message 31
[INF][SYS]: Task 4 - Message 32
[INF][SYS]: Task 4 - Message 33
[INF][SYS]: Task 4 - Message 34
[INF][SYS]: Task 4 - Message 35
[INF][SYS]: Task 4 - Message 36
[INF][SYS]: Task 4 - Message 37
[INF][SYS]: Task 4 - Message 38
[INF][SYS]: Task 4 - Message 39
[INF][SYS]: Task 4 - Message 40
[INF][SYS]: Task 4 - Message 41
[INF][SYS]: Task 4 - Message 42
[INF][SYS]: Task 4 - Message 43
[INF][SYS]: Task 4 - Message 44
[INF][SYS]: Task 4 - Message 45
[INF][SYS]: Task 4 - Message 46
[INF][SYS]: Task 4 - Message 47
[INF][SYS]: Task 4 - Message 48
[INF][SYS]: Task 4 - Message 49
[INF][SYS]: Task 4 - Message 50
[INF][SYS]: Task 4 - Message 51
[INF][SYS]: Task 4 - Message 52
[INF][SYS]: Task 4 - Message 53
[INF][SYS]: Task 4 - Message 54
[INF][SYS]: Task 4 - Message 55
[INF][SYS]: Task 4 - Message 56
[INF][SYS]: Task 4 - Message 57
[INF][SYS]: Task 4 - Message 58
[INF][SYS]: Task 4 - Message 59
[INF][SYS]: Task 4 - Message 60
[INF][SYS]: Task 4 - Message 61
[INF][SYS]: Task 4 - Message 62
[INF][SYS]: Task 4 - Message 63
[INF][SYS]: Task 4 - Message 64
[INF][SYS]: Task 4 - Message 65
[INF][SYS]: Task 4 - Message 66
[INF][SYS]: Task 4 - Message 67
[INF][SYS]: Task 4 - Message 68
[INF][SYS]: Task 4 - Message 69
[INF][SYS]: Task 4 - Message 70
[INF][SYS]: Task 4 - Message 71
[INF][SYS]: Task 4 - Message 72
[INF][SYS]: Task 4 - Message 73
[INF][SYS]: Task 4 - Message 74
[INF][SYS]: Task 4 - Message 75
[INF][SYS]: Task 4 - Message 76
[INF][SYS]: Task 4 - Message 77
[INF][SYS]: Task 4 - Message 78
[INF][SYS]: Task 4 - Message 79
[INF][SYS]: Task 4 - Message 80
[INF][SYS]: Task 4 - Message 81
[INF][SYS]: Task 4 - Message 82
[INF][SYS]: Task 4 - Message 83
[INF][SYS]: Task 4 - Message 84
[INF][SYS]: Task 4 - Message 85
[INF][SYS]: Task 4 - Message 86
[INF][SYS]: Task 4 - Message 87
[INF][SYS]: Task 4 - Message 88
[INF][SYS]: Task 4 - Message 89
[INF][SYS]: Task 4 - Message 90
[INF][SYS]: Task 4 - Message 91
[INF][SYS]: Task 4 - Message 92
[INF][SYS]: Task 4 - Message 93
[INF][SYS]: Task 4 - Message 94
[INF][SYS]: Task 4 - Message 95
[INF][SYS]: Task 4 - Message 96
[INF][SYS]: Task 4 - Message 97
[INF][SYS]: Task 4 - Message 98
[INF][SYS]: Task 4 - Message 99
]]></output>
            </test-case>
            <test-case id="1068" name="TestFilteringPerformance" fullname="ArcBT.Tests.BTLoggerPerformanceTests.TestFilteringPerformance" methodname="TestFilteringPerformance" classname="ArcBT.Tests.BTLoggerPerformanceTests" runstate="Runnable" seed="1631285184" result="Passed" start-time="2025-07-28 12:09:39Z" end-time="2025-07-28 12:09:39Z" duration="0.001363" asserts="0">
              <properties>
                <property name="Description" value="カテゴリフィルタリング機能の性能をベンチマークテスト（フィルタされたログの高速処理を確認）" />
                <property name="retryIteration" value="0" />
                <property name="repeatIteration" value="0" />
              </properties>
            </test-case>
            <test-case id="1067" name="TestHighVolumeLoggingPerformance" fullname="ArcBT.Tests.BTLoggerPerformanceTests.TestHighVolumeLoggingPerformance" methodname="TestHighVolumeLoggingPerformance" classname="ArcBT.Tests.BTLoggerPerformanceTests" runstate="Runnable" seed="2057576533" result="Passed" start-time="2025-07-28 12:09:39Z" end-time="2025-07-28 12:09:39Z" duration="0.030339" asserts="0">
              <properties>
                <property name="Description" value="大量ログ出力（1000件）の性能をベンチマークテスト（1秒以内で処理、履歴上限制御の確認）" />
                <property name="retryIteration" value="0" />
                <property name="repeatIteration" value="0" />
              </properties>
              <output><![CDATA[[INF][SYS]: Performance test message 0
[INF][SYS]: Performance test message 1
[INF][SYS]: Performance test message 2
[INF][SYS]: Performance test message 3
[INF][SYS]: Performance test message 4
[INF][SYS]: Performance test message 5
[INF][SYS]: Performance test message 6
[INF][SYS]: Performance test message 7
[INF][SYS]: Performance test message 8
[INF][SYS]: Performance test message 9
[INF][SYS]: Performance test message 10
[INF][SYS]: Performance test message 11
[INF][SYS]: Performance test message 12
[INF][SYS]: Performance test message 13
[INF][SYS]: Performance test message 14
[INF][SYS]: Performance test message 15
[INF][SYS]: Performance test message 16
[INF][SYS]: Performance test message 17
[INF][SYS]: Performance test message 18
[INF][SYS]: Performance test message 19
[INF][SYS]: Performance test message 20
[INF][SYS]: Performance test message 21
[INF][SYS]: Performance test message 22
[INF][SYS]: Performance test message 23
[INF][SYS]: Performance test message 24
[INF][SYS]: Performance test message 25
[INF][SYS]: Performance test message 26
[INF][SYS]: Performance test message 27
[INF][SYS]: Performance test message 28
[INF][SYS]: Performance test message 29
[INF][SYS]: Performance test message 30
[INF][SYS]: Performance test message 31
[INF][SYS]: Performance test message 32
[INF][SYS]: Performance test message 33
[INF][SYS]: Performance test message 34
[INF][SYS]: Performance test message 35
[INF][SYS]: Performance test message 36
[INF][SYS]: Performance test message 37
[INF][SYS]: Performance test message 38
[INF][SYS]: Performance test message 39
[INF][SYS]: Performance test message 40
[INF][SYS]: Performance test message 41
[INF][SYS]: Performance test message 42
[INF][SYS]: Performance test message 43
[INF][SYS]: Performance test message 44
[INF][SYS]: Performance test message 45
[INF][SYS]: Performance test message 46
[INF][SYS]: Performance test message 47
[INF][SYS]: Performance test message 48
[INF][SYS]: Performance test message 49
[INF][SYS]: Performance test message 50
[INF][SYS]: Performance test message 51
[INF][SYS]: Performance test message 52
[INF][SYS]: Performance test message 53
[INF][SYS]: Performance test message 54
[INF][SYS]: Performance test message 55
[INF][SYS]: Performance test message 56
[INF][SYS]: Performance test message 57
[INF][SYS]: Performance test message 58
[INF][SYS]: Performance test message 59
[INF][SYS]: Performance test message 60
[INF][SYS]: Performance test message 61
[INF][SYS]: Performance test message 62
[INF][SYS]: Performance test message 63
[INF][SYS]: Performance test message 64
[INF][SYS]: Performance test message 65
[INF][SYS]: Performance test message 66
[INF][SYS]: Performance test message 67
[INF][SYS]: Performance test message 68
[INF][SYS]: Performance test message 69
[INF][SYS]: Performance test message 70
[INF][SYS]: Performance test message 71
[INF][SYS]: Performance test message 72
[INF][SYS]: Performance test message 73
[INF][SYS]: Performance test message 74
[INF][SYS]: Performance test message 75
[INF][SYS]: Performance test message 76
[INF][SYS]: Performance test message 77
[INF][SYS]: Performance test message 78
[INF][SYS]: Performance test message 79
[INF][SYS]: Performance test message 80
[INF][SYS]: Performance test message 81
[INF][SYS]: Performance test message 82
[INF][SYS]: Performance test message 83
[INF][SYS]: Performance test message 84
[INF][SYS]: Performance test message 85
[INF][SYS]: Performance test message 86
[INF][SYS]: Performance test message 87
[INF][SYS]: Performance test message 88
[INF][SYS]: Performance test message 89
[INF][SYS]: Performance test message 90
[INF][SYS]: Performance test message 91
[INF][SYS]: Performance test message 92
[INF][SYS]: Performance test message 93
[INF][SYS]: Performance test message 94
[INF][SYS]: Performance test message 95
[INF][SYS]: Performance test message 96
[INF][SYS]: Performance test message 97
[INF][SYS]: Performance test message 98
[INF][SYS]: Performance test message 99
[INF][SYS]: Performance test message 100
[INF][SYS]: Performance test message 101
[INF][SYS]: Performance test message 102
[INF][SYS]: Performance test message 103
[INF][SYS]: Performance test message 104
[INF][SYS]: Performance test message 105
[INF][SYS]: Performance test message 106
[INF][SYS]: Performance test message 107
[INF][SYS]: Performance test message 108
[INF][SYS]: Performance test message 109
[INF][SYS]: Performance test message 110
[INF][SYS]: Performance test message 111
[INF][SYS]: Performance test message 112
[INF][SYS]: Performance test message 113
[INF][SYS]: Performance test message 114
[INF][SYS]: Performance test message 115
[INF][SYS]: Performance test message 116
[INF][SYS]: Performance test message 117
[INF][SYS]: Performance test message 118
[INF][SYS]: Performance test message 119
[INF][SYS]: Performance test message 120
[INF][SYS]: Performance test message 121
[INF][SYS]: Performance test message 122
[INF][SYS]: Performance test message 123
[INF][SYS]: Performance test message 124
[INF][SYS]: Performance test message 125
[INF][SYS]: Performance test message 126
[INF][SYS]: Performance test message 127
[INF][SYS]: Performance test message 128
[INF][SYS]: Performance test message 129
[INF][SYS]: Performance test message 130
[INF][SYS]: Performance test message 131
[INF][SYS]: Performance test message 132
[INF][SYS]: Performance test message 133
[INF][SYS]: Performance test message 134
[INF][SYS]: Performance test message 135
[INF][SYS]: Performance test message 136
[INF][SYS]: Performance test message 137
[INF][SYS]: Performance test message 138
[INF][SYS]: Performance test message 139
[INF][SYS]: Performance test message 140
[INF][SYS]: Performance test message 141
[INF][SYS]: Performance test message 142
[INF][SYS]: Performance test message 143
[INF][SYS]: Performance test message 144
[INF][SYS]: Performance test message 145
[INF][SYS]: Performance test message 146
[INF][SYS]: Performance test message 147
[INF][SYS]: Performance test message 148
[INF][SYS]: Performance test message 149
[INF][SYS]: Performance test message 150
[INF][SYS]: Performance test message 151
[INF][SYS]: Performance test message 152
[INF][SYS]: Performance test message 153
[INF][SYS]: Performance test message 154
[INF][SYS]: Performance test message 155
[INF][SYS]: Performance test message 156
[INF][SYS]: Performance test message 157
[INF][SYS]: Performance test message 158
[INF][SYS]: Performance test message 159
[INF][SYS]: Performance test message 160
[INF][SYS]: Performance test message 161
[INF][SYS]: Performance test message 162
[INF][SYS]: Performance test message 163
[INF][SYS]: Performance test message 164
[INF][SYS]: Performance test message 165
[INF][SYS]: Performance test message 166
[INF][SYS]: Performance test message 167
[INF][SYS]: Performance test message 168
[INF][SYS]: Performance test message 169
[INF][SYS]: Performance test message 170
[INF][SYS]: Performance test message 171
[INF][SYS]: Performance test message 172
[INF][SYS]: Performance test message 173
[INF][SYS]: Performance test message 174
[INF][SYS]: Performance test message 175
[INF][SYS]: Performance test message 176
[INF][SYS]: Performance test message 177
[INF][SYS]: Performance test message 178
[INF][SYS]: Performance test message 179
[INF][SYS]: Performance test message 180
[INF][SYS]: Performance test message 181
[INF][SYS]: Performance test message 182
[INF][SYS]: Performance test message 183
[INF][SYS]: Performance test message 184
[INF][SYS]: Performance test message 185
[INF][SYS]: Performance test message 186
[INF][SYS]: Performance test message 187
[INF][SYS]: Performance test message 188
[INF][SYS]: Performance test message 189
[INF][SYS]: Performance test message 190
[INF][SYS]: Performance test message 191
[INF][SYS]: Performance test message 192
[INF][SYS]: Performance test message 193
[INF][SYS]: Performance test message 194
[INF][SYS]: Performance test message 195
[INF][SYS]: Performance test message 196
[INF][SYS]: Performance test message 197
[INF][SYS]: Performance test message 198
[INF][SYS]: Performance test message 199
[INF][SYS]: Performance test message 200
[INF][SYS]: Performance test message 201
[INF][SYS]: Performance test message 202
[INF][SYS]: Performance test message 203
[INF][SYS]: Performance test message 204
[INF][SYS]: Performance test message 205
[INF][SYS]: Performance test message 206
[INF][SYS]: Performance test message 207
[INF][SYS]: Performance test message 208
[INF][SYS]: Performance test message 209
[INF][SYS]: Performance test message 210
[INF][SYS]: Performance test message 211
[INF][SYS]: Performance test message 212
[INF][SYS]: Performance test message 213
[INF][SYS]: Performance test message 214
[INF][SYS]: Performance test message 215
[INF][SYS]: Performance test message 216
[INF][SYS]: Performance test message 217
[INF][SYS]: Performance test message 218
[INF][SYS]: Performance test message 219
[INF][SYS]: Performance test message 220
[INF][SYS]: Performance test message 221
[INF][SYS]: Performance test message 222
[INF][SYS]: Performance test message 223
[INF][SYS]: Performance test message 224
[INF][SYS]: Performance test message 225
[INF][SYS]: Performance test message 226
[INF][SYS]: Performance test message 227
[INF][SYS]: Performance test message 228
[INF][SYS]: Performance test message 229
[INF][SYS]: Performance test message 230
[INF][SYS]: Performance test message 231
[INF][SYS]: Performance test message 232
[INF][SYS]: Performance test message 233
[INF][SYS]: Performance test message 234
[INF][SYS]: Performance test message 235
[INF][SYS]: Performance test message 236
[INF][SYS]: Performance test message 237
[INF][SYS]: Performance test message 238
[INF][SYS]: Performance test message 239
[INF][SYS]: Performance test message 240
[INF][SYS]: Performance test message 241
[INF][SYS]: Performance test message 242
[INF][SYS]: Performance test message 243
[INF][SYS]: Performance test message 244
[INF][SYS]: Performance test message 245
[INF][SYS]: Performance test message 246
[INF][SYS]: Performance test message 247
[INF][SYS]: Performance test message 248
[INF][SYS]: Performance test message 249
[INF][SYS]: Performance test message 250
[INF][SYS]: Performance test message 251
[INF][SYS]: Performance test message 252
[INF][SYS]: Performance test message 253
[INF][SYS]: Performance test message 254
[INF][SYS]: Performance test message 255
[INF][SYS]: Performance test message 256
[INF][SYS]: Performance test message 257
[INF][SYS]: Performance test message 258
[INF][SYS]: Performance test message 259
[INF][SYS]: Performance test message 260
[INF][SYS]: Performance test message 261
[INF][SYS]: Performance test message 262
[INF][SYS]: Performance test message 263
[INF][SYS]: Performance test message 264
[INF][SYS]: Performance test message 265
[INF][SYS]: Performance test message 266
[INF][SYS]: Performance test message 267
[INF][SYS]: Performance test message 268
[INF][SYS]: Performance test message 269
[INF][SYS]: Performance test message 270
[INF][SYS]: Performance test message 271
[INF][SYS]: Performance test message 272
[INF][SYS]: Performance test message 273
[INF][SYS]: Performance test message 274
[INF][SYS]: Performance test message 275
[INF][SYS]: Performance test message 276
[INF][SYS]: Performance test message 277
[INF][SYS]: Performance test message 278
[INF][SYS]: Performance test message 279
[INF][SYS]: Performance test message 280
[INF][SYS]: Performance test message 281
[INF][SYS]: Performance test message 282
[INF][SYS]: Performance test message 283
[INF][SYS]: Performance test message 284
[INF][SYS]: Performance test message 285
[INF][SYS]: Performance test message 286
[INF][SYS]: Performance test message 287
[INF][SYS]: Performance test message 288
[INF][SYS]: Performance test message 289
[INF][SYS]: Performance test message 290
[INF][SYS]: Performance test message 291
[INF][SYS]: Performance test message 292
[INF][SYS]: Performance test message 293
[INF][SYS]: Performance test message 294
[INF][SYS]: Performance test message 295
[INF][SYS]: Performance test message 296
[INF][SYS]: Performance test message 297
[INF][SYS]: Performance test message 298
[INF][SYS]: Performance test message 299
[INF][SYS]: Performance test message 300
[INF][SYS]: Performance test message 301
[INF][SYS]: Performance test message 302
[INF][SYS]: Performance test message 303
[INF][SYS]: Performance test message 304
[INF][SYS]: Performance test message 305
[INF][SYS]: Performance test message 306
[INF][SYS]: Performance test message 307
[INF][SYS]: Performance test message 308
[INF][SYS]: Performance test message 309
[INF][SYS]: Performance test message 310
[INF][SYS]: Performance test message 311
[INF][SYS]: Performance test message 312
[INF][SYS]: Performance test message 313
[INF][SYS]: Performance test message 314
[INF][SYS]: Performance test message 315
[INF][SYS]: Performance test message 316
[INF][SYS]: Performance test message 317
[INF][SYS]: Performance test message 318
[INF][SYS]: Performance test message 319
[INF][SYS]: Performance test message 320
[INF][SYS]: Performance test message 321
[INF][SYS]: Performance test message 322
[INF][SYS]: Performance test message 323
[INF][SYS]: Performance test message 324
[INF][SYS]: Performance test message 325
[INF][SYS]: Performance test message 326
[INF][SYS]: Performance test message 327
[INF][SYS]: Performance test message 328
[INF][SYS]: Performance test message 329
[INF][SYS]: Performance test message 330
[INF][SYS]: Performance test message 331
[INF][SYS]: Performance test message 332
[INF][SYS]: Performance test message 333
[INF][SYS]: Performance test message 334
[INF][SYS]: Performance test message 335
[INF][SYS]: Performance test message 336
[INF][SYS]: Performance test message 337
[INF][SYS]: Performance test message 338
[INF][SYS]: Performance test message 339
[INF][SYS]: Performance test message 340
[INF][SYS]: Performance test message 341
[INF][SYS]: Performance test message 342
[INF][SYS]: Performance test message 343
[INF][SYS]: Performance test message 344
[INF][SYS]: Performance test message 345
[INF][SYS]: Performance test message 346
[INF][SYS]: Performance test message 347
[INF][SYS]: Performance test message 348
[INF][SYS]: Performance test message 349
[INF][SYS]: Performance test message 350
[INF][SYS]: Performance test message 351
[INF][SYS]: Performance test message 352
[INF][SYS]: Performance test message 353
[INF][SYS]: Performance test message 354
[INF][SYS]: Performance test message 355
[INF][SYS]: Performance test message 356
[INF][SYS]: Performance test message 357
[INF][SYS]: Performance test message 358
[INF][SYS]: Performance test message 359
[INF][SYS]: Performance test message 360
[INF][SYS]: Performance test message 361
[INF][SYS]: Performance test message 362
[INF][SYS]: Performance test message 363
[INF][SYS]: Performance test message 364
[INF][SYS]: Performance test message 365
[INF][SYS]: Performance test message 366
[INF][SYS]: Performance test message 367
[INF][SYS]: Performance test message 368
[INF][SYS]: Performance test message 369
[INF][SYS]: Performance test message 370
[INF][SYS]: Performance test message 371
[INF][SYS]: Performance test message 372
[INF][SYS]: Performance test message 373
[INF][SYS]: Performance test message 374
[INF][SYS]: Performance test message 375
[INF][SYS]: Performance test message 376
[INF][SYS]: Performance test message 377
[INF][SYS]: Performance test message 378
[INF][SYS]: Performance test message 379
[INF][SYS]: Performance test message 380
[INF][SYS]: Performance test message 381
[INF][SYS]: Performance test message 382
[INF][SYS]: Performance test message 383
[INF][SYS]: Performance test message 384
[INF][SYS]: Performance test message 385
[INF][SYS]: Performance test message 386
[INF][SYS]: Performance test message 387
[INF][SYS]: Performance test message 388
[INF][SYS]: Performance test message 389
[INF][SYS]: Performance test message 390
[INF][SYS]: Performance test message 391
[INF][SYS]: Performance test message 392
[INF][SYS]: Performance test message 393
[INF][SYS]: Performance test message 394
[INF][SYS]: Performance test message 395
[INF][SYS]: Performance test message 396
[INF][SYS]: Performance test message 397
[INF][SYS]: Performance test message 398
[INF][SYS]: Performance test message 399
[INF][SYS]: Performance test message 400
[INF][SYS]: Performance test message 401
[INF][SYS]: Performance test message 402
[INF][SYS]: Performance test message 403
[INF][SYS]: Performance test message 404
[INF][SYS]: Performance test message 405
[INF][SYS]: Performance test message 406
[INF][SYS]: Performance test message 407
[INF][SYS]: Performance test message 408
[INF][SYS]: Performance test message 409
[INF][SYS]: Performance test message 410
[INF][SYS]: Performance test message 411
[INF][SYS]: Performance test message 412
[INF][SYS]: Performance test message 413
[INF][SYS]: Performance test message 414
[INF][SYS]: Performance test message 415
[INF][SYS]: Performance test message 416
[INF][SYS]: Performance test message 417
[INF][SYS]: Performance test message 418
[INF][SYS]: Performance test message 419
[INF][SYS]: Performance test message 420
[INF][SYS]: Performance test message 421
[INF][SYS]: Performance test message 422
[INF][SYS]: Performance test message 423
[INF][SYS]: Performance test message 424
[INF][SYS]: Performance test message 425
[INF][SYS]: Performance test message 426
[INF][SYS]: Performance test message 427
[INF][SYS]: Performance test message 428
[INF][SYS]: Performance test message 429
[INF][SYS]: Performance test message 430
[INF][SYS]: Performance test message 431
[INF][SYS]: Performance test message 432
[INF][SYS]: Performance test message 433
[INF][SYS]: Performance test message 434
[INF][SYS]: Performance test message 435
[INF][SYS]: Performance test message 436
[INF][SYS]: Performance test message 437
[INF][SYS]: Performance test message 438
[INF][SYS]: Performance test message 439
[INF][SYS]: Performance test message 440
[INF][SYS]: Performance test message 441
[INF][SYS]: Performance test message 442
[INF][SYS]: Performance test message 443
[INF][SYS]: Performance test message 444
[INF][SYS]: Performance test message 445
[INF][SYS]: Performance test message 446
[INF][SYS]: Performance test message 447
[INF][SYS]: Performance test message 448
[INF][SYS]: Performance test message 449
[INF][SYS]: Performance test message 450
[INF][SYS]: Performance test message 451
[INF][SYS]: Performance test message 452
[INF][SYS]: Performance test message 453
[INF][SYS]: Performance test message 454
[INF][SYS]: Performance test message 455
[INF][SYS]: Performance test message 456
[INF][SYS]: Performance test message 457
[INF][SYS]: Performance test message 458
[INF][SYS]: Performance test message 459
[INF][SYS]: Performance test message 460
[INF][SYS]: Performance test message 461
[INF][SYS]: Performance test message 462
[INF][SYS]: Performance test message 463
[INF][SYS]: Performance test message 464
[INF][SYS]: Performance test message 465
[INF][SYS]: Performance test message 466
[INF][SYS]: Performance test message 467
[INF][SYS]: Performance test message 468
[INF][SYS]: Performance test message 469
[INF][SYS]: Performance test message 470
[INF][SYS]: Performance test message 471
[INF][SYS]: Performance test message 472
[INF][SYS]: Performance test message 473
[INF][SYS]: Performance test message 474
[INF][SYS]: Performance test message 475
[INF][SYS]: Performance test message 476
[INF][SYS]: Performance test message 477
[INF][SYS]: Performance test message 478
[INF][SYS]: Performance test message 479
[INF][SYS]: Performance test message 480
[INF][SYS]: Performance test message 481
[INF][SYS]: Performance test message 482
[INF][SYS]: Performance test message 483
[INF][SYS]: Performance test message 484
[INF][SYS]: Performance test message 485
[INF][SYS]: Performance test message 486
[INF][SYS]: Performance test message 487
[INF][SYS]: Performance test message 488
[INF][SYS]: Performance test message 489
[INF][SYS]: Performance test message 490
[INF][SYS]: Performance test message 491
[INF][SYS]: Performance test message 492
[INF][SYS]: Performance test message 493
[INF][SYS]: Performance test message 494
[INF][SYS]: Performance test message 495
[INF][SYS]: Performance test message 496
[INF][SYS]: Performance test message 497
[INF][SYS]: Performance test message 498
[INF][SYS]: Performance test message 499
[INF][SYS]: Performance test message 500
[INF][SYS]: Performance test message 501
[INF][SYS]: Performance test message 502
[INF][SYS]: Performance test message 503
[INF][SYS]: Performance test message 504
[INF][SYS]: Performance test message 505
[INF][SYS]: Performance test message 506
[INF][SYS]: Performance test message 507
[INF][SYS]: Performance test message 508
[INF][SYS]: Performance test message 509
[INF][SYS]: Performance test message 510
[INF][SYS]: Performance test message 511
[INF][SYS]: Performance test message 512
[INF][SYS]: Performance test message 513
[INF][SYS]: Performance test message 514
[INF][SYS]: Performance test message 515
[INF][SYS]: Performance test message 516
[INF][SYS]: Performance test message 517
[INF][SYS]: Performance test message 518
[INF][SYS]: Performance test message 519
[INF][SYS]: Performance test message 520
[INF][SYS]: Performance test message 521
[INF][SYS]: Performance test message 522
[INF][SYS]: Performance test message 523
[INF][SYS]: Performance test message 524
[INF][SYS]: Performance test message 525
[INF][SYS]: Performance test message 526
[INF][SYS]: Performance test message 527
[INF][SYS]: Performance test message 528
[INF][SYS]: Performance test message 529
[INF][SYS]: Performance test message 530
[INF][SYS]: Performance test message 531
[INF][SYS]: Performance test message 532
[INF][SYS]: Performance test message 533
[INF][SYS]: Performance test message 534
[INF][SYS]: Performance test message 535
[INF][SYS]: Performance test message 536
[INF][SYS]: Performance test message 537
[INF][SYS]: Performance test message 538
[INF][SYS]: Performance test message 539
[INF][SYS]: Performance test message 540
[INF][SYS]: Performance test message 541
[INF][SYS]: Performance test message 542
[INF][SYS]: Performance test message 543
[INF][SYS]: Performance test message 544
[INF][SYS]: Performance test message 545
[INF][SYS]: Performance test message 546
[INF][SYS]: Performance test message 547
[INF][SYS]: Performance test message 548
[INF][SYS]: Performance test message 549
[INF][SYS]: Performance test message 550
[INF][SYS]: Performance test message 551
[INF][SYS]: Performance test message 552
[INF][SYS]: Performance test message 553
[INF][SYS]: Performance test message 554
[INF][SYS]: Performance test message 555
[INF][SYS]: Performance test message 556
[INF][SYS]: Performance test message 557
[INF][SYS]: Performance test message 558
[INF][SYS]: Performance test message 559
[INF][SYS]: Performance test message 560
[INF][SYS]: Performance test message 561
[INF][SYS]: Performance test message 562
[INF][SYS]: Performance test message 563
[INF][SYS]: Performance test message 564
[INF][SYS]: Performance test message 565
[INF][SYS]: Performance test message 566
[INF][SYS]: Performance test message 567
[INF][SYS]: Performance test message 568
[INF][SYS]: Performance test message 569
[INF][SYS]: Performance test message 570
[INF][SYS]: Performance test message 571
[INF][SYS]: Performance test message 572
[INF][SYS]: Performance test message 573
[INF][SYS]: Performance test message 574
[INF][SYS]: Performance test message 575
[INF][SYS]: Performance test message 576
[INF][SYS]: Performance test message 577
[INF][SYS]: Performance test message 578
[INF][SYS]: Performance test message 579
[INF][SYS]: Performance test message 580
[INF][SYS]: Performance test message 581
[INF][SYS]: Performance test message 582
[INF][SYS]: Performance test message 583
[INF][SYS]: Performance test message 584
[INF][SYS]: Performance test message 585
[INF][SYS]: Performance test message 586
[INF][SYS]: Performance test message 587
[INF][SYS]: Performance test message 588
[INF][SYS]: Performance test message 589
[INF][SYS]: Performance test message 590
[INF][SYS]: Performance test message 591
[INF][SYS]: Performance test message 592
[INF][SYS]: Performance test message 593
[INF][SYS]: Performance test message 594
[INF][SYS]: Performance test message 595
[INF][SYS]: Performance test message 596
[INF][SYS]: Performance test message 597
[INF][SYS]: Performance test message 598
[INF][SYS]: Performance test message 599
[INF][SYS]: Performance test message 600
[INF][SYS]: Performance test message 601
[INF][SYS]: Performance test message 602
[INF][SYS]: Performance test message 603
[INF][SYS]: Performance test message 604
[INF][SYS]: Performance test message 605
[INF][SYS]: Performance test message 606
[INF][SYS]: Performance test message 607
[INF][SYS]: Performance test message 608
[INF][SYS]: Performance test message 609
[INF][SYS]: Performance test message 610
[INF][SYS]: Performance test message 611
[INF][SYS]: Performance test message 612
[INF][SYS]: Performance test message 613
[INF][SYS]: Performance test message 614
[INF][SYS]: Performance test message 615
[INF][SYS]: Performance test message 616
[INF][SYS]: Performance test message 617
[INF][SYS]: Performance test message 618
[INF][SYS]: Performance test message 619
[INF][SYS]: Performance test message 620
[INF][SYS]: Performance test message 621
[INF][SYS]: Performance test message 622
[INF][SYS]: Performance test message 623
[INF][SYS]: Performance test message 624
[INF][SYS]: Performance test message 625
[INF][SYS]: Performance test message 626
[INF][SYS]: Performance test message 627
[INF][SYS]: Performance test message 628
[INF][SYS]: Performance test message 629
[INF][SYS]: Performance test message 630
[INF][SYS]: Performance test message 631
[INF][SYS]: Performance test message 632
[INF][SYS]: Performance test message 633
[INF][SYS]: Performance test message 634
[INF][SYS]: Performance test message 635
[INF][SYS]: Performance test message 636
[INF][SYS]: Performance test message 637
[INF][SYS]: Performance test message 638
[INF][SYS]: Performance test message 639
[INF][SYS]: Performance test message 640
[INF][SYS]: Performance test message 641
[INF][SYS]: Performance test message 642
[INF][SYS]: Performance test message 643
[INF][SYS]: Performance test message 644
[INF][SYS]: Performance test message 645
[INF][SYS]: Performance test message 646
[INF][SYS]: Performance test message 647
[INF][SYS]: Performance test message 648
[INF][SYS]: Performance test message 649
[INF][SYS]: Performance test message 650
[INF][SYS]: Performance test message 651
[INF][SYS]: Performance test message 652
[INF][SYS]: Performance test message 653
[INF][SYS]: Performance test message 654
[INF][SYS]: Performance test message 655
[INF][SYS]: Performance test message 656
[INF][SYS]: Performance test message 657
[INF][SYS]: Performance test message 658
[INF][SYS]: Performance test message 659
[INF][SYS]: Performance test message 660
[INF][SYS]: Performance test message 661
[INF][SYS]: Performance test message 662
[INF][SYS]: Performance test message 663
[INF][SYS]: Performance test message 664
[INF][SYS]: Performance test message 665
[INF][SYS]: Performance test message 666
[INF][SYS]: Performance test message 667
[INF][SYS]: Performance test message 668
[INF][SYS]: Performance test message 669
[INF][SYS]: Performance test message 670
[INF][SYS]: Performance test message 671
[INF][SYS]: Performance test message 672
[INF][SYS]: Performance test message 673
[INF][SYS]: Performance test message 674
[INF][SYS]: Performance test message 675
[INF][SYS]: Performance test message 676
[INF][SYS]: Performance test message 677
[INF][SYS]: Performance test message 678
[INF][SYS]: Performance test message 679
[INF][SYS]: Performance test message 680
[INF][SYS]: Performance test message 681
[INF][SYS]: Performance test message 682
[INF][SYS]: Performance test message 683
[INF][SYS]: Performance test message 684
[INF][SYS]: Performance test message 685
[INF][SYS]: Performance test message 686
[INF][SYS]: Performance test message 687
[INF][SYS]: Performance test message 688
[INF][SYS]: Performance test message 689
[INF][SYS]: Performance test message 690
[INF][SYS]: Performance test message 691
[INF][SYS]: Performance test message 692
[INF][SYS]: Performance test message 693
[INF][SYS]: Performance test message 694
[INF][SYS]: Performance test message 695
[INF][SYS]: Performance test message 696
[INF][SYS]: Performance test message 697
[INF][SYS]: Performance test message 698
[INF][SYS]: Performance test message 699
[INF][SYS]: Performance test message 700
[INF][SYS]: Performance test message 701
[INF][SYS]: Performance test message 702
[INF][SYS]: Performance test message 703
[INF][SYS]: Performance test message 704
[INF][SYS]: Performance test message 705
[INF][SYS]: Performance test message 706
[INF][SYS]: Performance test message 707
[INF][SYS]: Performance test message 708
[INF][SYS]: Performance test message 709
[INF][SYS]: Performance test message 710
[INF][SYS]: Performance test message 711
[INF][SYS]: Performance test message 712
[INF][SYS]: Performance test message 713
[INF][SYS]: Performance test message 714
[INF][SYS]: Performance test message 715
[INF][SYS]: Performance test message 716
[INF][SYS]: Performance test message 717
[INF][SYS]: Performance test message 718
[INF][SYS]: Performance test message 719
[INF][SYS]: Performance test message 720
[INF][SYS]: Performance test message 721
[INF][SYS]: Performance test message 722
[INF][SYS]: Performance test message 723
[INF][SYS]: Performance test message 724
[INF][SYS]: Performance test message 725
[INF][SYS]: Performance test message 726
[INF][SYS]: Performance test message 727
[INF][SYS]: Performance test message 728
[INF][SYS]: Performance test message 729
[INF][SYS]: Performance test message 730
[INF][SYS]: Performance test message 731
[INF][SYS]: Performance test message 732
[INF][SYS]: Performance test message 733
[INF][SYS]: Performance test message 734
[INF][SYS]: Performance test message 735
[INF][SYS]: Performance test message 736
[INF][SYS]: Performance test message 737
[INF][SYS]: Performance test message 738
[INF][SYS]: Performance test message 739
[INF][SYS]: Performance test message 740
[INF][SYS]: Performance test message 741
[INF][SYS]: Performance test message 742
[INF][SYS]: Performance test message 743
[INF][SYS]: Performance test message 744
[INF][SYS]: Performance test message 745
[INF][SYS]: Performance test message 746
[INF][SYS]: Performance test message 747
[INF][SYS]: Performance test message 748
[INF][SYS]: Performance test message 749
[INF][SYS]: Performance test message 750
[INF][SYS]: Performance test message 751
[INF][SYS]: Performance test message 752
[INF][SYS]: Performance test message 753
[INF][SYS]: Performance test message 754
[INF][SYS]: Performance test message 755
[INF][SYS]: Performance test message 756
[INF][SYS]: Performance test message 757
[INF][SYS]: Performance test message 758
[INF][SYS]: Performance test message 759
[INF][SYS]: Performance test message 760
[INF][SYS]: Performance test message 761
[INF][SYS]: Performance test message 762
[INF][SYS]: Performance test message 763
[INF][SYS]: Performance test message 764
[INF][SYS]: Performance test message 765
[INF][SYS]: Performance test message 766
[INF][SYS]: Performance test message 767
[INF][SYS]: Performance test message 768
[INF][SYS]: Performance test message 769
[INF][SYS]: Performance test message 770
[INF][SYS]: Performance test message 771
[INF][SYS]: Performance test message 772
[INF][SYS]: Performance test message 773
[INF][SYS]: Performance test message 774
[INF][SYS]: Performance test message 775
[INF][SYS]: Performance test message 776
[INF][SYS]: Performance test message 777
[INF][SYS]: Performance test message 778
[INF][SYS]: Performance test message 779
[INF][SYS]: Performance test message 780
[INF][SYS]: Performance test message 781
[INF][SYS]: Performance test message 782
[INF][SYS]: Performance test message 783
[INF][SYS]: Performance test message 784
[INF][SYS]: Performance test message 785
[INF][SYS]: Performance test message 786
[INF][SYS]: Performance test message 787
[INF][SYS]: Performance test message 788
[INF][SYS]: Performance test message 789
[INF][SYS]: Performance test message 790
[INF][SYS]: Performance test message 791
[INF][SYS]: Performance test message 792
[INF][SYS]: Performance test message 793
[INF][SYS]: Performance test message 794
[INF][SYS]: Performance test message 795
[INF][SYS]: Performance test message 796
[INF][SYS]: Performance test message 797
[INF][SYS]: Performance test message 798
[INF][SYS]: Performance test message 799
[INF][SYS]: Performance test message 800
[INF][SYS]: Performance test message 801
[INF][SYS]: Performance test message 802
[INF][SYS]: Performance test message 803
[INF][SYS]: Performance test message 804
[INF][SYS]: Performance test message 805
[INF][SYS]: Performance test message 806
[INF][SYS]: Performance test message 807
[INF][SYS]: Performance test message 808
[INF][SYS]: Performance test message 809
[INF][SYS]: Performance test message 810
[INF][SYS]: Performance test message 811
[INF][SYS]: Performance test message 812
[INF][SYS]: Performance test message 813
[INF][SYS]: Performance test message 814
[INF][SYS]: Performance test message 815
[INF][SYS]: Performance test message 816
[INF][SYS]: Performance test message 817
[INF][SYS]: Performance test message 818
[INF][SYS]: Performance test message 819
[INF][SYS]: Performance test message 820
[INF][SYS]: Performance test message 821
[INF][SYS]: Performance test message 822
[INF][SYS]: Performance test message 823
[INF][SYS]: Performance test message 824
[INF][SYS]: Performance test message 825
[INF][SYS]: Performance test message 826
[INF][SYS]: Performance test message 827
[INF][SYS]: Performance test message 828
[INF][SYS]: Performance test message 829
[INF][SYS]: Performance test message 830
[INF][SYS]: Performance test message 831
[INF][SYS]: Performance test message 832
[INF][SYS]: Performance test message 833
[INF][SYS]: Performance test message 834
[INF][SYS]: Performance test message 835
[INF][SYS]: Performance test message 836
[INF][SYS]: Performance test message 837
[INF][SYS]: Performance test message 838
[INF][SYS]: Performance test message 839
[INF][SYS]: Performance test message 840
[INF][SYS]: Performance test message 841
[INF][SYS]: Performance test message 842
[INF][SYS]: Performance test message 843
[INF][SYS]: Performance test message 844
[INF][SYS]: Performance test message 845
[INF][SYS]: Performance test message 846
[INF][SYS]: Performance test message 847
[INF][SYS]: Performance test message 848
[INF][SYS]: Performance test message 849
[INF][SYS]: Performance test message 850
[INF][SYS]: Performance test message 851
[INF][SYS]: Performance test message 852
[INF][SYS]: Performance test message 853
[INF][SYS]: Performance test message 854
[INF][SYS]: Performance test message 855
[INF][SYS]: Performance test message 856
[INF][SYS]: Performance test message 857
[INF][SYS]: Performance test message 858
[INF][SYS]: Performance test message 859
[INF][SYS]: Performance test message 860
[INF][SYS]: Performance test message 861
[INF][SYS]: Performance test message 862
[INF][SYS]: Performance test message 863
[INF][SYS]: Performance test message 864
[INF][SYS]: Performance test message 865
[INF][SYS]: Performance test message 866
[INF][SYS]: Performance test message 867
[INF][SYS]: Performance test message 868
[INF][SYS]: Performance test message 869
[INF][SYS]: Performance test message 870
[INF][SYS]: Performance test message 871
[INF][SYS]: Performance test message 872
[INF][SYS]: Performance test message 873
[INF][SYS]: Performance test message 874
[INF][SYS]: Performance test message 875
[INF][SYS]: Performance test message 876
[INF][SYS]: Performance test message 877
[INF][SYS]: Performance test message 878
[INF][SYS]: Performance test message 879
[INF][SYS]: Performance test message 880
[INF][SYS]: Performance test message 881
[INF][SYS]: Performance test message 882
[INF][SYS]: Performance test message 883
[INF][SYS]: Performance test message 884
[INF][SYS]: Performance test message 885
[INF][SYS]: Performance test message 886
[INF][SYS]: Performance test message 887
[INF][SYS]: Performance test message 888
[INF][SYS]: Performance test message 889
[INF][SYS]: Performance test message 890
[INF][SYS]: Performance test message 891
[INF][SYS]: Performance test message 892
[INF][SYS]: Performance test message 893
[INF][SYS]: Performance test message 894
[INF][SYS]: Performance test message 895
[INF][SYS]: Performance test message 896
[INF][SYS]: Performance test message 897
[INF][SYS]: Performance test message 898
[INF][SYS]: Performance test message 899
[INF][SYS]: Performance test message 900
[INF][SYS]: Performance test message 901
[INF][SYS]: Performance test message 902
[INF][SYS]: Performance test message 903
[INF][SYS]: Performance test message 904
[INF][SYS]: Performance test message 905
[INF][SYS]: Performance test message 906
[INF][SYS]: Performance test message 907
[INF][SYS]: Performance test message 908
[INF][SYS]: Performance test message 909
[INF][SYS]: Performance test message 910
[INF][SYS]: Performance test message 911
[INF][SYS]: Performance test message 912
[INF][SYS]: Performance test message 913
[INF][SYS]: Performance test message 914
[INF][SYS]: Performance test message 915
[INF][SYS]: Performance test message 916
[INF][SYS]: Performance test message 917
[INF][SYS]: Performance test message 918
[INF][SYS]: Performance test message 919
[INF][SYS]: Performance test message 920
[INF][SYS]: Performance test message 921
[INF][SYS]: Performance test message 922
[INF][SYS]: Performance test message 923
[INF][SYS]: Performance test message 924
[INF][SYS]: Performance test message 925
[INF][SYS]: Performance test message 926
[INF][SYS]: Performance test message 927
[INF][SYS]: Performance test message 928
[INF][SYS]: Performance test message 929
[INF][SYS]: Performance test message 930
[INF][SYS]: Performance test message 931
[INF][SYS]: Performance test message 932
[INF][SYS]: Performance test message 933
[INF][SYS]: Performance test message 934
[INF][SYS]: Performance test message 935
[INF][SYS]: Performance test message 936
[INF][SYS]: Performance test message 937
[INF][SYS]: Performance test message 938
[INF][SYS]: Performance test message 939
[INF][SYS]: Performance test message 940
[INF][SYS]: Performance test message 941
[INF][SYS]: Performance test message 942
[INF][SYS]: Performance test message 943
[INF][SYS]: Performance test message 944
[INF][SYS]: Performance test message 945
[INF][SYS]: Performance test message 946
[INF][SYS]: Performance test message 947
[INF][SYS]: Performance test message 948
[INF][SYS]: Performance test message 949
[INF][SYS]: Performance test message 950
[INF][SYS]: Performance test message 951
[INF][SYS]: Performance test message 952
[INF][SYS]: Performance test message 953
[INF][SYS]: Performance test message 954
[INF][SYS]: Performance test message 955
[INF][SYS]: Performance test message 956
[INF][SYS]: Performance test message 957
[INF][SYS]: Performance test message 958
[INF][SYS]: Performance test message 959
[INF][SYS]: Performance test message 960
[INF][SYS]: Performance test message 961
[INF][SYS]: Performance test message 962
[INF][SYS]: Performance test message 963
[INF][SYS]: Performance test message 964
[INF][SYS]: Performance test message 965
[INF][SYS]: Performance test message 966
[INF][SYS]: Performance test message 967
[INF][SYS]: Performance test message 968
[INF][SYS]: Performance test message 969
[INF][SYS]: Performance test message 970
[INF][SYS]: Performance test message 971
[INF][SYS]: Performance test message 972
[INF][SYS]: Performance test message 973
[INF][SYS]: Performance test message 974
[INF][SYS]: Performance test message 975
[INF][SYS]: Performance test message 976
[INF][SYS]: Performance test message 977
[INF][SYS]: Performance test message 978
[INF][SYS]: Performance test message 979
[INF][SYS]: Performance test message 980
[INF][SYS]: Performance test message 981
[INF][SYS]: Performance test message 982
[INF][SYS]: Performance test message 983
[INF][SYS]: Performance test message 984
[INF][SYS]: Performance test message 985
[INF][SYS]: Performance test message 986
[INF][SYS]: Performance test message 987
[INF][SYS]: Performance test message 988
[INF][SYS]: Performance test message 989
[INF][SYS]: Performance test message 990
[INF][SYS]: Performance test message 991
[INF][SYS]: Performance test message 992
[INF][SYS]: Performance test message 993
[INF][SYS]: Performance test message 994
[INF][SYS]: Performance test message 995
[INF][SYS]: Performance test message 996
[INF][SYS]: Performance test message 997
[INF][SYS]: Performance test message 998
[INF][SYS]: Performance test message 999
]]></output>
            </test-case>
            <test-case id="1071" name="TestLogRetrievalPerformance" fullname="ArcBT.Tests.BTLoggerPerformanceTests.TestLogRetrievalPerformance" methodname="TestLogRetrievalPerformance" classname="ArcBT.Tests.BTLoggerPerformanceTests" runstate="Runnable" seed="1237980476" result="Passed" start-time="2025-07-28 12:09:39Z" end-time="2025-07-28 12:09:39Z" duration="0.012747" asserts="0">
              <properties>
                <property name="Description" value="ログ履歴取得処理の性能をベンチマークテスト（カテゴリ別取得、最新ログ取得の高速処理を確認）" />
                <property name="retryIteration" value="0" />
                <property name="repeatIteration" value="0" />
              </properties>
              <output><![CDATA[[INF][ATK]: Combat log 0
[INF][MOV]: Movement log 0
[INF][SYS]: System log 0
[INF][ATK]: Combat log 1
[INF][MOV]: Movement log 1
[INF][SYS]: System log 1
[INF][ATK]: Combat log 2
[INF][MOV]: Movement log 2
[INF][SYS]: System log 2
[INF][ATK]: Combat log 3
[INF][MOV]: Movement log 3
[INF][SYS]: System log 3
[INF][ATK]: Combat log 4
[INF][MOV]: Movement log 4
[INF][SYS]: System log 4
[INF][ATK]: Combat log 5
[INF][MOV]: Movement log 5
[INF][SYS]: System log 5
[INF][ATK]: Combat log 6
[INF][MOV]: Movement log 6
[INF][SYS]: System log 6
[INF][ATK]: Combat log 7
[INF][MOV]: Movement log 7
[INF][SYS]: System log 7
[INF][ATK]: Combat log 8
[INF][MOV]: Movement log 8
[INF][SYS]: System log 8
[INF][ATK]: Combat log 9
[INF][MOV]: Movement log 9
[INF][SYS]: System log 9
[INF][ATK]: Combat log 10
[INF][MOV]: Movement log 10
[INF][SYS]: System log 10
[INF][ATK]: Combat log 11
[INF][MOV]: Movement log 11
[INF][SYS]: System log 11
[INF][ATK]: Combat log 12
[INF][MOV]: Movement log 12
[INF][SYS]: System log 12
[INF][ATK]: Combat log 13
[INF][MOV]: Movement log 13
[INF][SYS]: System log 13
[INF][ATK]: Combat log 14
[INF][MOV]: Movement log 14
[INF][SYS]: System log 14
[INF][ATK]: Combat log 15
[INF][MOV]: Movement log 15
[INF][SYS]: System log 15
[INF][ATK]: Combat log 16
[INF][MOV]: Movement log 16
[INF][SYS]: System log 16
[INF][ATK]: Combat log 17
[INF][MOV]: Movement log 17
[INF][SYS]: System log 17
[INF][ATK]: Combat log 18
[INF][MOV]: Movement log 18
[INF][SYS]: System log 18
[INF][ATK]: Combat log 19
[INF][MOV]: Movement log 19
[INF][SYS]: System log 19
[INF][ATK]: Combat log 20
[INF][MOV]: Movement log 20
[INF][SYS]: System log 20
[INF][ATK]: Combat log 21
[INF][MOV]: Movement log 21
[INF][SYS]: System log 21
[INF][ATK]: Combat log 22
[INF][MOV]: Movement log 22
[INF][SYS]: System log 22
[INF][ATK]: Combat log 23
[INF][MOV]: Movement log 23
[INF][SYS]: System log 23
[INF][ATK]: Combat log 24
[INF][MOV]: Movement log 24
[INF][SYS]: System log 24
[INF][ATK]: Combat log 25
[INF][MOV]: Movement log 25
[INF][SYS]: System log 25
[INF][ATK]: Combat log 26
[INF][MOV]: Movement log 26
[INF][SYS]: System log 26
[INF][ATK]: Combat log 27
[INF][MOV]: Movement log 27
[INF][SYS]: System log 27
[INF][ATK]: Combat log 28
[INF][MOV]: Movement log 28
[INF][SYS]: System log 28
[INF][ATK]: Combat log 29
[INF][MOV]: Movement log 29
[INF][SYS]: System log 29
[INF][ATK]: Combat log 30
[INF][MOV]: Movement log 30
[INF][SYS]: System log 30
[INF][ATK]: Combat log 31
[INF][MOV]: Movement log 31
[INF][SYS]: System log 31
[INF][ATK]: Combat log 32
[INF][MOV]: Movement log 32
[INF][SYS]: System log 32
[INF][ATK]: Combat log 33
[INF][MOV]: Movement log 33
[INF][SYS]: System log 33
[INF][ATK]: Combat log 34
[INF][MOV]: Movement log 34
[INF][SYS]: System log 34
[INF][ATK]: Combat log 35
[INF][MOV]: Movement log 35
[INF][SYS]: System log 35
[INF][ATK]: Combat log 36
[INF][MOV]: Movement log 36
[INF][SYS]: System log 36
[INF][ATK]: Combat log 37
[INF][MOV]: Movement log 37
[INF][SYS]: System log 37
[INF][ATK]: Combat log 38
[INF][MOV]: Movement log 38
[INF][SYS]: System log 38
[INF][ATK]: Combat log 39
[INF][MOV]: Movement log 39
[INF][SYS]: System log 39
[INF][ATK]: Combat log 40
[INF][MOV]: Movement log 40
[INF][SYS]: System log 40
[INF][ATK]: Combat log 41
[INF][MOV]: Movement log 41
[INF][SYS]: System log 41
[INF][ATK]: Combat log 42
[INF][MOV]: Movement log 42
[INF][SYS]: System log 42
[INF][ATK]: Combat log 43
[INF][MOV]: Movement log 43
[INF][SYS]: System log 43
[INF][ATK]: Combat log 44
[INF][MOV]: Movement log 44
[INF][SYS]: System log 44
[INF][ATK]: Combat log 45
[INF][MOV]: Movement log 45
[INF][SYS]: System log 45
[INF][ATK]: Combat log 46
[INF][MOV]: Movement log 46
[INF][SYS]: System log 46
[INF][ATK]: Combat log 47
[INF][MOV]: Movement log 47
[INF][SYS]: System log 47
[INF][ATK]: Combat log 48
[INF][MOV]: Movement log 48
[INF][SYS]: System log 48
[INF][ATK]: Combat log 49
[INF][MOV]: Movement log 49
[INF][SYS]: System log 49
[INF][ATK]: Combat log 50
[INF][MOV]: Movement log 50
[INF][SYS]: System log 50
[INF][ATK]: Combat log 51
[INF][MOV]: Movement log 51
[INF][SYS]: System log 51
[INF][ATK]: Combat log 52
[INF][MOV]: Movement log 52
[INF][SYS]: System log 52
[INF][ATK]: Combat log 53
[INF][MOV]: Movement log 53
[INF][SYS]: System log 53
[INF][ATK]: Combat log 54
[INF][MOV]: Movement log 54
[INF][SYS]: System log 54
[INF][ATK]: Combat log 55
[INF][MOV]: Movement log 55
[INF][SYS]: System log 55
[INF][ATK]: Combat log 56
[INF][MOV]: Movement log 56
[INF][SYS]: System log 56
[INF][ATK]: Combat log 57
[INF][MOV]: Movement log 57
[INF][SYS]: System log 57
[INF][ATK]: Combat log 58
[INF][MOV]: Movement log 58
[INF][SYS]: System log 58
[INF][ATK]: Combat log 59
[INF][MOV]: Movement log 59
[INF][SYS]: System log 59
[INF][ATK]: Combat log 60
[INF][MOV]: Movement log 60
[INF][SYS]: System log 60
[INF][ATK]: Combat log 61
[INF][MOV]: Movement log 61
[INF][SYS]: System log 61
[INF][ATK]: Combat log 62
[INF][MOV]: Movement log 62
[INF][SYS]: System log 62
[INF][ATK]: Combat log 63
[INF][MOV]: Movement log 63
[INF][SYS]: System log 63
[INF][ATK]: Combat log 64
[INF][MOV]: Movement log 64
[INF][SYS]: System log 64
[INF][ATK]: Combat log 65
[INF][MOV]: Movement log 65
[INF][SYS]: System log 65
[INF][ATK]: Combat log 66
[INF][MOV]: Movement log 66
[INF][SYS]: System log 66
[INF][ATK]: Combat log 67
[INF][MOV]: Movement log 67
[INF][SYS]: System log 67
[INF][ATK]: Combat log 68
[INF][MOV]: Movement log 68
[INF][SYS]: System log 68
[INF][ATK]: Combat log 69
[INF][MOV]: Movement log 69
[INF][SYS]: System log 69
[INF][ATK]: Combat log 70
[INF][MOV]: Movement log 70
[INF][SYS]: System log 70
[INF][ATK]: Combat log 71
[INF][MOV]: Movement log 71
[INF][SYS]: System log 71
[INF][ATK]: Combat log 72
[INF][MOV]: Movement log 72
[INF][SYS]: System log 72
[INF][ATK]: Combat log 73
[INF][MOV]: Movement log 73
[INF][SYS]: System log 73
[INF][ATK]: Combat log 74
[INF][MOV]: Movement log 74
[INF][SYS]: System log 74
[INF][ATK]: Combat log 75
[INF][MOV]: Movement log 75
[INF][SYS]: System log 75
[INF][ATK]: Combat log 76
[INF][MOV]: Movement log 76
[INF][SYS]: System log 76
[INF][ATK]: Combat log 77
[INF][MOV]: Movement log 77
[INF][SYS]: System log 77
[INF][ATK]: Combat log 78
[INF][MOV]: Movement log 78
[INF][SYS]: System log 78
[INF][ATK]: Combat log 79
[INF][MOV]: Movement log 79
[INF][SYS]: System log 79
[INF][ATK]: Combat log 80
[INF][MOV]: Movement log 80
[INF][SYS]: System log 80
[INF][ATK]: Combat log 81
[INF][MOV]: Movement log 81
[INF][SYS]: System log 81
[INF][ATK]: Combat log 82
[INF][MOV]: Movement log 82
[INF][SYS]: System log 82
[INF][ATK]: Combat log 83
[INF][MOV]: Movement log 83
[INF][SYS]: System log 83
[INF][ATK]: Combat log 84
[INF][MOV]: Movement log 84
[INF][SYS]: System log 84
[INF][ATK]: Combat log 85
[INF][MOV]: Movement log 85
[INF][SYS]: System log 85
[INF][ATK]: Combat log 86
[INF][MOV]: Movement log 86
[INF][SYS]: System log 86
[INF][ATK]: Combat log 87
[INF][MOV]: Movement log 87
[INF][SYS]: System log 87
[INF][ATK]: Combat log 88
[INF][MOV]: Movement log 88
[INF][SYS]: System log 88
[INF][ATK]: Combat log 89
[INF][MOV]: Movement log 89
[INF][SYS]: System log 89
[INF][ATK]: Combat log 90
[INF][MOV]: Movement log 90
[INF][SYS]: System log 90
[INF][ATK]: Combat log 91
[INF][MOV]: Movement log 91
[INF][SYS]: System log 91
[INF][ATK]: Combat log 92
[INF][MOV]: Movement log 92
[INF][SYS]: System log 92
[INF][ATK]: Combat log 93
[INF][MOV]: Movement log 93
[INF][SYS]: System log 93
[INF][ATK]: Combat log 94
[INF][MOV]: Movement log 94
[INF][SYS]: System log 94
[INF][ATK]: Combat log 95
[INF][MOV]: Movement log 95
[INF][SYS]: System log 95
[INF][ATK]: Combat log 96
[INF][MOV]: Movement log 96
[INF][SYS]: System log 96
[INF][ATK]: Combat log 97
[INF][MOV]: Movement log 97
[INF][SYS]: System log 97
[INF][ATK]: Combat log 98
[INF][MOV]: Movement log 98
[INF][SYS]: System log 98
[INF][ATK]: Combat log 99
[INF][MOV]: Movement log 99
[INF][SYS]: System log 99
]]></output>
            </test-case>
            <test-case id="1073" name="TestLongRunningStability" fullname="ArcBT.Tests.BTLoggerPerformanceTests.TestLongRunningStability" methodname="TestLongRunningStability" classname="ArcBT.Tests.BTLoggerPerformanceTests" runstate="Runnable" seed="432434519" result="Passed" start-time="2025-07-28 12:09:39Z" end-time="2025-07-28 12:09:39Z" duration="0.263160" asserts="0">
              <properties>
                <property name="_JOINTYPE" value="UnityCombinatorial" />
                <property name="Description" value="長時間の連続ログ出力をシミュレートし、システムの安定性をベンチマークテスト（5000件ログが10秒以内で完了）" />
                <property name="retryIteration" value="0" />
                <property name="repeatIteration" value="0" />
              </properties>
              <output><![CDATA[[INF][SYS]: Stability test - Iteration 0, Log 0
[INF][SYS]: Stability test - Iteration 0, Log 1
[INF][SYS]: Stability test - Iteration 0, Log 2
[INF][SYS]: Stability test - Iteration 0, Log 3
[INF][SYS]: Stability test - Iteration 0, Log 4
[INF][SYS]: Stability test - Iteration 0, Log 5
[INF][SYS]: Stability test - Iteration 0, Log 6
[INF][SYS]: Stability test - Iteration 0, Log 7
[INF][SYS]: Stability test - Iteration 0, Log 8
[INF][SYS]: Stability test - Iteration 0, Log 9
[INF][SYS]: Stability test - Iteration 0, Log 10
[INF][SYS]: Stability test - Iteration 0, Log 11
[INF][SYS]: Stability test - Iteration 0, Log 12
[INF][SYS]: Stability test - Iteration 0, Log 13
[INF][SYS]: Stability test - Iteration 0, Log 14
[INF][SYS]: Stability test - Iteration 0, Log 15
[INF][SYS]: Stability test - Iteration 0, Log 16
[INF][SYS]: Stability test - Iteration 0, Log 17
[INF][SYS]: Stability test - Iteration 0, Log 18
[INF][SYS]: Stability test - Iteration 0, Log 19
[INF][SYS]: Stability test - Iteration 0, Log 20
[INF][SYS]: Stability test - Iteration 0, Log 21
[INF][SYS]: Stability test - Iteration 0, Log 22
[INF][SYS]: Stability test - Iteration 0, Log 23
[INF][SYS]: Stability test - Iteration 0, Log 24
[INF][SYS]: Stability test - Iteration 0, Log 25
[INF][SYS]: Stability test - Iteration 0, Log 26
[INF][SYS]: Stability test - Iteration 0, Log 27
[INF][SYS]: Stability test - Iteration 0, Log 28
[INF][SYS]: Stability test - Iteration 0, Log 29
[INF][SYS]: Stability test - Iteration 0, Log 30
[INF][SYS]: Stability test - Iteration 0, Log 31
[INF][SYS]: Stability test - Iteration 0, Log 32
[INF][SYS]: Stability test - Iteration 0, Log 33
[INF][SYS]: Stability test - Iteration 0, Log 34
[INF][SYS]: Stability test - Iteration 0, Log 35
[INF][SYS]: Stability test - Iteration 0, Log 36
[INF][SYS]: Stability test - Iteration 0, Log 37
[INF][SYS]: Stability test - Iteration 0, Log 38
[INF][SYS]: Stability test - Iteration 0, Log 39
[INF][SYS]: Stability test - Iteration 0, Log 40
[INF][SYS]: Stability test - Iteration 0, Log 41
[INF][SYS]: Stability test - Iteration 0, Log 42
[INF][SYS]: Stability test - Iteration 0, Log 43
[INF][SYS]: Stability test - Iteration 0, Log 44
[INF][SYS]: Stability test - Iteration 0, Log 45
[INF][SYS]: Stability test - Iteration 0, Log 46
[INF][SYS]: Stability test - Iteration 0, Log 47
[INF][SYS]: Stability test - Iteration 0, Log 48
[INF][SYS]: Stability test - Iteration 0, Log 49
[INF][SYS]: Stability test - Iteration 1, Log 0
[INF][SYS]: Stability test - Iteration 1, Log 1
[INF][SYS]: Stability test - Iteration 1, Log 2
[INF][SYS]: Stability test - Iteration 1, Log 3
[INF][SYS]: Stability test - Iteration 1, Log 4
[INF][SYS]: Stability test - Iteration 1, Log 5
[INF][SYS]: Stability test - Iteration 1, Log 6
[INF][SYS]: Stability test - Iteration 1, Log 7
[INF][SYS]: Stability test - Iteration 1, Log 8
[INF][SYS]: Stability test - Iteration 1, Log 9
[INF][SYS]: Stability test - Iteration 1, Log 10
[INF][SYS]: Stability test - Iteration 1, Log 11
[INF][SYS]: Stability test - Iteration 1, Log 12
[INF][SYS]: Stability test - Iteration 1, Log 13
[INF][SYS]: Stability test - Iteration 1, Log 14
[INF][SYS]: Stability test - Iteration 1, Log 15
[INF][SYS]: Stability test - Iteration 1, Log 16
[INF][SYS]: Stability test - Iteration 1, Log 17
[INF][SYS]: Stability test - Iteration 1, Log 18
[INF][SYS]: Stability test - Iteration 1, Log 19
[INF][SYS]: Stability test - Iteration 1, Log 20
[INF][SYS]: Stability test - Iteration 1, Log 21
[INF][SYS]: Stability test - Iteration 1, Log 22
[INF][SYS]: Stability test - Iteration 1, Log 23
[INF][SYS]: Stability test - Iteration 1, Log 24
[INF][SYS]: Stability test - Iteration 1, Log 25
[INF][SYS]: Stability test - Iteration 1, Log 26
[INF][SYS]: Stability test - Iteration 1, Log 27
[INF][SYS]: Stability test - Iteration 1, Log 28
[INF][SYS]: Stability test - Iteration 1, Log 29
[INF][SYS]: Stability test - Iteration 1, Log 30
[INF][SYS]: Stability test - Iteration 1, Log 31
[INF][SYS]: Stability test - Iteration 1, Log 32
[INF][SYS]: Stability test - Iteration 1, Log 33
[INF][SYS]: Stability test - Iteration 1, Log 34
[INF][SYS]: Stability test - Iteration 1, Log 35
[INF][SYS]: Stability test - Iteration 1, Log 36
[INF][SYS]: Stability test - Iteration 1, Log 37
[INF][SYS]: Stability test - Iteration 1, Log 38
[INF][SYS]: Stability test - Iteration 1, Log 39
[INF][SYS]: Stability test - Iteration 1, Log 40
[INF][SYS]: Stability test - Iteration 1, Log 41
[INF][SYS]: Stability test - Iteration 1, Log 42
[INF][SYS]: Stability test - Iteration 1, Log 43
[INF][SYS]: Stability test - Iteration 1, Log 44
[INF][SYS]: Stability test - Iteration 1, Log 45
[INF][SYS]: Stability test - Iteration 1, Log 46
[INF][SYS]: Stability test - Iteration 1, Log 47
[INF][SYS]: Stability test - Iteration 1, Log 48
[INF][SYS]: Stability test - Iteration 1, Log 49
[INF][SYS]: Stability test - Iteration 2, Log 0
[INF][SYS]: Stability test - Iteration 2, Log 1
[INF][SYS]: Stability test - Iteration 2, Log 2
[INF][SYS]: Stability test - Iteration 2, Log 3
[INF][SYS]: Stability test - Iteration 2, Log 4
[INF][SYS]: Stability test - Iteration 2, Log 5
[INF][SYS]: Stability test - Iteration 2, Log 6
[INF][SYS]: Stability test - Iteration 2, Log 7
[INF][SYS]: Stability test - Iteration 2, Log 8
[INF][SYS]: Stability test - Iteration 2, Log 9
[INF][SYS]: Stability test - Iteration 2, Log 10
[INF][SYS]: Stability test - Iteration 2, Log 11
[INF][SYS]: Stability test - Iteration 2, Log 12
[INF][SYS]: Stability test - Iteration 2, Log 13
[INF][SYS]: Stability test - Iteration 2, Log 14
[INF][SYS]: Stability test - Iteration 2, Log 15
[INF][SYS]: Stability test - Iteration 2, Log 16
[INF][SYS]: Stability test - Iteration 2, Log 17
[INF][SYS]: Stability test - Iteration 2, Log 18
[INF][SYS]: Stability test - Iteration 2, Log 19
[INF][SYS]: Stability test - Iteration 2, Log 20
[INF][SYS]: Stability test - Iteration 2, Log 21
[INF][SYS]: Stability test - Iteration 2, Log 22
[INF][SYS]: Stability test - Iteration 2, Log 23
[INF][SYS]: Stability test - Iteration 2, Log 24
[INF][SYS]: Stability test - Iteration 2, Log 25
[INF][SYS]: Stability test - Iteration 2, Log 26
[INF][SYS]: Stability test - Iteration 2, Log 27
[INF][SYS]: Stability test - Iteration 2, Log 28
[INF][SYS]: Stability test - Iteration 2, Log 29
[INF][SYS]: Stability test - Iteration 2, Log 30
[INF][SYS]: Stability test - Iteration 2, Log 31
[INF][SYS]: Stability test - Iteration 2, Log 32
[INF][SYS]: Stability test - Iteration 2, Log 33
[INF][SYS]: Stability test - Iteration 2, Log 34
[INF][SYS]: Stability test - Iteration 2, Log 35
[INF][SYS]: Stability test - Iteration 2, Log 36
[INF][SYS]: Stability test - Iteration 2, Log 37
[INF][SYS]: Stability test - Iteration 2, Log 38
[INF][SYS]: Stability test - Iteration 2, Log 39
[INF][SYS]: Stability test - Iteration 2, Log 40
[INF][SYS]: Stability test - Iteration 2, Log 41
[INF][SYS]: Stability test - Iteration 2, Log 42
[INF][SYS]: Stability test - Iteration 2, Log 43
[INF][SYS]: Stability test - Iteration 2, Log 44
[INF][SYS]: Stability test - Iteration 2, Log 45
[INF][SYS]: Stability test - Iteration 2, Log 46
[INF][SYS]: Stability test - Iteration 2, Log 47
[INF][SYS]: Stability test - Iteration 2, Log 48
[INF][SYS]: Stability test - Iteration 2, Log 49
[INF][SYS]: Stability test - Iteration 3, Log 0
[INF][SYS]: Stability test - Iteration 3, Log 1
[INF][SYS]: Stability test - Iteration 3, Log 2
[INF][SYS]: Stability test - Iteration 3, Log 3
[INF][SYS]: Stability test - Iteration 3, Log 4
[INF][SYS]: Stability test - Iteration 3, Log 5
[INF][SYS]: Stability test - Iteration 3, Log 6
[INF][SYS]: Stability test - Iteration 3, Log 7
[INF][SYS]: Stability test - Iteration 3, Log 8
[INF][SYS]: Stability test - Iteration 3, Log 9
[INF][SYS]: Stability test - Iteration 3, Log 10
[INF][SYS]: Stability test - Iteration 3, Log 11
[INF][SYS]: Stability test - Iteration 3, Log 12
[INF][SYS]: Stability test - Iteration 3, Log 13
[INF][SYS]: Stability test - Iteration 3, Log 14
[INF][SYS]: Stability test - Iteration 3, Log 15
[INF][SYS]: Stability test - Iteration 3, Log 16
[INF][SYS]: Stability test - Iteration 3, Log 17
[INF][SYS]: Stability test - Iteration 3, Log 18
[INF][SYS]: Stability test - Iteration 3, Log 19
[INF][SYS]: Stability test - Iteration 3, Log 20
[INF][SYS]: Stability test - Iteration 3, Log 21
[INF][SYS]: Stability test - Iteration 3, Log 22
[INF][SYS]: Stability test - Iteration 3, Log 23
[INF][SYS]: Stability test - Iteration 3, Log 24
[INF][SYS]: Stability test - Iteration 3, Log 25
[INF][SYS]: Stability test - Iteration 3, Log 26
[INF][SYS]: Stability test - Iteration 3, Log 27
[INF][SYS]: Stability test - Iteration 3, Log 28
[INF][SYS]: Stability test - Iteration 3, Log 29
[INF][SYS]: Stability test - Iteration 3, Log 30
[INF][SYS]: Stability test - Iteration 3, Log 31
[INF][SYS]: Stability test - Iteration 3, Log 32
[INF][SYS]: Stability test - Iteration 3, Log 33
[INF][SYS]: Stability test - Iteration 3, Log 34
[INF][SYS]: Stability test - Iteration 3, Log 35
[INF][SYS]: Stability test - Iteration 3, Log 36
[INF][SYS]: Stability test - Iteration 3, Log 37
[INF][SYS]: Stability test - Iteration 3, Log 38
[INF][SYS]: Stability test - Iteration 3, Log 39
[INF][SYS]: Stability test - Iteration 3, Log 40
[INF][SYS]: Stability test - Iteration 3, Log 41
[INF][SYS]: Stability test - Iteration 3, Log 42
[INF][SYS]: Stability test - Iteration 3, Log 43
[INF][SYS]: Stability test - Iteration 3, Log 44
[INF][SYS]: Stability test - Iteration 3, Log 45
[INF][SYS]: Stability test - Iteration 3, Log 46
[INF][SYS]: Stability test - Iteration 3, Log 47
[INF][SYS]: Stability test - Iteration 3, Log 48
[INF][SYS]: Stability test - Iteration 3, Log 49
[INF][SYS]: Stability test - Iteration 4, Log 0
[INF][SYS]: Stability test - Iteration 4, Log 1
[INF][SYS]: Stability test - Iteration 4, Log 2
[INF][SYS]: Stability test - Iteration 4, Log 3
[INF][SYS]: Stability test - Iteration 4, Log 4
[INF][SYS]: Stability test - Iteration 4, Log 5
[INF][SYS]: Stability test - Iteration 4, Log 6
[INF][SYS]: Stability test - Iteration 4, Log 7
[INF][SYS]: Stability test - Iteration 4, Log 8
[INF][SYS]: Stability test - Iteration 4, Log 9
[INF][SYS]: Stability test - Iteration 4, Log 10
[INF][SYS]: Stability test - Iteration 4, Log 11
[INF][SYS]: Stability test - Iteration 4, Log 12
[INF][SYS]: Stability test - Iteration 4, Log 13
[INF][SYS]: Stability test - Iteration 4, Log 14
[INF][SYS]: Stability test - Iteration 4, Log 15
[INF][SYS]: Stability test - Iteration 4, Log 16
[INF][SYS]: Stability test - Iteration 4, Log 17
[INF][SYS]: Stability test - Iteration 4, Log 18
[INF][SYS]: Stability test - Iteration 4, Log 19
[INF][SYS]: Stability test - Iteration 4, Log 20
[INF][SYS]: Stability test - Iteration 4, Log 21
[INF][SYS]: Stability test - Iteration 4, Log 22
[INF][SYS]: Stability test - Iteration 4, Log 23
[INF][SYS]: Stability test - Iteration 4, Log 24
[INF][SYS]: Stability test - Iteration 4, Log 25
[INF][SYS]: Stability test - Iteration 4, Log 26
[INF][SYS]: Stability test - Iteration 4, Log 27
[INF][SYS]: Stability test - Iteration 4, Log 28
[INF][SYS]: Stability test - Iteration 4, Log 29
[INF][SYS]: Stability test - Iteration 4, Log 30
[INF][SYS]: Stability test - Iteration 4, Log 31
[INF][SYS]: Stability test - Iteration 4, Log 32
[INF][SYS]: Stability test - Iteration 4, Log 33
[INF][SYS]: Stability test - Iteration 4, Log 34
[INF][SYS]: Stability test - Iteration 4, Log 35
[INF][SYS]: Stability test - Iteration 4, Log 36
[INF][SYS]: Stability test - Iteration 4, Log 37
[INF][SYS]: Stability test - Iteration 4, Log 38
[INF][SYS]: Stability test - Iteration 4, Log 39
[INF][SYS]: Stability test - Iteration 4, Log 40
[INF][SYS]: Stability test - Iteration 4, Log 41
[INF][SYS]: Stability test - Iteration 4, Log 42
[INF][SYS]: Stability test - Iteration 4, Log 43
[INF][SYS]: Stability test - Iteration 4, Log 44
[INF][SYS]: Stability test - Iteration 4, Log 45
[INF][SYS]: Stability test - Iteration 4, Log 46
[INF][SYS]: Stability test - Iteration 4, Log 47
[INF][SYS]: Stability test - Iteration 4, Log 48
[INF][SYS]: Stability test - Iteration 4, Log 49
[INF][SYS]: Stability test - Iteration 5, Log 0
[INF][SYS]: Stability test - Iteration 5, Log 1
[INF][SYS]: Stability test - Iteration 5, Log 2
[INF][SYS]: Stability test - Iteration 5, Log 3
[INF][SYS]: Stability test - Iteration 5, Log 4
[INF][SYS]: Stability test - Iteration 5, Log 5
[INF][SYS]: Stability test - Iteration 5, Log 6
[INF][SYS]: Stability test - Iteration 5, Log 7
[INF][SYS]: Stability test - Iteration 5, Log 8
[INF][SYS]: Stability test - Iteration 5, Log 9
[INF][SYS]: Stability test - Iteration 5, Log 10
[INF][SYS]: Stability test - Iteration 5, Log 11
[INF][SYS]: Stability test - Iteration 5, Log 12
[INF][SYS]: Stability test - Iteration 5, Log 13
[INF][SYS]: Stability test - Iteration 5, Log 14
[INF][SYS]: Stability test - Iteration 5, Log 15
[INF][SYS]: Stability test - Iteration 5, Log 16
[INF][SYS]: Stability test - Iteration 5, Log 17
[INF][SYS]: Stability test - Iteration 5, Log 18
[INF][SYS]: Stability test - Iteration 5, Log 19
[INF][SYS]: Stability test - Iteration 5, Log 20
[INF][SYS]: Stability test - Iteration 5, Log 21
[INF][SYS]: Stability test - Iteration 5, Log 22
[INF][SYS]: Stability test - Iteration 5, Log 23
[INF][SYS]: Stability test - Iteration 5, Log 24
[INF][SYS]: Stability test - Iteration 5, Log 25
[INF][SYS]: Stability test - Iteration 5, Log 26
[INF][SYS]: Stability test - Iteration 5, Log 27
[INF][SYS]: Stability test - Iteration 5, Log 28
[INF][SYS]: Stability test - Iteration 5, Log 29
[INF][SYS]: Stability test - Iteration 5, Log 30
[INF][SYS]: Stability test - Iteration 5, Log 31
[INF][SYS]: Stability test - Iteration 5, Log 32
[INF][SYS]: Stability test - Iteration 5, Log 33
[INF][SYS]: Stability test - Iteration 5, Log 34
[INF][SYS]: Stability test - Iteration 5, Log 35
[INF][SYS]: Stability test - Iteration 5, Log 36
[INF][SYS]: Stability test - Iteration 5, Log 37
[INF][SYS]: Stability test - Iteration 5, Log 38
[INF][SYS]: Stability test - Iteration 5, Log 39
[INF][SYS]: Stability test - Iteration 5, Log 40
[INF][SYS]: Stability test - Iteration 5, Log 41
[INF][SYS]: Stability test - Iteration 5, Log 42
[INF][SYS]: Stability test - Iteration 5, Log 43
[INF][SYS]: Stability test - Iteration 5, Log 44
[INF][SYS]: Stability test - Iteration 5, Log 45
[INF][SYS]: Stability test - Iteration 5, Log 46
[INF][SYS]: Stability test - Iteration 5, Log 47
[INF][SYS]: Stability test - Iteration 5, Log 48
[INF][SYS]: Stability test - Iteration 5, Log 49
[INF][SYS]: Stability test - Iteration 6, Log 0
[INF][SYS]: Stability test - Iteration 6, Log 1
[INF][SYS]: Stability test - Iteration 6, Log 2
[INF][SYS]: Stability test - Iteration 6, Log 3
[INF][SYS]: Stability test - Iteration 6, Log 4
[INF][SYS]: Stability test - Iteration 6, Log 5
[INF][SYS]: Stability test - Iteration 6, Log 6
[INF][SYS]: Stability test - Iteration 6, Log 7
[INF][SYS]: Stability test - Iteration 6, Log 8
[INF][SYS]: Stability test - Iteration 6, Log 9
[INF][SYS]: Stability test - Iteration 6, Log 10
[INF][SYS]: Stability test - Iteration 6, Log 11
[INF][SYS]: Stability test - Iteration 6, Log 12
[INF][SYS]: Stability test - Iteration 6, Log 13
[INF][SYS]: Stability test - Iteration 6, Log 14
[INF][SYS]: Stability test - Iteration 6, Log 15
[INF][SYS]: Stability test - Iteration 6, Log 16
[INF][SYS]: Stability test - Iteration 6, Log 17
[INF][SYS]: Stability test - Iteration 6, Log 18
[INF][SYS]: Stability test - Iteration 6, Log 19
[INF][SYS]: Stability test - Iteration 6, Log 20
[INF][SYS]: Stability test - Iteration 6, Log 21
[INF][SYS]: Stability test - Iteration 6, Log 22
[INF][SYS]: Stability test - Iteration 6, Log 23
[INF][SYS]: Stability test - Iteration 6, Log 24
[INF][SYS]: Stability test - Iteration 6, Log 25
[INF][SYS]: Stability test - Iteration 6, Log 26
[INF][SYS]: Stability test - Iteration 6, Log 27
[INF][SYS]: Stability test - Iteration 6, Log 28
[INF][SYS]: Stability test - Iteration 6, Log 29
[INF][SYS]: Stability test - Iteration 6, Log 30
[INF][SYS]: Stability test - Iteration 6, Log 31
[INF][SYS]: Stability test - Iteration 6, Log 32
[INF][SYS]: Stability test - Iteration 6, Log 33
[INF][SYS]: Stability test - Iteration 6, Log 34
[INF][SYS]: Stability test - Iteration 6, Log 35
[INF][SYS]: Stability test - Iteration 6, Log 36
[INF][SYS]: Stability test - Iteration 6, Log 37
[INF][SYS]: Stability test - Iteration 6, Log 38
[INF][SYS]: Stability test - Iteration 6, Log 39
[INF][SYS]: Stability test - Iteration 6, Log 40
[INF][SYS]: Stability test - Iteration 6, Log 41
[INF][SYS]: Stability test - Iteration 6, Log 42
[INF][SYS]: Stability test - Iteration 6, Log 43
[INF][SYS]: Stability test - Iteration 6, Log 44
[INF][SYS]: Stability test - Iteration 6, Log 45
[INF][SYS]: Stability test - Iteration 6, Log 46
[INF][SYS]: Stability test - Iteration 6, Log 47
[INF][SYS]: Stability test - Iteration 6, Log 48
[INF][SYS]: Stability test - Iteration 6, Log 49
[INF][SYS]: Stability test - Iteration 7, Log 0
[INF][SYS]: Stability test - Iteration 7, Log 1
[INF][SYS]: Stability test - Iteration 7, Log 2
[INF][SYS]: Stability test - Iteration 7, Log 3
[INF][SYS]: Stability test - Iteration 7, Log 4
[INF][SYS]: Stability test - Iteration 7, Log 5
[INF][SYS]: Stability test - Iteration 7, Log 6
[INF][SYS]: Stability test - Iteration 7, Log 7
[INF][SYS]: Stability test - Iteration 7, Log 8
[INF][SYS]: Stability test - Iteration 7, Log 9
[INF][SYS]: Stability test - Iteration 7, Log 10
[INF][SYS]: Stability test - Iteration 7, Log 11
[INF][SYS]: Stability test - Iteration 7, Log 12
[INF][SYS]: Stability test - Iteration 7, Log 13
[INF][SYS]: Stability test - Iteration 7, Log 14
[INF][SYS]: Stability test - Iteration 7, Log 15
[INF][SYS]: Stability test - Iteration 7, Log 16
[INF][SYS]: Stability test - Iteration 7, Log 17
[INF][SYS]: Stability test - Iteration 7, Log 18
[INF][SYS]: Stability test - Iteration 7, Log 19
[INF][SYS]: Stability test - Iteration 7, Log 20
[INF][SYS]: Stability test - Iteration 7, Log 21
[INF][SYS]: Stability test - Iteration 7, Log 22
[INF][SYS]: Stability test - Iteration 7, Log 23
[INF][SYS]: Stability test - Iteration 7, Log 24
[INF][SYS]: Stability test - Iteration 7, Log 25
[INF][SYS]: Stability test - Iteration 7, Log 26
[INF][SYS]: Stability test - Iteration 7, Log 27
[INF][SYS]: Stability test - Iteration 7, Log 28
[INF][SYS]: Stability test - Iteration 7, Log 29
[INF][SYS]: Stability test - Iteration 7, Log 30
[INF][SYS]: Stability test - Iteration 7, Log 31
[INF][SYS]: Stability test - Iteration 7, Log 32
[INF][SYS]: Stability test - Iteration 7, Log 33
[INF][SYS]: Stability test - Iteration 7, Log 34
[INF][SYS]: Stability test - Iteration 7, Log 35
[INF][SYS]: Stability test - Iteration 7, Log 36
[INF][SYS]: Stability test - Iteration 7, Log 37
[INF][SYS]: Stability test - Iteration 7, Log 38
[INF][SYS]: Stability test - Iteration 7, Log 39
[INF][SYS]: Stability test - Iteration 7, Log 40
[INF][SYS]: Stability test - Iteration 7, Log 41
[INF][SYS]: Stability test - Iteration 7, Log 42
[INF][SYS]: Stability test - Iteration 7, Log 43
[INF][SYS]: Stability test - Iteration 7, Log 44
[INF][SYS]: Stability test - Iteration 7, Log 45
[INF][SYS]: Stability test - Iteration 7, Log 46
[INF][SYS]: Stability test - Iteration 7, Log 47
[INF][SYS]: Stability test - Iteration 7, Log 48
[INF][SYS]: Stability test - Iteration 7, Log 49
[INF][SYS]: Stability test - Iteration 8, Log 0
[INF][SYS]: Stability test - Iteration 8, Log 1
[INF][SYS]: Stability test - Iteration 8, Log 2
[INF][SYS]: Stability test - Iteration 8, Log 3
[INF][SYS]: Stability test - Iteration 8, Log 4
[INF][SYS]: Stability test - Iteration 8, Log 5
[INF][SYS]: Stability test - Iteration 8, Log 6
[INF][SYS]: Stability test - Iteration 8, Log 7
[INF][SYS]: Stability test - Iteration 8, Log 8
[INF][SYS]: Stability test - Iteration 8, Log 9
[INF][SYS]: Stability test - Iteration 8, Log 10
[INF][SYS]: Stability test - Iteration 8, Log 11
[INF][SYS]: Stability test - Iteration 8, Log 12
[INF][SYS]: Stability test - Iteration 8, Log 13
[INF][SYS]: Stability test - Iteration 8, Log 14
[INF][SYS]: Stability test - Iteration 8, Log 15
[INF][SYS]: Stability test - Iteration 8, Log 16
[INF][SYS]: Stability test - Iteration 8, Log 17
[INF][SYS]: Stability test - Iteration 8, Log 18
[INF][SYS]: Stability test - Iteration 8, Log 19
[INF][SYS]: Stability test - Iteration 8, Log 20
[INF][SYS]: Stability test - Iteration 8, Log 21
[INF][SYS]: Stability test - Iteration 8, Log 22
[INF][SYS]: Stability test - Iteration 8, Log 23
[INF][SYS]: Stability test - Iteration 8, Log 24
[INF][SYS]: Stability test - Iteration 8, Log 25
[INF][SYS]: Stability test - Iteration 8, Log 26
[INF][SYS]: Stability test - Iteration 8, Log 27
[INF][SYS]: Stability test - Iteration 8, Log 28
[INF][SYS]: Stability test - Iteration 8, Log 29
[INF][SYS]: Stability test - Iteration 8, Log 30
[INF][SYS]: Stability test - Iteration 8, Log 31
[INF][SYS]: Stability test - Iteration 8, Log 32
[INF][SYS]: Stability test - Iteration 8, Log 33
[INF][SYS]: Stability test - Iteration 8, Log 34
[INF][SYS]: Stability test - Iteration 8, Log 35
[INF][SYS]: Stability test - Iteration 8, Log 36
[INF][SYS]: Stability test - Iteration 8, Log 37
[INF][SYS]: Stability test - Iteration 8, Log 38
[INF][SYS]: Stability test - Iteration 8, Log 39
[INF][SYS]: Stability test - Iteration 8, Log 40
[INF][SYS]: Stability test - Iteration 8, Log 41
[INF][SYS]: Stability test - Iteration 8, Log 42
[INF][SYS]: Stability test - Iteration 8, Log 43
[INF][SYS]: Stability test - Iteration 8, Log 44
[INF][SYS]: Stability test - Iteration 8, Log 45
[INF][SYS]: Stability test - Iteration 8, Log 46
[INF][SYS]: Stability test - Iteration 8, Log 47
[INF][SYS]: Stability test - Iteration 8, Log 48
[INF][SYS]: Stability test - Iteration 8, Log 49
[INF][SYS]: Stability test - Iteration 9, Log 0
[INF][SYS]: Stability test - Iteration 9, Log 1
[INF][SYS]: Stability test - Iteration 9, Log 2
[INF][SYS]: Stability test - Iteration 9, Log 3
[INF][SYS]: Stability test - Iteration 9, Log 4
[INF][SYS]: Stability test - Iteration 9, Log 5
[INF][SYS]: Stability test - Iteration 9, Log 6
[INF][SYS]: Stability test - Iteration 9, Log 7
[INF][SYS]: Stability test - Iteration 9, Log 8
[INF][SYS]: Stability test - Iteration 9, Log 9
[INF][SYS]: Stability test - Iteration 9, Log 10
[INF][SYS]: Stability test - Iteration 9, Log 11
[INF][SYS]: Stability test - Iteration 9, Log 12
[INF][SYS]: Stability test - Iteration 9, Log 13
[INF][SYS]: Stability test - Iteration 9, Log 14
[INF][SYS]: Stability test - Iteration 9, Log 15
[INF][SYS]: Stability test - Iteration 9, Log 16
[INF][SYS]: Stability test - Iteration 9, Log 17
[INF][SYS]: Stability test - Iteration 9, Log 18
[INF][SYS]: Stability test - Iteration 9, Log 19
[INF][SYS]: Stability test - Iteration 9, Log 20
[INF][SYS]: Stability test - Iteration 9, Log 21
[INF][SYS]: Stability test - Iteration 9, Log 22
[INF][SYS]: Stability test - Iteration 9, Log 23
[INF][SYS]: Stability test - Iteration 9, Log 24
[INF][SYS]: Stability test - Iteration 9, Log 25
[INF][SYS]: Stability test - Iteration 9, Log 26
[INF][SYS]: Stability test - Iteration 9, Log 27
[INF][SYS]: Stability test - Iteration 9, Log 28
[INF][SYS]: Stability test - Iteration 9, Log 29
[INF][SYS]: Stability test - Iteration 9, Log 30
[INF][SYS]: Stability test - Iteration 9, Log 31
[INF][SYS]: Stability test - Iteration 9, Log 32
[INF][SYS]: Stability test - Iteration 9, Log 33
[INF][SYS]: Stability test - Iteration 9, Log 34
[INF][SYS]: Stability test - Iteration 9, Log 35
[INF][SYS]: Stability test - Iteration 9, Log 36
[INF][SYS]: Stability test - Iteration 9, Log 37
[INF][SYS]: Stability test - Iteration 9, Log 38
[INF][SYS]: Stability test - Iteration 9, Log 39
[INF][SYS]: Stability test - Iteration 9, Log 40
[INF][SYS]: Stability test - Iteration 9, Log 41
[INF][SYS]: Stability test - Iteration 9, Log 42
[INF][SYS]: Stability test - Iteration 9, Log 43
[INF][SYS]: Stability test - Iteration 9, Log 44
[INF][SYS]: Stability test - Iteration 9, Log 45
[INF][SYS]: Stability test - Iteration 9, Log 46
[INF][SYS]: Stability test - Iteration 9, Log 47
[INF][SYS]: Stability test - Iteration 9, Log 48
[INF][SYS]: Stability test - Iteration 9, Log 49
[INF][SYS]: Stability test - Iteration 10, Log 0
[INF][SYS]: Stability test - Iteration 10, Log 1
[INF][SYS]: Stability test - Iteration 10, Log 2
[INF][SYS]: Stability test - Iteration 10, Log 3
[INF][SYS]: Stability test - Iteration 10, Log 4
[INF][SYS]: Stability test - Iteration 10, Log 5
[INF][SYS]: Stability test - Iteration 10, Log 6
[INF][SYS]: Stability test - Iteration 10, Log 7
[INF][SYS]: Stability test - Iteration 10, Log 8
[INF][SYS]: Stability test - Iteration 10, Log 9
[INF][SYS]: Stability test - Iteration 10, Log 10
[INF][SYS]: Stability test - Iteration 10, Log 11
[INF][SYS]: Stability test - Iteration 10, Log 12
[INF][SYS]: Stability test - Iteration 10, Log 13
[INF][SYS]: Stability test - Iteration 10, Log 14
[INF][SYS]: Stability test - Iteration 10, Log 15
[INF][SYS]: Stability test - Iteration 10, Log 16
[INF][SYS]: Stability test - Iteration 10, Log 17
[INF][SYS]: Stability test - Iteration 10, Log 18
[INF][SYS]: Stability test - Iteration 10, Log 19
[INF][SYS]: Stability test - Iteration 10, Log 20
[INF][SYS]: Stability test - Iteration 10, Log 21
[INF][SYS]: Stability test - Iteration 10, Log 22
[INF][SYS]: Stability test - Iteration 10, Log 23
[INF][SYS]: Stability test - Iteration 10, Log 24
[INF][SYS]: Stability test - Iteration 10, Log 25
[INF][SYS]: Stability test - Iteration 10, Log 26
[INF][SYS]: Stability test - Iteration 10, Log 27
[INF][SYS]: Stability test - Iteration 10, Log 28
[INF][SYS]: Stability test - Iteration 10, Log 29
[INF][SYS]: Stability test - Iteration 10, Log 30
[INF][SYS]: Stability test - Iteration 10, Log 31
[INF][SYS]: Stability test - Iteration 10, Log 32
[INF][SYS]: Stability test - Iteration 10, Log 33
[INF][SYS]: Stability test - Iteration 10, Log 34
[INF][SYS]: Stability test - Iteration 10, Log 35
[INF][SYS]: Stability test - Iteration 10, Log 36
[INF][SYS]: Stability test - Iteration 10, Log 37
[INF][SYS]: Stability test - Iteration 10, Log 38
[INF][SYS]: Stability test - Iteration 10, Log 39
[INF][SYS]: Stability test - Iteration 10, Log 40
[INF][SYS]: Stability test - Iteration 10, Log 41
[INF][SYS]: Stability test - Iteration 10, Log 42
[INF][SYS]: Stability test - Iteration 10, Log 43
[INF][SYS]: Stability test - Iteration 10, Log 44
[INF][SYS]: Stability test - Iteration 10, Log 45
[INF][SYS]: Stability test - Iteration 10, Log 46
[INF][SYS]: Stability test - Iteration 10, Log 47
[INF][SYS]: Stability test - Iteration 10, Log 48
[INF][SYS]: Stability test - Iteration 10, Log 49
[INF][SYS]: Stability test - Iteration 11, Log 0
[INF][SYS]: Stability test - Iteration 11, Log 1
[INF][SYS]: Stability test - Iteration 11, Log 2
[INF][SYS]: Stability test - Iteration 11, Log 3
[INF][SYS]: Stability test - Iteration 11, Log 4
[INF][SYS]: Stability test - Iteration 11, Log 5
[INF][SYS]: Stability test - Iteration 11, Log 6
[INF][SYS]: Stability test - Iteration 11, Log 7
[INF][SYS]: Stability test - Iteration 11, Log 8
[INF][SYS]: Stability test - Iteration 11, Log 9
[INF][SYS]: Stability test - Iteration 11, Log 10
[INF][SYS]: Stability test - Iteration 11, Log 11
[INF][SYS]: Stability test - Iteration 11, Log 12
[INF][SYS]: Stability test - Iteration 11, Log 13
[INF][SYS]: Stability test - Iteration 11, Log 14
[INF][SYS]: Stability test - Iteration 11, Log 15
[INF][SYS]: Stability test - Iteration 11, Log 16
[INF][SYS]: Stability test - Iteration 11, Log 17
[INF][SYS]: Stability test - Iteration 11, Log 18
[INF][SYS]: Stability test - Iteration 11, Log 19
[INF][SYS]: Stability test - Iteration 11, Log 20
[INF][SYS]: Stability test - Iteration 11, Log 21
[INF][SYS]: Stability test - Iteration 11, Log 22
[INF][SYS]: Stability test - Iteration 11, Log 23
[INF][SYS]: Stability test - Iteration 11, Log 24
[INF][SYS]: Stability test - Iteration 11, Log 25
[INF][SYS]: Stability test - Iteration 11, Log 26
[INF][SYS]: Stability test - Iteration 11, Log 27
[INF][SYS]: Stability test - Iteration 11, Log 28
[INF][SYS]: Stability test - Iteration 11, Log 29
[INF][SYS]: Stability test - Iteration 11, Log 30
[INF][SYS]: Stability test - Iteration 11, Log 31
[INF][SYS]: Stability test - Iteration 11, Log 32
[INF][SYS]: Stability test - Iteration 11, Log 33
[INF][SYS]: Stability test - Iteration 11, Log 34
[INF][SYS]: Stability test - Iteration 11, Log 35
[INF][SYS]: Stability test - Iteration 11, Log 36
[INF][SYS]: Stability test - Iteration 11, Log 37
[INF][SYS]: Stability test - Iteration 11, Log 38
[INF][SYS]: Stability test - Iteration 11, Log 39
[INF][SYS]: Stability test - Iteration 11, Log 40
[INF][SYS]: Stability test - Iteration 11, Log 41
[INF][SYS]: Stability test - Iteration 11, Log 42
[INF][SYS]: Stability test - Iteration 11, Log 43
[INF][SYS]: Stability test - Iteration 11, Log 44
[INF][SYS]: Stability test - Iteration 11, Log 45
[INF][SYS]: Stability test - Iteration 11, Log 46
[INF][SYS]: Stability test - Iteration 11, Log 47
[INF][SYS]: Stability test - Iteration 11, Log 48
[INF][SYS]: Stability test - Iteration 11, Log 49
[INF][SYS]: Stability test - Iteration 12, Log 0
[INF][SYS]: Stability test - Iteration 12, Log 1
[INF][SYS]: Stability test - Iteration 12, Log 2
[INF][SYS]: Stability test - Iteration 12, Log 3
[INF][SYS]: Stability test - Iteration 12, Log 4
[INF][SYS]: Stability test - Iteration 12, Log 5
[INF][SYS]: Stability test - Iteration 12, Log 6
[INF][SYS]: Stability test - Iteration 12, Log 7
[INF][SYS]: Stability test - Iteration 12, Log 8
[INF][SYS]: Stability test - Iteration 12, Log 9
[INF][SYS]: Stability test - Iteration 12, Log 10
[INF][SYS]: Stability test - Iteration 12, Log 11
[INF][SYS]: Stability test - Iteration 12, Log 12
[INF][SYS]: Stability test - Iteration 12, Log 13
[INF][SYS]: Stability test - Iteration 12, Log 14
[INF][SYS]: Stability test - Iteration 12, Log 15
[INF][SYS]: Stability test - Iteration 12, Log 16
[INF][SYS]: Stability test - Iteration 12, Log 17
[INF][SYS]: Stability test - Iteration 12, Log 18
[INF][SYS]: Stability test - Iteration 12, Log 19
[INF][SYS]: Stability test - Iteration 12, Log 20
[INF][SYS]: Stability test - Iteration 12, Log 21
[INF][SYS]: Stability test - Iteration 12, Log 22
[INF][SYS]: Stability test - Iteration 12, Log 23
[INF][SYS]: Stability test - Iteration 12, Log 24
[INF][SYS]: Stability test - Iteration 12, Log 25
[INF][SYS]: Stability test - Iteration 12, Log 26
[INF][SYS]: Stability test - Iteration 12, Log 27
[INF][SYS]: Stability test - Iteration 12, Log 28
[INF][SYS]: Stability test - Iteration 12, Log 29
[INF][SYS]: Stability test - Iteration 12, Log 30
[INF][SYS]: Stability test - Iteration 12, Log 31
[INF][SYS]: Stability test - Iteration 12, Log 32
[INF][SYS]: Stability test - Iteration 12, Log 33
[INF][SYS]: Stability test - Iteration 12, Log 34
[INF][SYS]: Stability test - Iteration 12, Log 35
[INF][SYS]: Stability test - Iteration 12, Log 36
[INF][SYS]: Stability test - Iteration 12, Log 37
[INF][SYS]: Stability test - Iteration 12, Log 38
[INF][SYS]: Stability test - Iteration 12, Log 39
[INF][SYS]: Stability test - Iteration 12, Log 40
[INF][SYS]: Stability test - Iteration 12, Log 41
[INF][SYS]: Stability test - Iteration 12, Log 42
[INF][SYS]: Stability test - Iteration 12, Log 43
[INF][SYS]: Stability test - Iteration 12, Log 44
[INF][SYS]: Stability test - Iteration 12, Log 45
[INF][SYS]: Stability test - Iteration 12, Log 46
[INF][SYS]: Stability test - Iteration 12, Log 47
[INF][SYS]: Stability test - Iteration 12, Log 48
[INF][SYS]: Stability test - Iteration 12, Log 49
[INF][SYS]: Stability test - Iteration 13, Log 0
[INF][SYS]: Stability test - Iteration 13, Log 1
[INF][SYS]: Stability test - Iteration 13, Log 2
[INF][SYS]: Stability test - Iteration 13, Log 3
[INF][SYS]: Stability test - Iteration 13, Log 4
[INF][SYS]: Stability test - Iteration 13, Log 5
[INF][SYS]: Stability test - Iteration 13, Log 6
[INF][SYS]: Stability test - Iteration 13, Log 7
[INF][SYS]: Stability test - Iteration 13, Log 8
[INF][SYS]: Stability test - Iteration 13, Log 9
[INF][SYS]: Stability test - Iteration 13, Log 10
[INF][SYS]: Stability test - Iteration 13, Log 11
[INF][SYS]: Stability test - Iteration 13, Log 12
[INF][SYS]: Stability test - Iteration 13, Log 13
[INF][SYS]: Stability test - Iteration 13, Log 14
[INF][SYS]: Stability test - Iteration 13, Log 15
[INF][SYS]: Stability test - Iteration 13, Log 16
[INF][SYS]: Stability test - Iteration 13, Log 17
[INF][SYS]: Stability test - Iteration 13, Log 18
[INF][SYS]: Stability test - Iteration 13, Log 19
[INF][SYS]: Stability test - Iteration 13, Log 20
[INF][SYS]: Stability test - Iteration 13, Log 21
[INF][SYS]: Stability test - Iteration 13, Log 22
[INF][SYS]: Stability test - Iteration 13, Log 23
[INF][SYS]: Stability test - Iteration 13, Log 24
[INF][SYS]: Stability test - Iteration 13, Log 25
[INF][SYS]: Stability test - Iteration 13, Log 26
[INF][SYS]: Stability test - Iteration 13, Log 27
[INF][SYS]: Stability test - Iteration 13, Log 28
[INF][SYS]: Stability test - Iteration 13, Log 29
[INF][SYS]: Stability test - Iteration 13, Log 30
[INF][SYS]: Stability test - Iteration 13, Log 31
[INF][SYS]: Stability test - Iteration 13, Log 32
[INF][SYS]: Stability test - Iteration 13, Log 33
[INF][SYS]: Stability test - Iteration 13, Log 34
[INF][SYS]: Stability test - Iteration 13, Log 35
[INF][SYS]: Stability test - Iteration 13, Log 36
[INF][SYS]: Stability test - Iteration 13, Log 37
[INF][SYS]: Stability test - Iteration 13, Log 38
[INF][SYS]: Stability test - Iteration 13, Log 39
[INF][SYS]: Stability test - Iteration 13, Log 40
[INF][SYS]: Stability test - Iteration 13, Log 41
[INF][SYS]: Stability test - Iteration 13, Log 42
[INF][SYS]: Stability test - Iteration 13, Log 43
[INF][SYS]: Stability test - Iteration 13, Log 44
[INF][SYS]: Stability test - Iteration 13, Log 45
[INF][SYS]: Stability test - Iteration 13, Log 46
[INF][SYS]: Stability test - Iteration 13, Log 47
[INF][SYS]: Stability test - Iteration 13, Log 48
[INF][SYS]: Stability test - Iteration 13, Log 49
[INF][SYS]: Stability test - Iteration 14, Log 0
[INF][SYS]: Stability test - Iteration 14, Log 1
[INF][SYS]: Stability test - Iteration 14, Log 2
[INF][SYS]: Stability test - Iteration 14, Log 3
[INF][SYS]: Stability test - Iteration 14, Log 4
[INF][SYS]: Stability test - Iteration 14, Log 5
[INF][SYS]: Stability test - Iteration 14, Log 6
[INF][SYS]: Stability test - Iteration 14, Log 7
[INF][SYS]: Stability test - Iteration 14, Log 8
[INF][SYS]: Stability test - Iteration 14, Log 9
[INF][SYS]: Stability test - Iteration 14, Log 10
[INF][SYS]: Stability test - Iteration 14, Log 11
[INF][SYS]: Stability test - Iteration 14, Log 12
[INF][SYS]: Stability test - Iteration 14, Log 13
[INF][SYS]: Stability test - Iteration 14, Log 14
[INF][SYS]: Stability test - Iteration 14, Log 15
[INF][SYS]: Stability test - Iteration 14, Log 16
[INF][SYS]: Stability test - Iteration 14, Log 17
[INF][SYS]: Stability test - Iteration 14, Log 18
[INF][SYS]: Stability test - Iteration 14, Log 19
[INF][SYS]: Stability test - Iteration 14, Log 20
[INF][SYS]: Stability test - Iteration 14, Log 21
[INF][SYS]: Stability test - Iteration 14, Log 22
[INF][SYS]: Stability test - Iteration 14, Log 23
[INF][SYS]: Stability test - Iteration 14, Log 24
[INF][SYS]: Stability test - Iteration 14, Log 25
[INF][SYS]: Stability test - Iteration 14, Log 26
[INF][SYS]: Stability test - Iteration 14, Log 27
[INF][SYS]: Stability test - Iteration 14, Log 28
[INF][SYS]: Stability test - Iteration 14, Log 29
[INF][SYS]: Stability test - Iteration 14, Log 30
[INF][SYS]: Stability test - Iteration 14, Log 31
[INF][SYS]: Stability test - Iteration 14, Log 32
[INF][SYS]: Stability test - Iteration 14, Log 33
[INF][SYS]: Stability test - Iteration 14, Log 34
[INF][SYS]: Stability test - Iteration 14, Log 35
[INF][SYS]: Stability test - Iteration 14, Log 36
[INF][SYS]: Stability test - Iteration 14, Log 37
[INF][SYS]: Stability test - Iteration 14, Log 38
[INF][SYS]: Stability test - Iteration 14, Log 39
[INF][SYS]: Stability test - Iteration 14, Log 40
[INF][SYS]: Stability test - Iteration 14, Log 41
[INF][SYS]: Stability test - Iteration 14, Log 42
[INF][SYS]: Stability test - Iteration 14, Log 43
[INF][SYS]: Stability test - Iteration 14, Log 44
[INF][SYS]: Stability test - Iteration 14, Log 45
[INF][SYS]: Stability test - Iteration 14, Log 46
[INF][SYS]: Stability test - Iteration 14, Log 47
[INF][SYS]: Stability test - Iteration 14, Log 48
[INF][SYS]: Stability test - Iteration 14, Log 49
[INF][SYS]: Stability test - Iteration 15, Log 0
[INF][SYS]: Stability test - Iteration 15, Log 1
[INF][SYS]: Stability test - Iteration 15, Log 2
[INF][SYS]: Stability test - Iteration 15, Log 3
[INF][SYS]: Stability test - Iteration 15, Log 4
[INF][SYS]: Stability test - Iteration 15, Log 5
[INF][SYS]: Stability test - Iteration 15, Log 6
[INF][SYS]: Stability test - Iteration 15, Log 7
[INF][SYS]: Stability test - Iteration 15, Log 8
[INF][SYS]: Stability test - Iteration 15, Log 9
[INF][SYS]: Stability test - Iteration 15, Log 10
[INF][SYS]: Stability test - Iteration 15, Log 11
[INF][SYS]: Stability test - Iteration 15, Log 12
[INF][SYS]: Stability test - Iteration 15, Log 13
[INF][SYS]: Stability test - Iteration 15, Log 14
[INF][SYS]: Stability test - Iteration 15, Log 15
[INF][SYS]: Stability test - Iteration 15, Log 16
[INF][SYS]: Stability test - Iteration 15, Log 17
[INF][SYS]: Stability test - Iteration 15, Log 18
[INF][SYS]: Stability test - Iteration 15, Log 19
[INF][SYS]: Stability test - Iteration 15, Log 20
[INF][SYS]: Stability test - Iteration 15, Log 21
[INF][SYS]: Stability test - Iteration 15, Log 22
[INF][SYS]: Stability test - Iteration 15, Log 23
[INF][SYS]: Stability test - Iteration 15, Log 24
[INF][SYS]: Stability test - Iteration 15, Log 25
[INF][SYS]: Stability test - Iteration 15, Log 26
[INF][SYS]: Stability test - Iteration 15, Log 27
[INF][SYS]: Stability test - Iteration 15, Log 28
[INF][SYS]: Stability test - Iteration 15, Log 29
[INF][SYS]: Stability test - Iteration 15, Log 30
[INF][SYS]: Stability test - Iteration 15, Log 31
[INF][SYS]: Stability test - Iteration 15, Log 32
[INF][SYS]: Stability test - Iteration 15, Log 33
[INF][SYS]: Stability test - Iteration 15, Log 34
[INF][SYS]: Stability test - Iteration 15, Log 35
[INF][SYS]: Stability test - Iteration 15, Log 36
[INF][SYS]: Stability test - Iteration 15, Log 37
[INF][SYS]: Stability test - Iteration 15, Log 38
[INF][SYS]: Stability test - Iteration 15, Log 39
[INF][SYS]: Stability test - Iteration 15, Log 40
[INF][SYS]: Stability test - Iteration 15, Log 41
[INF][SYS]: Stability test - Iteration 15, Log 42
[INF][SYS]: Stability test - Iteration 15, Log 43
[INF][SYS]: Stability test - Iteration 15, Log 44
[INF][SYS]: Stability test - Iteration 15, Log 45
[INF][SYS]: Stability test - Iteration 15, Log 46
[INF][SYS]: Stability test - Iteration 15, Log 47
[INF][SYS]: Stability test - Iteration 15, Log 48
[INF][SYS]: Stability test - Iteration 15, Log 49
[INF][SYS]: Stability test - Iteration 16, Log 0
[INF][SYS]: Stability test - Iteration 16, Log 1
[INF][SYS]: Stability test - Iteration 16, Log 2
[INF][SYS]: Stability test - Iteration 16, Log 3
[INF][SYS]: Stability test - Iteration 16, Log 4
[INF][SYS]: Stability test - Iteration 16, Log 5
[INF][SYS]: Stability test - Iteration 16, Log 6
[INF][SYS]: Stability test - Iteration 16, Log 7
[INF][SYS]: Stability test - Iteration 16, Log 8
[INF][SYS]: Stability test - Iteration 16, Log 9
[INF][SYS]: Stability test - Iteration 16, Log 10
[INF][SYS]: Stability test - Iteration 16, Log 11
[INF][SYS]: Stability test - Iteration 16, Log 12
[INF][SYS]: Stability test - Iteration 16, Log 13
[INF][SYS]: Stability test - Iteration 16, Log 14
[INF][SYS]: Stability test - Iteration 16, Log 15
[INF][SYS]: Stability test - Iteration 16, Log 16
[INF][SYS]: Stability test - Iteration 16, Log 17
[INF][SYS]: Stability test - Iteration 16, Log 18
[INF][SYS]: Stability test - Iteration 16, Log 19
[INF][SYS]: Stability test - Iteration 16, Log 20
[INF][SYS]: Stability test - Iteration 16, Log 21
[INF][SYS]: Stability test - Iteration 16, Log 22
[INF][SYS]: Stability test - Iteration 16, Log 23
[INF][SYS]: Stability test - Iteration 16, Log 24
[INF][SYS]: Stability test - Iteration 16, Log 25
[INF][SYS]: Stability test - Iteration 16, Log 26
[INF][SYS]: Stability test - Iteration 16, Log 27
[INF][SYS]: Stability test - Iteration 16, Log 28
[INF][SYS]: Stability test - Iteration 16, Log 29
[INF][SYS]: Stability test - Iteration 16, Log 30
[INF][SYS]: Stability test - Iteration 16, Log 31
[INF][SYS]: Stability test - Iteration 16, Log 32
[INF][SYS]: Stability test - Iteration 16, Log 33
[INF][SYS]: Stability test - Iteration 16, Log 34
[INF][SYS]: Stability test - Iteration 16, Log 35
[INF][SYS]: Stability test - Iteration 16, Log 36
[INF][SYS]: Stability test - Iteration 16, Log 37
[INF][SYS]: Stability test - Iteration 16, Log 38
[INF][SYS]: Stability test - Iteration 16, Log 39
[INF][SYS]: Stability test - Iteration 16, Log 40
[INF][SYS]: Stability test - Iteration 16, Log 41
[INF][SYS]: Stability test - Iteration 16, Log 42
[INF][SYS]: Stability test - Iteration 16, Log 43
[INF][SYS]: Stability test - Iteration 16, Log 44
[INF][SYS]: Stability test - Iteration 16, Log 45
[INF][SYS]: Stability test - Iteration 16, Log 46
[INF][SYS]: Stability test - Iteration 16, Log 47
[INF][SYS]: Stability test - Iteration 16, Log 48
[INF][SYS]: Stability test - Iteration 16, Log 49
[INF][SYS]: Stability test - Iteration 17, Log 0
[INF][SYS]: Stability test - Iteration 17, Log 1
[INF][SYS]: Stability test - Iteration 17, Log 2
[INF][SYS]: Stability test - Iteration 17, Log 3
[INF][SYS]: Stability test - Iteration 17, Log 4
[INF][SYS]: Stability test - Iteration 17, Log 5
[INF][SYS]: Stability test - Iteration 17, Log 6
[INF][SYS]: Stability test - Iteration 17, Log 7
[INF][SYS]: Stability test - Iteration 17, Log 8
[INF][SYS]: Stability test - Iteration 17, Log 9
[INF][SYS]: Stability test - Iteration 17, Log 10
[INF][SYS]: Stability test - Iteration 17, Log 11
[INF][SYS]: Stability test - Iteration 17, Log 12
[INF][SYS]: Stability test - Iteration 17, Log 13
[INF][SYS]: Stability test - Iteration 17, Log 14
[INF][SYS]: Stability test - Iteration 17, Log 15
[INF][SYS]: Stability test - Iteration 17, Log 16
[INF][SYS]: Stability test - Iteration 17, Log 17
[INF][SYS]: Stability test - Iteration 17, Log 18
[INF][SYS]: Stability test - Iteration 17, Log 19
[INF][SYS]: Stability test - Iteration 17, Log 20
[INF][SYS]: Stability test - Iteration 17, Log 21
[INF][SYS]: Stability test - Iteration 17, Log 22
[INF][SYS]: Stability test - Iteration 17, Log 23
[INF][SYS]: Stability test - Iteration 17, Log 24
[INF][SYS]: Stability test - Iteration 17, Log 25
[INF][SYS]: Stability test - Iteration 17, Log 26
[INF][SYS]: Stability test - Iteration 17, Log 27
[INF][SYS]: Stability test - Iteration 17, Log 28
[INF][SYS]: Stability test - Iteration 17, Log 29
[INF][SYS]: Stability test - Iteration 17, Log 30
[INF][SYS]: Stability test - Iteration 17, Log 31
[INF][SYS]: Stability test - Iteration 17, Log 32
[INF][SYS]: Stability test - Iteration 17, Log 33
[INF][SYS]: Stability test - Iteration 17, Log 34
[INF][SYS]: Stability test - Iteration 17, Log 35
[INF][SYS]: Stability test - Iteration 17, Log 36
[INF][SYS]: Stability test - Iteration 17, Log 37
[INF][SYS]: Stability test - Iteration 17, Log 38
[INF][SYS]: Stability test - Iteration 17, Log 39
[INF][SYS]: Stability test - Iteration 17, Log 40
[INF][SYS]: Stability test - Iteration 17, Log 41
[INF][SYS]: Stability test - Iteration 17, Log 42
[INF][SYS]: Stability test - Iteration 17, Log 43
[INF][SYS]: Stability test - Iteration 17, Log 44
[INF][SYS]: Stability test - Iteration 17, Log 45
[INF][SYS]: Stability test - Iteration 17, Log 46
[INF][SYS]: Stability test - Iteration 17, Log 47
[INF][SYS]: Stability test - Iteration 17, Log 48
[INF][SYS]: Stability test - Iteration 17, Log 49
[INF][SYS]: Stability test - Iteration 18, Log 0
[INF][SYS]: Stability test - Iteration 18, Log 1
[INF][SYS]: Stability test - Iteration 18, Log 2
[INF][SYS]: Stability test - Iteration 18, Log 3
[INF][SYS]: Stability test - Iteration 18, Log 4
[INF][SYS]: Stability test - Iteration 18, Log 5
[INF][SYS]: Stability test - Iteration 18, Log 6
[INF][SYS]: Stability test - Iteration 18, Log 7
[INF][SYS]: Stability test - Iteration 18, Log 8
[INF][SYS]: Stability test - Iteration 18, Log 9
[INF][SYS]: Stability test - Iteration 18, Log 10
[INF][SYS]: Stability test - Iteration 18, Log 11
[INF][SYS]: Stability test - Iteration 18, Log 12
[INF][SYS]: Stability test - Iteration 18, Log 13
[INF][SYS]: Stability test - Iteration 18, Log 14
[INF][SYS]: Stability test - Iteration 18, Log 15
[INF][SYS]: Stability test - Iteration 18, Log 16
[INF][SYS]: Stability test - Iteration 18, Log 17
[INF][SYS]: Stability test - Iteration 18, Log 18
[INF][SYS]: Stability test - Iteration 18, Log 19
[INF][SYS]: Stability test - Iteration 18, Log 20
[INF][SYS]: Stability test - Iteration 18, Log 21
[INF][SYS]: Stability test - Iteration 18, Log 22
[INF][SYS]: Stability test - Iteration 18, Log 23
[INF][SYS]: Stability test - Iteration 18, Log 24
[INF][SYS]: Stability test - Iteration 18, Log 25
[INF][SYS]: Stability test - Iteration 18, Log 26
[INF][SYS]: Stability test - Iteration 18, Log 27
[INF][SYS]: Stability test - Iteration 18, Log 28
[INF][SYS]: Stability test - Iteration 18, Log 29
[INF][SYS]: Stability test - Iteration 18, Log 30
[INF][SYS]: Stability test - Iteration 18, Log 31
[INF][SYS]: Stability test - Iteration 18, Log 32
[INF][SYS]: Stability test - Iteration 18, Log 33
[INF][SYS]: Stability test - Iteration 18, Log 34
[INF][SYS]: Stability test - Iteration 18, Log 35
[INF][SYS]: Stability test - Iteration 18, Log 36
[INF][SYS]: Stability test - Iteration 18, Log 37
[INF][SYS]: Stability test - Iteration 18, Log 38
[INF][SYS]: Stability test - Iteration 18, Log 39
[INF][SYS]: Stability test - Iteration 18, Log 40
[INF][SYS]: Stability test - Iteration 18, Log 41
[INF][SYS]: Stability test - Iteration 18, Log 42
[INF][SYS]: Stability test - Iteration 18, Log 43
[INF][SYS]: Stability test - Iteration 18, Log 44
[INF][SYS]: Stability test - Iteration 18, Log 45
[INF][SYS]: Stability test - Iteration 18, Log 46
[INF][SYS]: Stability test - Iteration 18, Log 47
[INF][SYS]: Stability test - Iteration 18, Log 48
[INF][SYS]: Stability test - Iteration 18, Log 49
[INF][SYS]: Stability test - Iteration 19, Log 0
[INF][SYS]: Stability test - Iteration 19, Log 1
[INF][SYS]: Stability test - Iteration 19, Log 2
[INF][SYS]: Stability test - Iteration 19, Log 3
[INF][SYS]: Stability test - Iteration 19, Log 4
[INF][SYS]: Stability test - Iteration 19, Log 5
[INF][SYS]: Stability test - Iteration 19, Log 6
[INF][SYS]: Stability test - Iteration 19, Log 7
[INF][SYS]: Stability test - Iteration 19, Log 8
[INF][SYS]: Stability test - Iteration 19, Log 9
[INF][SYS]: Stability test - Iteration 19, Log 10
[INF][SYS]: Stability test - Iteration 19, Log 11
[INF][SYS]: Stability test - Iteration 19, Log 12
[INF][SYS]: Stability test - Iteration 19, Log 13
[INF][SYS]: Stability test - Iteration 19, Log 14
[INF][SYS]: Stability test - Iteration 19, Log 15
[INF][SYS]: Stability test - Iteration 19, Log 16
[INF][SYS]: Stability test - Iteration 19, Log 17
[INF][SYS]: Stability test - Iteration 19, Log 18
[INF][SYS]: Stability test - Iteration 19, Log 19
[INF][SYS]: Stability test - Iteration 19, Log 20
[INF][SYS]: Stability test - Iteration 19, Log 21
[INF][SYS]: Stability test - Iteration 19, Log 22
[INF][SYS]: Stability test - Iteration 19, Log 23
[INF][SYS]: Stability test - Iteration 19, Log 24
[INF][SYS]: Stability test - Iteration 19, Log 25
[INF][SYS]: Stability test - Iteration 19, Log 26
[INF][SYS]: Stability test - Iteration 19, Log 27
[INF][SYS]: Stability test - Iteration 19, Log 28
[INF][SYS]: Stability test - Iteration 19, Log 29
[INF][SYS]: Stability test - Iteration 19, Log 30
[INF][SYS]: Stability test - Iteration 19, Log 31
[INF][SYS]: Stability test - Iteration 19, Log 32
[INF][SYS]: Stability test - Iteration 19, Log 33
[INF][SYS]: Stability test - Iteration 19, Log 34
[INF][SYS]: Stability test - Iteration 19, Log 35
[INF][SYS]: Stability test - Iteration 19, Log 36
[INF][SYS]: Stability test - Iteration 19, Log 37
[INF][SYS]: Stability test - Iteration 19, Log 38
[INF][SYS]: Stability test - Iteration 19, Log 39
[INF][SYS]: Stability test - Iteration 19, Log 40
[INF][SYS]: Stability test - Iteration 19, Log 41
[INF][SYS]: Stability test - Iteration 19, Log 42
[INF][SYS]: Stability test - Iteration 19, Log 43
[INF][SYS]: Stability test - Iteration 19, Log 44
[INF][SYS]: Stability test - Iteration 19, Log 45
[INF][SYS]: Stability test - Iteration 19, Log 46
[INF][SYS]: Stability test - Iteration 19, Log 47
[INF][SYS]: Stability test - Iteration 19, Log 48
[INF][SYS]: Stability test - Iteration 19, Log 49
[INF][SYS]: Stability test - Iteration 20, Log 0
[INF][SYS]: Stability test - Iteration 20, Log 1
[INF][SYS]: Stability test - Iteration 20, Log 2
[INF][SYS]: Stability test - Iteration 20, Log 3
[INF][SYS]: Stability test - Iteration 20, Log 4
[INF][SYS]: Stability test - Iteration 20, Log 5
[INF][SYS]: Stability test - Iteration 20, Log 6
[INF][SYS]: Stability test - Iteration 20, Log 7
[INF][SYS]: Stability test - Iteration 20, Log 8
[INF][SYS]: Stability test - Iteration 20, Log 9
[INF][SYS]: Stability test - Iteration 20, Log 10
[INF][SYS]: Stability test - Iteration 20, Log 11
[INF][SYS]: Stability test - Iteration 20, Log 12
[INF][SYS]: Stability test - Iteration 20, Log 13
[INF][SYS]: Stability test - Iteration 20, Log 14
[INF][SYS]: Stability test - Iteration 20, Log 15
[INF][SYS]: Stability test - Iteration 20, Log 16
[INF][SYS]: Stability test - Iteration 20, Log 17
[INF][SYS]: Stability test - Iteration 20, Log 18
[INF][SYS]: Stability test - Iteration 20, Log 19
[INF][SYS]: Stability test - Iteration 20, Log 20
[INF][SYS]: Stability test - Iteration 20, Log 21
[INF][SYS]: Stability test - Iteration 20, Log 22
[INF][SYS]: Stability test - Iteration 20, Log 23
[INF][SYS]: Stability test - Iteration 20, Log 24
[INF][SYS]: Stability test - Iteration 20, Log 25
[INF][SYS]: Stability test - Iteration 20, Log 26
[INF][SYS]: Stability test - Iteration 20, Log 27
[INF][SYS]: Stability test - Iteration 20, Log 28
[INF][SYS]: Stability test - Iteration 20, Log 29
[INF][SYS]: Stability test - Iteration 20, Log 30
[INF][SYS]: Stability test - Iteration 20, Log 31
[INF][SYS]: Stability test - Iteration 20, Log 32
[INF][SYS]: Stability test - Iteration 20, Log 33
[INF][SYS]: Stability test - Iteration 20, Log 34
[INF][SYS]: Stability test - Iteration 20, Log 35
[INF][SYS]: Stability test - Iteration 20, Log 36
[INF][SYS]: Stability test - Iteration 20, Log 37
[INF][SYS]: Stability test - Iteration 20, Log 38
[INF][SYS]: Stability test - Iteration 20, Log 39
[INF][SYS]: Stability test - Iteration 20, Log 40
[INF][SYS]: Stability test - Iteration 20, Log 41
[INF][SYS]: Stability test - Iteration 20, Log 42
[INF][SYS]: Stability test - Iteration 20, Log 43
[INF][SYS]: Stability test - Iteration 20, Log 44
[INF][SYS]: Stability test - Iteration 20, Log 45
[INF][SYS]: Stability test - Iteration 20, Log 46
[INF][SYS]: Stability test - Iteration 20, Log 47
[INF][SYS]: Stability test - Iteration 20, Log 48
[INF][SYS]: Stability test - Iteration 20, Log 49
[INF][SYS]: Stability test - Iteration 21, Log 0
[INF][SYS]: Stability test - Iteration 21, Log 1
[INF][SYS]: Stability test - Iteration 21, Log 2
[INF][SYS]: Stability test - Iteration 21, Log 3
[INF][SYS]: Stability test - Iteration 21, Log 4
[INF][SYS]: Stability test - Iteration 21, Log 5
[INF][SYS]: Stability test - Iteration 21, Log 6
[INF][SYS]: Stability test - Iteration 21, Log 7
[INF][SYS]: Stability test - Iteration 21, Log 8
[INF][SYS]: Stability test - Iteration 21, Log 9
[INF][SYS]: Stability test - Iteration 21, Log 10
[INF][SYS]: Stability test - Iteration 21, Log 11
[INF][SYS]: Stability test - Iteration 21, Log 12
[INF][SYS]: Stability test - Iteration 21, Log 13
[INF][SYS]: Stability test - Iteration 21, Log 14
[INF][SYS]: Stability test - Iteration 21, Log 15
[INF][SYS]: Stability test - Iteration 21, Log 16
[INF][SYS]: Stability test - Iteration 21, Log 17
[INF][SYS]: Stability test - Iteration 21, Log 18
[INF][SYS]: Stability test - Iteration 21, Log 19
[INF][SYS]: Stability test - Iteration 21, Log 20
[INF][SYS]: Stability test - Iteration 21, Log 21
[INF][SYS]: Stability test - Iteration 21, Log 22
[INF][SYS]: Stability test - Iteration 21, Log 23
[INF][SYS]: Stability test - Iteration 21, Log 24
[INF][SYS]: Stability test - Iteration 21, Log 25
[INF][SYS]: Stability test - Iteration 21, Log 26
[INF][SYS]: Stability test - Iteration 21, Log 27
[INF][SYS]: Stability test - Iteration 21, Log 28
[INF][SYS]: Stability test - Iteration 21, Log 29
[INF][SYS]: Stability test - Iteration 21, Log 30
[INF][SYS]: Stability test - Iteration 21, Log 31
[INF][SYS]: Stability test - Iteration 21, Log 32
[INF][SYS]: Stability test - Iteration 21, Log 33
[INF][SYS]: Stability test - Iteration 21, Log 34
[INF][SYS]: Stability test - Iteration 21, Log 35
[INF][SYS]: Stability test - Iteration 21, Log 36
[INF][SYS]: Stability test - Iteration 21, Log 37
[INF][SYS]: Stability test - Iteration 21, Log 38
[INF][SYS]: Stability test - Iteration 21, Log 39
[INF][SYS]: Stability test - Iteration 21, Log 40
[INF][SYS]: Stability test - Iteration 21, Log 41
[INF][SYS]: Stability test - Iteration 21, Log 42
[INF][SYS]: Stability test - Iteration 21, Log 43
[INF][SYS]: Stability test - Iteration 21, Log 44
[INF][SYS]: Stability test - Iteration 21, Log 45
[INF][SYS]: Stability test - Iteration 21, Log 46
[INF][SYS]: Stability test - Iteration 21, Log 47
[INF][SYS]: Stability test - Iteration 21, Log 48
[INF][SYS]: Stability test - Iteration 21, Log 49
[INF][SYS]: Stability test - Iteration 22, Log 0
[INF][SYS]: Stability test - Iteration 22, Log 1
[INF][SYS]: Stability test - Iteration 22, Log 2
[INF][SYS]: Stability test - Iteration 22, Log 3
[INF][SYS]: Stability test - Iteration 22, Log 4
[INF][SYS]: Stability test - Iteration 22, Log 5
[INF][SYS]: Stability test - Iteration 22, Log 6
[INF][SYS]: Stability test - Iteration 22, Log 7
[INF][SYS]: Stability test - Iteration 22, Log 8
[INF][SYS]: Stability test - Iteration 22, Log 9
[INF][SYS]: Stability test - Iteration 22, Log 10
[INF][SYS]: Stability test - Iteration 22, Log 11
[INF][SYS]: Stability test - Iteration 22, Log 12
[INF][SYS]: Stability test - Iteration 22, Log 13
[INF][SYS]: Stability test - Iteration 22, Log 14
[INF][SYS]: Stability test - Iteration 22, Log 15
[INF][SYS]: Stability test - Iteration 22, Log 16
[INF][SYS]: Stability test - Iteration 22, Log 17
[INF][SYS]: Stability test - Iteration 22, Log 18
[INF][SYS]: Stability test - Iteration 22, Log 19
[INF][SYS]: Stability test - Iteration 22, Log 20
[INF][SYS]: Stability test - Iteration 22, Log 21
[INF][SYS]: Stability test - Iteration 22, Log 22
[INF][SYS]: Stability test - Iteration 22, Log 23
[INF][SYS]: Stability test - Iteration 22, Log 24
[INF][SYS]: Stability test - Iteration 22, Log 25
[INF][SYS]: Stability test - Iteration 22, Log 26
[INF][SYS]: Stability test - Iteration 22, Log 27
[INF][SYS]: Stability test - Iteration 22, Log 28
[INF][SYS]: Stability test - Iteration 22, Log 29
[INF][SYS]: Stability test - Iteration 22, Log 30
[INF][SYS]: Stability test - Iteration 22, Log 31
[INF][SYS]: Stability test - Iteration 22, Log 32
[INF][SYS]: Stability test - Iteration 22, Log 33
[INF][SYS]: Stability test - Iteration 22, Log 34
[INF][SYS]: Stability test - Iteration 22, Log 35
[INF][SYS]: Stability test - Iteration 22, Log 36
[INF][SYS]: Stability test - Iteration 22, Log 37
[INF][SYS]: Stability test - Iteration 22, Log 38
[INF][SYS]: Stability test - Iteration 22, Log 39
[INF][SYS]: Stability test - Iteration 22, Log 40
[INF][SYS]: Stability test - Iteration 22, Log 41
[INF][SYS]: Stability test - Iteration 22, Log 42
[INF][SYS]: Stability test - Iteration 22, Log 43
[INF][SYS]: Stability test - Iteration 22, Log 44
[INF][SYS]: Stability test - Iteration 22, Log 45
[INF][SYS]: Stability test - Iteration 22, Log 46
[INF][SYS]: Stability test - Iteration 22, Log 47
[INF][SYS]: Stability test - Iteration 22, Log 48
[INF][SYS]: Stability test - Iteration 22, Log 49
[INF][SYS]: Stability test - Iteration 23, Log 0
[INF][SYS]: Stability test - Iteration 23, Log 1
[INF][SYS]: Stability test - Iteration 23, Log 2
[INF][SYS]: Stability test - Iteration 23, Log 3
[INF][SYS]: Stability test - Iteration 23, Log 4
[INF][SYS]: Stability test - Iteration 23, Log 5
[INF][SYS]: Stability test - Iteration 23, Log 6
[INF][SYS]: Stability test - Iteration 23, Log 7
[INF][SYS]: Stability test - Iteration 23, Log 8
[INF][SYS]: Stability test - Iteration 23, Log 9
[INF][SYS]: Stability test - Iteration 23, Log 10
[INF][SYS]: Stability test - Iteration 23, Log 11
[INF][SYS]: Stability test - Iteration 23, Log 12
[INF][SYS]: Stability test - Iteration 23, Log 13
[INF][SYS]: Stability test - Iteration 23, Log 14
[INF][SYS]: Stability test - Iteration 23, Log 15
[INF][SYS]: Stability test - Iteration 23, Log 16
[INF][SYS]: Stability test - Iteration 23, Log 17
[INF][SYS]: Stability test - Iteration 23, Log 18
[INF][SYS]: Stability test - Iteration 23, Log 19
[INF][SYS]: Stability test - Iteration 23, Log 20
[INF][SYS]: Stability test - Iteration 23, Log 21
[INF][SYS]: Stability test - Iteration 23, Log 22
[INF][SYS]: Stability test - Iteration 23, Log 23
[INF][SYS]: Stability test - Iteration 23, Log 24
[INF][SYS]: Stability test - Iteration 23, Log 25
[INF][SYS]: Stability test - Iteration 23, Log 26
[INF][SYS]: Stability test - Iteration 23, Log 27
[INF][SYS]: Stability test - Iteration 23, Log 28
[INF][SYS]: Stability test - Iteration 23, Log 29
[INF][SYS]: Stability test - Iteration 23, Log 30
[INF][SYS]: Stability test - Iteration 23, Log 31
[INF][SYS]: Stability test - Iteration 23, Log 32
[INF][SYS]: Stability test - Iteration 23, Log 33
[INF][SYS]: Stability test - Iteration 23, Log 34
[INF][SYS]: Stability test - Iteration 23, Log 35
[INF][SYS]: Stability test - Iteration 23, Log 36
[INF][SYS]: Stability test - Iteration 23, Log 37
[INF][SYS]: Stability test - Iteration 23, Log 38
[INF][SYS]: Stability test - Iteration 23, Log 39
[INF][SYS]: Stability test - Iteration 23, Log 40
[INF][SYS]: Stability test - Iteration 23, Log 41
[INF][SYS]: Stability test - Iteration 23, Log 42
[INF][SYS]: Stability test - Iteration 23, Log 43
[INF][SYS]: Stability test - Iteration 23, Log 44
[INF][SYS]: Stability test - Iteration 23, Log 45
[INF][SYS]: Stability test - Iteration 23, Log 46
[INF][SYS]: Stability test - Iteration 23, Log 47
[INF][SYS]: Stability test - Iteration 23, Log 48
[INF][SYS]: Stability test - Iteration 23, Log 49
[INF][SYS]: Stability test - Iteration 24, Log 0
[INF][SYS]: Stability test - Iteration 24, Log 1
[INF][SYS]: Stability test - Iteration 24, Log 2
[INF][SYS]: Stability test - Iteration 24, Log 3
[INF][SYS]: Stability test - Iteration 24, Log 4
[INF][SYS]: Stability test - Iteration 24, Log 5
[INF][SYS]: Stability test - Iteration 24, Log 6
[INF][SYS]: Stability test - Iteration 24, Log 7
[INF][SYS]: Stability test - Iteration 24, Log 8
[INF][SYS]: Stability test - Iteration 24, Log 9
[INF][SYS]: Stability test - Iteration 24, Log 10
[INF][SYS]: Stability test - Iteration 24, Log 11
[INF][SYS]: Stability test - Iteration 24, Log 12
[INF][SYS]: Stability test - Iteration 24, Log 13
[INF][SYS]: Stability test - Iteration 24, Log 14
[INF][SYS]: Stability test - Iteration 24, Log 15
[INF][SYS]: Stability test - Iteration 24, Log 16
[INF][SYS]: Stability test - Iteration 24, Log 17
[INF][SYS]: Stability test - Iteration 24, Log 18
[INF][SYS]: Stability test - Iteration 24, Log 19
[INF][SYS]: Stability test - Iteration 24, Log 20
[INF][SYS]: Stability test - Iteration 24, Log 21
[INF][SYS]: Stability test - Iteration 24, Log 22
[INF][SYS]: Stability test - Iteration 24, Log 23
[INF][SYS]: Stability test - Iteration 24, Log 24
[INF][SYS]: Stability test - Iteration 24, Log 25
[INF][SYS]: Stability test - Iteration 24, Log 26
[INF][SYS]: Stability test - Iteration 24, Log 27
[INF][SYS]: Stability test - Iteration 24, Log 28
[INF][SYS]: Stability test - Iteration 24, Log 29
[INF][SYS]: Stability test - Iteration 24, Log 30
[INF][SYS]: Stability test - Iteration 24, Log 31
[INF][SYS]: Stability test - Iteration 24, Log 32
[INF][SYS]: Stability test - Iteration 24, Log 33
[INF][SYS]: Stability test - Iteration 24, Log 34
[INF][SYS]: Stability test - Iteration 24, Log 35
[INF][SYS]: Stability test - Iteration 24, Log 36
[INF][SYS]: Stability test - Iteration 24, Log 37
[INF][SYS]: Stability test - Iteration 24, Log 38
[INF][SYS]: Stability test - Iteration 24, Log 39
[INF][SYS]: Stability test - Iteration 24, Log 40
[INF][SYS]: Stability test - Iteration 24, Log 41
[INF][SYS]: Stability test - Iteration 24, Log 42
[INF][SYS]: Stability test - Iteration 24, Log 43
[INF][SYS]: Stability test - Iteration 24, Log 44
[INF][SYS]: Stability test - Iteration 24, Log 45
[INF][SYS]: Stability test - Iteration 24, Log 46
[INF][SYS]: Stability test - Iteration 24, Log 47
[INF][SYS]: Stability test - Iteration 24, Log 48
[INF][SYS]: Stability test - Iteration 24, Log 49
[INF][SYS]: Stability test - Iteration 25, Log 0
[INF][SYS]: Stability test - Iteration 25, Log 1
[INF][SYS]: Stability test - Iteration 25, Log 2
[INF][SYS]: Stability test - Iteration 25, Log 3
[INF][SYS]: Stability test - Iteration 25, Log 4
[INF][SYS]: Stability test - Iteration 25, Log 5
[INF][SYS]: Stability test - Iteration 25, Log 6
[INF][SYS]: Stability test - Iteration 25, Log 7
[INF][SYS]: Stability test - Iteration 25, Log 8
[INF][SYS]: Stability test - Iteration 25, Log 9
[INF][SYS]: Stability test - Iteration 25, Log 10
[INF][SYS]: Stability test - Iteration 25, Log 11
[INF][SYS]: Stability test - Iteration 25, Log 12
[INF][SYS]: Stability test - Iteration 25, Log 13
[INF][SYS]: Stability test - Iteration 25, Log 14
[INF][SYS]: Stability test - Iteration 25, Log 15
[INF][SYS]: Stability test - Iteration 25, Log 16
[INF][SYS]: Stability test - Iteration 25, Log 17
[INF][SYS]: Stability test - Iteration 25, Log 18
[INF][SYS]: Stability test - Iteration 25, Log 19
[INF][SYS]: Stability test - Iteration 25, Log 20
[INF][SYS]: Stability test - Iteration 25, Log 21
[INF][SYS]: Stability test - Iteration 25, Log 22
[INF][SYS]: Stability test - Iteration 25, Log 23
[INF][SYS]: Stability test - Iteration 25, Log 24
[INF][SYS]: Stability test - Iteration 25, Log 25
[INF][SYS]: Stability test - Iteration 25, Log 26
[INF][SYS]: Stability test - Iteration 25, Log 27
[INF][SYS]: Stability test - Iteration 25, Log 28
[INF][SYS]: Stability test - Iteration 25, Log 29
[INF][SYS]: Stability test - Iteration 25, Log 30
[INF][SYS]: Stability test - Iteration 25, Log 31
[INF][SYS]: Stability test - Iteration 25, Log 32
[INF][SYS]: Stability test - Iteration 25, Log 33
[INF][SYS]: Stability test - Iteration 25, Log 34
[INF][SYS]: Stability test - Iteration 25, Log 35
[INF][SYS]: Stability test - Iteration 25, Log 36
[INF][SYS]: Stability test - Iteration 25, Log 37
[INF][SYS]: Stability test - Iteration 25, Log 38
[INF][SYS]: Stability test - Iteration 25, Log 39
[INF][SYS]: Stability test - Iteration 25, Log 40
[INF][SYS]: Stability test - Iteration 25, Log 41
[INF][SYS]: Stability test - Iteration 25, Log 42
[INF][SYS]: Stability test - Iteration 25, Log 43
[INF][SYS]: Stability test - Iteration 25, Log 44
[INF][SYS]: Stability test - Iteration 25, Log 45
[INF][SYS]: Stability test - Iteration 25, Log 46
[INF][SYS]: Stability test - Iteration 25, Log 47
[INF][SYS]: Stability test - Iteration 25, Log 48
[INF][SYS]: Stability test - Iteration 25, Log 49
[INF][SYS]: Stability test - Iteration 26, Log 0
[INF][SYS]: Stability test - Iteration 26, Log 1
[INF][SYS]: Stability test - Iteration 26, Log 2
[INF][SYS]: Stability test - Iteration 26, Log 3
[INF][SYS]: Stability test - Iteration 26, Log 4
[INF][SYS]: Stability test - Iteration 26, Log 5
[INF][SYS]: Stability test - Iteration 26, Log 6
[INF][SYS]: Stability test - Iteration 26, Log 7
[INF][SYS]: Stability test - Iteration 26, Log 8
[INF][SYS]: Stability test - Iteration 26, Log 9
[INF][SYS]: Stability test - Iteration 26, Log 10
[INF][SYS]: Stability test - Iteration 26, Log 11
[INF][SYS]: Stability test - Iteration 26, Log 12
[INF][SYS]: Stability test - Iteration 26, Log 13
[INF][SYS]: Stability test - Iteration 26, Log 14
[INF][SYS]: Stability test - Iteration 26, Log 15
[INF][SYS]: Stability test - Iteration 26, Log 16
[INF][SYS]: Stability test - Iteration 26, Log 17
[INF][SYS]: Stability test - Iteration 26, Log 18
[INF][SYS]: Stability test - Iteration 26, Log 19
[INF][SYS]: Stability test - Iteration 26, Log 20
[INF][SYS]: Stability test - Iteration 26, Log 21
[INF][SYS]: Stability test - Iteration 26, Log 22
[INF][SYS]: Stability test - Iteration 26, Log 23
[INF][SYS]: Stability test - Iteration 26, Log 24
[INF][SYS]: Stability test - Iteration 26, Log 25
[INF][SYS]: Stability test - Iteration 26, Log 26
[INF][SYS]: Stability test - Iteration 26, Log 27
[INF][SYS]: Stability test - Iteration 26, Log 28
[INF][SYS]: Stability test - Iteration 26, Log 29
[INF][SYS]: Stability test - Iteration 26, Log 30
[INF][SYS]: Stability test - Iteration 26, Log 31
[INF][SYS]: Stability test - Iteration 26, Log 32
[INF][SYS]: Stability test - Iteration 26, Log 33
[INF][SYS]: Stability test - Iteration 26, Log 34
[INF][SYS]: Stability test - Iteration 26, Log 35
[INF][SYS]: Stability test - Iteration 26, Log 36
[INF][SYS]: Stability test - Iteration 26, Log 37
[INF][SYS]: Stability test - Iteration 26, Log 38
[INF][SYS]: Stability test - Iteration 26, Log 39
[INF][SYS]: Stability test - Iteration 26, Log 40
[INF][SYS]: Stability test - Iteration 26, Log 41
[INF][SYS]: Stability test - Iteration 26, Log 42
[INF][SYS]: Stability test - Iteration 26, Log 43
[INF][SYS]: Stability test - Iteration 26, Log 44
[INF][SYS]: Stability test - Iteration 26, Log 45
[INF][SYS]: Stability test - Iteration 26, Log 46
[INF][SYS]: Stability test - Iteration 26, Log 47
[INF][SYS]: Stability test - Iteration 26, Log 48
[INF][SYS]: Stability test - Iteration 26, Log 49
[INF][SYS]: Stability test - Iteration 27, Log 0
[INF][SYS]: Stability test - Iteration 27, Log 1
[INF][SYS]: Stability test - Iteration 27, Log 2
[INF][SYS]: Stability test - Iteration 27, Log 3
[INF][SYS]: Stability test - Iteration 27, Log 4
[INF][SYS]: Stability test - Iteration 27, Log 5
[INF][SYS]: Stability test - Iteration 27, Log 6
[INF][SYS]: Stability test - Iteration 27, Log 7
[INF][SYS]: Stability test - Iteration 27, Log 8
[INF][SYS]: Stability test - Iteration 27, Log 9
[INF][SYS]: Stability test - Iteration 27, Log 10
[INF][SYS]: Stability test - Iteration 27, Log 11
[INF][SYS]: Stability test - Iteration 27, Log 12
[INF][SYS]: Stability test - Iteration 27, Log 13
[INF][SYS]: Stability test - Iteration 27, Log 14
[INF][SYS]: Stability test - Iteration 27, Log 15
[INF][SYS]: Stability test - Iteration 27, Log 16
[INF][SYS]: Stability test - Iteration 27, Log 17
[INF][SYS]: Stability test - Iteration 27, Log 18
[INF][SYS]: Stability test - Iteration 27, Log 19
[INF][SYS]: Stability test - Iteration 27, Log 20
[INF][SYS]: Stability test - Iteration 27, Log 21
[INF][SYS]: Stability test - Iteration 27, Log 22
[INF][SYS]: Stability test - Iteration 27, Log 23
[INF][SYS]: Stability test - Iteration 27, Log 24
[INF][SYS]: Stability test - Iteration 27, Log 25
[INF][SYS]: Stability test - Iteration 27, Log 26
[INF][SYS]: Stability test - Iteration 27, Log 27
[INF][SYS]: Stability test - Iteration 27, Log 28
[INF][SYS]: Stability test - Iteration 27, Log 29
[INF][SYS]: Stability test - Iteration 27, Log 30
[INF][SYS]: Stability test - Iteration 27, Log 31
[INF][SYS]: Stability test - Iteration 27, Log 32
[INF][SYS]: Stability test - Iteration 27, Log 33
[INF][SYS]: Stability test - Iteration 27, Log 34
[INF][SYS]: Stability test - Iteration 27, Log 35
[INF][SYS]: Stability test - Iteration 27, Log 36
[INF][SYS]: Stability test - Iteration 27, Log 37
[INF][SYS]: Stability test - Iteration 27, Log 38
[INF][SYS]: Stability test - Iteration 27, Log 39
[INF][SYS]: Stability test - Iteration 27, Log 40
[INF][SYS]: Stability test - Iteration 27, Log 41
[INF][SYS]: Stability test - Iteration 27, Log 42
[INF][SYS]: Stability test - Iteration 27, Log 43
[INF][SYS]: Stability test - Iteration 27, Log 44
[INF][SYS]: Stability test - Iteration 27, Log 45
[INF][SYS]: Stability test - Iteration 27, Log 46
[INF][SYS]: Stability test - Iteration 27, Log 47
[INF][SYS]: Stability test - Iteration 27, Log 48
[INF][SYS]: Stability test - Iteration 27, Log 49
[INF][SYS]: Stability test - Iteration 28, Log 0
[INF][SYS]: Stability test - Iteration 28, Log 1
[INF][SYS]: Stability test - Iteration 28, Log 2
[INF][SYS]: Stability test - Iteration 28, Log 3
[INF][SYS]: Stability test - Iteration 28, Log 4
[INF][SYS]: Stability test - Iteration 28, Log 5
[INF][SYS]: Stability test - Iteration 28, Log 6
[INF][SYS]: Stability test - Iteration 28, Log 7
[INF][SYS]: Stability test - Iteration 28, Log 8
[INF][SYS]: Stability test - Iteration 28, Log 9
[INF][SYS]: Stability test - Iteration 28, Log 10
[INF][SYS]: Stability test - Iteration 28, Log 11
[INF][SYS]: Stability test - Iteration 28, Log 12
[INF][SYS]: Stability test - Iteration 28, Log 13
[INF][SYS]: Stability test - Iteration 28, Log 14
[INF][SYS]: Stability test - Iteration 28, Log 15
[INF][SYS]: Stability test - Iteration 28, Log 16
[INF][SYS]: Stability test - Iteration 28, Log 17
[INF][SYS]: Stability test - Iteration 28, Log 18
[INF][SYS]: Stability test - Iteration 28, Log 19
[INF][SYS]: Stability test - Iteration 28, Log 20
[INF][SYS]: Stability test - Iteration 28, Log 21
[INF][SYS]: Stability test - Iteration 28, Log 22
[INF][SYS]: Stability test - Iteration 28, Log 23
[INF][SYS]: Stability test - Iteration 28, Log 24
[INF][SYS]: Stability test - Iteration 28, Log 25
[INF][SYS]: Stability test - Iteration 28, Log 26
[INF][SYS]: Stability test - Iteration 28, Log 27
[INF][SYS]: Stability test - Iteration 28, Log 28
[INF][SYS]: Stability test - Iteration 28, Log 29
[INF][SYS]: Stability test - Iteration 28, Log 30
[INF][SYS]: Stability test - Iteration 28, Log 31
[INF][SYS]: Stability test - Iteration 28, Log 32
[INF][SYS]: Stability test - Iteration 28, Log 33
[INF][SYS]: Stability test - Iteration 28, Log 34
[INF][SYS]: Stability test - Iteration 28, Log 35
[INF][SYS]: Stability test - Iteration 28, Log 36
[INF][SYS]: Stability test - Iteration 28, Log 37
[INF][SYS]: Stability test - Iteration 28, Log 38
[INF][SYS]: Stability test - Iteration 28, Log 39
[INF][SYS]: Stability test - Iteration 28, Log 40
[INF][SYS]: Stability test - Iteration 28, Log 41
[INF][SYS]: Stability test - Iteration 28, Log 42
[INF][SYS]: Stability test - Iteration 28, Log 43
[INF][SYS]: Stability test - Iteration 28, Log 44
[INF][SYS]: Stability test - Iteration 28, Log 45
[INF][SYS]: Stability test - Iteration 28, Log 46
[INF][SYS]: Stability test - Iteration 28, Log 47
[INF][SYS]: Stability test - Iteration 28, Log 48
[INF][SYS]: Stability test - Iteration 28, Log 49
[INF][SYS]: Stability test - Iteration 29, Log 0
[INF][SYS]: Stability test - Iteration 29, Log 1
[INF][SYS]: Stability test - Iteration 29, Log 2
[INF][SYS]: Stability test - Iteration 29, Log 3
[INF][SYS]: Stability test - Iteration 29, Log 4
[INF][SYS]: Stability test - Iteration 29, Log 5
[INF][SYS]: Stability test - Iteration 29, Log 6
[INF][SYS]: Stability test - Iteration 29, Log 7
[INF][SYS]: Stability test - Iteration 29, Log 8
[INF][SYS]: Stability test - Iteration 29, Log 9
[INF][SYS]: Stability test - Iteration 29, Log 10
[INF][SYS]: Stability test - Iteration 29, Log 11
[INF][SYS]: Stability test - Iteration 29, Log 12
[INF][SYS]: Stability test - Iteration 29, Log 13
[INF][SYS]: Stability test - Iteration 29, Log 14
[INF][SYS]: Stability test - Iteration 29, Log 15
[INF][SYS]: Stability test - Iteration 29, Log 16
[INF][SYS]: Stability test - Iteration 29, Log 17
[INF][SYS]: Stability test - Iteration 29, Log 18
[INF][SYS]: Stability test - Iteration 29, Log 19
[INF][SYS]: Stability test - Iteration 29, Log 20
[INF][SYS]: Stability test - Iteration 29, Log 21
[INF][SYS]: Stability test - Iteration 29, Log 22
[INF][SYS]: Stability test - Iteration 29, Log 23
[INF][SYS]: Stability test - Iteration 29, Log 24
[INF][SYS]: Stability test - Iteration 29, Log 25
[INF][SYS]: Stability test - Iteration 29, Log 26
[INF][SYS]: Stability test - Iteration 29, Log 27
[INF][SYS]: Stability test - Iteration 29, Log 28
[INF][SYS]: Stability test - Iteration 29, Log 29
[INF][SYS]: Stability test - Iteration 29, Log 30
[INF][SYS]: Stability test - Iteration 29, Log 31
[INF][SYS]: Stability test - Iteration 29, Log 32
[INF][SYS]: Stability test - Iteration 29, Log 33
[INF][SYS]: Stability test - Iteration 29, Log 34
[INF][SYS]: Stability test - Iteration 29, Log 35
[INF][SYS]: Stability test - Iteration 29, Log 36
[INF][SYS]: Stability test - Iteration 29, Log 37
[INF][SYS]: Stability test - Iteration 29, Log 38
[INF][SYS]: Stability test - Iteration 29, Log 39
[INF][SYS]: Stability test - Iteration 29, Log 40
[INF][SYS]: Stability test - Iteration 29, Log 41
[INF][SYS]: Stability test - Iteration 29, Log 42
[INF][SYS]: Stability test - Iteration 29, Log 43
[INF][SYS]: Stability test - Iteration 29, Log 44
[INF][SYS]: Stability test - Iteration 29, Log 45
[INF][SYS]: Stability test - Iteration 29, Log 46
[INF][SYS]: Stability test - Iteration 29, Log 47
[INF][SYS]: Stability test - Iteration 29, Log 48
[INF][SYS]: Stability test - Iteration 29, Log 49
[INF][SYS]: Stability test - Iteration 30, Log 0
[INF][SYS]: Stability test - Iteration 30, Log 1
[INF][SYS]: Stability test - Iteration 30, Log 2
[INF][SYS]: Stability test - Iteration 30, Log 3
[INF][SYS]: Stability test - Iteration 30, Log 4
[INF][SYS]: Stability test - Iteration 30, Log 5
[INF][SYS]: Stability test - Iteration 30, Log 6
[INF][SYS]: Stability test - Iteration 30, Log 7
[INF][SYS]: Stability test - Iteration 30, Log 8
[INF][SYS]: Stability test - Iteration 30, Log 9
[INF][SYS]: Stability test - Iteration 30, Log 10
[INF][SYS]: Stability test - Iteration 30, Log 11
[INF][SYS]: Stability test - Iteration 30, Log 12
[INF][SYS]: Stability test - Iteration 30, Log 13
[INF][SYS]: Stability test - Iteration 30, Log 14
[INF][SYS]: Stability test - Iteration 30, Log 15
[INF][SYS]: Stability test - Iteration 30, Log 16
[INF][SYS]: Stability test - Iteration 30, Log 17
[INF][SYS]: Stability test - Iteration 30, Log 18
[INF][SYS]: Stability test - Iteration 30, Log 19
[INF][SYS]: Stability test - Iteration 30, Log 20
[INF][SYS]: Stability test - Iteration 30, Log 21
[INF][SYS]: Stability test - Iteration 30, Log 22
[INF][SYS]: Stability test - Iteration 30, Log 23
[INF][SYS]: Stability test - Iteration 30, Log 24
[INF][SYS]: Stability test - Iteration 30, Log 25
[INF][SYS]: Stability test - Iteration 30, Log 26
[INF][SYS]: Stability test - Iteration 30, Log 27
[INF][SYS]: Stability test - Iteration 30, Log 28
[INF][SYS]: Stability test - Iteration 30, Log 29
[INF][SYS]: Stability test - Iteration 30, Log 30
[INF][SYS]: Stability test - Iteration 30, Log 31
[INF][SYS]: Stability test - Iteration 30, Log 32
[INF][SYS]: Stability test - Iteration 30, Log 33
[INF][SYS]: Stability test - Iteration 30, Log 34
[INF][SYS]: Stability test - Iteration 30, Log 35
[INF][SYS]: Stability test - Iteration 30, Log 36
[INF][SYS]: Stability test - Iteration 30, Log 37
[INF][SYS]: Stability test - Iteration 30, Log 38
[INF][SYS]: Stability test - Iteration 30, Log 39
[INF][SYS]: Stability test - Iteration 30, Log 40
[INF][SYS]: Stability test - Iteration 30, Log 41
[INF][SYS]: Stability test - Iteration 30, Log 42
[INF][SYS]: Stability test - Iteration 30, Log 43
[INF][SYS]: Stability test - Iteration 30, Log 44
[INF][SYS]: Stability test - Iteration 30, Log 45
[INF][SYS]: Stability test - Iteration 30, Log 46
[INF][SYS]: Stability test - Iteration 30, Log 47
[INF][SYS]: Stability test - Iteration 30, Log 48
[INF][SYS]: Stability test - Iteration 30, Log 49
[INF][SYS]: Stability test - Iteration 31, Log 0
[INF][SYS]: Stability test - Iteration 31, Log 1
[INF][SYS]: Stability test - Iteration 31, Log 2
[INF][SYS]: Stability test - Iteration 31, Log 3
[INF][SYS]: Stability test - Iteration 31, Log 4
[INF][SYS]: Stability test - Iteration 31, Log 5
[INF][SYS]: Stability test - Iteration 31, Log 6
[INF][SYS]: Stability test - Iteration 31, Log 7
[INF][SYS]: Stability test - Iteration 31, Log 8
[INF][SYS]: Stability test - Iteration 31, Log 9
[INF][SYS]: Stability test - Iteration 31, Log 10
[INF][SYS]: Stability test - Iteration 31, Log 11
[INF][SYS]: Stability test - Iteration 31, Log 12
[INF][SYS]: Stability test - Iteration 31, Log 13
[INF][SYS]: Stability test - Iteration 31, Log 14
[INF][SYS]: Stability test - Iteration 31, Log 15
[INF][SYS]: Stability test - Iteration 31, Log 16
[INF][SYS]: Stability test - Iteration 31, Log 17
[INF][SYS]: Stability test - Iteration 31, Log 18
[INF][SYS]: Stability test - Iteration 31, Log 19
[INF][SYS]: Stability test - Iteration 31, Log 20
[INF][SYS]: Stability test - Iteration 31, Log 21
[INF][SYS]: Stability test - Iteration 31, Log 22
[INF][SYS]: Stability test - Iteration 31, Log 23
[INF][SYS]: Stability test - Iteration 31, Log 24
[INF][SYS]: Stability test - Iteration 31, Log 25
[INF][SYS]: Stability test - Iteration 31, Log 26
[INF][SYS]: Stability test - Iteration 31, Log 27
[INF][SYS]: Stability test - Iteration 31, Log 28
[INF][SYS]: Stability test - Iteration 31, Log 29
[INF][SYS]: Stability test - Iteration 31, Log 30
[INF][SYS]: Stability test - Iteration 31, Log 31
[INF][SYS]: Stability test - Iteration 31, Log 32
[INF][SYS]: Stability test - Iteration 31, Log 33
[INF][SYS]: Stability test - Iteration 31, Log 34
[INF][SYS]: Stability test - Iteration 31, Log 35
[INF][SYS]: Stability test - Iteration 31, Log 36
[INF][SYS]: Stability test - Iteration 31, Log 37
[INF][SYS]: Stability test - Iteration 31, Log 38
[INF][SYS]: Stability test - Iteration 31, Log 39
[INF][SYS]: Stability test - Iteration 31, Log 40
[INF][SYS]: Stability test - Iteration 31, Log 41
[INF][SYS]: Stability test - Iteration 31, Log 42
[INF][SYS]: Stability test - Iteration 31, Log 43
[INF][SYS]: Stability test - Iteration 31, Log 44
[INF][SYS]: Stability test - Iteration 31, Log 45
[INF][SYS]: Stability test - Iteration 31, Log 46
[INF][SYS]: Stability test - Iteration 31, Log 47
[INF][SYS]: Stability test - Iteration 31, Log 48
[INF][SYS]: Stability test - Iteration 31, Log 49
[INF][SYS]: Stability test - Iteration 32, Log 0
[INF][SYS]: Stability test - Iteration 32, Log 1
[INF][SYS]: Stability test - Iteration 32, Log 2
[INF][SYS]: Stability test - Iteration 32, Log 3
[INF][SYS]: Stability test - Iteration 32, Log 4
[INF][SYS]: Stability test - Iteration 32, Log 5
[INF][SYS]: Stability test - Iteration 32, Log 6
[INF][SYS]: Stability test - Iteration 32, Log 7
[INF][SYS]: Stability test - Iteration 32, Log 8
[INF][SYS]: Stability test - Iteration 32, Log 9
[INF][SYS]: Stability test - Iteration 32, Log 10
[INF][SYS]: Stability test - Iteration 32, Log 11
[INF][SYS]: Stability test - Iteration 32, Log 12
[INF][SYS]: Stability test - Iteration 32, Log 13
[INF][SYS]: Stability test - Iteration 32, Log 14
[INF][SYS]: Stability test - Iteration 32, Log 15
[INF][SYS]: Stability test - Iteration 32, Log 16
[INF][SYS]: Stability test - Iteration 32, Log 17
[INF][SYS]: Stability test - Iteration 32, Log 18
[INF][SYS]: Stability test - Iteration 32, Log 19
[INF][SYS]: Stability test - Iteration 32, Log 20
[INF][SYS]: Stability test - Iteration 32, Log 21
[INF][SYS]: Stability test - Iteration 32, Log 22
[INF][SYS]: Stability test - Iteration 32, Log 23
[INF][SYS]: Stability test - Iteration 32, Log 24
[INF][SYS]: Stability test - Iteration 32, Log 25
[INF][SYS]: Stability test - Iteration 32, Log 26
[INF][SYS]: Stability test - Iteration 32, Log 27
[INF][SYS]: Stability test - Iteration 32, Log 28
[INF][SYS]: Stability test - Iteration 32, Log 29
[INF][SYS]: Stability test - Iteration 32, Log 30
[INF][SYS]: Stability test - Iteration 32, Log 31
[INF][SYS]: Stability test - Iteration 32, Log 32
[INF][SYS]: Stability test - Iteration 32, Log 33
[INF][SYS]: Stability test - Iteration 32, Log 34
[INF][SYS]: Stability test - Iteration 32, Log 35
[INF][SYS]: Stability test - Iteration 32, Log 36
[INF][SYS]: Stability test - Iteration 32, Log 37
[INF][SYS]: Stability test - Iteration 32, Log 38
[INF][SYS]: Stability test - Iteration 32, Log 39
[INF][SYS]: Stability test - Iteration 32, Log 40
[INF][SYS]: Stability test - Iteration 32, Log 41
[INF][SYS]: Stability test - Iteration 32, Log 42
[INF][SYS]: Stability test - Iteration 32, Log 43
[INF][SYS]: Stability test - Iteration 32, Log 44
[INF][SYS]: Stability test - Iteration 32, Log 45
[INF][SYS]: Stability test - Iteration 32, Log 46
[INF][SYS]: Stability test - Iteration 32, Log 47
[INF][SYS]: Stability test - Iteration 32, Log 48
[INF][SYS]: Stability test - Iteration 32, Log 49
[INF][SYS]: Stability test - Iteration 33, Log 0
[INF][SYS]: Stability test - Iteration 33, Log 1
[INF][SYS]: Stability test - Iteration 33, Log 2
[INF][SYS]: Stability test - Iteration 33, Log 3
[INF][SYS]: Stability test - Iteration 33, Log 4
[INF][SYS]: Stability test - Iteration 33, Log 5
[INF][SYS]: Stability test - Iteration 33, Log 6
[INF][SYS]: Stability test - Iteration 33, Log 7
[INF][SYS]: Stability test - Iteration 33, Log 8
[INF][SYS]: Stability test - Iteration 33, Log 9
[INF][SYS]: Stability test - Iteration 33, Log 10
[INF][SYS]: Stability test - Iteration 33, Log 11
[INF][SYS]: Stability test - Iteration 33, Log 12
[INF][SYS]: Stability test - Iteration 33, Log 13
[INF][SYS]: Stability test - Iteration 33, Log 14
[INF][SYS]: Stability test - Iteration 33, Log 15
[INF][SYS]: Stability test - Iteration 33, Log 16
[INF][SYS]: Stability test - Iteration 33, Log 17
[INF][SYS]: Stability test - Iteration 33, Log 18
[INF][SYS]: Stability test - Iteration 33, Log 19
[INF][SYS]: Stability test - Iteration 33, Log 20
[INF][SYS]: Stability test - Iteration 33, Log 21
[INF][SYS]: Stability test - Iteration 33, Log 22
[INF][SYS]: Stability test - Iteration 33, Log 23
[INF][SYS]: Stability test - Iteration 33, Log 24
[INF][SYS]: Stability test - Iteration 33, Log 25
[INF][SYS]: Stability test - Iteration 33, Log 26
[INF][SYS]: Stability test - Iteration 33, Log 27
[INF][SYS]: Stability test - Iteration 33, Log 28
[INF][SYS]: Stability test - Iteration 33, Log 29
[INF][SYS]: Stability test - Iteration 33, Log 30
[INF][SYS]: Stability test - Iteration 33, Log 31
[INF][SYS]: Stability test - Iteration 33, Log 32
[INF][SYS]: Stability test - Iteration 33, Log 33
[INF][SYS]: Stability test - Iteration 33, Log 34
[INF][SYS]: Stability test - Iteration 33, Log 35
[INF][SYS]: Stability test - Iteration 33, Log 36
[INF][SYS]: Stability test - Iteration 33, Log 37
[INF][SYS]: Stability test - Iteration 33, Log 38
[INF][SYS]: Stability test - Iteration 33, Log 39
[INF][SYS]: Stability test - Iteration 33, Log 40
[INF][SYS]: Stability test - Iteration 33, Log 41
[INF][SYS]: Stability test - Iteration 33, Log 42
[INF][SYS]: Stability test - Iteration 33, Log 43
[INF][SYS]: Stability test - Iteration 33, Log 44
[INF][SYS]: Stability test - Iteration 33, Log 45
[INF][SYS]: Stability test - Iteration 33, Log 46
[INF][SYS]: Stability test - Iteration 33, Log 47
[INF][SYS]: Stability test - Iteration 33, Log 48
[INF][SYS]: Stability test - Iteration 33, Log 49
[INF][SYS]: Stability test - Iteration 34, Log 0
[INF][SYS]: Stability test - Iteration 34, Log 1
[INF][SYS]: Stability test - Iteration 34, Log 2
[INF][SYS]: Stability test - Iteration 34, Log 3
[INF][SYS]: Stability test - Iteration 34, Log 4
[INF][SYS]: Stability test - Iteration 34, Log 5
[INF][SYS]: Stability test - Iteration 34, Log 6
[INF][SYS]: Stability test - Iteration 34, Log 7
[INF][SYS]: Stability test - Iteration 34, Log 8
[INF][SYS]: Stability test - Iteration 34, Log 9
[INF][SYS]: Stability test - Iteration 34, Log 10
[INF][SYS]: Stability test - Iteration 34, Log 11
[INF][SYS]: Stability test - Iteration 34, Log 12
[INF][SYS]: Stability test - Iteration 34, Log 13
[INF][SYS]: Stability test - Iteration 34, Log 14
[INF][SYS]: Stability test - Iteration 34, Log 15
[INF][SYS]: Stability test - Iteration 34, Log 16
[INF][SYS]: Stability test - Iteration 34, Log 17
[INF][SYS]: Stability test - Iteration 34, Log 18
[INF][SYS]: Stability test - Iteration 34, Log 19
[INF][SYS]: Stability test - Iteration 34, Log 20
[INF][SYS]: Stability test - Iteration 34, Log 21
[INF][SYS]: Stability test - Iteration 34, Log 22
[INF][SYS]: Stability test - Iteration 34, Log 23
[INF][SYS]: Stability test - Iteration 34, Log 24
[INF][SYS]: Stability test - Iteration 34, Log 25
[INF][SYS]: Stability test - Iteration 34, Log 26
[INF][SYS]: Stability test - Iteration 34, Log 27
[INF][SYS]: Stability test - Iteration 34, Log 28
[INF][SYS]: Stability test - Iteration 34, Log 29
[INF][SYS]: Stability test - Iteration 34, Log 30
[INF][SYS]: Stability test - Iteration 34, Log 31
[INF][SYS]: Stability test - Iteration 34, Log 32
[INF][SYS]: Stability test - Iteration 34, Log 33
[INF][SYS]: Stability test - Iteration 34, Log 34
[INF][SYS]: Stability test - Iteration 34, Log 35
[INF][SYS]: Stability test - Iteration 34, Log 36
[INF][SYS]: Stability test - Iteration 34, Log 37
[INF][SYS]: Stability test - Iteration 34, Log 38
[INF][SYS]: Stability test - Iteration 34, Log 39
[INF][SYS]: Stability test - Iteration 34, Log 40
[INF][SYS]: Stability test - Iteration 34, Log 41
[INF][SYS]: Stability test - Iteration 34, Log 42
[INF][SYS]: Stability test - Iteration 34, Log 43
[INF][SYS]: Stability test - Iteration 34, Log 44
[INF][SYS]: Stability test - Iteration 34, Log 45
[INF][SYS]: Stability test - Iteration 34, Log 46
[INF][SYS]: Stability test - Iteration 34, Log 47
[INF][SYS]: Stability test - Iteration 34, Log 48
[INF][SYS]: Stability test - Iteration 34, Log 49
[INF][SYS]: Stability test - Iteration 35, Log 0
[INF][SYS]: Stability test - Iteration 35, Log 1
[INF][SYS]: Stability test - Iteration 35, Log 2
[INF][SYS]: Stability test - Iteration 35, Log 3
[INF][SYS]: Stability test - Iteration 35, Log 4
[INF][SYS]: Stability test - Iteration 35, Log 5
[INF][SYS]: Stability test - Iteration 35, Log 6
[INF][SYS]: Stability test - Iteration 35, Log 7
[INF][SYS]: Stability test - Iteration 35, Log 8
[INF][SYS]: Stability test - Iteration 35, Log 9
[INF][SYS]: Stability test - Iteration 35, Log 10
[INF][SYS]: Stability test - Iteration 35, Log 11
[INF][SYS]: Stability test - Iteration 35, Log 12
[INF][SYS]: Stability test - Iteration 35, Log 13
[INF][SYS]: Stability test - Iteration 35, Log 14
[INF][SYS]: Stability test - Iteration 35, Log 15
[INF][SYS]: Stability test - Iteration 35, Log 16
[INF][SYS]: Stability test - Iteration 35, Log 17
[INF][SYS]: Stability test - Iteration 35, Log 18
[INF][SYS]: Stability test - Iteration 35, Log 19
[INF][SYS]: Stability test - Iteration 35, Log 20
[INF][SYS]: Stability test - Iteration 35, Log 21
[INF][SYS]: Stability test - Iteration 35, Log 22
[INF][SYS]: Stability test - Iteration 35, Log 23
[INF][SYS]: Stability test - Iteration 35, Log 24
[INF][SYS]: Stability test - Iteration 35, Log 25
[INF][SYS]: Stability test - Iteration 35, Log 26
[INF][SYS]: Stability test - Iteration 35, Log 27
[INF][SYS]: Stability test - Iteration 35, Log 28
[INF][SYS]: Stability test - Iteration 35, Log 29
[INF][SYS]: Stability test - Iteration 35, Log 30
[INF][SYS]: Stability test - Iteration 35, Log 31
[INF][SYS]: Stability test - Iteration 35, Log 32
[INF][SYS]: Stability test - Iteration 35, Log 33
[INF][SYS]: Stability test - Iteration 35, Log 34
[INF][SYS]: Stability test - Iteration 35, Log 35
[INF][SYS]: Stability test - Iteration 35, Log 36
[INF][SYS]: Stability test - Iteration 35, Log 37
[INF][SYS]: Stability test - Iteration 35, Log 38
[INF][SYS]: Stability test - Iteration 35, Log 39
[INF][SYS]: Stability test - Iteration 35, Log 40
[INF][SYS]: Stability test - Iteration 35, Log 41
[INF][SYS]: Stability test - Iteration 35, Log 42
[INF][SYS]: Stability test - Iteration 35, Log 43
[INF][SYS]: Stability test - Iteration 35, Log 44
[INF][SYS]: Stability test - Iteration 35, Log 45
[INF][SYS]: Stability test - Iteration 35, Log 46
[INF][SYS]: Stability test - Iteration 35, Log 47
[INF][SYS]: Stability test - Iteration 35, Log 48
[INF][SYS]: Stability test - Iteration 35, Log 49
[INF][SYS]: Stability test - Iteration 36, Log 0
[INF][SYS]: Stability test - Iteration 36, Log 1
[INF][SYS]: Stability test - Iteration 36, Log 2
[INF][SYS]: Stability test - Iteration 36, Log 3
[INF][SYS]: Stability test - Iteration 36, Log 4
[INF][SYS]: Stability test - Iteration 36, Log 5
[INF][SYS]: Stability test - Iteration 36, Log 6
[INF][SYS]: Stability test - Iteration 36, Log 7
[INF][SYS]: Stability test - Iteration 36, Log 8
[INF][SYS]: Stability test - Iteration 36, Log 9
[INF][SYS]: Stability test - Iteration 36, Log 10
[INF][SYS]: Stability test - Iteration 36, Log 11
[INF][SYS]: Stability test - Iteration 36, Log 12
[INF][SYS]: Stability test - Iteration 36, Log 13
[INF][SYS]: Stability test - Iteration 36, Log 14
[INF][SYS]: Stability test - Iteration 36, Log 15
[INF][SYS]: Stability test - Iteration 36, Log 16
[INF][SYS]: Stability test - Iteration 36, Log 17
[INF][SYS]: Stability test - Iteration 36, Log 18
[INF][SYS]: Stability test - Iteration 36, Log 19
[INF][SYS]: Stability test - Iteration 36, Log 20
[INF][SYS]: Stability test - Iteration 36, Log 21
[INF][SYS]: Stability test - Iteration 36, Log 22
[INF][SYS]: Stability test - Iteration 36, Log 23
[INF][SYS]: Stability test - Iteration 36, Log 24
[INF][SYS]: Stability test - Iteration 36, Log 25
[INF][SYS]: Stability test - Iteration 36, Log 26
[INF][SYS]: Stability test - Iteration 36, Log 27
[INF][SYS]: Stability test - Iteration 36, Log 28
[INF][SYS]: Stability test - Iteration 36, Log 29
[INF][SYS]: Stability test - Iteration 36, Log 30
[INF][SYS]: Stability test - Iteration 36, Log 31
[INF][SYS]: Stability test - Iteration 36, Log 32
[INF][SYS]: Stability test - Iteration 36, Log 33
[INF][SYS]: Stability test - Iteration 36, Log 34
[INF][SYS]: Stability test - Iteration 36, Log 35
[INF][SYS]: Stability test - Iteration 36, Log 36
[INF][SYS]: Stability test - Iteration 36, Log 37
[INF][SYS]: Stability test - Iteration 36, Log 38
[INF][SYS]: Stability test - Iteration 36, Log 39
[INF][SYS]: Stability test - Iteration 36, Log 40
[INF][SYS]: Stability test - Iteration 36, Log 41
[INF][SYS]: Stability test - Iteration 36, Log 42
[INF][SYS]: Stability test - Iteration 36, Log 43
[INF][SYS]: Stability test - Iteration 36, Log 44
[INF][SYS]: Stability test - Iteration 36, Log 45
[INF][SYS]: Stability test - Iteration 36, Log 46
[INF][SYS]: Stability test - Iteration 36, Log 47
[INF][SYS]: Stability test - Iteration 36, Log 48
[INF][SYS]: Stability test - Iteration 36, Log 49
[INF][SYS]: Stability test - Iteration 37, Log 0
[INF][SYS]: Stability test - Iteration 37, Log 1
[INF][SYS]: Stability test - Iteration 37, Log 2
[INF][SYS]: Stability test - Iteration 37, Log 3
[INF][SYS]: Stability test - Iteration 37, Log 4
[INF][SYS]: Stability test - Iteration 37, Log 5
[INF][SYS]: Stability test - Iteration 37, Log 6
[INF][SYS]: Stability test - Iteration 37, Log 7
[INF][SYS]: Stability test - Iteration 37, Log 8
[INF][SYS]: Stability test - Iteration 37, Log 9
[INF][SYS]: Stability test - Iteration 37, Log 10
[INF][SYS]: Stability test - Iteration 37, Log 11
[INF][SYS]: Stability test - Iteration 37, Log 12
[INF][SYS]: Stability test - Iteration 37, Log 13
[INF][SYS]: Stability test - Iteration 37, Log 14
[INF][SYS]: Stability test - Iteration 37, Log 15
[INF][SYS]: Stability test - Iteration 37, Log 16
[INF][SYS]: Stability test - Iteration 37, Log 17
[INF][SYS]: Stability test - Iteration 37, Log 18
[INF][SYS]: Stability test - Iteration 37, Log 19
[INF][SYS]: Stability test - Iteration 37, Log 20
[INF][SYS]: Stability test - Iteration 37, Log 21
[INF][SYS]: Stability test - Iteration 37, Log 22
[INF][SYS]: Stability test - Iteration 37, Log 23
[INF][SYS]: Stability test - Iteration 37, Log 24
[INF][SYS]: Stability test - Iteration 37, Log 25
[INF][SYS]: Stability test - Iteration 37, Log 26
[INF][SYS]: Stability test - Iteration 37, Log 27
[INF][SYS]: Stability test - Iteration 37, Log 28
[INF][SYS]: Stability test - Iteration 37, Log 29
[INF][SYS]: Stability test - Iteration 37, Log 30
[INF][SYS]: Stability test - Iteration 37, Log 31
[INF][SYS]: Stability test - Iteration 37, Log 32
[INF][SYS]: Stability test - Iteration 37, Log 33
[INF][SYS]: Stability test - Iteration 37, Log 34
[INF][SYS]: Stability test - Iteration 37, Log 35
[INF][SYS]: Stability test - Iteration 37, Log 36
[INF][SYS]: Stability test - Iteration 37, Log 37
[INF][SYS]: Stability test - Iteration 37, Log 38
[INF][SYS]: Stability test - Iteration 37, Log 39
[INF][SYS]: Stability test - Iteration 37, Log 40
[INF][SYS]: Stability test - Iteration 37, Log 41
[INF][SYS]: Stability test - Iteration 37, Log 42
[INF][SYS]: Stability test - Iteration 37, Log 43
[INF][SYS]: Stability test - Iteration 37, Log 44
[INF][SYS]: Stability test - Iteration 37, Log 45
[INF][SYS]: Stability test - Iteration 37, Log 46
[INF][SYS]: Stability test - Iteration 37, Log 47
[INF][SYS]: Stability test - Iteration 37, Log 48
[INF][SYS]: Stability test - Iteration 37, Log 49
[INF][SYS]: Stability test - Iteration 38, Log 0
[INF][SYS]: Stability test - Iteration 38, Log 1
[INF][SYS]: Stability test - Iteration 38, Log 2
[INF][SYS]: Stability test - Iteration 38, Log 3
[INF][SYS]: Stability test - Iteration 38, Log 4
[INF][SYS]: Stability test - Iteration 38, Log 5
[INF][SYS]: Stability test - Iteration 38, Log 6
[INF][SYS]: Stability test - Iteration 38, Log 7
[INF][SYS]: Stability test - Iteration 38, Log 8
[INF][SYS]: Stability test - Iteration 38, Log 9
[INF][SYS]: Stability test - Iteration 38, Log 10
[INF][SYS]: Stability test - Iteration 38, Log 11
[INF][SYS]: Stability test - Iteration 38, Log 12
[INF][SYS]: Stability test - Iteration 38, Log 13
[INF][SYS]: Stability test - Iteration 38, Log 14
[INF][SYS]: Stability test - Iteration 38, Log 15
[INF][SYS]: Stability test - Iteration 38, Log 16
[INF][SYS]: Stability test - Iteration 38, Log 17
[INF][SYS]: Stability test - Iteration 38, Log 18
[INF][SYS]: Stability test - Iteration 38, Log 19
[INF][SYS]: Stability test - Iteration 38, Log 20
[INF][SYS]: Stability test - Iteration 38, Log 21
[INF][SYS]: Stability test - Iteration 38, Log 22
[INF][SYS]: Stability test - Iteration 38, Log 23
[INF][SYS]: Stability test - Iteration 38, Log 24
[INF][SYS]: Stability test - Iteration 38, Log 25
[INF][SYS]: Stability test - Iteration 38, Log 26
[INF][SYS]: Stability test - Iteration 38, Log 27
[INF][SYS]: Stability test - Iteration 38, Log 28
[INF][SYS]: Stability test - Iteration 38, Log 29
[INF][SYS]: Stability test - Iteration 38, Log 30
[INF][SYS]: Stability test - Iteration 38, Log 31
[INF][SYS]: Stability test - Iteration 38, Log 32
[INF][SYS]: Stability test - Iteration 38, Log 33
[INF][SYS]: Stability test - Iteration 38, Log 34
[INF][SYS]: Stability test - Iteration 38, Log 35
[INF][SYS]: Stability test - Iteration 38, Log 36
[INF][SYS]: Stability test - Iteration 38, Log 37
[INF][SYS]: Stability test - Iteration 38, Log 38
[INF][SYS]: Stability test - Iteration 38, Log 39
[INF][SYS]: Stability test - Iteration 38, Log 40
[INF][SYS]: Stability test - Iteration 38, Log 41
[INF][SYS]: Stability test - Iteration 38, Log 42
[INF][SYS]: Stability test - Iteration 38, Log 43
[INF][SYS]: Stability test - Iteration 38, Log 44
[INF][SYS]: Stability test - Iteration 38, Log 45
[INF][SYS]: Stability test - Iteration 38, Log 46
[INF][SYS]: Stability test - Iteration 38, Log 47
[INF][SYS]: Stability test - Iteration 38, Log 48
[INF][SYS]: Stability test - Iteration 38, Log 49
[INF][SYS]: Stability test - Iteration 39, Log 0
[INF][SYS]: Stability test - Iteration 39, Log 1
[INF][SYS]: Stability test - Iteration 39, Log 2
[INF][SYS]: Stability test - Iteration 39, Log 3
[INF][SYS]: Stability test - Iteration 39, Log 4
[INF][SYS]: Stability test - Iteration 39, Log 5
[INF][SYS]: Stability test - Iteration 39, Log 6
[INF][SYS]: Stability test - Iteration 39, Log 7
[INF][SYS]: Stability test - Iteration 39, Log 8
[INF][SYS]: Stability test - Iteration 39, Log 9
[INF][SYS]: Stability test - Iteration 39, Log 10
[INF][SYS]: Stability test - Iteration 39, Log 11
[INF][SYS]: Stability test - Iteration 39, Log 12
[INF][SYS]: Stability test - Iteration 39, Log 13
[INF][SYS]: Stability test - Iteration 39, Log 14
[INF][SYS]: Stability test - Iteration 39, Log 15
[INF][SYS]: Stability test - Iteration 39, Log 16
[INF][SYS]: Stability test - Iteration 39, Log 17
[INF][SYS]: Stability test - Iteration 39, Log 18
[INF][SYS]: Stability test - Iteration 39, Log 19
[INF][SYS]: Stability test - Iteration 39, Log 20
[INF][SYS]: Stability test - Iteration 39, Log 21
[INF][SYS]: Stability test - Iteration 39, Log 22
[INF][SYS]: Stability test - Iteration 39, Log 23
[INF][SYS]: Stability test - Iteration 39, Log 24
[INF][SYS]: Stability test - Iteration 39, Log 25
[INF][SYS]: Stability test - Iteration 39, Log 26
[INF][SYS]: Stability test - Iteration 39, Log 27
[INF][SYS]: Stability test - Iteration 39, Log 28
[INF][SYS]: Stability test - Iteration 39, Log 29
[INF][SYS]: Stability test - Iteration 39, Log 30
[INF][SYS]: Stability test - Iteration 39, Log 31
[INF][SYS]: Stability test - Iteration 39, Log 32
[INF][SYS]: Stability test - Iteration 39, Log 33
[INF][SYS]: Stability test - Iteration 39, Log 34
[INF][SYS]: Stability test - Iteration 39, Log 35
[INF][SYS]: Stability test - Iteration 39, Log 36
[INF][SYS]: Stability test - Iteration 39, Log 37
[INF][SYS]: Stability test - Iteration 39, Log 38
[INF][SYS]: Stability test - Iteration 39, Log 39
[INF][SYS]: Stability test - Iteration 39, Log 40
[INF][SYS]: Stability test - Iteration 39, Log 41
[INF][SYS]: Stability test - Iteration 39, Log 42
[INF][SYS]: Stability test - Iteration 39, Log 43
[INF][SYS]: Stability test - Iteration 39, Log 44
[INF][SYS]: Stability test - Iteration 39, Log 45
[INF][SYS]: Stability test - Iteration 39, Log 46
[INF][SYS]: Stability test - Iteration 39, Log 47
[INF][SYS]: Stability test - Iteration 39, Log 48
[INF][SYS]: Stability test - Iteration 39, Log 49
[INF][SYS]: Stability test - Iteration 40, Log 0
[INF][SYS]: Stability test - Iteration 40, Log 1
[INF][SYS]: Stability test - Iteration 40, Log 2
[INF][SYS]: Stability test - Iteration 40, Log 3
[INF][SYS]: Stability test - Iteration 40, Log 4
[INF][SYS]: Stability test - Iteration 40, Log 5
[INF][SYS]: Stability test - Iteration 40, Log 6
[INF][SYS]: Stability test - Iteration 40, Log 7
[INF][SYS]: Stability test - Iteration 40, Log 8
[INF][SYS]: Stability test - Iteration 40, Log 9
[INF][SYS]: Stability test - Iteration 40, Log 10
[INF][SYS]: Stability test - Iteration 40, Log 11
[INF][SYS]: Stability test - Iteration 40, Log 12
[INF][SYS]: Stability test - Iteration 40, Log 13
[INF][SYS]: Stability test - Iteration 40, Log 14
[INF][SYS]: Stability test - Iteration 40, Log 15
[INF][SYS]: Stability test - Iteration 40, Log 16
[INF][SYS]: Stability test - Iteration 40, Log 17
[INF][SYS]: Stability test - Iteration 40, Log 18
[INF][SYS]: Stability test - Iteration 40, Log 19
[INF][SYS]: Stability test - Iteration 40, Log 20
[INF][SYS]: Stability test - Iteration 40, Log 21
[INF][SYS]: Stability test - Iteration 40, Log 22
[INF][SYS]: Stability test - Iteration 40, Log 23
[INF][SYS]: Stability test - Iteration 40, Log 24
[INF][SYS]: Stability test - Iteration 40, Log 25
[INF][SYS]: Stability test - Iteration 40, Log 26
[INF][SYS]: Stability test - Iteration 40, Log 27
[INF][SYS]: Stability test - Iteration 40, Log 28
[INF][SYS]: Stability test - Iteration 40, Log 29
[INF][SYS]: Stability test - Iteration 40, Log 30
[INF][SYS]: Stability test - Iteration 40, Log 31
[INF][SYS]: Stability test - Iteration 40, Log 32
[INF][SYS]: Stability test - Iteration 40, Log 33
[INF][SYS]: Stability test - Iteration 40, Log 34
[INF][SYS]: Stability test - Iteration 40, Log 35
[INF][SYS]: Stability test - Iteration 40, Log 36
[INF][SYS]: Stability test - Iteration 40, Log 37
[INF][SYS]: Stability test - Iteration 40, Log 38
[INF][SYS]: Stability test - Iteration 40, Log 39
[INF][SYS]: Stability test - Iteration 40, Log 40
[INF][SYS]: Stability test - Iteration 40, Log 41
[INF][SYS]: Stability test - Iteration 40, Log 42
[INF][SYS]: Stability test - Iteration 40, Log 43
[INF][SYS]: Stability test - Iteration 40, Log 44
[INF][SYS]: Stability test - Iteration 40, Log 45
[INF][SYS]: Stability test - Iteration 40, Log 46
[INF][SYS]: Stability test - Iteration 40, Log 47
[INF][SYS]: Stability test - Iteration 40, Log 48
[INF][SYS]: Stability test - Iteration 40, Log 49
[INF][SYS]: Stability test - Iteration 41, Log 0
[INF][SYS]: Stability test - Iteration 41, Log 1
[INF][SYS]: Stability test - Iteration 41, Log 2
[INF][SYS]: Stability test - Iteration 41, Log 3
[INF][SYS]: Stability test - Iteration 41, Log 4
[INF][SYS]: Stability test - Iteration 41, Log 5
[INF][SYS]: Stability test - Iteration 41, Log 6
[INF][SYS]: Stability test - Iteration 41, Log 7
[INF][SYS]: Stability test - Iteration 41, Log 8
[INF][SYS]: Stability test - Iteration 41, Log 9
[INF][SYS]: Stability test - Iteration 41, Log 10
[INF][SYS]: Stability test - Iteration 41, Log 11
[INF][SYS]: Stability test - Iteration 41, Log 12
[INF][SYS]: Stability test - Iteration 41, Log 13
[INF][SYS]: Stability test - Iteration 41, Log 14
[INF][SYS]: Stability test - Iteration 41, Log 15
[INF][SYS]: Stability test - Iteration 41, Log 16
[INF][SYS]: Stability test - Iteration 41, Log 17
[INF][SYS]: Stability test - Iteration 41, Log 18
[INF][SYS]: Stability test - Iteration 41, Log 19
[INF][SYS]: Stability test - Iteration 41, Log 20
[INF][SYS]: Stability test - Iteration 41, Log 21
[INF][SYS]: Stability test - Iteration 41, Log 22
[INF][SYS]: Stability test - Iteration 41, Log 23
[INF][SYS]: Stability test - Iteration 41, Log 24
[INF][SYS]: Stability test - Iteration 41, Log 25
[INF][SYS]: Stability test - Iteration 41, Log 26
[INF][SYS]: Stability test - Iteration 41, Log 27
[INF][SYS]: Stability test - Iteration 41, Log 28
[INF][SYS]: Stability test - Iteration 41, Log 29
[INF][SYS]: Stability test - Iteration 41, Log 30
[INF][SYS]: Stability test - Iteration 41, Log 31
[INF][SYS]: Stability test - Iteration 41, Log 32
[INF][SYS]: Stability test - Iteration 41, Log 33
[INF][SYS]: Stability test - Iteration 41, Log 34
[INF][SYS]: Stability test - Iteration 41, Log 35
[INF][SYS]: Stability test - Iteration 41, Log 36
[INF][SYS]: Stability test - Iteration 41, Log 37
[INF][SYS]: Stability test - Iteration 41, Log 38
[INF][SYS]: Stability test - Iteration 41, Log 39
[INF][SYS]: Stability test - Iteration 41, Log 40
[INF][SYS]: Stability test - Iteration 41, Log 41
[INF][SYS]: Stability test - Iteration 41, Log 42
[INF][SYS]: Stability test - Iteration 41, Log 43
[INF][SYS]: Stability test - Iteration 41, Log 44
[INF][SYS]: Stability test - Iteration 41, Log 45
[INF][SYS]: Stability test - Iteration 41, Log 46
[INF][SYS]: Stability test - Iteration 41, Log 47
[INF][SYS]: Stability test - Iteration 41, Log 48
[INF][SYS]: Stability test - Iteration 41, Log 49
[INF][SYS]: Stability test - Iteration 42, Log 0
[INF][SYS]: Stability test - Iteration 42, Log 1
[INF][SYS]: Stability test - Iteration 42, Log 2
[INF][SYS]: Stability test - Iteration 42, Log 3
[INF][SYS]: Stability test - Iteration 42, Log 4
[INF][SYS]: Stability test - Iteration 42, Log 5
[INF][SYS]: Stability test - Iteration 42, Log 6
[INF][SYS]: Stability test - Iteration 42, Log 7
[INF][SYS]: Stability test - Iteration 42, Log 8
[INF][SYS]: Stability test - Iteration 42, Log 9
[INF][SYS]: Stability test - Iteration 42, Log 10
[INF][SYS]: Stability test - Iteration 42, Log 11
[INF][SYS]: Stability test - Iteration 42, Log 12
[INF][SYS]: Stability test - Iteration 42, Log 13
[INF][SYS]: Stability test - Iteration 42, Log 14
[INF][SYS]: Stability test - Iteration 42, Log 15
[INF][SYS]: Stability test - Iteration 42, Log 16
[INF][SYS]: Stability test - Iteration 42, Log 17
[INF][SYS]: Stability test - Iteration 42, Log 18
[INF][SYS]: Stability test - Iteration 42, Log 19
[INF][SYS]: Stability test - Iteration 42, Log 20
[INF][SYS]: Stability test - Iteration 42, Log 21
[INF][SYS]: Stability test - Iteration 42, Log 22
[INF][SYS]: Stability test - Iteration 42, Log 23
[INF][SYS]: Stability test - Iteration 42, Log 24
[INF][SYS]: Stability test - Iteration 42, Log 25
[INF][SYS]: Stability test - Iteration 42, Log 26
[INF][SYS]: Stability test - Iteration 42, Log 27
[INF][SYS]: Stability test - Iteration 42, Log 28
[INF][SYS]: Stability test - Iteration 42, Log 29
[INF][SYS]: Stability test - Iteration 42, Log 30
[INF][SYS]: Stability test - Iteration 42, Log 31
[INF][SYS]: Stability test - Iteration 42, Log 32
[INF][SYS]: Stability test - Iteration 42, Log 33
[INF][SYS]: Stability test - Iteration 42, Log 34
[INF][SYS]: Stability test - Iteration 42, Log 35
[INF][SYS]: Stability test - Iteration 42, Log 36
[INF][SYS]: Stability test - Iteration 42, Log 37
[INF][SYS]: Stability test - Iteration 42, Log 38
[INF][SYS]: Stability test - Iteration 42, Log 39
[INF][SYS]: Stability test - Iteration 42, Log 40
[INF][SYS]: Stability test - Iteration 42, Log 41
[INF][SYS]: Stability test - Iteration 42, Log 42
[INF][SYS]: Stability test - Iteration 42, Log 43
[INF][SYS]: Stability test - Iteration 42, Log 44
[INF][SYS]: Stability test - Iteration 42, Log 45
[INF][SYS]: Stability test - Iteration 42, Log 46
[INF][SYS]: Stability test - Iteration 42, Log 47
[INF][SYS]: Stability test - Iteration 42, Log 48
[INF][SYS]: Stability test - Iteration 42, Log 49
[INF][SYS]: Stability test - Iteration 43, Log 0
[INF][SYS]: Stability test - Iteration 43, Log 1
[INF][SYS]: Stability test - Iteration 43, Log 2
[INF][SYS]: Stability test - Iteration 43, Log 3
[INF][SYS]: Stability test - Iteration 43, Log 4
[INF][SYS]: Stability test - Iteration 43, Log 5
[INF][SYS]: Stability test - Iteration 43, Log 6
[INF][SYS]: Stability test - Iteration 43, Log 7
[INF][SYS]: Stability test - Iteration 43, Log 8
[INF][SYS]: Stability test - Iteration 43, Log 9
[INF][SYS]: Stability test - Iteration 43, Log 10
[INF][SYS]: Stability test - Iteration 43, Log 11
[INF][SYS]: Stability test - Iteration 43, Log 12
[INF][SYS]: Stability test - Iteration 43, Log 13
[INF][SYS]: Stability test - Iteration 43, Log 14
[INF][SYS]: Stability test - Iteration 43, Log 15
[INF][SYS]: Stability test - Iteration 43, Log 16
[INF][SYS]: Stability test - Iteration 43, Log 17
[INF][SYS]: Stability test - Iteration 43, Log 18
[INF][SYS]: Stability test - Iteration 43, Log 19
[INF][SYS]: Stability test - Iteration 43, Log 20
[INF][SYS]: Stability test - Iteration 43, Log 21
[INF][SYS]: Stability test - Iteration 43, Log 22
[INF][SYS]: Stability test - Iteration 43, Log 23
[INF][SYS]: Stability test - Iteration 43, Log 24
[INF][SYS]: Stability test - Iteration 43, Log 25
[INF][SYS]: Stability test - Iteration 43, Log 26
[INF][SYS]: Stability test - Iteration 43, Log 27
[INF][SYS]: Stability test - Iteration 43, Log 28
[INF][SYS]: Stability test - Iteration 43, Log 29
[INF][SYS]: Stability test - Iteration 43, Log 30
[INF][SYS]: Stability test - Iteration 43, Log 31
[INF][SYS]: Stability test - Iteration 43, Log 32
[INF][SYS]: Stability test - Iteration 43, Log 33
[INF][SYS]: Stability test - Iteration 43, Log 34
[INF][SYS]: Stability test - Iteration 43, Log 35
[INF][SYS]: Stability test - Iteration 43, Log 36
[INF][SYS]: Stability test - Iteration 43, Log 37
[INF][SYS]: Stability test - Iteration 43, Log 38
[INF][SYS]: Stability test - Iteration 43, Log 39
[INF][SYS]: Stability test - Iteration 43, Log 40
[INF][SYS]: Stability test - Iteration 43, Log 41
[INF][SYS]: Stability test - Iteration 43, Log 42
[INF][SYS]: Stability test - Iteration 43, Log 43
[INF][SYS]: Stability test - Iteration 43, Log 44
[INF][SYS]: Stability test - Iteration 43, Log 45
[INF][SYS]: Stability test - Iteration 43, Log 46
[INF][SYS]: Stability test - Iteration 43, Log 47
[INF][SYS]: Stability test - Iteration 43, Log 48
[INF][SYS]: Stability test - Iteration 43, Log 49
[INF][SYS]: Stability test - Iteration 44, Log 0
[INF][SYS]: Stability test - Iteration 44, Log 1
[INF][SYS]: Stability test - Iteration 44, Log 2
[INF][SYS]: Stability test - Iteration 44, Log 3
[INF][SYS]: Stability test - Iteration 44, Log 4
[INF][SYS]: Stability test - Iteration 44, Log 5
[INF][SYS]: Stability test - Iteration 44, Log 6
[INF][SYS]: Stability test - Iteration 44, Log 7
[INF][SYS]: Stability test - Iteration 44, Log 8
[INF][SYS]: Stability test - Iteration 44, Log 9
[INF][SYS]: Stability test - Iteration 44, Log 10
[INF][SYS]: Stability test - Iteration 44, Log 11
[INF][SYS]: Stability test - Iteration 44, Log 12
[INF][SYS]: Stability test - Iteration 44, Log 13
[INF][SYS]: Stability test - Iteration 44, Log 14
[INF][SYS]: Stability test - Iteration 44, Log 15
[INF][SYS]: Stability test - Iteration 44, Log 16
[INF][SYS]: Stability test - Iteration 44, Log 17
[INF][SYS]: Stability test - Iteration 44, Log 18
[INF][SYS]: Stability test - Iteration 44, Log 19
[INF][SYS]: Stability test - Iteration 44, Log 20
[INF][SYS]: Stability test - Iteration 44, Log 21
[INF][SYS]: Stability test - Iteration 44, Log 22
[INF][SYS]: Stability test - Iteration 44, Log 23
[INF][SYS]: Stability test - Iteration 44, Log 24
[INF][SYS]: Stability test - Iteration 44, Log 25
[INF][SYS]: Stability test - Iteration 44, Log 26
[INF][SYS]: Stability test - Iteration 44, Log 27
[INF][SYS]: Stability test - Iteration 44, Log 28
[INF][SYS]: Stability test - Iteration 44, Log 29
[INF][SYS]: Stability test - Iteration 44, Log 30
[INF][SYS]: Stability test - Iteration 44, Log 31
[INF][SYS]: Stability test - Iteration 44, Log 32
[INF][SYS]: Stability test - Iteration 44, Log 33
[INF][SYS]: Stability test - Iteration 44, Log 34
[INF][SYS]: Stability test - Iteration 44, Log 35
[INF][SYS]: Stability test - Iteration 44, Log 36
[INF][SYS]: Stability test - Iteration 44, Log 37
[INF][SYS]: Stability test - Iteration 44, Log 38
[INF][SYS]: Stability test - Iteration 44, Log 39
[INF][SYS]: Stability test - Iteration 44, Log 40
[INF][SYS]: Stability test - Iteration 44, Log 41
[INF][SYS]: Stability test - Iteration 44, Log 42
[INF][SYS]: Stability test - Iteration 44, Log 43
[INF][SYS]: Stability test - Iteration 44, Log 44
[INF][SYS]: Stability test - Iteration 44, Log 45
[INF][SYS]: Stability test - Iteration 44, Log 46
[INF][SYS]: Stability test - Iteration 44, Log 47
[INF][SYS]: Stability test - Iteration 44, Log 48
[INF][SYS]: Stability test - Iteration 44, Log 49
[INF][SYS]: Stability test - Iteration 45, Log 0
[INF][SYS]: Stability test - Iteration 45, Log 1
[INF][SYS]: Stability test - Iteration 45, Log 2
[INF][SYS]: Stability test - Iteration 45, Log 3
[INF][SYS]: Stability test - Iteration 45, Log 4
[INF][SYS]: Stability test - Iteration 45, Log 5
[INF][SYS]: Stability test - Iteration 45, Log 6
[INF][SYS]: Stability test - Iteration 45, Log 7
[INF][SYS]: Stability test - Iteration 45, Log 8
[INF][SYS]: Stability test - Iteration 45, Log 9
[INF][SYS]: Stability test - Iteration 45, Log 10
[INF][SYS]: Stability test - Iteration 45, Log 11
[INF][SYS]: Stability test - Iteration 45, Log 12
[INF][SYS]: Stability test - Iteration 45, Log 13
[INF][SYS]: Stability test - Iteration 45, Log 14
[INF][SYS]: Stability test - Iteration 45, Log 15
[INF][SYS]: Stability test - Iteration 45, Log 16
[INF][SYS]: Stability test - Iteration 45, Log 17
[INF][SYS]: Stability test - Iteration 45, Log 18
[INF][SYS]: Stability test - Iteration 45, Log 19
[INF][SYS]: Stability test - Iteration 45, Log 20
[INF][SYS]: Stability test - Iteration 45, Log 21
[INF][SYS]: Stability test - Iteration 45, Log 22
[INF][SYS]: Stability test - Iteration 45, Log 23
[INF][SYS]: Stability test - Iteration 45, Log 24
[INF][SYS]: Stability test - Iteration 45, Log 25
[INF][SYS]: Stability test - Iteration 45, Log 26
[INF][SYS]: Stability test - Iteration 45, Log 27
[INF][SYS]: Stability test - Iteration 45, Log 28
[INF][SYS]: Stability test - Iteration 45, Log 29
[INF][SYS]: Stability test - Iteration 45, Log 30
[INF][SYS]: Stability test - Iteration 45, Log 31
[INF][SYS]: Stability test - Iteration 45, Log 32
[INF][SYS]: Stability test - Iteration 45, Log 33
[INF][SYS]: Stability test - Iteration 45, Log 34
[INF][SYS]: Stability test - Iteration 45, Log 35
[INF][SYS]: Stability test - Iteration 45, Log 36
[INF][SYS]: Stability test - Iteration 45, Log 37
[INF][SYS]: Stability test - Iteration 45, Log 38
[INF][SYS]: Stability test - Iteration 45, Log 39
[INF][SYS]: Stability test - Iteration 45, Log 40
[INF][SYS]: Stability test - Iteration 45, Log 41
[INF][SYS]: Stability test - Iteration 45, Log 42
[INF][SYS]: Stability test - Iteration 45, Log 43
[INF][SYS]: Stability test - Iteration 45, Log 44
[INF][SYS]: Stability test - Iteration 45, Log 45
[INF][SYS]: Stability test - Iteration 45, Log 46
[INF][SYS]: Stability test - Iteration 45, Log 47
[INF][SYS]: Stability test - Iteration 45, Log 48
[INF][SYS]: Stability test - Iteration 45, Log 49
[INF][SYS]: Stability test - Iteration 46, Log 0
[INF][SYS]: Stability test - Iteration 46, Log 1
[INF][SYS]: Stability test - Iteration 46, Log 2
[INF][SYS]: Stability test - Iteration 46, Log 3
[INF][SYS]: Stability test - Iteration 46, Log 4
[INF][SYS]: Stability test - Iteration 46, Log 5
[INF][SYS]: Stability test - Iteration 46, Log 6
[INF][SYS]: Stability test - Iteration 46, Log 7
[INF][SYS]: Stability test - Iteration 46, Log 8
[INF][SYS]: Stability test - Iteration 46, Log 9
[INF][SYS]: Stability test - Iteration 46, Log 10
[INF][SYS]: Stability test - Iteration 46, Log 11
[INF][SYS]: Stability test - Iteration 46, Log 12
[INF][SYS]: Stability test - Iteration 46, Log 13
[INF][SYS]: Stability test - Iteration 46, Log 14
[INF][SYS]: Stability test - Iteration 46, Log 15
[INF][SYS]: Stability test - Iteration 46, Log 16
[INF][SYS]: Stability test - Iteration 46, Log 17
[INF][SYS]: Stability test - Iteration 46, Log 18
[INF][SYS]: Stability test - Iteration 46, Log 19
[INF][SYS]: Stability test - Iteration 46, Log 20
[INF][SYS]: Stability test - Iteration 46, Log 21
[INF][SYS]: Stability test - Iteration 46, Log 22
[INF][SYS]: Stability test - Iteration 46, Log 23
[INF][SYS]: Stability test - Iteration 46, Log 24
[INF][SYS]: Stability test - Iteration 46, Log 25
[INF][SYS]: Stability test - Iteration 46, Log 26
[INF][SYS]: Stability test - Iteration 46, Log 27
[INF][SYS]: Stability test - Iteration 46, Log 28
[INF][SYS]: Stability test - Iteration 46, Log 29
[INF][SYS]: Stability test - Iteration 46, Log 30
[INF][SYS]: Stability test - Iteration 46, Log 31
[INF][SYS]: Stability test - Iteration 46, Log 32
[INF][SYS]: Stability test - Iteration 46, Log 33
[INF][SYS]: Stability test - Iteration 46, Log 34
[INF][SYS]: Stability test - Iteration 46, Log 35
[INF][SYS]: Stability test - Iteration 46, Log 36
[INF][SYS]: Stability test - Iteration 46, Log 37
[INF][SYS]: Stability test - Iteration 46, Log 38
[INF][SYS]: Stability test - Iteration 46, Log 39
[INF][SYS]: Stability test - Iteration 46, Log 40
[INF][SYS]: Stability test - Iteration 46, Log 41
[INF][SYS]: Stability test - Iteration 46, Log 42
[INF][SYS]: Stability test - Iteration 46, Log 43
[INF][SYS]: Stability test - Iteration 46, Log 44
[INF][SYS]: Stability test - Iteration 46, Log 45
[INF][SYS]: Stability test - Iteration 46, Log 46
[INF][SYS]: Stability test - Iteration 46, Log 47
[INF][SYS]: Stability test - Iteration 46, Log 48
[INF][SYS]: Stability test - Iteration 46, Log 49
[INF][SYS]: Stability test - Iteration 47, Log 0
[INF][SYS]: Stability test - Iteration 47, Log 1
[INF][SYS]: Stability test - Iteration 47, Log 2
[INF][SYS]: Stability test - Iteration 47, Log 3
[INF][SYS]: Stability test - Iteration 47, Log 4
[INF][SYS]: Stability test - Iteration 47, Log 5
[INF][SYS]: Stability test - Iteration 47, Log 6
[INF][SYS]: Stability test - Iteration 47, Log 7
[INF][SYS]: Stability test - Iteration 47, Log 8
[INF][SYS]: Stability test - Iteration 47, Log 9
[INF][SYS]: Stability test - Iteration 47, Log 10
[INF][SYS]: Stability test - Iteration 47, Log 11
[INF][SYS]: Stability test - Iteration 47, Log 12
[INF][SYS]: Stability test - Iteration 47, Log 13
[INF][SYS]: Stability test - Iteration 47, Log 14
[INF][SYS]: Stability test - Iteration 47, Log 15
[INF][SYS]: Stability test - Iteration 47, Log 16
[INF][SYS]: Stability test - Iteration 47, Log 17
[INF][SYS]: Stability test - Iteration 47, Log 18
[INF][SYS]: Stability test - Iteration 47, Log 19
[INF][SYS]: Stability test - Iteration 47, Log 20
[INF][SYS]: Stability test - Iteration 47, Log 21
[INF][SYS]: Stability test - Iteration 47, Log 22
[INF][SYS]: Stability test - Iteration 47, Log 23
[INF][SYS]: Stability test - Iteration 47, Log 24
[INF][SYS]: Stability test - Iteration 47, Log 25
[INF][SYS]: Stability test - Iteration 47, Log 26
[INF][SYS]: Stability test - Iteration 47, Log 27
[INF][SYS]: Stability test - Iteration 47, Log 28
[INF][SYS]: Stability test - Iteration 47, Log 29
[INF][SYS]: Stability test - Iteration 47, Log 30
[INF][SYS]: Stability test - Iteration 47, Log 31
[INF][SYS]: Stability test - Iteration 47, Log 32
[INF][SYS]: Stability test - Iteration 47, Log 33
[INF][SYS]: Stability test - Iteration 47, Log 34
[INF][SYS]: Stability test - Iteration 47, Log 35
[INF][SYS]: Stability test - Iteration 47, Log 36
[INF][SYS]: Stability test - Iteration 47, Log 37
[INF][SYS]: Stability test - Iteration 47, Log 38
[INF][SYS]: Stability test - Iteration 47, Log 39
[INF][SYS]: Stability test - Iteration 47, Log 40
[INF][SYS]: Stability test - Iteration 47, Log 41
[INF][SYS]: Stability test - Iteration 47, Log 42
[INF][SYS]: Stability test - Iteration 47, Log 43
[INF][SYS]: Stability test - Iteration 47, Log 44
[INF][SYS]: Stability test - Iteration 47, Log 45
[INF][SYS]: Stability test - Iteration 47, Log 46
[INF][SYS]: Stability test - Iteration 47, Log 47
[INF][SYS]: Stability test - Iteration 47, Log 48
[INF][SYS]: Stability test - Iteration 47, Log 49
[INF][SYS]: Stability test - Iteration 48, Log 0
[INF][SYS]: Stability test - Iteration 48, Log 1
[INF][SYS]: Stability test - Iteration 48, Log 2
[INF][SYS]: Stability test - Iteration 48, Log 3
[INF][SYS]: Stability test - Iteration 48, Log 4
[INF][SYS]: Stability test - Iteration 48, Log 5
[INF][SYS]: Stability test - Iteration 48, Log 6
[INF][SYS]: Stability test - Iteration 48, Log 7
[INF][SYS]: Stability test - Iteration 48, Log 8
[INF][SYS]: Stability test - Iteration 48, Log 9
[INF][SYS]: Stability test - Iteration 48, Log 10
[INF][SYS]: Stability test - Iteration 48, Log 11
[INF][SYS]: Stability test - Iteration 48, Log 12
[INF][SYS]: Stability test - Iteration 48, Log 13
[INF][SYS]: Stability test - Iteration 48, Log 14
[INF][SYS]: Stability test - Iteration 48, Log 15
[INF][SYS]: Stability test - Iteration 48, Log 16
[INF][SYS]: Stability test - Iteration 48, Log 17
[INF][SYS]: Stability test - Iteration 48, Log 18
[INF][SYS]: Stability test - Iteration 48, Log 19
[INF][SYS]: Stability test - Iteration 48, Log 20
[INF][SYS]: Stability test - Iteration 48, Log 21
[INF][SYS]: Stability test - Iteration 48, Log 22
[INF][SYS]: Stability test - Iteration 48, Log 23
[INF][SYS]: Stability test - Iteration 48, Log 24
[INF][SYS]: Stability test - Iteration 48, Log 25
[INF][SYS]: Stability test - Iteration 48, Log 26
[INF][SYS]: Stability test - Iteration 48, Log 27
[INF][SYS]: Stability test - Iteration 48, Log 28
[INF][SYS]: Stability test - Iteration 48, Log 29
[INF][SYS]: Stability test - Iteration 48, Log 30
[INF][SYS]: Stability test - Iteration 48, Log 31
[INF][SYS]: Stability test - Iteration 48, Log 32
[INF][SYS]: Stability test - Iteration 48, Log 33
[INF][SYS]: Stability test - Iteration 48, Log 34
[INF][SYS]: Stability test - Iteration 48, Log 35
[INF][SYS]: Stability test - Iteration 48, Log 36
[INF][SYS]: Stability test - Iteration 48, Log 37
[INF][SYS]: Stability test - Iteration 48, Log 38
[INF][SYS]: Stability test - Iteration 48, Log 39
[INF][SYS]: Stability test - Iteration 48, Log 40
[INF][SYS]: Stability test - Iteration 48, Log 41
[INF][SYS]: Stability test - Iteration 48, Log 42
[INF][SYS]: Stability test - Iteration 48, Log 43
[INF][SYS]: Stability test - Iteration 48, Log 44
[INF][SYS]: Stability test - Iteration 48, Log 45
[INF][SYS]: Stability test - Iteration 48, Log 46
[INF][SYS]: Stability test - Iteration 48, Log 47
[INF][SYS]: Stability test - Iteration 48, Log 48
[INF][SYS]: Stability test - Iteration 48, Log 49
[INF][SYS]: Stability test - Iteration 49, Log 0
[INF][SYS]: Stability test - Iteration 49, Log 1
[INF][SYS]: Stability test - Iteration 49, Log 2
[INF][SYS]: Stability test - Iteration 49, Log 3
[INF][SYS]: Stability test - Iteration 49, Log 4
[INF][SYS]: Stability test - Iteration 49, Log 5
[INF][SYS]: Stability test - Iteration 49, Log 6
[INF][SYS]: Stability test - Iteration 49, Log 7
[INF][SYS]: Stability test - Iteration 49, Log 8
[INF][SYS]: Stability test - Iteration 49, Log 9
[INF][SYS]: Stability test - Iteration 49, Log 10
[INF][SYS]: Stability test - Iteration 49, Log 11
[INF][SYS]: Stability test - Iteration 49, Log 12
[INF][SYS]: Stability test - Iteration 49, Log 13
[INF][SYS]: Stability test - Iteration 49, Log 14
[INF][SYS]: Stability test - Iteration 49, Log 15
[INF][SYS]: Stability test - Iteration 49, Log 16
[INF][SYS]: Stability test - Iteration 49, Log 17
[INF][SYS]: Stability test - Iteration 49, Log 18
[INF][SYS]: Stability test - Iteration 49, Log 19
[INF][SYS]: Stability test - Iteration 49, Log 20
[INF][SYS]: Stability test - Iteration 49, Log 21
[INF][SYS]: Stability test - Iteration 49, Log 22
[INF][SYS]: Stability test - Iteration 49, Log 23
[INF][SYS]: Stability test - Iteration 49, Log 24
[INF][SYS]: Stability test - Iteration 49, Log 25
[INF][SYS]: Stability test - Iteration 49, Log 26
[INF][SYS]: Stability test - Iteration 49, Log 27
[INF][SYS]: Stability test - Iteration 49, Log 28
[INF][SYS]: Stability test - Iteration 49, Log 29
[INF][SYS]: Stability test - Iteration 49, Log 30
[INF][SYS]: Stability test - Iteration 49, Log 31
[INF][SYS]: Stability test - Iteration 49, Log 32
[INF][SYS]: Stability test - Iteration 49, Log 33
[INF][SYS]: Stability test - Iteration 49, Log 34
[INF][SYS]: Stability test - Iteration 49, Log 35
[INF][SYS]: Stability test - Iteration 49, Log 36
[INF][SYS]: Stability test - Iteration 49, Log 37
[INF][SYS]: Stability test - Iteration 49, Log 38
[INF][SYS]: Stability test - Iteration 49, Log 39
[INF][SYS]: Stability test - Iteration 49, Log 40
[INF][SYS]: Stability test - Iteration 49, Log 41
[INF][SYS]: Stability test - Iteration 49, Log 42
[INF][SYS]: Stability test - Iteration 49, Log 43
[INF][SYS]: Stability test - Iteration 49, Log 44
[INF][SYS]: Stability test - Iteration 49, Log 45
[INF][SYS]: Stability test - Iteration 49, Log 46
[INF][SYS]: Stability test - Iteration 49, Log 47
[INF][SYS]: Stability test - Iteration 49, Log 48
[INF][SYS]: Stability test - Iteration 49, Log 49
[INF][SYS]: Stability test - Iteration 50, Log 0
[INF][SYS]: Stability test - Iteration 50, Log 1
[INF][SYS]: Stability test - Iteration 50, Log 2
[INF][SYS]: Stability test - Iteration 50, Log 3
[INF][SYS]: Stability test - Iteration 50, Log 4
[INF][SYS]: Stability test - Iteration 50, Log 5
[INF][SYS]: Stability test - Iteration 50, Log 6
[INF][SYS]: Stability test - Iteration 50, Log 7
[INF][SYS]: Stability test - Iteration 50, Log 8
[INF][SYS]: Stability test - Iteration 50, Log 9
[INF][SYS]: Stability test - Iteration 50, Log 10
[INF][SYS]: Stability test - Iteration 50, Log 11
[INF][SYS]: Stability test - Iteration 50, Log 12
[INF][SYS]: Stability test - Iteration 50, Log 13
[INF][SYS]: Stability test - Iteration 50, Log 14
[INF][SYS]: Stability test - Iteration 50, Log 15
[INF][SYS]: Stability test - Iteration 50, Log 16
[INF][SYS]: Stability test - Iteration 50, Log 17
[INF][SYS]: Stability test - Iteration 50, Log 18
[INF][SYS]: Stability test - Iteration 50, Log 19
[INF][SYS]: Stability test - Iteration 50, Log 20
[INF][SYS]: Stability test - Iteration 50, Log 21
[INF][SYS]: Stability test - Iteration 50, Log 22
[INF][SYS]: Stability test - Iteration 50, Log 23
[INF][SYS]: Stability test - Iteration 50, Log 24
[INF][SYS]: Stability test - Iteration 50, Log 25
[INF][SYS]: Stability test - Iteration 50, Log 26
[INF][SYS]: Stability test - Iteration 50, Log 27
[INF][SYS]: Stability test - Iteration 50, Log 28
[INF][SYS]: Stability test - Iteration 50, Log 29
[INF][SYS]: Stability test - Iteration 50, Log 30
[INF][SYS]: Stability test - Iteration 50, Log 31
[INF][SYS]: Stability test - Iteration 50, Log 32
[INF][SYS]: Stability test - Iteration 50, Log 33
[INF][SYS]: Stability test - Iteration 50, Log 34
[INF][SYS]: Stability test - Iteration 50, Log 35
[INF][SYS]: Stability test - Iteration 50, Log 36
[INF][SYS]: Stability test - Iteration 50, Log 37
[INF][SYS]: Stability test - Iteration 50, Log 38
[INF][SYS]: Stability test - Iteration 50, Log 39
[INF][SYS]: Stability test - Iteration 50, Log 40
[INF][SYS]: Stability test - Iteration 50, Log 41
[INF][SYS]: Stability test - Iteration 50, Log 42
[INF][SYS]: Stability test - Iteration 50, Log 43
[INF][SYS]: Stability test - Iteration 50, Log 44
[INF][SYS]: Stability test - Iteration 50, Log 45
[INF][SYS]: Stability test - Iteration 50, Log 46
[INF][SYS]: Stability test - Iteration 50, Log 47
[INF][SYS]: Stability test - Iteration 50, Log 48
[INF][SYS]: Stability test - Iteration 50, Log 49
[INF][SYS]: Stability test - Iteration 51, Log 0
[INF][SYS]: Stability test - Iteration 51, Log 1
[INF][SYS]: Stability test - Iteration 51, Log 2
[INF][SYS]: Stability test - Iteration 51, Log 3
[INF][SYS]: Stability test - Iteration 51, Log 4
[INF][SYS]: Stability test - Iteration 51, Log 5
[INF][SYS]: Stability test - Iteration 51, Log 6
[INF][SYS]: Stability test - Iteration 51, Log 7
[INF][SYS]: Stability test - Iteration 51, Log 8
[INF][SYS]: Stability test - Iteration 51, Log 9
[INF][SYS]: Stability test - Iteration 51, Log 10
[INF][SYS]: Stability test - Iteration 51, Log 11
[INF][SYS]: Stability test - Iteration 51, Log 12
[INF][SYS]: Stability test - Iteration 51, Log 13
[INF][SYS]: Stability test - Iteration 51, Log 14
[INF][SYS]: Stability test - Iteration 51, Log 15
[INF][SYS]: Stability test - Iteration 51, Log 16
[INF][SYS]: Stability test - Iteration 51, Log 17
[INF][SYS]: Stability test - Iteration 51, Log 18
[INF][SYS]: Stability test - Iteration 51, Log 19
[INF][SYS]: Stability test - Iteration 51, Log 20
[INF][SYS]: Stability test - Iteration 51, Log 21
[INF][SYS]: Stability test - Iteration 51, Log 22
[INF][SYS]: Stability test - Iteration 51, Log 23
[INF][SYS]: Stability test - Iteration 51, Log 24
[INF][SYS]: Stability test - Iteration 51, Log 25
[INF][SYS]: Stability test - Iteration 51, Log 26
[INF][SYS]: Stability test - Iteration 51, Log 27
[INF][SYS]: Stability test - Iteration 51, Log 28
[INF][SYS]: Stability test - Iteration 51, Log 29
[INF][SYS]: Stability test - Iteration 51, Log 30
[INF][SYS]: Stability test - Iteration 51, Log 31
[INF][SYS]: Stability test - Iteration 51, Log 32
[INF][SYS]: Stability test - Iteration 51, Log 33
[INF][SYS]: Stability test - Iteration 51, Log 34
[INF][SYS]: Stability test - Iteration 51, Log 35
[INF][SYS]: Stability test - Iteration 51, Log 36
[INF][SYS]: Stability test - Iteration 51, Log 37
[INF][SYS]: Stability test - Iteration 51, Log 38
[INF][SYS]: Stability test - Iteration 51, Log 39
[INF][SYS]: Stability test - Iteration 51, Log 40
[INF][SYS]: Stability test - Iteration 51, Log 41
[INF][SYS]: Stability test - Iteration 51, Log 42
[INF][SYS]: Stability test - Iteration 51, Log 43
[INF][SYS]: Stability test - Iteration 51, Log 44
[INF][SYS]: Stability test - Iteration 51, Log 45
[INF][SYS]: Stability test - Iteration 51, Log 46
[INF][SYS]: Stability test - Iteration 51, Log 47
[INF][SYS]: Stability test - Iteration 51, Log 48
[INF][SYS]: Stability test - Iteration 51, Log 49
[INF][SYS]: Stability test - Iteration 52, Log 0
[INF][SYS]: Stability test - Iteration 52, Log 1
[INF][SYS]: Stability test - Iteration 52, Log 2
[INF][SYS]: Stability test - Iteration 52, Log 3
[INF][SYS]: Stability test - Iteration 52, Log 4
[INF][SYS]: Stability test - Iteration 52, Log 5
[INF][SYS]: Stability test - Iteration 52, Log 6
[INF][SYS]: Stability test - Iteration 52, Log 7
[INF][SYS]: Stability test - Iteration 52, Log 8
[INF][SYS]: Stability test - Iteration 52, Log 9
[INF][SYS]: Stability test - Iteration 52, Log 10
[INF][SYS]: Stability test - Iteration 52, Log 11
[INF][SYS]: Stability test - Iteration 52, Log 12
[INF][SYS]: Stability test - Iteration 52, Log 13
[INF][SYS]: Stability test - Iteration 52, Log 14
[INF][SYS]: Stability test - Iteration 52, Log 15
[INF][SYS]: Stability test - Iteration 52, Log 16
[INF][SYS]: Stability test - Iteration 52, Log 17
[INF][SYS]: Stability test - Iteration 52, Log 18
[INF][SYS]: Stability test - Iteration 52, Log 19
[INF][SYS]: Stability test - Iteration 52, Log 20
[INF][SYS]: Stability test - Iteration 52, Log 21
[INF][SYS]: Stability test - Iteration 52, Log 22
[INF][SYS]: Stability test - Iteration 52, Log 23
[INF][SYS]: Stability test - Iteration 52, Log 24
[INF][SYS]: Stability test - Iteration 52, Log 25
[INF][SYS]: Stability test - Iteration 52, Log 26
[INF][SYS]: Stability test - Iteration 52, Log 27
[INF][SYS]: Stability test - Iteration 52, Log 28
[INF][SYS]: Stability test - Iteration 52, Log 29
[INF][SYS]: Stability test - Iteration 52, Log 30
[INF][SYS]: Stability test - Iteration 52, Log 31
[INF][SYS]: Stability test - Iteration 52, Log 32
[INF][SYS]: Stability test - Iteration 52, Log 33
[INF][SYS]: Stability test - Iteration 52, Log 34
[INF][SYS]: Stability test - Iteration 52, Log 35
[INF][SYS]: Stability test - Iteration 52, Log 36
[INF][SYS]: Stability test - Iteration 52, Log 37
[INF][SYS]: Stability test - Iteration 52, Log 38
[INF][SYS]: Stability test - Iteration 52, Log 39
[INF][SYS]: Stability test - Iteration 52, Log 40
[INF][SYS]: Stability test - Iteration 52, Log 41
[INF][SYS]: Stability test - Iteration 52, Log 42
[INF][SYS]: Stability test - Iteration 52, Log 43
[INF][SYS]: Stability test - Iteration 52, Log 44
[INF][SYS]: Stability test - Iteration 52, Log 45
[INF][SYS]: Stability test - Iteration 52, Log 46
[INF][SYS]: Stability test - Iteration 52, Log 47
[INF][SYS]: Stability test - Iteration 52, Log 48
[INF][SYS]: Stability test - Iteration 52, Log 49
[INF][SYS]: Stability test - Iteration 53, Log 0
[INF][SYS]: Stability test - Iteration 53, Log 1
[INF][SYS]: Stability test - Iteration 53, Log 2
[INF][SYS]: Stability test - Iteration 53, Log 3
[INF][SYS]: Stability test - Iteration 53, Log 4
[INF][SYS]: Stability test - Iteration 53, Log 5
[INF][SYS]: Stability test - Iteration 53, Log 6
[INF][SYS]: Stability test - Iteration 53, Log 7
[INF][SYS]: Stability test - Iteration 53, Log 8
[INF][SYS]: Stability test - Iteration 53, Log 9
[INF][SYS]: Stability test - Iteration 53, Log 10
[INF][SYS]: Stability test - Iteration 53, Log 11
[INF][SYS]: Stability test - Iteration 53, Log 12
[INF][SYS]: Stability test - Iteration 53, Log 13
[INF][SYS]: Stability test - Iteration 53, Log 14
[INF][SYS]: Stability test - Iteration 53, Log 15
[INF][SYS]: Stability test - Iteration 53, Log 16
[INF][SYS]: Stability test - Iteration 53, Log 17
[INF][SYS]: Stability test - Iteration 53, Log 18
[INF][SYS]: Stability test - Iteration 53, Log 19
[INF][SYS]: Stability test - Iteration 53, Log 20
[INF][SYS]: Stability test - Iteration 53, Log 21
[INF][SYS]: Stability test - Iteration 53, Log 22
[INF][SYS]: Stability test - Iteration 53, Log 23
[INF][SYS]: Stability test - Iteration 53, Log 24
[INF][SYS]: Stability test - Iteration 53, Log 25
[INF][SYS]: Stability test - Iteration 53, Log 26
[INF][SYS]: Stability test - Iteration 53, Log 27
[INF][SYS]: Stability test - Iteration 53, Log 28
[INF][SYS]: Stability test - Iteration 53, Log 29
[INF][SYS]: Stability test - Iteration 53, Log 30
[INF][SYS]: Stability test - Iteration 53, Log 31
[INF][SYS]: Stability test - Iteration 53, Log 32
[INF][SYS]: Stability test - Iteration 53, Log 33
[INF][SYS]: Stability test - Iteration 53, Log 34
[INF][SYS]: Stability test - Iteration 53, Log 35
[INF][SYS]: Stability test - Iteration 53, Log 36
[INF][SYS]: Stability test - Iteration 53, Log 37
[INF][SYS]: Stability test - Iteration 53, Log 38
[INF][SYS]: Stability test - Iteration 53, Log 39
[INF][SYS]: Stability test - Iteration 53, Log 40
[INF][SYS]: Stability test - Iteration 53, Log 41
[INF][SYS]: Stability test - Iteration 53, Log 42
[INF][SYS]: Stability test - Iteration 53, Log 43
[INF][SYS]: Stability test - Iteration 53, Log 44
[INF][SYS]: Stability test - Iteration 53, Log 45
[INF][SYS]: Stability test - Iteration 53, Log 46
[INF][SYS]: Stability test - Iteration 53, Log 47
[INF][SYS]: Stability test - Iteration 53, Log 48
[INF][SYS]: Stability test - Iteration 53, Log 49
[INF][SYS]: Stability test - Iteration 54, Log 0
[INF][SYS]: Stability test - Iteration 54, Log 1
[INF][SYS]: Stability test - Iteration 54, Log 2
[INF][SYS]: Stability test - Iteration 54, Log 3
[INF][SYS]: Stability test - Iteration 54, Log 4
[INF][SYS]: Stability test - Iteration 54, Log 5
[INF][SYS]: Stability test - Iteration 54, Log 6
[INF][SYS]: Stability test - Iteration 54, Log 7
[INF][SYS]: Stability test - Iteration 54, Log 8
[INF][SYS]: Stability test - Iteration 54, Log 9
[INF][SYS]: Stability test - Iteration 54, Log 10
[INF][SYS]: Stability test - Iteration 54, Log 11
[INF][SYS]: Stability test - Iteration 54, Log 12
[INF][SYS]: Stability test - Iteration 54, Log 13
[INF][SYS]: Stability test - Iteration 54, Log 14
[INF][SYS]: Stability test - Iteration 54, Log 15
[INF][SYS]: Stability test - Iteration 54, Log 16
[INF][SYS]: Stability test - Iteration 54, Log 17
[INF][SYS]: Stability test - Iteration 54, Log 18
[INF][SYS]: Stability test - Iteration 54, Log 19
[INF][SYS]: Stability test - Iteration 54, Log 20
[INF][SYS]: Stability test - Iteration 54, Log 21
[INF][SYS]: Stability test - Iteration 54, Log 22
[INF][SYS]: Stability test - Iteration 54, Log 23
[INF][SYS]: Stability test - Iteration 54, Log 24
[INF][SYS]: Stability test - Iteration 54, Log 25
[INF][SYS]: Stability test - Iteration 54, Log 26
[INF][SYS]: Stability test - Iteration 54, Log 27
[INF][SYS]: Stability test - Iteration 54, Log 28
[INF][SYS]: Stability test - Iteration 54, Log 29
[INF][SYS]: Stability test - Iteration 54, Log 30
[INF][SYS]: Stability test - Iteration 54, Log 31
[INF][SYS]: Stability test - Iteration 54, Log 32
[INF][SYS]: Stability test - Iteration 54, Log 33
[INF][SYS]: Stability test - Iteration 54, Log 34
[INF][SYS]: Stability test - Iteration 54, Log 35
[INF][SYS]: Stability test - Iteration 54, Log 36
[INF][SYS]: Stability test - Iteration 54, Log 37
[INF][SYS]: Stability test - Iteration 54, Log 38
[INF][SYS]: Stability test - Iteration 54, Log 39
[INF][SYS]: Stability test - Iteration 54, Log 40
[INF][SYS]: Stability test - Iteration 54, Log 41
[INF][SYS]: Stability test - Iteration 54, Log 42
[INF][SYS]: Stability test - Iteration 54, Log 43
[INF][SYS]: Stability test - Iteration 54, Log 44
[INF][SYS]: Stability test - Iteration 54, Log 45
[INF][SYS]: Stability test - Iteration 54, Log 46
[INF][SYS]: Stability test - Iteration 54, Log 47
[INF][SYS]: Stability test - Iteration 54, Log 48
[INF][SYS]: Stability test - Iteration 54, Log 49
[INF][SYS]: Stability test - Iteration 55, Log 0
[INF][SYS]: Stability test - Iteration 55, Log 1
[INF][SYS]: Stability test - Iteration 55, Log 2
[INF][SYS]: Stability test - Iteration 55, Log 3
[INF][SYS]: Stability test - Iteration 55, Log 4
[INF][SYS]: Stability test - Iteration 55, Log 5
[INF][SYS]: Stability test - Iteration 55, Log 6
[INF][SYS]: Stability test - Iteration 55, Log 7
[INF][SYS]: Stability test - Iteration 55, Log 8
[INF][SYS]: Stability test - Iteration 55, Log 9
[INF][SYS]: Stability test - Iteration 55, Log 10
[INF][SYS]: Stability test - Iteration 55, Log 11
[INF][SYS]: Stability test - Iteration 55, Log 12
[INF][SYS]: Stability test - Iteration 55, Log 13
[INF][SYS]: Stability test - Iteration 55, Log 14
[INF][SYS]: Stability test - Iteration 55, Log 15
[INF][SYS]: Stability test - Iteration 55, Log 16
[INF][SYS]: Stability test - Iteration 55, Log 17
[INF][SYS]: Stability test - Iteration 55, Log 18
[INF][SYS]: Stability test - Iteration 55, Log 19
[INF][SYS]: Stability test - Iteration 55, Log 20
[INF][SYS]: Stability test - Iteration 55, Log 21
[INF][SYS]: Stability test - Iteration 55, Log 22
[INF][SYS]: Stability test - Iteration 55, Log 23
[INF][SYS]: Stability test - Iteration 55, Log 24
[INF][SYS]: Stability test - Iteration 55, Log 25
[INF][SYS]: Stability test - Iteration 55, Log 26
[INF][SYS]: Stability test - Iteration 55, Log 27
[INF][SYS]: Stability test - Iteration 55, Log 28
[INF][SYS]: Stability test - Iteration 55, Log 29
[INF][SYS]: Stability test - Iteration 55, Log 30
[INF][SYS]: Stability test - Iteration 55, Log 31
[INF][SYS]: Stability test - Iteration 55, Log 32
[INF][SYS]: Stability test - Iteration 55, Log 33
[INF][SYS]: Stability test - Iteration 55, Log 34
[INF][SYS]: Stability test - Iteration 55, Log 35
[INF][SYS]: Stability test - Iteration 55, Log 36
[INF][SYS]: Stability test - Iteration 55, Log 37
[INF][SYS]: Stability test - Iteration 55, Log 38
[INF][SYS]: Stability test - Iteration 55, Log 39
[INF][SYS]: Stability test - Iteration 55, Log 40
[INF][SYS]: Stability test - Iteration 55, Log 41
[INF][SYS]: Stability test - Iteration 55, Log 42
[INF][SYS]: Stability test - Iteration 55, Log 43
[INF][SYS]: Stability test - Iteration 55, Log 44
[INF][SYS]: Stability test - Iteration 55, Log 45
[INF][SYS]: Stability test - Iteration 55, Log 46
[INF][SYS]: Stability test - Iteration 55, Log 47
[INF][SYS]: Stability test - Iteration 55, Log 48
[INF][SYS]: Stability test - Iteration 55, Log 49
[INF][SYS]: Stability test - Iteration 56, Log 0
[INF][SYS]: Stability test - Iteration 56, Log 1
[INF][SYS]: Stability test - Iteration 56, Log 2
[INF][SYS]: Stability test - Iteration 56, Log 3
[INF][SYS]: Stability test - Iteration 56, Log 4
[INF][SYS]: Stability test - Iteration 56, Log 5
[INF][SYS]: Stability test - Iteration 56, Log 6
[INF][SYS]: Stability test - Iteration 56, Log 7
[INF][SYS]: Stability test - Iteration 56, Log 8
[INF][SYS]: Stability test - Iteration 56, Log 9
[INF][SYS]: Stability test - Iteration 56, Log 10
[INF][SYS]: Stability test - Iteration 56, Log 11
[INF][SYS]: Stability test - Iteration 56, Log 12
[INF][SYS]: Stability test - Iteration 56, Log 13
[INF][SYS]: Stability test - Iteration 56, Log 14
[INF][SYS]: Stability test - Iteration 56, Log 15
[INF][SYS]: Stability test - Iteration 56, Log 16
[INF][SYS]: Stability test - Iteration 56, Log 17
[INF][SYS]: Stability test - Iteration 56, Log 18
[INF][SYS]: Stability test - Iteration 56, Log 19
[INF][SYS]: Stability test - Iteration 56, Log 20
[INF][SYS]: Stability test - Iteration 56, Log 21
[INF][SYS]: Stability test - Iteration 56, Log 22
[INF][SYS]: Stability test - Iteration 56, Log 23
[INF][SYS]: Stability test - Iteration 56, Log 24
[INF][SYS]: Stability test - Iteration 56, Log 25
[INF][SYS]: Stability test - Iteration 56, Log 26
[INF][SYS]: Stability test - Iteration 56, Log 27
[INF][SYS]: Stability test - Iteration 56, Log 28
[INF][SYS]: Stability test - Iteration 56, Log 29
[INF][SYS]: Stability test - Iteration 56, Log 30
[INF][SYS]: Stability test - Iteration 56, Log 31
[INF][SYS]: Stability test - Iteration 56, Log 32
[INF][SYS]: Stability test - Iteration 56, Log 33
[INF][SYS]: Stability test - Iteration 56, Log 34
[INF][SYS]: Stability test - Iteration 56, Log 35
[INF][SYS]: Stability test - Iteration 56, Log 36
[INF][SYS]: Stability test - Iteration 56, Log 37
[INF][SYS]: Stability test - Iteration 56, Log 38
[INF][SYS]: Stability test - Iteration 56, Log 39
[INF][SYS]: Stability test - Iteration 56, Log 40
[INF][SYS]: Stability test - Iteration 56, Log 41
[INF][SYS]: Stability test - Iteration 56, Log 42
[INF][SYS]: Stability test - Iteration 56, Log 43
[INF][SYS]: Stability test - Iteration 56, Log 44
[INF][SYS]: Stability test - Iteration 56, Log 45
[INF][SYS]: Stability test - Iteration 56, Log 46
[INF][SYS]: Stability test - Iteration 56, Log 47
[INF][SYS]: Stability test - Iteration 56, Log 48
[INF][SYS]: Stability test - Iteration 56, Log 49
[INF][SYS]: Stability test - Iteration 57, Log 0
[INF][SYS]: Stability test - Iteration 57, Log 1
[INF][SYS]: Stability test - Iteration 57, Log 2
[INF][SYS]: Stability test - Iteration 57, Log 3
[INF][SYS]: Stability test - Iteration 57, Log 4
[INF][SYS]: Stability test - Iteration 57, Log 5
[INF][SYS]: Stability test - Iteration 57, Log 6
[INF][SYS]: Stability test - Iteration 57, Log 7
[INF][SYS]: Stability test - Iteration 57, Log 8
[INF][SYS]: Stability test - Iteration 57, Log 9
[INF][SYS]: Stability test - Iteration 57, Log 10
[INF][SYS]: Stability test - Iteration 57, Log 11
[INF][SYS]: Stability test - Iteration 57, Log 12
[INF][SYS]: Stability test - Iteration 57, Log 13
[INF][SYS]: Stability test - Iteration 57, Log 14
[INF][SYS]: Stability test - Iteration 57, Log 15
[INF][SYS]: Stability test - Iteration 57, Log 16
[INF][SYS]: Stability test - Iteration 57, Log 17
[INF][SYS]: Stability test - Iteration 57, Log 18
[INF][SYS]: Stability test - Iteration 57, Log 19
[INF][SYS]: Stability test - Iteration 57, Log 20
[INF][SYS]: Stability test - Iteration 57, Log 21
[INF][SYS]: Stability test - Iteration 57, Log 22
[INF][SYS]: Stability test - Iteration 57, Log 23
[INF][SYS]: Stability test - Iteration 57, Log 24
[INF][SYS]: Stability test - Iteration 57, Log 25
[INF][SYS]: Stability test - Iteration 57, Log 26
[INF][SYS]: Stability test - Iteration 57, Log 27
[INF][SYS]: Stability test - Iteration 57, Log 28
[INF][SYS]: Stability test - Iteration 57, Log 29
[INF][SYS]: Stability test - Iteration 57, Log 30
[INF][SYS]: Stability test - Iteration 57, Log 31
[INF][SYS]: Stability test - Iteration 57, Log 32
[INF][SYS]: Stability test - Iteration 57, Log 33
[INF][SYS]: Stability test - Iteration 57, Log 34
[INF][SYS]: Stability test - Iteration 57, Log 35
[INF][SYS]: Stability test - Iteration 57, Log 36
[INF][SYS]: Stability test - Iteration 57, Log 37
[INF][SYS]: Stability test - Iteration 57, Log 38
[INF][SYS]: Stability test - Iteration 57, Log 39
[INF][SYS]: Stability test - Iteration 57, Log 40
[INF][SYS]: Stability test - Iteration 57, Log 41
[INF][SYS]: Stability test - Iteration 57, Log 42
[INF][SYS]: Stability test - Iteration 57, Log 43
[INF][SYS]: Stability test - Iteration 57, Log 44
[INF][SYS]: Stability test - Iteration 57, Log 45
[INF][SYS]: Stability test - Iteration 57, Log 46
[INF][SYS]: Stability test - Iteration 57, Log 47
[INF][SYS]: Stability test - Iteration 57, Log 48
[INF][SYS]: Stability test - Iteration 57, Log 49
[INF][SYS]: Stability test - Iteration 58, Log 0
[INF][SYS]: Stability test - Iteration 58, Log 1
[INF][SYS]: Stability test - Iteration 58, Log 2
[INF][SYS]: Stability test - Iteration 58, Log 3
[INF][SYS]: Stability test - Iteration 58, Log 4
[INF][SYS]: Stability test - Iteration 58, Log 5
[INF][SYS]: Stability test - Iteration 58, Log 6
[INF][SYS]: Stability test - Iteration 58, Log 7
[INF][SYS]: Stability test - Iteration 58, Log 8
[INF][SYS]: Stability test - Iteration 58, Log 9
[INF][SYS]: Stability test - Iteration 58, Log 10
[INF][SYS]: Stability test - Iteration 58, Log 11
[INF][SYS]: Stability test - Iteration 58, Log 12
[INF][SYS]: Stability test - Iteration 58, Log 13
[INF][SYS]: Stability test - Iteration 58, Log 14
[INF][SYS]: Stability test - Iteration 58, Log 15
[INF][SYS]: Stability test - Iteration 58, Log 16
[INF][SYS]: Stability test - Iteration 58, Log 17
[INF][SYS]: Stability test - Iteration 58, Log 18
[INF][SYS]: Stability test - Iteration 58, Log 19
[INF][SYS]: Stability test - Iteration 58, Log 20
[INF][SYS]: Stability test - Iteration 58, Log 21
[INF][SYS]: Stability test - Iteration 58, Log 22
[INF][SYS]: Stability test - Iteration 58, Log 23
[INF][SYS]: Stability test - Iteration 58, Log 24
[INF][SYS]: Stability test - Iteration 58, Log 25
[INF][SYS]: Stability test - Iteration 58, Log 26
[INF][SYS]: Stability test - Iteration 58, Log 27
[INF][SYS]: Stability test - Iteration 58, Log 28
[INF][SYS]: Stability test - Iteration 58, Log 29
[INF][SYS]: Stability test - Iteration 58, Log 30
[INF][SYS]: Stability test - Iteration 58, Log 31
[INF][SYS]: Stability test - Iteration 58, Log 32
[INF][SYS]: Stability test - Iteration 58, Log 33
[INF][SYS]: Stability test - Iteration 58, Log 34
[INF][SYS]: Stability test - Iteration 58, Log 35
[INF][SYS]: Stability test - Iteration 58, Log 36
[INF][SYS]: Stability test - Iteration 58, Log 37
[INF][SYS]: Stability test - Iteration 58, Log 38
[INF][SYS]: Stability test - Iteration 58, Log 39
[INF][SYS]: Stability test - Iteration 58, Log 40
[INF][SYS]: Stability test - Iteration 58, Log 41
[INF][SYS]: Stability test - Iteration 58, Log 42
[INF][SYS]: Stability test - Iteration 58, Log 43
[INF][SYS]: Stability test - Iteration 58, Log 44
[INF][SYS]: Stability test - Iteration 58, Log 45
[INF][SYS]: Stability test - Iteration 58, Log 46
[INF][SYS]: Stability test - Iteration 58, Log 47
[INF][SYS]: Stability test - Iteration 58, Log 48
[INF][SYS]: Stability test - Iteration 58, Log 49
[INF][SYS]: Stability test - Iteration 59, Log 0
[INF][SYS]: Stability test - Iteration 59, Log 1
[INF][SYS]: Stability test - Iteration 59, Log 2
[INF][SYS]: Stability test - Iteration 59, Log 3
[INF][SYS]: Stability test - Iteration 59, Log 4
[INF][SYS]: Stability test - Iteration 59, Log 5
[INF][SYS]: Stability test - Iteration 59, Log 6
[INF][SYS]: Stability test - Iteration 59, Log 7
[INF][SYS]: Stability test - Iteration 59, Log 8
[INF][SYS]: Stability test - Iteration 59, Log 9
[INF][SYS]: Stability test - Iteration 59, Log 10
[INF][SYS]: Stability test - Iteration 59, Log 11
[INF][SYS]: Stability test - Iteration 59, Log 12
[INF][SYS]: Stability test - Iteration 59, Log 13
[INF][SYS]: Stability test - Iteration 59, Log 14
[INF][SYS]: Stability test - Iteration 59, Log 15
[INF][SYS]: Stability test - Iteration 59, Log 16
[INF][SYS]: Stability test - Iteration 59, Log 17
[INF][SYS]: Stability test - Iteration 59, Log 18
[INF][SYS]: Stability test - Iteration 59, Log 19
[INF][SYS]: Stability test - Iteration 59, Log 20
[INF][SYS]: Stability test - Iteration 59, Log 21
[INF][SYS]: Stability test - Iteration 59, Log 22
[INF][SYS]: Stability test - Iteration 59, Log 23
[INF][SYS]: Stability test - Iteration 59, Log 24
[INF][SYS]: Stability test - Iteration 59, Log 25
[INF][SYS]: Stability test - Iteration 59, Log 26
[INF][SYS]: Stability test - Iteration 59, Log 27
[INF][SYS]: Stability test - Iteration 59, Log 28
[INF][SYS]: Stability test - Iteration 59, Log 29
[INF][SYS]: Stability test - Iteration 59, Log 30
[INF][SYS]: Stability test - Iteration 59, Log 31
[INF][SYS]: Stability test - Iteration 59, Log 32
[INF][SYS]: Stability test - Iteration 59, Log 33
[INF][SYS]: Stability test - Iteration 59, Log 34
[INF][SYS]: Stability test - Iteration 59, Log 35
[INF][SYS]: Stability test - Iteration 59, Log 36
[INF][SYS]: Stability test - Iteration 59, Log 37
[INF][SYS]: Stability test - Iteration 59, Log 38
[INF][SYS]: Stability test - Iteration 59, Log 39
[INF][SYS]: Stability test - Iteration 59, Log 40
[INF][SYS]: Stability test - Iteration 59, Log 41
[INF][SYS]: Stability test - Iteration 59, Log 42
[INF][SYS]: Stability test - Iteration 59, Log 43
[INF][SYS]: Stability test - Iteration 59, Log 44
[INF][SYS]: Stability test - Iteration 59, Log 45
[INF][SYS]: Stability test - Iteration 59, Log 46
[INF][SYS]: Stability test - Iteration 59, Log 47
[INF][SYS]: Stability test - Iteration 59, Log 48
[INF][SYS]: Stability test - Iteration 59, Log 49
[INF][SYS]: Stability test - Iteration 60, Log 0
[INF][SYS]: Stability test - Iteration 60, Log 1
[INF][SYS]: Stability test - Iteration 60, Log 2
[INF][SYS]: Stability test - Iteration 60, Log 3
[INF][SYS]: Stability test - Iteration 60, Log 4
[INF][SYS]: Stability test - Iteration 60, Log 5
[INF][SYS]: Stability test - Iteration 60, Log 6
[INF][SYS]: Stability test - Iteration 60, Log 7
[INF][SYS]: Stability test - Iteration 60, Log 8
[INF][SYS]: Stability test - Iteration 60, Log 9
[INF][SYS]: Stability test - Iteration 60, Log 10
[INF][SYS]: Stability test - Iteration 60, Log 11
[INF][SYS]: Stability test - Iteration 60, Log 12
[INF][SYS]: Stability test - Iteration 60, Log 13
[INF][SYS]: Stability test - Iteration 60, Log 14
[INF][SYS]: Stability test - Iteration 60, Log 15
[INF][SYS]: Stability test - Iteration 60, Log 16
[INF][SYS]: Stability test - Iteration 60, Log 17
[INF][SYS]: Stability test - Iteration 60, Log 18
[INF][SYS]: Stability test - Iteration 60, Log 19
[INF][SYS]: Stability test - Iteration 60, Log 20
[INF][SYS]: Stability test - Iteration 60, Log 21
[INF][SYS]: Stability test - Iteration 60, Log 22
[INF][SYS]: Stability test - Iteration 60, Log 23
[INF][SYS]: Stability test - Iteration 60, Log 24
[INF][SYS]: Stability test - Iteration 60, Log 25
[INF][SYS]: Stability test - Iteration 60, Log 26
[INF][SYS]: Stability test - Iteration 60, Log 27
[INF][SYS]: Stability test - Iteration 60, Log 28
[INF][SYS]: Stability test - Iteration 60, Log 29
[INF][SYS]: Stability test - Iteration 60, Log 30
[INF][SYS]: Stability test - Iteration 60, Log 31
[INF][SYS]: Stability test - Iteration 60, Log 32
[INF][SYS]: Stability test - Iteration 60, Log 33
[INF][SYS]: Stability test - Iteration 60, Log 34
[INF][SYS]: Stability test - Iteration 60, Log 35
[INF][SYS]: Stability test - Iteration 60, Log 36
[INF][SYS]: Stability test - Iteration 60, Log 37
[INF][SYS]: Stability test - Iteration 60, Log 38
[INF][SYS]: Stability test - Iteration 60, Log 39
[INF][SYS]: Stability test - Iteration 60, Log 40
[INF][SYS]: Stability test - Iteration 60, Log 41
[INF][SYS]: Stability test - Iteration 60, Log 42
[INF][SYS]: Stability test - Iteration 60, Log 43
[INF][SYS]: Stability test - Iteration 60, Log 44
[INF][SYS]: Stability test - Iteration 60, Log 45
[INF][SYS]: Stability test - Iteration 60, Log 46
[INF][SYS]: Stability test - Iteration 60, Log 47
[INF][SYS]: Stability test - Iteration 60, Log 48
[INF][SYS]: Stability test - Iteration 60, Log 49
[INF][SYS]: Stability test - Iteration 61, Log 0
[INF][SYS]: Stability test - Iteration 61, Log 1
[INF][SYS]: Stability test - Iteration 61, Log 2
[INF][SYS]: Stability test - Iteration 61, Log 3
[INF][SYS]: Stability test - Iteration 61, Log 4
[INF][SYS]: Stability test - Iteration 61, Log 5
[INF][SYS]: Stability test - Iteration 61, Log 6
[INF][SYS]: Stability test - Iteration 61, Log 7
[INF][SYS]: Stability test - Iteration 61, Log 8
[INF][SYS]: Stability test - Iteration 61, Log 9
[INF][SYS]: Stability test - Iteration 61, Log 10
[INF][SYS]: Stability test - Iteration 61, Log 11
[INF][SYS]: Stability test - Iteration 61, Log 12
[INF][SYS]: Stability test - Iteration 61, Log 13
[INF][SYS]: Stability test - Iteration 61, Log 14
[INF][SYS]: Stability test - Iteration 61, Log 15
[INF][SYS]: Stability test - Iteration 61, Log 16
[INF][SYS]: Stability test - Iteration 61, Log 17
[INF][SYS]: Stability test - Iteration 61, Log 18
[INF][SYS]: Stability test - Iteration 61, Log 19
[INF][SYS]: Stability test - Iteration 61, Log 20
[INF][SYS]: Stability test - Iteration 61, Log 21
[INF][SYS]: Stability test - Iteration 61, Log 22
[INF][SYS]: Stability test - Iteration 61, Log 23
[INF][SYS]: Stability test - Iteration 61, Log 24
[INF][SYS]: Stability test - Iteration 61, Log 25
[INF][SYS]: Stability test - Iteration 61, Log 26
[INF][SYS]: Stability test - Iteration 61, Log 27
[INF][SYS]: Stability test - Iteration 61, Log 28
[INF][SYS]: Stability test - Iteration 61, Log 29
[INF][SYS]: Stability test - Iteration 61, Log 30
[INF][SYS]: Stability test - Iteration 61, Log 31
[INF][SYS]: Stability test - Iteration 61, Log 32
[INF][SYS]: Stability test - Iteration 61, Log 33
[INF][SYS]: Stability test - Iteration 61, Log 34
[INF][SYS]: Stability test - Iteration 61, Log 35
[INF][SYS]: Stability test - Iteration 61, Log 36
[INF][SYS]: Stability test - Iteration 61, Log 37
[INF][SYS]: Stability test - Iteration 61, Log 38
[INF][SYS]: Stability test - Iteration 61, Log 39
[INF][SYS]: Stability test - Iteration 61, Log 40
[INF][SYS]: Stability test - Iteration 61, Log 41
[INF][SYS]: Stability test - Iteration 61, Log 42
[INF][SYS]: Stability test - Iteration 61, Log 43
[INF][SYS]: Stability test - Iteration 61, Log 44
[INF][SYS]: Stability test - Iteration 61, Log 45
[INF][SYS]: Stability test - Iteration 61, Log 46
[INF][SYS]: Stability test - Iteration 61, Log 47
[INF][SYS]: Stability test - Iteration 61, Log 48
[INF][SYS]: Stability test - Iteration 61, Log 49
[INF][SYS]: Stability test - Iteration 62, Log 0
[INF][SYS]: Stability test - Iteration 62, Log 1
[INF][SYS]: Stability test - Iteration 62, Log 2
[INF][SYS]: Stability test - Iteration 62, Log 3
[INF][SYS]: Stability test - Iteration 62, Log 4
[INF][SYS]: Stability test - Iteration 62, Log 5
[INF][SYS]: Stability test - Iteration 62, Log 6
[INF][SYS]: Stability test - Iteration 62, Log 7
[INF][SYS]: Stability test - Iteration 62, Log 8
[INF][SYS]: Stability test - Iteration 62, Log 9
[INF][SYS]: Stability test - Iteration 62, Log 10
[INF][SYS]: Stability test - Iteration 62, Log 11
[INF][SYS]: Stability test - Iteration 62, Log 12
[INF][SYS]: Stability test - Iteration 62, Log 13
[INF][SYS]: Stability test - Iteration 62, Log 14
[INF][SYS]: Stability test - Iteration 62, Log 15
[INF][SYS]: Stability test - Iteration 62, Log 16
[INF][SYS]: Stability test - Iteration 62, Log 17
[INF][SYS]: Stability test - Iteration 62, Log 18
[INF][SYS]: Stability test - Iteration 62, Log 19
[INF][SYS]: Stability test - Iteration 62, Log 20
[INF][SYS]: Stability test - Iteration 62, Log 21
[INF][SYS]: Stability test - Iteration 62, Log 22
[INF][SYS]: Stability test - Iteration 62, Log 23
[INF][SYS]: Stability test - Iteration 62, Log 24
[INF][SYS]: Stability test - Iteration 62, Log 25
[INF][SYS]: Stability test - Iteration 62, Log 26
[INF][SYS]: Stability test - Iteration 62, Log 27
[INF][SYS]: Stability test - Iteration 62, Log 28
[INF][SYS]: Stability test - Iteration 62, Log 29
[INF][SYS]: Stability test - Iteration 62, Log 30
[INF][SYS]: Stability test - Iteration 62, Log 31
[INF][SYS]: Stability test - Iteration 62, Log 32
[INF][SYS]: Stability test - Iteration 62, Log 33
[INF][SYS]: Stability test - Iteration 62, Log 34
[INF][SYS]: Stability test - Iteration 62, Log 35
[INF][SYS]: Stability test - Iteration 62, Log 36
[INF][SYS]: Stability test - Iteration 62, Log 37
[INF][SYS]: Stability test - Iteration 62, Log 38
[INF][SYS]: Stability test - Iteration 62, Log 39
[INF][SYS]: Stability test - Iteration 62, Log 40
[INF][SYS]: Stability test - Iteration 62, Log 41
[INF][SYS]: Stability test - Iteration 62, Log 42
[INF][SYS]: Stability test - Iteration 62, Log 43
[INF][SYS]: Stability test - Iteration 62, Log 44
[INF][SYS]: Stability test - Iteration 62, Log 45
[INF][SYS]: Stability test - Iteration 62, Log 46
[INF][SYS]: Stability test - Iteration 62, Log 47
[INF][SYS]: Stability test - Iteration 62, Log 48
[INF][SYS]: Stability test - Iteration 62, Log 49
[INF][SYS]: Stability test - Iteration 63, Log 0
[INF][SYS]: Stability test - Iteration 63, Log 1
[INF][SYS]: Stability test - Iteration 63, Log 2
[INF][SYS]: Stability test - Iteration 63, Log 3
[INF][SYS]: Stability test - Iteration 63, Log 4
[INF][SYS]: Stability test - Iteration 63, Log 5
[INF][SYS]: Stability test - Iteration 63, Log 6
[INF][SYS]: Stability test - Iteration 63, Log 7
[INF][SYS]: Stability test - Iteration 63, Log 8
[INF][SYS]: Stability test - Iteration 63, Log 9
[INF][SYS]: Stability test - Iteration 63, Log 10
[INF][SYS]: Stability test - Iteration 63, Log 11
[INF][SYS]: Stability test - Iteration 63, Log 12
[INF][SYS]: Stability test - Iteration 63, Log 13
[INF][SYS]: Stability test - Iteration 63, Log 14
[INF][SYS]: Stability test - Iteration 63, Log 15
[INF][SYS]: Stability test - Iteration 63, Log 16
[INF][SYS]: Stability test - Iteration 63, Log 17
[INF][SYS]: Stability test - Iteration 63, Log 18
[INF][SYS]: Stability test - Iteration 63, Log 19
[INF][SYS]: Stability test - Iteration 63, Log 20
[INF][SYS]: Stability test - Iteration 63, Log 21
[INF][SYS]: Stability test - Iteration 63, Log 22
[INF][SYS]: Stability test - Iteration 63, Log 23
[INF][SYS]: Stability test - Iteration 63, Log 24
[INF][SYS]: Stability test - Iteration 63, Log 25
[INF][SYS]: Stability test - Iteration 63, Log 26
[INF][SYS]: Stability test - Iteration 63, Log 27
[INF][SYS]: Stability test - Iteration 63, Log 28
[INF][SYS]: Stability test - Iteration 63, Log 29
[INF][SYS]: Stability test - Iteration 63, Log 30
[INF][SYS]: Stability test - Iteration 63, Log 31
[INF][SYS]: Stability test - Iteration 63, Log 32
[INF][SYS]: Stability test - Iteration 63, Log 33
[INF][SYS]: Stability test - Iteration 63, Log 34
[INF][SYS]: Stability test - Iteration 63, Log 35
[INF][SYS]: Stability test - Iteration 63, Log 36
[INF][SYS]: Stability test - Iteration 63, Log 37
[INF][SYS]: Stability test - Iteration 63, Log 38
[INF][SYS]: Stability test - Iteration 63, Log 39
[INF][SYS]: Stability test - Iteration 63, Log 40
[INF][SYS]: Stability test - Iteration 63, Log 41
[INF][SYS]: Stability test - Iteration 63, Log 42
[INF][SYS]: Stability test - Iteration 63, Log 43
[INF][SYS]: Stability test - Iteration 63, Log 44
[INF][SYS]: Stability test - Iteration 63, Log 45
[INF][SYS]: Stability test - Iteration 63, Log 46
[INF][SYS]: Stability test - Iteration 63, Log 47
[INF][SYS]: Stability test - Iteration 63, Log 48
[INF][SYS]: Stability test - Iteration 63, Log 49
[INF][SYS]: Stability test - Iteration 64, Log 0
[INF][SYS]: Stability test - Iteration 64, Log 1
[INF][SYS]: Stability test - Iteration 64, Log 2
[INF][SYS]: Stability test - Iteration 64, Log 3
[INF][SYS]: Stability test - Iteration 64, Log 4
[INF][SYS]: Stability test - Iteration 64, Log 5
[INF][SYS]: Stability test - Iteration 64, Log 6
[INF][SYS]: Stability test - Iteration 64, Log 7
[INF][SYS]: Stability test - Iteration 64, Log 8
[INF][SYS]: Stability test - Iteration 64, Log 9
[INF][SYS]: Stability test - Iteration 64, Log 10
[INF][SYS]: Stability test - Iteration 64, Log 11
[INF][SYS]: Stability test - Iteration 64, Log 12
[INF][SYS]: Stability test - Iteration 64, Log 13
[INF][SYS]: Stability test - Iteration 64, Log 14
[INF][SYS]: Stability test - Iteration 64, Log 15
[INF][SYS]: Stability test - Iteration 64, Log 16
[INF][SYS]: Stability test - Iteration 64, Log 17
[INF][SYS]: Stability test - Iteration 64, Log 18
[INF][SYS]: Stability test - Iteration 64, Log 19
[INF][SYS]: Stability test - Iteration 64, Log 20
[INF][SYS]: Stability test - Iteration 64, Log 21
[INF][SYS]: Stability test - Iteration 64, Log 22
[INF][SYS]: Stability test - Iteration 64, Log 23
[INF][SYS]: Stability test - Iteration 64, Log 24
[INF][SYS]: Stability test - Iteration 64, Log 25
[INF][SYS]: Stability test - Iteration 64, Log 26
[INF][SYS]: Stability test - Iteration 64, Log 27
[INF][SYS]: Stability test - Iteration 64, Log 28
[INF][SYS]: Stability test - Iteration 64, Log 29
[INF][SYS]: Stability test - Iteration 64, Log 30
[INF][SYS]: Stability test - Iteration 64, Log 31
[INF][SYS]: Stability test - Iteration 64, Log 32
[INF][SYS]: Stability test - Iteration 64, Log 33
[INF][SYS]: Stability test - Iteration 64, Log 34
[INF][SYS]: Stability test - Iteration 64, Log 35
[INF][SYS]: Stability test - Iteration 64, Log 36
[INF][SYS]: Stability test - Iteration 64, Log 37
[INF][SYS]: Stability test - Iteration 64, Log 38
[INF][SYS]: Stability test - Iteration 64, Log 39
[INF][SYS]: Stability test - Iteration 64, Log 40
[INF][SYS]: Stability test - Iteration 64, Log 41
[INF][SYS]: Stability test - Iteration 64, Log 42
[INF][SYS]: Stability test - Iteration 64, Log 43
[INF][SYS]: Stability test - Iteration 64, Log 44
[INF][SYS]: Stability test - Iteration 64, Log 45
[INF][SYS]: Stability test - Iteration 64, Log 46
[INF][SYS]: Stability test - Iteration 64, Log 47
[INF][SYS]: Stability test - Iteration 64, Log 48
[INF][SYS]: Stability test - Iteration 64, Log 49
[INF][SYS]: Stability test - Iteration 65, Log 0
[INF][SYS]: Stability test - Iteration 65, Log 1
[INF][SYS]: Stability test - Iteration 65, Log 2
[INF][SYS]: Stability test - Iteration 65, Log 3
[INF][SYS]: Stability test - Iteration 65, Log 4
[INF][SYS]: Stability test - Iteration 65, Log 5
[INF][SYS]: Stability test - Iteration 65, Log 6
[INF][SYS]: Stability test - Iteration 65, Log 7
[INF][SYS]: Stability test - Iteration 65, Log 8
[INF][SYS]: Stability test - Iteration 65, Log 9
[INF][SYS]: Stability test - Iteration 65, Log 10
[INF][SYS]: Stability test - Iteration 65, Log 11
[INF][SYS]: Stability test - Iteration 65, Log 12
[INF][SYS]: Stability test - Iteration 65, Log 13
[INF][SYS]: Stability test - Iteration 65, Log 14
[INF][SYS]: Stability test - Iteration 65, Log 15
[INF][SYS]: Stability test - Iteration 65, Log 16
[INF][SYS]: Stability test - Iteration 65, Log 17
[INF][SYS]: Stability test - Iteration 65, Log 18
[INF][SYS]: Stability test - Iteration 65, Log 19
[INF][SYS]: Stability test - Iteration 65, Log 20
[INF][SYS]: Stability test - Iteration 65, Log 21
[INF][SYS]: Stability test - Iteration 65, Log 22
[INF][SYS]: Stability test - Iteration 65, Log 23
[INF][SYS]: Stability test - Iteration 65, Log 24
[INF][SYS]: Stability test - Iteration 65, Log 25
[INF][SYS]: Stability test - Iteration 65, Log 26
[INF][SYS]: Stability test - Iteration 65, Log 27
[INF][SYS]: Stability test - Iteration 65, Log 28
[INF][SYS]: Stability test - Iteration 65, Log 29
[INF][SYS]: Stability test - Iteration 65, Log 30
[INF][SYS]: Stability test - Iteration 65, Log 31
[INF][SYS]: Stability test - Iteration 65, Log 32
[INF][SYS]: Stability test - Iteration 65, Log 33
[INF][SYS]: Stability test - Iteration 65, Log 34
[INF][SYS]: Stability test - Iteration 65, Log 35
[INF][SYS]: Stability test - Iteration 65, Log 36
[INF][SYS]: Stability test - Iteration 65, Log 37
[INF][SYS]: Stability test - Iteration 65, Log 38
[INF][SYS]: Stability test - Iteration 65, Log 39
[INF][SYS]: Stability test - Iteration 65, Log 40
[INF][SYS]: Stability test - Iteration 65, Log 41
[INF][SYS]: Stability test - Iteration 65, Log 42
[INF][SYS]: Stability test - Iteration 65, Log 43
[INF][SYS]: Stability test - Iteration 65, Log 44
[INF][SYS]: Stability test - Iteration 65, Log 45
[INF][SYS]: Stability test - Iteration 65, Log 46
[INF][SYS]: Stability test - Iteration 65, Log 47
[INF][SYS]: Stability test - Iteration 65, Log 48
[INF][SYS]: Stability test - Iteration 65, Log 49
[INF][SYS]: Stability test - Iteration 66, Log 0
[INF][SYS]: Stability test - Iteration 66, Log 1
[INF][SYS]: Stability test - Iteration 66, Log 2
[INF][SYS]: Stability test - Iteration 66, Log 3
[INF][SYS]: Stability test - Iteration 66, Log 4
[INF][SYS]: Stability test - Iteration 66, Log 5
[INF][SYS]: Stability test - Iteration 66, Log 6
[INF][SYS]: Stability test - Iteration 66, Log 7
[INF][SYS]: Stability test - Iteration 66, Log 8
[INF][SYS]: Stability test - Iteration 66, Log 9
[INF][SYS]: Stability test - Iteration 66, Log 10
[INF][SYS]: Stability test - Iteration 66, Log 11
[INF][SYS]: Stability test - Iteration 66, Log 12
[INF][SYS]: Stability test - Iteration 66, Log 13
[INF][SYS]: Stability test - Iteration 66, Log 14
[INF][SYS]: Stability test - Iteration 66, Log 15
[INF][SYS]: Stability test - Iteration 66, Log 16
[INF][SYS]: Stability test - Iteration 66, Log 17
[INF][SYS]: Stability test - Iteration 66, Log 18
[INF][SYS]: Stability test - Iteration 66, Log 19
[INF][SYS]: Stability test - Iteration 66, Log 20
[INF][SYS]: Stability test - Iteration 66, Log 21
[INF][SYS]: Stability test - Iteration 66, Log 22
[INF][SYS]: Stability test - Iteration 66, Log 23
[INF][SYS]: Stability test - Iteration 66, Log 24
[INF][SYS]: Stability test - Iteration 66, Log 25
[INF][SYS]: Stability test - Iteration 66, Log 26
[INF][SYS]: Stability test - Iteration 66, Log 27
[INF][SYS]: Stability test - Iteration 66, Log 28
[INF][SYS]: Stability test - Iteration 66, Log 29
[INF][SYS]: Stability test - Iteration 66, Log 30
[INF][SYS]: Stability test - Iteration 66, Log 31
[INF][SYS]: Stability test - Iteration 66, Log 32
[INF][SYS]: Stability test - Iteration 66, Log 33
[INF][SYS]: Stability test - Iteration 66, Log 34
[INF][SYS]: Stability test - Iteration 66, Log 35
[INF][SYS]: Stability test - Iteration 66, Log 36
[INF][SYS]: Stability test - Iteration 66, Log 37
[INF][SYS]: Stability test - Iteration 66, Log 38
[INF][SYS]: Stability test - Iteration 66, Log 39
[INF][SYS]: Stability test - Iteration 66, Log 40
[INF][SYS]: Stability test - Iteration 66, Log 41
[INF][SYS]: Stability test - Iteration 66, Log 42
[INF][SYS]: Stability test - Iteration 66, Log 43
[INF][SYS]: Stability test - Iteration 66, Log 44
[INF][SYS]: Stability test - Iteration 66, Log 45
[INF][SYS]: Stability test - Iteration 66, Log 46
[INF][SYS]: Stability test - Iteration 66, Log 47
[INF][SYS]: Stability test - Iteration 66, Log 48
[INF][SYS]: Stability test - Iteration 66, Log 49
[INF][SYS]: Stability test - Iteration 67, Log 0
[INF][SYS]: Stability test - Iteration 67, Log 1
[INF][SYS]: Stability test - Iteration 67, Log 2
[INF][SYS]: Stability test - Iteration 67, Log 3
[INF][SYS]: Stability test - Iteration 67, Log 4
[INF][SYS]: Stability test - Iteration 67, Log 5
[INF][SYS]: Stability test - Iteration 67, Log 6
[INF][SYS]: Stability test - Iteration 67, Log 7
[INF][SYS]: Stability test - Iteration 67, Log 8
[INF][SYS]: Stability test - Iteration 67, Log 9
[INF][SYS]: Stability test - Iteration 67, Log 10
[INF][SYS]: Stability test - Iteration 67, Log 11
[INF][SYS]: Stability test - Iteration 67, Log 12
[INF][SYS]: Stability test - Iteration 67, Log 13
[INF][SYS]: Stability test - Iteration 67, Log 14
[INF][SYS]: Stability test - Iteration 67, Log 15
[INF][SYS]: Stability test - Iteration 67, Log 16
[INF][SYS]: Stability test - Iteration 67, Log 17
[INF][SYS]: Stability test - Iteration 67, Log 18
[INF][SYS]: Stability test - Iteration 67, Log 19
[INF][SYS]: Stability test - Iteration 67, Log 20
[INF][SYS]: Stability test - Iteration 67, Log 21
[INF][SYS]: Stability test - Iteration 67, Log 22
[INF][SYS]: Stability test - Iteration 67, Log 23
[INF][SYS]: Stability test - Iteration 67, Log 24
[INF][SYS]: Stability test - Iteration 67, Log 25
[INF][SYS]: Stability test - Iteration 67, Log 26
[INF][SYS]: Stability test - Iteration 67, Log 27
[INF][SYS]: Stability test - Iteration 67, Log 28
[INF][SYS]: Stability test - Iteration 67, Log 29
[INF][SYS]: Stability test - Iteration 67, Log 30
[INF][SYS]: Stability test - Iteration 67, Log 31
[INF][SYS]: Stability test - Iteration 67, Log 32
[INF][SYS]: Stability test - Iteration 67, Log 33
[INF][SYS]: Stability test - Iteration 67, Log 34
[INF][SYS]: Stability test - Iteration 67, Log 35
[INF][SYS]: Stability test - Iteration 67, Log 36
[INF][SYS]: Stability test - Iteration 67, Log 37
[INF][SYS]: Stability test - Iteration 67, Log 38
[INF][SYS]: Stability test - Iteration 67, Log 39
[INF][SYS]: Stability test - Iteration 67, Log 40
[INF][SYS]: Stability test - Iteration 67, Log 41
[INF][SYS]: Stability test - Iteration 67, Log 42
[INF][SYS]: Stability test - Iteration 67, Log 43
[INF][SYS]: Stability test - Iteration 67, Log 44
[INF][SYS]: Stability test - Iteration 67, Log 45
[INF][SYS]: Stability test - Iteration 67, Log 46
[INF][SYS]: Stability test - Iteration 67, Log 47
[INF][SYS]: Stability test - Iteration 67, Log 48
[INF][SYS]: Stability test - Iteration 67, Log 49
[INF][SYS]: Stability test - Iteration 68, Log 0
[INF][SYS]: Stability test - Iteration 68, Log 1
[INF][SYS]: Stability test - Iteration 68, Log 2
[INF][SYS]: Stability test - Iteration 68, Log 3
[INF][SYS]: Stability test - Iteration 68, Log 4
[INF][SYS]: Stability test - Iteration 68, Log 5
[INF][SYS]: Stability test - Iteration 68, Log 6
[INF][SYS]: Stability test - Iteration 68, Log 7
[INF][SYS]: Stability test - Iteration 68, Log 8
[INF][SYS]: Stability test - Iteration 68, Log 9
[INF][SYS]: Stability test - Iteration 68, Log 10
[INF][SYS]: Stability test - Iteration 68, Log 11
[INF][SYS]: Stability test - Iteration 68, Log 12
[INF][SYS]: Stability test - Iteration 68, Log 13
[INF][SYS]: Stability test - Iteration 68, Log 14
[INF][SYS]: Stability test - Iteration 68, Log 15
[INF][SYS]: Stability test - Iteration 68, Log 16
[INF][SYS]: Stability test - Iteration 68, Log 17
[INF][SYS]: Stability test - Iteration 68, Log 18
[INF][SYS]: Stability test - Iteration 68, Log 19
[INF][SYS]: Stability test - Iteration 68, Log 20
[INF][SYS]: Stability test - Iteration 68, Log 21
[INF][SYS]: Stability test - Iteration 68, Log 22
[INF][SYS]: Stability test - Iteration 68, Log 23
[INF][SYS]: Stability test - Iteration 68, Log 24
[INF][SYS]: Stability test - Iteration 68, Log 25
[INF][SYS]: Stability test - Iteration 68, Log 26
[INF][SYS]: Stability test - Iteration 68, Log 27
[INF][SYS]: Stability test - Iteration 68, Log 28
[INF][SYS]: Stability test - Iteration 68, Log 29
[INF][SYS]: Stability test - Iteration 68, Log 30
[INF][SYS]: Stability test - Iteration 68, Log 31
[INF][SYS]: Stability test - Iteration 68, Log 32
[INF][SYS]: Stability test - Iteration 68, Log 33
[INF][SYS]: Stability test - Iteration 68, Log 34
[INF][SYS]: Stability test - Iteration 68, Log 35
[INF][SYS]: Stability test - Iteration 68, Log 36
[INF][SYS]: Stability test - Iteration 68, Log 37
[INF][SYS]: Stability test - Iteration 68, Log 38
[INF][SYS]: Stability test - Iteration 68, Log 39
[INF][SYS]: Stability test - Iteration 68, Log 40
[INF][SYS]: Stability test - Iteration 68, Log 41
[INF][SYS]: Stability test - Iteration 68, Log 42
[INF][SYS]: Stability test - Iteration 68, Log 43
[INF][SYS]: Stability test - Iteration 68, Log 44
[INF][SYS]: Stability test - Iteration 68, Log 45
[INF][SYS]: Stability test - Iteration 68, Log 46
[INF][SYS]: Stability test - Iteration 68, Log 47
[INF][SYS]: Stability test - Iteration 68, Log 48
[INF][SYS]: Stability test - Iteration 68, Log 49
[INF][SYS]: Stability test - Iteration 69, Log 0
[INF][SYS]: Stability test - Iteration 69, Log 1
[INF][SYS]: Stability test - Iteration 69, Log 2
[INF][SYS]: Stability test - Iteration 69, Log 3
[INF][SYS]: Stability test - Iteration 69, Log 4
[INF][SYS]: Stability test - Iteration 69, Log 5
[INF][SYS]: Stability test - Iteration 69, Log 6
[INF][SYS]: Stability test - Iteration 69, Log 7
[INF][SYS]: Stability test - Iteration 69, Log 8
[INF][SYS]: Stability test - Iteration 69, Log 9
[INF][SYS]: Stability test - Iteration 69, Log 10
[INF][SYS]: Stability test - Iteration 69, Log 11
[INF][SYS]: Stability test - Iteration 69, Log 12
[INF][SYS]: Stability test - Iteration 69, Log 13
[INF][SYS]: Stability test - Iteration 69, Log 14
[INF][SYS]: Stability test - Iteration 69, Log 15
[INF][SYS]: Stability test - Iteration 69, Log 16
[INF][SYS]: Stability test - Iteration 69, Log 17
[INF][SYS]: Stability test - Iteration 69, Log 18
[INF][SYS]: Stability test - Iteration 69, Log 19
[INF][SYS]: Stability test - Iteration 69, Log 20
[INF][SYS]: Stability test - Iteration 69, Log 21
[INF][SYS]: Stability test - Iteration 69, Log 22
[INF][SYS]: Stability test - Iteration 69, Log 23
[INF][SYS]: Stability test - Iteration 69, Log 24
[INF][SYS]: Stability test - Iteration 69, Log 25
[INF][SYS]: Stability test - Iteration 69, Log 26
[INF][SYS]: Stability test - Iteration 69, Log 27
[INF][SYS]: Stability test - Iteration 69, Log 28
[INF][SYS]: Stability test - Iteration 69, Log 29
[INF][SYS]: Stability test - Iteration 69, Log 30
[INF][SYS]: Stability test - Iteration 69, Log 31
[INF][SYS]: Stability test - Iteration 69, Log 32
[INF][SYS]: Stability test - Iteration 69, Log 33
[INF][SYS]: Stability test - Iteration 69, Log 34
[INF][SYS]: Stability test - Iteration 69, Log 35
[INF][SYS]: Stability test - Iteration 69, Log 36
[INF][SYS]: Stability test - Iteration 69, Log 37
[INF][SYS]: Stability test - Iteration 69, Log 38
[INF][SYS]: Stability test - Iteration 69, Log 39
[INF][SYS]: Stability test - Iteration 69, Log 40
[INF][SYS]: Stability test - Iteration 69, Log 41
[INF][SYS]: Stability test - Iteration 69, Log 42
[INF][SYS]: Stability test - Iteration 69, Log 43
[INF][SYS]: Stability test - Iteration 69, Log 44
[INF][SYS]: Stability test - Iteration 69, Log 45
[INF][SYS]: Stability test - Iteration 69, Log 46
[INF][SYS]: Stability test - Iteration 69, Log 47
[INF][SYS]: Stability test - Iteration 69, Log 48
[INF][SYS]: Stability test - Iteration 69, Log 49
[INF][SYS]: Stability test - Iteration 70, Log 0
[INF][SYS]: Stability test - Iteration 70, Log 1
[INF][SYS]: Stability test - Iteration 70, Log 2
[INF][SYS]: Stability test - Iteration 70, Log 3
[INF][SYS]: Stability test - Iteration 70, Log 4
[INF][SYS]: Stability test - Iteration 70, Log 5
[INF][SYS]: Stability test - Iteration 70, Log 6
[INF][SYS]: Stability test - Iteration 70, Log 7
[INF][SYS]: Stability test - Iteration 70, Log 8
[INF][SYS]: Stability test - Iteration 70, Log 9
[INF][SYS]: Stability test - Iteration 70, Log 10
[INF][SYS]: Stability test - Iteration 70, Log 11
[INF][SYS]: Stability test - Iteration 70, Log 12
[INF][SYS]: Stability test - Iteration 70, Log 13
[INF][SYS]: Stability test - Iteration 70, Log 14
[INF][SYS]: Stability test - Iteration 70, Log 15
[INF][SYS]: Stability test - Iteration 70, Log 16
[INF][SYS]: Stability test - Iteration 70, Log 17
[INF][SYS]: Stability test - Iteration 70, Log 18
[INF][SYS]: Stability test - Iteration 70, Log 19
[INF][SYS]: Stability test - Iteration 70, Log 20
[INF][SYS]: Stability test - Iteration 70, Log 21
[INF][SYS]: Stability test - Iteration 70, Log 22
[INF][SYS]: Stability test - Iteration 70, Log 23
[INF][SYS]: Stability test - Iteration 70, Log 24
[INF][SYS]: Stability test - Iteration 70, Log 25
[INF][SYS]: Stability test - Iteration 70, Log 26
[INF][SYS]: Stability test - Iteration 70, Log 27
[INF][SYS]: Stability test - Iteration 70, Log 28
[INF][SYS]: Stability test - Iteration 70, Log 29
[INF][SYS]: Stability test - Iteration 70, Log 30
[INF][SYS]: Stability test - Iteration 70, Log 31
[INF][SYS]: Stability test - Iteration 70, Log 32
[INF][SYS]: Stability test - Iteration 70, Log 33
[INF][SYS]: Stability test - Iteration 70, Log 34
[INF][SYS]: Stability test - Iteration 70, Log 35
[INF][SYS]: Stability test - Iteration 70, Log 36
[INF][SYS]: Stability test - Iteration 70, Log 37
[INF][SYS]: Stability test - Iteration 70, Log 38
[INF][SYS]: Stability test - Iteration 70, Log 39
[INF][SYS]: Stability test - Iteration 70, Log 40
[INF][SYS]: Stability test - Iteration 70, Log 41
[INF][SYS]: Stability test - Iteration 70, Log 42
[INF][SYS]: Stability test - Iteration 70, Log 43
[INF][SYS]: Stability test - Iteration 70, Log 44
[INF][SYS]: Stability test - Iteration 70, Log 45
[INF][SYS]: Stability test - Iteration 70, Log 46
[INF][SYS]: Stability test - Iteration 70, Log 47
[INF][SYS]: Stability test - Iteration 70, Log 48
[INF][SYS]: Stability test - Iteration 70, Log 49
[INF][SYS]: Stability test - Iteration 71, Log 0
[INF][SYS]: Stability test - Iteration 71, Log 1
[INF][SYS]: Stability test - Iteration 71, Log 2
[INF][SYS]: Stability test - Iteration 71, Log 3
[INF][SYS]: Stability test - Iteration 71, Log 4
[INF][SYS]: Stability test - Iteration 71, Log 5
[INF][SYS]: Stability test - Iteration 71, Log 6
[INF][SYS]: Stability test - Iteration 71, Log 7
[INF][SYS]: Stability test - Iteration 71, Log 8
[INF][SYS]: Stability test - Iteration 71, Log 9
[INF][SYS]: Stability test - Iteration 71, Log 10
[INF][SYS]: Stability test - Iteration 71, Log 11
[INF][SYS]: Stability test - Iteration 71, Log 12
[INF][SYS]: Stability test - Iteration 71, Log 13
[INF][SYS]: Stability test - Iteration 71, Log 14
[INF][SYS]: Stability test - Iteration 71, Log 15
[INF][SYS]: Stability test - Iteration 71, Log 16
[INF][SYS]: Stability test - Iteration 71, Log 17
[INF][SYS]: Stability test - Iteration 71, Log 18
[INF][SYS]: Stability test - Iteration 71, Log 19
[INF][SYS]: Stability test - Iteration 71, Log 20
[INF][SYS]: Stability test - Iteration 71, Log 21
[INF][SYS]: Stability test - Iteration 71, Log 22
[INF][SYS]: Stability test - Iteration 71, Log 23
[INF][SYS]: Stability test - Iteration 71, Log 24
[INF][SYS]: Stability test - Iteration 71, Log 25
[INF][SYS]: Stability test - Iteration 71, Log 26
[INF][SYS]: Stability test - Iteration 71, Log 27
[INF][SYS]: Stability test - Iteration 71, Log 28
[INF][SYS]: Stability test - Iteration 71, Log 29
[INF][SYS]: Stability test - Iteration 71, Log 30
[INF][SYS]: Stability test - Iteration 71, Log 31
[INF][SYS]: Stability test - Iteration 71, Log 32
[INF][SYS]: Stability test - Iteration 71, Log 33
[INF][SYS]: Stability test - Iteration 71, Log 34
[INF][SYS]: Stability test - Iteration 71, Log 35
[INF][SYS]: Stability test - Iteration 71, Log 36
[INF][SYS]: Stability test - Iteration 71, Log 37
[INF][SYS]: Stability test - Iteration 71, Log 38
[INF][SYS]: Stability test - Iteration 71, Log 39
[INF][SYS]: Stability test - Iteration 71, Log 40
[INF][SYS]: Stability test - Iteration 71, Log 41
[INF][SYS]: Stability test - Iteration 71, Log 42
[INF][SYS]: Stability test - Iteration 71, Log 43
[INF][SYS]: Stability test - Iteration 71, Log 44
[INF][SYS]: Stability test - Iteration 71, Log 45
[INF][SYS]: Stability test - Iteration 71, Log 46
[INF][SYS]: Stability test - Iteration 71, Log 47
[INF][SYS]: Stability test - Iteration 71, Log 48
[INF][SYS]: Stability test - Iteration 71, Log 49
[INF][SYS]: Stability test - Iteration 72, Log 0
[INF][SYS]: Stability test - Iteration 72, Log 1
[INF][SYS]: Stability test - Iteration 72, Log 2
[INF][SYS]: Stability test - Iteration 72, Log 3
[INF][SYS]: Stability test - Iteration 72, Log 4
[INF][SYS]: Stability test - Iteration 72, Log 5
[INF][SYS]: Stability test - Iteration 72, Log 6
[INF][SYS]: Stability test - Iteration 72, Log 7
[INF][SYS]: Stability test - Iteration 72, Log 8
[INF][SYS]: Stability test - Iteration 72, Log 9
[INF][SYS]: Stability test - Iteration 72, Log 10
[INF][SYS]: Stability test - Iteration 72, Log 11
[INF][SYS]: Stability test - Iteration 72, Log 12
[INF][SYS]: Stability test - Iteration 72, Log 13
[INF][SYS]: Stability test - Iteration 72, Log 14
[INF][SYS]: Stability test - Iteration 72, Log 15
[INF][SYS]: Stability test - Iteration 72, Log 16
[INF][SYS]: Stability test - Iteration 72, Log 17
[INF][SYS]: Stability test - Iteration 72, Log 18
[INF][SYS]: Stability test - Iteration 72, Log 19
[INF][SYS]: Stability test - Iteration 72, Log 20
[INF][SYS]: Stability test - Iteration 72, Log 21
[INF][SYS]: Stability test - Iteration 72, Log 22
[INF][SYS]: Stability test - Iteration 72, Log 23
[INF][SYS]: Stability test - Iteration 72, Log 24
[INF][SYS]: Stability test - Iteration 72, Log 25
[INF][SYS]: Stability test - Iteration 72, Log 26
[INF][SYS]: Stability test - Iteration 72, Log 27
[INF][SYS]: Stability test - Iteration 72, Log 28
[INF][SYS]: Stability test - Iteration 72, Log 29
[INF][SYS]: Stability test - Iteration 72, Log 30
[INF][SYS]: Stability test - Iteration 72, Log 31
[INF][SYS]: Stability test - Iteration 72, Log 32
[INF][SYS]: Stability test - Iteration 72, Log 33
[INF][SYS]: Stability test - Iteration 72, Log 34
[INF][SYS]: Stability test - Iteration 72, Log 35
[INF][SYS]: Stability test - Iteration 72, Log 36
[INF][SYS]: Stability test - Iteration 72, Log 37
[INF][SYS]: Stability test - Iteration 72, Log 38
[INF][SYS]: Stability test - Iteration 72, Log 39
[INF][SYS]: Stability test - Iteration 72, Log 40
[INF][SYS]: Stability test - Iteration 72, Log 41
[INF][SYS]: Stability test - Iteration 72, Log 42
[INF][SYS]: Stability test - Iteration 72, Log 43
[INF][SYS]: Stability test - Iteration 72, Log 44
[INF][SYS]: Stability test - Iteration 72, Log 45
[INF][SYS]: Stability test - Iteration 72, Log 46
[INF][SYS]: Stability test - Iteration 72, Log 47
[INF][SYS]: Stability test - Iteration 72, Log 48
[INF][SYS]: Stability test - Iteration 72, Log 49
[INF][SYS]: Stability test - Iteration 73, Log 0
[INF][SYS]: Stability test - Iteration 73, Log 1
[INF][SYS]: Stability test - Iteration 73, Log 2
[INF][SYS]: Stability test - Iteration 73, Log 3
[INF][SYS]: Stability test - Iteration 73, Log 4
[INF][SYS]: Stability test - Iteration 73, Log 5
[INF][SYS]: Stability test - Iteration 73, Log 6
[INF][SYS]: Stability test - Iteration 73, Log 7
[INF][SYS]: Stability test - Iteration 73, Log 8
[INF][SYS]: Stability test - Iteration 73, Log 9
[INF][SYS]: Stability test - Iteration 73, Log 10
[INF][SYS]: Stability test - Iteration 73, Log 11
[INF][SYS]: Stability test - Iteration 73, Log 12
[INF][SYS]: Stability test - Iteration 73, Log 13
[INF][SYS]: Stability test - Iteration 73, Log 14
[INF][SYS]: Stability test - Iteration 73, Log 15
[INF][SYS]: Stability test - Iteration 73, Log 16
[INF][SYS]: Stability test - Iteration 73, Log 17
[INF][SYS]: Stability test - Iteration 73, Log 18
[INF][SYS]: Stability test - Iteration 73, Log 19
[INF][SYS]: Stability test - Iteration 73, Log 20
[INF][SYS]: Stability test - Iteration 73, Log 21
[INF][SYS]: Stability test - Iteration 73, Log 22
[INF][SYS]: Stability test - Iteration 73, Log 23
[INF][SYS]: Stability test - Iteration 73, Log 24
[INF][SYS]: Stability test - Iteration 73, Log 25
[INF][SYS]: Stability test - Iteration 73, Log 26
[INF][SYS]: Stability test - Iteration 73, Log 27
[INF][SYS]: Stability test - Iteration 73, Log 28
[INF][SYS]: Stability test - Iteration 73, Log 29
[INF][SYS]: Stability test - Iteration 73, Log 30
[INF][SYS]: Stability test - Iteration 73, Log 31
[INF][SYS]: Stability test - Iteration 73, Log 32
[INF][SYS]: Stability test - Iteration 73, Log 33
[INF][SYS]: Stability test - Iteration 73, Log 34
[INF][SYS]: Stability test - Iteration 73, Log 35
[INF][SYS]: Stability test - Iteration 73, Log 36
[INF][SYS]: Stability test - Iteration 73, Log 37
[INF][SYS]: Stability test - Iteration 73, Log 38
[INF][SYS]: Stability test - Iteration 73, Log 39
[INF][SYS]: Stability test - Iteration 73, Log 40
[INF][SYS]: Stability test - Iteration 73, Log 41
[INF][SYS]: Stability test - Iteration 73, Log 42
[INF][SYS]: Stability test - Iteration 73, Log 43
[INF][SYS]: Stability test - Iteration 73, Log 44
[INF][SYS]: Stability test - Iteration 73, Log 45
[INF][SYS]: Stability test - Iteration 73, Log 46
[INF][SYS]: Stability test - Iteration 73, Log 47
[INF][SYS]: Stability test - Iteration 73, Log 48
[INF][SYS]: Stability test - Iteration 73, Log 49
[INF][SYS]: Stability test - Iteration 74, Log 0
[INF][SYS]: Stability test - Iteration 74, Log 1
[INF][SYS]: Stability test - Iteration 74, Log 2
[INF][SYS]: Stability test - Iteration 74, Log 3
[INF][SYS]: Stability test - Iteration 74, Log 4
[INF][SYS]: Stability test - Iteration 74, Log 5
[INF][SYS]: Stability test - Iteration 74, Log 6
[INF][SYS]: Stability test - Iteration 74, Log 7
[INF][SYS]: Stability test - Iteration 74, Log 8
[INF][SYS]: Stability test - Iteration 74, Log 9
[INF][SYS]: Stability test - Iteration 74, Log 10
[INF][SYS]: Stability test - Iteration 74, Log 11
[INF][SYS]: Stability test - Iteration 74, Log 12
[INF][SYS]: Stability test - Iteration 74, Log 13
[INF][SYS]: Stability test - Iteration 74, Log 14
[INF][SYS]: Stability test - Iteration 74, Log 15
[INF][SYS]: Stability test - Iteration 74, Log 16
[INF][SYS]: Stability test - Iteration 74, Log 17
[INF][SYS]: Stability test - Iteration 74, Log 18
[INF][SYS]: Stability test - Iteration 74, Log 19
[INF][SYS]: Stability test - Iteration 74, Log 20
[INF][SYS]: Stability test - Iteration 74, Log 21
[INF][SYS]: Stability test - Iteration 74, Log 22
[INF][SYS]: Stability test - Iteration 74, Log 23
[INF][SYS]: Stability test - Iteration 74, Log 24
[INF][SYS]: Stability test - Iteration 74, Log 25
[INF][SYS]: Stability test - Iteration 74, Log 26
[INF][SYS]: Stability test - Iteration 74, Log 27
[INF][SYS]: Stability test - Iteration 74, Log 28
[INF][SYS]: Stability test - Iteration 74, Log 29
[INF][SYS]: Stability test - Iteration 74, Log 30
[INF][SYS]: Stability test - Iteration 74, Log 31
[INF][SYS]: Stability test - Iteration 74, Log 32
[INF][SYS]: Stability test - Iteration 74, Log 33
[INF][SYS]: Stability test - Iteration 74, Log 34
[INF][SYS]: Stability test - Iteration 74, Log 35
[INF][SYS]: Stability test - Iteration 74, Log 36
[INF][SYS]: Stability test - Iteration 74, Log 37
[INF][SYS]: Stability test - Iteration 74, Log 38
[INF][SYS]: Stability test - Iteration 74, Log 39
[INF][SYS]: Stability test - Iteration 74, Log 40
[INF][SYS]: Stability test - Iteration 74, Log 41
[INF][SYS]: Stability test - Iteration 74, Log 42
[INF][SYS]: Stability test - Iteration 74, Log 43
[INF][SYS]: Stability test - Iteration 74, Log 44
[INF][SYS]: Stability test - Iteration 74, Log 45
[INF][SYS]: Stability test - Iteration 74, Log 46
[INF][SYS]: Stability test - Iteration 74, Log 47
[INF][SYS]: Stability test - Iteration 74, Log 48
[INF][SYS]: Stability test - Iteration 74, Log 49
[INF][SYS]: Stability test - Iteration 75, Log 0
[INF][SYS]: Stability test - Iteration 75, Log 1
[INF][SYS]: Stability test - Iteration 75, Log 2
[INF][SYS]: Stability test - Iteration 75, Log 3
[INF][SYS]: Stability test - Iteration 75, Log 4
[INF][SYS]: Stability test - Iteration 75, Log 5
[INF][SYS]: Stability test - Iteration 75, Log 6
[INF][SYS]: Stability test - Iteration 75, Log 7
[INF][SYS]: Stability test - Iteration 75, Log 8
[INF][SYS]: Stability test - Iteration 75, Log 9
[INF][SYS]: Stability test - Iteration 75, Log 10
[INF][SYS]: Stability test - Iteration 75, Log 11
[INF][SYS]: Stability test - Iteration 75, Log 12
[INF][SYS]: Stability test - Iteration 75, Log 13
[INF][SYS]: Stability test - Iteration 75, Log 14
[INF][SYS]: Stability test - Iteration 75, Log 15
[INF][SYS]: Stability test - Iteration 75, Log 16
[INF][SYS]: Stability test - Iteration 75, Log 17
[INF][SYS]: Stability test - Iteration 75, Log 18
[INF][SYS]: Stability test - Iteration 75, Log 19
[INF][SYS]: Stability test - Iteration 75, Log 20
[INF][SYS]: Stability test - Iteration 75, Log 21
[INF][SYS]: Stability test - Iteration 75, Log 22
[INF][SYS]: Stability test - Iteration 75, Log 23
[INF][SYS]: Stability test - Iteration 75, Log 24
[INF][SYS]: Stability test - Iteration 75, Log 25
[INF][SYS]: Stability test - Iteration 75, Log 26
[INF][SYS]: Stability test - Iteration 75, Log 27
[INF][SYS]: Stability test - Iteration 75, Log 28
[INF][SYS]: Stability test - Iteration 75, Log 29
[INF][SYS]: Stability test - Iteration 75, Log 30
[INF][SYS]: Stability test - Iteration 75, Log 31
[INF][SYS]: Stability test - Iteration 75, Log 32
[INF][SYS]: Stability test - Iteration 75, Log 33
[INF][SYS]: Stability test - Iteration 75, Log 34
[INF][SYS]: Stability test - Iteration 75, Log 35
[INF][SYS]: Stability test - Iteration 75, Log 36
[INF][SYS]: Stability test - Iteration 75, Log 37
[INF][SYS]: Stability test - Iteration 75, Log 38
[INF][SYS]: Stability test - Iteration 75, Log 39
[INF][SYS]: Stability test - Iteration 75, Log 40
[INF][SYS]: Stability test - Iteration 75, Log 41
[INF][SYS]: Stability test - Iteration 75, Log 42
[INF][SYS]: Stability test - Iteration 75, Log 43
[INF][SYS]: Stability test - Iteration 75, Log 44
[INF][SYS]: Stability test - Iteration 75, Log 45
[INF][SYS]: Stability test - Iteration 75, Log 46
[INF][SYS]: Stability test - Iteration 75, Log 47
[INF][SYS]: Stability test - Iteration 75, Log 48
[INF][SYS]: Stability test - Iteration 75, Log 49
[INF][SYS]: Stability test - Iteration 76, Log 0
[INF][SYS]: Stability test - Iteration 76, Log 1
[INF][SYS]: Stability test - Iteration 76, Log 2
[INF][SYS]: Stability test - Iteration 76, Log 3
[INF][SYS]: Stability test - Iteration 76, Log 4
[INF][SYS]: Stability test - Iteration 76, Log 5
[INF][SYS]: Stability test - Iteration 76, Log 6
[INF][SYS]: Stability test - Iteration 76, Log 7
[INF][SYS]: Stability test - Iteration 76, Log 8
[INF][SYS]: Stability test - Iteration 76, Log 9
[INF][SYS]: Stability test - Iteration 76, Log 10
[INF][SYS]: Stability test - Iteration 76, Log 11
[INF][SYS]: Stability test - Iteration 76, Log 12
[INF][SYS]: Stability test - Iteration 76, Log 13
[INF][SYS]: Stability test - Iteration 76, Log 14
[INF][SYS]: Stability test - Iteration 76, Log 15
[INF][SYS]: Stability test - Iteration 76, Log 16
[INF][SYS]: Stability test - Iteration 76, Log 17
[INF][SYS]: Stability test - Iteration 76, Log 18
[INF][SYS]: Stability test - Iteration 76, Log 19
[INF][SYS]: Stability test - Iteration 76, Log 20
[INF][SYS]: Stability test - Iteration 76, Log 21
[INF][SYS]: Stability test - Iteration 76, Log 22
[INF][SYS]: Stability test - Iteration 76, Log 23
[INF][SYS]: Stability test - Iteration 76, Log 24
[INF][SYS]: Stability test - Iteration 76, Log 25
[INF][SYS]: Stability test - Iteration 76, Log 26
[INF][SYS]: Stability test - Iteration 76, Log 27
[INF][SYS]: Stability test - Iteration 76, Log 28
[INF][SYS]: Stability test - Iteration 76, Log 29
[INF][SYS]: Stability test - Iteration 76, Log 30
[INF][SYS]: Stability test - Iteration 76, Log 31
[INF][SYS]: Stability test - Iteration 76, Log 32
[INF][SYS]: Stability test - Iteration 76, Log 33
[INF][SYS]: Stability test - Iteration 76, Log 34
[INF][SYS]: Stability test - Iteration 76, Log 35
[INF][SYS]: Stability test - Iteration 76, Log 36
[INF][SYS]: Stability test - Iteration 76, Log 37
[INF][SYS]: Stability test - Iteration 76, Log 38
[INF][SYS]: Stability test - Iteration 76, Log 39
[INF][SYS]: Stability test - Iteration 76, Log 40
[INF][SYS]: Stability test - Iteration 76, Log 41
[INF][SYS]: Stability test - Iteration 76, Log 42
[INF][SYS]: Stability test - Iteration 76, Log 43
[INF][SYS]: Stability test - Iteration 76, Log 44
[INF][SYS]: Stability test - Iteration 76, Log 45
[INF][SYS]: Stability test - Iteration 76, Log 46
[INF][SYS]: Stability test - Iteration 76, Log 47
[INF][SYS]: Stability test - Iteration 76, Log 48
[INF][SYS]: Stability test - Iteration 76, Log 49
[INF][SYS]: Stability test - Iteration 77, Log 0
[INF][SYS]: Stability test - Iteration 77, Log 1
[INF][SYS]: Stability test - Iteration 77, Log 2
[INF][SYS]: Stability test - Iteration 77, Log 3
[INF][SYS]: Stability test - Iteration 77, Log 4
[INF][SYS]: Stability test - Iteration 77, Log 5
[INF][SYS]: Stability test - Iteration 77, Log 6
[INF][SYS]: Stability test - Iteration 77, Log 7
[INF][SYS]: Stability test - Iteration 77, Log 8
[INF][SYS]: Stability test - Iteration 77, Log 9
[INF][SYS]: Stability test - Iteration 77, Log 10
[INF][SYS]: Stability test - Iteration 77, Log 11
[INF][SYS]: Stability test - Iteration 77, Log 12
[INF][SYS]: Stability test - Iteration 77, Log 13
[INF][SYS]: Stability test - Iteration 77, Log 14
[INF][SYS]: Stability test - Iteration 77, Log 15
[INF][SYS]: Stability test - Iteration 77, Log 16
[INF][SYS]: Stability test - Iteration 77, Log 17
[INF][SYS]: Stability test - Iteration 77, Log 18
[INF][SYS]: Stability test - Iteration 77, Log 19
[INF][SYS]: Stability test - Iteration 77, Log 20
[INF][SYS]: Stability test - Iteration 77, Log 21
[INF][SYS]: Stability test - Iteration 77, Log 22
[INF][SYS]: Stability test - Iteration 77, Log 23
[INF][SYS]: Stability test - Iteration 77, Log 24
[INF][SYS]: Stability test - Iteration 77, Log 25
[INF][SYS]: Stability test - Iteration 77, Log 26
[INF][SYS]: Stability test - Iteration 77, Log 27
[INF][SYS]: Stability test - Iteration 77, Log 28
[INF][SYS]: Stability test - Iteration 77, Log 29
[INF][SYS]: Stability test - Iteration 77, Log 30
[INF][SYS]: Stability test - Iteration 77, Log 31
[INF][SYS]: Stability test - Iteration 77, Log 32
[INF][SYS]: Stability test - Iteration 77, Log 33
[INF][SYS]: Stability test - Iteration 77, Log 34
[INF][SYS]: Stability test - Iteration 77, Log 35
[INF][SYS]: Stability test - Iteration 77, Log 36
[INF][SYS]: Stability test - Iteration 77, Log 37
[INF][SYS]: Stability test - Iteration 77, Log 38
[INF][SYS]: Stability test - Iteration 77, Log 39
[INF][SYS]: Stability test - Iteration 77, Log 40
[INF][SYS]: Stability test - Iteration 77, Log 41
[INF][SYS]: Stability test - Iteration 77, Log 42
[INF][SYS]: Stability test - Iteration 77, Log 43
[INF][SYS]: Stability test - Iteration 77, Log 44
[INF][SYS]: Stability test - Iteration 77, Log 45
[INF][SYS]: Stability test - Iteration 77, Log 46
[INF][SYS]: Stability test - Iteration 77, Log 47
[INF][SYS]: Stability test - Iteration 77, Log 48
[INF][SYS]: Stability test - Iteration 77, Log 49
[INF][SYS]: Stability test - Iteration 78, Log 0
[INF][SYS]: Stability test - Iteration 78, Log 1
[INF][SYS]: Stability test - Iteration 78, Log 2
[INF][SYS]: Stability test - Iteration 78, Log 3
[INF][SYS]: Stability test - Iteration 78, Log 4
[INF][SYS]: Stability test - Iteration 78, Log 5
[INF][SYS]: Stability test - Iteration 78, Log 6
[INF][SYS]: Stability test - Iteration 78, Log 7
[INF][SYS]: Stability test - Iteration 78, Log 8
[INF][SYS]: Stability test - Iteration 78, Log 9
[INF][SYS]: Stability test - Iteration 78, Log 10
[INF][SYS]: Stability test - Iteration 78, Log 11
[INF][SYS]: Stability test - Iteration 78, Log 12
[INF][SYS]: Stability test - Iteration 78, Log 13
[INF][SYS]: Stability test - Iteration 78, Log 14
[INF][SYS]: Stability test - Iteration 78, Log 15
[INF][SYS]: Stability test - Iteration 78, Log 16
[INF][SYS]: Stability test - Iteration 78, Log 17
[INF][SYS]: Stability test - Iteration 78, Log 18
[INF][SYS]: Stability test - Iteration 78, Log 19
[INF][SYS]: Stability test - Iteration 78, Log 20
[INF][SYS]: Stability test - Iteration 78, Log 21
[INF][SYS]: Stability test - Iteration 78, Log 22
[INF][SYS]: Stability test - Iteration 78, Log 23
[INF][SYS]: Stability test - Iteration 78, Log 24
[INF][SYS]: Stability test - Iteration 78, Log 25
[INF][SYS]: Stability test - Iteration 78, Log 26
[INF][SYS]: Stability test - Iteration 78, Log 27
[INF][SYS]: Stability test - Iteration 78, Log 28
[INF][SYS]: Stability test - Iteration 78, Log 29
[INF][SYS]: Stability test - Iteration 78, Log 30
[INF][SYS]: Stability test - Iteration 78, Log 31
[INF][SYS]: Stability test - Iteration 78, Log 32
[INF][SYS]: Stability test - Iteration 78, Log 33
[INF][SYS]: Stability test - Iteration 78, Log 34
[INF][SYS]: Stability test - Iteration 78, Log 35
[INF][SYS]: Stability test - Iteration 78, Log 36
[INF][SYS]: Stability test - Iteration 78, Log 37
[INF][SYS]: Stability test - Iteration 78, Log 38
[INF][SYS]: Stability test - Iteration 78, Log 39
[INF][SYS]: Stability test - Iteration 78, Log 40
[INF][SYS]: Stability test - Iteration 78, Log 41
[INF][SYS]: Stability test - Iteration 78, Log 42
[INF][SYS]: Stability test - Iteration 78, Log 43
[INF][SYS]: Stability test - Iteration 78, Log 44
[INF][SYS]: Stability test - Iteration 78, Log 45
[INF][SYS]: Stability test - Iteration 78, Log 46
[INF][SYS]: Stability test - Iteration 78, Log 47
[INF][SYS]: Stability test - Iteration 78, Log 48
[INF][SYS]: Stability test - Iteration 78, Log 49
[INF][SYS]: Stability test - Iteration 79, Log 0
[INF][SYS]: Stability test - Iteration 79, Log 1
[INF][SYS]: Stability test - Iteration 79, Log 2
[INF][SYS]: Stability test - Iteration 79, Log 3
[INF][SYS]: Stability test - Iteration 79, Log 4
[INF][SYS]: Stability test - Iteration 79, Log 5
[INF][SYS]: Stability test - Iteration 79, Log 6
[INF][SYS]: Stability test - Iteration 79, Log 7
[INF][SYS]: Stability test - Iteration 79, Log 8
[INF][SYS]: Stability test - Iteration 79, Log 9
[INF][SYS]: Stability test - Iteration 79, Log 10
[INF][SYS]: Stability test - Iteration 79, Log 11
[INF][SYS]: Stability test - Iteration 79, Log 12
[INF][SYS]: Stability test - Iteration 79, Log 13
[INF][SYS]: Stability test - Iteration 79, Log 14
[INF][SYS]: Stability test - Iteration 79, Log 15
[INF][SYS]: Stability test - Iteration 79, Log 16
[INF][SYS]: Stability test - Iteration 79, Log 17
[INF][SYS]: Stability test - Iteration 79, Log 18
[INF][SYS]: Stability test - Iteration 79, Log 19
[INF][SYS]: Stability test - Iteration 79, Log 20
[INF][SYS]: Stability test - Iteration 79, Log 21
[INF][SYS]: Stability test - Iteration 79, Log 22
[INF][SYS]: Stability test - Iteration 79, Log 23
[INF][SYS]: Stability test - Iteration 79, Log 24
[INF][SYS]: Stability test - Iteration 79, Log 25
[INF][SYS]: Stability test - Iteration 79, Log 26
[INF][SYS]: Stability test - Iteration 79, Log 27
[INF][SYS]: Stability test - Iteration 79, Log 28
[INF][SYS]: Stability test - Iteration 79, Log 29
[INF][SYS]: Stability test - Iteration 79, Log 30
[INF][SYS]: Stability test - Iteration 79, Log 31
[INF][SYS]: Stability test - Iteration 79, Log 32
[INF][SYS]: Stability test - Iteration 79, Log 33
[INF][SYS]: Stability test - Iteration 79, Log 34
[INF][SYS]: Stability test - Iteration 79, Log 35
[INF][SYS]: Stability test - Iteration 79, Log 36
[INF][SYS]: Stability test - Iteration 79, Log 37
[INF][SYS]: Stability test - Iteration 79, Log 38
[INF][SYS]: Stability test - Iteration 79, Log 39
[INF][SYS]: Stability test - Iteration 79, Log 40
[INF][SYS]: Stability test - Iteration 79, Log 41
[INF][SYS]: Stability test - Iteration 79, Log 42
[INF][SYS]: Stability test - Iteration 79, Log 43
[INF][SYS]: Stability test - Iteration 79, Log 44
[INF][SYS]: Stability test - Iteration 79, Log 45
[INF][SYS]: Stability test - Iteration 79, Log 46
[INF][SYS]: Stability test - Iteration 79, Log 47
[INF][SYS]: Stability test - Iteration 79, Log 48
[INF][SYS]: Stability test - Iteration 79, Log 49
[INF][SYS]: Stability test - Iteration 80, Log 0
[INF][SYS]: Stability test - Iteration 80, Log 1
[INF][SYS]: Stability test - Iteration 80, Log 2
[INF][SYS]: Stability test - Iteration 80, Log 3
[INF][SYS]: Stability test - Iteration 80, Log 4
[INF][SYS]: Stability test - Iteration 80, Log 5
[INF][SYS]: Stability test - Iteration 80, Log 6
[INF][SYS]: Stability test - Iteration 80, Log 7
[INF][SYS]: Stability test - Iteration 80, Log 8
[INF][SYS]: Stability test - Iteration 80, Log 9
[INF][SYS]: Stability test - Iteration 80, Log 10
[INF][SYS]: Stability test - Iteration 80, Log 11
[INF][SYS]: Stability test - Iteration 80, Log 12
[INF][SYS]: Stability test - Iteration 80, Log 13
[INF][SYS]: Stability test - Iteration 80, Log 14
[INF][SYS]: Stability test - Iteration 80, Log 15
[INF][SYS]: Stability test - Iteration 80, Log 16
[INF][SYS]: Stability test - Iteration 80, Log 17
[INF][SYS]: Stability test - Iteration 80, Log 18
[INF][SYS]: Stability test - Iteration 80, Log 19
[INF][SYS]: Stability test - Iteration 80, Log 20
[INF][SYS]: Stability test - Iteration 80, Log 21
[INF][SYS]: Stability test - Iteration 80, Log 22
[INF][SYS]: Stability test - Iteration 80, Log 23
[INF][SYS]: Stability test - Iteration 80, Log 24
[INF][SYS]: Stability test - Iteration 80, Log 25
[INF][SYS]: Stability test - Iteration 80, Log 26
[INF][SYS]: Stability test - Iteration 80, Log 27
[INF][SYS]: Stability test - Iteration 80, Log 28
[INF][SYS]: Stability test - Iteration 80, Log 29
[INF][SYS]: Stability test - Iteration 80, Log 30
[INF][SYS]: Stability test - Iteration 80, Log 31
[INF][SYS]: Stability test - Iteration 80, Log 32
[INF][SYS]: Stability test - Iteration 80, Log 33
[INF][SYS]: Stability test - Iteration 80, Log 34
[INF][SYS]: Stability test - Iteration 80, Log 35
[INF][SYS]: Stability test - Iteration 80, Log 36
[INF][SYS]: Stability test - Iteration 80, Log 37
[INF][SYS]: Stability test - Iteration 80, Log 38
[INF][SYS]: Stability test - Iteration 80, Log 39
[INF][SYS]: Stability test - Iteration 80, Log 40
[INF][SYS]: Stability test - Iteration 80, Log 41
[INF][SYS]: Stability test - Iteration 80, Log 42
[INF][SYS]: Stability test - Iteration 80, Log 43
[INF][SYS]: Stability test - Iteration 80, Log 44
[INF][SYS]: Stability test - Iteration 80, Log 45
[INF][SYS]: Stability test - Iteration 80, Log 46
[INF][SYS]: Stability test - Iteration 80, Log 47
[INF][SYS]: Stability test - Iteration 80, Log 48
[INF][SYS]: Stability test - Iteration 80, Log 49
[INF][SYS]: Stability test - Iteration 81, Log 0
[INF][SYS]: Stability test - Iteration 81, Log 1
[INF][SYS]: Stability test - Iteration 81, Log 2
[INF][SYS]: Stability test - Iteration 81, Log 3
[INF][SYS]: Stability test - Iteration 81, Log 4
[INF][SYS]: Stability test - Iteration 81, Log 5
[INF][SYS]: Stability test - Iteration 81, Log 6
[INF][SYS]: Stability test - Iteration 81, Log 7
[INF][SYS]: Stability test - Iteration 81, Log 8
[INF][SYS]: Stability test - Iteration 81, Log 9
[INF][SYS]: Stability test - Iteration 81, Log 10
[INF][SYS]: Stability test - Iteration 81, Log 11
[INF][SYS]: Stability test - Iteration 81, Log 12
[INF][SYS]: Stability test - Iteration 81, Log 13
[INF][SYS]: Stability test - Iteration 81, Log 14
[INF][SYS]: Stability test - Iteration 81, Log 15
[INF][SYS]: Stability test - Iteration 81, Log 16
[INF][SYS]: Stability test - Iteration 81, Log 17
[INF][SYS]: Stability test - Iteration 81, Log 18
[INF][SYS]: Stability test - Iteration 81, Log 19
[INF][SYS]: Stability test - Iteration 81, Log 20
[INF][SYS]: Stability test - Iteration 81, Log 21
[INF][SYS]: Stability test - Iteration 81, Log 22
[INF][SYS]: Stability test - Iteration 81, Log 23
[INF][SYS]: Stability test - Iteration 81, Log 24
[INF][SYS]: Stability test - Iteration 81, Log 25
[INF][SYS]: Stability test - Iteration 81, Log 26
[INF][SYS]: Stability test - Iteration 81, Log 27
[INF][SYS]: Stability test - Iteration 81, Log 28
[INF][SYS]: Stability test - Iteration 81, Log 29
[INF][SYS]: Stability test - Iteration 81, Log 30
[INF][SYS]: Stability test - Iteration 81, Log 31
[INF][SYS]: Stability test - Iteration 81, Log 32
[INF][SYS]: Stability test - Iteration 81, Log 33
[INF][SYS]: Stability test - Iteration 81, Log 34
[INF][SYS]: Stability test - Iteration 81, Log 35
[INF][SYS]: Stability test - Iteration 81, Log 36
[INF][SYS]: Stability test - Iteration 81, Log 37
[INF][SYS]: Stability test - Iteration 81, Log 38
[INF][SYS]: Stability test - Iteration 81, Log 39
[INF][SYS]: Stability test - Iteration 81, Log 40
[INF][SYS]: Stability test - Iteration 81, Log 41
[INF][SYS]: Stability test - Iteration 81, Log 42
[INF][SYS]: Stability test - Iteration 81, Log 43
[INF][SYS]: Stability test - Iteration 81, Log 44
[INF][SYS]: Stability test - Iteration 81, Log 45
[INF][SYS]: Stability test - Iteration 81, Log 46
[INF][SYS]: Stability test - Iteration 81, Log 47
[INF][SYS]: Stability test - Iteration 81, Log 48
[INF][SYS]: Stability test - Iteration 81, Log 49
[INF][SYS]: Stability test - Iteration 82, Log 0
[INF][SYS]: Stability test - Iteration 82, Log 1
[INF][SYS]: Stability test - Iteration 82, Log 2
[INF][SYS]: Stability test - Iteration 82, Log 3
[INF][SYS]: Stability test - Iteration 82, Log 4
[INF][SYS]: Stability test - Iteration 82, Log 5
[INF][SYS]: Stability test - Iteration 82, Log 6
[INF][SYS]: Stability test - Iteration 82, Log 7
[INF][SYS]: Stability test - Iteration 82, Log 8
[INF][SYS]: Stability test - Iteration 82, Log 9
[INF][SYS]: Stability test - Iteration 82, Log 10
[INF][SYS]: Stability test - Iteration 82, Log 11
[INF][SYS]: Stability test - Iteration 82, Log 12
[INF][SYS]: Stability test - Iteration 82, Log 13
[INF][SYS]: Stability test - Iteration 82, Log 14
[INF][SYS]: Stability test - Iteration 82, Log 15
[INF][SYS]: Stability test - Iteration 82, Log 16
[INF][SYS]: Stability test - Iteration 82, Log 17
[INF][SYS]: Stability test - Iteration 82, Log 18
[INF][SYS]: Stability test - Iteration 82, Log 19
[INF][SYS]: Stability test - Iteration 82, Log 20
[INF][SYS]: Stability test - Iteration 82, Log 21
[INF][SYS]: Stability test - Iteration 82, Log 22
[INF][SYS]: Stability test - Iteration 82, Log 23
[INF][SYS]: Stability test - Iteration 82, Log 24
[INF][SYS]: Stability test - Iteration 82, Log 25
[INF][SYS]: Stability test - Iteration 82, Log 26
[INF][SYS]: Stability test - Iteration 82, Log 27
[INF][SYS]: Stability test - Iteration 82, Log 28
[INF][SYS]: Stability test - Iteration 82, Log 29
[INF][SYS]: Stability test - Iteration 82, Log 30
[INF][SYS]: Stability test - Iteration 82, Log 31
[INF][SYS]: Stability test - Iteration 82, Log 32
[INF][SYS]: Stability test - Iteration 82, Log 33
[INF][SYS]: Stability test - Iteration 82, Log 34
[INF][SYS]: Stability test - Iteration 82, Log 35
[INF][SYS]: Stability test - Iteration 82, Log 36
[INF][SYS]: Stability test - Iteration 82, Log 37
[INF][SYS]: Stability test - Iteration 82, Log 38
[INF][SYS]: Stability test - Iteration 82, Log 39
[INF][SYS]: Stability test - Iteration 82, Log 40
[INF][SYS]: Stability test - Iteration 82, Log 41
[INF][SYS]: Stability test - Iteration 82, Log 42
[INF][SYS]: Stability test - Iteration 82, Log 43
[INF][SYS]: Stability test - Iteration 82, Log 44
[INF][SYS]: Stability test - Iteration 82, Log 45
[INF][SYS]: Stability test - Iteration 82, Log 46
[INF][SYS]: Stability test - Iteration 82, Log 47
[INF][SYS]: Stability test - Iteration 82, Log 48
[INF][SYS]: Stability test - Iteration 82, Log 49
[INF][SYS]: Stability test - Iteration 83, Log 0
[INF][SYS]: Stability test - Iteration 83, Log 1
[INF][SYS]: Stability test - Iteration 83, Log 2
[INF][SYS]: Stability test - Iteration 83, Log 3
[INF][SYS]: Stability test - Iteration 83, Log 4
[INF][SYS]: Stability test - Iteration 83, Log 5
[INF][SYS]: Stability test - Iteration 83, Log 6
[INF][SYS]: Stability test - Iteration 83, Log 7
[INF][SYS]: Stability test - Iteration 83, Log 8
[INF][SYS]: Stability test - Iteration 83, Log 9
[INF][SYS]: Stability test - Iteration 83, Log 10
[INF][SYS]: Stability test - Iteration 83, Log 11
[INF][SYS]: Stability test - Iteration 83, Log 12
[INF][SYS]: Stability test - Iteration 83, Log 13
[INF][SYS]: Stability test - Iteration 83, Log 14
[INF][SYS]: Stability test - Iteration 83, Log 15
[INF][SYS]: Stability test - Iteration 83, Log 16
[INF][SYS]: Stability test - Iteration 83, Log 17
[INF][SYS]: Stability test - Iteration 83, Log 18
[INF][SYS]: Stability test - Iteration 83, Log 19
[INF][SYS]: Stability test - Iteration 83, Log 20
[INF][SYS]: Stability test - Iteration 83, Log 21
[INF][SYS]: Stability test - Iteration 83, Log 22
[INF][SYS]: Stability test - Iteration 83, Log 23
[INF][SYS]: Stability test - Iteration 83, Log 24
[INF][SYS]: Stability test - Iteration 83, Log 25
[INF][SYS]: Stability test - Iteration 83, Log 26
[INF][SYS]: Stability test - Iteration 83, Log 27
[INF][SYS]: Stability test - Iteration 83, Log 28
[INF][SYS]: Stability test - Iteration 83, Log 29
[INF][SYS]: Stability test - Iteration 83, Log 30
[INF][SYS]: Stability test - Iteration 83, Log 31
[INF][SYS]: Stability test - Iteration 83, Log 32
[INF][SYS]: Stability test - Iteration 83, Log 33
[INF][SYS]: Stability test - Iteration 83, Log 34
[INF][SYS]: Stability test - Iteration 83, Log 35
[INF][SYS]: Stability test - Iteration 83, Log 36
[INF][SYS]: Stability test - Iteration 83, Log 37
[INF][SYS]: Stability test - Iteration 83, Log 38
[INF][SYS]: Stability test - Iteration 83, Log 39
[INF][SYS]: Stability test - Iteration 83, Log 40
[INF][SYS]: Stability test - Iteration 83, Log 41
[INF][SYS]: Stability test - Iteration 83, Log 42
[INF][SYS]: Stability test - Iteration 83, Log 43
[INF][SYS]: Stability test - Iteration 83, Log 44
[INF][SYS]: Stability test - Iteration 83, Log 45
[INF][SYS]: Stability test - Iteration 83, Log 46
[INF][SYS]: Stability test - Iteration 83, Log 47
[INF][SYS]: Stability test - Iteration 83, Log 48
[INF][SYS]: Stability test - Iteration 83, Log 49
[INF][SYS]: Stability test - Iteration 84, Log 0
[INF][SYS]: Stability test - Iteration 84, Log 1
[INF][SYS]: Stability test - Iteration 84, Log 2
[INF][SYS]: Stability test - Iteration 84, Log 3
[INF][SYS]: Stability test - Iteration 84, Log 4
[INF][SYS]: Stability test - Iteration 84, Log 5
[INF][SYS]: Stability test - Iteration 84, Log 6
[INF][SYS]: Stability test - Iteration 84, Log 7
[INF][SYS]: Stability test - Iteration 84, Log 8
[INF][SYS]: Stability test - Iteration 84, Log 9
[INF][SYS]: Stability test - Iteration 84, Log 10
[INF][SYS]: Stability test - Iteration 84, Log 11
[INF][SYS]: Stability test - Iteration 84, Log 12
[INF][SYS]: Stability test - Iteration 84, Log 13
[INF][SYS]: Stability test - Iteration 84, Log 14
[INF][SYS]: Stability test - Iteration 84, Log 15
[INF][SYS]: Stability test - Iteration 84, Log 16
[INF][SYS]: Stability test - Iteration 84, Log 17
[INF][SYS]: Stability test - Iteration 84, Log 18
[INF][SYS]: Stability test - Iteration 84, Log 19
[INF][SYS]: Stability test - Iteration 84, Log 20
[INF][SYS]: Stability test - Iteration 84, Log 21
[INF][SYS]: Stability test - Iteration 84, Log 22
[INF][SYS]: Stability test - Iteration 84, Log 23
[INF][SYS]: Stability test - Iteration 84, Log 24
[INF][SYS]: Stability test - Iteration 84, Log 25
[INF][SYS]: Stability test - Iteration 84, Log 26
[INF][SYS]: Stability test - Iteration 84, Log 27
[INF][SYS]: Stability test - Iteration 84, Log 28
[INF][SYS]: Stability test - Iteration 84, Log 29
[INF][SYS]: Stability test - Iteration 84, Log 30
[INF][SYS]: Stability test - Iteration 84, Log 31
[INF][SYS]: Stability test - Iteration 84, Log 32
[INF][SYS]: Stability test - Iteration 84, Log 33
[INF][SYS]: Stability test - Iteration 84, Log 34
[INF][SYS]: Stability test - Iteration 84, Log 35
[INF][SYS]: Stability test - Iteration 84, Log 36
[INF][SYS]: Stability test - Iteration 84, Log 37
[INF][SYS]: Stability test - Iteration 84, Log 38
[INF][SYS]: Stability test - Iteration 84, Log 39
[INF][SYS]: Stability test - Iteration 84, Log 40
[INF][SYS]: Stability test - Iteration 84, Log 41
[INF][SYS]: Stability test - Iteration 84, Log 42
[INF][SYS]: Stability test - Iteration 84, Log 43
[INF][SYS]: Stability test - Iteration 84, Log 44
[INF][SYS]: Stability test - Iteration 84, Log 45
[INF][SYS]: Stability test - Iteration 84, Log 46
[INF][SYS]: Stability test - Iteration 84, Log 47
[INF][SYS]: Stability test - Iteration 84, Log 48
[INF][SYS]: Stability test - Iteration 84, Log 49
[INF][SYS]: Stability test - Iteration 85, Log 0
[INF][SYS]: Stability test - Iteration 85, Log 1
[INF][SYS]: Stability test - Iteration 85, Log 2
[INF][SYS]: Stability test - Iteration 85, Log 3
[INF][SYS]: Stability test - Iteration 85, Log 4
[INF][SYS]: Stability test - Iteration 85, Log 5
[INF][SYS]: Stability test - Iteration 85, Log 6
[INF][SYS]: Stability test - Iteration 85, Log 7
[INF][SYS]: Stability test - Iteration 85, Log 8
[INF][SYS]: Stability test - Iteration 85, Log 9
[INF][SYS]: Stability test - Iteration 85, Log 10
[INF][SYS]: Stability test - Iteration 85, Log 11
[INF][SYS]: Stability test - Iteration 85, Log 12
[INF][SYS]: Stability test - Iteration 85, Log 13
[INF][SYS]: Stability test - Iteration 85, Log 14
[INF][SYS]: Stability test - Iteration 85, Log 15
[INF][SYS]: Stability test - Iteration 85, Log 16
[INF][SYS]: Stability test - Iteration 85, Log 17
[INF][SYS]: Stability test - Iteration 85, Log 18
[INF][SYS]: Stability test - Iteration 85, Log 19
[INF][SYS]: Stability test - Iteration 85, Log 20
[INF][SYS]: Stability test - Iteration 85, Log 21
[INF][SYS]: Stability test - Iteration 85, Log 22
[INF][SYS]: Stability test - Iteration 85, Log 23
[INF][SYS]: Stability test - Iteration 85, Log 24
[INF][SYS]: Stability test - Iteration 85, Log 25
[INF][SYS]: Stability test - Iteration 85, Log 26
[INF][SYS]: Stability test - Iteration 85, Log 27
[INF][SYS]: Stability test - Iteration 85, Log 28
[INF][SYS]: Stability test - Iteration 85, Log 29
[INF][SYS]: Stability test - Iteration 85, Log 30
[INF][SYS]: Stability test - Iteration 85, Log 31
[INF][SYS]: Stability test - Iteration 85, Log 32
[INF][SYS]: Stability test - Iteration 85, Log 33
[INF][SYS]: Stability test - Iteration 85, Log 34
[INF][SYS]: Stability test - Iteration 85, Log 35
[INF][SYS]: Stability test - Iteration 85, Log 36
[INF][SYS]: Stability test - Iteration 85, Log 37
[INF][SYS]: Stability test - Iteration 85, Log 38
[INF][SYS]: Stability test - Iteration 85, Log 39
[INF][SYS]: Stability test - Iteration 85, Log 40
[INF][SYS]: Stability test - Iteration 85, Log 41
[INF][SYS]: Stability test - Iteration 85, Log 42
[INF][SYS]: Stability test - Iteration 85, Log 43
[INF][SYS]: Stability test - Iteration 85, Log 44
[INF][SYS]: Stability test - Iteration 85, Log 45
[INF][SYS]: Stability test - Iteration 85, Log 46
[INF][SYS]: Stability test - Iteration 85, Log 47
[INF][SYS]: Stability test - Iteration 85, Log 48
[INF][SYS]: Stability test - Iteration 85, Log 49
[INF][SYS]: Stability test - Iteration 86, Log 0
[INF][SYS]: Stability test - Iteration 86, Log 1
[INF][SYS]: Stability test - Iteration 86, Log 2
[INF][SYS]: Stability test - Iteration 86, Log 3
[INF][SYS]: Stability test - Iteration 86, Log 4
[INF][SYS]: Stability test - Iteration 86, Log 5
[INF][SYS]: Stability test - Iteration 86, Log 6
[INF][SYS]: Stability test - Iteration 86, Log 7
[INF][SYS]: Stability test - Iteration 86, Log 8
[INF][SYS]: Stability test - Iteration 86, Log 9
[INF][SYS]: Stability test - Iteration 86, Log 10
[INF][SYS]: Stability test - Iteration 86, Log 11
[INF][SYS]: Stability test - Iteration 86, Log 12
[INF][SYS]: Stability test - Iteration 86, Log 13
[INF][SYS]: Stability test - Iteration 86, Log 14
[INF][SYS]: Stability test - Iteration 86, Log 15
[INF][SYS]: Stability test - Iteration 86, Log 16
[INF][SYS]: Stability test - Iteration 86, Log 17
[INF][SYS]: Stability test - Iteration 86, Log 18
[INF][SYS]: Stability test - Iteration 86, Log 19
[INF][SYS]: Stability test - Iteration 86, Log 20
[INF][SYS]: Stability test - Iteration 86, Log 21
[INF][SYS]: Stability test - Iteration 86, Log 22
[INF][SYS]: Stability test - Iteration 86, Log 23
[INF][SYS]: Stability test - Iteration 86, Log 24
[INF][SYS]: Stability test - Iteration 86, Log 25
[INF][SYS]: Stability test - Iteration 86, Log 26
[INF][SYS]: Stability test - Iteration 86, Log 27
[INF][SYS]: Stability test - Iteration 86, Log 28
[INF][SYS]: Stability test - Iteration 86, Log 29
[INF][SYS]: Stability test - Iteration 86, Log 30
[INF][SYS]: Stability test - Iteration 86, Log 31
[INF][SYS]: Stability test - Iteration 86, Log 32
[INF][SYS]: Stability test - Iteration 86, Log 33
[INF][SYS]: Stability test - Iteration 86, Log 34
[INF][SYS]: Stability test - Iteration 86, Log 35
[INF][SYS]: Stability test - Iteration 86, Log 36
[INF][SYS]: Stability test - Iteration 86, Log 37
[INF][SYS]: Stability test - Iteration 86, Log 38
[INF][SYS]: Stability test - Iteration 86, Log 39
[INF][SYS]: Stability test - Iteration 86, Log 40
[INF][SYS]: Stability test - Iteration 86, Log 41
[INF][SYS]: Stability test - Iteration 86, Log 42
[INF][SYS]: Stability test - Iteration 86, Log 43
[INF][SYS]: Stability test - Iteration 86, Log 44
[INF][SYS]: Stability test - Iteration 86, Log 45
[INF][SYS]: Stability test - Iteration 86, Log 46
[INF][SYS]: Stability test - Iteration 86, Log 47
[INF][SYS]: Stability test - Iteration 86, Log 48
[INF][SYS]: Stability test - Iteration 86, Log 49
[INF][SYS]: Stability test - Iteration 87, Log 0
[INF][SYS]: Stability test - Iteration 87, Log 1
[INF][SYS]: Stability test - Iteration 87, Log 2
[INF][SYS]: Stability test - Iteration 87, Log 3
[INF][SYS]: Stability test - Iteration 87, Log 4
[INF][SYS]: Stability test - Iteration 87, Log 5
[INF][SYS]: Stability test - Iteration 87, Log 6
[INF][SYS]: Stability test - Iteration 87, Log 7
[INF][SYS]: Stability test - Iteration 87, Log 8
[INF][SYS]: Stability test - Iteration 87, Log 9
[INF][SYS]: Stability test - Iteration 87, Log 10
[INF][SYS]: Stability test - Iteration 87, Log 11
[INF][SYS]: Stability test - Iteration 87, Log 12
[INF][SYS]: Stability test - Iteration 87, Log 13
[INF][SYS]: Stability test - Iteration 87, Log 14
[INF][SYS]: Stability test - Iteration 87, Log 15
[INF][SYS]: Stability test - Iteration 87, Log 16
[INF][SYS]: Stability test - Iteration 87, Log 17
[INF][SYS]: Stability test - Iteration 87, Log 18
[INF][SYS]: Stability test - Iteration 87, Log 19
[INF][SYS]: Stability test - Iteration 87, Log 20
[INF][SYS]: Stability test - Iteration 87, Log 21
[INF][SYS]: Stability test - Iteration 87, Log 22
[INF][SYS]: Stability test - Iteration 87, Log 23
[INF][SYS]: Stability test - Iteration 87, Log 24
[INF][SYS]: Stability test - Iteration 87, Log 25
[INF][SYS]: Stability test - Iteration 87, Log 26
[INF][SYS]: Stability test - Iteration 87, Log 27
[INF][SYS]: Stability test - Iteration 87, Log 28
[INF][SYS]: Stability test - Iteration 87, Log 29
[INF][SYS]: Stability test - Iteration 87, Log 30
[INF][SYS]: Stability test - Iteration 87, Log 31
[INF][SYS]: Stability test - Iteration 87, Log 32
[INF][SYS]: Stability test - Iteration 87, Log 33
[INF][SYS]: Stability test - Iteration 87, Log 34
[INF][SYS]: Stability test - Iteration 87, Log 35
[INF][SYS]: Stability test - Iteration 87, Log 36
[INF][SYS]: Stability test - Iteration 87, Log 37
[INF][SYS]: Stability test - Iteration 87, Log 38
[INF][SYS]: Stability test - Iteration 87, Log 39
[INF][SYS]: Stability test - Iteration 87, Log 40
[INF][SYS]: Stability test - Iteration 87, Log 41
[INF][SYS]: Stability test - Iteration 87, Log 42
[INF][SYS]: Stability test - Iteration 87, Log 43
[INF][SYS]: Stability test - Iteration 87, Log 44
[INF][SYS]: Stability test - Iteration 87, Log 45
[INF][SYS]: Stability test - Iteration 87, Log 46
[INF][SYS]: Stability test - Iteration 87, Log 47
[INF][SYS]: Stability test - Iteration 87, Log 48
[INF][SYS]: Stability test - Iteration 87, Log 49
[INF][SYS]: Stability test - Iteration 88, Log 0
[INF][SYS]: Stability test - Iteration 88, Log 1
[INF][SYS]: Stability test - Iteration 88, Log 2
[INF][SYS]: Stability test - Iteration 88, Log 3
[INF][SYS]: Stability test - Iteration 88, Log 4
[INF][SYS]: Stability test - Iteration 88, Log 5
[INF][SYS]: Stability test - Iteration 88, Log 6
[INF][SYS]: Stability test - Iteration 88, Log 7
[INF][SYS]: Stability test - Iteration 88, Log 8
[INF][SYS]: Stability test - Iteration 88, Log 9
[INF][SYS]: Stability test - Iteration 88, Log 10
[INF][SYS]: Stability test - Iteration 88, Log 11
[INF][SYS]: Stability test - Iteration 88, Log 12
[INF][SYS]: Stability test - Iteration 88, Log 13
[INF][SYS]: Stability test - Iteration 88, Log 14
[INF][SYS]: Stability test - Iteration 88, Log 15
[INF][SYS]: Stability test - Iteration 88, Log 16
[INF][SYS]: Stability test - Iteration 88, Log 17
[INF][SYS]: Stability test - Iteration 88, Log 18
[INF][SYS]: Stability test - Iteration 88, Log 19
[INF][SYS]: Stability test - Iteration 88, Log 20
[INF][SYS]: Stability test - Iteration 88, Log 21
[INF][SYS]: Stability test - Iteration 88, Log 22
[INF][SYS]: Stability test - Iteration 88, Log 23
[INF][SYS]: Stability test - Iteration 88, Log 24
[INF][SYS]: Stability test - Iteration 88, Log 25
[INF][SYS]: Stability test - Iteration 88, Log 26
[INF][SYS]: Stability test - Iteration 88, Log 27
[INF][SYS]: Stability test - Iteration 88, Log 28
[INF][SYS]: Stability test - Iteration 88, Log 29
[INF][SYS]: Stability test - Iteration 88, Log 30
[INF][SYS]: Stability test - Iteration 88, Log 31
[INF][SYS]: Stability test - Iteration 88, Log 32
[INF][SYS]: Stability test - Iteration 88, Log 33
[INF][SYS]: Stability test - Iteration 88, Log 34
[INF][SYS]: Stability test - Iteration 88, Log 35
[INF][SYS]: Stability test - Iteration 88, Log 36
[INF][SYS]: Stability test - Iteration 88, Log 37
[INF][SYS]: Stability test - Iteration 88, Log 38
[INF][SYS]: Stability test - Iteration 88, Log 39
[INF][SYS]: Stability test - Iteration 88, Log 40
[INF][SYS]: Stability test - Iteration 88, Log 41
[INF][SYS]: Stability test - Iteration 88, Log 42
[INF][SYS]: Stability test - Iteration 88, Log 43
[INF][SYS]: Stability test - Iteration 88, Log 44
[INF][SYS]: Stability test - Iteration 88, Log 45
[INF][SYS]: Stability test - Iteration 88, Log 46
[INF][SYS]: Stability test - Iteration 88, Log 47
[INF][SYS]: Stability test - Iteration 88, Log 48
[INF][SYS]: Stability test - Iteration 88, Log 49
[INF][SYS]: Stability test - Iteration 89, Log 0
[INF][SYS]: Stability test - Iteration 89, Log 1
[INF][SYS]: Stability test - Iteration 89, Log 2
[INF][SYS]: Stability test - Iteration 89, Log 3
[INF][SYS]: Stability test - Iteration 89, Log 4
[INF][SYS]: Stability test - Iteration 89, Log 5
[INF][SYS]: Stability test - Iteration 89, Log 6
[INF][SYS]: Stability test - Iteration 89, Log 7
[INF][SYS]: Stability test - Iteration 89, Log 8
[INF][SYS]: Stability test - Iteration 89, Log 9
[INF][SYS]: Stability test - Iteration 89, Log 10
[INF][SYS]: Stability test - Iteration 89, Log 11
[INF][SYS]: Stability test - Iteration 89, Log 12
[INF][SYS]: Stability test - Iteration 89, Log 13
[INF][SYS]: Stability test - Iteration 89, Log 14
[INF][SYS]: Stability test - Iteration 89, Log 15
[INF][SYS]: Stability test - Iteration 89, Log 16
[INF][SYS]: Stability test - Iteration 89, Log 17
[INF][SYS]: Stability test - Iteration 89, Log 18
[INF][SYS]: Stability test - Iteration 89, Log 19
[INF][SYS]: Stability test - Iteration 89, Log 20
[INF][SYS]: Stability test - Iteration 89, Log 21
[INF][SYS]: Stability test - Iteration 89, Log 22
[INF][SYS]: Stability test - Iteration 89, Log 23
[INF][SYS]: Stability test - Iteration 89, Log 24
[INF][SYS]: Stability test - Iteration 89, Log 25
[INF][SYS]: Stability test - Iteration 89, Log 26
[INF][SYS]: Stability test - Iteration 89, Log 27
[INF][SYS]: Stability test - Iteration 89, Log 28
[INF][SYS]: Stability test - Iteration 89, Log 29
[INF][SYS]: Stability test - Iteration 89, Log 30
[INF][SYS]: Stability test - Iteration 89, Log 31
[INF][SYS]: Stability test - Iteration 89, Log 32
[INF][SYS]: Stability test - Iteration 89, Log 33
[INF][SYS]: Stability test - Iteration 89, Log 34
[INF][SYS]: Stability test - Iteration 89, Log 35
[INF][SYS]: Stability test - Iteration 89, Log 36
[INF][SYS]: Stability test - Iteration 89, Log 37
[INF][SYS]: Stability test - Iteration 89, Log 38
[INF][SYS]: Stability test - Iteration 89, Log 39
[INF][SYS]: Stability test - Iteration 89, Log 40
[INF][SYS]: Stability test - Iteration 89, Log 41
[INF][SYS]: Stability test - Iteration 89, Log 42
[INF][SYS]: Stability test - Iteration 89, Log 43
[INF][SYS]: Stability test - Iteration 89, Log 44
[INF][SYS]: Stability test - Iteration 89, Log 45
[INF][SYS]: Stability test - Iteration 89, Log 46
[INF][SYS]: Stability test - Iteration 89, Log 47
[INF][SYS]: Stability test - Iteration 89, Log 48
[INF][SYS]: Stability test - Iteration 89, Log 49
[INF][SYS]: Stability test - Iteration 90, Log 0
[INF][SYS]: Stability test - Iteration 90, Log 1
[INF][SYS]: Stability test - Iteration 90, Log 2
[INF][SYS]: Stability test - Iteration 90, Log 3
[INF][SYS]: Stability test - Iteration 90, Log 4
[INF][SYS]: Stability test - Iteration 90, Log 5
[INF][SYS]: Stability test - Iteration 90, Log 6
[INF][SYS]: Stability test - Iteration 90, Log 7
[INF][SYS]: Stability test - Iteration 90, Log 8
[INF][SYS]: Stability test - Iteration 90, Log 9
[INF][SYS]: Stability test - Iteration 90, Log 10
[INF][SYS]: Stability test - Iteration 90, Log 11
[INF][SYS]: Stability test - Iteration 90, Log 12
[INF][SYS]: Stability test - Iteration 90, Log 13
[INF][SYS]: Stability test - Iteration 90, Log 14
[INF][SYS]: Stability test - Iteration 90, Log 15
[INF][SYS]: Stability test - Iteration 90, Log 16
[INF][SYS]: Stability test - Iteration 90, Log 17
[INF][SYS]: Stability test - Iteration 90, Log 18
[INF][SYS]: Stability test - Iteration 90, Log 19
[INF][SYS]: Stability test - Iteration 90, Log 20
[INF][SYS]: Stability test - Iteration 90, Log 21
[INF][SYS]: Stability test - Iteration 90, Log 22
[INF][SYS]: Stability test - Iteration 90, Log 23
[INF][SYS]: Stability test - Iteration 90, Log 24
[INF][SYS]: Stability test - Iteration 90, Log 25
[INF][SYS]: Stability test - Iteration 90, Log 26
[INF][SYS]: Stability test - Iteration 90, Log 27
[INF][SYS]: Stability test - Iteration 90, Log 28
[INF][SYS]: Stability test - Iteration 90, Log 29
[INF][SYS]: Stability test - Iteration 90, Log 30
[INF][SYS]: Stability test - Iteration 90, Log 31
[INF][SYS]: Stability test - Iteration 90, Log 32
[INF][SYS]: Stability test - Iteration 90, Log 33
[INF][SYS]: Stability test - Iteration 90, Log 34
[INF][SYS]: Stability test - Iteration 90, Log 35
[INF][SYS]: Stability test - Iteration 90, Log 36
[INF][SYS]: Stability test - Iteration 90, Log 37
[INF][SYS]: Stability test - Iteration 90, Log 38
[INF][SYS]: Stability test - Iteration 90, Log 39
[INF][SYS]: Stability test - Iteration 90, Log 40
[INF][SYS]: Stability test - Iteration 90, Log 41
[INF][SYS]: Stability test - Iteration 90, Log 42
[INF][SYS]: Stability test - Iteration 90, Log 43
[INF][SYS]: Stability test - Iteration 90, Log 44
[INF][SYS]: Stability test - Iteration 90, Log 45
[INF][SYS]: Stability test - Iteration 90, Log 46
[INF][SYS]: Stability test - Iteration 90, Log 47
[INF][SYS]: Stability test - Iteration 90, Log 48
[INF][SYS]: Stability test - Iteration 90, Log 49
[INF][SYS]: Stability test - Iteration 91, Log 0
[INF][SYS]: Stability test - Iteration 91, Log 1
[INF][SYS]: Stability test - Iteration 91, Log 2
[INF][SYS]: Stability test - Iteration 91, Log 3
[INF][SYS]: Stability test - Iteration 91, Log 4
[INF][SYS]: Stability test - Iteration 91, Log 5
[INF][SYS]: Stability test - Iteration 91, Log 6
[INF][SYS]: Stability test - Iteration 91, Log 7
[INF][SYS]: Stability test - Iteration 91, Log 8
[INF][SYS]: Stability test - Iteration 91, Log 9
[INF][SYS]: Stability test - Iteration 91, Log 10
[INF][SYS]: Stability test - Iteration 91, Log 11
[INF][SYS]: Stability test - Iteration 91, Log 12
[INF][SYS]: Stability test - Iteration 91, Log 13
[INF][SYS]: Stability test - Iteration 91, Log 14
[INF][SYS]: Stability test - Iteration 91, Log 15
[INF][SYS]: Stability test - Iteration 91, Log 16
[INF][SYS]: Stability test - Iteration 91, Log 17
[INF][SYS]: Stability test - Iteration 91, Log 18
[INF][SYS]: Stability test - Iteration 91, Log 19
[INF][SYS]: Stability test - Iteration 91, Log 20
[INF][SYS]: Stability test - Iteration 91, Log 21
[INF][SYS]: Stability test - Iteration 91, Log 22
[INF][SYS]: Stability test - Iteration 91, Log 23
[INF][SYS]: Stability test - Iteration 91, Log 24
[INF][SYS]: Stability test - Iteration 91, Log 25
[INF][SYS]: Stability test - Iteration 91, Log 26
[INF][SYS]: Stability test - Iteration 91, Log 27
[INF][SYS]: Stability test - Iteration 91, Log 28
[INF][SYS]: Stability test - Iteration 91, Log 29
[INF][SYS]: Stability test - Iteration 91, Log 30
[INF][SYS]: Stability test - Iteration 91, Log 31
[INF][SYS]: Stability test - Iteration 91, Log 32
[INF][SYS]: Stability test - Iteration 91, Log 33
[INF][SYS]: Stability test - Iteration 91, Log 34
[INF][SYS]: Stability test - Iteration 91, Log 35
[INF][SYS]: Stability test - Iteration 91, Log 36
[INF][SYS]: Stability test - Iteration 91, Log 37
[INF][SYS]: Stability test - Iteration 91, Log 38
[INF][SYS]: Stability test - Iteration 91, Log 39
[INF][SYS]: Stability test - Iteration 91, Log 40
[INF][SYS]: Stability test - Iteration 91, Log 41
[INF][SYS]: Stability test - Iteration 91, Log 42
[INF][SYS]: Stability test - Iteration 91, Log 43
[INF][SYS]: Stability test - Iteration 91, Log 44
[INF][SYS]: Stability test - Iteration 91, Log 45
[INF][SYS]: Stability test - Iteration 91, Log 46
[INF][SYS]: Stability test - Iteration 91, Log 47
[INF][SYS]: Stability test - Iteration 91, Log 48
[INF][SYS]: Stability test - Iteration 91, Log 49
[INF][SYS]: Stability test - Iteration 92, Log 0
[INF][SYS]: Stability test - Iteration 92, Log 1
[INF][SYS]: Stability test - Iteration 92, Log 2
[INF][SYS]: Stability test - Iteration 92, Log 3
[INF][SYS]: Stability test - Iteration 92, Log 4
[INF][SYS]: Stability test - Iteration 92, Log 5
[INF][SYS]: Stability test - Iteration 92, Log 6
[INF][SYS]: Stability test - Iteration 92, Log 7
[INF][SYS]: Stability test - Iteration 92, Log 8
[INF][SYS]: Stability test - Iteration 92, Log 9
[INF][SYS]: Stability test - Iteration 92, Log 10
[INF][SYS]: Stability test - Iteration 92, Log 11
[INF][SYS]: Stability test - Iteration 92, Log 12
[INF][SYS]: Stability test - Iteration 92, Log 13
[INF][SYS]: Stability test - Iteration 92, Log 14
[INF][SYS]: Stability test - Iteration 92, Log 15
[INF][SYS]: Stability test - Iteration 92, Log 16
[INF][SYS]: Stability test - Iteration 92, Log 17
[INF][SYS]: Stability test - Iteration 92, Log 18
[INF][SYS]: Stability test - Iteration 92, Log 19
[INF][SYS]: Stability test - Iteration 92, Log 20
[INF][SYS]: Stability test - Iteration 92, Log 21
[INF][SYS]: Stability test - Iteration 92, Log 22
[INF][SYS]: Stability test - Iteration 92, Log 23
[INF][SYS]: Stability test - Iteration 92, Log 24
[INF][SYS]: Stability test - Iteration 92, Log 25
[INF][SYS]: Stability test - Iteration 92, Log 26
[INF][SYS]: Stability test - Iteration 92, Log 27
[INF][SYS]: Stability test - Iteration 92, Log 28
[INF][SYS]: Stability test - Iteration 92, Log 29
[INF][SYS]: Stability test - Iteration 92, Log 30
[INF][SYS]: Stability test - Iteration 92, Log 31
[INF][SYS]: Stability test - Iteration 92, Log 32
[INF][SYS]: Stability test - Iteration 92, Log 33
[INF][SYS]: Stability test - Iteration 92, Log 34
[INF][SYS]: Stability test - Iteration 92, Log 35
[INF][SYS]: Stability test - Iteration 92, Log 36
[INF][SYS]: Stability test - Iteration 92, Log 37
[INF][SYS]: Stability test - Iteration 92, Log 38
[INF][SYS]: Stability test - Iteration 92, Log 39
[INF][SYS]: Stability test - Iteration 92, Log 40
[INF][SYS]: Stability test - Iteration 92, Log 41
[INF][SYS]: Stability test - Iteration 92, Log 42
[INF][SYS]: Stability test - Iteration 92, Log 43
[INF][SYS]: Stability test - Iteration 92, Log 44
[INF][SYS]: Stability test - Iteration 92, Log 45
[INF][SYS]: Stability test - Iteration 92, Log 46
[INF][SYS]: Stability test - Iteration 92, Log 47
[INF][SYS]: Stability test - Iteration 92, Log 48
[INF][SYS]: Stability test - Iteration 92, Log 49
[INF][SYS]: Stability test - Iteration 93, Log 0
[INF][SYS]: Stability test - Iteration 93, Log 1
[INF][SYS]: Stability test - Iteration 93, Log 2
[INF][SYS]: Stability test - Iteration 93, Log 3
[INF][SYS]: Stability test - Iteration 93, Log 4
[INF][SYS]: Stability test - Iteration 93, Log 5
[INF][SYS]: Stability test - Iteration 93, Log 6
[INF][SYS]: Stability test - Iteration 93, Log 7
[INF][SYS]: Stability test - Iteration 93, Log 8
[INF][SYS]: Stability test - Iteration 93, Log 9
[INF][SYS]: Stability test - Iteration 93, Log 10
[INF][SYS]: Stability test - Iteration 93, Log 11
[INF][SYS]: Stability test - Iteration 93, Log 12
[INF][SYS]: Stability test - Iteration 93, Log 13
[INF][SYS]: Stability test - Iteration 93, Log 14
[INF][SYS]: Stability test - Iteration 93, Log 15
[INF][SYS]: Stability test - Iteration 93, Log 16
[INF][SYS]: Stability test - Iteration 93, Log 17
[INF][SYS]: Stability test - Iteration 93, Log 18
[INF][SYS]: Stability test - Iteration 93, Log 19
[INF][SYS]: Stability test - Iteration 93, Log 20
[INF][SYS]: Stability test - Iteration 93, Log 21
[INF][SYS]: Stability test - Iteration 93, Log 22
[INF][SYS]: Stability test - Iteration 93, Log 23
[INF][SYS]: Stability test - Iteration 93, Log 24
[INF][SYS]: Stability test - Iteration 93, Log 25
[INF][SYS]: Stability test - Iteration 93, Log 26
[INF][SYS]: Stability test - Iteration 93, Log 27
[INF][SYS]: Stability test - Iteration 93, Log 28
[INF][SYS]: Stability test - Iteration 93, Log 29
[INF][SYS]: Stability test - Iteration 93, Log 30
[INF][SYS]: Stability test - Iteration 93, Log 31
[INF][SYS]: Stability test - Iteration 93, Log 32
[INF][SYS]: Stability test - Iteration 93, Log 33
[INF][SYS]: Stability test - Iteration 93, Log 34
[INF][SYS]: Stability test - Iteration 93, Log 35
[INF][SYS]: Stability test - Iteration 93, Log 36
[INF][SYS]: Stability test - Iteration 93, Log 37
[INF][SYS]: Stability test - Iteration 93, Log 38
[INF][SYS]: Stability test - Iteration 93, Log 39
[INF][SYS]: Stability test - Iteration 93, Log 40
[INF][SYS]: Stability test - Iteration 93, Log 41
[INF][SYS]: Stability test - Iteration 93, Log 42
[INF][SYS]: Stability test - Iteration 93, Log 43
[INF][SYS]: Stability test - Iteration 93, Log 44
[INF][SYS]: Stability test - Iteration 93, Log 45
[INF][SYS]: Stability test - Iteration 93, Log 46
[INF][SYS]: Stability test - Iteration 93, Log 47
[INF][SYS]: Stability test - Iteration 93, Log 48
[INF][SYS]: Stability test - Iteration 93, Log 49
[INF][SYS]: Stability test - Iteration 94, Log 0
[INF][SYS]: Stability test - Iteration 94, Log 1
[INF][SYS]: Stability test - Iteration 94, Log 2
[INF][SYS]: Stability test - Iteration 94, Log 3
[INF][SYS]: Stability test - Iteration 94, Log 4
[INF][SYS]: Stability test - Iteration 94, Log 5
[INF][SYS]: Stability test - Iteration 94, Log 6
[INF][SYS]: Stability test - Iteration 94, Log 7
[INF][SYS]: Stability test - Iteration 94, Log 8
[INF][SYS]: Stability test - Iteration 94, Log 9
[INF][SYS]: Stability test - Iteration 94, Log 10
[INF][SYS]: Stability test - Iteration 94, Log 11
[INF][SYS]: Stability test - Iteration 94, Log 12
[INF][SYS]: Stability test - Iteration 94, Log 13
[INF][SYS]: Stability test - Iteration 94, Log 14
[INF][SYS]: Stability test - Iteration 94, Log 15
[INF][SYS]: Stability test - Iteration 94, Log 16
[INF][SYS]: Stability test - Iteration 94, Log 17
[INF][SYS]: Stability test - Iteration 94, Log 18
[INF][SYS]: Stability test - Iteration 94, Log 19
[INF][SYS]: Stability test - Iteration 94, Log 20
[INF][SYS]: Stability test - Iteration 94, Log 21
[INF][SYS]: Stability test - Iteration 94, Log 22
[INF][SYS]: Stability test - Iteration 94, Log 23
[INF][SYS]: Stability test - Iteration 94, Log 24
[INF][SYS]: Stability test - Iteration 94, Log 25
[INF][SYS]: Stability test - Iteration 94, Log 26
[INF][SYS]: Stability test - Iteration 94, Log 27
[INF][SYS]: Stability test - Iteration 94, Log 28
[INF][SYS]: Stability test - Iteration 94, Log 29
[INF][SYS]: Stability test - Iteration 94, Log 30
[INF][SYS]: Stability test - Iteration 94, Log 31
[INF][SYS]: Stability test - Iteration 94, Log 32
[INF][SYS]: Stability test - Iteration 94, Log 33
[INF][SYS]: Stability test - Iteration 94, Log 34
[INF][SYS]: Stability test - Iteration 94, Log 35
[INF][SYS]: Stability test - Iteration 94, Log 36
[INF][SYS]: Stability test - Iteration 94, Log 37
[INF][SYS]: Stability test - Iteration 94, Log 38
[INF][SYS]: Stability test - Iteration 94, Log 39
[INF][SYS]: Stability test - Iteration 94, Log 40
[INF][SYS]: Stability test - Iteration 94, Log 41
[INF][SYS]: Stability test - Iteration 94, Log 42
[INF][SYS]: Stability test - Iteration 94, Log 43
[INF][SYS]: Stability test - Iteration 94, Log 44
[INF][SYS]: Stability test - Iteration 94, Log 45
[INF][SYS]: Stability test - Iteration 94, Log 46
[INF][SYS]: Stability test - Iteration 94, Log 47
[INF][SYS]: Stability test - Iteration 94, Log 48
[INF][SYS]: Stability test - Iteration 94, Log 49
[INF][SYS]: Stability test - Iteration 95, Log 0
[INF][SYS]: Stability test - Iteration 95, Log 1
[INF][SYS]: Stability test - Iteration 95, Log 2
[INF][SYS]: Stability test - Iteration 95, Log 3
[INF][SYS]: Stability test - Iteration 95, Log 4
[INF][SYS]: Stability test - Iteration 95, Log 5
[INF][SYS]: Stability test - Iteration 95, Log 6
[INF][SYS]: Stability test - Iteration 95, Log 7
[INF][SYS]: Stability test - Iteration 95, Log 8
[INF][SYS]: Stability test - Iteration 95, Log 9
[INF][SYS]: Stability test - Iteration 95, Log 10
[INF][SYS]: Stability test - Iteration 95, Log 11
[INF][SYS]: Stability test - Iteration 95, Log 12
[INF][SYS]: Stability test - Iteration 95, Log 13
[INF][SYS]: Stability test - Iteration 95, Log 14
[INF][SYS]: Stability test - Iteration 95, Log 15
[INF][SYS]: Stability test - Iteration 95, Log 16
[INF][SYS]: Stability test - Iteration 95, Log 17
[INF][SYS]: Stability test - Iteration 95, Log 18
[INF][SYS]: Stability test - Iteration 95, Log 19
[INF][SYS]: Stability test - Iteration 95, Log 20
[INF][SYS]: Stability test - Iteration 95, Log 21
[INF][SYS]: Stability test - Iteration 95, Log 22
[INF][SYS]: Stability test - Iteration 95, Log 23
[INF][SYS]: Stability test - Iteration 95, Log 24
[INF][SYS]: Stability test - Iteration 95, Log 25
[INF][SYS]: Stability test - Iteration 95, Log 26
[INF][SYS]: Stability test - Iteration 95, Log 27
[INF][SYS]: Stability test - Iteration 95, Log 28
[INF][SYS]: Stability test - Iteration 95, Log 29
[INF][SYS]: Stability test - Iteration 95, Log 30
[INF][SYS]: Stability test - Iteration 95, Log 31
[INF][SYS]: Stability test - Iteration 95, Log 32
[INF][SYS]: Stability test - Iteration 95, Log 33
[INF][SYS]: Stability test - Iteration 95, Log 34
[INF][SYS]: Stability test - Iteration 95, Log 35
[INF][SYS]: Stability test - Iteration 95, Log 36
[INF][SYS]: Stability test - Iteration 95, Log 37
[INF][SYS]: Stability test - Iteration 95, Log 38
[INF][SYS]: Stability test - Iteration 95, Log 39
[INF][SYS]: Stability test - Iteration 95, Log 40
[INF][SYS]: Stability test - Iteration 95, Log 41
[INF][SYS]: Stability test - Iteration 95, Log 42
[INF][SYS]: Stability test - Iteration 95, Log 43
[INF][SYS]: Stability test - Iteration 95, Log 44
[INF][SYS]: Stability test - Iteration 95, Log 45
[INF][SYS]: Stability test - Iteration 95, Log 46
[INF][SYS]: Stability test - Iteration 95, Log 47
[INF][SYS]: Stability test - Iteration 95, Log 48
[INF][SYS]: Stability test - Iteration 95, Log 49
[INF][SYS]: Stability test - Iteration 96, Log 0
[INF][SYS]: Stability test - Iteration 96, Log 1
[INF][SYS]: Stability test - Iteration 96, Log 2
[INF][SYS]: Stability test - Iteration 96, Log 3
[INF][SYS]: Stability test - Iteration 96, Log 4
[INF][SYS]: Stability test - Iteration 96, Log 5
[INF][SYS]: Stability test - Iteration 96, Log 6
[INF][SYS]: Stability test - Iteration 96, Log 7
[INF][SYS]: Stability test - Iteration 96, Log 8
[INF][SYS]: Stability test - Iteration 96, Log 9
[INF][SYS]: Stability test - Iteration 96, Log 10
[INF][SYS]: Stability test - Iteration 96, Log 11
[INF][SYS]: Stability test - Iteration 96, Log 12
[INF][SYS]: Stability test - Iteration 96, Log 13
[INF][SYS]: Stability test - Iteration 96, Log 14
[INF][SYS]: Stability test - Iteration 96, Log 15
[INF][SYS]: Stability test - Iteration 96, Log 16
[INF][SYS]: Stability test - Iteration 96, Log 17
[INF][SYS]: Stability test - Iteration 96, Log 18
[INF][SYS]: Stability test - Iteration 96, Log 19
[INF][SYS]: Stability test - Iteration 96, Log 20
[INF][SYS]: Stability test - Iteration 96, Log 21
[INF][SYS]: Stability test - Iteration 96, Log 22
[INF][SYS]: Stability test - Iteration 96, Log 23
[INF][SYS]: Stability test - Iteration 96, Log 24
[INF][SYS]: Stability test - Iteration 96, Log 25
[INF][SYS]: Stability test - Iteration 96, Log 26
[INF][SYS]: Stability test - Iteration 96, Log 27
[INF][SYS]: Stability test - Iteration 96, Log 28
[INF][SYS]: Stability test - Iteration 96, Log 29
[INF][SYS]: Stability test - Iteration 96, Log 30
[INF][SYS]: Stability test - Iteration 96, Log 31
[INF][SYS]: Stability test - Iteration 96, Log 32
[INF][SYS]: Stability test - Iteration 96, Log 33
[INF][SYS]: Stability test - Iteration 96, Log 34
[INF][SYS]: Stability test - Iteration 96, Log 35
[INF][SYS]: Stability test - Iteration 96, Log 36
[INF][SYS]: Stability test - Iteration 96, Log 37
[INF][SYS]: Stability test - Iteration 96, Log 38
[INF][SYS]: Stability test - Iteration 96, Log 39
[INF][SYS]: Stability test - Iteration 96, Log 40
[INF][SYS]: Stability test - Iteration 96, Log 41
[INF][SYS]: Stability test - Iteration 96, Log 42
[INF][SYS]: Stability test - Iteration 96, Log 43
[INF][SYS]: Stability test - Iteration 96, Log 44
[INF][SYS]: Stability test - Iteration 96, Log 45
[INF][SYS]: Stability test - Iteration 96, Log 46
[INF][SYS]: Stability test - Iteration 96, Log 47
[INF][SYS]: Stability test - Iteration 96, Log 48
[INF][SYS]: Stability test - Iteration 96, Log 49
[INF][SYS]: Stability test - Iteration 97, Log 0
[INF][SYS]: Stability test - Iteration 97, Log 1
[INF][SYS]: Stability test - Iteration 97, Log 2
[INF][SYS]: Stability test - Iteration 97, Log 3
[INF][SYS]: Stability test - Iteration 97, Log 4
[INF][SYS]: Stability test - Iteration 97, Log 5
[INF][SYS]: Stability test - Iteration 97, Log 6
[INF][SYS]: Stability test - Iteration 97, Log 7
[INF][SYS]: Stability test - Iteration 97, Log 8
[INF][SYS]: Stability test - Iteration 97, Log 9
[INF][SYS]: Stability test - Iteration 97, Log 10
[INF][SYS]: Stability test - Iteration 97, Log 11
[INF][SYS]: Stability test - Iteration 97, Log 12
[INF][SYS]: Stability test - Iteration 97, Log 13
[INF][SYS]: Stability test - Iteration 97, Log 14
[INF][SYS]: Stability test - Iteration 97, Log 15
[INF][SYS]: Stability test - Iteration 97, Log 16
[INF][SYS]: Stability test - Iteration 97, Log 17
[INF][SYS]: Stability test - Iteration 97, Log 18
[INF][SYS]: Stability test - Iteration 97, Log 19
[INF][SYS]: Stability test - Iteration 97, Log 20
[INF][SYS]: Stability test - Iteration 97, Log 21
[INF][SYS]: Stability test - Iteration 97, Log 22
[INF][SYS]: Stability test - Iteration 97, Log 23
[INF][SYS]: Stability test - Iteration 97, Log 24
[INF][SYS]: Stability test - Iteration 97, Log 25
[INF][SYS]: Stability test - Iteration 97, Log 26
[INF][SYS]: Stability test - Iteration 97, Log 27
[INF][SYS]: Stability test - Iteration 97, Log 28
[INF][SYS]: Stability test - Iteration 97, Log 29
[INF][SYS]: Stability test - Iteration 97, Log 30
[INF][SYS]: Stability test - Iteration 97, Log 31
[INF][SYS]: Stability test - Iteration 97, Log 32
[INF][SYS]: Stability test - Iteration 97, Log 33
[INF][SYS]: Stability test - Iteration 97, Log 34
[INF][SYS]: Stability test - Iteration 97, Log 35
[INF][SYS]: Stability test - Iteration 97, Log 36
[INF][SYS]: Stability test - Iteration 97, Log 37
[INF][SYS]: Stability test - Iteration 97, Log 38
[INF][SYS]: Stability test - Iteration 97, Log 39
[INF][SYS]: Stability test - Iteration 97, Log 40
[INF][SYS]: Stability test - Iteration 97, Log 41
[INF][SYS]: Stability test - Iteration 97, Log 42
[INF][SYS]: Stability test - Iteration 97, Log 43
[INF][SYS]: Stability test - Iteration 97, Log 44
[INF][SYS]: Stability test - Iteration 97, Log 45
[INF][SYS]: Stability test - Iteration 97, Log 46
[INF][SYS]: Stability test - Iteration 97, Log 47
[INF][SYS]: Stability test - Iteration 97, Log 48
[INF][SYS]: Stability test - Iteration 97, Log 49
[INF][SYS]: Stability test - Iteration 98, Log 0
[INF][SYS]: Stability test - Iteration 98, Log 1
[INF][SYS]: Stability test - Iteration 98, Log 2
[INF][SYS]: Stability test - Iteration 98, Log 3
[INF][SYS]: Stability test - Iteration 98, Log 4
[INF][SYS]: Stability test - Iteration 98, Log 5
[INF][SYS]: Stability test - Iteration 98, Log 6
[INF][SYS]: Stability test - Iteration 98, Log 7
[INF][SYS]: Stability test - Iteration 98, Log 8
[INF][SYS]: Stability test - Iteration 98, Log 9
[INF][SYS]: Stability test - Iteration 98, Log 10
[INF][SYS]: Stability test - Iteration 98, Log 11
[INF][SYS]: Stability test - Iteration 98, Log 12
[INF][SYS]: Stability test - Iteration 98, Log 13
[INF][SYS]: Stability test - Iteration 98, Log 14
[INF][SYS]: Stability test - Iteration 98, Log 15
[INF][SYS]: Stability test - Iteration 98, Log 16
[INF][SYS]: Stability test - Iteration 98, Log 17
[INF][SYS]: Stability test - Iteration 98, Log 18
[INF][SYS]: Stability test - Iteration 98, Log 19
[INF][SYS]: Stability test - Iteration 98, Log 20
[INF][SYS]: Stability test - Iteration 98, Log 21
[INF][SYS]: Stability test - Iteration 98, Log 22
[INF][SYS]: Stability test - Iteration 98, Log 23
[INF][SYS]: Stability test - Iteration 98, Log 24
[INF][SYS]: Stability test - Iteration 98, Log 25
[INF][SYS]: Stability test - Iteration 98, Log 26
[INF][SYS]: Stability test - Iteration 98, Log 27
[INF][SYS]: Stability test - Iteration 98, Log 28
[INF][SYS]: Stability test - Iteration 98, Log 29
[INF][SYS]: Stability test - Iteration 98, Log 30
[INF][SYS]: Stability test - Iteration 98, Log 31
[INF][SYS]: Stability test - Iteration 98, Log 32
[INF][SYS]: Stability test - Iteration 98, Log 33
[INF][SYS]: Stability test - Iteration 98, Log 34
[INF][SYS]: Stability test - Iteration 98, Log 35
[INF][SYS]: Stability test - Iteration 98, Log 36
[INF][SYS]: Stability test - Iteration 98, Log 37
[INF][SYS]: Stability test - Iteration 98, Log 38
[INF][SYS]: Stability test - Iteration 98, Log 39
[INF][SYS]: Stability test - Iteration 98, Log 40
[INF][SYS]: Stability test - Iteration 98, Log 41
[INF][SYS]: Stability test - Iteration 98, Log 42
[INF][SYS]: Stability test - Iteration 98, Log 43
[INF][SYS]: Stability test - Iteration 98, Log 44
[INF][SYS]: Stability test - Iteration 98, Log 45
[INF][SYS]: Stability test - Iteration 98, Log 46
[INF][SYS]: Stability test - Iteration 98, Log 47
[INF][SYS]: Stability test - Iteration 98, Log 48
[INF][SYS]: Stability test - Iteration 98, Log 49
[INF][SYS]: Stability test - Iteration 99, Log 0
[INF][SYS]: Stability test - Iteration 99, Log 1
[INF][SYS]: Stability test - Iteration 99, Log 2
[INF][SYS]: Stability test - Iteration 99, Log 3
[INF][SYS]: Stability test - Iteration 99, Log 4
[INF][SYS]: Stability test - Iteration 99, Log 5
[INF][SYS]: Stability test - Iteration 99, Log 6
[INF][SYS]: Stability test - Iteration 99, Log 7
[INF][SYS]: Stability test - Iteration 99, Log 8
[INF][SYS]: Stability test - Iteration 99, Log 9
[INF][SYS]: Stability test - Iteration 99, Log 10
[INF][SYS]: Stability test - Iteration 99, Log 11
[INF][SYS]: Stability test - Iteration 99, Log 12
[INF][SYS]: Stability test - Iteration 99, Log 13
[INF][SYS]: Stability test - Iteration 99, Log 14
[INF][SYS]: Stability test - Iteration 99, Log 15
[INF][SYS]: Stability test - Iteration 99, Log 16
[INF][SYS]: Stability test - Iteration 99, Log 17
[INF][SYS]: Stability test - Iteration 99, Log 18
[INF][SYS]: Stability test - Iteration 99, Log 19
[INF][SYS]: Stability test - Iteration 99, Log 20
[INF][SYS]: Stability test - Iteration 99, Log 21
[INF][SYS]: Stability test - Iteration 99, Log 22
[INF][SYS]: Stability test - Iteration 99, Log 23
[INF][SYS]: Stability test - Iteration 99, Log 24
[INF][SYS]: Stability test - Iteration 99, Log 25
[INF][SYS]: Stability test - Iteration 99, Log 26
[INF][SYS]: Stability test - Iteration 99, Log 27
[INF][SYS]: Stability test - Iteration 99, Log 28
[INF][SYS]: Stability test - Iteration 99, Log 29
[INF][SYS]: Stability test - Iteration 99, Log 30
[INF][SYS]: Stability test - Iteration 99, Log 31
[INF][SYS]: Stability test - Iteration 99, Log 32
[INF][SYS]: Stability test - Iteration 99, Log 33
[INF][SYS]: Stability test - Iteration 99, Log 34
[INF][SYS]: Stability test - Iteration 99, Log 35
[INF][SYS]: Stability test - Iteration 99, Log 36
[INF][SYS]: Stability test - Iteration 99, Log 37
[INF][SYS]: Stability test - Iteration 99, Log 38
[INF][SYS]: Stability test - Iteration 99, Log 39
[INF][SYS]: Stability test - Iteration 99, Log 40
[INF][SYS]: Stability test - Iteration 99, Log 41
[INF][SYS]: Stability test - Iteration 99, Log 42
[INF][SYS]: Stability test - Iteration 99, Log 43
[INF][SYS]: Stability test - Iteration 99, Log 44
[INF][SYS]: Stability test - Iteration 99, Log 45
[INF][SYS]: Stability test - Iteration 99, Log 46
[INF][SYS]: Stability test - Iteration 99, Log 47
[INF][SYS]: Stability test - Iteration 99, Log 48
[INF][SYS]: Stability test - Iteration 99, Log 49
]]></output>
            </test-case>
            <test-case id="1069" name="TestMemoryUsage" fullname="ArcBT.Tests.BTLoggerPerformanceTests.TestMemoryUsage" methodname="TestMemoryUsage" classname="ArcBT.Tests.BTLoggerPerformanceTests" runstate="Runnable" seed="625501406" result="Passed" start-time="2025-07-28 12:09:39Z" end-time="2025-07-28 12:09:40Z" duration="0.610618" asserts="0">
              <properties>
                <property name="_JOINTYPE" value="UnityCombinatorial" />
                <property name="Description" value="大量ログ出力（2000件）時のメモリ使用量をベンチマークテスト（15MB以内、履歴制限機能の確認）" />
                <property name="retryIteration" value="0" />
                <property name="repeatIteration" value="0" />
              </properties>
              <output><![CDATA[[INF][SYS]: Memory test message with longer content to test memory usage 0
[INF][SYS]: Memory test message with longer content to test memory usage 1
[INF][SYS]: Memory test message with longer content to test memory usage 2
[INF][SYS]: Memory test message with longer content to test memory usage 3
[INF][SYS]: Memory test message with longer content to test memory usage 4
[INF][SYS]: Memory test message with longer content to test memory usage 5
[INF][SYS]: Memory test message with longer content to test memory usage 6
[INF][SYS]: Memory test message with longer content to test memory usage 7
[INF][SYS]: Memory test message with longer content to test memory usage 8
[INF][SYS]: Memory test message with longer content to test memory usage 9
[INF][SYS]: Memory test message with longer content to test memory usage 10
[INF][SYS]: Memory test message with longer content to test memory usage 11
[INF][SYS]: Memory test message with longer content to test memory usage 12
[INF][SYS]: Memory test message with longer content to test memory usage 13
[INF][SYS]: Memory test message with longer content to test memory usage 14
[INF][SYS]: Memory test message with longer content to test memory usage 15
[INF][SYS]: Memory test message with longer content to test memory usage 16
[INF][SYS]: Memory test message with longer content to test memory usage 17
[INF][SYS]: Memory test message with longer content to test memory usage 18
[INF][SYS]: Memory test message with longer content to test memory usage 19
[INF][SYS]: Memory test message with longer content to test memory usage 20
[INF][SYS]: Memory test message with longer content to test memory usage 21
[INF][SYS]: Memory test message with longer content to test memory usage 22
[INF][SYS]: Memory test message with longer content to test memory usage 23
[INF][SYS]: Memory test message with longer content to test memory usage 24
[INF][SYS]: Memory test message with longer content to test memory usage 25
[INF][SYS]: Memory test message with longer content to test memory usage 26
[INF][SYS]: Memory test message with longer content to test memory usage 27
[INF][SYS]: Memory test message with longer content to test memory usage 28
[INF][SYS]: Memory test message with longer content to test memory usage 29
[INF][SYS]: Memory test message with longer content to test memory usage 30
[INF][SYS]: Memory test message with longer content to test memory usage 31
[INF][SYS]: Memory test message with longer content to test memory usage 32
[INF][SYS]: Memory test message with longer content to test memory usage 33
[INF][SYS]: Memory test message with longer content to test memory usage 34
[INF][SYS]: Memory test message with longer content to test memory usage 35
[INF][SYS]: Memory test message with longer content to test memory usage 36
[INF][SYS]: Memory test message with longer content to test memory usage 37
[INF][SYS]: Memory test message with longer content to test memory usage 38
[INF][SYS]: Memory test message with longer content to test memory usage 39
[INF][SYS]: Memory test message with longer content to test memory usage 40
[INF][SYS]: Memory test message with longer content to test memory usage 41
[INF][SYS]: Memory test message with longer content to test memory usage 42
[INF][SYS]: Memory test message with longer content to test memory usage 43
[INF][SYS]: Memory test message with longer content to test memory usage 44
[INF][SYS]: Memory test message with longer content to test memory usage 45
[INF][SYS]: Memory test message with longer content to test memory usage 46
[INF][SYS]: Memory test message with longer content to test memory usage 47
[INF][SYS]: Memory test message with longer content to test memory usage 48
[INF][SYS]: Memory test message with longer content to test memory usage 49
[INF][SYS]: Memory test message with longer content to test memory usage 50
[INF][SYS]: Memory test message with longer content to test memory usage 51
[INF][SYS]: Memory test message with longer content to test memory usage 52
[INF][SYS]: Memory test message with longer content to test memory usage 53
[INF][SYS]: Memory test message with longer content to test memory usage 54
[INF][SYS]: Memory test message with longer content to test memory usage 55
[INF][SYS]: Memory test message with longer content to test memory usage 56
[INF][SYS]: Memory test message with longer content to test memory usage 57
[INF][SYS]: Memory test message with longer content to test memory usage 58
[INF][SYS]: Memory test message with longer content to test memory usage 59
[INF][SYS]: Memory test message with longer content to test memory usage 60
[INF][SYS]: Memory test message with longer content to test memory usage 61
[INF][SYS]: Memory test message with longer content to test memory usage 62
[INF][SYS]: Memory test message with longer content to test memory usage 63
[INF][SYS]: Memory test message with longer content to test memory usage 64
[INF][SYS]: Memory test message with longer content to test memory usage 65
[INF][SYS]: Memory test message with longer content to test memory usage 66
[INF][SYS]: Memory test message with longer content to test memory usage 67
[INF][SYS]: Memory test message with longer content to test memory usage 68
[INF][SYS]: Memory test message with longer content to test memory usage 69
[INF][SYS]: Memory test message with longer content to test memory usage 70
[INF][SYS]: Memory test message with longer content to test memory usage 71
[INF][SYS]: Memory test message with longer content to test memory usage 72
[INF][SYS]: Memory test message with longer content to test memory usage 73
[INF][SYS]: Memory test message with longer content to test memory usage 74
[INF][SYS]: Memory test message with longer content to test memory usage 75
[INF][SYS]: Memory test message with longer content to test memory usage 76
[INF][SYS]: Memory test message with longer content to test memory usage 77
[INF][SYS]: Memory test message with longer content to test memory usage 78
[INF][SYS]: Memory test message with longer content to test memory usage 79
[INF][SYS]: Memory test message with longer content to test memory usage 80
[INF][SYS]: Memory test message with longer content to test memory usage 81
[INF][SYS]: Memory test message with longer content to test memory usage 82
[INF][SYS]: Memory test message with longer content to test memory usage 83
[INF][SYS]: Memory test message with longer content to test memory usage 84
[INF][SYS]: Memory test message with longer content to test memory usage 85
[INF][SYS]: Memory test message with longer content to test memory usage 86
[INF][SYS]: Memory test message with longer content to test memory usage 87
[INF][SYS]: Memory test message with longer content to test memory usage 88
[INF][SYS]: Memory test message with longer content to test memory usage 89
[INF][SYS]: Memory test message with longer content to test memory usage 90
[INF][SYS]: Memory test message with longer content to test memory usage 91
[INF][SYS]: Memory test message with longer content to test memory usage 92
[INF][SYS]: Memory test message with longer content to test memory usage 93
[INF][SYS]: Memory test message with longer content to test memory usage 94
[INF][SYS]: Memory test message with longer content to test memory usage 95
[INF][SYS]: Memory test message with longer content to test memory usage 96
[INF][SYS]: Memory test message with longer content to test memory usage 97
[INF][SYS]: Memory test message with longer content to test memory usage 98
[INF][SYS]: Memory test message with longer content to test memory usage 99
[INF][SYS]: Memory test message with longer content to test memory usage 100
[INF][SYS]: Memory test message with longer content to test memory usage 101
[INF][SYS]: Memory test message with longer content to test memory usage 102
[INF][SYS]: Memory test message with longer content to test memory usage 103
[INF][SYS]: Memory test message with longer content to test memory usage 104
[INF][SYS]: Memory test message with longer content to test memory usage 105
[INF][SYS]: Memory test message with longer content to test memory usage 106
[INF][SYS]: Memory test message with longer content to test memory usage 107
[INF][SYS]: Memory test message with longer content to test memory usage 108
[INF][SYS]: Memory test message with longer content to test memory usage 109
[INF][SYS]: Memory test message with longer content to test memory usage 110
[INF][SYS]: Memory test message with longer content to test memory usage 111
[INF][SYS]: Memory test message with longer content to test memory usage 112
[INF][SYS]: Memory test message with longer content to test memory usage 113
[INF][SYS]: Memory test message with longer content to test memory usage 114
[INF][SYS]: Memory test message with longer content to test memory usage 115
[INF][SYS]: Memory test message with longer content to test memory usage 116
[INF][SYS]: Memory test message with longer content to test memory usage 117
[INF][SYS]: Memory test message with longer content to test memory usage 118
[INF][SYS]: Memory test message with longer content to test memory usage 119
[INF][SYS]: Memory test message with longer content to test memory usage 120
[INF][SYS]: Memory test message with longer content to test memory usage 121
[INF][SYS]: Memory test message with longer content to test memory usage 122
[INF][SYS]: Memory test message with longer content to test memory usage 123
[INF][SYS]: Memory test message with longer content to test memory usage 124
[INF][SYS]: Memory test message with longer content to test memory usage 125
[INF][SYS]: Memory test message with longer content to test memory usage 126
[INF][SYS]: Memory test message with longer content to test memory usage 127
[INF][SYS]: Memory test message with longer content to test memory usage 128
[INF][SYS]: Memory test message with longer content to test memory usage 129
[INF][SYS]: Memory test message with longer content to test memory usage 130
[INF][SYS]: Memory test message with longer content to test memory usage 131
[INF][SYS]: Memory test message with longer content to test memory usage 132
[INF][SYS]: Memory test message with longer content to test memory usage 133
[INF][SYS]: Memory test message with longer content to test memory usage 134
[INF][SYS]: Memory test message with longer content to test memory usage 135
[INF][SYS]: Memory test message with longer content to test memory usage 136
[INF][SYS]: Memory test message with longer content to test memory usage 137
[INF][SYS]: Memory test message with longer content to test memory usage 138
[INF][SYS]: Memory test message with longer content to test memory usage 139
[INF][SYS]: Memory test message with longer content to test memory usage 140
[INF][SYS]: Memory test message with longer content to test memory usage 141
[INF][SYS]: Memory test message with longer content to test memory usage 142
[INF][SYS]: Memory test message with longer content to test memory usage 143
[INF][SYS]: Memory test message with longer content to test memory usage 144
[INF][SYS]: Memory test message with longer content to test memory usage 145
[INF][SYS]: Memory test message with longer content to test memory usage 146
[INF][SYS]: Memory test message with longer content to test memory usage 147
[INF][SYS]: Memory test message with longer content to test memory usage 148
[INF][SYS]: Memory test message with longer content to test memory usage 149
[INF][SYS]: Memory test message with longer content to test memory usage 150
[INF][SYS]: Memory test message with longer content to test memory usage 151
[INF][SYS]: Memory test message with longer content to test memory usage 152
[INF][SYS]: Memory test message with longer content to test memory usage 153
[INF][SYS]: Memory test message with longer content to test memory usage 154
[INF][SYS]: Memory test message with longer content to test memory usage 155
[INF][SYS]: Memory test message with longer content to test memory usage 156
[INF][SYS]: Memory test message with longer content to test memory usage 157
[INF][SYS]: Memory test message with longer content to test memory usage 158
[INF][SYS]: Memory test message with longer content to test memory usage 159
[INF][SYS]: Memory test message with longer content to test memory usage 160
[INF][SYS]: Memory test message with longer content to test memory usage 161
[INF][SYS]: Memory test message with longer content to test memory usage 162
[INF][SYS]: Memory test message with longer content to test memory usage 163
[INF][SYS]: Memory test message with longer content to test memory usage 164
[INF][SYS]: Memory test message with longer content to test memory usage 165
[INF][SYS]: Memory test message with longer content to test memory usage 166
[INF][SYS]: Memory test message with longer content to test memory usage 167
[INF][SYS]: Memory test message with longer content to test memory usage 168
[INF][SYS]: Memory test message with longer content to test memory usage 169
[INF][SYS]: Memory test message with longer content to test memory usage 170
[INF][SYS]: Memory test message with longer content to test memory usage 171
[INF][SYS]: Memory test message with longer content to test memory usage 172
[INF][SYS]: Memory test message with longer content to test memory usage 173
[INF][SYS]: Memory test message with longer content to test memory usage 174
[INF][SYS]: Memory test message with longer content to test memory usage 175
[INF][SYS]: Memory test message with longer content to test memory usage 176
[INF][SYS]: Memory test message with longer content to test memory usage 177
[INF][SYS]: Memory test message with longer content to test memory usage 178
[INF][SYS]: Memory test message with longer content to test memory usage 179
[INF][SYS]: Memory test message with longer content to test memory usage 180
[INF][SYS]: Memory test message with longer content to test memory usage 181
[INF][SYS]: Memory test message with longer content to test memory usage 182
[INF][SYS]: Memory test message with longer content to test memory usage 183
[INF][SYS]: Memory test message with longer content to test memory usage 184
[INF][SYS]: Memory test message with longer content to test memory usage 185
[INF][SYS]: Memory test message with longer content to test memory usage 186
[INF][SYS]: Memory test message with longer content to test memory usage 187
[INF][SYS]: Memory test message with longer content to test memory usage 188
[INF][SYS]: Memory test message with longer content to test memory usage 189
[INF][SYS]: Memory test message with longer content to test memory usage 190
[INF][SYS]: Memory test message with longer content to test memory usage 191
[INF][SYS]: Memory test message with longer content to test memory usage 192
[INF][SYS]: Memory test message with longer content to test memory usage 193
[INF][SYS]: Memory test message with longer content to test memory usage 194
[INF][SYS]: Memory test message with longer content to test memory usage 195
[INF][SYS]: Memory test message with longer content to test memory usage 196
[INF][SYS]: Memory test message with longer content to test memory usage 197
[INF][SYS]: Memory test message with longer content to test memory usage 198
[INF][SYS]: Memory test message with longer content to test memory usage 199
[INF][SYS]: Memory test message with longer content to test memory usage 200
[INF][SYS]: Memory test message with longer content to test memory usage 201
[INF][SYS]: Memory test message with longer content to test memory usage 202
[INF][SYS]: Memory test message with longer content to test memory usage 203
[INF][SYS]: Memory test message with longer content to test memory usage 204
[INF][SYS]: Memory test message with longer content to test memory usage 205
[INF][SYS]: Memory test message with longer content to test memory usage 206
[INF][SYS]: Memory test message with longer content to test memory usage 207
[INF][SYS]: Memory test message with longer content to test memory usage 208
[INF][SYS]: Memory test message with longer content to test memory usage 209
[INF][SYS]: Memory test message with longer content to test memory usage 210
[INF][SYS]: Memory test message with longer content to test memory usage 211
[INF][SYS]: Memory test message with longer content to test memory usage 212
[INF][SYS]: Memory test message with longer content to test memory usage 213
[INF][SYS]: Memory test message with longer content to test memory usage 214
[INF][SYS]: Memory test message with longer content to test memory usage 215
[INF][SYS]: Memory test message with longer content to test memory usage 216
[INF][SYS]: Memory test message with longer content to test memory usage 217
[INF][SYS]: Memory test message with longer content to test memory usage 218
[INF][SYS]: Memory test message with longer content to test memory usage 219
[INF][SYS]: Memory test message with longer content to test memory usage 220
[INF][SYS]: Memory test message with longer content to test memory usage 221
[INF][SYS]: Memory test message with longer content to test memory usage 222
[INF][SYS]: Memory test message with longer content to test memory usage 223
[INF][SYS]: Memory test message with longer content to test memory usage 224
[INF][SYS]: Memory test message with longer content to test memory usage 225
[INF][SYS]: Memory test message with longer content to test memory usage 226
[INF][SYS]: Memory test message with longer content to test memory usage 227
[INF][SYS]: Memory test message with longer content to test memory usage 228
[INF][SYS]: Memory test message with longer content to test memory usage 229
[INF][SYS]: Memory test message with longer content to test memory usage 230
[INF][SYS]: Memory test message with longer content to test memory usage 231
[INF][SYS]: Memory test message with longer content to test memory usage 232
[INF][SYS]: Memory test message with longer content to test memory usage 233
[INF][SYS]: Memory test message with longer content to test memory usage 234
[INF][SYS]: Memory test message with longer content to test memory usage 235
[INF][SYS]: Memory test message with longer content to test memory usage 236
[INF][SYS]: Memory test message with longer content to test memory usage 237
[INF][SYS]: Memory test message with longer content to test memory usage 238
[INF][SYS]: Memory test message with longer content to test memory usage 239
[INF][SYS]: Memory test message with longer content to test memory usage 240
[INF][SYS]: Memory test message with longer content to test memory usage 241
[INF][SYS]: Memory test message with longer content to test memory usage 242
[INF][SYS]: Memory test message with longer content to test memory usage 243
[INF][SYS]: Memory test message with longer content to test memory usage 244
[INF][SYS]: Memory test message with longer content to test memory usage 245
[INF][SYS]: Memory test message with longer content to test memory usage 246
[INF][SYS]: Memory test message with longer content to test memory usage 247
[INF][SYS]: Memory test message with longer content to test memory usage 248
[INF][SYS]: Memory test message with longer content to test memory usage 249
[INF][SYS]: Memory test message with longer content to test memory usage 250
[INF][SYS]: Memory test message with longer content to test memory usage 251
[INF][SYS]: Memory test message with longer content to test memory usage 252
[INF][SYS]: Memory test message with longer content to test memory usage 253
[INF][SYS]: Memory test message with longer content to test memory usage 254
[INF][SYS]: Memory test message with longer content to test memory usage 255
[INF][SYS]: Memory test message with longer content to test memory usage 256
[INF][SYS]: Memory test message with longer content to test memory usage 257
[INF][SYS]: Memory test message with longer content to test memory usage 258
[INF][SYS]: Memory test message with longer content to test memory usage 259
[INF][SYS]: Memory test message with longer content to test memory usage 260
[INF][SYS]: Memory test message with longer content to test memory usage 261
[INF][SYS]: Memory test message with longer content to test memory usage 262
[INF][SYS]: Memory test message with longer content to test memory usage 263
[INF][SYS]: Memory test message with longer content to test memory usage 264
[INF][SYS]: Memory test message with longer content to test memory usage 265
[INF][SYS]: Memory test message with longer content to test memory usage 266
[INF][SYS]: Memory test message with longer content to test memory usage 267
[INF][SYS]: Memory test message with longer content to test memory usage 268
[INF][SYS]: Memory test message with longer content to test memory usage 269
[INF][SYS]: Memory test message with longer content to test memory usage 270
[INF][SYS]: Memory test message with longer content to test memory usage 271
[INF][SYS]: Memory test message with longer content to test memory usage 272
[INF][SYS]: Memory test message with longer content to test memory usage 273
[INF][SYS]: Memory test message with longer content to test memory usage 274
[INF][SYS]: Memory test message with longer content to test memory usage 275
[INF][SYS]: Memory test message with longer content to test memory usage 276
[INF][SYS]: Memory test message with longer content to test memory usage 277
[INF][SYS]: Memory test message with longer content to test memory usage 278
[INF][SYS]: Memory test message with longer content to test memory usage 279
[INF][SYS]: Memory test message with longer content to test memory usage 280
[INF][SYS]: Memory test message with longer content to test memory usage 281
[INF][SYS]: Memory test message with longer content to test memory usage 282
[INF][SYS]: Memory test message with longer content to test memory usage 283
[INF][SYS]: Memory test message with longer content to test memory usage 284
[INF][SYS]: Memory test message with longer content to test memory usage 285
[INF][SYS]: Memory test message with longer content to test memory usage 286
[INF][SYS]: Memory test message with longer content to test memory usage 287
[INF][SYS]: Memory test message with longer content to test memory usage 288
[INF][SYS]: Memory test message with longer content to test memory usage 289
[INF][SYS]: Memory test message with longer content to test memory usage 290
[INF][SYS]: Memory test message with longer content to test memory usage 291
[INF][SYS]: Memory test message with longer content to test memory usage 292
[INF][SYS]: Memory test message with longer content to test memory usage 293
[INF][SYS]: Memory test message with longer content to test memory usage 294
[INF][SYS]: Memory test message with longer content to test memory usage 295
[INF][SYS]: Memory test message with longer content to test memory usage 296
[INF][SYS]: Memory test message with longer content to test memory usage 297
[INF][SYS]: Memory test message with longer content to test memory usage 298
[INF][SYS]: Memory test message with longer content to test memory usage 299
[INF][SYS]: Memory test message with longer content to test memory usage 300
[INF][SYS]: Memory test message with longer content to test memory usage 301
[INF][SYS]: Memory test message with longer content to test memory usage 302
[INF][SYS]: Memory test message with longer content to test memory usage 303
[INF][SYS]: Memory test message with longer content to test memory usage 304
[INF][SYS]: Memory test message with longer content to test memory usage 305
[INF][SYS]: Memory test message with longer content to test memory usage 306
[INF][SYS]: Memory test message with longer content to test memory usage 307
[INF][SYS]: Memory test message with longer content to test memory usage 308
[INF][SYS]: Memory test message with longer content to test memory usage 309
[INF][SYS]: Memory test message with longer content to test memory usage 310
[INF][SYS]: Memory test message with longer content to test memory usage 311
[INF][SYS]: Memory test message with longer content to test memory usage 312
[INF][SYS]: Memory test message with longer content to test memory usage 313
[INF][SYS]: Memory test message with longer content to test memory usage 314
[INF][SYS]: Memory test message with longer content to test memory usage 315
[INF][SYS]: Memory test message with longer content to test memory usage 316
[INF][SYS]: Memory test message with longer content to test memory usage 317
[INF][SYS]: Memory test message with longer content to test memory usage 318
[INF][SYS]: Memory test message with longer content to test memory usage 319
[INF][SYS]: Memory test message with longer content to test memory usage 320
[INF][SYS]: Memory test message with longer content to test memory usage 321
[INF][SYS]: Memory test message with longer content to test memory usage 322
[INF][SYS]: Memory test message with longer content to test memory usage 323
[INF][SYS]: Memory test message with longer content to test memory usage 324
[INF][SYS]: Memory test message with longer content to test memory usage 325
[INF][SYS]: Memory test message with longer content to test memory usage 326
[INF][SYS]: Memory test message with longer content to test memory usage 327
[INF][SYS]: Memory test message with longer content to test memory usage 328
[INF][SYS]: Memory test message with longer content to test memory usage 329
[INF][SYS]: Memory test message with longer content to test memory usage 330
[INF][SYS]: Memory test message with longer content to test memory usage 331
[INF][SYS]: Memory test message with longer content to test memory usage 332
[INF][SYS]: Memory test message with longer content to test memory usage 333
[INF][SYS]: Memory test message with longer content to test memory usage 334
[INF][SYS]: Memory test message with longer content to test memory usage 335
[INF][SYS]: Memory test message with longer content to test memory usage 336
[INF][SYS]: Memory test message with longer content to test memory usage 337
[INF][SYS]: Memory test message with longer content to test memory usage 338
[INF][SYS]: Memory test message with longer content to test memory usage 339
[INF][SYS]: Memory test message with longer content to test memory usage 340
[INF][SYS]: Memory test message with longer content to test memory usage 341
[INF][SYS]: Memory test message with longer content to test memory usage 342
[INF][SYS]: Memory test message with longer content to test memory usage 343
[INF][SYS]: Memory test message with longer content to test memory usage 344
[INF][SYS]: Memory test message with longer content to test memory usage 345
[INF][SYS]: Memory test message with longer content to test memory usage 346
[INF][SYS]: Memory test message with longer content to test memory usage 347
[INF][SYS]: Memory test message with longer content to test memory usage 348
[INF][SYS]: Memory test message with longer content to test memory usage 349
[INF][SYS]: Memory test message with longer content to test memory usage 350
[INF][SYS]: Memory test message with longer content to test memory usage 351
[INF][SYS]: Memory test message with longer content to test memory usage 352
[INF][SYS]: Memory test message with longer content to test memory usage 353
[INF][SYS]: Memory test message with longer content to test memory usage 354
[INF][SYS]: Memory test message with longer content to test memory usage 355
[INF][SYS]: Memory test message with longer content to test memory usage 356
[INF][SYS]: Memory test message with longer content to test memory usage 357
[INF][SYS]: Memory test message with longer content to test memory usage 358
[INF][SYS]: Memory test message with longer content to test memory usage 359
[INF][SYS]: Memory test message with longer content to test memory usage 360
[INF][SYS]: Memory test message with longer content to test memory usage 361
[INF][SYS]: Memory test message with longer content to test memory usage 362
[INF][SYS]: Memory test message with longer content to test memory usage 363
[INF][SYS]: Memory test message with longer content to test memory usage 364
[INF][SYS]: Memory test message with longer content to test memory usage 365
[INF][SYS]: Memory test message with longer content to test memory usage 366
[INF][SYS]: Memory test message with longer content to test memory usage 367
[INF][SYS]: Memory test message with longer content to test memory usage 368
[INF][SYS]: Memory test message with longer content to test memory usage 369
[INF][SYS]: Memory test message with longer content to test memory usage 370
[INF][SYS]: Memory test message with longer content to test memory usage 371
[INF][SYS]: Memory test message with longer content to test memory usage 372
[INF][SYS]: Memory test message with longer content to test memory usage 373
[INF][SYS]: Memory test message with longer content to test memory usage 374
[INF][SYS]: Memory test message with longer content to test memory usage 375
[INF][SYS]: Memory test message with longer content to test memory usage 376
[INF][SYS]: Memory test message with longer content to test memory usage 377
[INF][SYS]: Memory test message with longer content to test memory usage 378
[INF][SYS]: Memory test message with longer content to test memory usage 379
[INF][SYS]: Memory test message with longer content to test memory usage 380
[INF][SYS]: Memory test message with longer content to test memory usage 381
[INF][SYS]: Memory test message with longer content to test memory usage 382
[INF][SYS]: Memory test message with longer content to test memory usage 383
[INF][SYS]: Memory test message with longer content to test memory usage 384
[INF][SYS]: Memory test message with longer content to test memory usage 385
[INF][SYS]: Memory test message with longer content to test memory usage 386
[INF][SYS]: Memory test message with longer content to test memory usage 387
[INF][SYS]: Memory test message with longer content to test memory usage 388
[INF][SYS]: Memory test message with longer content to test memory usage 389
[INF][SYS]: Memory test message with longer content to test memory usage 390
[INF][SYS]: Memory test message with longer content to test memory usage 391
[INF][SYS]: Memory test message with longer content to test memory usage 392
[INF][SYS]: Memory test message with longer content to test memory usage 393
[INF][SYS]: Memory test message with longer content to test memory usage 394
[INF][SYS]: Memory test message with longer content to test memory usage 395
[INF][SYS]: Memory test message with longer content to test memory usage 396
[INF][SYS]: Memory test message with longer content to test memory usage 397
[INF][SYS]: Memory test message with longer content to test memory usage 398
[INF][SYS]: Memory test message with longer content to test memory usage 399
[INF][SYS]: Memory test message with longer content to test memory usage 400
[INF][SYS]: Memory test message with longer content to test memory usage 401
[INF][SYS]: Memory test message with longer content to test memory usage 402
[INF][SYS]: Memory test message with longer content to test memory usage 403
[INF][SYS]: Memory test message with longer content to test memory usage 404
[INF][SYS]: Memory test message with longer content to test memory usage 405
[INF][SYS]: Memory test message with longer content to test memory usage 406
[INF][SYS]: Memory test message with longer content to test memory usage 407
[INF][SYS]: Memory test message with longer content to test memory usage 408
[INF][SYS]: Memory test message with longer content to test memory usage 409
[INF][SYS]: Memory test message with longer content to test memory usage 410
[INF][SYS]: Memory test message with longer content to test memory usage 411
[INF][SYS]: Memory test message with longer content to test memory usage 412
[INF][SYS]: Memory test message with longer content to test memory usage 413
[INF][SYS]: Memory test message with longer content to test memory usage 414
[INF][SYS]: Memory test message with longer content to test memory usage 415
[INF][SYS]: Memory test message with longer content to test memory usage 416
[INF][SYS]: Memory test message with longer content to test memory usage 417
[INF][SYS]: Memory test message with longer content to test memory usage 418
[INF][SYS]: Memory test message with longer content to test memory usage 419
[INF][SYS]: Memory test message with longer content to test memory usage 420
[INF][SYS]: Memory test message with longer content to test memory usage 421
[INF][SYS]: Memory test message with longer content to test memory usage 422
[INF][SYS]: Memory test message with longer content to test memory usage 423
[INF][SYS]: Memory test message with longer content to test memory usage 424
[INF][SYS]: Memory test message with longer content to test memory usage 425
[INF][SYS]: Memory test message with longer content to test memory usage 426
[INF][SYS]: Memory test message with longer content to test memory usage 427
[INF][SYS]: Memory test message with longer content to test memory usage 428
[INF][SYS]: Memory test message with longer content to test memory usage 429
[INF][SYS]: Memory test message with longer content to test memory usage 430
[INF][SYS]: Memory test message with longer content to test memory usage 431
[INF][SYS]: Memory test message with longer content to test memory usage 432
[INF][SYS]: Memory test message with longer content to test memory usage 433
[INF][SYS]: Memory test message with longer content to test memory usage 434
[INF][SYS]: Memory test message with longer content to test memory usage 435
[INF][SYS]: Memory test message with longer content to test memory usage 436
[INF][SYS]: Memory test message with longer content to test memory usage 437
[INF][SYS]: Memory test message with longer content to test memory usage 438
[INF][SYS]: Memory test message with longer content to test memory usage 439
[INF][SYS]: Memory test message with longer content to test memory usage 440
[INF][SYS]: Memory test message with longer content to test memory usage 441
[INF][SYS]: Memory test message with longer content to test memory usage 442
[INF][SYS]: Memory test message with longer content to test memory usage 443
[INF][SYS]: Memory test message with longer content to test memory usage 444
[INF][SYS]: Memory test message with longer content to test memory usage 445
[INF][SYS]: Memory test message with longer content to test memory usage 446
[INF][SYS]: Memory test message with longer content to test memory usage 447
[INF][SYS]: Memory test message with longer content to test memory usage 448
[INF][SYS]: Memory test message with longer content to test memory usage 449
[INF][SYS]: Memory test message with longer content to test memory usage 450
[INF][SYS]: Memory test message with longer content to test memory usage 451
[INF][SYS]: Memory test message with longer content to test memory usage 452
[INF][SYS]: Memory test message with longer content to test memory usage 453
[INF][SYS]: Memory test message with longer content to test memory usage 454
[INF][SYS]: Memory test message with longer content to test memory usage 455
[INF][SYS]: Memory test message with longer content to test memory usage 456
[INF][SYS]: Memory test message with longer content to test memory usage 457
[INF][SYS]: Memory test message with longer content to test memory usage 458
[INF][SYS]: Memory test message with longer content to test memory usage 459
[INF][SYS]: Memory test message with longer content to test memory usage 460
[INF][SYS]: Memory test message with longer content to test memory usage 461
[INF][SYS]: Memory test message with longer content to test memory usage 462
[INF][SYS]: Memory test message with longer content to test memory usage 463
[INF][SYS]: Memory test message with longer content to test memory usage 464
[INF][SYS]: Memory test message with longer content to test memory usage 465
[INF][SYS]: Memory test message with longer content to test memory usage 466
[INF][SYS]: Memory test message with longer content to test memory usage 467
[INF][SYS]: Memory test message with longer content to test memory usage 468
[INF][SYS]: Memory test message with longer content to test memory usage 469
[INF][SYS]: Memory test message with longer content to test memory usage 470
[INF][SYS]: Memory test message with longer content to test memory usage 471
[INF][SYS]: Memory test message with longer content to test memory usage 472
[INF][SYS]: Memory test message with longer content to test memory usage 473
[INF][SYS]: Memory test message with longer content to test memory usage 474
[INF][SYS]: Memory test message with longer content to test memory usage 475
[INF][SYS]: Memory test message with longer content to test memory usage 476
[INF][SYS]: Memory test message with longer content to test memory usage 477
[INF][SYS]: Memory test message with longer content to test memory usage 478
[INF][SYS]: Memory test message with longer content to test memory usage 479
[INF][SYS]: Memory test message with longer content to test memory usage 480
[INF][SYS]: Memory test message with longer content to test memory usage 481
[INF][SYS]: Memory test message with longer content to test memory usage 482
[INF][SYS]: Memory test message with longer content to test memory usage 483
[INF][SYS]: Memory test message with longer content to test memory usage 484
[INF][SYS]: Memory test message with longer content to test memory usage 485
[INF][SYS]: Memory test message with longer content to test memory usage 486
[INF][SYS]: Memory test message with longer content to test memory usage 487
[INF][SYS]: Memory test message with longer content to test memory usage 488
[INF][SYS]: Memory test message with longer content to test memory usage 489
[INF][SYS]: Memory test message with longer content to test memory usage 490
[INF][SYS]: Memory test message with longer content to test memory usage 491
[INF][SYS]: Memory test message with longer content to test memory usage 492
[INF][SYS]: Memory test message with longer content to test memory usage 493
[INF][SYS]: Memory test message with longer content to test memory usage 494
[INF][SYS]: Memory test message with longer content to test memory usage 495
[INF][SYS]: Memory test message with longer content to test memory usage 496
[INF][SYS]: Memory test message with longer content to test memory usage 497
[INF][SYS]: Memory test message with longer content to test memory usage 498
[INF][SYS]: Memory test message with longer content to test memory usage 499
[INF][SYS]: Memory test message with longer content to test memory usage 500
[INF][SYS]: Memory test message with longer content to test memory usage 501
[INF][SYS]: Memory test message with longer content to test memory usage 502
[INF][SYS]: Memory test message with longer content to test memory usage 503
[INF][SYS]: Memory test message with longer content to test memory usage 504
[INF][SYS]: Memory test message with longer content to test memory usage 505
[INF][SYS]: Memory test message with longer content to test memory usage 506
[INF][SYS]: Memory test message with longer content to test memory usage 507
[INF][SYS]: Memory test message with longer content to test memory usage 508
[INF][SYS]: Memory test message with longer content to test memory usage 509
[INF][SYS]: Memory test message with longer content to test memory usage 510
[INF][SYS]: Memory test message with longer content to test memory usage 511
[INF][SYS]: Memory test message with longer content to test memory usage 512
[INF][SYS]: Memory test message with longer content to test memory usage 513
[INF][SYS]: Memory test message with longer content to test memory usage 514
[INF][SYS]: Memory test message with longer content to test memory usage 515
[INF][SYS]: Memory test message with longer content to test memory usage 516
[INF][SYS]: Memory test message with longer content to test memory usage 517
[INF][SYS]: Memory test message with longer content to test memory usage 518
[INF][SYS]: Memory test message with longer content to test memory usage 519
[INF][SYS]: Memory test message with longer content to test memory usage 520
[INF][SYS]: Memory test message with longer content to test memory usage 521
[INF][SYS]: Memory test message with longer content to test memory usage 522
[INF][SYS]: Memory test message with longer content to test memory usage 523
[INF][SYS]: Memory test message with longer content to test memory usage 524
[INF][SYS]: Memory test message with longer content to test memory usage 525
[INF][SYS]: Memory test message with longer content to test memory usage 526
[INF][SYS]: Memory test message with longer content to test memory usage 527
[INF][SYS]: Memory test message with longer content to test memory usage 528
[INF][SYS]: Memory test message with longer content to test memory usage 529
[INF][SYS]: Memory test message with longer content to test memory usage 530
[INF][SYS]: Memory test message with longer content to test memory usage 531
[INF][SYS]: Memory test message with longer content to test memory usage 532
[INF][SYS]: Memory test message with longer content to test memory usage 533
[INF][SYS]: Memory test message with longer content to test memory usage 534
[INF][SYS]: Memory test message with longer content to test memory usage 535
[INF][SYS]: Memory test message with longer content to test memory usage 536
[INF][SYS]: Memory test message with longer content to test memory usage 537
[INF][SYS]: Memory test message with longer content to test memory usage 538
[INF][SYS]: Memory test message with longer content to test memory usage 539
[INF][SYS]: Memory test message with longer content to test memory usage 540
[INF][SYS]: Memory test message with longer content to test memory usage 541
[INF][SYS]: Memory test message with longer content to test memory usage 542
[INF][SYS]: Memory test message with longer content to test memory usage 543
[INF][SYS]: Memory test message with longer content to test memory usage 544
[INF][SYS]: Memory test message with longer content to test memory usage 545
[INF][SYS]: Memory test message with longer content to test memory usage 546
[INF][SYS]: Memory test message with longer content to test memory usage 547
[INF][SYS]: Memory test message with longer content to test memory usage 548
[INF][SYS]: Memory test message with longer content to test memory usage 549
[INF][SYS]: Memory test message with longer content to test memory usage 550
[INF][SYS]: Memory test message with longer content to test memory usage 551
[INF][SYS]: Memory test message with longer content to test memory usage 552
[INF][SYS]: Memory test message with longer content to test memory usage 553
[INF][SYS]: Memory test message with longer content to test memory usage 554
[INF][SYS]: Memory test message with longer content to test memory usage 555
[INF][SYS]: Memory test message with longer content to test memory usage 556
[INF][SYS]: Memory test message with longer content to test memory usage 557
[INF][SYS]: Memory test message with longer content to test memory usage 558
[INF][SYS]: Memory test message with longer content to test memory usage 559
[INF][SYS]: Memory test message with longer content to test memory usage 560
[INF][SYS]: Memory test message with longer content to test memory usage 561
[INF][SYS]: Memory test message with longer content to test memory usage 562
[INF][SYS]: Memory test message with longer content to test memory usage 563
[INF][SYS]: Memory test message with longer content to test memory usage 564
[INF][SYS]: Memory test message with longer content to test memory usage 565
[INF][SYS]: Memory test message with longer content to test memory usage 566
[INF][SYS]: Memory test message with longer content to test memory usage 567
[INF][SYS]: Memory test message with longer content to test memory usage 568
[INF][SYS]: Memory test message with longer content to test memory usage 569
[INF][SYS]: Memory test message with longer content to test memory usage 570
[INF][SYS]: Memory test message with longer content to test memory usage 571
[INF][SYS]: Memory test message with longer content to test memory usage 572
[INF][SYS]: Memory test message with longer content to test memory usage 573
[INF][SYS]: Memory test message with longer content to test memory usage 574
[INF][SYS]: Memory test message with longer content to test memory usage 575
[INF][SYS]: Memory test message with longer content to test memory usage 576
[INF][SYS]: Memory test message with longer content to test memory usage 577
[INF][SYS]: Memory test message with longer content to test memory usage 578
[INF][SYS]: Memory test message with longer content to test memory usage 579
[INF][SYS]: Memory test message with longer content to test memory usage 580
[INF][SYS]: Memory test message with longer content to test memory usage 581
[INF][SYS]: Memory test message with longer content to test memory usage 582
[INF][SYS]: Memory test message with longer content to test memory usage 583
[INF][SYS]: Memory test message with longer content to test memory usage 584
[INF][SYS]: Memory test message with longer content to test memory usage 585
[INF][SYS]: Memory test message with longer content to test memory usage 586
[INF][SYS]: Memory test message with longer content to test memory usage 587
[INF][SYS]: Memory test message with longer content to test memory usage 588
[INF][SYS]: Memory test message with longer content to test memory usage 589
[INF][SYS]: Memory test message with longer content to test memory usage 590
[INF][SYS]: Memory test message with longer content to test memory usage 591
[INF][SYS]: Memory test message with longer content to test memory usage 592
[INF][SYS]: Memory test message with longer content to test memory usage 593
[INF][SYS]: Memory test message with longer content to test memory usage 594
[INF][SYS]: Memory test message with longer content to test memory usage 595
[INF][SYS]: Memory test message with longer content to test memory usage 596
[INF][SYS]: Memory test message with longer content to test memory usage 597
[INF][SYS]: Memory test message with longer content to test memory usage 598
[INF][SYS]: Memory test message with longer content to test memory usage 599
[INF][SYS]: Memory test message with longer content to test memory usage 600
[INF][SYS]: Memory test message with longer content to test memory usage 601
[INF][SYS]: Memory test message with longer content to test memory usage 602
[INF][SYS]: Memory test message with longer content to test memory usage 603
[INF][SYS]: Memory test message with longer content to test memory usage 604
[INF][SYS]: Memory test message with longer content to test memory usage 605
[INF][SYS]: Memory test message with longer content to test memory usage 606
[INF][SYS]: Memory test message with longer content to test memory usage 607
[INF][SYS]: Memory test message with longer content to test memory usage 608
[INF][SYS]: Memory test message with longer content to test memory usage 609
[INF][SYS]: Memory test message with longer content to test memory usage 610
[INF][SYS]: Memory test message with longer content to test memory usage 611
[INF][SYS]: Memory test message with longer content to test memory usage 612
[INF][SYS]: Memory test message with longer content to test memory usage 613
[INF][SYS]: Memory test message with longer content to test memory usage 614
[INF][SYS]: Memory test message with longer content to test memory usage 615
[INF][SYS]: Memory test message with longer content to test memory usage 616
[INF][SYS]: Memory test message with longer content to test memory usage 617
[INF][SYS]: Memory test message with longer content to test memory usage 618
[INF][SYS]: Memory test message with longer content to test memory usage 619
[INF][SYS]: Memory test message with longer content to test memory usage 620
[INF][SYS]: Memory test message with longer content to test memory usage 621
[INF][SYS]: Memory test message with longer content to test memory usage 622
[INF][SYS]: Memory test message with longer content to test memory usage 623
[INF][SYS]: Memory test message with longer content to test memory usage 624
[INF][SYS]: Memory test message with longer content to test memory usage 625
[INF][SYS]: Memory test message with longer content to test memory usage 626
[INF][SYS]: Memory test message with longer content to test memory usage 627
[INF][SYS]: Memory test message with longer content to test memory usage 628
[INF][SYS]: Memory test message with longer content to test memory usage 629
[INF][SYS]: Memory test message with longer content to test memory usage 630
[INF][SYS]: Memory test message with longer content to test memory usage 631
[INF][SYS]: Memory test message with longer content to test memory usage 632
[INF][SYS]: Memory test message with longer content to test memory usage 633
[INF][SYS]: Memory test message with longer content to test memory usage 634
[INF][SYS]: Memory test message with longer content to test memory usage 635
[INF][SYS]: Memory test message with longer content to test memory usage 636
[INF][SYS]: Memory test message with longer content to test memory usage 637
[INF][SYS]: Memory test message with longer content to test memory usage 638
[INF][SYS]: Memory test message with longer content to test memory usage 639
[INF][SYS]: Memory test message with longer content to test memory usage 640
[INF][SYS]: Memory test message with longer content to test memory usage 641
[INF][SYS]: Memory test message with longer content to test memory usage 642
[INF][SYS]: Memory test message with longer content to test memory usage 643
[INF][SYS]: Memory test message with longer content to test memory usage 644
[INF][SYS]: Memory test message with longer content to test memory usage 645
[INF][SYS]: Memory test message with longer content to test memory usage 646
[INF][SYS]: Memory test message with longer content to test memory usage 647
[INF][SYS]: Memory test message with longer content to test memory usage 648
[INF][SYS]: Memory test message with longer content to test memory usage 649
[INF][SYS]: Memory test message with longer content to test memory usage 650
[INF][SYS]: Memory test message with longer content to test memory usage 651
[INF][SYS]: Memory test message with longer content to test memory usage 652
[INF][SYS]: Memory test message with longer content to test memory usage 653
[INF][SYS]: Memory test message with longer content to test memory usage 654
[INF][SYS]: Memory test message with longer content to test memory usage 655
[INF][SYS]: Memory test message with longer content to test memory usage 656
[INF][SYS]: Memory test message with longer content to test memory usage 657
[INF][SYS]: Memory test message with longer content to test memory usage 658
[INF][SYS]: Memory test message with longer content to test memory usage 659
[INF][SYS]: Memory test message with longer content to test memory usage 660
[INF][SYS]: Memory test message with longer content to test memory usage 661
[INF][SYS]: Memory test message with longer content to test memory usage 662
[INF][SYS]: Memory test message with longer content to test memory usage 663
[INF][SYS]: Memory test message with longer content to test memory usage 664
[INF][SYS]: Memory test message with longer content to test memory usage 665
[INF][SYS]: Memory test message with longer content to test memory usage 666
[INF][SYS]: Memory test message with longer content to test memory usage 667
[INF][SYS]: Memory test message with longer content to test memory usage 668
[INF][SYS]: Memory test message with longer content to test memory usage 669
[INF][SYS]: Memory test message with longer content to test memory usage 670
[INF][SYS]: Memory test message with longer content to test memory usage 671
[INF][SYS]: Memory test message with longer content to test memory usage 672
[INF][SYS]: Memory test message with longer content to test memory usage 673
[INF][SYS]: Memory test message with longer content to test memory usage 674
[INF][SYS]: Memory test message with longer content to test memory usage 675
[INF][SYS]: Memory test message with longer content to test memory usage 676
[INF][SYS]: Memory test message with longer content to test memory usage 677
[INF][SYS]: Memory test message with longer content to test memory usage 678
[INF][SYS]: Memory test message with longer content to test memory usage 679
[INF][SYS]: Memory test message with longer content to test memory usage 680
[INF][SYS]: Memory test message with longer content to test memory usage 681
[INF][SYS]: Memory test message with longer content to test memory usage 682
[INF][SYS]: Memory test message with longer content to test memory usage 683
[INF][SYS]: Memory test message with longer content to test memory usage 684
[INF][SYS]: Memory test message with longer content to test memory usage 685
[INF][SYS]: Memory test message with longer content to test memory usage 686
[INF][SYS]: Memory test message with longer content to test memory usage 687
[INF][SYS]: Memory test message with longer content to test memory usage 688
[INF][SYS]: Memory test message with longer content to test memory usage 689
[INF][SYS]: Memory test message with longer content to test memory usage 690
[INF][SYS]: Memory test message with longer content to test memory usage 691
[INF][SYS]: Memory test message with longer content to test memory usage 692
[INF][SYS]: Memory test message with longer content to test memory usage 693
[INF][SYS]: Memory test message with longer content to test memory usage 694
[INF][SYS]: Memory test message with longer content to test memory usage 695
[INF][SYS]: Memory test message with longer content to test memory usage 696
[INF][SYS]: Memory test message with longer content to test memory usage 697
[INF][SYS]: Memory test message with longer content to test memory usage 698
[INF][SYS]: Memory test message with longer content to test memory usage 699
[INF][SYS]: Memory test message with longer content to test memory usage 700
[INF][SYS]: Memory test message with longer content to test memory usage 701
[INF][SYS]: Memory test message with longer content to test memory usage 702
[INF][SYS]: Memory test message with longer content to test memory usage 703
[INF][SYS]: Memory test message with longer content to test memory usage 704
[INF][SYS]: Memory test message with longer content to test memory usage 705
[INF][SYS]: Memory test message with longer content to test memory usage 706
[INF][SYS]: Memory test message with longer content to test memory usage 707
[INF][SYS]: Memory test message with longer content to test memory usage 708
[INF][SYS]: Memory test message with longer content to test memory usage 709
[INF][SYS]: Memory test message with longer content to test memory usage 710
[INF][SYS]: Memory test message with longer content to test memory usage 711
[INF][SYS]: Memory test message with longer content to test memory usage 712
[INF][SYS]: Memory test message with longer content to test memory usage 713
[INF][SYS]: Memory test message with longer content to test memory usage 714
[INF][SYS]: Memory test message with longer content to test memory usage 715
[INF][SYS]: Memory test message with longer content to test memory usage 716
[INF][SYS]: Memory test message with longer content to test memory usage 717
[INF][SYS]: Memory test message with longer content to test memory usage 718
[INF][SYS]: Memory test message with longer content to test memory usage 719
[INF][SYS]: Memory test message with longer content to test memory usage 720
[INF][SYS]: Memory test message with longer content to test memory usage 721
[INF][SYS]: Memory test message with longer content to test memory usage 722
[INF][SYS]: Memory test message with longer content to test memory usage 723
[INF][SYS]: Memory test message with longer content to test memory usage 724
[INF][SYS]: Memory test message with longer content to test memory usage 725
[INF][SYS]: Memory test message with longer content to test memory usage 726
[INF][SYS]: Memory test message with longer content to test memory usage 727
[INF][SYS]: Memory test message with longer content to test memory usage 728
[INF][SYS]: Memory test message with longer content to test memory usage 729
[INF][SYS]: Memory test message with longer content to test memory usage 730
[INF][SYS]: Memory test message with longer content to test memory usage 731
[INF][SYS]: Memory test message with longer content to test memory usage 732
[INF][SYS]: Memory test message with longer content to test memory usage 733
[INF][SYS]: Memory test message with longer content to test memory usage 734
[INF][SYS]: Memory test message with longer content to test memory usage 735
[INF][SYS]: Memory test message with longer content to test memory usage 736
[INF][SYS]: Memory test message with longer content to test memory usage 737
[INF][SYS]: Memory test message with longer content to test memory usage 738
[INF][SYS]: Memory test message with longer content to test memory usage 739
[INF][SYS]: Memory test message with longer content to test memory usage 740
[INF][SYS]: Memory test message with longer content to test memory usage 741
[INF][SYS]: Memory test message with longer content to test memory usage 742
[INF][SYS]: Memory test message with longer content to test memory usage 743
[INF][SYS]: Memory test message with longer content to test memory usage 744
[INF][SYS]: Memory test message with longer content to test memory usage 745
[INF][SYS]: Memory test message with longer content to test memory usage 746
[INF][SYS]: Memory test message with longer content to test memory usage 747
[INF][SYS]: Memory test message with longer content to test memory usage 748
[INF][SYS]: Memory test message with longer content to test memory usage 749
[INF][SYS]: Memory test message with longer content to test memory usage 750
[INF][SYS]: Memory test message with longer content to test memory usage 751
[INF][SYS]: Memory test message with longer content to test memory usage 752
[INF][SYS]: Memory test message with longer content to test memory usage 753
[INF][SYS]: Memory test message with longer content to test memory usage 754
[INF][SYS]: Memory test message with longer content to test memory usage 755
[INF][SYS]: Memory test message with longer content to test memory usage 756
[INF][SYS]: Memory test message with longer content to test memory usage 757
[INF][SYS]: Memory test message with longer content to test memory usage 758
[INF][SYS]: Memory test message with longer content to test memory usage 759
[INF][SYS]: Memory test message with longer content to test memory usage 760
[INF][SYS]: Memory test message with longer content to test memory usage 761
[INF][SYS]: Memory test message with longer content to test memory usage 762
[INF][SYS]: Memory test message with longer content to test memory usage 763
[INF][SYS]: Memory test message with longer content to test memory usage 764
[INF][SYS]: Memory test message with longer content to test memory usage 765
[INF][SYS]: Memory test message with longer content to test memory usage 766
[INF][SYS]: Memory test message with longer content to test memory usage 767
[INF][SYS]: Memory test message with longer content to test memory usage 768
[INF][SYS]: Memory test message with longer content to test memory usage 769
[INF][SYS]: Memory test message with longer content to test memory usage 770
[INF][SYS]: Memory test message with longer content to test memory usage 771
[INF][SYS]: Memory test message with longer content to test memory usage 772
[INF][SYS]: Memory test message with longer content to test memory usage 773
[INF][SYS]: Memory test message with longer content to test memory usage 774
[INF][SYS]: Memory test message with longer content to test memory usage 775
[INF][SYS]: Memory test message with longer content to test memory usage 776
[INF][SYS]: Memory test message with longer content to test memory usage 777
[INF][SYS]: Memory test message with longer content to test memory usage 778
[INF][SYS]: Memory test message with longer content to test memory usage 779
[INF][SYS]: Memory test message with longer content to test memory usage 780
[INF][SYS]: Memory test message with longer content to test memory usage 781
[INF][SYS]: Memory test message with longer content to test memory usage 782
[INF][SYS]: Memory test message with longer content to test memory usage 783
[INF][SYS]: Memory test message with longer content to test memory usage 784
[INF][SYS]: Memory test message with longer content to test memory usage 785
[INF][SYS]: Memory test message with longer content to test memory usage 786
[INF][SYS]: Memory test message with longer content to test memory usage 787
[INF][SYS]: Memory test message with longer content to test memory usage 788
[INF][SYS]: Memory test message with longer content to test memory usage 789
[INF][SYS]: Memory test message with longer content to test memory usage 790
[INF][SYS]: Memory test message with longer content to test memory usage 791
[INF][SYS]: Memory test message with longer content to test memory usage 792
[INF][SYS]: Memory test message with longer content to test memory usage 793
[INF][SYS]: Memory test message with longer content to test memory usage 794
[INF][SYS]: Memory test message with longer content to test memory usage 795
[INF][SYS]: Memory test message with longer content to test memory usage 796
[INF][SYS]: Memory test message with longer content to test memory usage 797
[INF][SYS]: Memory test message with longer content to test memory usage 798
[INF][SYS]: Memory test message with longer content to test memory usage 799
[INF][SYS]: Memory test message with longer content to test memory usage 800
[INF][SYS]: Memory test message with longer content to test memory usage 801
[INF][SYS]: Memory test message with longer content to test memory usage 802
[INF][SYS]: Memory test message with longer content to test memory usage 803
[INF][SYS]: Memory test message with longer content to test memory usage 804
[INF][SYS]: Memory test message with longer content to test memory usage 805
[INF][SYS]: Memory test message with longer content to test memory usage 806
[INF][SYS]: Memory test message with longer content to test memory usage 807
[INF][SYS]: Memory test message with longer content to test memory usage 808
[INF][SYS]: Memory test message with longer content to test memory usage 809
[INF][SYS]: Memory test message with longer content to test memory usage 810
[INF][SYS]: Memory test message with longer content to test memory usage 811
[INF][SYS]: Memory test message with longer content to test memory usage 812
[INF][SYS]: Memory test message with longer content to test memory usage 813
[INF][SYS]: Memory test message with longer content to test memory usage 814
[INF][SYS]: Memory test message with longer content to test memory usage 815
[INF][SYS]: Memory test message with longer content to test memory usage 816
[INF][SYS]: Memory test message with longer content to test memory usage 817
[INF][SYS]: Memory test message with longer content to test memory usage 818
[INF][SYS]: Memory test message with longer content to test memory usage 819
[INF][SYS]: Memory test message with longer content to test memory usage 820
[INF][SYS]: Memory test message with longer content to test memory usage 821
[INF][SYS]: Memory test message with longer content to test memory usage 822
[INF][SYS]: Memory test message with longer content to test memory usage 823
[INF][SYS]: Memory test message with longer content to test memory usage 824
[INF][SYS]: Memory test message with longer content to test memory usage 825
[INF][SYS]: Memory test message with longer content to test memory usage 826
[INF][SYS]: Memory test message with longer content to test memory usage 827
[INF][SYS]: Memory test message with longer content to test memory usage 828
[INF][SYS]: Memory test message with longer content to test memory usage 829
[INF][SYS]: Memory test message with longer content to test memory usage 830
[INF][SYS]: Memory test message with longer content to test memory usage 831
[INF][SYS]: Memory test message with longer content to test memory usage 832
[INF][SYS]: Memory test message with longer content to test memory usage 833
[INF][SYS]: Memory test message with longer content to test memory usage 834
[INF][SYS]: Memory test message with longer content to test memory usage 835
[INF][SYS]: Memory test message with longer content to test memory usage 836
[INF][SYS]: Memory test message with longer content to test memory usage 837
[INF][SYS]: Memory test message with longer content to test memory usage 838
[INF][SYS]: Memory test message with longer content to test memory usage 839
[INF][SYS]: Memory test message with longer content to test memory usage 840
[INF][SYS]: Memory test message with longer content to test memory usage 841
[INF][SYS]: Memory test message with longer content to test memory usage 842
[INF][SYS]: Memory test message with longer content to test memory usage 843
[INF][SYS]: Memory test message with longer content to test memory usage 844
[INF][SYS]: Memory test message with longer content to test memory usage 845
[INF][SYS]: Memory test message with longer content to test memory usage 846
[INF][SYS]: Memory test message with longer content to test memory usage 847
[INF][SYS]: Memory test message with longer content to test memory usage 848
[INF][SYS]: Memory test message with longer content to test memory usage 849
[INF][SYS]: Memory test message with longer content to test memory usage 850
[INF][SYS]: Memory test message with longer content to test memory usage 851
[INF][SYS]: Memory test message with longer content to test memory usage 852
[INF][SYS]: Memory test message with longer content to test memory usage 853
[INF][SYS]: Memory test message with longer content to test memory usage 854
[INF][SYS]: Memory test message with longer content to test memory usage 855
[INF][SYS]: Memory test message with longer content to test memory usage 856
[INF][SYS]: Memory test message with longer content to test memory usage 857
[INF][SYS]: Memory test message with longer content to test memory usage 858
[INF][SYS]: Memory test message with longer content to test memory usage 859
[INF][SYS]: Memory test message with longer content to test memory usage 860
[INF][SYS]: Memory test message with longer content to test memory usage 861
[INF][SYS]: Memory test message with longer content to test memory usage 862
[INF][SYS]: Memory test message with longer content to test memory usage 863
[INF][SYS]: Memory test message with longer content to test memory usage 864
[INF][SYS]: Memory test message with longer content to test memory usage 865
[INF][SYS]: Memory test message with longer content to test memory usage 866
[INF][SYS]: Memory test message with longer content to test memory usage 867
[INF][SYS]: Memory test message with longer content to test memory usage 868
[INF][SYS]: Memory test message with longer content to test memory usage 869
[INF][SYS]: Memory test message with longer content to test memory usage 870
[INF][SYS]: Memory test message with longer content to test memory usage 871
[INF][SYS]: Memory test message with longer content to test memory usage 872
[INF][SYS]: Memory test message with longer content to test memory usage 873
[INF][SYS]: Memory test message with longer content to test memory usage 874
[INF][SYS]: Memory test message with longer content to test memory usage 875
[INF][SYS]: Memory test message with longer content to test memory usage 876
[INF][SYS]: Memory test message with longer content to test memory usage 877
[INF][SYS]: Memory test message with longer content to test memory usage 878
[INF][SYS]: Memory test message with longer content to test memory usage 879
[INF][SYS]: Memory test message with longer content to test memory usage 880
[INF][SYS]: Memory test message with longer content to test memory usage 881
[INF][SYS]: Memory test message with longer content to test memory usage 882
[INF][SYS]: Memory test message with longer content to test memory usage 883
[INF][SYS]: Memory test message with longer content to test memory usage 884
[INF][SYS]: Memory test message with longer content to test memory usage 885
[INF][SYS]: Memory test message with longer content to test memory usage 886
[INF][SYS]: Memory test message with longer content to test memory usage 887
[INF][SYS]: Memory test message with longer content to test memory usage 888
[INF][SYS]: Memory test message with longer content to test memory usage 889
[INF][SYS]: Memory test message with longer content to test memory usage 890
[INF][SYS]: Memory test message with longer content to test memory usage 891
[INF][SYS]: Memory test message with longer content to test memory usage 892
[INF][SYS]: Memory test message with longer content to test memory usage 893
[INF][SYS]: Memory test message with longer content to test memory usage 894
[INF][SYS]: Memory test message with longer content to test memory usage 895
[INF][SYS]: Memory test message with longer content to test memory usage 896
[INF][SYS]: Memory test message with longer content to test memory usage 897
[INF][SYS]: Memory test message with longer content to test memory usage 898
[INF][SYS]: Memory test message with longer content to test memory usage 899
[INF][SYS]: Memory test message with longer content to test memory usage 900
[INF][SYS]: Memory test message with longer content to test memory usage 901
[INF][SYS]: Memory test message with longer content to test memory usage 902
[INF][SYS]: Memory test message with longer content to test memory usage 903
[INF][SYS]: Memory test message with longer content to test memory usage 904
[INF][SYS]: Memory test message with longer content to test memory usage 905
[INF][SYS]: Memory test message with longer content to test memory usage 906
[INF][SYS]: Memory test message with longer content to test memory usage 907
[INF][SYS]: Memory test message with longer content to test memory usage 908
[INF][SYS]: Memory test message with longer content to test memory usage 909
[INF][SYS]: Memory test message with longer content to test memory usage 910
[INF][SYS]: Memory test message with longer content to test memory usage 911
[INF][SYS]: Memory test message with longer content to test memory usage 912
[INF][SYS]: Memory test message with longer content to test memory usage 913
[INF][SYS]: Memory test message with longer content to test memory usage 914
[INF][SYS]: Memory test message with longer content to test memory usage 915
[INF][SYS]: Memory test message with longer content to test memory usage 916
[INF][SYS]: Memory test message with longer content to test memory usage 917
[INF][SYS]: Memory test message with longer content to test memory usage 918
[INF][SYS]: Memory test message with longer content to test memory usage 919
[INF][SYS]: Memory test message with longer content to test memory usage 920
[INF][SYS]: Memory test message with longer content to test memory usage 921
[INF][SYS]: Memory test message with longer content to test memory usage 922
[INF][SYS]: Memory test message with longer content to test memory usage 923
[INF][SYS]: Memory test message with longer content to test memory usage 924
[INF][SYS]: Memory test message with longer content to test memory usage 925
[INF][SYS]: Memory test message with longer content to test memory usage 926
[INF][SYS]: Memory test message with longer content to test memory usage 927
[INF][SYS]: Memory test message with longer content to test memory usage 928
[INF][SYS]: Memory test message with longer content to test memory usage 929
[INF][SYS]: Memory test message with longer content to test memory usage 930
[INF][SYS]: Memory test message with longer content to test memory usage 931
[INF][SYS]: Memory test message with longer content to test memory usage 932
[INF][SYS]: Memory test message with longer content to test memory usage 933
[INF][SYS]: Memory test message with longer content to test memory usage 934
[INF][SYS]: Memory test message with longer content to test memory usage 935
[INF][SYS]: Memory test message with longer content to test memory usage 936
[INF][SYS]: Memory test message with longer content to test memory usage 937
[INF][SYS]: Memory test message with longer content to test memory usage 938
[INF][SYS]: Memory test message with longer content to test memory usage 939
[INF][SYS]: Memory test message with longer content to test memory usage 940
[INF][SYS]: Memory test message with longer content to test memory usage 941
[INF][SYS]: Memory test message with longer content to test memory usage 942
[INF][SYS]: Memory test message with longer content to test memory usage 943
[INF][SYS]: Memory test message with longer content to test memory usage 944
[INF][SYS]: Memory test message with longer content to test memory usage 945
[INF][SYS]: Memory test message with longer content to test memory usage 946
[INF][SYS]: Memory test message with longer content to test memory usage 947
[INF][SYS]: Memory test message with longer content to test memory usage 948
[INF][SYS]: Memory test message with longer content to test memory usage 949
[INF][SYS]: Memory test message with longer content to test memory usage 950
[INF][SYS]: Memory test message with longer content to test memory usage 951
[INF][SYS]: Memory test message with longer content to test memory usage 952
[INF][SYS]: Memory test message with longer content to test memory usage 953
[INF][SYS]: Memory test message with longer content to test memory usage 954
[INF][SYS]: Memory test message with longer content to test memory usage 955
[INF][SYS]: Memory test message with longer content to test memory usage 956
[INF][SYS]: Memory test message with longer content to test memory usage 957
[INF][SYS]: Memory test message with longer content to test memory usage 958
[INF][SYS]: Memory test message with longer content to test memory usage 959
[INF][SYS]: Memory test message with longer content to test memory usage 960
[INF][SYS]: Memory test message with longer content to test memory usage 961
[INF][SYS]: Memory test message with longer content to test memory usage 962
[INF][SYS]: Memory test message with longer content to test memory usage 963
[INF][SYS]: Memory test message with longer content to test memory usage 964
[INF][SYS]: Memory test message with longer content to test memory usage 965
[INF][SYS]: Memory test message with longer content to test memory usage 966
[INF][SYS]: Memory test message with longer content to test memory usage 967
[INF][SYS]: Memory test message with longer content to test memory usage 968
[INF][SYS]: Memory test message with longer content to test memory usage 969
[INF][SYS]: Memory test message with longer content to test memory usage 970
[INF][SYS]: Memory test message with longer content to test memory usage 971
[INF][SYS]: Memory test message with longer content to test memory usage 972
[INF][SYS]: Memory test message with longer content to test memory usage 973
[INF][SYS]: Memory test message with longer content to test memory usage 974
[INF][SYS]: Memory test message with longer content to test memory usage 975
[INF][SYS]: Memory test message with longer content to test memory usage 976
[INF][SYS]: Memory test message with longer content to test memory usage 977
[INF][SYS]: Memory test message with longer content to test memory usage 978
[INF][SYS]: Memory test message with longer content to test memory usage 979
[INF][SYS]: Memory test message with longer content to test memory usage 980
[INF][SYS]: Memory test message with longer content to test memory usage 981
[INF][SYS]: Memory test message with longer content to test memory usage 982
[INF][SYS]: Memory test message with longer content to test memory usage 983
[INF][SYS]: Memory test message with longer content to test memory usage 984
[INF][SYS]: Memory test message with longer content to test memory usage 985
[INF][SYS]: Memory test message with longer content to test memory usage 986
[INF][SYS]: Memory test message with longer content to test memory usage 987
[INF][SYS]: Memory test message with longer content to test memory usage 988
[INF][SYS]: Memory test message with longer content to test memory usage 989
[INF][SYS]: Memory test message with longer content to test memory usage 990
[INF][SYS]: Memory test message with longer content to test memory usage 991
[INF][SYS]: Memory test message with longer content to test memory usage 992
[INF][SYS]: Memory test message with longer content to test memory usage 993
[INF][SYS]: Memory test message with longer content to test memory usage 994
[INF][SYS]: Memory test message with longer content to test memory usage 995
[INF][SYS]: Memory test message with longer content to test memory usage 996
[INF][SYS]: Memory test message with longer content to test memory usage 997
[INF][SYS]: Memory test message with longer content to test memory usage 998
[INF][SYS]: Memory test message with longer content to test memory usage 999
[INF][SYS]: Memory test message with longer content to test memory usage 1000
[INF][SYS]: Memory test message with longer content to test memory usage 1001
[INF][SYS]: Memory test message with longer content to test memory usage 1002
[INF][SYS]: Memory test message with longer content to test memory usage 1003
[INF][SYS]: Memory test message with longer content to test memory usage 1004
[INF][SYS]: Memory test message with longer content to test memory usage 1005
[INF][SYS]: Memory test message with longer content to test memory usage 1006
[INF][SYS]: Memory test message with longer content to test memory usage 1007
[INF][SYS]: Memory test message with longer content to test memory usage 1008
[INF][SYS]: Memory test message with longer content to test memory usage 1009
[INF][SYS]: Memory test message with longer content to test memory usage 1010
[INF][SYS]: Memory test message with longer content to test memory usage 1011
[INF][SYS]: Memory test message with longer content to test memory usage 1012
[INF][SYS]: Memory test message with longer content to test memory usage 1013
[INF][SYS]: Memory test message with longer content to test memory usage 1014
[INF][SYS]: Memory test message with longer content to test memory usage 1015
[INF][SYS]: Memory test message with longer content to test memory usage 1016
[INF][SYS]: Memory test message with longer content to test memory usage 1017
[INF][SYS]: Memory test message with longer content to test memory usage 1018
[INF][SYS]: Memory test message with longer content to test memory usage 1019
[INF][SYS]: Memory test message with longer content to test memory usage 1020
[INF][SYS]: Memory test message with longer content to test memory usage 1021
[INF][SYS]: Memory test message with longer content to test memory usage 1022
[INF][SYS]: Memory test message with longer content to test memory usage 1023
[INF][SYS]: Memory test message with longer content to test memory usage 1024
[INF][SYS]: Memory test message with longer content to test memory usage 1025
[INF][SYS]: Memory test message with longer content to test memory usage 1026
[INF][SYS]: Memory test message with longer content to test memory usage 1027
[INF][SYS]: Memory test message with longer content to test memory usage 1028
[INF][SYS]: Memory test message with longer content to test memory usage 1029
[INF][SYS]: Memory test message with longer content to test memory usage 1030
[INF][SYS]: Memory test message with longer content to test memory usage 1031
[INF][SYS]: Memory test message with longer content to test memory usage 1032
[INF][SYS]: Memory test message with longer content to test memory usage 1033
[INF][SYS]: Memory test message with longer content to test memory usage 1034
[INF][SYS]: Memory test message with longer content to test memory usage 1035
[INF][SYS]: Memory test message with longer content to test memory usage 1036
[INF][SYS]: Memory test message with longer content to test memory usage 1037
[INF][SYS]: Memory test message with longer content to test memory usage 1038
[INF][SYS]: Memory test message with longer content to test memory usage 1039
[INF][SYS]: Memory test message with longer content to test memory usage 1040
[INF][SYS]: Memory test message with longer content to test memory usage 1041
[INF][SYS]: Memory test message with longer content to test memory usage 1042
[INF][SYS]: Memory test message with longer content to test memory usage 1043
[INF][SYS]: Memory test message with longer content to test memory usage 1044
[INF][SYS]: Memory test message with longer content to test memory usage 1045
[INF][SYS]: Memory test message with longer content to test memory usage 1046
[INF][SYS]: Memory test message with longer content to test memory usage 1047
[INF][SYS]: Memory test message with longer content to test memory usage 1048
[INF][SYS]: Memory test message with longer content to test memory usage 1049
[INF][SYS]: Memory test message with longer content to test memory usage 1050
[INF][SYS]: Memory test message with longer content to test memory usage 1051
[INF][SYS]: Memory test message with longer content to test memory usage 1052
[INF][SYS]: Memory test message with longer content to test memory usage 1053
[INF][SYS]: Memory test message with longer content to test memory usage 1054
[INF][SYS]: Memory test message with longer content to test memory usage 1055
[INF][SYS]: Memory test message with longer content to test memory usage 1056
[INF][SYS]: Memory test message with longer content to test memory usage 1057
[INF][SYS]: Memory test message with longer content to test memory usage 1058
[INF][SYS]: Memory test message with longer content to test memory usage 1059
[INF][SYS]: Memory test message with longer content to test memory usage 1060
[INF][SYS]: Memory test message with longer content to test memory usage 1061
[INF][SYS]: Memory test message with longer content to test memory usage 1062
[INF][SYS]: Memory test message with longer content to test memory usage 1063
[INF][SYS]: Memory test message with longer content to test memory usage 1064
[INF][SYS]: Memory test message with longer content to test memory usage 1065
[INF][SYS]: Memory test message with longer content to test memory usage 1066
[INF][SYS]: Memory test message with longer content to test memory usage 1067
[INF][SYS]: Memory test message with longer content to test memory usage 1068
[INF][SYS]: Memory test message with longer content to test memory usage 1069
[INF][SYS]: Memory test message with longer content to test memory usage 1070
[INF][SYS]: Memory test message with longer content to test memory usage 1071
[INF][SYS]: Memory test message with longer content to test memory usage 1072
[INF][SYS]: Memory test message with longer content to test memory usage 1073
[INF][SYS]: Memory test message with longer content to test memory usage 1074
[INF][SYS]: Memory test message with longer content to test memory usage 1075
[INF][SYS]: Memory test message with longer content to test memory usage 1076
[INF][SYS]: Memory test message with longer content to test memory usage 1077
[INF][SYS]: Memory test message with longer content to test memory usage 1078
[INF][SYS]: Memory test message with longer content to test memory usage 1079
[INF][SYS]: Memory test message with longer content to test memory usage 1080
[INF][SYS]: Memory test message with longer content to test memory usage 1081
[INF][SYS]: Memory test message with longer content to test memory usage 1082
[INF][SYS]: Memory test message with longer content to test memory usage 1083
[INF][SYS]: Memory test message with longer content to test memory usage 1084
[INF][SYS]: Memory test message with longer content to test memory usage 1085
[INF][SYS]: Memory test message with longer content to test memory usage 1086
[INF][SYS]: Memory test message with longer content to test memory usage 1087
[INF][SYS]: Memory test message with longer content to test memory usage 1088
[INF][SYS]: Memory test message with longer content to test memory usage 1089
[INF][SYS]: Memory test message with longer content to test memory usage 1090
[INF][SYS]: Memory test message with longer content to test memory usage 1091
[INF][SYS]: Memory test message with longer content to test memory usage 1092
[INF][SYS]: Memory test message with longer content to test memory usage 1093
[INF][SYS]: Memory test message with longer content to test memory usage 1094
[INF][SYS]: Memory test message with longer content to test memory usage 1095
[INF][SYS]: Memory test message with longer content to test memory usage 1096
[INF][SYS]: Memory test message with longer content to test memory usage 1097
[INF][SYS]: Memory test message with longer content to test memory usage 1098
[INF][SYS]: Memory test message with longer content to test memory usage 1099
[INF][SYS]: Memory test message with longer content to test memory usage 1100
[INF][SYS]: Memory test message with longer content to test memory usage 1101
[INF][SYS]: Memory test message with longer content to test memory usage 1102
[INF][SYS]: Memory test message with longer content to test memory usage 1103
[INF][SYS]: Memory test message with longer content to test memory usage 1104
[INF][SYS]: Memory test message with longer content to test memory usage 1105
[INF][SYS]: Memory test message with longer content to test memory usage 1106
[INF][SYS]: Memory test message with longer content to test memory usage 1107
[INF][SYS]: Memory test message with longer content to test memory usage 1108
[INF][SYS]: Memory test message with longer content to test memory usage 1109
[INF][SYS]: Memory test message with longer content to test memory usage 1110
[INF][SYS]: Memory test message with longer content to test memory usage 1111
[INF][SYS]: Memory test message with longer content to test memory usage 1112
[INF][SYS]: Memory test message with longer content to test memory usage 1113
[INF][SYS]: Memory test message with longer content to test memory usage 1114
[INF][SYS]: Memory test message with longer content to test memory usage 1115
[INF][SYS]: Memory test message with longer content to test memory usage 1116
[INF][SYS]: Memory test message with longer content to test memory usage 1117
[INF][SYS]: Memory test message with longer content to test memory usage 1118
[INF][SYS]: Memory test message with longer content to test memory usage 1119
[INF][SYS]: Memory test message with longer content to test memory usage 1120
[INF][SYS]: Memory test message with longer content to test memory usage 1121
[INF][SYS]: Memory test message with longer content to test memory usage 1122
[INF][SYS]: Memory test message with longer content to test memory usage 1123
[INF][SYS]: Memory test message with longer content to test memory usage 1124
[INF][SYS]: Memory test message with longer content to test memory usage 1125
[INF][SYS]: Memory test message with longer content to test memory usage 1126
[INF][SYS]: Memory test message with longer content to test memory usage 1127
[INF][SYS]: Memory test message with longer content to test memory usage 1128
[INF][SYS]: Memory test message with longer content to test memory usage 1129
[INF][SYS]: Memory test message with longer content to test memory usage 1130
[INF][SYS]: Memory test message with longer content to test memory usage 1131
[INF][SYS]: Memory test message with longer content to test memory usage 1132
[INF][SYS]: Memory test message with longer content to test memory usage 1133
[INF][SYS]: Memory test message with longer content to test memory usage 1134
[INF][SYS]: Memory test message with longer content to test memory usage 1135
[INF][SYS]: Memory test message with longer content to test memory usage 1136
[INF][SYS]: Memory test message with longer content to test memory usage 1137
[INF][SYS]: Memory test message with longer content to test memory usage 1138
[INF][SYS]: Memory test message with longer content to test memory usage 1139
[INF][SYS]: Memory test message with longer content to test memory usage 1140
[INF][SYS]: Memory test message with longer content to test memory usage 1141
[INF][SYS]: Memory test message with longer content to test memory usage 1142
[INF][SYS]: Memory test message with longer content to test memory usage 1143
[INF][SYS]: Memory test message with longer content to test memory usage 1144
[INF][SYS]: Memory test message with longer content to test memory usage 1145
[INF][SYS]: Memory test message with longer content to test memory usage 1146
[INF][SYS]: Memory test message with longer content to test memory usage 1147
[INF][SYS]: Memory test message with longer content to test memory usage 1148
[INF][SYS]: Memory test message with longer content to test memory usage 1149
[INF][SYS]: Memory test message with longer content to test memory usage 1150
[INF][SYS]: Memory test message with longer content to test memory usage 1151
[INF][SYS]: Memory test message with longer content to test memory usage 1152
[INF][SYS]: Memory test message with longer content to test memory usage 1153
[INF][SYS]: Memory test message with longer content to test memory usage 1154
[INF][SYS]: Memory test message with longer content to test memory usage 1155
[INF][SYS]: Memory test message with longer content to test memory usage 1156
[INF][SYS]: Memory test message with longer content to test memory usage 1157
[INF][SYS]: Memory test message with longer content to test memory usage 1158
[INF][SYS]: Memory test message with longer content to test memory usage 1159
[INF][SYS]: Memory test message with longer content to test memory usage 1160
[INF][SYS]: Memory test message with longer content to test memory usage 1161
[INF][SYS]: Memory test message with longer content to test memory usage 1162
[INF][SYS]: Memory test message with longer content to test memory usage 1163
[INF][SYS]: Memory test message with longer content to test memory usage 1164
[INF][SYS]: Memory test message with longer content to test memory usage 1165
[INF][SYS]: Memory test message with longer content to test memory usage 1166
[INF][SYS]: Memory test message with longer content to test memory usage 1167
[INF][SYS]: Memory test message with longer content to test memory usage 1168
[INF][SYS]: Memory test message with longer content to test memory usage 1169
[INF][SYS]: Memory test message with longer content to test memory usage 1170
[INF][SYS]: Memory test message with longer content to test memory usage 1171
[INF][SYS]: Memory test message with longer content to test memory usage 1172
[INF][SYS]: Memory test message with longer content to test memory usage 1173
[INF][SYS]: Memory test message with longer content to test memory usage 1174
[INF][SYS]: Memory test message with longer content to test memory usage 1175
[INF][SYS]: Memory test message with longer content to test memory usage 1176
[INF][SYS]: Memory test message with longer content to test memory usage 1177
[INF][SYS]: Memory test message with longer content to test memory usage 1178
[INF][SYS]: Memory test message with longer content to test memory usage 1179
[INF][SYS]: Memory test message with longer content to test memory usage 1180
[INF][SYS]: Memory test message with longer content to test memory usage 1181
[INF][SYS]: Memory test message with longer content to test memory usage 1182
[INF][SYS]: Memory test message with longer content to test memory usage 1183
[INF][SYS]: Memory test message with longer content to test memory usage 1184
[INF][SYS]: Memory test message with longer content to test memory usage 1185
[INF][SYS]: Memory test message with longer content to test memory usage 1186
[INF][SYS]: Memory test message with longer content to test memory usage 1187
[INF][SYS]: Memory test message with longer content to test memory usage 1188
[INF][SYS]: Memory test message with longer content to test memory usage 1189
[INF][SYS]: Memory test message with longer content to test memory usage 1190
[INF][SYS]: Memory test message with longer content to test memory usage 1191
[INF][SYS]: Memory test message with longer content to test memory usage 1192
[INF][SYS]: Memory test message with longer content to test memory usage 1193
[INF][SYS]: Memory test message with longer content to test memory usage 1194
[INF][SYS]: Memory test message with longer content to test memory usage 1195
[INF][SYS]: Memory test message with longer content to test memory usage 1196
[INF][SYS]: Memory test message with longer content to test memory usage 1197
[INF][SYS]: Memory test message with longer content to test memory usage 1198
[INF][SYS]: Memory test message with longer content to test memory usage 1199
[INF][SYS]: Memory test message with longer content to test memory usage 1200
[INF][SYS]: Memory test message with longer content to test memory usage 1201
[INF][SYS]: Memory test message with longer content to test memory usage 1202
[INF][SYS]: Memory test message with longer content to test memory usage 1203
[INF][SYS]: Memory test message with longer content to test memory usage 1204
[INF][SYS]: Memory test message with longer content to test memory usage 1205
[INF][SYS]: Memory test message with longer content to test memory usage 1206
[INF][SYS]: Memory test message with longer content to test memory usage 1207
[INF][SYS]: Memory test message with longer content to test memory usage 1208
[INF][SYS]: Memory test message with longer content to test memory usage 1209
[INF][SYS]: Memory test message with longer content to test memory usage 1210
[INF][SYS]: Memory test message with longer content to test memory usage 1211
[INF][SYS]: Memory test message with longer content to test memory usage 1212
[INF][SYS]: Memory test message with longer content to test memory usage 1213
[INF][SYS]: Memory test message with longer content to test memory usage 1214
[INF][SYS]: Memory test message with longer content to test memory usage 1215
[INF][SYS]: Memory test message with longer content to test memory usage 1216
[INF][SYS]: Memory test message with longer content to test memory usage 1217
[INF][SYS]: Memory test message with longer content to test memory usage 1218
[INF][SYS]: Memory test message with longer content to test memory usage 1219
[INF][SYS]: Memory test message with longer content to test memory usage 1220
[INF][SYS]: Memory test message with longer content to test memory usage 1221
[INF][SYS]: Memory test message with longer content to test memory usage 1222
[INF][SYS]: Memory test message with longer content to test memory usage 1223
[INF][SYS]: Memory test message with longer content to test memory usage 1224
[INF][SYS]: Memory test message with longer content to test memory usage 1225
[INF][SYS]: Memory test message with longer content to test memory usage 1226
[INF][SYS]: Memory test message with longer content to test memory usage 1227
[INF][SYS]: Memory test message with longer content to test memory usage 1228
[INF][SYS]: Memory test message with longer content to test memory usage 1229
[INF][SYS]: Memory test message with longer content to test memory usage 1230
[INF][SYS]: Memory test message with longer content to test memory usage 1231
[INF][SYS]: Memory test message with longer content to test memory usage 1232
[INF][SYS]: Memory test message with longer content to test memory usage 1233
[INF][SYS]: Memory test message with longer content to test memory usage 1234
[INF][SYS]: Memory test message with longer content to test memory usage 1235
[INF][SYS]: Memory test message with longer content to test memory usage 1236
[INF][SYS]: Memory test message with longer content to test memory usage 1237
[INF][SYS]: Memory test message with longer content to test memory usage 1238
[INF][SYS]: Memory test message with longer content to test memory usage 1239
[INF][SYS]: Memory test message with longer content to test memory usage 1240
[INF][SYS]: Memory test message with longer content to test memory usage 1241
[INF][SYS]: Memory test message with longer content to test memory usage 1242
[INF][SYS]: Memory test message with longer content to test memory usage 1243
[INF][SYS]: Memory test message with longer content to test memory usage 1244
[INF][SYS]: Memory test message with longer content to test memory usage 1245
[INF][SYS]: Memory test message with longer content to test memory usage 1246
[INF][SYS]: Memory test message with longer content to test memory usage 1247
[INF][SYS]: Memory test message with longer content to test memory usage 1248
[INF][SYS]: Memory test message with longer content to test memory usage 1249
[INF][SYS]: Memory test message with longer content to test memory usage 1250
[INF][SYS]: Memory test message with longer content to test memory usage 1251
[INF][SYS]: Memory test message with longer content to test memory usage 1252
[INF][SYS]: Memory test message with longer content to test memory usage 1253
[INF][SYS]: Memory test message with longer content to test memory usage 1254
[INF][SYS]: Memory test message with longer content to test memory usage 1255
[INF][SYS]: Memory test message with longer content to test memory usage 1256
[INF][SYS]: Memory test message with longer content to test memory usage 1257
[INF][SYS]: Memory test message with longer content to test memory usage 1258
[INF][SYS]: Memory test message with longer content to test memory usage 1259
[INF][SYS]: Memory test message with longer content to test memory usage 1260
[INF][SYS]: Memory test message with longer content to test memory usage 1261
[INF][SYS]: Memory test message with longer content to test memory usage 1262
[INF][SYS]: Memory test message with longer content to test memory usage 1263
[INF][SYS]: Memory test message with longer content to test memory usage 1264
[INF][SYS]: Memory test message with longer content to test memory usage 1265
[INF][SYS]: Memory test message with longer content to test memory usage 1266
[INF][SYS]: Memory test message with longer content to test memory usage 1267
[INF][SYS]: Memory test message with longer content to test memory usage 1268
[INF][SYS]: Memory test message with longer content to test memory usage 1269
[INF][SYS]: Memory test message with longer content to test memory usage 1270
[INF][SYS]: Memory test message with longer content to test memory usage 1271
[INF][SYS]: Memory test message with longer content to test memory usage 1272
[INF][SYS]: Memory test message with longer content to test memory usage 1273
[INF][SYS]: Memory test message with longer content to test memory usage 1274
[INF][SYS]: Memory test message with longer content to test memory usage 1275
[INF][SYS]: Memory test message with longer content to test memory usage 1276
[INF][SYS]: Memory test message with longer content to test memory usage 1277
[INF][SYS]: Memory test message with longer content to test memory usage 1278
[INF][SYS]: Memory test message with longer content to test memory usage 1279
[INF][SYS]: Memory test message with longer content to test memory usage 1280
[INF][SYS]: Memory test message with longer content to test memory usage 1281
[INF][SYS]: Memory test message with longer content to test memory usage 1282
[INF][SYS]: Memory test message with longer content to test memory usage 1283
[INF][SYS]: Memory test message with longer content to test memory usage 1284
[INF][SYS]: Memory test message with longer content to test memory usage 1285
[INF][SYS]: Memory test message with longer content to test memory usage 1286
[INF][SYS]: Memory test message with longer content to test memory usage 1287
[INF][SYS]: Memory test message with longer content to test memory usage 1288
[INF][SYS]: Memory test message with longer content to test memory usage 1289
[INF][SYS]: Memory test message with longer content to test memory usage 1290
[INF][SYS]: Memory test message with longer content to test memory usage 1291
[INF][SYS]: Memory test message with longer content to test memory usage 1292
[INF][SYS]: Memory test message with longer content to test memory usage 1293
[INF][SYS]: Memory test message with longer content to test memory usage 1294
[INF][SYS]: Memory test message with longer content to test memory usage 1295
[INF][SYS]: Memory test message with longer content to test memory usage 1296
[INF][SYS]: Memory test message with longer content to test memory usage 1297
[INF][SYS]: Memory test message with longer content to test memory usage 1298
[INF][SYS]: Memory test message with longer content to test memory usage 1299
[INF][SYS]: Memory test message with longer content to test memory usage 1300
[INF][SYS]: Memory test message with longer content to test memory usage 1301
[INF][SYS]: Memory test message with longer content to test memory usage 1302
[INF][SYS]: Memory test message with longer content to test memory usage 1303
[INF][SYS]: Memory test message with longer content to test memory usage 1304
[INF][SYS]: Memory test message with longer content to test memory usage 1305
[INF][SYS]: Memory test message with longer content to test memory usage 1306
[INF][SYS]: Memory test message with longer content to test memory usage 1307
[INF][SYS]: Memory test message with longer content to test memory usage 1308
[INF][SYS]: Memory test message with longer content to test memory usage 1309
[INF][SYS]: Memory test message with longer content to test memory usage 1310
[INF][SYS]: Memory test message with longer content to test memory usage 1311
[INF][SYS]: Memory test message with longer content to test memory usage 1312
[INF][SYS]: Memory test message with longer content to test memory usage 1313
[INF][SYS]: Memory test message with longer content to test memory usage 1314
[INF][SYS]: Memory test message with longer content to test memory usage 1315
[INF][SYS]: Memory test message with longer content to test memory usage 1316
[INF][SYS]: Memory test message with longer content to test memory usage 1317
[INF][SYS]: Memory test message with longer content to test memory usage 1318
[INF][SYS]: Memory test message with longer content to test memory usage 1319
[INF][SYS]: Memory test message with longer content to test memory usage 1320
[INF][SYS]: Memory test message with longer content to test memory usage 1321
[INF][SYS]: Memory test message with longer content to test memory usage 1322
[INF][SYS]: Memory test message with longer content to test memory usage 1323
[INF][SYS]: Memory test message with longer content to test memory usage 1324
[INF][SYS]: Memory test message with longer content to test memory usage 1325
[INF][SYS]: Memory test message with longer content to test memory usage 1326
[INF][SYS]: Memory test message with longer content to test memory usage 1327
[INF][SYS]: Memory test message with longer content to test memory usage 1328
[INF][SYS]: Memory test message with longer content to test memory usage 1329
[INF][SYS]: Memory test message with longer content to test memory usage 1330
[INF][SYS]: Memory test message with longer content to test memory usage 1331
[INF][SYS]: Memory test message with longer content to test memory usage 1332
[INF][SYS]: Memory test message with longer content to test memory usage 1333
[INF][SYS]: Memory test message with longer content to test memory usage 1334
[INF][SYS]: Memory test message with longer content to test memory usage 1335
[INF][SYS]: Memory test message with longer content to test memory usage 1336
[INF][SYS]: Memory test message with longer content to test memory usage 1337
[INF][SYS]: Memory test message with longer content to test memory usage 1338
[INF][SYS]: Memory test message with longer content to test memory usage 1339
[INF][SYS]: Memory test message with longer content to test memory usage 1340
[INF][SYS]: Memory test message with longer content to test memory usage 1341
[INF][SYS]: Memory test message with longer content to test memory usage 1342
[INF][SYS]: Memory test message with longer content to test memory usage 1343
[INF][SYS]: Memory test message with longer content to test memory usage 1344
[INF][SYS]: Memory test message with longer content to test memory usage 1345
[INF][SYS]: Memory test message with longer content to test memory usage 1346
[INF][SYS]: Memory test message with longer content to test memory usage 1347
[INF][SYS]: Memory test message with longer content to test memory usage 1348
[INF][SYS]: Memory test message with longer content to test memory usage 1349
[INF][SYS]: Memory test message with longer content to test memory usage 1350
[INF][SYS]: Memory test message with longer content to test memory usage 1351
[INF][SYS]: Memory test message with longer content to test memory usage 1352
[INF][SYS]: Memory test message with longer content to test memory usage 1353
[INF][SYS]: Memory test message with longer content to test memory usage 1354
[INF][SYS]: Memory test message with longer content to test memory usage 1355
[INF][SYS]: Memory test message with longer content to test memory usage 1356
[INF][SYS]: Memory test message with longer content to test memory usage 1357
[INF][SYS]: Memory test message with longer content to test memory usage 1358
[INF][SYS]: Memory test message with longer content to test memory usage 1359
[INF][SYS]: Memory test message with longer content to test memory usage 1360
[INF][SYS]: Memory test message with longer content to test memory usage 1361
[INF][SYS]: Memory test message with longer content to test memory usage 1362
[INF][SYS]: Memory test message with longer content to test memory usage 1363
[INF][SYS]: Memory test message with longer content to test memory usage 1364
[INF][SYS]: Memory test message with longer content to test memory usage 1365
[INF][SYS]: Memory test message with longer content to test memory usage 1366
[INF][SYS]: Memory test message with longer content to test memory usage 1367
[INF][SYS]: Memory test message with longer content to test memory usage 1368
[INF][SYS]: Memory test message with longer content to test memory usage 1369
[INF][SYS]: Memory test message with longer content to test memory usage 1370
[INF][SYS]: Memory test message with longer content to test memory usage 1371
[INF][SYS]: Memory test message with longer content to test memory usage 1372
[INF][SYS]: Memory test message with longer content to test memory usage 1373
[INF][SYS]: Memory test message with longer content to test memory usage 1374
[INF][SYS]: Memory test message with longer content to test memory usage 1375
[INF][SYS]: Memory test message with longer content to test memory usage 1376
[INF][SYS]: Memory test message with longer content to test memory usage 1377
[INF][SYS]: Memory test message with longer content to test memory usage 1378
[INF][SYS]: Memory test message with longer content to test memory usage 1379
[INF][SYS]: Memory test message with longer content to test memory usage 1380
[INF][SYS]: Memory test message with longer content to test memory usage 1381
[INF][SYS]: Memory test message with longer content to test memory usage 1382
[INF][SYS]: Memory test message with longer content to test memory usage 1383
[INF][SYS]: Memory test message with longer content to test memory usage 1384
[INF][SYS]: Memory test message with longer content to test memory usage 1385
[INF][SYS]: Memory test message with longer content to test memory usage 1386
[INF][SYS]: Memory test message with longer content to test memory usage 1387
[INF][SYS]: Memory test message with longer content to test memory usage 1388
[INF][SYS]: Memory test message with longer content to test memory usage 1389
[INF][SYS]: Memory test message with longer content to test memory usage 1390
[INF][SYS]: Memory test message with longer content to test memory usage 1391
[INF][SYS]: Memory test message with longer content to test memory usage 1392
[INF][SYS]: Memory test message with longer content to test memory usage 1393
[INF][SYS]: Memory test message with longer content to test memory usage 1394
[INF][SYS]: Memory test message with longer content to test memory usage 1395
[INF][SYS]: Memory test message with longer content to test memory usage 1396
[INF][SYS]: Memory test message with longer content to test memory usage 1397
[INF][SYS]: Memory test message with longer content to test memory usage 1398
[INF][SYS]: Memory test message with longer content to test memory usage 1399
[INF][SYS]: Memory test message with longer content to test memory usage 1400
[INF][SYS]: Memory test message with longer content to test memory usage 1401
[INF][SYS]: Memory test message with longer content to test memory usage 1402
[INF][SYS]: Memory test message with longer content to test memory usage 1403
[INF][SYS]: Memory test message with longer content to test memory usage 1404
[INF][SYS]: Memory test message with longer content to test memory usage 1405
[INF][SYS]: Memory test message with longer content to test memory usage 1406
[INF][SYS]: Memory test message with longer content to test memory usage 1407
[INF][SYS]: Memory test message with longer content to test memory usage 1408
[INF][SYS]: Memory test message with longer content to test memory usage 1409
[INF][SYS]: Memory test message with longer content to test memory usage 1410
[INF][SYS]: Memory test message with longer content to test memory usage 1411
[INF][SYS]: Memory test message with longer content to test memory usage 1412
[INF][SYS]: Memory test message with longer content to test memory usage 1413
[INF][SYS]: Memory test message with longer content to test memory usage 1414
[INF][SYS]: Memory test message with longer content to test memory usage 1415
[INF][SYS]: Memory test message with longer content to test memory usage 1416
[INF][SYS]: Memory test message with longer content to test memory usage 1417
[INF][SYS]: Memory test message with longer content to test memory usage 1418
[INF][SYS]: Memory test message with longer content to test memory usage 1419
[INF][SYS]: Memory test message with longer content to test memory usage 1420
[INF][SYS]: Memory test message with longer content to test memory usage 1421
[INF][SYS]: Memory test message with longer content to test memory usage 1422
[INF][SYS]: Memory test message with longer content to test memory usage 1423
[INF][SYS]: Memory test message with longer content to test memory usage 1424
[INF][SYS]: Memory test message with longer content to test memory usage 1425
[INF][SYS]: Memory test message with longer content to test memory usage 1426
[INF][SYS]: Memory test message with longer content to test memory usage 1427
[INF][SYS]: Memory test message with longer content to test memory usage 1428
[INF][SYS]: Memory test message with longer content to test memory usage 1429
[INF][SYS]: Memory test message with longer content to test memory usage 1430
[INF][SYS]: Memory test message with longer content to test memory usage 1431
[INF][SYS]: Memory test message with longer content to test memory usage 1432
[INF][SYS]: Memory test message with longer content to test memory usage 1433
[INF][SYS]: Memory test message with longer content to test memory usage 1434
[INF][SYS]: Memory test message with longer content to test memory usage 1435
[INF][SYS]: Memory test message with longer content to test memory usage 1436
[INF][SYS]: Memory test message with longer content to test memory usage 1437
[INF][SYS]: Memory test message with longer content to test memory usage 1438
[INF][SYS]: Memory test message with longer content to test memory usage 1439
[INF][SYS]: Memory test message with longer content to test memory usage 1440
[INF][SYS]: Memory test message with longer content to test memory usage 1441
[INF][SYS]: Memory test message with longer content to test memory usage 1442
[INF][SYS]: Memory test message with longer content to test memory usage 1443
[INF][SYS]: Memory test message with longer content to test memory usage 1444
[INF][SYS]: Memory test message with longer content to test memory usage 1445
[INF][SYS]: Memory test message with longer content to test memory usage 1446
[INF][SYS]: Memory test message with longer content to test memory usage 1447
[INF][SYS]: Memory test message with longer content to test memory usage 1448
[INF][SYS]: Memory test message with longer content to test memory usage 1449
[INF][SYS]: Memory test message with longer content to test memory usage 1450
[INF][SYS]: Memory test message with longer content to test memory usage 1451
[INF][SYS]: Memory test message with longer content to test memory usage 1452
[INF][SYS]: Memory test message with longer content to test memory usage 1453
[INF][SYS]: Memory test message with longer content to test memory usage 1454
[INF][SYS]: Memory test message with longer content to test memory usage 1455
[INF][SYS]: Memory test message with longer content to test memory usage 1456
[INF][SYS]: Memory test message with longer content to test memory usage 1457
[INF][SYS]: Memory test message with longer content to test memory usage 1458
[INF][SYS]: Memory test message with longer content to test memory usage 1459
[INF][SYS]: Memory test message with longer content to test memory usage 1460
[INF][SYS]: Memory test message with longer content to test memory usage 1461
[INF][SYS]: Memory test message with longer content to test memory usage 1462
[INF][SYS]: Memory test message with longer content to test memory usage 1463
[INF][SYS]: Memory test message with longer content to test memory usage 1464
[INF][SYS]: Memory test message with longer content to test memory usage 1465
[INF][SYS]: Memory test message with longer content to test memory usage 1466
[INF][SYS]: Memory test message with longer content to test memory usage 1467
[INF][SYS]: Memory test message with longer content to test memory usage 1468
[INF][SYS]: Memory test message with longer content to test memory usage 1469
[INF][SYS]: Memory test message with longer content to test memory usage 1470
[INF][SYS]: Memory test message with longer content to test memory usage 1471
[INF][SYS]: Memory test message with longer content to test memory usage 1472
[INF][SYS]: Memory test message with longer content to test memory usage 1473
[INF][SYS]: Memory test message with longer content to test memory usage 1474
[INF][SYS]: Memory test message with longer content to test memory usage 1475
[INF][SYS]: Memory test message with longer content to test memory usage 1476
[INF][SYS]: Memory test message with longer content to test memory usage 1477
[INF][SYS]: Memory test message with longer content to test memory usage 1478
[INF][SYS]: Memory test message with longer content to test memory usage 1479
[INF][SYS]: Memory test message with longer content to test memory usage 1480
[INF][SYS]: Memory test message with longer content to test memory usage 1481
[INF][SYS]: Memory test message with longer content to test memory usage 1482
[INF][SYS]: Memory test message with longer content to test memory usage 1483
[INF][SYS]: Memory test message with longer content to test memory usage 1484
[INF][SYS]: Memory test message with longer content to test memory usage 1485
[INF][SYS]: Memory test message with longer content to test memory usage 1486
[INF][SYS]: Memory test message with longer content to test memory usage 1487
[INF][SYS]: Memory test message with longer content to test memory usage 1488
[INF][SYS]: Memory test message with longer content to test memory usage 1489
[INF][SYS]: Memory test message with longer content to test memory usage 1490
[INF][SYS]: Memory test message with longer content to test memory usage 1491
[INF][SYS]: Memory test message with longer content to test memory usage 1492
[INF][SYS]: Memory test message with longer content to test memory usage 1493
[INF][SYS]: Memory test message with longer content to test memory usage 1494
[INF][SYS]: Memory test message with longer content to test memory usage 1495
[INF][SYS]: Memory test message with longer content to test memory usage 1496
[INF][SYS]: Memory test message with longer content to test memory usage 1497
[INF][SYS]: Memory test message with longer content to test memory usage 1498
[INF][SYS]: Memory test message with longer content to test memory usage 1499
[INF][SYS]: Memory test message with longer content to test memory usage 1500
[INF][SYS]: Memory test message with longer content to test memory usage 1501
[INF][SYS]: Memory test message with longer content to test memory usage 1502
[INF][SYS]: Memory test message with longer content to test memory usage 1503
[INF][SYS]: Memory test message with longer content to test memory usage 1504
[INF][SYS]: Memory test message with longer content to test memory usage 1505
[INF][SYS]: Memory test message with longer content to test memory usage 1506
[INF][SYS]: Memory test message with longer content to test memory usage 1507
[INF][SYS]: Memory test message with longer content to test memory usage 1508
[INF][SYS]: Memory test message with longer content to test memory usage 1509
[INF][SYS]: Memory test message with longer content to test memory usage 1510
[INF][SYS]: Memory test message with longer content to test memory usage 1511
[INF][SYS]: Memory test message with longer content to test memory usage 1512
[INF][SYS]: Memory test message with longer content to test memory usage 1513
[INF][SYS]: Memory test message with longer content to test memory usage 1514
[INF][SYS]: Memory test message with longer content to test memory usage 1515
[INF][SYS]: Memory test message with longer content to test memory usage 1516
[INF][SYS]: Memory test message with longer content to test memory usage 1517
[INF][SYS]: Memory test message with longer content to test memory usage 1518
[INF][SYS]: Memory test message with longer content to test memory usage 1519
[INF][SYS]: Memory test message with longer content to test memory usage 1520
[INF][SYS]: Memory test message with longer content to test memory usage 1521
[INF][SYS]: Memory test message with longer content to test memory usage 1522
[INF][SYS]: Memory test message with longer content to test memory usage 1523
[INF][SYS]: Memory test message with longer content to test memory usage 1524
[INF][SYS]: Memory test message with longer content to test memory usage 1525
[INF][SYS]: Memory test message with longer content to test memory usage 1526
[INF][SYS]: Memory test message with longer content to test memory usage 1527
[INF][SYS]: Memory test message with longer content to test memory usage 1528
[INF][SYS]: Memory test message with longer content to test memory usage 1529
[INF][SYS]: Memory test message with longer content to test memory usage 1530
[INF][SYS]: Memory test message with longer content to test memory usage 1531
[INF][SYS]: Memory test message with longer content to test memory usage 1532
[INF][SYS]: Memory test message with longer content to test memory usage 1533
[INF][SYS]: Memory test message with longer content to test memory usage 1534
[INF][SYS]: Memory test message with longer content to test memory usage 1535
[INF][SYS]: Memory test message with longer content to test memory usage 1536
[INF][SYS]: Memory test message with longer content to test memory usage 1537
[INF][SYS]: Memory test message with longer content to test memory usage 1538
[INF][SYS]: Memory test message with longer content to test memory usage 1539
[INF][SYS]: Memory test message with longer content to test memory usage 1540
[INF][SYS]: Memory test message with longer content to test memory usage 1541
[INF][SYS]: Memory test message with longer content to test memory usage 1542
[INF][SYS]: Memory test message with longer content to test memory usage 1543
[INF][SYS]: Memory test message with longer content to test memory usage 1544
[INF][SYS]: Memory test message with longer content to test memory usage 1545
[INF][SYS]: Memory test message with longer content to test memory usage 1546
[INF][SYS]: Memory test message with longer content to test memory usage 1547
[INF][SYS]: Memory test message with longer content to test memory usage 1548
[INF][SYS]: Memory test message with longer content to test memory usage 1549
[INF][SYS]: Memory test message with longer content to test memory usage 1550
[INF][SYS]: Memory test message with longer content to test memory usage 1551
[INF][SYS]: Memory test message with longer content to test memory usage 1552
[INF][SYS]: Memory test message with longer content to test memory usage 1553
[INF][SYS]: Memory test message with longer content to test memory usage 1554
[INF][SYS]: Memory test message with longer content to test memory usage 1555
[INF][SYS]: Memory test message with longer content to test memory usage 1556
[INF][SYS]: Memory test message with longer content to test memory usage 1557
[INF][SYS]: Memory test message with longer content to test memory usage 1558
[INF][SYS]: Memory test message with longer content to test memory usage 1559
[INF][SYS]: Memory test message with longer content to test memory usage 1560
[INF][SYS]: Memory test message with longer content to test memory usage 1561
[INF][SYS]: Memory test message with longer content to test memory usage 1562
[INF][SYS]: Memory test message with longer content to test memory usage 1563
[INF][SYS]: Memory test message with longer content to test memory usage 1564
[INF][SYS]: Memory test message with longer content to test memory usage 1565
[INF][SYS]: Memory test message with longer content to test memory usage 1566
[INF][SYS]: Memory test message with longer content to test memory usage 1567
[INF][SYS]: Memory test message with longer content to test memory usage 1568
[INF][SYS]: Memory test message with longer content to test memory usage 1569
[INF][SYS]: Memory test message with longer content to test memory usage 1570
[INF][SYS]: Memory test message with longer content to test memory usage 1571
[INF][SYS]: Memory test message with longer content to test memory usage 1572
[INF][SYS]: Memory test message with longer content to test memory usage 1573
[INF][SYS]: Memory test message with longer content to test memory usage 1574
[INF][SYS]: Memory test message with longer content to test memory usage 1575
[INF][SYS]: Memory test message with longer content to test memory usage 1576
[INF][SYS]: Memory test message with longer content to test memory usage 1577
[INF][SYS]: Memory test message with longer content to test memory usage 1578
[INF][SYS]: Memory test message with longer content to test memory usage 1579
[INF][SYS]: Memory test message with longer content to test memory usage 1580
[INF][SYS]: Memory test message with longer content to test memory usage 1581
[INF][SYS]: Memory test message with longer content to test memory usage 1582
[INF][SYS]: Memory test message with longer content to test memory usage 1583
[INF][SYS]: Memory test message with longer content to test memory usage 1584
[INF][SYS]: Memory test message with longer content to test memory usage 1585
[INF][SYS]: Memory test message with longer content to test memory usage 1586
[INF][SYS]: Memory test message with longer content to test memory usage 1587
[INF][SYS]: Memory test message with longer content to test memory usage 1588
[INF][SYS]: Memory test message with longer content to test memory usage 1589
[INF][SYS]: Memory test message with longer content to test memory usage 1590
[INF][SYS]: Memory test message with longer content to test memory usage 1591
[INF][SYS]: Memory test message with longer content to test memory usage 1592
[INF][SYS]: Memory test message with longer content to test memory usage 1593
[INF][SYS]: Memory test message with longer content to test memory usage 1594
[INF][SYS]: Memory test message with longer content to test memory usage 1595
[INF][SYS]: Memory test message with longer content to test memory usage 1596
[INF][SYS]: Memory test message with longer content to test memory usage 1597
[INF][SYS]: Memory test message with longer content to test memory usage 1598
[INF][SYS]: Memory test message with longer content to test memory usage 1599
[INF][SYS]: Memory test message with longer content to test memory usage 1600
[INF][SYS]: Memory test message with longer content to test memory usage 1601
[INF][SYS]: Memory test message with longer content to test memory usage 1602
[INF][SYS]: Memory test message with longer content to test memory usage 1603
[INF][SYS]: Memory test message with longer content to test memory usage 1604
[INF][SYS]: Memory test message with longer content to test memory usage 1605
[INF][SYS]: Memory test message with longer content to test memory usage 1606
[INF][SYS]: Memory test message with longer content to test memory usage 1607
[INF][SYS]: Memory test message with longer content to test memory usage 1608
[INF][SYS]: Memory test message with longer content to test memory usage 1609
[INF][SYS]: Memory test message with longer content to test memory usage 1610
[INF][SYS]: Memory test message with longer content to test memory usage 1611
[INF][SYS]: Memory test message with longer content to test memory usage 1612
[INF][SYS]: Memory test message with longer content to test memory usage 1613
[INF][SYS]: Memory test message with longer content to test memory usage 1614
[INF][SYS]: Memory test message with longer content to test memory usage 1615
[INF][SYS]: Memory test message with longer content to test memory usage 1616
[INF][SYS]: Memory test message with longer content to test memory usage 1617
[INF][SYS]: Memory test message with longer content to test memory usage 1618
[INF][SYS]: Memory test message with longer content to test memory usage 1619
[INF][SYS]: Memory test message with longer content to test memory usage 1620
[INF][SYS]: Memory test message with longer content to test memory usage 1621
[INF][SYS]: Memory test message with longer content to test memory usage 1622
[INF][SYS]: Memory test message with longer content to test memory usage 1623
[INF][SYS]: Memory test message with longer content to test memory usage 1624
[INF][SYS]: Memory test message with longer content to test memory usage 1625
[INF][SYS]: Memory test message with longer content to test memory usage 1626
[INF][SYS]: Memory test message with longer content to test memory usage 1627
[INF][SYS]: Memory test message with longer content to test memory usage 1628
[INF][SYS]: Memory test message with longer content to test memory usage 1629
[INF][SYS]: Memory test message with longer content to test memory usage 1630
[INF][SYS]: Memory test message with longer content to test memory usage 1631
[INF][SYS]: Memory test message with longer content to test memory usage 1632
[INF][SYS]: Memory test message with longer content to test memory usage 1633
[INF][SYS]: Memory test message with longer content to test memory usage 1634
[INF][SYS]: Memory test message with longer content to test memory usage 1635
[INF][SYS]: Memory test message with longer content to test memory usage 1636
[INF][SYS]: Memory test message with longer content to test memory usage 1637
[INF][SYS]: Memory test message with longer content to test memory usage 1638
[INF][SYS]: Memory test message with longer content to test memory usage 1639
[INF][SYS]: Memory test message with longer content to test memory usage 1640
[INF][SYS]: Memory test message with longer content to test memory usage 1641
[INF][SYS]: Memory test message with longer content to test memory usage 1642
[INF][SYS]: Memory test message with longer content to test memory usage 1643
[INF][SYS]: Memory test message with longer content to test memory usage 1644
[INF][SYS]: Memory test message with longer content to test memory usage 1645
[INF][SYS]: Memory test message with longer content to test memory usage 1646
[INF][SYS]: Memory test message with longer content to test memory usage 1647
[INF][SYS]: Memory test message with longer content to test memory usage 1648
[INF][SYS]: Memory test message with longer content to test memory usage 1649
[INF][SYS]: Memory test message with longer content to test memory usage 1650
[INF][SYS]: Memory test message with longer content to test memory usage 1651
[INF][SYS]: Memory test message with longer content to test memory usage 1652
[INF][SYS]: Memory test message with longer content to test memory usage 1653
[INF][SYS]: Memory test message with longer content to test memory usage 1654
[INF][SYS]: Memory test message with longer content to test memory usage 1655
[INF][SYS]: Memory test message with longer content to test memory usage 1656
[INF][SYS]: Memory test message with longer content to test memory usage 1657
[INF][SYS]: Memory test message with longer content to test memory usage 1658
[INF][SYS]: Memory test message with longer content to test memory usage 1659
[INF][SYS]: Memory test message with longer content to test memory usage 1660
[INF][SYS]: Memory test message with longer content to test memory usage 1661
[INF][SYS]: Memory test message with longer content to test memory usage 1662
[INF][SYS]: Memory test message with longer content to test memory usage 1663
[INF][SYS]: Memory test message with longer content to test memory usage 1664
[INF][SYS]: Memory test message with longer content to test memory usage 1665
[INF][SYS]: Memory test message with longer content to test memory usage 1666
[INF][SYS]: Memory test message with longer content to test memory usage 1667
[INF][SYS]: Memory test message with longer content to test memory usage 1668
[INF][SYS]: Memory test message with longer content to test memory usage 1669
[INF][SYS]: Memory test message with longer content to test memory usage 1670
[INF][SYS]: Memory test message with longer content to test memory usage 1671
[INF][SYS]: Memory test message with longer content to test memory usage 1672
[INF][SYS]: Memory test message with longer content to test memory usage 1673
[INF][SYS]: Memory test message with longer content to test memory usage 1674
[INF][SYS]: Memory test message with longer content to test memory usage 1675
[INF][SYS]: Memory test message with longer content to test memory usage 1676
[INF][SYS]: Memory test message with longer content to test memory usage 1677
[INF][SYS]: Memory test message with longer content to test memory usage 1678
[INF][SYS]: Memory test message with longer content to test memory usage 1679
[INF][SYS]: Memory test message with longer content to test memory usage 1680
[INF][SYS]: Memory test message with longer content to test memory usage 1681
[INF][SYS]: Memory test message with longer content to test memory usage 1682
[INF][SYS]: Memory test message with longer content to test memory usage 1683
[INF][SYS]: Memory test message with longer content to test memory usage 1684
[INF][SYS]: Memory test message with longer content to test memory usage 1685
[INF][SYS]: Memory test message with longer content to test memory usage 1686
[INF][SYS]: Memory test message with longer content to test memory usage 1687
[INF][SYS]: Memory test message with longer content to test memory usage 1688
[INF][SYS]: Memory test message with longer content to test memory usage 1689
[INF][SYS]: Memory test message with longer content to test memory usage 1690
[INF][SYS]: Memory test message with longer content to test memory usage 1691
[INF][SYS]: Memory test message with longer content to test memory usage 1692
[INF][SYS]: Memory test message with longer content to test memory usage 1693
[INF][SYS]: Memory test message with longer content to test memory usage 1694
[INF][SYS]: Memory test message with longer content to test memory usage 1695
[INF][SYS]: Memory test message with longer content to test memory usage 1696
[INF][SYS]: Memory test message with longer content to test memory usage 1697
[INF][SYS]: Memory test message with longer content to test memory usage 1698
[INF][SYS]: Memory test message with longer content to test memory usage 1699
[INF][SYS]: Memory test message with longer content to test memory usage 1700
[INF][SYS]: Memory test message with longer content to test memory usage 1701
[INF][SYS]: Memory test message with longer content to test memory usage 1702
[INF][SYS]: Memory test message with longer content to test memory usage 1703
[INF][SYS]: Memory test message with longer content to test memory usage 1704
[INF][SYS]: Memory test message with longer content to test memory usage 1705
[INF][SYS]: Memory test message with longer content to test memory usage 1706
[INF][SYS]: Memory test message with longer content to test memory usage 1707
[INF][SYS]: Memory test message with longer content to test memory usage 1708
[INF][SYS]: Memory test message with longer content to test memory usage 1709
[INF][SYS]: Memory test message with longer content to test memory usage 1710
[INF][SYS]: Memory test message with longer content to test memory usage 1711
[INF][SYS]: Memory test message with longer content to test memory usage 1712
[INF][SYS]: Memory test message with longer content to test memory usage 1713
[INF][SYS]: Memory test message with longer content to test memory usage 1714
[INF][SYS]: Memory test message with longer content to test memory usage 1715
[INF][SYS]: Memory test message with longer content to test memory usage 1716
[INF][SYS]: Memory test message with longer content to test memory usage 1717
[INF][SYS]: Memory test message with longer content to test memory usage 1718
[INF][SYS]: Memory test message with longer content to test memory usage 1719
[INF][SYS]: Memory test message with longer content to test memory usage 1720
[INF][SYS]: Memory test message with longer content to test memory usage 1721
[INF][SYS]: Memory test message with longer content to test memory usage 1722
[INF][SYS]: Memory test message with longer content to test memory usage 1723
[INF][SYS]: Memory test message with longer content to test memory usage 1724
[INF][SYS]: Memory test message with longer content to test memory usage 1725
[INF][SYS]: Memory test message with longer content to test memory usage 1726
[INF][SYS]: Memory test message with longer content to test memory usage 1727
[INF][SYS]: Memory test message with longer content to test memory usage 1728
[INF][SYS]: Memory test message with longer content to test memory usage 1729
[INF][SYS]: Memory test message with longer content to test memory usage 1730
[INF][SYS]: Memory test message with longer content to test memory usage 1731
[INF][SYS]: Memory test message with longer content to test memory usage 1732
[INF][SYS]: Memory test message with longer content to test memory usage 1733
[INF][SYS]: Memory test message with longer content to test memory usage 1734
[INF][SYS]: Memory test message with longer content to test memory usage 1735
[INF][SYS]: Memory test message with longer content to test memory usage 1736
[INF][SYS]: Memory test message with longer content to test memory usage 1737
[INF][SYS]: Memory test message with longer content to test memory usage 1738
[INF][SYS]: Memory test message with longer content to test memory usage 1739
[INF][SYS]: Memory test message with longer content to test memory usage 1740
[INF][SYS]: Memory test message with longer content to test memory usage 1741
[INF][SYS]: Memory test message with longer content to test memory usage 1742
[INF][SYS]: Memory test message with longer content to test memory usage 1743
[INF][SYS]: Memory test message with longer content to test memory usage 1744
[INF][SYS]: Memory test message with longer content to test memory usage 1745
[INF][SYS]: Memory test message with longer content to test memory usage 1746
[INF][SYS]: Memory test message with longer content to test memory usage 1747
[INF][SYS]: Memory test message with longer content to test memory usage 1748
[INF][SYS]: Memory test message with longer content to test memory usage 1749
[INF][SYS]: Memory test message with longer content to test memory usage 1750
[INF][SYS]: Memory test message with longer content to test memory usage 1751
[INF][SYS]: Memory test message with longer content to test memory usage 1752
[INF][SYS]: Memory test message with longer content to test memory usage 1753
[INF][SYS]: Memory test message with longer content to test memory usage 1754
[INF][SYS]: Memory test message with longer content to test memory usage 1755
[INF][SYS]: Memory test message with longer content to test memory usage 1756
[INF][SYS]: Memory test message with longer content to test memory usage 1757
[INF][SYS]: Memory test message with longer content to test memory usage 1758
[INF][SYS]: Memory test message with longer content to test memory usage 1759
[INF][SYS]: Memory test message with longer content to test memory usage 1760
[INF][SYS]: Memory test message with longer content to test memory usage 1761
[INF][SYS]: Memory test message with longer content to test memory usage 1762
[INF][SYS]: Memory test message with longer content to test memory usage 1763
[INF][SYS]: Memory test message with longer content to test memory usage 1764
[INF][SYS]: Memory test message with longer content to test memory usage 1765
[INF][SYS]: Memory test message with longer content to test memory usage 1766
[INF][SYS]: Memory test message with longer content to test memory usage 1767
[INF][SYS]: Memory test message with longer content to test memory usage 1768
[INF][SYS]: Memory test message with longer content to test memory usage 1769
[INF][SYS]: Memory test message with longer content to test memory usage 1770
[INF][SYS]: Memory test message with longer content to test memory usage 1771
[INF][SYS]: Memory test message with longer content to test memory usage 1772
[INF][SYS]: Memory test message with longer content to test memory usage 1773
[INF][SYS]: Memory test message with longer content to test memory usage 1774
[INF][SYS]: Memory test message with longer content to test memory usage 1775
[INF][SYS]: Memory test message with longer content to test memory usage 1776
[INF][SYS]: Memory test message with longer content to test memory usage 1777
[INF][SYS]: Memory test message with longer content to test memory usage 1778
[INF][SYS]: Memory test message with longer content to test memory usage 1779
[INF][SYS]: Memory test message with longer content to test memory usage 1780
[INF][SYS]: Memory test message with longer content to test memory usage 1781
[INF][SYS]: Memory test message with longer content to test memory usage 1782
[INF][SYS]: Memory test message with longer content to test memory usage 1783
[INF][SYS]: Memory test message with longer content to test memory usage 1784
[INF][SYS]: Memory test message with longer content to test memory usage 1785
[INF][SYS]: Memory test message with longer content to test memory usage 1786
[INF][SYS]: Memory test message with longer content to test memory usage 1787
[INF][SYS]: Memory test message with longer content to test memory usage 1788
[INF][SYS]: Memory test message with longer content to test memory usage 1789
[INF][SYS]: Memory test message with longer content to test memory usage 1790
[INF][SYS]: Memory test message with longer content to test memory usage 1791
[INF][SYS]: Memory test message with longer content to test memory usage 1792
[INF][SYS]: Memory test message with longer content to test memory usage 1793
[INF][SYS]: Memory test message with longer content to test memory usage 1794
[INF][SYS]: Memory test message with longer content to test memory usage 1795
[INF][SYS]: Memory test message with longer content to test memory usage 1796
[INF][SYS]: Memory test message with longer content to test memory usage 1797
[INF][SYS]: Memory test message with longer content to test memory usage 1798
[INF][SYS]: Memory test message with longer content to test memory usage 1799
[INF][SYS]: Memory test message with longer content to test memory usage 1800
[INF][SYS]: Memory test message with longer content to test memory usage 1801
[INF][SYS]: Memory test message with longer content to test memory usage 1802
[INF][SYS]: Memory test message with longer content to test memory usage 1803
[INF][SYS]: Memory test message with longer content to test memory usage 1804
[INF][SYS]: Memory test message with longer content to test memory usage 1805
[INF][SYS]: Memory test message with longer content to test memory usage 1806
[INF][SYS]: Memory test message with longer content to test memory usage 1807
[INF][SYS]: Memory test message with longer content to test memory usage 1808
[INF][SYS]: Memory test message with longer content to test memory usage 1809
[INF][SYS]: Memory test message with longer content to test memory usage 1810
[INF][SYS]: Memory test message with longer content to test memory usage 1811
[INF][SYS]: Memory test message with longer content to test memory usage 1812
[INF][SYS]: Memory test message with longer content to test memory usage 1813
[INF][SYS]: Memory test message with longer content to test memory usage 1814
[INF][SYS]: Memory test message with longer content to test memory usage 1815
[INF][SYS]: Memory test message with longer content to test memory usage 1816
[INF][SYS]: Memory test message with longer content to test memory usage 1817
[INF][SYS]: Memory test message with longer content to test memory usage 1818
[INF][SYS]: Memory test message with longer content to test memory usage 1819
[INF][SYS]: Memory test message with longer content to test memory usage 1820
[INF][SYS]: Memory test message with longer content to test memory usage 1821
[INF][SYS]: Memory test message with longer content to test memory usage 1822
[INF][SYS]: Memory test message with longer content to test memory usage 1823
[INF][SYS]: Memory test message with longer content to test memory usage 1824
[INF][SYS]: Memory test message with longer content to test memory usage 1825
[INF][SYS]: Memory test message with longer content to test memory usage 1826
[INF][SYS]: Memory test message with longer content to test memory usage 1827
[INF][SYS]: Memory test message with longer content to test memory usage 1828
[INF][SYS]: Memory test message with longer content to test memory usage 1829
[INF][SYS]: Memory test message with longer content to test memory usage 1830
[INF][SYS]: Memory test message with longer content to test memory usage 1831
[INF][SYS]: Memory test message with longer content to test memory usage 1832
[INF][SYS]: Memory test message with longer content to test memory usage 1833
[INF][SYS]: Memory test message with longer content to test memory usage 1834
[INF][SYS]: Memory test message with longer content to test memory usage 1835
[INF][SYS]: Memory test message with longer content to test memory usage 1836
[INF][SYS]: Memory test message with longer content to test memory usage 1837
[INF][SYS]: Memory test message with longer content to test memory usage 1838
[INF][SYS]: Memory test message with longer content to test memory usage 1839
[INF][SYS]: Memory test message with longer content to test memory usage 1840
[INF][SYS]: Memory test message with longer content to test memory usage 1841
[INF][SYS]: Memory test message with longer content to test memory usage 1842
[INF][SYS]: Memory test message with longer content to test memory usage 1843
[INF][SYS]: Memory test message with longer content to test memory usage 1844
[INF][SYS]: Memory test message with longer content to test memory usage 1845
[INF][SYS]: Memory test message with longer content to test memory usage 1846
[INF][SYS]: Memory test message with longer content to test memory usage 1847
[INF][SYS]: Memory test message with longer content to test memory usage 1848
[INF][SYS]: Memory test message with longer content to test memory usage 1849
[INF][SYS]: Memory test message with longer content to test memory usage 1850
[INF][SYS]: Memory test message with longer content to test memory usage 1851
[INF][SYS]: Memory test message with longer content to test memory usage 1852
[INF][SYS]: Memory test message with longer content to test memory usage 1853
[INF][SYS]: Memory test message with longer content to test memory usage 1854
[INF][SYS]: Memory test message with longer content to test memory usage 1855
[INF][SYS]: Memory test message with longer content to test memory usage 1856
[INF][SYS]: Memory test message with longer content to test memory usage 1857
[INF][SYS]: Memory test message with longer content to test memory usage 1858
[INF][SYS]: Memory test message with longer content to test memory usage 1859
[INF][SYS]: Memory test message with longer content to test memory usage 1860
[INF][SYS]: Memory test message with longer content to test memory usage 1861
[INF][SYS]: Memory test message with longer content to test memory usage 1862
[INF][SYS]: Memory test message with longer content to test memory usage 1863
[INF][SYS]: Memory test message with longer content to test memory usage 1864
[INF][SYS]: Memory test message with longer content to test memory usage 1865
[INF][SYS]: Memory test message with longer content to test memory usage 1866
[INF][SYS]: Memory test message with longer content to test memory usage 1867
[INF][SYS]: Memory test message with longer content to test memory usage 1868
[INF][SYS]: Memory test message with longer content to test memory usage 1869
[INF][SYS]: Memory test message with longer content to test memory usage 1870
[INF][SYS]: Memory test message with longer content to test memory usage 1871
[INF][SYS]: Memory test message with longer content to test memory usage 1872
[INF][SYS]: Memory test message with longer content to test memory usage 1873
[INF][SYS]: Memory test message with longer content to test memory usage 1874
[INF][SYS]: Memory test message with longer content to test memory usage 1875
[INF][SYS]: Memory test message with longer content to test memory usage 1876
[INF][SYS]: Memory test message with longer content to test memory usage 1877
[INF][SYS]: Memory test message with longer content to test memory usage 1878
[INF][SYS]: Memory test message with longer content to test memory usage 1879
[INF][SYS]: Memory test message with longer content to test memory usage 1880
[INF][SYS]: Memory test message with longer content to test memory usage 1881
[INF][SYS]: Memory test message with longer content to test memory usage 1882
[INF][SYS]: Memory test message with longer content to test memory usage 1883
[INF][SYS]: Memory test message with longer content to test memory usage 1884
[INF][SYS]: Memory test message with longer content to test memory usage 1885
[INF][SYS]: Memory test message with longer content to test memory usage 1886
[INF][SYS]: Memory test message with longer content to test memory usage 1887
[INF][SYS]: Memory test message with longer content to test memory usage 1888
[INF][SYS]: Memory test message with longer content to test memory usage 1889
[INF][SYS]: Memory test message with longer content to test memory usage 1890
[INF][SYS]: Memory test message with longer content to test memory usage 1891
[INF][SYS]: Memory test message with longer content to test memory usage 1892
[INF][SYS]: Memory test message with longer content to test memory usage 1893
[INF][SYS]: Memory test message with longer content to test memory usage 1894
[INF][SYS]: Memory test message with longer content to test memory usage 1895
[INF][SYS]: Memory test message with longer content to test memory usage 1896
[INF][SYS]: Memory test message with longer content to test memory usage 1897
[INF][SYS]: Memory test message with longer content to test memory usage 1898
[INF][SYS]: Memory test message with longer content to test memory usage 1899
[INF][SYS]: Memory test message with longer content to test memory usage 1900
[INF][SYS]: Memory test message with longer content to test memory usage 1901
[INF][SYS]: Memory test message with longer content to test memory usage 1902
[INF][SYS]: Memory test message with longer content to test memory usage 1903
[INF][SYS]: Memory test message with longer content to test memory usage 1904
[INF][SYS]: Memory test message with longer content to test memory usage 1905
[INF][SYS]: Memory test message with longer content to test memory usage 1906
[INF][SYS]: Memory test message with longer content to test memory usage 1907
[INF][SYS]: Memory test message with longer content to test memory usage 1908
[INF][SYS]: Memory test message with longer content to test memory usage 1909
[INF][SYS]: Memory test message with longer content to test memory usage 1910
[INF][SYS]: Memory test message with longer content to test memory usage 1911
[INF][SYS]: Memory test message with longer content to test memory usage 1912
[INF][SYS]: Memory test message with longer content to test memory usage 1913
[INF][SYS]: Memory test message with longer content to test memory usage 1914
[INF][SYS]: Memory test message with longer content to test memory usage 1915
[INF][SYS]: Memory test message with longer content to test memory usage 1916
[INF][SYS]: Memory test message with longer content to test memory usage 1917
[INF][SYS]: Memory test message with longer content to test memory usage 1918
[INF][SYS]: Memory test message with longer content to test memory usage 1919
[INF][SYS]: Memory test message with longer content to test memory usage 1920
[INF][SYS]: Memory test message with longer content to test memory usage 1921
[INF][SYS]: Memory test message with longer content to test memory usage 1922
[INF][SYS]: Memory test message with longer content to test memory usage 1923
[INF][SYS]: Memory test message with longer content to test memory usage 1924
[INF][SYS]: Memory test message with longer content to test memory usage 1925
[INF][SYS]: Memory test message with longer content to test memory usage 1926
[INF][SYS]: Memory test message with longer content to test memory usage 1927
[INF][SYS]: Memory test message with longer content to test memory usage 1928
[INF][SYS]: Memory test message with longer content to test memory usage 1929
[INF][SYS]: Memory test message with longer content to test memory usage 1930
[INF][SYS]: Memory test message with longer content to test memory usage 1931
[INF][SYS]: Memory test message with longer content to test memory usage 1932
[INF][SYS]: Memory test message with longer content to test memory usage 1933
[INF][SYS]: Memory test message with longer content to test memory usage 1934
[INF][SYS]: Memory test message with longer content to test memory usage 1935
[INF][SYS]: Memory test message with longer content to test memory usage 1936
[INF][SYS]: Memory test message with longer content to test memory usage 1937
[INF][SYS]: Memory test message with longer content to test memory usage 1938
[INF][SYS]: Memory test message with longer content to test memory usage 1939
[INF][SYS]: Memory test message with longer content to test memory usage 1940
[INF][SYS]: Memory test message with longer content to test memory usage 1941
[INF][SYS]: Memory test message with longer content to test memory usage 1942
[INF][SYS]: Memory test message with longer content to test memory usage 1943
[INF][SYS]: Memory test message with longer content to test memory usage 1944
[INF][SYS]: Memory test message with longer content to test memory usage 1945
[INF][SYS]: Memory test message with longer content to test memory usage 1946
[INF][SYS]: Memory test message with longer content to test memory usage 1947
[INF][SYS]: Memory test message with longer content to test memory usage 1948
[INF][SYS]: Memory test message with longer content to test memory usage 1949
[INF][SYS]: Memory test message with longer content to test memory usage 1950
[INF][SYS]: Memory test message with longer content to test memory usage 1951
[INF][SYS]: Memory test message with longer content to test memory usage 1952
[INF][SYS]: Memory test message with longer content to test memory usage 1953
[INF][SYS]: Memory test message with longer content to test memory usage 1954
[INF][SYS]: Memory test message with longer content to test memory usage 1955
[INF][SYS]: Memory test message with longer content to test memory usage 1956
[INF][SYS]: Memory test message with longer content to test memory usage 1957
[INF][SYS]: Memory test message with longer content to test memory usage 1958
[INF][SYS]: Memory test message with longer content to test memory usage 1959
[INF][SYS]: Memory test message with longer content to test memory usage 1960
[INF][SYS]: Memory test message with longer content to test memory usage 1961
[INF][SYS]: Memory test message with longer content to test memory usage 1962
[INF][SYS]: Memory test message with longer content to test memory usage 1963
[INF][SYS]: Memory test message with longer content to test memory usage 1964
[INF][SYS]: Memory test message with longer content to test memory usage 1965
[INF][SYS]: Memory test message with longer content to test memory usage 1966
[INF][SYS]: Memory test message with longer content to test memory usage 1967
[INF][SYS]: Memory test message with longer content to test memory usage 1968
[INF][SYS]: Memory test message with longer content to test memory usage 1969
[INF][SYS]: Memory test message with longer content to test memory usage 1970
[INF][SYS]: Memory test message with longer content to test memory usage 1971
[INF][SYS]: Memory test message with longer content to test memory usage 1972
[INF][SYS]: Memory test message with longer content to test memory usage 1973
[INF][SYS]: Memory test message with longer content to test memory usage 1974
[INF][SYS]: Memory test message with longer content to test memory usage 1975
[INF][SYS]: Memory test message with longer content to test memory usage 1976
[INF][SYS]: Memory test message with longer content to test memory usage 1977
[INF][SYS]: Memory test message with longer content to test memory usage 1978
[INF][SYS]: Memory test message with longer content to test memory usage 1979
[INF][SYS]: Memory test message with longer content to test memory usage 1980
[INF][SYS]: Memory test message with longer content to test memory usage 1981
[INF][SYS]: Memory test message with longer content to test memory usage 1982
[INF][SYS]: Memory test message with longer content to test memory usage 1983
[INF][SYS]: Memory test message with longer content to test memory usage 1984
[INF][SYS]: Memory test message with longer content to test memory usage 1985
[INF][SYS]: Memory test message with longer content to test memory usage 1986
[INF][SYS]: Memory test message with longer content to test memory usage 1987
[INF][SYS]: Memory test message with longer content to test memory usage 1988
[INF][SYS]: Memory test message with longer content to test memory usage 1989
[INF][SYS]: Memory test message with longer content to test memory usage 1990
[INF][SYS]: Memory test message with longer content to test memory usage 1991
[INF][SYS]: Memory test message with longer content to test memory usage 1992
[INF][SYS]: Memory test message with longer content to test memory usage 1993
[INF][SYS]: Memory test message with longer content to test memory usage 1994
[INF][SYS]: Memory test message with longer content to test memory usage 1995
[INF][SYS]: Memory test message with longer content to test memory usage 1996
[INF][SYS]: Memory test message with longer content to test memory usage 1997
[INF][SYS]: Memory test message with longer content to test memory usage 1998
[INF][SYS]: Memory test message with longer content to test memory usage 1999
]]></output>
            </test-case>
            <test-case id="1072" name="TestSettingsChangePerformance" fullname="ArcBT.Tests.BTLoggerPerformanceTests.TestSettingsChangePerformance" methodname="TestSettingsChangePerformance" classname="ArcBT.Tests.BTLoggerPerformanceTests" runstate="Runnable" seed="1252932932" result="Passed" start-time="2025-07-28 12:09:40Z" end-time="2025-07-28 12:09:40Z" duration="0.000407" asserts="0">
              <properties>
                <property name="Description" value="ログレベルやカテゴリフィルタの動的変更処理の性能をベンチマークテスト（1000回変更が50ms以内）" />
                <property name="retryIteration" value="0" />
                <property name="repeatIteration" value="0" />
              </properties>
            </test-case>
          </test-suite>
          <test-suite type="TestFixture" id="1074" name="BTLoggerTests" fullname="ArcBT.Tests.BTLoggerTests" classname="ArcBT.Tests.BTLoggerTests" runstate="Runnable" testcasecount="9" result="Passed" start-time="2025-07-28 12:09:40Z" end-time="2025-07-28 12:09:40Z" duration="0.019472" total="9" passed="9" failed="0" inconclusive="0" skipped="0" asserts="0">
            <properties />
            <test-case id="1076" name="TestCategoryFiltering" fullname="ArcBT.Tests.BTLoggerTests.TestCategoryFiltering" methodname="TestCategoryFiltering" classname="ArcBT.Tests.BTLoggerTests" runstate="Runnable" seed="944367946" result="Passed" start-time="2025-07-28 12:09:40Z" end-time="2025-07-28 12:09:40Z" duration="0.000711" asserts="0">
              <properties>
                <property name="Description" value="カテゴリフィルタリング機能が正しく動作し、有効なカテゴリのログのみ記録されることを確認" />
                <property name="retryIteration" value="0" />
                <property name="repeatIteration" value="0" />
              </properties>
              <output><![CDATA[[INF][ATK]: Combat message
]]></output>
            </test-case>
            <test-case id="1078" name="TestCategorySpecificLogRetrieval" fullname="ArcBT.Tests.BTLoggerTests.TestCategorySpecificLogRetrieval" methodname="TestCategorySpecificLogRetrieval" classname="ArcBT.Tests.BTLoggerTests" runstate="Runnable" seed="672023003" result="Passed" start-time="2025-07-28 12:09:40Z" end-time="2025-07-28 12:09:40Z" duration="0.000472" asserts="0">
              <properties>
                <property name="Description" value="カテゴリ別ログ取得機能が正しく動作し、指定カテゴリのログのみフィルタリングして取得できることを確認" />
                <property name="retryIteration" value="0" />
                <property name="repeatIteration" value="0" />
              </properties>
              <output><![CDATA[[INF][ATK]: Attack message 1
[INF][MOV]: Move message 1
[INF][ATK]: Attack message 2
[INF][SYS]: System message 1
[INF][ATK]: Attack message 3
]]></output>
            </test-case>
            <test-case id="1079" name="TestConvenienceMethods" fullname="ArcBT.Tests.BTLoggerTests.TestConvenienceMethods" methodname="TestConvenienceMethods" classname="ArcBT.Tests.BTLoggerTests" runstate="Runnable" seed="1846053519" result="Passed" start-time="2025-07-28 12:09:40Z" end-time="2025-07-28 12:09:40Z" duration="0.001913" asserts="0">
              <properties>
                <property name="Description" value="カテゴリ別の便利メソッド（LogCombat、LogMovement等）が正しいカテゴリでログを記録することを確認" />
                <property name="retryIteration" value="0" />
                <property name="repeatIteration" value="0" />
              </properties>
              <output><![CDATA[[INF][ATK][TestNode]: Combat test
[INF][MOV]: Movement test
[DBG][CHK]: Condition test
[DBG][BBD]: BlackBoard test
[INF][SYS]: System test
]]></output>
            </test-case>
            <test-case id="1081" name="TestDefaultSettingsReset" fullname="ArcBT.Tests.BTLoggerTests.TestDefaultSettingsReset" methodname="TestDefaultSettingsReset" classname="ArcBT.Tests.BTLoggerTests" runstate="Runnable" seed="1093016278" result="Passed" start-time="2025-07-28 12:09:40Z" end-time="2025-07-28 12:09:40Z" duration="0.000443" asserts="0">
              <properties>
                <property name="Description" value="デフォルト設定リセット機能が正しく動作し、すべての設定が初期状態に戻ることを確認" />
                <property name="retryIteration" value="0" />
                <property name="repeatIteration" value="0" />
              </properties>
            </test-case>
            <test-case id="1082" name="TestErrorLogging" fullname="ArcBT.Tests.BTLoggerTests.TestErrorLogging" methodname="TestErrorLogging" classname="ArcBT.Tests.BTLoggerTests" runstate="Runnable" seed="956907481" result="Passed" start-time="2025-07-28 12:09:40Z" end-time="2025-07-28 12:09:40Z" duration="0.000773" asserts="0">
              <properties>
                <property name="Description" value="エラーログ出力機能が正しく動作し、適切なレベルとカテゴリで記録されることを確認" />
                <property name="retryIteration" value="0" />
                <property name="repeatIteration" value="0" />
              </properties>
              <output><![CDATA[[ERR][ATK][ErrorNode]: Critical error occurred
]]></output>
            </test-case>
            <test-case id="1080" name="TestLogClearFunctionality" fullname="ArcBT.Tests.BTLoggerTests.TestLogClearFunctionality" methodname="TestLogClearFunctionality" classname="ArcBT.Tests.BTLoggerTests" runstate="Runnable" seed="431370156" result="Passed" start-time="2025-07-28 12:09:40Z" end-time="2025-07-28 12:09:40Z" duration="0.000322" asserts="0">
              <properties>
                <property name="Description" value="ログクリア機能が正しく動作し、履歴が完全に削除されることを確認" />
                <property name="retryIteration" value="0" />
                <property name="repeatIteration" value="0" />
              </properties>
              <output><![CDATA[[INF][SYS]: Test message 1
[INF][SYS]: Test message 2
[INF][SYS]: Test message 3
]]></output>
            </test-case>
            <test-case id="1077" name="TestLogHistoryManagement" fullname="ArcBT.Tests.BTLoggerTests.TestLogHistoryManagement" methodname="TestLogHistoryManagement" classname="ArcBT.Tests.BTLoggerTests" runstate="Runnable" seed="1688951400" result="Passed" start-time="2025-07-28 12:09:40Z" end-time="2025-07-28 12:09:40Z" duration="0.000661" asserts="0">
              <properties>
                <property name="Description" value="ログ履歴管理機能が正しく動作し、指定件数の最新ログが取得できることを確認" />
                <property name="retryIteration" value="0" />
                <property name="repeatIteration" value="0" />
              </properties>
              <output><![CDATA[[INF][SYS]: Test message 0
[INF][SYS]: Test message 1
[INF][SYS]: Test message 2
[INF][SYS]: Test message 3
[INF][SYS]: Test message 4
[INF][SYS]: Test message 5
[INF][SYS]: Test message 6
[INF][SYS]: Test message 7
[INF][SYS]: Test message 8
[INF][SYS]: Test message 9
[INF][SYS]: Test message 10
[INF][SYS]: Test message 11
[INF][SYS]: Test message 12
[INF][SYS]: Test message 13
[INF][SYS]: Test message 14
]]></output>
            </test-case>
            <test-case id="1075" name="TestLogLevelFiltering" fullname="ArcBT.Tests.BTLoggerTests.TestLogLevelFiltering" methodname="TestLogLevelFiltering" classname="ArcBT.Tests.BTLoggerTests" runstate="Runnable" seed="1619124699" result="Passed" start-time="2025-07-28 12:09:40Z" end-time="2025-07-28 12:09:40Z" duration="0.001092" asserts="0">
              <properties>
                <property name="Description" value="ログレベルフィルタリング機能が正しく動作し、指定レベル以上のログのみ記録されることを確認" />
                <property name="retryIteration" value="0" />
                <property name="repeatIteration" value="0" />
              </properties>
              <output><![CDATA[[ERR][SYS]: Error message
[WRN][SYS]: Warning message
]]></output>
            </test-case>
            <test-case id="1083" name="TestTimestampFunctionality" fullname="ArcBT.Tests.BTLoggerTests.TestTimestampFunctionality" methodname="TestTimestampFunctionality" classname="ArcBT.Tests.BTLoggerTests" runstate="Runnable" seed="361212356" result="Passed" start-time="2025-07-28 12:09:40Z" end-time="2025-07-28 12:09:40Z" duration="0.000384" asserts="0">
              <properties>
                <property name="Description" value="タイムスタンプ機能が正しく動作し、ログ記録時の正確な時刻が記録されることを確認" />
                <property name="retryIteration" value="0" />
                <property name="repeatIteration" value="0" />
              </properties>
              <output><![CDATA[[INF][SYS]: Timestamp test
]]></output>
            </test-case>
          </test-suite>
          <test-suite type="TestFixture" id="1089" name="BTParserTests" fullname="ArcBT.Tests.BTParserTests" classname="ArcBT.Tests.BTParserTests" runstate="Runnable" testcasecount="26" result="Passed" start-time="2025-07-28 12:09:40Z" end-time="2025-07-28 12:09:40Z" duration="0.057038" total="26" passed="26" failed="0" inconclusive="0" skipped="0" asserts="0">
            <properties />
            <test-case id="1115" name="ParseContent_ActionCreation_LogsCorrectDebugMessages" fullname="ArcBT.Tests.BTParserTests.ParseContent_ActionCreation_LogsCorrectDebugMessages" methodname="ParseContent_ActionCreation_LogsCorrectDebugMessages" classname="ArcBT.Tests.BTParserTests" runstate="Runnable" seed="1819732650" result="Passed" start-time="2025-07-28 12:09:40Z" end-time="2025-07-28 12:09:40Z" duration="0.002273" asserts="0">
              <properties>
                <property name="Description" value="Actionノード作成時に適切なデバッグメッセージが出力されることを確認" />
                <property name="retryIteration" value="0" />
                <property name="repeatIteration" value="0" />
              </properties>
              <output><![CDATA[[INF][PRS]: 📋 Parsing tree: TestTree
[INF][PRS]: 🔍 Creating node: Action AttackEnemy
[DBG][PRS]: 🔍 Properties: damage=50
[INF][PRS]: 🚀 Creating Action with script 'AttackEnemy'
[DBG][PRS]: 🔧 CreateNodeFromScript: script='AttackEnemy', type='Action'
[INF][PRS]: ✅ Created action for script 'AttackEnemy'
[DBG][PRS]: ✅ Successfully parsed tree 'TestTree' with root node: Action:AttackEnemy
]]></output>
            </test-case>
            <test-case id="1095" name="ParseContent_ActionNodeWithoutProperties_CreatesCorrectAction" fullname="ArcBT.Tests.BTParserTests.ParseContent_ActionNodeWithoutProperties_CreatesCorrectAction" methodname="ParseContent_ActionNodeWithoutProperties_CreatesCorrectAction" classname="ArcBT.Tests.BTParserTests" runstate="Runnable" seed="684568258" result="Passed" start-time="2025-07-28 12:09:40Z" end-time="2025-07-28 12:09:40Z" duration="0.001210" asserts="0">
              <properties>
                <property name="Description" value="プロパティなしのActionノードが正しいActionクラスとして作成されることを確認" />
                <property name="retryIteration" value="0" />
                <property name="repeatIteration" value="0" />
              </properties>
              <output><![CDATA[[INF][PRS]: 📋 Parsing tree: TestTree
[INF][PRS]: 🔍 Creating node: Action MoveToPosition
[DBG][PRS]: 🔍 Properties: 
[INF][PRS]: 🚀 Creating Action with script 'MoveToPosition'
[DBG][PRS]: 🔧 CreateNodeFromScript: script='MoveToPosition', type='Action'
[INF][PRS]: ✅ Created action for script 'MoveToPosition'
[DBG][PRS]: ✅ Successfully parsed tree 'TestTree' with root node: Action:MoveToPosition
]]></output>
            </test-case>
            <test-case id="1096" name="ParseContent_ActionNodeWithProperties_SetsPropertiesCorrectly" fullname="ArcBT.Tests.BTParserTests.ParseContent_ActionNodeWithProperties_SetsPropertiesCorrectly" methodname="ParseContent_ActionNodeWithProperties_SetsPropertiesCorrectly" classname="ArcBT.Tests.BTParserTests" runstate="Runnable" seed="1446053180" result="Passed" start-time="2025-07-28 12:09:40Z" end-time="2025-07-28 12:09:40Z" duration="0.001224" asserts="0">
              <properties>
                <property name="Description" value="プロパティありのActionノードでプロパティが正しく設定されることを確認" />
                <property name="retryIteration" value="0" />
                <property name="repeatIteration" value="0" />
              </properties>
              <output><![CDATA[[INF][PRS]: 📋 Parsing tree: TestTree
[INF][PRS]: 🔍 Creating node: Action Wait
[DBG][PRS]: 🔍 Properties: duration=2.5, test_prop=test_value
[INF][PRS]: 🚀 Creating Action with script 'Wait'
[DBG][PRS]: 🔧 CreateNodeFromScript: script='Wait', type='Action'
[INF][PRS]: ✅ Created action for script 'Wait'
[DBG][PRS]: ✅ Successfully parsed tree 'TestTree' with root node: Action:Wait
]]></output>
            </test-case>
            <test-case id="1099" name="ParseContent_ConditionNodeWithoutProperties_CreatesCorrectCondition" fullname="ArcBT.Tests.BTParserTests.ParseContent_ConditionNodeWithoutProperties_CreatesCorrectCondition" methodname="ParseContent_ConditionNodeWithoutProperties_CreatesCorrectCondition" classname="ArcBT.Tests.BTParserTests" runstate="Runnable" seed="432489196" result="Passed" start-time="2025-07-28 12:09:40Z" end-time="2025-07-28 12:09:40Z" duration="0.001109" asserts="0">
              <properties>
                <property name="Description" value="プロパティなしのConditionノードが正しいConditionクラスとして作成されることを確認" />
                <property name="retryIteration" value="0" />
                <property name="repeatIteration" value="0" />
              </properties>
              <output><![CDATA[[INF][PRS]: 📋 Parsing tree: TestTree
[INF][PRS]: 🔍 Creating node: Condition HealthCheck
[DBG][PRS]: 🔍 Properties: 
[INF][PRS]: 🚀 Creating Condition with script 'HealthCheck'
[DBG][PRS]: 🔧 CreateNodeFromScript: script='HealthCheck', type='Condition'
[INF][PRS]: ✅ Created condition for script 'HealthCheck'
[DBG][PRS]: ✅ Successfully parsed tree 'TestTree' with root node: Condition:HealthCheck
]]></output>
            </test-case>
            <test-case id="1100" name="ParseContent_ConditionNodeWithProperties_SetsPropertiesCorrectly" fullname="ArcBT.Tests.BTParserTests.ParseContent_ConditionNodeWithProperties_SetsPropertiesCorrectly" methodname="ParseContent_ConditionNodeWithProperties_SetsPropertiesCorrectly" classname="ArcBT.Tests.BTParserTests" runstate="Runnable" seed="52026058" result="Passed" start-time="2025-07-28 12:09:40Z" end-time="2025-07-28 12:09:40Z" duration="0.001222" asserts="0">
              <properties>
                <property name="Description" value="プロパティありのConditionノードでプロパティが正しく設定されることを確認" />
                <property name="retryIteration" value="0" />
                <property name="repeatIteration" value="0" />
              </properties>
              <output><![CDATA[[INF][PRS]: 📋 Parsing tree: TestTree
[INF][PRS]: 🔍 Creating node: Condition EnemyCheck
[DBG][PRS]: 🔍 Properties: detection_range=10.0, alert_level=high
[INF][PRS]: 🚀 Creating Condition with script 'EnemyCheck'
[DBG][PRS]: 🔧 CreateNodeFromScript: script='EnemyCheck', type='Condition'
[INF][PRS]: ✅ Created condition for script 'EnemyCheck'
[DBG][PRS]: ✅ Successfully parsed tree 'TestTree' with root node: Condition:EnemyCheck
]]></output>
            </test-case>
            <test-case id="1090" name="ParseContent_EmptyContent_ReturnsNull" fullname="ArcBT.Tests.BTParserTests.ParseContent_EmptyContent_ReturnsNull" methodname="ParseContent_EmptyContent_ReturnsNull" classname="ArcBT.Tests.BTParserTests" runstate="Runnable" seed="1446724618" result="Passed" start-time="2025-07-28 12:09:40Z" end-time="2025-07-28 12:09:40Z" duration="0.001559" asserts="0">
              <properties>
                <property name="Description" value="空のコンテンツを解析した場合にnullが返されることを確認" />
                <property name="retryIteration" value="0" />
                <property name="repeatIteration" value="0" />
              </properties>
              <output><![CDATA[[ERR][PRS]: No tree definition found
]]></output>
            </test-case>
            <test-case id="1113" name="ParseContent_EmptyNodeBody_CreatesNodeWithoutChildren" fullname="ArcBT.Tests.BTParserTests.ParseContent_EmptyNodeBody_CreatesNodeWithoutChildren" methodname="ParseContent_EmptyNodeBody_CreatesNodeWithoutChildren" classname="ArcBT.Tests.BTParserTests" runstate="Runnable" seed="2136501037" result="Passed" start-time="2025-07-28 12:09:40Z" end-time="2025-07-28 12:09:40Z" duration="0.001051" asserts="0">
              <properties>
                <property name="Description" value="空のノード本体を持つノードが子ノードなしで正しく作成されることを確認" />
                <property name="retryIteration" value="0" />
                <property name="repeatIteration" value="0" />
              </properties>
              <output><![CDATA[[INF][PRS]: 📋 Parsing tree: TestTree
[INF][PRS]: 🔍 Creating node: Sequence EmptySequence
[DBG][PRS]: 🔍 Properties: 
[DBG][PRS]: 🔧 Creating composite node: Sequence
[DBG][PRS]: ✅ Successfully parsed tree 'TestTree' with root node: EmptySequence
]]></output>
            </test-case>
            <test-case id="1112" name="ParseContent_MalformedTree_HandlesGracefully" fullname="ArcBT.Tests.BTParserTests.ParseContent_MalformedTree_HandlesGracefully" methodname="ParseContent_MalformedTree_HandlesGracefully" classname="ArcBT.Tests.BTParserTests" runstate="Runnable" seed="827858212" result="Passed" start-time="2025-07-28 12:09:40Z" end-time="2025-07-28 12:09:40Z" duration="0.001494" asserts="0">
              <properties>
                <property name="Description" value="構文エラーのあるBTファイルが適切にエラーハンドリングされることを確認" />
                <property name="retryIteration" value="0" />
                <property name="repeatIteration" value="0" />
              </properties>
              <output><![CDATA[[INF][PRS]: 📋 Parsing tree: TestTree
[ERR][PRS]: Expected '{' after tree name
]]></output>
            </test-case>
            <test-case id="1107" name="ParseContent_MixedProperties_ParsedCorrectly" fullname="ArcBT.Tests.BTParserTests.ParseContent_MixedProperties_ParsedCorrectly" methodname="ParseContent_MixedProperties_ParsedCorrectly" classname="ArcBT.Tests.BTParserTests" runstate="Runnable" seed="1063857592" result="Passed" start-time="2025-07-28 12:09:40Z" end-time="2025-07-28 12:09:40Z" duration="0.001364" asserts="0">
              <properties>
                <property name="Description" value="混合型プロパティ（文字列・数値・真偽値）が正しく解析されることを確認" />
                <property name="retryIteration" value="0" />
                <property name="repeatIteration" value="0" />
              </properties>
              <output><![CDATA[[INF][PRS]: 📋 Parsing tree: TestTree
[INF][PRS]: 🔍 Creating node: Action UseItem
[DBG][PRS]: 🔍 Properties: item_name=healing_potion, quantity=1, auto_use=true, effectiveness=0.8
[INF][PRS]: 🚀 Creating Action with script 'UseItem'
[DBG][PRS]: 🔧 CreateNodeFromScript: script='UseItem', type='Action'
[INF][PRS]: ✅ Created action for script 'UseItem'
[DBG][PRS]: ✅ Successfully parsed tree 'TestTree' with root node: Action:UseItem
]]></output>
            </test-case>
            <test-case id="1098" name="ParseContent_MultipleKnownActions_CreatesCorrectActionTypes" fullname="ArcBT.Tests.BTParserTests.ParseContent_MultipleKnownActions_CreatesCorrectActionTypes" methodname="ParseContent_MultipleKnownActions_CreatesCorrectActionTypes" classname="ArcBT.Tests.BTParserTests" runstate="Runnable" seed="1251027500" result="Passed" start-time="2025-07-28 12:09:40Z" end-time="2025-07-28 12:09:40Z" duration="0.001648" asserts="0">
              <properties>
                <property name="Description" value="複数の既知のActionが含まれるツリーで各々が正しいActionタイプとして作成されることを確認" />
                <property name="retryIteration" value="0" />
                <property name="repeatIteration" value="0" />
              </properties>
              <output><![CDATA[[INF][PRS]: 📋 Parsing tree: TestTree
[INF][PRS]: 🔍 Creating node: Action AttackEnemy
[DBG][PRS]: 🔍 Properties: damage=50
[INF][PRS]: 🚀 Creating Action with script 'AttackEnemy'
[DBG][PRS]: 🔧 CreateNodeFromScript: script='AttackEnemy', type='Action'
[INF][PRS]: ✅ Created action for script 'AttackEnemy'
[INF][PRS]: 🔍 Creating node: Action CastSpell
[DBG][PRS]: 🔍 Properties: spell_name=fireball
[INF][PRS]: 🚀 Creating Action with script 'CastSpell'
[DBG][PRS]: 🔧 CreateNodeFromScript: script='CastSpell', type='Action'
[INF][PRS]: ✅ Created action for script 'CastSpell'
[INF][PRS]: 🔍 Creating node: Action FleeToSafety
[DBG][PRS]: 🔍 Properties: min_distance=15.0
[INF][PRS]: 🚀 Creating Action with script 'FleeToSafety'
[DBG][PRS]: 🔧 CreateNodeFromScript: script='FleeToSafety', type='Action'
[INF][PRS]: ✅ Created action for script 'FleeToSafety'
[INF][PRS]: 🔍 Creating node: Sequence Root
[DBG][PRS]: 🔍 Properties: 
[DBG][PRS]: 🔧 Creating composite node: Sequence
[DBG][PRS]: ✅ Successfully parsed tree 'TestTree' with root node: Root
]]></output>
            </test-case>
            <test-case id="1102" name="ParseContent_MultipleKnownConditions_CreatesCorrectConditionTypes" fullname="ArcBT.Tests.BTParserTests.ParseContent_MultipleKnownConditions_CreatesCorrectConditionTypes" methodname="ParseContent_MultipleKnownConditions_CreatesCorrectConditionTypes" classname="ArcBT.Tests.BTParserTests" runstate="Runnable" seed="858537675" result="Passed" start-time="2025-07-28 12:09:40Z" end-time="2025-07-28 12:09:40Z" duration="0.001672" asserts="0">
              <properties>
                <property name="Description" value="複数の既知のConditionが含まれるツリーで各々が正しいConditionタイプとして作成されることを確認" />
                <property name="retryIteration" value="0" />
                <property name="repeatIteration" value="0" />
              </properties>
              <output><![CDATA[[INF][PRS]: 📋 Parsing tree: TestTree
[INF][PRS]: 🔍 Creating node: Condition HasMana
[DBG][PRS]: 🔍 Properties: min_mana=50
[INF][PRS]: 🚀 Creating Condition with script 'HasMana'
[DBG][PRS]: 🔧 CreateNodeFromScript: script='HasMana', type='Condition'
[INF][PRS]: ✅ Created condition for script 'HasMana'
[INF][PRS]: 🔍 Creating node: Condition EnemyInRange
[DBG][PRS]: 🔍 Properties: range=5.0
[INF][PRS]: 🚀 Creating Condition with script 'EnemyInRange'
[DBG][PRS]: 🔧 CreateNodeFromScript: script='EnemyInRange', type='Condition'
[INF][PRS]: ✅ Created condition for script 'EnemyInRange'
[INF][PRS]: 🔍 Creating node: Condition IsInitialized
[DBG][PRS]: 🔍 Properties: 
[INF][PRS]: 🚀 Creating Condition with script 'IsInitialized'
[DBG][PRS]: 🔧 CreateNodeFromScript: script='IsInitialized', type='Condition'
[INF][PRS]: ✅ Created condition for script 'IsInitialized'
[INF][PRS]: 🔍 Creating node: Selector Root
[DBG][PRS]: 🔍 Properties: 
[DBG][PRS]: 🔧 Creating composite node: Selector
[DBG][PRS]: ✅ Successfully parsed tree 'TestTree' with root node: Root
]]></output>
            </test-case>
            <test-case id="1103" name="ParseContent_NestedCompositeNodes_CreatesCorrectHierarchy" fullname="ArcBT.Tests.BTParserTests.ParseContent_NestedCompositeNodes_CreatesCorrectHierarchy" methodname="ParseContent_NestedCompositeNodes_CreatesCorrectHierarchy" classname="ArcBT.Tests.BTParserTests" runstate="Runnable" seed="1965696109" result="Passed" start-time="2025-07-28 12:09:40Z" end-time="2025-07-28 12:09:40Z" duration="0.002256" asserts="0">
              <properties>
                <property name="Description" value="ネストした複合ノードが正しい階層構造として作成されることを確認" />
                <property name="retryIteration" value="0" />
                <property name="repeatIteration" value="0" />
              </properties>
              <output><![CDATA[[INF][PRS]: 📋 Parsing tree: ComplexTree
[INF][PRS]: 🔍 Creating node: Condition EnemyCheck
[DBG][PRS]: 🔍 Properties: detection_range=8.0
[INF][PRS]: 🚀 Creating Condition with script 'EnemyCheck'
[DBG][PRS]: 🔧 CreateNodeFromScript: script='EnemyCheck', type='Condition'
[INF][PRS]: ✅ Created condition for script 'EnemyCheck'
[INF][PRS]: 🔍 Creating node: Action AttackTarget
[DBG][PRS]: 🔍 Properties: damage=30
[INF][PRS]: 🚀 Creating Action with script 'AttackTarget'
[DBG][PRS]: 🔧 CreateNodeFromScript: script='AttackTarget', type='Action'
[INF][PRS]: ✅ Created action for script 'AttackTarget'
[INF][PRS]: 🔍 Creating node: Sequence AttackSequence
[DBG][PRS]: 🔍 Properties: 
[DBG][PRS]: 🔧 Creating composite node: Sequence
[INF][PRS]: 🔍 Creating node: Action RandomWander
[DBG][PRS]: 🔍 Properties: speed=2.0
[INF][PRS]: 🚀 Creating Action with script 'RandomWander'
[DBG][PRS]: 🔧 CreateNodeFromScript: script='RandomWander', type='Action'
[INF][PRS]: ✅ Created action for script 'RandomWander'
[INF][PRS]: 🔍 Creating node: Action Wait
[DBG][PRS]: 🔍 Properties: duration=1.0
[INF][PRS]: 🚀 Creating Action with script 'Wait'
[DBG][PRS]: 🔧 CreateNodeFromScript: script='Wait', type='Action'
[INF][PRS]: ✅ Created action for script 'Wait'
[INF][PRS]: 🔍 Creating node: Sequence PatrolSequence
[DBG][PRS]: 🔍 Properties: 
[DBG][PRS]: 🔧 Creating composite node: Sequence
[INF][PRS]: 🔍 Creating node: Selector RootSelector
[DBG][PRS]: 🔍 Properties: 
[DBG][PRS]: 🔧 Creating composite node: Selector
[DBG][PRS]: ✅ Successfully parsed tree 'ComplexTree' with root node: RootSelector
]]></output>
            </test-case>
            <test-case id="1091" name="ParseContent_NoTreeDefinition_ReturnsNull" fullname="ArcBT.Tests.BTParserTests.ParseContent_NoTreeDefinition_ReturnsNull" methodname="ParseContent_NoTreeDefinition_ReturnsNull" classname="ArcBT.Tests.BTParserTests" runstate="Runnable" seed="894454241" result="Passed" start-time="2025-07-28 12:09:40Z" end-time="2025-07-28 12:09:40Z" duration="0.001333" asserts="0">
              <properties>
                <property name="Description" value="tree定義がないコンテンツを解析した場合にnullが返されることを確認" />
                <property name="retryIteration" value="0" />
                <property name="repeatIteration" value="0" />
              </properties>
              <output><![CDATA[[ERR][PRS]: No tree definition found
]]></output>
            </test-case>
            <test-case id="1106" name="ParseContent_NumberProperties_ParsedCorrectly" fullname="ArcBT.Tests.BTParserTests.ParseContent_NumberProperties_ParsedCorrectly" methodname="ParseContent_NumberProperties_ParsedCorrectly" classname="ArcBT.Tests.BTParserTests" runstate="Runnable" seed="1007612904" result="Passed" start-time="2025-07-28 12:09:40Z" end-time="2025-07-28 12:09:40Z" duration="0.001379" asserts="0">
              <properties>
                <property name="Description" value="数値プロパティが正しく解析されることを確認" />
                <property name="retryIteration" value="0" />
                <property name="repeatIteration" value="0" />
              </properties>
              <output><![CDATA[[INF][PRS]: 📋 Parsing tree: TestTree
[INF][PRS]: 🔍 Creating node: Action AttackEnemy
[DBG][PRS]: 🔍 Properties: damage=50, attack_range=2.5, cooldown=1.0
[INF][PRS]: 🚀 Creating Action with script 'AttackEnemy'
[DBG][PRS]: 🔧 CreateNodeFromScript: script='AttackEnemy', type='Action'
[INF][PRS]: ✅ Created action for script 'AttackEnemy'
[DBG][PRS]: ✅ Successfully parsed tree 'TestTree' with root node: Action:AttackEnemy
]]></output>
            </test-case>
            <test-case id="1104" name="ParseContent_ParallelWithMultipleChildren_CreatesCorrectStructure" fullname="ArcBT.Tests.BTParserTests.ParseContent_ParallelWithMultipleChildren_CreatesCorrectStructure" methodname="ParseContent_ParallelWithMultipleChildren_CreatesCorrectStructure" classname="ArcBT.Tests.BTParserTests" runstate="Runnable" seed="122057201" result="Passed" start-time="2025-07-28 12:09:40Z" end-time="2025-07-28 12:09:40Z" duration="0.001694" asserts="0">
              <properties>
                <property name="Description" value="複数の子ノードを持つParallelノードが正しい構造として作成されることを確認" />
                <property name="retryIteration" value="0" />
                <property name="repeatIteration" value="0" />
              </properties>
              <output><![CDATA[[INF][PRS]: 📋 Parsing tree: ParallelTree
[INF][PRS]: 🔍 Creating node: Action ScanEnvironment
[DBG][PRS]: 🔍 Properties: scan_radius=15.0
[INF][PRS]: 🚀 Creating Action with script 'ScanEnvironment'
[DBG][PRS]: 🔧 CreateNodeFromScript: script='ScanEnvironment', type='Action'
[INF][PRS]: ✅ Created action for script 'ScanEnvironment'
[INF][PRS]: 🔍 Creating node: Action MoveToTarget
[DBG][PRS]: 🔍 Properties: speed=3.0
[INF][PRS]: 🚀 Creating Action with script 'MoveToTarget'
[DBG][PRS]: 🔧 CreateNodeFromScript: script='MoveToTarget', type='Action'
[INF][PRS]: ✅ Created action for script 'MoveToTarget'
[INF][PRS]: 🔍 Creating node: Sequence MovementSequence
[DBG][PRS]: 🔍 Properties: 
[DBG][PRS]: 🔧 Creating composite node: Sequence
[INF][PRS]: 🔍 Creating node: Condition HealthCheck
[DBG][PRS]: 🔍 Properties: min_health=20
[INF][PRS]: 🚀 Creating Condition with script 'HealthCheck'
[DBG][PRS]: 🔧 CreateNodeFromScript: script='HealthCheck', type='Condition'
[INF][PRS]: ✅ Created condition for script 'HealthCheck'
[INF][PRS]: 🔍 Creating node: Parallel RootParallel
[DBG][PRS]: 🔍 Properties: 
[DBG][PRS]: 🔧 Creating composite node: Parallel
[DBG][PRS]: ✅ Successfully parsed tree 'ParallelTree' with root node: RootParallel
]]></output>
            </test-case>
            <test-case id="1114" name="ParseContent_RealWorldExample_CreatesCompleteTree" fullname="ArcBT.Tests.BTParserTests.ParseContent_RealWorldExample_CreatesCompleteTree" methodname="ParseContent_RealWorldExample_CreatesCompleteTree" classname="ArcBT.Tests.BTParserTests" runstate="Runnable" seed="314823702" result="Passed" start-time="2025-07-28 12:09:40Z" end-time="2025-07-28 12:09:40Z" duration="0.002879" asserts="0">
              <properties>
                <property name="Description" value="実際のAIシステムを想定した複雑なBTファイルが完全なツリー構造として作成されることを確認" />
                <property name="retryIteration" value="0" />
                <property name="repeatIteration" value="0" />
              </properties>
              <output><![CDATA[[INF][PRS]: 📋 Parsing tree: AIBehaviorTree
[INF][PRS]: 🔍 Creating node: Condition IsInitialized
[DBG][PRS]: 🔍 Properties: 
[INF][PRS]: 🚀 Creating Condition with script 'IsInitialized'
[DBG][PRS]: 🔧 CreateNodeFromScript: script='IsInitialized', type='Condition'
[INF][PRS]: ✅ Created condition for script 'IsInitialized'
[INF][PRS]: 🔍 Creating node: Action InitializeResources
[DBG][PRS]: 🔍 Properties: 
[INF][PRS]: 🚀 Creating Action with script 'InitializeResources'
[DBG][PRS]: 🔧 CreateNodeFromScript: script='InitializeResources', type='Action'
[INF][PRS]: ✅ Created action for script 'InitializeResources'
[INF][PRS]: 🔍 Creating node: Sequence InitSequence
[DBG][PRS]: 🔍 Properties: 
[DBG][PRS]: 🔧 Creating composite node: Sequence
[INF][PRS]: 🔍 Creating node: Condition EnemyInRange
[DBG][PRS]: 🔍 Properties: range=8.0
[INF][PRS]: 🚀 Creating Condition with script 'EnemyInRange'
[DBG][PRS]: 🔧 CreateNodeFromScript: script='EnemyInRange', type='Condition'
[INF][PRS]: ✅ Created condition for script 'EnemyInRange'
[INF][PRS]: 🔍 Creating node: Condition HasMana
[DBG][PRS]: 🔍 Properties: min_mana=50
[INF][PRS]: 🚀 Creating Condition with script 'HasMana'
[DBG][PRS]: 🔧 CreateNodeFromScript: script='HasMana', type='Condition'
[INF][PRS]: ✅ Created condition for script 'HasMana'
[INF][PRS]: 🔍 Creating node: Action CastSpell
[DBG][PRS]: 🔍 Properties: spell_name=fireball, damage=60, mana_cost=50
[INF][PRS]: 🚀 Creating Action with script 'CastSpell'
[DBG][PRS]: 🔧 CreateNodeFromScript: script='CastSpell', type='Action'
[INF][PRS]: ✅ Created action for script 'CastSpell'
[INF][PRS]: 🔍 Creating node: Sequence MagicAttack
[DBG][PRS]: 🔍 Properties: 
[DBG][PRS]: 🔧 Creating composite node: Sequence
[INF][PRS]: 🔍 Creating node: Action NormalAttack
[DBG][PRS]: 🔍 Properties: damage=25, attack_range=2.0
[INF][PRS]: 🚀 Creating Action with script 'NormalAttack'
[DBG][PRS]: 🔧 CreateNodeFromScript: script='NormalAttack', type='Action'
[INF][PRS]: ✅ Created action for script 'NormalAttack'
[INF][PRS]: 🔍 Creating node: Selector CombatSelector
[DBG][PRS]: 🔍 Properties: 
[DBG][PRS]: 🔧 Creating composite node: Selector
[INF][PRS]: 🔍 Creating node: Sequence CombatSequence
[DBG][PRS]: 🔍 Properties: 
[DBG][PRS]: 🔧 Creating composite node: Sequence
[INF][PRS]: 🔍 Creating node: Action ScanEnvironment
[DBG][PRS]: 🔍 Properties: scan_radius=15.0, scan_interval=2.0
[INF][PRS]: 🚀 Creating Action with script 'ScanEnvironment'
[DBG][PRS]: 🔧 CreateNodeFromScript: script='ScanEnvironment', type='Action'
[INF][PRS]: ✅ Created action for script 'ScanEnvironment'
[INF][PRS]: 🔍 Creating node: Action RandomWander
[DBG][PRS]: 🔍 Properties: speed=2.0, wander_radius=10.0
[INF][PRS]: 🚀 Creating Action with script 'RandomWander'
[DBG][PRS]: 🔧 CreateNodeFromScript: script='RandomWander', type='Action'
[INF][PRS]: ✅ Created action for script 'RandomWander'
[INF][PRS]: 🔍 Creating node: Sequence PatrolSequence
[DBG][PRS]: 🔍 Properties: 
[DBG][PRS]: 🔧 Creating composite node: Sequence
[INF][PRS]: 🔍 Creating node: Selector MainSelector
[DBG][PRS]: 🔍 Properties: 
[DBG][PRS]: 🔧 Creating composite node: Selector
[DBG][PRS]: ✅ Successfully parsed tree 'AIBehaviorTree' with root node: MainSelector
]]></output>
            </test-case>
            <test-case id="1094" name="ParseContent_SimpleParallelTree_ReturnsParallelNode" fullname="ArcBT.Tests.BTParserTests.ParseContent_SimpleParallelTree_ReturnsParallelNode" methodname="ParseContent_SimpleParallelTree_ReturnsParallelNode" classname="ArcBT.Tests.BTParserTests" runstate="Runnable" seed="1491335715" result="Passed" start-time="2025-07-28 12:09:40Z" end-time="2025-07-28 12:09:40Z" duration="0.001014" asserts="0">
              <properties>
                <property name="Description" value="シンプルなParallelツリーが正常に解析されParallelNodeが返されることを確認" />
                <property name="retryIteration" value="0" />
                <property name="repeatIteration" value="0" />
              </properties>
              <output><![CDATA[[INF][PRS]: 📋 Parsing tree: TestTree
[INF][PRS]: 🔍 Creating node: Parallel RootParallel
[DBG][PRS]: 🔍 Properties: 
[DBG][PRS]: 🔧 Creating composite node: Parallel
[DBG][PRS]: ✅ Successfully parsed tree 'TestTree' with root node: RootParallel
]]></output>
            </test-case>
            <test-case id="1093" name="ParseContent_SimpleSelectorTree_ReturnsSelectorNode" fullname="ArcBT.Tests.BTParserTests.ParseContent_SimpleSelectorTree_ReturnsSelectorNode" methodname="ParseContent_SimpleSelectorTree_ReturnsSelectorNode" classname="ArcBT.Tests.BTParserTests" runstate="Runnable" seed="1649613512" result="Passed" start-time="2025-07-28 12:09:40Z" end-time="2025-07-28 12:09:40Z" duration="0.000974" asserts="0">
              <properties>
                <property name="Description" value="シンプルなSelectorツリーが正常に解析されSelectorNodeが返されることを確認" />
                <property name="retryIteration" value="0" />
                <property name="repeatIteration" value="0" />
              </properties>
              <output><![CDATA[[INF][PRS]: 📋 Parsing tree: TestTree
[INF][PRS]: 🔍 Creating node: Selector RootSelector
[DBG][PRS]: 🔍 Properties: 
[DBG][PRS]: 🔧 Creating composite node: Selector
[DBG][PRS]: ✅ Successfully parsed tree 'TestTree' with root node: RootSelector
]]></output>
            </test-case>
            <test-case id="1092" name="ParseContent_SimpleSequenceTree_ReturnsSequenceNode" fullname="ArcBT.Tests.BTParserTests.ParseContent_SimpleSequenceTree_ReturnsSequenceNode" methodname="ParseContent_SimpleSequenceTree_ReturnsSequenceNode" classname="ArcBT.Tests.BTParserTests" runstate="Runnable" seed="2057780287" result="Passed" start-time="2025-07-28 12:09:40Z" end-time="2025-07-28 12:09:40Z" duration="0.000964" asserts="0">
              <properties>
                <property name="Description" value="シンプルなSequenceツリーが正常に解析されSequenceNodeが返されることを確認" />
                <property name="retryIteration" value="0" />
                <property name="repeatIteration" value="0" />
              </properties>
              <output><![CDATA[[INF][PRS]: 📋 Parsing tree: TestTree
[INF][PRS]: 🔍 Creating node: Sequence RootSequence
[DBG][PRS]: 🔍 Properties: 
[DBG][PRS]: 🔧 Creating composite node: Sequence
[DBG][PRS]: ✅ Successfully parsed tree 'TestTree' with root node: RootSequence
]]></output>
            </test-case>
            <test-case id="1105" name="ParseContent_StringProperties_ParsedCorrectly" fullname="ArcBT.Tests.BTParserTests.ParseContent_StringProperties_ParsedCorrectly" methodname="ParseContent_StringProperties_ParsedCorrectly" classname="ArcBT.Tests.BTParserTests" runstate="Runnable" seed="1864638990" result="Passed" start-time="2025-07-28 12:09:40Z" end-time="2025-07-28 12:09:40Z" duration="0.001342" asserts="0">
              <properties>
                <property name="Description" value="文字列プロパティが正しく解析されることを確認" />
                <property name="retryIteration" value="0" />
                <property name="repeatIteration" value="0" />
              </properties>
              <output><![CDATA[[INF][PRS]: 📋 Parsing tree: TestTree
[INF][PRS]: 🔍 Creating node: Action CastSpell
[DBG][PRS]: 🔍 Properties: spell_name=fireball, element_type=fire, target_type=enemy
[INF][PRS]: 🚀 Creating Action with script 'CastSpell'
[DBG][PRS]: 🔧 CreateNodeFromScript: script='CastSpell', type='Action'
[INF][PRS]: ✅ Created action for script 'CastSpell'
[DBG][PRS]: ✅ Successfully parsed tree 'TestTree' with root node: Action:CastSpell
]]></output>
            </test-case>
            <test-case id="1097" name="ParseContent_UnknownAction_CreatesCustomActionNode" fullname="ArcBT.Tests.BTParserTests.ParseContent_UnknownAction_CreatesCustomActionNode" methodname="ParseContent_UnknownAction_CreatesCustomActionNode" classname="ArcBT.Tests.BTParserTests" runstate="Runnable" seed="1720821801" result="Passed" start-time="2025-07-28 12:09:40Z" end-time="2025-07-28 12:09:40Z" duration="0.002590" asserts="0">
              <properties>
                <property name="Description" value="未登録のActionが指定された場合に適切にエラーハンドリングされることを確認" />
                <property name="retryIteration" value="0" />
                <property name="repeatIteration" value="0" />
              </properties>
              <output><![CDATA[[INF][PRS]: 📋 Parsing tree: TestTree
[INF][PRS]: 🔍 Creating node: Action UnknownAction
[DBG][PRS]: 🔍 Properties: 
[INF][PRS]: 🚀 Creating Action with script 'UnknownAction'
[DBG][PRS]: 🔧 CreateNodeFromScript: script='UnknownAction', type='Action'
[ERR][PRS]: Failed to create node: Action UnknownAction
[ERR][PRS]: Unknown action script: UnknownAction. Please register the node in BTStaticNodeRegistry or use source generator.
[ERR][PRS]: Failed to create node of type: Action
]]></output>
            </test-case>
            <test-case id="1101" name="ParseContent_UnknownCondition_CreatesCustomConditionNode" fullname="ArcBT.Tests.BTParserTests.ParseContent_UnknownCondition_CreatesCustomConditionNode" methodname="ParseContent_UnknownCondition_CreatesCustomConditionNode" classname="ArcBT.Tests.BTParserTests" runstate="Runnable" seed="2006782348" result="Passed" start-time="2025-07-28 12:09:40Z" end-time="2025-07-28 12:09:40Z" duration="0.002275" asserts="0">
              <properties>
                <property name="Description" value="未登録のConditionが指定された場合に適切にエラーハンドリングされることを確認" />
                <property name="retryIteration" value="0" />
                <property name="repeatIteration" value="0" />
              </properties>
              <output><![CDATA[[INF][PRS]: 📋 Parsing tree: TestTree
[INF][PRS]: 🔍 Creating node: Condition UnknownCondition
[DBG][PRS]: 🔍 Properties: 
[INF][PRS]: 🚀 Creating Condition with script 'UnknownCondition'
[DBG][PRS]: 🔧 CreateNodeFromScript: script='UnknownCondition', type='Condition'
[ERR][PRS]: Failed to create node: Condition UnknownCondition
[ERR][PRS]: Unknown condition script: UnknownCondition. Please register the node in BTStaticNodeRegistry or use source generator.
[ERR][PRS]: Failed to create node of type: Condition
]]></output>
            </test-case>
            <test-case id="1108" name="ParseContent_WithComments_IgnoresComments" fullname="ArcBT.Tests.BTParserTests.ParseContent_WithComments_IgnoresComments" methodname="ParseContent_WithComments_IgnoresComments" classname="ArcBT.Tests.BTParserTests" runstate="Runnable" seed="223296273" result="Passed" start-time="2025-07-28 12:09:40Z" end-time="2025-07-28 12:09:40Z" duration="0.001372" asserts="0">
              <properties>
                <property name="Description" value="コメント（#）が含まれるBTファイルでコメントが正しく無視されることを確認" />
                <property name="retryIteration" value="0" />
                <property name="repeatIteration" value="0" />
              </properties>
              <output><![CDATA[[INF][PRS]: 📋 Parsing tree: TestTree
[INF][PRS]: 🔍 Creating node: Action Wait
[DBG][PRS]: 🔍 Properties: duration=1.0
[INF][PRS]: 🚀 Creating Action with script 'Wait'
[DBG][PRS]: 🔧 CreateNodeFromScript: script='Wait', type='Action'
[INF][PRS]: ✅ Created action for script 'Wait'
[INF][PRS]: 🔍 Creating node: Sequence RootSequence
[DBG][PRS]: 🔍 Properties: 
[DBG][PRS]: 🔧 Creating composite node: Sequence
[DBG][PRS]: ✅ Successfully parsed tree 'TestTree' with root node: RootSequence
]]></output>
            </test-case>
            <test-case id="1109" name="ParseContent_WithExtraWhitespace_ParsesCorrectly" fullname="ArcBT.Tests.BTParserTests.ParseContent_WithExtraWhitespace_ParsesCorrectly" methodname="ParseContent_WithExtraWhitespace_ParsesCorrectly" classname="ArcBT.Tests.BTParserTests" runstate="Runnable" seed="944830416" result="Passed" start-time="2025-07-28 12:09:40Z" end-time="2025-07-28 12:09:40Z" duration="0.001141" asserts="0">
              <properties>
                <property name="Description" value="余分な空白文字が含まれるBTファイルが正しく解析されることを確認" />
                <property name="retryIteration" value="0" />
                <property name="repeatIteration" value="0" />
              </properties>
              <output><![CDATA[[INF][PRS]: 📋 Parsing tree: TestTree
[INF][PRS]: 🔍 Creating node: Action Wait
[DBG][PRS]: 🔍 Properties: duration=1.0
[INF][PRS]: 🚀 Creating Action with script 'Wait'
[DBG][PRS]: 🔧 CreateNodeFromScript: script='Wait', type='Action'
[INF][PRS]: ✅ Created action for script 'Wait'
[INF][PRS]: 🔍 Creating node: Sequence RootSequence
[DBG][PRS]: 🔍 Properties: 
[DBG][PRS]: 🔧 Creating composite node: Sequence
[DBG][PRS]: ✅ Successfully parsed tree 'TestTree' with root node: RootSequence
]]></output>
            </test-case>
            <test-case id="1111" name="ParseFile_NonExistentFile_ReturnsNull" fullname="ArcBT.Tests.BTParserTests.ParseFile_NonExistentFile_ReturnsNull" methodname="ParseFile_NonExistentFile_ReturnsNull" classname="ArcBT.Tests.BTParserTests" runstate="Runnable" seed="329849761" result="Passed" start-time="2025-07-28 12:09:40Z" end-time="2025-07-28 12:09:40Z" duration="0.001537" asserts="0">
              <properties>
                <property name="Description" value="存在しないBTファイルの読み込み時に適切にnullが返されることを確認" />
                <property name="retryIteration" value="0" />
                <property name="repeatIteration" value="0" />
              </properties>
              <output><![CDATA[[ERR][PRS]: BT file not found: non_existent_file.bt
]]></output>
            </test-case>
            <test-case id="1110" name="ParseFile_ValidFile_ReturnsCorrectTree" fullname="ArcBT.Tests.BTParserTests.ParseFile_ValidFile_ReturnsCorrectTree" methodname="ParseFile_ValidFile_ReturnsCorrectTree" classname="ArcBT.Tests.BTParserTests" runstate="Runnable" seed="2048817187" result="Passed" start-time="2025-07-28 12:09:40Z" end-time="2025-07-28 12:09:40Z" duration="0.002587" asserts="0">
              <properties>
                <property name="Description" value="有効なBTファイルからツリーが正しく読み込まれることを確認" />
                <property name="retryIteration" value="0" />
                <property name="repeatIteration" value="0" />
              </properties>
              <output><![CDATA[[INF][PRS]: 📋 Parsing tree: FileTree
[INF][PRS]: 🔍 Creating node: Action Wait
[DBG][PRS]: 🔍 Properties: duration=2.0
[INF][PRS]: 🚀 Creating Action with script 'Wait'
[DBG][PRS]: 🔧 CreateNodeFromScript: script='Wait', type='Action'
[INF][PRS]: ✅ Created action for script 'Wait'
[INF][PRS]: 🔍 Creating node: Selector Root
[DBG][PRS]: 🔍 Properties: 
[DBG][PRS]: 🔧 Creating composite node: Selector
[DBG][PRS]: ✅ Successfully parsed tree 'FileTree' with root node: Root
]]></output>
            </test-case>
          </test-suite>
          <test-suite type="TestFixture" id="1116" name="BTParsingTests" fullname="ArcBT.Tests.BTParsingTests" classname="ArcBT.Tests.BTParsingTests" runstate="Runnable" testcasecount="6" result="Passed" start-time="2025-07-28 12:09:40Z" end-time="2025-07-28 12:09:40Z" duration="0.086384" total="6" passed="6" failed="0" inconclusive="0" skipped="0" asserts="0">
            <properties />
            <test-case id="1117" name="TestAllBTFilesParseSuccessfully" fullname="ArcBT.Tests.BTParsingTests.TestAllBTFilesParseSuccessfully" methodname="TestAllBTFilesParseSuccessfully" classname="ArcBT.Tests.BTParsingTests" runstate="Runnable" seed="846598081" result="Passed" start-time="2025-07-28 12:09:40Z" end-time="2025-07-28 12:09:40Z" duration="0.012080" asserts="0">
              <properties>
                <property name="Description" value="全ての.btファイル（blackboard_sample.bt等）が正常にパースできることを確認" />
                <property name="retryIteration" value="0" />
                <property name="repeatIteration" value="0" />
              </properties>
              <reason>
                <message><![CDATA[All 4 BT files parsed successfully!]]></message>
              </reason>
              <output><![CDATA[[INF][SYS]: Testing BT file: blackboard_sample.bt
[INF][PRS]: 📋 Parsing tree: BlackBoardSample
[INF][PRS]: 🔍 Creating node: Action ScanEnvironment
[DBG][PRS]: 🔍 Properties: scan_radius=15.0
[INF][PRS]: 🚀 Creating Action with script 'ScanEnvironment'
[DBG][PRS]: 🔧 CreateNodeFromScript: script='ScanEnvironment', type='Action'
[INF][PRS]: ✅ Created action for script 'ScanEnvironment'
[INF][PRS]: 🔍 Creating node: Condition HasSharedEnemyInfo
[DBG][PRS]: 🔍 Properties: 
[INF][PRS]: 🚀 Creating Condition with script 'HasSharedEnemyInfo'
[DBG][PRS]: 🔧 CreateNodeFromScript: script='HasSharedEnemyInfo', type='Condition'
[INF][PRS]: ✅ Created condition for script 'HasSharedEnemyInfo'
[INF][PRS]: 🔍 Creating node: Action MoveToEnemy
[DBG][PRS]: 🔍 Properties: speed=4.0, tolerance=1.5
[INF][PRS]: 🚀 Creating Action with script 'MoveToEnemy'
[DBG][PRS]: 🔧 CreateNodeFromScript: script='MoveToEnemy', type='Action'
[INF][PRS]: ✅ Created action for script 'MoveToEnemy'
[INF][PRS]: 🔍 Creating node: Action AttackTarget
[DBG][PRS]: 🔍 Properties: damage=30
[INF][PRS]: 🚀 Creating Action with script 'AttackTarget'
[DBG][PRS]: 🔧 CreateNodeFromScript: script='AttackTarget', type='Action'
[INF][PRS]: ✅ Created action for script 'AttackTarget'
[INF][PRS]: 🔍 Creating node: Sequence move_to_enemy
[DBG][PRS]: 🔍 Properties: 
[DBG][PRS]: 🔧 Creating composite node: Sequence
[INF][PRS]: 🔍 Creating node: Action RandomWander
[DBG][PRS]: 🔍 Properties: wander_radius=10.0, speed=2.0
[INF][PRS]: 🚀 Creating Action with script 'RandomWander'
[DBG][PRS]: 🔧 CreateNodeFromScript: script='RandomWander', type='Action'
[INF][PRS]: ✅ Created action for script 'RandomWander'
[INF][PRS]: 🔍 Creating node: Selector movement_behavior
[DBG][PRS]: 🔍 Properties: 
[DBG][PRS]: 🔧 Creating composite node: Selector
[INF][PRS]: 🔍 Creating node: Sequence main
[DBG][PRS]: 🔍 Properties: 
[DBG][PRS]: 🔧 Creating composite node: Sequence
[DBG][PRS]: ✅ Successfully parsed tree 'BlackBoardSample' with root node: main
[INF][SYS]: ✅ Successfully parsed: blackboard_sample.bt
[INF][SYS]: Testing BT file: team_coordination_sample.bt
[INF][PRS]: 📋 Parsing tree: TeamCoordinationSample
[INF][PRS]: 🔍 Creating node: Action RandomWander
[DBG][PRS]: 🔍 Properties: wander_radius=20.0, speed=3.0
[INF][PRS]: 🚀 Creating Action with script 'RandomWander'
[DBG][PRS]: 🔧 CreateNodeFromScript: script='RandomWander', type='Action'
[INF][PRS]: ✅ Created action for script 'RandomWander'
[INF][PRS]: 🔍 Creating node: Action ScanEnvironment
[DBG][PRS]: 🔍 Properties: scan_radius=15.0
[INF][PRS]: 🚀 Creating Action with script 'ScanEnvironment'
[DBG][PRS]: 🔧 CreateNodeFromScript: script='ScanEnvironment', type='Action'
[INF][PRS]: ✅ Created action for script 'ScanEnvironment'
[INF][PRS]: 🔍 Creating node: Sequence scout_role
[DBG][PRS]: 🔍 Properties: 
[DBG][PRS]: 🔧 Creating composite node: Sequence
[INF][PRS]: 🔍 Creating node: Condition HasSharedEnemyInfo
[DBG][PRS]: 🔍 Properties: 
[INF][PRS]: 🚀 Creating Condition with script 'HasSharedEnemyInfo'
[DBG][PRS]: 🔧 CreateNodeFromScript: script='HasSharedEnemyInfo', type='Condition'
[INF][PRS]: ✅ Created condition for script 'HasSharedEnemyInfo'
[INF][PRS]: 🔍 Creating node: Action AttackTarget
[DBG][PRS]: 🔍 Properties: damage=40, attack_range=3.0
[INF][PRS]: 🚀 Creating Action with script 'AttackTarget'
[DBG][PRS]: 🔧 CreateNodeFromScript: script='AttackTarget', type='Action'
[INF][PRS]: ✅ Created action for script 'AttackTarget'
[INF][PRS]: 🔍 Creating node: Sequence combat_role
[DBG][PRS]: 🔍 Properties: 
[DBG][PRS]: 🔧 Creating composite node: Sequence
[INF][PRS]: 🔍 Creating node: Condition HealthCheck
[DBG][PRS]: 🔍 Properties: min_health=30
[INF][PRS]: 🚀 Creating Condition with script 'HealthCheck'
[DBG][PRS]: 🔧 CreateNodeFromScript: script='HealthCheck', type='Condition'
[INF][PRS]: ✅ Created condition for script 'HealthCheck'
[INF][PRS]: 🔍 Creating node: Action Wait
[DBG][PRS]: 🔍 Properties: duration=1.0
[INF][PRS]: 🚀 Creating Action with script 'Wait'
[DBG][PRS]: 🔧 CreateNodeFromScript: script='Wait', type='Action'
[INF][PRS]: ✅ Created action for script 'Wait'
[INF][PRS]: 🔍 Creating node: Sequence support_role
[DBG][PRS]: 🔍 Properties: 
[DBG][PRS]: 🔧 Creating composite node: Sequence
[INF][PRS]: 🔍 Creating node: Parallel team_behavior
[DBG][PRS]: 🔍 Properties: success_policy=require_one, failure_policy=require_all
[DBG][PRS]: 🔧 Creating composite node: Parallel
[DBG][PRS]: ✅ Successfully parsed tree 'TeamCoordinationSample' with root node: team_behavior
[INF][SYS]: ✅ Successfully parsed: team_coordination_sample.bt
[INF][SYS]: Testing BT file: dynamic_condition_sample.bt
[INF][PRS]: 📋 Parsing tree: DynamicConditionSample
[INF][PRS]: 🔍 Creating node: Condition HealthCheck
[DBG][PRS]: 🔍 Properties: min_health=50
[INF][PRS]: 🚀 Creating Condition with script 'HealthCheck'
[DBG][PRS]: 🔧 CreateNodeFromScript: script='HealthCheck', type='Condition'
[INF][PRS]: ✅ Created condition for script 'HealthCheck'
[INF][PRS]: 🔍 Creating node: Condition EnemyCheck
[DBG][PRS]: 🔍 Properties: detection_range=10.0
[INF][PRS]: 🚀 Creating Condition with script 'EnemyCheck'
[DBG][PRS]: 🔧 CreateNodeFromScript: script='EnemyCheck', type='Condition'
[INF][PRS]: ✅ Created condition for script 'EnemyCheck'
[INF][PRS]: 🔍 Creating node: Action AttackEnemy
[DBG][PRS]: 🔍 Properties: damage=35, attack_range=2.5
[INF][PRS]: 🚀 Creating Action with script 'AttackEnemy'
[DBG][PRS]: 🔧 CreateNodeFromScript: script='AttackEnemy', type='Action'
[INF][PRS]: ✅ Created action for script 'AttackEnemy'
[INF][PRS]: 🔍 Creating node: Sequence healthy_combat
[DBG][PRS]: 🔍 Properties: 
[DBG][PRS]: 🔧 Creating composite node: Sequence
[INF][PRS]: 🔍 Creating node: Condition HealthCheck
[DBG][PRS]: 🔍 Properties: min_health=20
[INF][PRS]: 🚀 Creating Condition with script 'HealthCheck'
[DBG][PRS]: 🔧 CreateNodeFromScript: script='HealthCheck', type='Condition'
[INF][PRS]: ✅ Created condition for script 'HealthCheck'
[INF][PRS]: 🔍 Creating node: Action MoveToPosition
[DBG][PRS]: 🔍 Properties: target=safe_zone, speed=3.0
[INF][PRS]: 🚀 Creating Action with script 'MoveToPosition'
[DBG][PRS]: 🔧 CreateNodeFromScript: script='MoveToPosition', type='Action'
[INF][PRS]: ✅ Created action for script 'MoveToPosition'
[INF][PRS]: 🔍 Creating node: Action Wait
[DBG][PRS]: 🔍 Properties: duration=3.0
[INF][PRS]: 🚀 Creating Action with script 'Wait'
[DBG][PRS]: 🔧 CreateNodeFromScript: script='Wait', type='Action'
[INF][PRS]: ✅ Created action for script 'Wait'
[INF][PRS]: 🔍 Creating node: Sequence safe_healing
[DBG][PRS]: 🔍 Properties: 
[DBG][PRS]: 🔧 Creating composite node: Sequence
[INF][PRS]: 🔍 Creating node: Action MoveToPosition
[DBG][PRS]: 🔍 Properties: target=emergency_exit, speed=6.0
[INF][PRS]: 🚀 Creating Action with script 'MoveToPosition'
[DBG][PRS]: 🔧 CreateNodeFromScript: script='MoveToPosition', type='Action'
[INF][PRS]: ✅ Created action for script 'MoveToPosition'
[INF][PRS]: 🔍 Creating node: Selector main
[DBG][PRS]: 🔍 Properties: 
[DBG][PRS]: 🔧 Creating composite node: Selector
[DBG][PRS]: ✅ Successfully parsed tree 'DynamicConditionSample' with root node: main
[INF][SYS]: ✅ Successfully parsed: dynamic_condition_sample.bt
[INF][SYS]: Testing BT file: resource_management_sample.bt
[INF][PRS]: 📋 Parsing tree: ResourceManagementSample
[INF][PRS]: 🔍 Creating node: Action InitializeResources
[DBG][PRS]: 🔍 Properties: 
[INF][PRS]: 🚀 Creating Action with script 'InitializeResources'
[DBG][PRS]: 🔧 CreateNodeFromScript: script='InitializeResources', type='Action'
[INF][PRS]: ✅ Created action for script 'InitializeResources'
[INF][PRS]: 🔍 Creating node: Condition CheckManaResource
[DBG][PRS]: 🔍 Properties: min_mana=50
[INF][PRS]: 🚀 Creating Condition with script 'CheckManaResource'
[DBG][PRS]: 🔧 CreateNodeFromScript: script='CheckManaResource', type='Condition'
[INF][PRS]: ✅ Created condition for script 'CheckManaResource'
[INF][PRS]: 🔍 Creating node: Action CastSpell
[DBG][PRS]: 🔍 Properties: spell_name=fireball, mana_cost=50, damage=60
[INF][PRS]: 🚀 Creating Action with script 'CastSpell'
[DBG][PRS]: 🔧 CreateNodeFromScript: script='CastSpell', type='Action'
[INF][PRS]: ✅ Created action for script 'CastSpell'
[INF][PRS]: 🔍 Creating node: Sequence magic_attack
[DBG][PRS]: 🔍 Properties: 
[DBG][PRS]: 🔧 Creating composite node: Sequence
[INF][PRS]: 🔍 Creating node: Condition HealthCheck
[DBG][PRS]: 🔍 Properties: min_health=30
[INF][PRS]: 🚀 Creating Condition with script 'HealthCheck'
[DBG][PRS]: 🔧 CreateNodeFromScript: script='HealthCheck', type='Condition'
[INF][PRS]: ✅ Created condition for script 'HealthCheck'
[INF][PRS]: 🔍 Creating node: Condition HasItem
[DBG][PRS]: 🔍 Properties: item_type=healing_potion
[INF][PRS]: 🚀 Creating Condition with script 'HasItem'
[DBG][PRS]: 🔧 CreateNodeFromScript: script='HasItem', type='Condition'
[INF][PRS]: ✅ Created condition for script 'HasItem'
[INF][PRS]: 🔍 Creating node: Action UseItem
[DBG][PRS]: 🔍 Properties: item_type=healing_potion, duration=2.0
[INF][PRS]: 🚀 Creating Action with script 'UseItem'
[DBG][PRS]: 🔧 CreateNodeFromScript: script='UseItem', type='Action'
[INF][PRS]: ✅ Created action for script 'UseItem'
[INF][PRS]: 🔍 Creating node: Sequence healing_behavior
[DBG][PRS]: 🔍 Properties: 
[DBG][PRS]: 🔧 Creating composite node: Sequence
[INF][PRS]: 🔍 Creating node: Action Attack
[DBG][PRS]: 🔍 Properties: damage=25
[INF][PRS]: 🚀 Creating Action with script 'Attack'
[DBG][PRS]: 🔧 CreateNodeFromScript: script='Attack', type='Action'
[INF][PRS]: ✅ Created action for script 'Attack'
[INF][PRS]: 🔍 Creating node: Action RestoreSmallMana
[DBG][PRS]: 🔍 Properties: mana_gain=10
[INF][PRS]: 🚀 Creating Action with script 'RestoreSmallMana'
[DBG][PRS]: 🔧 CreateNodeFromScript: script='RestoreSmallMana', type='Action'
[INF][PRS]: ✅ Created action for script 'RestoreSmallMana'
[INF][PRS]: 🔍 Creating node: Sequence physical_attack
[DBG][PRS]: 🔍 Properties: 
[DBG][PRS]: 🔧 Creating composite node: Sequence
[INF][PRS]: 🔍 Creating node: Selector resource_behavior
[DBG][PRS]: 🔍 Properties: 
[DBG][PRS]: 🔧 Creating composite node: Selector
[INF][PRS]: 🔍 Creating node: Sequence main
[DBG][PRS]: 🔍 Properties: 
[DBG][PRS]: 🔧 Creating composite node: Sequence
[DBG][PRS]: ✅ Successfully parsed tree 'ResourceManagementSample' with root node: main
[INF][SYS]: ✅ Successfully parsed: resource_management_sample.bt
[INF][SYS]: 🎯 Parsing Test Results:
[INF][SYS]: 📊 Total files: 4
[INF][SYS]: ✅ Successful: 4
[INF][SYS]: ❌ Failed: 0
[INF][SYS]: ✅ Successfully parsed files:
  - blackboard_sample.bt
  - team_coordination_sample.bt
  - dynamic_condition_sample.bt
  - resource_management_sample.bt
]]></output>
            </test-case>
            <test-case id="1121" name="TestBlackBoardNodes" fullname="ArcBT.Tests.BTParsingTests.TestBlackBoardNodes" methodname="TestBlackBoardNodes" classname="ArcBT.Tests.BTParsingTests" runstate="Runnable" seed="19281633" result="Passed" start-time="2025-07-28 12:09:40Z" end-time="2025-07-28 12:09:40Z" duration="0.001084" asserts="0">
              <properties>
                <property name="Description" value="BlackBoard専用ノード（ScanEnvironment、HasSharedEnemyInfo、AttackTarget）が正しく認識・解析されることを確認" />
                <property name="retryIteration" value="0" />
                <property name="repeatIteration" value="0" />
              </properties>
              <output><![CDATA[[INF][PRS]: 📋 Parsing tree: BlackBoardTest
[INF][PRS]: 🔍 Creating node: Action ScanEnvironment
[DBG][PRS]: 🔍 Properties: scan_radius=15.0
[INF][PRS]: 🚀 Creating Action with script 'ScanEnvironment'
[DBG][PRS]: 🔧 CreateNodeFromScript: script='ScanEnvironment', type='Action'
[INF][PRS]: ✅ Created action for script 'ScanEnvironment'
[INF][PRS]: 🔍 Creating node: Condition HasSharedEnemyInfo
[DBG][PRS]: 🔍 Properties: 
[INF][PRS]: 🚀 Creating Condition with script 'HasSharedEnemyInfo'
[DBG][PRS]: 🔧 CreateNodeFromScript: script='HasSharedEnemyInfo', type='Condition'
[INF][PRS]: ✅ Created condition for script 'HasSharedEnemyInfo'
[INF][PRS]: 🔍 Creating node: Action AttackTarget
[DBG][PRS]: 🔍 Properties: damage=30
[INF][PRS]: 🚀 Creating Action with script 'AttackTarget'
[DBG][PRS]: 🔧 CreateNodeFromScript: script='AttackTarget', type='Action'
[INF][PRS]: ✅ Created action for script 'AttackTarget'
[INF][PRS]: 🔍 Creating node: Sequence main
[DBG][PRS]: 🔍 Properties: 
[DBG][PRS]: 🔧 Creating composite node: Sequence
[DBG][PRS]: ✅ Successfully parsed tree 'BlackBoardTest' with root node: main
[INF][SYS]: ✅ BlackBoard node tests passed
]]></output>
            </test-case>
            <test-case id="1120" name="TestNodeCreation" fullname="ArcBT.Tests.BTParsingTests.TestNodeCreation" methodname="TestNodeCreation" classname="ArcBT.Tests.BTParsingTests" runstate="Runnable" seed="642898026" result="Passed" start-time="2025-07-28 12:09:40Z" end-time="2025-07-28 12:09:40Z" duration="0.000966" asserts="0">
              <properties>
                <property name="Description" value="基本的なSequenceノードとAction/Conditionノードが正しく解析・作成されることを確認" />
                <property name="retryIteration" value="0" />
                <property name="repeatIteration" value="0" />
              </properties>
              <output><![CDATA[[INF][PRS]: 📋 Parsing tree: TestTree
[INF][PRS]: 🔍 Creating node: Action MoveToPosition
[DBG][PRS]: 🔍 Properties: target=test_target, speed=3.5
[INF][PRS]: 🚀 Creating Action with script 'MoveToPosition'
[DBG][PRS]: 🔧 CreateNodeFromScript: script='MoveToPosition', type='Action'
[INF][PRS]: ✅ Created action for script 'MoveToPosition'
[INF][PRS]: 🔍 Creating node: Condition HealthCheck
[DBG][PRS]: 🔍 Properties: min_health=50
[INF][PRS]: 🚀 Creating Condition with script 'HealthCheck'
[DBG][PRS]: 🔧 CreateNodeFromScript: script='HealthCheck', type='Condition'
[INF][PRS]: ✅ Created condition for script 'HealthCheck'
[INF][PRS]: 🔍 Creating node: Sequence root
[DBG][PRS]: 🔍 Properties: 
[DBG][PRS]: 🔧 Creating composite node: Sequence
[DBG][PRS]: ✅ Successfully parsed tree 'TestTree' with root node: root
[INF][SYS]: ✅ Node creation tests passed
]]></output>
            </test-case>
            <test-case id="1119" name="TestParserErrorHandling" fullname="ArcBT.Tests.BTParsingTests.TestParserErrorHandling" methodname="TestParserErrorHandling" classname="ArcBT.Tests.BTParsingTests" runstate="Runnable" seed="1229329361" result="Passed" start-time="2025-07-28 12:09:40Z" end-time="2025-07-28 12:09:40Z" duration="0.001876" asserts="0">
              <properties>
                <property name="Description" value="パーサーエラーハンドリングをテスト" />
                <property name="retryIteration" value="0" />
                <property name="repeatIteration" value="0" />
              </properties>
              <output><![CDATA[[ERR][PRS]: BT file not found: nonexistent_file.bt
[ERR][PRS]: No tree definition found
[ERR][PRS]: No tree definition found
[INF][SYS]: ✅ Error handling tests passed
]]></output>
            </test-case>
            <test-case id="1122" name="TestParsingPerformance" fullname="ArcBT.Tests.BTParsingTests.TestParsingPerformance" methodname="TestParsingPerformance" classname="ArcBT.Tests.BTParsingTests" runstate="Runnable" seed="2120829609" result="Passed" start-time="2025-07-28 12:09:40Z" end-time="2025-07-28 12:09:40Z" duration="0.046679" asserts="0">
              <properties>
                <property name="Description" value="全てのBTファイルの解析処理時間を測定し、各ファイルが適切な時間内（10秒以内）で処理されることを確認" />
                <property name="retryIteration" value="0" />
                <property name="repeatIteration" value="0" />
              </properties>
              <output><![CDATA[[INF][PRS]: 📋 Parsing tree: AdvancedAI
[INF][PRS]: 🔍 Creating node: Condition CompareBlackBoard
[DBG][PRS]: 🔍 Properties: condition=current_health < 30
[INF][PRS]: 🚀 Creating Condition with script 'CompareBlackBoard'
[DBG][PRS]: 🔧 CreateNodeFromScript: script='CompareBlackBoard', type='Condition'
[INF][PRS]: ✅ Created condition for script 'CompareBlackBoard'
[DBG][CHK][CompareBlackBoard]: CompareBlackBoard 'CompareBlackBoard': Parsed 'current_health < 30' → key1='current_health', op='Less', value='30'
[INF][PRS]: 🔍 Creating node: Condition HasTarget
[DBG][PRS]: 🔍 Properties: target_tag=Enemy
[INF][PRS]: 🚀 Creating Condition with script 'HasTarget'
[DBG][PRS]: 🔧 CreateNodeFromScript: script='HasTarget', type='Condition'
[INF][PRS]: ✅ Created condition for script 'HasTarget'
[INF][PRS]: 🔍 Creating node: Action Log
[DBG][PRS]: 🔍 Properties: message=EMERGENCY! Attempting escape!, level=Warning
[INF][PRS]: 🚀 Creating Action with script 'Log'
[DBG][PRS]: 🔧 CreateNodeFromScript: script='Log', type='Action'
[INF][PRS]: ✅ Created action for script 'Log'
[INF][PRS]: 🔍 Creating node: Action SetBlackBoard
[DBG][PRS]: 🔍 Properties: key=ai_state, value=escaping
[INF][PRS]: 🚀 Creating Action with script 'SetBlackBoard'
[DBG][PRS]: 🔧 CreateNodeFromScript: script='SetBlackBoard', type='Action'
[INF][PRS]: ✅ Created action for script 'SetBlackBoard'
[INF][PRS]: 🔍 Creating node: Action MoveToPosition
[DBG][PRS]: 🔍 Properties: target=SafeZone, speed=8.0, tolerance=3.0
[INF][PRS]: 🚀 Creating Action with script 'MoveToPosition'
[DBG][PRS]: 🔧 CreateNodeFromScript: script='MoveToPosition', type='Action'
[INF][PRS]: ✅ Created action for script 'MoveToPosition'
[INF][PRS]: 🔍 Creating node: Sequence escape_sequence
[DBG][PRS]: 🔍 Properties: 
[DBG][PRS]: 🔧 Creating composite node: Sequence
[INF][PRS]: 🔍 Creating node: Timeout escape_with_timeout
[DBG][PRS]: 🔍 Properties: timeout=8.0, success_on_timeout=false
[DBG][PRS]: 🔧 Creating decorator node: Timeout
[INF][PRS]: 🔍 Creating node: Retry escape_attempt
[DBG][PRS]: 🔍 Properties: max_retries=3, retry_delay=1.5
[DBG][PRS]: 🔧 Creating decorator node: Retry
[INF][PRS]: 🔍 Creating node: Sequence emergency_response
[DBG][PRS]: 🔍 Properties: 
[DBG][PRS]: 🔧 Creating composite node: Sequence
[INF][PRS]: 🔍 Creating node: Condition HasTarget
[DBG][PRS]: 🔍 Properties: target_tag=Enemy
[INF][PRS]: 🚀 Creating Condition with script 'HasTarget'
[DBG][PRS]: 🔧 CreateNodeFromScript: script='HasTarget', type='Condition'
[INF][PRS]: ✅ Created condition for script 'HasTarget'
[INF][PRS]: 🔍 Creating node: Condition CompareBlackBoard
[DBG][PRS]: 🔍 Properties: condition=current_health >= 50
[INF][PRS]: 🚀 Creating Condition with script 'CompareBlackBoard'
[DBG][PRS]: 🔧 CreateNodeFromScript: script='CompareBlackBoard', type='Condition'
[INF][PRS]: ✅ Created condition for script 'CompareBlackBoard'
[DBG][CHK][CompareBlackBoard]: CompareBlackBoard 'CompareBlackBoard': Parsed 'current_health >= 50' → key1='current_health', op='GreaterEqual', value='50'
[INF][PRS]: 🔍 Creating node: Condition Random
[DBG][PRS]: 🔍 Properties: probability=0.75
[INF][PRS]: 🚀 Creating Condition with script 'Random'
[DBG][PRS]: 🔧 CreateNodeFromScript: script='Random', type='Condition'
[INF][PRS]: ✅ Created condition for script 'Random'
[INF][PRS]: 🔍 Creating node: Action Log
[DBG][PRS]: 🔍 Properties: message=Initiating aggressive attack, level=Info
[INF][PRS]: 🚀 Creating Action with script 'Log'
[DBG][PRS]: 🔧 CreateNodeFromScript: script='Log', type='Action'
[INF][PRS]: ✅ Created action for script 'Log'
[INF][PRS]: 🔍 Creating node: Action SetBlackBoard
[DBG][PRS]: 🔍 Properties: key=ai_state, value=attacking
[INF][PRS]: 🚀 Creating Action with script 'SetBlackBoard'
[DBG][PRS]: 🔧 CreateNodeFromScript: script='SetBlackBoard', type='Action'
[INF][PRS]: ✅ Created action for script 'SetBlackBoard'
[INF][PRS]: 🔍 Creating node: Action ScanEnvironment
[DBG][PRS]: 🔍 Properties: scan_radius=8.0, scan_interval=0.5
[INF][PRS]: 🚀 Creating Action with script 'ScanEnvironment'
[DBG][PRS]: 🔧 CreateNodeFromScript: script='ScanEnvironment', type='Action'
[INF][PRS]: ✅ Created action for script 'ScanEnvironment'
[INF][PRS]: 🔍 Creating node: Action MoveToPosition
[DBG][PRS]: 🔍 Properties: target=Enemy, speed=5.0, tolerance=2.0
[INF][PRS]: 🚀 Creating Action with script 'MoveToPosition'
[DBG][PRS]: 🔧 CreateNodeFromScript: script='MoveToPosition', type='Action'
[INF][PRS]: ✅ Created action for script 'MoveToPosition'
[INF][PRS]: 🔍 Creating node: Sequence attack_sequence
[DBG][PRS]: 🔍 Properties: 
[DBG][PRS]: 🔧 Creating composite node: Sequence
[INF][PRS]: 🔍 Creating node: Timeout aggressive_attack
[DBG][PRS]: 🔍 Properties: timeout=10.0
[DBG][PRS]: 🔧 Creating decorator node: Timeout
[INF][PRS]: 🔍 Creating node: Action Log
[DBG][PRS]: 🔍 Properties: message=Using defensive tactics, level=Info
[INF][PRS]: 🚀 Creating Action with script 'Log'
[DBG][PRS]: 🔧 CreateNodeFromScript: script='Log', type='Action'
[INF][PRS]: ✅ Created action for script 'Log'
[INF][PRS]: 🔍 Creating node: Action SetBlackBoard
[DBG][PRS]: 🔍 Properties: key=ai_state, value=defensive
[INF][PRS]: 🚀 Creating Action with script 'SetBlackBoard'
[DBG][PRS]: 🔧 CreateNodeFromScript: script='SetBlackBoard', type='Action'
[INF][PRS]: ✅ Created action for script 'SetBlackBoard'
[INF][PRS]: 🔍 Creating node: Action Wait
[DBG][PRS]: 🔍 Properties: duration=1.0
[INF][PRS]: 🚀 Creating Action with script 'Wait'
[DBG][PRS]: 🔧 CreateNodeFromScript: script='Wait', type='Action'
[INF][PRS]: ✅ Created action for script 'Wait'
[INF][PRS]: 🔍 Creating node: Condition Random
[DBG][PRS]: 🔍 Properties: probability=0.8
[INF][PRS]: 🚀 Creating Condition with script 'Random'
[DBG][PRS]: 🔧 CreateNodeFromScript: script='Random', type='Condition'
[INF][PRS]: ✅ Created condition for script 'Random'
[INF][PRS]: 🔍 Creating node: Inverter cautious_check
[DBG][PRS]: 🔍 Properties: 
[DBG][PRS]: 🔧 Creating decorator node: Inverter
[INF][PRS]: 🔍 Creating node: Sequence defensive_approach
[DBG][PRS]: 🔍 Properties: 
[DBG][PRS]: 🔧 Creating composite node: Sequence
[INF][PRS]: 🔍 Creating node: Selector combat_options
[DBG][PRS]: 🔍 Properties: 
[DBG][PRS]: 🔧 Creating composite node: Selector
[INF][PRS]: 🔍 Creating node: Repeat combat_loop
[DBG][PRS]: 🔍 Properties: count=5, stop_on_failure=true, reset_child=true
[DBG][PRS]: 🔧 Creating decorator node: Repeat
[INF][PRS]: 🔍 Creating node: Sequence combat_behavior
[DBG][PRS]: 🔍 Properties: 
[DBG][PRS]: 🔧 Creating composite node: Sequence
[INF][PRS]: 🔍 Creating node: Condition HasTarget
[DBG][PRS]: 🔍 Properties: target_tag=Enemy
[INF][PRS]: 🚀 Creating Condition with script 'HasTarget'
[DBG][PRS]: 🔧 CreateNodeFromScript: script='HasTarget', type='Condition'
[INF][PRS]: ✅ Created condition for script 'HasTarget'
[INF][PRS]: 🔍 Creating node: Inverter no_enemies
[DBG][PRS]: 🔍 Properties: 
[DBG][PRS]: 🔧 Creating decorator node: Inverter
[INF][PRS]: 🔍 Creating node: Condition Random
[DBG][PRS]: 🔍 Properties: probability=0.5
[INF][PRS]: 🚀 Creating Condition with script 'Random'
[DBG][PRS]: 🔧 CreateNodeFromScript: script='Random', type='Condition'
[INF][PRS]: ✅ Created condition for script 'Random'
[INF][PRS]: 🔍 Creating node: Action ScanEnvironment
[DBG][PRS]: 🔍 Properties: scan_radius=12.0, scan_interval=1.0
[INF][PRS]: 🚀 Creating Action with script 'ScanEnvironment'
[DBG][PRS]: 🔧 CreateNodeFromScript: script='ScanEnvironment', type='Action'
[INF][PRS]: ✅ Created action for script 'ScanEnvironment'
[INF][PRS]: 🔍 Creating node: Retry scan_with_retry
[DBG][PRS]: 🔍 Properties: max_retries=2, retry_delay=0.5
[DBG][PRS]: 🔧 Creating decorator node: Retry
[INF][PRS]: 🔍 Creating node: Action Log
[DBG][PRS]: 🔍 Properties: message=Environment scan completed, include_blackboard=true, blackboard_key=enemies_detected
[INF][PRS]: 🚀 Creating Action with script 'Log'
[DBG][PRS]: 🔧 CreateNodeFromScript: script='Log', type='Action'
[INF][PRS]: ✅ Created action for script 'Log'
[INF][PRS]: 🔍 Creating node: Sequence scan_exploration
[DBG][PRS]: 🔍 Properties: 
[DBG][PRS]: 🔧 Creating composite node: Sequence
[INF][PRS]: 🔍 Creating node: Action SetBlackBoard
[DBG][PRS]: 🔍 Properties: key=ai_state, value=exploring
[INF][PRS]: 🚀 Creating Action with script 'SetBlackBoard'
[DBG][PRS]: 🔧 CreateNodeFromScript: script='SetBlackBoard', type='Action'
[INF][PRS]: ✅ Created action for script 'SetBlackBoard'
[INF][PRS]: 🔍 Creating node: Action RandomWander
[DBG][PRS]: 🔍 Properties: speed=3.0, wander_radius=10.0
[INF][PRS]: 🚀 Creating Action with script 'RandomWander'
[DBG][PRS]: 🔧 CreateNodeFromScript: script='RandomWander', type='Action'
[INF][PRS]: ✅ Created action for script 'RandomWander'
[INF][PRS]: 🔍 Creating node: Timeout wander_timeout
[DBG][PRS]: 🔍 Properties: timeout=15.0, success_on_timeout=true
[DBG][PRS]: 🔧 Creating decorator node: Timeout
[INF][PRS]: 🔍 Creating node: Action Log
[DBG][PRS]: 🔍 Properties: message=Exploration phase completed, level=Debug
[INF][PRS]: 🚀 Creating Action with script 'Log'
[DBG][PRS]: 🔧 CreateNodeFromScript: script='Log', type='Action'
[INF][PRS]: ✅ Created action for script 'Log'
[INF][PRS]: 🔍 Creating node: Sequence wander_exploration
[DBG][PRS]: 🔍 Properties: 
[DBG][PRS]: 🔧 Creating composite node: Sequence
[INF][PRS]: 🔍 Creating node: Selector exploration_options
[DBG][PRS]: 🔍 Properties: 
[DBG][PRS]: 🔧 Creating composite node: Selector
[INF][PRS]: 🔍 Creating node: Repeat exploration_loop
[DBG][PRS]: 🔍 Properties: count=-1, stop_on_failure=false, reset_child=true
[DBG][PRS]: 🔧 Creating decorator node: Repeat
[INF][PRS]: 🔍 Creating node: Sequence exploration_behavior
[DBG][PRS]: 🔍 Properties: 
[DBG][PRS]: 🔧 Creating composite node: Sequence
[INF][PRS]: 🔍 Creating node: Action SetBlackBoard
[DBG][PRS]: 🔍 Properties: key=ai_state, value=idle
[INF][PRS]: 🚀 Creating Action with script 'SetBlackBoard'
[DBG][PRS]: 🔧 CreateNodeFromScript: script='SetBlackBoard', type='Action'
[INF][PRS]: ✅ Created action for script 'SetBlackBoard'
[INF][PRS]: 🔍 Creating node: Action Log
[DBG][PRS]: 🔍 Properties: message=AI in idle state, level=Debug, include_blackboard=true, blackboard_key=ai_state
[INF][PRS]: 🚀 Creating Action with script 'Log'
[DBG][PRS]: 🔧 CreateNodeFromScript: script='Log', type='Action'
[INF][PRS]: ✅ Created action for script 'Log'
[INF][PRS]: 🔍 Creating node: Action Wait
[DBG][PRS]: 🔍 Properties: duration=5.0
[INF][PRS]: 🚀 Creating Action with script 'Wait'
[DBG][PRS]: 🔧 CreateNodeFromScript: script='Wait', type='Action'
[INF][PRS]: ✅ Created action for script 'Wait'
[INF][PRS]: 🔍 Creating node: Timeout idle_timeout
[DBG][PRS]: 🔍 Properties: timeout=5.0, success_on_timeout=true
[DBG][PRS]: 🔧 Creating decorator node: Timeout
[INF][PRS]: 🔍 Creating node: Sequence idle_sequence
[DBG][PRS]: 🔍 Properties: 
[DBG][PRS]: 🔧 Creating composite node: Sequence
[INF][PRS]: 🔍 Creating node: Repeat default_idle
[DBG][PRS]: 🔍 Properties: count=-1, reset_child=true
[DBG][PRS]: 🔧 Creating decorator node: Repeat
[INF][PRS]: 🔍 Creating node: Selector main_behavior
[DBG][PRS]: 🔍 Properties: 
[DBG][PRS]: 🔧 Creating composite node: Selector
[DBG][PRS]: ✅ Successfully parsed tree 'AdvancedAI' with root node: main_behavior
[INF][SYS]: ⏱️ advanced_ai_sample.bt: 6ms
[INF][PRS]: 📋 Parsing tree: AdvancedGuardAI
[INF][PRS]: 🔍 Creating node: Condition IsInitialized
[DBG][PRS]: 🔍 Properties: 
[INF][PRS]: 🚀 Creating Condition with script 'IsInitialized'
[DBG][PRS]: 🔧 CreateNodeFromScript: script='IsInitialized', type='Condition'
[INF][PRS]: ✅ Created condition for script 'IsInitialized'
[INF][PRS]: 🔍 Creating node: Condition HealthCheck
[DBG][PRS]: 🔍 Properties: min_health=20
[INF][PRS]: 🚀 Creating Condition with script 'HealthCheck'
[DBG][PRS]: 🔧 CreateNodeFromScript: script='HealthCheck', type='Condition'
[INF][PRS]: ✅ Created condition for script 'HealthCheck'
[INF][PRS]: 🔍 Creating node: Condition HasItem
[DBG][PRS]: 🔍 Properties: item_type=healing_potion
[INF][PRS]: 🚀 Creating Condition with script 'HasItem'
[DBG][PRS]: 🔧 CreateNodeFromScript: script='HasItem', type='Condition'
[INF][PRS]: ✅ Created condition for script 'HasItem'
[INF][PRS]: 🔍 Creating node: Action UseItem
[DBG][PRS]: 🔍 Properties: item_type=healing_potion, duration=2.0
[INF][PRS]: 🚀 Creating Action with script 'UseItem'
[DBG][PRS]: 🔧 CreateNodeFromScript: script='UseItem', type='Action'
[INF][PRS]: ✅ Created action for script 'UseItem'
[INF][PRS]: 🔍 Creating node: Sequence use_healing
[DBG][PRS]: 🔍 Properties: 
[DBG][PRS]: 🔧 Creating composite node: Sequence
[INF][PRS]: 🔍 Creating node: Action FleeToSafety
[DBG][PRS]: 🔍 Properties: target=safe_zone, speed=5.0, tolerance=2.0
[INF][PRS]: 🚀 Creating Action with script 'FleeToSafety'
[DBG][PRS]: 🔧 CreateNodeFromScript: script='FleeToSafety', type='Action'
[INF][PRS]: ✅ Created action for script 'FleeToSafety'
[INF][PRS]: 🔍 Creating node: Selector retreat_options
[DBG][PRS]: 🔍 Properties: 
[DBG][PRS]: 🔧 Creating composite node: Selector
[INF][PRS]: 🔍 Creating node: Sequence emergency_retreat
[DBG][PRS]: 🔍 Properties: 
[DBG][PRS]: 🔧 Creating composite node: Sequence
[INF][PRS]: 🔍 Creating node: Condition EnemyCheck
[DBG][PRS]: 🔍 Properties: detection_range=8.0
[INF][PRS]: 🚀 Creating Condition with script 'EnemyCheck'
[DBG][PRS]: 🔧 CreateNodeFromScript: script='EnemyCheck', type='Condition'
[INF][PRS]: ✅ Created condition for script 'EnemyCheck'
[INF][PRS]: 🔍 Creating node: Condition EnemyCheck
[DBG][PRS]: 🔍 Properties: detection_range=6.0
[INF][PRS]: 🚀 Creating Condition with script 'EnemyCheck'
[DBG][PRS]: 🔧 CreateNodeFromScript: script='EnemyCheck', type='Condition'
[INF][PRS]: ✅ Created condition for script 'EnemyCheck'
[INF][PRS]: 🔍 Creating node: Condition HasItem
[DBG][PRS]: 🔍 Properties: item_type=bow
[INF][PRS]: 🚀 Creating Condition with script 'HasItem'
[DBG][PRS]: 🔧 CreateNodeFromScript: script='HasItem', type='Condition'
[INF][PRS]: ✅ Created condition for script 'HasItem'
[INF][PRS]: 🔍 Creating node: Action Attack
[DBG][PRS]: 🔍 Properties: attack_type=ranged, damage=30, range=6.0, cooldown=1.5
[INF][PRS]: 🚀 Creating Action with script 'Attack'
[DBG][PRS]: 🔧 CreateNodeFromScript: script='Attack', type='Action'
[INF][PRS]: ✅ Created action for script 'Attack'
[INF][PRS]: 🔍 Creating node: Sequence ranged_attack
[DBG][PRS]: 🔍 Properties: 
[DBG][PRS]: 🔧 Creating composite node: Sequence
[INF][PRS]: 🔍 Creating node: Action MoveToPosition
[DBG][PRS]: 🔍 Properties: target=detected_enemy, speed=4.0, tolerance=1.5
[INF][PRS]: 🚀 Creating Action with script 'MoveToPosition'
[DBG][PRS]: 🔧 CreateNodeFromScript: script='MoveToPosition', type='Action'
[INF][PRS]: ✅ Created action for script 'MoveToPosition'
[INF][PRS]: 🔍 Creating node: Action AttackEnemy
[DBG][PRS]: 🔍 Properties: damage=40, attack_range=2.0, cooldown=1.0
[INF][PRS]: 🚀 Creating Action with script 'AttackEnemy'
[DBG][PRS]: 🔧 CreateNodeFromScript: script='AttackEnemy', type='Action'
[INF][PRS]: ✅ Created action for script 'AttackEnemy'
[INF][PRS]: 🔍 Creating node: Sequence melee_combat
[DBG][PRS]: 🔍 Properties: 
[DBG][PRS]: 🔧 Creating composite node: Sequence
[INF][PRS]: 🔍 Creating node: Selector combat_tactics
[DBG][PRS]: 🔍 Properties: 
[DBG][PRS]: 🔧 Creating composite node: Selector
[INF][PRS]: 🔍 Creating node: Action Wait
[DBG][PRS]: 🔍 Properties: duration=0.5
[INF][PRS]: 🚀 Creating Action with script 'Wait'
[DBG][PRS]: 🔧 CreateNodeFromScript: script='Wait', type='Action'
[INF][PRS]: ✅ Created action for script 'Wait'
[INF][PRS]: 🔍 Creating node: Sequence combat_behavior
[DBG][PRS]: 🔍 Properties: 
[DBG][PRS]: 🔧 Creating composite node: Sequence
[INF][PRS]: 🔍 Creating node: Condition HealthCheck
[DBG][PRS]: 🔍 Properties: min_health=50
[INF][PRS]: 🚀 Creating Condition with script 'HealthCheck'
[DBG][PRS]: 🔧 CreateNodeFromScript: script='HealthCheck', type='Condition'
[INF][PRS]: ✅ Created condition for script 'HealthCheck'
[INF][PRS]: 🔍 Creating node: Action MoveToPosition
[DBG][PRS]: 🔍 Properties: target=patrol_point_1, speed=2.5, tolerance=1.0
[INF][PRS]: 🚀 Creating Action with script 'MoveToPosition'
[DBG][PRS]: 🔧 CreateNodeFromScript: script='MoveToPosition', type='Action'
[INF][PRS]: ✅ Created action for script 'MoveToPosition'
[INF][PRS]: 🔍 Creating node: Action Wait
[DBG][PRS]: 🔍 Properties: duration=3.0
[INF][PRS]: 🚀 Creating Action with script 'Wait'
[DBG][PRS]: 🔧 CreateNodeFromScript: script='Wait', type='Action'
[INF][PRS]: ✅ Created action for script 'Wait'
[INF][PRS]: 🔍 Creating node: Condition HasTarget
[DBG][PRS]: 🔍 Properties: target=patrol_point_2
[INF][PRS]: 🚀 Creating Condition with script 'HasTarget'
[DBG][PRS]: 🔧 CreateNodeFromScript: script='HasTarget', type='Condition'
[INF][PRS]: ✅ Created condition for script 'HasTarget'
[INF][PRS]: 🔍 Creating node: Sequence patrol_to_point1
[DBG][PRS]: 🔍 Properties: 
[DBG][PRS]: 🔧 Creating composite node: Sequence
[INF][PRS]: 🔍 Creating node: Action MoveToPosition
[DBG][PRS]: 🔍 Properties: target=patrol_point_2, speed=2.5, tolerance=1.0
[INF][PRS]: 🚀 Creating Action with script 'MoveToPosition'
[DBG][PRS]: 🔧 CreateNodeFromScript: script='MoveToPosition', type='Action'
[INF][PRS]: ✅ Created action for script 'MoveToPosition'
[INF][PRS]: 🔍 Creating node: Action Wait
[DBG][PRS]: 🔍 Properties: duration=2.5
[INF][PRS]: 🚀 Creating Action with script 'Wait'
[DBG][PRS]: 🔧 CreateNodeFromScript: script='Wait', type='Action'
[INF][PRS]: ✅ Created action for script 'Wait'
[INF][PRS]: 🔍 Creating node: Sequence patrol_to_point2
[DBG][PRS]: 🔍 Properties: 
[DBG][PRS]: 🔧 Creating composite node: Sequence
[INF][PRS]: 🔍 Creating node: Action MoveToPosition
[DBG][PRS]: 🔍 Properties: target=guard_post, speed=3.0, tolerance=0.8
[INF][PRS]: 🚀 Creating Action with script 'MoveToPosition'
[DBG][PRS]: 🔧 CreateNodeFromScript: script='MoveToPosition', type='Action'
[INF][PRS]: ✅ Created action for script 'MoveToPosition'
[INF][PRS]: 🔍 Creating node: Action Wait
[DBG][PRS]: 🔍 Properties: duration=4.0
[INF][PRS]: 🚀 Creating Action with script 'Wait'
[DBG][PRS]: 🔧 CreateNodeFromScript: script='Wait', type='Action'
[INF][PRS]: ✅ Created action for script 'Wait'
[INF][PRS]: 🔍 Creating node: Sequence return_to_base
[DBG][PRS]: 🔍 Properties: 
[DBG][PRS]: 🔧 Creating composite node: Sequence
[INF][PRS]: 🔍 Creating node: Selector patrol_pattern
[DBG][PRS]: 🔍 Properties: 
[DBG][PRS]: 🔧 Creating composite node: Selector
[INF][PRS]: 🔍 Creating node: Sequence patrol_behavior
[DBG][PRS]: 🔍 Properties: 
[DBG][PRS]: 🔧 Creating composite node: Sequence
[INF][PRS]: 🔍 Creating node: Action Wait
[DBG][PRS]: 🔍 Properties: duration=1.0
[INF][PRS]: 🚀 Creating Action with script 'Wait'
[DBG][PRS]: 🔧 CreateNodeFromScript: script='Wait', type='Action'
[INF][PRS]: ✅ Created action for script 'Wait'
[INF][PRS]: 🔍 Creating node: Action RandomWander
[DBG][PRS]: 🔍 Properties: radius=2.0, speed=1.5, duration=2.0
[INF][PRS]: 🚀 Creating Action with script 'RandomWander'
[DBG][PRS]: 🔧 CreateNodeFromScript: script='RandomWander', type='Action'
[INF][PRS]: ✅ Created action for script 'RandomWander'
[INF][PRS]: 🔍 Creating node: Sequence idle_behavior
[DBG][PRS]: 🔍 Properties: 
[DBG][PRS]: 🔧 Creating composite node: Sequence
[INF][PRS]: 🔍 Creating node: Selector priority_behavior
[DBG][PRS]: 🔍 Properties: 
[DBG][PRS]: 🔧 Creating composite node: Selector
[INF][PRS]: 🔍 Creating node: Sequence main_loop
[DBG][PRS]: 🔍 Properties: 
[DBG][PRS]: 🔧 Creating composite node: Sequence
[DBG][PRS]: ✅ Successfully parsed tree 'AdvancedGuardAI' with root node: main_loop
[INF][SYS]: ⏱️ advanced_guard_new_format.bt: 5ms
[INF][PRS]: 📋 Parsing tree: BlackBoardSample
[INF][PRS]: 🔍 Creating node: Action ScanEnvironment
[DBG][PRS]: 🔍 Properties: scan_radius=15.0
[INF][PRS]: 🚀 Creating Action with script 'ScanEnvironment'
[DBG][PRS]: 🔧 CreateNodeFromScript: script='ScanEnvironment', type='Action'
[INF][PRS]: ✅ Created action for script 'ScanEnvironment'
[INF][PRS]: 🔍 Creating node: Condition HasSharedEnemyInfo
[DBG][PRS]: 🔍 Properties: 
[INF][PRS]: 🚀 Creating Condition with script 'HasSharedEnemyInfo'
[DBG][PRS]: 🔧 CreateNodeFromScript: script='HasSharedEnemyInfo', type='Condition'
[INF][PRS]: ✅ Created condition for script 'HasSharedEnemyInfo'
[INF][PRS]: 🔍 Creating node: Action MoveToEnemy
[DBG][PRS]: 🔍 Properties: speed=4.0, tolerance=1.5
[INF][PRS]: 🚀 Creating Action with script 'MoveToEnemy'
[DBG][PRS]: 🔧 CreateNodeFromScript: script='MoveToEnemy', type='Action'
[INF][PRS]: ✅ Created action for script 'MoveToEnemy'
[INF][PRS]: 🔍 Creating node: Action AttackTarget
[DBG][PRS]: 🔍 Properties: damage=30
[INF][PRS]: 🚀 Creating Action with script 'AttackTarget'
[DBG][PRS]: 🔧 CreateNodeFromScript: script='AttackTarget', type='Action'
[INF][PRS]: ✅ Created action for script 'AttackTarget'
[INF][PRS]: 🔍 Creating node: Sequence move_to_enemy
[DBG][PRS]: 🔍 Properties: 
[DBG][PRS]: 🔧 Creating composite node: Sequence
[INF][PRS]: 🔍 Creating node: Action RandomWander
[DBG][PRS]: 🔍 Properties: wander_radius=10.0, speed=2.0
[INF][PRS]: 🚀 Creating Action with script 'RandomWander'
[DBG][PRS]: 🔧 CreateNodeFromScript: script='RandomWander', type='Action'
[INF][PRS]: ✅ Created action for script 'RandomWander'
[INF][PRS]: 🔍 Creating node: Selector movement_behavior
[DBG][PRS]: 🔍 Properties: 
[DBG][PRS]: 🔧 Creating composite node: Selector
[INF][PRS]: 🔍 Creating node: Sequence main
[DBG][PRS]: 🔍 Properties: 
[DBG][PRS]: 🔧 Creating composite node: Sequence
[DBG][PRS]: ✅ Successfully parsed tree 'BlackBoardSample' with root node: main
[INF][SYS]: ⏱️ blackboard_sample.bt: 1ms
[INF][PRS]: 📋 Parsing tree: ComplexAI
[INF][PRS]: 🔍 Creating node: Condition IsInitialized
[DBG][PRS]: 🔍 Properties: 
[INF][PRS]: 🚀 Creating Condition with script 'IsInitialized'
[DBG][PRS]: 🔧 CreateNodeFromScript: script='IsInitialized', type='Condition'
[INF][PRS]: ✅ Created condition for script 'IsInitialized'
[INF][PRS]: 🔍 Creating node: Condition HealthCheck
[DBG][PRS]: 🔍 Properties: min_health=20
[INF][PRS]: 🚀 Creating Condition with script 'HealthCheck'
[DBG][PRS]: 🔧 CreateNodeFromScript: script='HealthCheck', type='Condition'
[INF][PRS]: ✅ Created condition for script 'HealthCheck'
[INF][PRS]: 🔍 Creating node: Condition HasItem
[DBG][PRS]: 🔍 Properties: item_type=healing_potion
[INF][PRS]: 🚀 Creating Condition with script 'HasItem'
[DBG][PRS]: 🔧 CreateNodeFromScript: script='HasItem', type='Condition'
[INF][PRS]: ✅ Created condition for script 'HasItem'
[INF][PRS]: 🔍 Creating node: Action UseItem
[DBG][PRS]: 🔍 Properties: item_type=healing_potion
[INF][PRS]: 🚀 Creating Action with script 'UseItem'
[DBG][PRS]: 🔧 CreateNodeFromScript: script='UseItem', type='Action'
[INF][PRS]: ✅ Created action for script 'UseItem'
[INF][PRS]: 🔍 Creating node: Sequence use_healing
[DBG][PRS]: 🔍 Properties: 
[DBG][PRS]: 🔧 Creating composite node: Sequence
[INF][PRS]: 🔍 Creating node: Action FleeToSafety
[DBG][PRS]: 🔍 Properties: min_distance=20.0, speed_multiplier=2.0
[INF][PRS]: 🚀 Creating Action with script 'FleeToSafety'
[DBG][PRS]: 🔧 CreateNodeFromScript: script='FleeToSafety', type='Action'
[INF][PRS]: ✅ Created action for script 'FleeToSafety'
[INF][PRS]: 🔍 Creating node: Selector escape_options
[DBG][PRS]: 🔍 Properties: 
[DBG][PRS]: 🔧 Creating composite node: Selector
[INF][PRS]: 🔍 Creating node: Sequence emergency_response
[DBG][PRS]: 🔍 Properties: 
[DBG][PRS]: 🔧 Creating composite node: Sequence
[INF][PRS]: 🔍 Creating node: Condition EnemyInRange
[DBG][PRS]: 🔍 Properties: attack_range=5.0
[INF][PRS]: 🚀 Creating Condition with script 'EnemyInRange'
[DBG][PRS]: 🔧 CreateNodeFromScript: script='EnemyInRange', type='Condition'
[INF][PRS]: ✅ Created condition for script 'EnemyInRange'
[INF][PRS]: 🔍 Creating node: Condition HealthCheck
[DBG][PRS]: 🔍 Properties: min_health=30
[INF][PRS]: 🚀 Creating Condition with script 'HealthCheck'
[DBG][PRS]: 🔧 CreateNodeFromScript: script='HealthCheck', type='Condition'
[INF][PRS]: ✅ Created condition for script 'HealthCheck'
[INF][PRS]: 🔍 Creating node: Condition HasMana
[DBG][PRS]: 🔍 Properties: min_mana=50
[INF][PRS]: 🚀 Creating Condition with script 'HasMana'
[DBG][PRS]: 🔧 CreateNodeFromScript: script='HasMana', type='Condition'
[INF][PRS]: ✅ Created condition for script 'HasMana'
[INF][PRS]: 🔍 Creating node: Condition EnemyHealthCheck
[DBG][PRS]: 🔍 Properties: min_health=80
[INF][PRS]: 🚀 Creating Condition with script 'EnemyHealthCheck'
[DBG][PRS]: 🔧 CreateNodeFromScript: script='EnemyHealthCheck', type='Condition'
[INF][PRS]: ✅ Created condition for script 'EnemyHealthCheck'
[INF][PRS]: 🔍 Creating node: Action CastSpell
[DBG][PRS]: 🔍 Properties: spell_name=fireball, damage=40, mana_cost=50
[INF][PRS]: 🚀 Creating Action with script 'CastSpell'
[DBG][PRS]: 🔧 CreateNodeFromScript: script='CastSpell', type='Action'
[INF][PRS]: ✅ Created action for script 'CastSpell'
[INF][PRS]: 🔍 Creating node: Sequence special_attack
[DBG][PRS]: 🔍 Properties: 
[DBG][PRS]: 🔧 Creating composite node: Sequence
[INF][PRS]: 🔍 Creating node: Action NormalAttack
[DBG][PRS]: 🔍 Properties: damage=15, cooldown=1.0
[INF][PRS]: 🚀 Creating Action with script 'NormalAttack'
[DBG][PRS]: 🔧 CreateNodeFromScript: script='NormalAttack', type='Action'
[INF][PRS]: ✅ Created action for script 'NormalAttack'
[INF][PRS]: 🔍 Creating node: Selector combat_strategy
[DBG][PRS]: 🔍 Properties: 
[DBG][PRS]: 🔧 Creating composite node: Selector
[INF][PRS]: 🔍 Creating node: Sequence combat_behavior
[DBG][PRS]: 🔍 Properties: 
[DBG][PRS]: 🔧 Creating composite node: Sequence
[INF][PRS]: 🔍 Creating node: Condition ScanForInterest
[DBG][PRS]: 🔍 Properties: scan_radius=12.0
[INF][PRS]: 🚀 Creating Condition with script 'ScanForInterest'
[DBG][PRS]: 🔧 CreateNodeFromScript: script='ScanForInterest', type='Condition'
[INF][PRS]: ✅ Created condition for script 'ScanForInterest'
[INF][PRS]: 🔍 Creating node: Action MoveToTarget
[DBG][PRS]: 🔍 Properties: move_type=investigate, speed=6.0
[INF][PRS]: 🚀 Creating Action with script 'MoveToTarget'
[DBG][PRS]: 🔧 CreateNodeFromScript: script='MoveToTarget', type='Action'
[INF][PRS]: ✅ Created action for script 'MoveToTarget'
[INF][PRS]: 🔍 Creating node: Action Interact
[DBG][PRS]: 🔍 Properties: interaction_type=examine
[INF][PRS]: 🚀 Creating Action with script 'Interact'
[DBG][PRS]: 🔧 CreateNodeFromScript: script='Interact', type='Action'
[INF][PRS]: ✅ Created action for script 'Interact'
[INF][PRS]: 🔍 Creating node: Sequence investigate
[DBG][PRS]: 🔍 Properties: 
[DBG][PRS]: 🔧 Creating composite node: Sequence
[INF][PRS]: 🔍 Creating node: Action RandomWander
[DBG][PRS]: 🔍 Properties: wander_radius=10.0, speed=12.0, pause_duration=3.0
[INF][PRS]: 🚀 Creating Action with script 'RandomWander'
[DBG][PRS]: 🔧 CreateNodeFromScript: script='RandomWander', type='Action'
[INF][PRS]: ✅ Created action for script 'RandomWander'
[INF][PRS]: 🔍 Creating node: Selector move_behavior
[DBG][PRS]: 🔍 Properties: 
[DBG][PRS]: 🔧 Creating composite node: Selector
[INF][PRS]: 🔍 Creating node: Sequence exploration
[DBG][PRS]: 🔍 Properties: 
[DBG][PRS]: 🔧 Creating composite node: Sequence
[INF][PRS]: 🔍 Creating node: Action EnvironmentScan
[DBG][PRS]: 🔍 Properties: scan_interval=2.0, scan_radius=15.0
[INF][PRS]: 🚀 Creating Action with script 'EnvironmentScan'
[DBG][PRS]: 🔧 CreateNodeFromScript: script='EnvironmentScan', type='Action'
[INF][PRS]: ✅ Created action for script 'EnvironmentScan'
[INF][PRS]: 🔍 Creating node: Action Wait
[DBG][PRS]: 🔍 Properties: duration=5.0
[INF][PRS]: 🚀 Creating Action with script 'Wait'
[DBG][PRS]: 🔧 CreateNodeFromScript: script='Wait', type='Action'
[INF][PRS]: ✅ Created action for script 'Wait'
[INF][PRS]: 🔍 Creating node: Parallel monitoring_idle
[DBG][PRS]: 🔍 Properties: success_policy=require_one, failure_policy=require_all
[DBG][PRS]: 🔧 Creating composite node: Parallel
[INF][PRS]: 🔍 Creating node: Selector main_loop
[DBG][PRS]: 🔍 Properties: 
[DBG][PRS]: 🔧 Creating composite node: Selector
[INF][PRS]: 🔍 Creating node: Sequence root
[DBG][PRS]: 🔍 Properties: 
[DBG][PRS]: 🔧 Creating composite node: Sequence
[DBG][PRS]: ✅ Successfully parsed tree 'ComplexAI' with root node: root
[INF][SYS]: ⏱️ complex_example.bt: 4ms
[INF][PRS]: 📋 Parsing tree: DecoratorSample
[INF][PRS]: 🔍 Creating node: Condition HasTarget
[DBG][PRS]: 🔍 Properties: target_tag=Enemy
[INF][PRS]: 🚀 Creating Condition with script 'HasTarget'
[DBG][PRS]: 🔧 CreateNodeFromScript: script='HasTarget', type='Condition'
[INF][PRS]: ✅ Created condition for script 'HasTarget'
[INF][PRS]: 🔍 Creating node: Action MoveToPosition
[DBG][PRS]: 🔍 Properties: target=Enemy, speed=3.0, tolerance=2.0
[INF][PRS]: 🚀 Creating Action with script 'MoveToPosition'
[DBG][PRS]: 🔧 CreateNodeFromScript: script='MoveToPosition', type='Action'
[INF][PRS]: ✅ Created action for script 'MoveToPosition'
[INF][PRS]: 🔍 Creating node: Action Log
[DBG][PRS]: 🔍 Properties: message=Starting attack!, level=Info
[INF][PRS]: 🚀 Creating Action with script 'Log'
[DBG][PRS]: 🔧 CreateNodeFromScript: script='Log', type='Action'
[INF][PRS]: ✅ Created action for script 'Log'
[INF][PRS]: 🔍 Creating node: Sequence AttackSequence
[DBG][PRS]: 🔍 Properties: 
[DBG][PRS]: 🔧 Creating composite node: Sequence
[INF][PRS]: 🔍 Creating node: Timeout AttackWithTimeout
[DBG][PRS]: 🔍 Properties: timeout=5.0, success_on_timeout=false
[DBG][PRS]: 🔧 Creating decorator node: Timeout
[INF][PRS]: 🔍 Creating node: Action ScanEnvironment
[DBG][PRS]: 🔍 Properties: scan_radius=10.0, scan_interval=0.5
[INF][PRS]: 🚀 Creating Action with script 'ScanEnvironment'
[DBG][PRS]: 🔧 CreateNodeFromScript: script='ScanEnvironment', type='Action'
[INF][PRS]: ✅ Created action for script 'ScanEnvironment'
[INF][PRS]: 🔍 Creating node: Retry ScanWithRetry
[DBG][PRS]: 🔍 Properties: max_retries=3, retry_delay=1.0
[DBG][PRS]: 🔧 Creating decorator node: Retry
[INF][PRS]: 🔍 Creating node: Condition HasTarget
[DBG][PRS]: 🔍 Properties: target_tag=Enemy
[INF][PRS]: 🚀 Creating Condition with script 'HasTarget'
[DBG][PRS]: 🔧 CreateNodeFromScript: script='HasTarget', type='Condition'
[INF][PRS]: ✅ Created condition for script 'HasTarget'
[INF][PRS]: 🔍 Creating node: Inverter NoPeaceCheck
[DBG][PRS]: 🔍 Properties: 
[DBG][PRS]: 🔧 Creating decorator node: Inverter
[INF][PRS]: 🔍 Creating node: Action SetBlackBoard
[DBG][PRS]: 🔍 Properties: key=patrol_status, value=patrolling
[INF][PRS]: 🚀 Creating Action with script 'SetBlackBoard'
[DBG][PRS]: 🔧 CreateNodeFromScript: script='SetBlackBoard', type='Action'
[INF][PRS]: ✅ Created action for script 'SetBlackBoard'
[INF][PRS]: 🔍 Creating node: Action Log
[DBG][PRS]: 🔍 Properties: message=Patrol step starting, include_blackboard=true, blackboard_key=patrol_status
[INF][PRS]: 🚀 Creating Action with script 'Log'
[DBG][PRS]: 🔧 CreateNodeFromScript: script='Log', type='Action'
[INF][PRS]: ✅ Created action for script 'Log'
[INF][PRS]: 🔍 Creating node: Action Wait
[DBG][PRS]: 🔍 Properties: duration=2.0
[INF][PRS]: 🚀 Creating Action with script 'Wait'
[DBG][PRS]: 🔧 CreateNodeFromScript: script='Wait', type='Action'
[INF][PRS]: ✅ Created action for script 'Wait'
[INF][PRS]: 🔍 Creating node: Action RandomWander
[DBG][PRS]: 🔍 Properties: speed=2.0, wander_radius=5.0
[INF][PRS]: 🚀 Creating Action with script 'RandomWander'
[DBG][PRS]: 🔧 CreateNodeFromScript: script='RandomWander', type='Action'
[INF][PRS]: ✅ Created action for script 'RandomWander'
[INF][PRS]: 🔍 Creating node: Sequence PatrolStep
[DBG][PRS]: 🔍 Properties: 
[DBG][PRS]: 🔧 Creating composite node: Sequence
[INF][PRS]: 🔍 Creating node: Repeat PatrolLoop
[DBG][PRS]: 🔍 Properties: count=3, stop_on_failure=false, reset_child=true
[DBG][PRS]: 🔧 Creating decorator node: Repeat
[INF][PRS]: 🔍 Creating node: Action Log
[DBG][PRS]: 🔍 Properties: message=Idle mode activated, level=Debug
[INF][PRS]: 🚀 Creating Action with script 'Log'
[DBG][PRS]: 🔧 CreateNodeFromScript: script='Log', type='Action'
[INF][PRS]: ✅ Created action for script 'Log'
[INF][PRS]: 🔍 Creating node: Action Wait
[DBG][PRS]: 🔍 Properties: duration=3.0
[INF][PRS]: 🚀 Creating Action with script 'Wait'
[DBG][PRS]: 🔧 CreateNodeFromScript: script='Wait', type='Action'
[INF][PRS]: ✅ Created action for script 'Wait'
[INF][PRS]: 🔍 Creating node: Condition Random
[DBG][PRS]: 🔍 Properties: probability=0.25
[INF][PRS]: 🚀 Creating Condition with script 'Random'
[DBG][PRS]: 🔧 CreateNodeFromScript: script='Random', type='Condition'
[INF][PRS]: ✅ Created condition for script 'Random'
[INF][PRS]: 🔍 Creating node: Action Log
[DBG][PRS]: 🔍 Properties: message=Random idle event occurred!, level=Info
[INF][PRS]: 🚀 Creating Action with script 'Log'
[DBG][PRS]: 🔧 CreateNodeFromScript: script='Log', type='Action'
[INF][PRS]: ✅ Created action for script 'Log'
[INF][PRS]: 🔍 Creating node: Sequence IdleBehavior
[DBG][PRS]: 🔍 Properties: 
[DBG][PRS]: 🔧 Creating composite node: Sequence
[INF][PRS]: 🔍 Creating node: Repeat IdleLoop
[DBG][PRS]: 🔍 Properties: count=-1, reset_child=true
[DBG][PRS]: 🔧 Creating decorator node: Repeat
[INF][PRS]: 🔍 Creating node: Selector main
[DBG][PRS]: 🔍 Properties: 
[DBG][PRS]: 🔧 Creating composite node: Selector
[DBG][PRS]: ✅ Successfully parsed tree 'DecoratorSample' with root node: main
[INF][SYS]: ⏱️ decorator_sample.bt: 3ms
[INF][PRS]: 📋 Parsing tree: DynamicConditionSample
[INF][PRS]: 🔍 Creating node: Condition HealthCheck
[DBG][PRS]: 🔍 Properties: min_health=50
[INF][PRS]: 🚀 Creating Condition with script 'HealthCheck'
[DBG][PRS]: 🔧 CreateNodeFromScript: script='HealthCheck', type='Condition'
[INF][PRS]: ✅ Created condition for script 'HealthCheck'
[INF][PRS]: 🔍 Creating node: Condition EnemyCheck
[DBG][PRS]: 🔍 Properties: detection_range=10.0
[INF][PRS]: 🚀 Creating Condition with script 'EnemyCheck'
[DBG][PRS]: 🔧 CreateNodeFromScript: script='EnemyCheck', type='Condition'
[INF][PRS]: ✅ Created condition for script 'EnemyCheck'
[INF][PRS]: 🔍 Creating node: Action AttackEnemy
[DBG][PRS]: 🔍 Properties: damage=35, attack_range=2.5
[INF][PRS]: 🚀 Creating Action with script 'AttackEnemy'
[DBG][PRS]: 🔧 CreateNodeFromScript: script='AttackEnemy', type='Action'
[INF][PRS]: ✅ Created action for script 'AttackEnemy'
[INF][PRS]: 🔍 Creating node: Sequence healthy_combat
[DBG][PRS]: 🔍 Properties: 
[DBG][PRS]: 🔧 Creating composite node: Sequence
[INF][PRS]: 🔍 Creating node: Condition HealthCheck
[DBG][PRS]: 🔍 Properties: min_health=20
[INF][PRS]: 🚀 Creating Condition with script 'HealthCheck'
[DBG][PRS]: 🔧 CreateNodeFromScript: script='HealthCheck', type='Condition'
[INF][PRS]: ✅ Created condition for script 'HealthCheck'
[INF][PRS]: 🔍 Creating node: Action MoveToPosition
[DBG][PRS]: 🔍 Properties: target=safe_zone, speed=3.0
[INF][PRS]: 🚀 Creating Action with script 'MoveToPosition'
[DBG][PRS]: 🔧 CreateNodeFromScript: script='MoveToPosition', type='Action'
[INF][PRS]: ✅ Created action for script 'MoveToPosition'
[INF][PRS]: 🔍 Creating node: Action Wait
[DBG][PRS]: 🔍 Properties: duration=3.0
[INF][PRS]: 🚀 Creating Action with script 'Wait'
[DBG][PRS]: 🔧 CreateNodeFromScript: script='Wait', type='Action'
[INF][PRS]: ✅ Created action for script 'Wait'
[INF][PRS]: 🔍 Creating node: Sequence safe_healing
[DBG][PRS]: 🔍 Properties: 
[DBG][PRS]: 🔧 Creating composite node: Sequence
[INF][PRS]: 🔍 Creating node: Action MoveToPosition
[DBG][PRS]: 🔍 Properties: target=emergency_exit, speed=6.0
[INF][PRS]: 🚀 Creating Action with script 'MoveToPosition'
[DBG][PRS]: 🔧 CreateNodeFromScript: script='MoveToPosition', type='Action'
[INF][PRS]: ✅ Created action for script 'MoveToPosition'
[INF][PRS]: 🔍 Creating node: Selector main
[DBG][PRS]: 🔍 Properties: 
[DBG][PRS]: 🔧 Creating composite node: Selector
[DBG][PRS]: ✅ Successfully parsed tree 'DynamicConditionSample' with root node: main
[INF][SYS]: ⏱️ dynamic_condition_sample.bt: 1ms
[INF][PRS]: 📋 Parsing tree: ExampleAI
[INF][PRS]: 🔍 Creating node: Condition SimpleHasTarget
[DBG][PRS]: 🔍 Properties: 
[INF][PRS]: 🚀 Creating Condition with script 'SimpleHasTarget'
[DBG][PRS]: 🔧 CreateNodeFromScript: script='SimpleHasTarget', type='Condition'
[INF][PRS]: ✅ Created condition for script 'SimpleHasTarget'
[INF][PRS]: 🔍 Creating node: Condition EnemyDetection
[DBG][PRS]: 🔍 Properties: detection_range=5.0
[INF][PRS]: 🚀 Creating Condition with script 'EnemyDetection'
[DBG][PRS]: 🔧 CreateNodeFromScript: script='EnemyDetection', type='Condition'
[INF][PRS]: ✅ Created condition for script 'EnemyDetection'
[INF][PRS]: 🔍 Creating node: Action SimpleAttack
[DBG][PRS]: 🔍 Properties: damage=25, attack_range=2.0
[INF][PRS]: 🚀 Creating Action with script 'SimpleAttack'
[DBG][PRS]: 🔧 CreateNodeFromScript: script='SimpleAttack', type='Action'
[INF][PRS]: ✅ Created action for script 'SimpleAttack'
[INF][PRS]: 🔍 Creating node: Sequence combat
[DBG][PRS]: 🔍 Properties: 
[DBG][PRS]: 🔧 Creating composite node: Sequence
[INF][PRS]: 🔍 Creating node: Condition SimpleHealthCheck
[DBG][PRS]: 🔍 Properties: min_health=30
[INF][PRS]: 🚀 Creating Condition with script 'SimpleHealthCheck'
[DBG][PRS]: 🔧 CreateNodeFromScript: script='SimpleHealthCheck', type='Condition'
[INF][PRS]: ✅ Created condition for script 'SimpleHealthCheck'
[INF][PRS]: 🔍 Creating node: Action MoveToNamedPosition
[DBG][PRS]: 🔍 Properties: target=PatrolPoint1, speed=3.5, tolerance=0.5
[INF][PRS]: 🚀 Creating Action with script 'MoveToNamedPosition'
[DBG][PRS]: 🔧 CreateNodeFromScript: script='MoveToNamedPosition', type='Action'
[INF][PRS]: ✅ Created action for script 'MoveToNamedPosition'
[INF][PRS]: 🔍 Creating node: Action WaitSimple
[DBG][PRS]: 🔍 Properties: duration=2.0
[INF][PRS]: 🚀 Creating Action with script 'WaitSimple'
[DBG][PRS]: 🔧 CreateNodeFromScript: script='WaitSimple', type='Action'
[INF][PRS]: ✅ Created action for script 'WaitSimple'
[INF][PRS]: 🔍 Creating node: Sequence patrol
[DBG][PRS]: 🔍 Properties: 
[DBG][PRS]: 🔧 Creating composite node: Sequence
[INF][PRS]: 🔍 Creating node: Action WaitSimple
[DBG][PRS]: 🔍 Properties: duration=1.0
[INF][PRS]: 🚀 Creating Action with script 'WaitSimple'
[DBG][PRS]: 🔧 CreateNodeFromScript: script='WaitSimple', type='Action'
[INF][PRS]: ✅ Created action for script 'WaitSimple'
[INF][PRS]: 🔍 Creating node: Selector root
[DBG][PRS]: 🔍 Properties: 
[DBG][PRS]: 🔧 Creating composite node: Selector
[DBG][PRS]: ✅ Successfully parsed tree 'ExampleAI' with root node: root
[INF][SYS]: ⏱️ example_ai.bt: 1ms
[INF][PRS]: 📋 Parsing tree: ImprovedFormatExample
[INF][PRS]: 🔍 Creating node: Condition IsInitialized
[DBG][PRS]: 🔍 Properties: 
[INF][PRS]: 🚀 Creating Condition with script 'IsInitialized'
[DBG][PRS]: 🔧 CreateNodeFromScript: script='IsInitialized', type='Condition'
[INF][PRS]: ✅ Created condition for script 'IsInitialized'
[INF][PRS]: 🔍 Creating node: Condition HealthCheck
[DBG][PRS]: 🔍 Properties: min_health=20
[INF][PRS]: 🚀 Creating Condition with script 'HealthCheck'
[DBG][PRS]: 🔧 CreateNodeFromScript: script='HealthCheck', type='Condition'
[INF][PRS]: ✅ Created condition for script 'HealthCheck'
[INF][PRS]: 🔍 Creating node: Condition HasItem
[DBG][PRS]: 🔍 Properties: item_type=healing_potion
[INF][PRS]: 🚀 Creating Condition with script 'HasItem'
[DBG][PRS]: 🔧 CreateNodeFromScript: script='HasItem', type='Condition'
[INF][PRS]: ✅ Created condition for script 'HasItem'
[INF][PRS]: 🔍 Creating node: Action UseItem
[DBG][PRS]: 🔍 Properties: item_type=healing_potion, duration=2.0
[INF][PRS]: 🚀 Creating Action with script 'UseItem'
[DBG][PRS]: 🔧 CreateNodeFromScript: script='UseItem', type='Action'
[INF][PRS]: ✅ Created action for script 'UseItem'
[INF][PRS]: 🔍 Creating node: Sequence use_healing
[DBG][PRS]: 🔍 Properties: 
[DBG][PRS]: 🔧 Creating composite node: Sequence
[INF][PRS]: 🔍 Creating node: Action FleeToSafety
[DBG][PRS]: 🔍 Properties: target=safe_zone, speed=5.0, tolerance=2.0
[INF][PRS]: 🚀 Creating Action with script 'FleeToSafety'
[DBG][PRS]: 🔧 CreateNodeFromScript: script='FleeToSafety', type='Action'
[INF][PRS]: ✅ Created action for script 'FleeToSafety'
[INF][PRS]: 🔍 Creating node: Selector retreat_options
[DBG][PRS]: 🔍 Properties: 
[DBG][PRS]: 🔧 Creating composite node: Selector
[INF][PRS]: 🔍 Creating node: Sequence emergency_retreat
[DBG][PRS]: 🔍 Properties: 
[DBG][PRS]: 🔧 Creating composite node: Sequence
[INF][PRS]: 🔍 Creating node: Condition EnemyCheck
[DBG][PRS]: 🔍 Properties: detection_range=8.0
[INF][PRS]: 🚀 Creating Condition with script 'EnemyCheck'
[DBG][PRS]: 🔧 CreateNodeFromScript: script='EnemyCheck', type='Condition'
[INF][PRS]: ✅ Created condition for script 'EnemyCheck'
[INF][PRS]: 🔍 Creating node: Condition EnemyCheck
[DBG][PRS]: 🔍 Properties: detection_range=6.0
[INF][PRS]: 🚀 Creating Condition with script 'EnemyCheck'
[DBG][PRS]: 🔧 CreateNodeFromScript: script='EnemyCheck', type='Condition'
[INF][PRS]: ✅ Created condition for script 'EnemyCheck'
[INF][PRS]: 🔍 Creating node: Condition HasItem
[DBG][PRS]: 🔍 Properties: item_type=bow
[INF][PRS]: 🚀 Creating Condition with script 'HasItem'
[DBG][PRS]: 🔧 CreateNodeFromScript: script='HasItem', type='Condition'
[INF][PRS]: ✅ Created condition for script 'HasItem'
[INF][PRS]: 🔍 Creating node: Action Attack
[DBG][PRS]: 🔍 Properties: attack_type=ranged, damage=30, range=6.0, cooldown=1.5
[INF][PRS]: 🚀 Creating Action with script 'Attack'
[DBG][PRS]: 🔧 CreateNodeFromScript: script='Attack', type='Action'
[INF][PRS]: ✅ Created action for script 'Attack'
[INF][PRS]: 🔍 Creating node: Sequence ranged_attack
[DBG][PRS]: 🔍 Properties: 
[DBG][PRS]: 🔧 Creating composite node: Sequence
[INF][PRS]: 🔍 Creating node: Action MoveToPosition
[DBG][PRS]: 🔍 Properties: target=detected_enemy, speed=4.0, tolerance=1.5
[INF][PRS]: 🚀 Creating Action with script 'MoveToPosition'
[DBG][PRS]: 🔧 CreateNodeFromScript: script='MoveToPosition', type='Action'
[INF][PRS]: ✅ Created action for script 'MoveToPosition'
[INF][PRS]: 🔍 Creating node: Action AttackEnemy
[DBG][PRS]: 🔍 Properties: damage=40, attack_range=2.0, cooldown=1.0
[INF][PRS]: 🚀 Creating Action with script 'AttackEnemy'
[DBG][PRS]: 🔧 CreateNodeFromScript: script='AttackEnemy', type='Action'
[INF][PRS]: ✅ Created action for script 'AttackEnemy'
[INF][PRS]: 🔍 Creating node: Sequence melee_combat
[DBG][PRS]: 🔍 Properties: 
[DBG][PRS]: 🔧 Creating composite node: Sequence
[INF][PRS]: 🔍 Creating node: Selector combat_tactics
[DBG][PRS]: 🔍 Properties: 
[DBG][PRS]: 🔧 Creating composite node: Selector
[INF][PRS]: 🔍 Creating node: Action Wait
[DBG][PRS]: 🔍 Properties: duration=0.5
[INF][PRS]: 🚀 Creating Action with script 'Wait'
[DBG][PRS]: 🔧 CreateNodeFromScript: script='Wait', type='Action'
[INF][PRS]: ✅ Created action for script 'Wait'
[INF][PRS]: 🔍 Creating node: Sequence combat_behavior
[DBG][PRS]: 🔍 Properties: 
[DBG][PRS]: 🔧 Creating composite node: Sequence
[INF][PRS]: 🔍 Creating node: Condition HealthCheck
[DBG][PRS]: 🔍 Properties: min_health=50
[INF][PRS]: 🚀 Creating Condition with script 'HealthCheck'
[DBG][PRS]: 🔧 CreateNodeFromScript: script='HealthCheck', type='Condition'
[INF][PRS]: ✅ Created condition for script 'HealthCheck'
[INF][PRS]: 🔍 Creating node: Action MoveToPosition
[DBG][PRS]: 🔍 Properties: target=patrol_point_1, speed=2.5, tolerance=1.0
[INF][PRS]: 🚀 Creating Action with script 'MoveToPosition'
[DBG][PRS]: 🔧 CreateNodeFromScript: script='MoveToPosition', type='Action'
[INF][PRS]: ✅ Created action for script 'MoveToPosition'
[INF][PRS]: 🔍 Creating node: Action Wait
[DBG][PRS]: 🔍 Properties: duration=3.0
[INF][PRS]: 🚀 Creating Action with script 'Wait'
[DBG][PRS]: 🔧 CreateNodeFromScript: script='Wait', type='Action'
[INF][PRS]: ✅ Created action for script 'Wait'
[INF][PRS]: 🔍 Creating node: Sequence patrol_to_point1
[DBG][PRS]: 🔍 Properties: 
[DBG][PRS]: 🔧 Creating composite node: Sequence
[INF][PRS]: 🔍 Creating node: Action MoveToPosition
[DBG][PRS]: 🔍 Properties: target=patrol_point_2, speed=2.5, tolerance=1.0
[INF][PRS]: 🚀 Creating Action with script 'MoveToPosition'
[DBG][PRS]: 🔧 CreateNodeFromScript: script='MoveToPosition', type='Action'
[INF][PRS]: ✅ Created action for script 'MoveToPosition'
[INF][PRS]: 🔍 Creating node: Action Wait
[DBG][PRS]: 🔍 Properties: duration=2.5
[INF][PRS]: 🚀 Creating Action with script 'Wait'
[DBG][PRS]: 🔧 CreateNodeFromScript: script='Wait', type='Action'
[INF][PRS]: ✅ Created action for script 'Wait'
[INF][PRS]: 🔍 Creating node: Sequence patrol_to_point2
[DBG][PRS]: 🔍 Properties: 
[DBG][PRS]: 🔧 Creating composite node: Sequence
[INF][PRS]: 🔍 Creating node: Action MoveToPosition
[DBG][PRS]: 🔍 Properties: target=guard_post, speed=3.0, tolerance=0.8
[INF][PRS]: 🚀 Creating Action with script 'MoveToPosition'
[DBG][PRS]: 🔧 CreateNodeFromScript: script='MoveToPosition', type='Action'
[INF][PRS]: ✅ Created action for script 'MoveToPosition'
[INF][PRS]: 🔍 Creating node: Action Wait
[DBG][PRS]: 🔍 Properties: duration=4.0
[INF][PRS]: 🚀 Creating Action with script 'Wait'
[DBG][PRS]: 🔧 CreateNodeFromScript: script='Wait', type='Action'
[INF][PRS]: ✅ Created action for script 'Wait'
[INF][PRS]: 🔍 Creating node: Sequence return_to_base
[DBG][PRS]: 🔍 Properties: 
[DBG][PRS]: 🔧 Creating composite node: Sequence
[INF][PRS]: 🔍 Creating node: Selector patrol_pattern
[DBG][PRS]: 🔍 Properties: 
[DBG][PRS]: 🔧 Creating composite node: Selector
[INF][PRS]: 🔍 Creating node: Sequence patrol_behavior
[DBG][PRS]: 🔍 Properties: 
[DBG][PRS]: 🔧 Creating composite node: Sequence
[INF][PRS]: 🔍 Creating node: Action Wait
[DBG][PRS]: 🔍 Properties: duration=1.0
[INF][PRS]: 🚀 Creating Action with script 'Wait'
[DBG][PRS]: 🔧 CreateNodeFromScript: script='Wait', type='Action'
[INF][PRS]: ✅ Created action for script 'Wait'
[INF][PRS]: 🔍 Creating node: Action RandomWander
[DBG][PRS]: 🔍 Properties: radius=2.0, speed=1.5, duration=2.0
[INF][PRS]: 🚀 Creating Action with script 'RandomWander'
[DBG][PRS]: 🔧 CreateNodeFromScript: script='RandomWander', type='Action'
[INF][PRS]: ✅ Created action for script 'RandomWander'
[INF][PRS]: 🔍 Creating node: Sequence idle_behavior
[DBG][PRS]: 🔍 Properties: 
[DBG][PRS]: 🔧 Creating composite node: Sequence
[INF][PRS]: 🔍 Creating node: Selector priority_behavior
[DBG][PRS]: 🔍 Properties: 
[DBG][PRS]: 🔧 Creating composite node: Selector
[INF][PRS]: 🔍 Creating node: Sequence main_loop
[DBG][PRS]: 🔍 Properties: 
[DBG][PRS]: 🔧 Creating composite node: Sequence
[DBG][PRS]: ✅ Successfully parsed tree 'ImprovedFormatExample' with root node: main_loop
[INF][SYS]: ⏱️ improved_format_example.bt: 4ms
[INF][PRS]: 📋 Parsing tree: ResourceManagementSample
[INF][PRS]: 🔍 Creating node: Action InitializeResources
[DBG][PRS]: 🔍 Properties: 
[INF][PRS]: 🚀 Creating Action with script 'InitializeResources'
[DBG][PRS]: 🔧 CreateNodeFromScript: script='InitializeResources', type='Action'
[INF][PRS]: ✅ Created action for script 'InitializeResources'
[INF][PRS]: 🔍 Creating node: Condition CheckManaResource
[DBG][PRS]: 🔍 Properties: min_mana=50
[INF][PRS]: 🚀 Creating Condition with script 'CheckManaResource'
[DBG][PRS]: 🔧 CreateNodeFromScript: script='CheckManaResource', type='Condition'
[INF][PRS]: ✅ Created condition for script 'CheckManaResource'
[INF][PRS]: 🔍 Creating node: Action CastSpell
[DBG][PRS]: 🔍 Properties: spell_name=fireball, mana_cost=50, damage=60
[INF][PRS]: 🚀 Creating Action with script 'CastSpell'
[DBG][PRS]: 🔧 CreateNodeFromScript: script='CastSpell', type='Action'
[INF][PRS]: ✅ Created action for script 'CastSpell'
[INF][PRS]: 🔍 Creating node: Sequence magic_attack
[DBG][PRS]: 🔍 Properties: 
[DBG][PRS]: 🔧 Creating composite node: Sequence
[INF][PRS]: 🔍 Creating node: Condition HealthCheck
[DBG][PRS]: 🔍 Properties: min_health=30
[INF][PRS]: 🚀 Creating Condition with script 'HealthCheck'
[DBG][PRS]: 🔧 CreateNodeFromScript: script='HealthCheck', type='Condition'
[INF][PRS]: ✅ Created condition for script 'HealthCheck'
[INF][PRS]: 🔍 Creating node: Condition HasItem
[DBG][PRS]: 🔍 Properties: item_type=healing_potion
[INF][PRS]: 🚀 Creating Condition with script 'HasItem'
[DBG][PRS]: 🔧 CreateNodeFromScript: script='HasItem', type='Condition'
[INF][PRS]: ✅ Created condition for script 'HasItem'
[INF][PRS]: 🔍 Creating node: Action UseItem
[DBG][PRS]: 🔍 Properties: item_type=healing_potion, duration=2.0
[INF][PRS]: 🚀 Creating Action with script 'UseItem'
[DBG][PRS]: 🔧 CreateNodeFromScript: script='UseItem', type='Action'
[INF][PRS]: ✅ Created action for script 'UseItem'
[INF][PRS]: 🔍 Creating node: Sequence healing_behavior
[DBG][PRS]: 🔍 Properties: 
[DBG][PRS]: 🔧 Creating composite node: Sequence
[INF][PRS]: 🔍 Creating node: Action Attack
[DBG][PRS]: 🔍 Properties: damage=25
[INF][PRS]: 🚀 Creating Action with script 'Attack'
[DBG][PRS]: 🔧 CreateNodeFromScript: script='Attack', type='Action'
[INF][PRS]: ✅ Created action for script 'Attack'
[INF][PRS]: 🔍 Creating node: Action RestoreSmallMana
[DBG][PRS]: 🔍 Properties: mana_gain=10
[INF][PRS]: 🚀 Creating Action with script 'RestoreSmallMana'
[DBG][PRS]: 🔧 CreateNodeFromScript: script='RestoreSmallMana', type='Action'
[INF][PRS]: ✅ Created action for script 'RestoreSmallMana'
[INF][PRS]: 🔍 Creating node: Sequence physical_attack
[DBG][PRS]: 🔍 Properties: 
[DBG][PRS]: 🔧 Creating composite node: Sequence
[INF][PRS]: 🔍 Creating node: Selector resource_behavior
[DBG][PRS]: 🔍 Properties: 
[DBG][PRS]: 🔧 Creating composite node: Selector
[INF][PRS]: 🔍 Creating node: Sequence main
[DBG][PRS]: 🔍 Properties: 
[DBG][PRS]: 🔧 Creating composite node: Sequence
[DBG][PRS]: ✅ Successfully parsed tree 'ResourceManagementSample' with root node: main
[INF][SYS]: ⏱️ resource_management_sample.bt: 2ms
[INF][PRS]: 📋 Parsing tree: SimpleAI
[INF][PRS]: 🔍 Creating node: Condition HasTarget
[DBG][PRS]: 🔍 Properties: 
[INF][PRS]: 🚀 Creating Condition with script 'HasTarget'
[DBG][PRS]: 🔧 CreateNodeFromScript: script='HasTarget', type='Condition'
[INF][PRS]: ✅ Created condition for script 'HasTarget'
[INF][PRS]: 🔍 Creating node: Action Attack
[DBG][PRS]: 🔍 Properties: damage=10
[INF][PRS]: 🚀 Creating Action with script 'Attack'
[DBG][PRS]: 🔧 CreateNodeFromScript: script='Attack', type='Action'
[INF][PRS]: ✅ Created action for script 'Attack'
[INF][PRS]: 🔍 Creating node: Sequence attack_behavior
[DBG][PRS]: 🔍 Properties: 
[DBG][PRS]: 🔧 Creating composite node: Sequence
[INF][PRS]: 🔍 Creating node: Action SearchForEnemy
[DBG][PRS]: 🔍 Properties: search_radius=15.0
[INF][PRS]: 🚀 Creating Action with script 'SearchForEnemy'
[DBG][PRS]: 🔧 CreateNodeFromScript: script='SearchForEnemy', type='Action'
[INF][PRS]: ✅ Created action for script 'SearchForEnemy'
[INF][PRS]: 🔍 Creating node: Selector root
[DBG][PRS]: 🔍 Properties: 
[DBG][PRS]: 🔧 Creating composite node: Selector
[DBG][PRS]: ✅ Successfully parsed tree 'SimpleAI' with root node: root
[INF][SYS]: ⏱️ simple_example.bt: 1ms
[INF][PRS]: 📋 Parsing tree: TeamCoordinationSample
[INF][PRS]: 🔍 Creating node: Action RandomWander
[DBG][PRS]: 🔍 Properties: wander_radius=20.0, speed=3.0
[INF][PRS]: 🚀 Creating Action with script 'RandomWander'
[DBG][PRS]: 🔧 CreateNodeFromScript: script='RandomWander', type='Action'
[INF][PRS]: ✅ Created action for script 'RandomWander'
[INF][PRS]: 🔍 Creating node: Action ScanEnvironment
[DBG][PRS]: 🔍 Properties: scan_radius=15.0
[INF][PRS]: 🚀 Creating Action with script 'ScanEnvironment'
[DBG][PRS]: 🔧 CreateNodeFromScript: script='ScanEnvironment', type='Action'
[INF][PRS]: ✅ Created action for script 'ScanEnvironment'
[INF][PRS]: 🔍 Creating node: Sequence scout_role
[DBG][PRS]: 🔍 Properties: 
[DBG][PRS]: 🔧 Creating composite node: Sequence
[INF][PRS]: 🔍 Creating node: Condition HasSharedEnemyInfo
[DBG][PRS]: 🔍 Properties: 
[INF][PRS]: 🚀 Creating Condition with script 'HasSharedEnemyInfo'
[DBG][PRS]: 🔧 CreateNodeFromScript: script='HasSharedEnemyInfo', type='Condition'
[INF][PRS]: ✅ Created condition for script 'HasSharedEnemyInfo'
[INF][PRS]: 🔍 Creating node: Action AttackTarget
[DBG][PRS]: 🔍 Properties: damage=40, attack_range=3.0
[INF][PRS]: 🚀 Creating Action with script 'AttackTarget'
[DBG][PRS]: 🔧 CreateNodeFromScript: script='AttackTarget', type='Action'
[INF][PRS]: ✅ Created action for script 'AttackTarget'
[INF][PRS]: 🔍 Creating node: Sequence combat_role
[DBG][PRS]: 🔍 Properties: 
[DBG][PRS]: 🔧 Creating composite node: Sequence
[INF][PRS]: 🔍 Creating node: Condition HealthCheck
[DBG][PRS]: 🔍 Properties: min_health=30
[INF][PRS]: 🚀 Creating Condition with script 'HealthCheck'
[DBG][PRS]: 🔧 CreateNodeFromScript: script='HealthCheck', type='Condition'
[INF][PRS]: ✅ Created condition for script 'HealthCheck'
[INF][PRS]: 🔍 Creating node: Action Wait
[DBG][PRS]: 🔍 Properties: duration=1.0
[INF][PRS]: 🚀 Creating Action with script 'Wait'
[DBG][PRS]: 🔧 CreateNodeFromScript: script='Wait', type='Action'
[INF][PRS]: ✅ Created action for script 'Wait'
[INF][PRS]: 🔍 Creating node: Sequence support_role
[DBG][PRS]: 🔍 Properties: 
[DBG][PRS]: 🔧 Creating composite node: Sequence
[INF][PRS]: 🔍 Creating node: Parallel team_behavior
[DBG][PRS]: 🔍 Properties: success_policy=require_one, failure_policy=require_all
[DBG][PRS]: 🔧 Creating composite node: Parallel
[DBG][PRS]: ✅ Successfully parsed tree 'TeamCoordinationSample' with root node: team_behavior
[INF][SYS]: ⏱️ team_coordination_sample.bt: 1ms
[INF][PRS]: 📋 Parsing tree: TurnBasedAI
[INF][PRS]: 🔍 Creating node: Condition CompareBlackBoard
[DBG][PRS]: 🔍 Properties: condition=current_health <= 20
[INF][PRS]: 🚀 Creating Condition with script 'CompareBlackBoard'
[DBG][PRS]: 🔧 CreateNodeFromScript: script='CompareBlackBoard', type='Condition'
[INF][PRS]: ✅ Created condition for script 'CompareBlackBoard'
[DBG][CHK][CompareBlackBoard]: CompareBlackBoard 'CompareBlackBoard': Parsed 'current_health <= 20' → key1='current_health', op='LessEqual', value='20'
[INF][PRS]: 🔍 Creating node: Condition CompareBlackBoard
[DBG][PRS]: 🔍 Properties: condition=healing_items_count > 0
[INF][PRS]: 🚀 Creating Condition with script 'CompareBlackBoard'
[DBG][PRS]: 🔧 CreateNodeFromScript: script='CompareBlackBoard', type='Condition'
[INF][PRS]: ✅ Created condition for script 'CompareBlackBoard'
[DBG][CHK][CompareBlackBoard]: CompareBlackBoard 'CompareBlackBoard': Parsed 'healing_items_count > 0' → key1='healing_items_count', op='Greater', value='0'
[INF][PRS]: 🔍 Creating node: Action Log
[DBG][PRS]: 🔍 Properties: message=CRITICAL HEALTH! Using healing item, level=Warning
[INF][PRS]: 🚀 Creating Action with script 'Log'
[DBG][PRS]: 🔧 CreateNodeFromScript: script='Log', type='Action'
[INF][PRS]: ✅ Created action for script 'Log'
[INF][PRS]: 🔍 Creating node: Action SetBlackBoard
[DBG][PRS]: 🔍 Properties: key=selected_action, value=use_healing_item
[INF][PRS]: 🚀 Creating Action with script 'SetBlackBoard'
[DBG][PRS]: 🔧 CreateNodeFromScript: script='SetBlackBoard', type='Action'
[INF][PRS]: ✅ Created action for script 'SetBlackBoard'
[INF][PRS]: 🔍 Creating node: Action SetBlackBoard
[DBG][PRS]: 🔍 Properties: key=turn_complete, value=true
[INF][PRS]: 🚀 Creating Action with script 'SetBlackBoard'
[DBG][PRS]: 🔧 CreateNodeFromScript: script='SetBlackBoard', type='Action'
[INF][PRS]: ✅ Created action for script 'SetBlackBoard'
[INF][PRS]: 🔍 Creating node: Sequence use_healing_item
[DBG][PRS]: 🔍 Properties: 
[DBG][PRS]: 🔧 Creating composite node: Sequence
[INF][PRS]: 🔍 Creating node: Action Log
[DBG][PRS]: 🔍 Properties: message=Low health - taking defensive stance, level=Info
[INF][PRS]: 🚀 Creating Action with script 'Log'
[DBG][PRS]: 🔧 CreateNodeFromScript: script='Log', type='Action'
[INF][PRS]: ✅ Created action for script 'Log'
[INF][PRS]: 🔍 Creating node: Action SetBlackBoard
[DBG][PRS]: 🔍 Properties: key=selected_action, value=defend
[INF][PRS]: 🚀 Creating Action with script 'SetBlackBoard'
[DBG][PRS]: 🔧 CreateNodeFromScript: script='SetBlackBoard', type='Action'
[INF][PRS]: ✅ Created action for script 'SetBlackBoard'
[INF][PRS]: 🔍 Creating node: Action SetBlackBoard
[DBG][PRS]: 🔍 Properties: key=turn_complete, value=true
[INF][PRS]: 🚀 Creating Action with script 'SetBlackBoard'
[DBG][PRS]: 🔧 CreateNodeFromScript: script='SetBlackBoard', type='Action'
[INF][PRS]: ✅ Created action for script 'SetBlackBoard'
[INF][PRS]: 🔍 Creating node: Sequence defensive_stance
[DBG][PRS]: 🔍 Properties: 
[DBG][PRS]: 🔧 Creating composite node: Sequence
[INF][PRS]: 🔍 Creating node: Selector survival_options
[DBG][PRS]: 🔍 Properties: 
[DBG][PRS]: 🔧 Creating composite node: Selector
[INF][PRS]: 🔍 Creating node: Sequence emergency_survival
[DBG][PRS]: 🔍 Properties: 
[DBG][PRS]: 🔧 Creating composite node: Sequence
[INF][PRS]: 🔍 Creating node: Condition CompareBlackBoard
[DBG][PRS]: 🔍 Properties: condition=current_health > 50
[INF][PRS]: 🚀 Creating Condition with script 'CompareBlackBoard'
[DBG][PRS]: 🔧 CreateNodeFromScript: script='CompareBlackBoard', type='Condition'
[INF][PRS]: ✅ Created condition for script 'CompareBlackBoard'
[DBG][CHK][CompareBlackBoard]: CompareBlackBoard 'CompareBlackBoard': Parsed 'current_health > 50' → key1='current_health', op='Greater', value='50'
[INF][PRS]: 🔍 Creating node: Condition HasTarget
[DBG][PRS]: 🔍 Properties: target_tag=Enemy
[INF][PRS]: 🚀 Creating Condition with script 'HasTarget'
[DBG][PRS]: 🔧 CreateNodeFromScript: script='HasTarget', type='Condition'
[INF][PRS]: ✅ Created condition for script 'HasTarget'
[INF][PRS]: 🔍 Creating node: Condition Random
[DBG][PRS]: 🔍 Properties: probability=0.7
[INF][PRS]: 🚀 Creating Condition with script 'Random'
[DBG][PRS]: 🔧 CreateNodeFromScript: script='Random', type='Condition'
[INF][PRS]: ✅ Created condition for script 'Random'
[INF][PRS]: 🔍 Creating node: Condition CompareBlackBoard
[DBG][PRS]: 🔍 Properties: condition=current_mana >= 30
[INF][PRS]: 🚀 Creating Condition with script 'CompareBlackBoard'
[DBG][PRS]: 🔧 CreateNodeFromScript: script='CompareBlackBoard', type='Condition'
[INF][PRS]: ✅ Created condition for script 'CompareBlackBoard'
[DBG][CHK][CompareBlackBoard]: CompareBlackBoard 'CompareBlackBoard': Parsed 'current_mana >= 30' → key1='current_mana', op='GreaterEqual', value='30'
[INF][PRS]: 🔍 Creating node: Action Log
[DBG][PRS]: 🔍 Properties: message=Casting powerful spell attack!, level=Info
[INF][PRS]: 🚀 Creating Action with script 'Log'
[DBG][PRS]: 🔧 CreateNodeFromScript: script='Log', type='Action'
[INF][PRS]: ✅ Created action for script 'Log'
[INF][PRS]: 🔍 Creating node: Action SetBlackBoard
[DBG][PRS]: 🔍 Properties: key=selected_action, value=cast_fireball
[INF][PRS]: 🚀 Creating Action with script 'SetBlackBoard'
[DBG][PRS]: 🔧 CreateNodeFromScript: script='SetBlackBoard', type='Action'
[INF][PRS]: ✅ Created action for script 'SetBlackBoard'
[INF][PRS]: 🔍 Creating node: Action SetBlackBoard
[DBG][PRS]: 🔍 Properties: key=mana_cost, value=30
[INF][PRS]: 🚀 Creating Action with script 'SetBlackBoard'
[DBG][PRS]: 🔧 CreateNodeFromScript: script='SetBlackBoard', type='Action'
[INF][PRS]: ✅ Created action for script 'SetBlackBoard'
[INF][PRS]: 🔍 Creating node: Action SetBlackBoard
[DBG][PRS]: 🔍 Properties: key=turn_complete, value=true
[INF][PRS]: 🚀 Creating Action with script 'SetBlackBoard'
[DBG][PRS]: 🔧 CreateNodeFromScript: script='SetBlackBoard', type='Action'
[INF][PRS]: ✅ Created action for script 'SetBlackBoard'
[INF][PRS]: 🔍 Creating node: Sequence magic_attack
[DBG][PRS]: 🔍 Properties: 
[DBG][PRS]: 🔧 Creating composite node: Sequence
[INF][PRS]: 🔍 Creating node: Action Log
[DBG][PRS]: 🔍 Properties: message=Performing strong physical attack, level=Info
[INF][PRS]: 🚀 Creating Action with script 'Log'
[DBG][PRS]: 🔧 CreateNodeFromScript: script='Log', type='Action'
[INF][PRS]: ✅ Created action for script 'Log'
[INF][PRS]: 🔍 Creating node: Action SetBlackBoard
[DBG][PRS]: 🔍 Properties: key=selected_action, value=strong_attack
[INF][PRS]: 🚀 Creating Action with script 'SetBlackBoard'
[DBG][PRS]: 🔧 CreateNodeFromScript: script='SetBlackBoard', type='Action'
[INF][PRS]: ✅ Created action for script 'SetBlackBoard'
[INF][PRS]: 🔍 Creating node: Action SetBlackBoard
[DBG][PRS]: 🔍 Properties: key=turn_complete, value=true
[INF][PRS]: 🚀 Creating Action with script 'SetBlackBoard'
[DBG][PRS]: 🔧 CreateNodeFromScript: script='SetBlackBoard', type='Action'
[INF][PRS]: ✅ Created action for script 'SetBlackBoard'
[INF][PRS]: 🔍 Creating node: Sequence physical_attack
[DBG][PRS]: 🔍 Properties: 
[DBG][PRS]: 🔧 Creating composite node: Sequence
[INF][PRS]: 🔍 Creating node: Sequence powerful_attack
[DBG][PRS]: 🔍 Properties: 
[DBG][PRS]: 🔧 Creating composite node: Sequence
[INF][PRS]: 🔍 Creating node: Action Log
[DBG][PRS]: 🔍 Properties: message=Performing normal attack, level=Info
[INF][PRS]: 🚀 Creating Action with script 'Log'
[DBG][PRS]: 🔧 CreateNodeFromScript: script='Log', type='Action'
[INF][PRS]: ✅ Created action for script 'Log'
[INF][PRS]: 🔍 Creating node: Action SetBlackBoard
[DBG][PRS]: 🔍 Properties: key=selected_action, value=normal_attack
[INF][PRS]: 🚀 Creating Action with script 'SetBlackBoard'
[DBG][PRS]: 🔧 CreateNodeFromScript: script='SetBlackBoard', type='Action'
[INF][PRS]: ✅ Created action for script 'SetBlackBoard'
[INF][PRS]: 🔍 Creating node: Action SetBlackBoard
[DBG][PRS]: 🔍 Properties: key=turn_complete, value=true
[INF][PRS]: 🚀 Creating Action with script 'SetBlackBoard'
[DBG][PRS]: 🔧 CreateNodeFromScript: script='SetBlackBoard', type='Action'
[INF][PRS]: ✅ Created action for script 'SetBlackBoard'
[INF][PRS]: 🔍 Creating node: Sequence normal_attack
[DBG][PRS]: 🔍 Properties: 
[DBG][PRS]: 🔧 Creating composite node: Sequence
[INF][PRS]: 🔍 Creating node: Selector attack_options
[DBG][PRS]: 🔍 Properties: 
[DBG][PRS]: 🔧 Creating composite node: Selector
[INF][PRS]: 🔍 Creating node: Sequence offensive_strategy
[DBG][PRS]: 🔍 Properties: 
[DBG][PRS]: 🔧 Creating composite node: Sequence
[INF][PRS]: 🔍 Creating node: Condition CompareBlackBoard
[DBG][PRS]: 🔍 Properties: condition=current_health > 30
[INF][PRS]: 🚀 Creating Condition with script 'CompareBlackBoard'
[DBG][PRS]: 🔧 CreateNodeFromScript: script='CompareBlackBoard', type='Condition'
[INF][PRS]: ✅ Created condition for script 'CompareBlackBoard'
[DBG][CHK][CompareBlackBoard]: CompareBlackBoard 'CompareBlackBoard': Parsed 'current_health > 30' → key1='current_health', op='Greater', value='30'
[INF][PRS]: 🔍 Creating node: Condition CompareBlackBoard
[DBG][PRS]: 🔍 Properties: condition=current_mana >= 20
[INF][PRS]: 🚀 Creating Condition with script 'CompareBlackBoard'
[DBG][PRS]: 🔧 CreateNodeFromScript: script='CompareBlackBoard', type='Condition'
[INF][PRS]: ✅ Created condition for script 'CompareBlackBoard'
[DBG][CHK][CompareBlackBoard]: CompareBlackBoard 'CompareBlackBoard': Parsed 'current_mana >= 20' → key1='current_mana', op='GreaterEqual', value='20'
[INF][PRS]: 🔍 Creating node: Condition Random
[DBG][PRS]: 🔍 Properties: probability=0.5
[INF][PRS]: 🚀 Creating Condition with script 'Random'
[DBG][PRS]: 🔧 CreateNodeFromScript: script='Random', type='Condition'
[INF][PRS]: ✅ Created condition for script 'Random'
[INF][PRS]: 🔍 Creating node: Action Log
[DBG][PRS]: 🔍 Properties: message=Healing ally, level=Info
[INF][PRS]: 🚀 Creating Action with script 'Log'
[DBG][PRS]: 🔧 CreateNodeFromScript: script='Log', type='Action'
[INF][PRS]: ✅ Created action for script 'Log'
[INF][PRS]: 🔍 Creating node: Action SetBlackBoard
[DBG][PRS]: 🔍 Properties: key=selected_action, value=heal_ally
[INF][PRS]: 🚀 Creating Action with script 'SetBlackBoard'
[DBG][PRS]: 🔧 CreateNodeFromScript: script='SetBlackBoard', type='Action'
[INF][PRS]: ✅ Created action for script 'SetBlackBoard'
[INF][PRS]: 🔍 Creating node: Action SetBlackBoard
[DBG][PRS]: 🔍 Properties: key=mana_cost, value=20
[INF][PRS]: 🚀 Creating Action with script 'SetBlackBoard'
[DBG][PRS]: 🔧 CreateNodeFromScript: script='SetBlackBoard', type='Action'
[INF][PRS]: ✅ Created action for script 'SetBlackBoard'
[INF][PRS]: 🔍 Creating node: Action SetBlackBoard
[DBG][PRS]: 🔍 Properties: key=turn_complete, value=true
[INF][PRS]: 🚀 Creating Action with script 'SetBlackBoard'
[DBG][PRS]: 🔧 CreateNodeFromScript: script='SetBlackBoard', type='Action'
[INF][PRS]: ✅ Created action for script 'SetBlackBoard'
[INF][PRS]: 🔍 Creating node: Sequence heal_ally
[DBG][PRS]: 🔍 Properties: 
[DBG][PRS]: 🔧 Creating composite node: Sequence
[INF][PRS]: 🔍 Creating node: Condition CompareBlackBoard
[DBG][PRS]: 🔍 Properties: condition=current_mana >= 15
[INF][PRS]: 🚀 Creating Condition with script 'CompareBlackBoard'
[DBG][PRS]: 🔧 CreateNodeFromScript: script='CompareBlackBoard', type='Condition'
[INF][PRS]: ✅ Created condition for script 'CompareBlackBoard'
[DBG][CHK][CompareBlackBoard]: CompareBlackBoard 'CompareBlackBoard': Parsed 'current_mana >= 15' → key1='current_mana', op='GreaterEqual', value='15'
[INF][PRS]: 🔍 Creating node: Action Log
[DBG][PRS]: 🔍 Properties: message=Applying buff/debuff, level=Info
[INF][PRS]: 🚀 Creating Action with script 'Log'
[DBG][PRS]: 🔧 CreateNodeFromScript: script='Log', type='Action'
[INF][PRS]: ✅ Created action for script 'Log'
[INF][PRS]: 🔍 Creating node: Action SetBlackBoard
[DBG][PRS]: 🔍 Properties: key=selected_action, value=cast_buff
[INF][PRS]: 🚀 Creating Action with script 'SetBlackBoard'
[DBG][PRS]: 🔧 CreateNodeFromScript: script='SetBlackBoard', type='Action'
[INF][PRS]: ✅ Created action for script 'SetBlackBoard'
[INF][PRS]: 🔍 Creating node: Action SetBlackBoard
[DBG][PRS]: 🔍 Properties: key=mana_cost, value=15
[INF][PRS]: 🚀 Creating Action with script 'SetBlackBoard'
[DBG][PRS]: 🔧 CreateNodeFromScript: script='SetBlackBoard', type='Action'
[INF][PRS]: ✅ Created action for script 'SetBlackBoard'
[INF][PRS]: 🔍 Creating node: Action SetBlackBoard
[DBG][PRS]: 🔍 Properties: key=turn_complete, value=true
[INF][PRS]: 🚀 Creating Action with script 'SetBlackBoard'
[DBG][PRS]: 🔧 CreateNodeFromScript: script='SetBlackBoard', type='Action'
[INF][PRS]: ✅ Created action for script 'SetBlackBoard'
[INF][PRS]: 🔍 Creating node: Sequence use_buff
[DBG][PRS]: 🔍 Properties: 
[DBG][PRS]: 🔧 Creating composite node: Sequence
[INF][PRS]: 🔍 Creating node: Condition CompareBlackBoard
[DBG][PRS]: 🔍 Properties: condition=consumable_items_count > 0
[INF][PRS]: 🚀 Creating Condition with script 'CompareBlackBoard'
[DBG][PRS]: 🔧 CreateNodeFromScript: script='CompareBlackBoard', type='Condition'
[INF][PRS]: ✅ Created condition for script 'CompareBlackBoard'
[DBG][CHK][CompareBlackBoard]: CompareBlackBoard 'CompareBlackBoard': Parsed 'consumable_items_count > 0' → key1='consumable_items_count', op='Greater', value='0'
[INF][PRS]: 🔍 Creating node: Condition Random
[DBG][PRS]: 🔍 Properties: probability=0.3
[INF][PRS]: 🚀 Creating Condition with script 'Random'
[DBG][PRS]: 🔧 CreateNodeFromScript: script='Random', type='Condition'
[INF][PRS]: ✅ Created condition for script 'Random'
[INF][PRS]: 🔍 Creating node: Action Log
[DBG][PRS]: 🔍 Properties: message=Using consumable item, level=Info
[INF][PRS]: 🚀 Creating Action with script 'Log'
[DBG][PRS]: 🔧 CreateNodeFromScript: script='Log', type='Action'
[INF][PRS]: ✅ Created action for script 'Log'
[INF][PRS]: 🔍 Creating node: Action SetBlackBoard
[DBG][PRS]: 🔍 Properties: key=selected_action, value=use_item
[INF][PRS]: 🚀 Creating Action with script 'SetBlackBoard'
[DBG][PRS]: 🔧 CreateNodeFromScript: script='SetBlackBoard', type='Action'
[INF][PRS]: ✅ Created action for script 'SetBlackBoard'
[INF][PRS]: 🔍 Creating node: Action SetBlackBoard
[DBG][PRS]: 🔍 Properties: key=turn_complete, value=true
[INF][PRS]: 🚀 Creating Action with script 'SetBlackBoard'
[DBG][PRS]: 🔧 CreateNodeFromScript: script='SetBlackBoard', type='Action'
[INF][PRS]: ✅ Created action for script 'SetBlackBoard'
[INF][PRS]: 🔍 Creating node: Sequence use_item
[DBG][PRS]: 🔍 Properties: 
[DBG][PRS]: 🔧 Creating composite node: Sequence
[INF][PRS]: 🔍 Creating node: Selector support_options
[DBG][PRS]: 🔍 Properties: 
[DBG][PRS]: 🔧 Creating composite node: Selector
[INF][PRS]: 🔍 Creating node: Sequence support_strategy
[DBG][PRS]: 🔍 Properties: 
[DBG][PRS]: 🔧 Creating composite node: Sequence
[INF][PRS]: 🔍 Creating node: Condition CompareBlackBoard
[DBG][PRS]: 🔍 Properties: condition=current_health < 40
[INF][PRS]: 🚀 Creating Condition with script 'CompareBlackBoard'
[DBG][PRS]: 🔧 CreateNodeFromScript: script='CompareBlackBoard', type='Condition'
[INF][PRS]: ✅ Created condition for script 'CompareBlackBoard'
[DBG][CHK][CompareBlackBoard]: CompareBlackBoard 'CompareBlackBoard': Parsed 'current_health < 40' → key1='current_health', op='Less', value='40'
[INF][PRS]: 🔍 Creating node: Action Log
[DBG][PRS]: 🔍 Properties: message=Moving to safer position, level=Info
[INF][PRS]: 🚀 Creating Action with script 'Log'
[DBG][PRS]: 🔧 CreateNodeFromScript: script='Log', type='Action'
[INF][PRS]: ✅ Created action for script 'Log'
[INF][PRS]: 🔍 Creating node: Action SetBlackBoard
[DBG][PRS]: 🔍 Properties: key=selected_action, value=move_back
[INF][PRS]: 🚀 Creating Action with script 'SetBlackBoard'
[DBG][PRS]: 🔧 CreateNodeFromScript: script='SetBlackBoard', type='Action'
[INF][PRS]: ✅ Created action for script 'SetBlackBoard'
[INF][PRS]: 🔍 Creating node: Action SetBlackBoard
[DBG][PRS]: 🔍 Properties: key=turn_complete, value=true
[INF][PRS]: 🚀 Creating Action with script 'SetBlackBoard'
[DBG][PRS]: 🔧 CreateNodeFromScript: script='SetBlackBoard', type='Action'
[INF][PRS]: ✅ Created action for script 'SetBlackBoard'
[INF][PRS]: 🔍 Creating node: Sequence retreat_movement
[DBG][PRS]: 🔍 Properties: 
[DBG][PRS]: 🔧 Creating composite node: Sequence
[INF][PRS]: 🔍 Creating node: Condition CompareBlackBoard
[DBG][PRS]: 🔍 Properties: condition=current_health > 60
[INF][PRS]: 🚀 Creating Condition with script 'CompareBlackBoard'
[DBG][PRS]: 🔧 CreateNodeFromScript: script='CompareBlackBoard', type='Condition'
[INF][PRS]: ✅ Created condition for script 'CompareBlackBoard'
[DBG][CHK][CompareBlackBoard]: CompareBlackBoard 'CompareBlackBoard': Parsed 'current_health > 60' → key1='current_health', op='Greater', value='60'
[INF][PRS]: 🔍 Creating node: Condition HasTarget
[DBG][PRS]: 🔍 Properties: target_tag=Enemy
[INF][PRS]: 🚀 Creating Condition with script 'HasTarget'
[DBG][PRS]: 🔧 CreateNodeFromScript: script='HasTarget', type='Condition'
[INF][PRS]: ✅ Created condition for script 'HasTarget'
[INF][PRS]: 🔍 Creating node: Inverter not_in_range
[DBG][PRS]: 🔍 Properties: 
[DBG][PRS]: 🔧 Creating decorator node: Inverter
[INF][PRS]: 🔍 Creating node: Action Log
[DBG][PRS]: 🔍 Properties: message=Moving closer to enemy, level=Info
[INF][PRS]: 🚀 Creating Action with script 'Log'
[DBG][PRS]: 🔧 CreateNodeFromScript: script='Log', type='Action'
[INF][PRS]: ✅ Created action for script 'Log'
[INF][PRS]: 🔍 Creating node: Action SetBlackBoard
[DBG][PRS]: 🔍 Properties: key=selected_action, value=move_forward
[INF][PRS]: 🚀 Creating Action with script 'SetBlackBoard'
[DBG][PRS]: 🔧 CreateNodeFromScript: script='SetBlackBoard', type='Action'
[INF][PRS]: ✅ Created action for script 'SetBlackBoard'
[INF][PRS]: 🔍 Creating node: Action SetBlackBoard
[DBG][PRS]: 🔍 Properties: key=turn_complete, value=true
[INF][PRS]: 🚀 Creating Action with script 'SetBlackBoard'
[DBG][PRS]: 🔧 CreateNodeFromScript: script='SetBlackBoard', type='Action'
[INF][PRS]: ✅ Created action for script 'SetBlackBoard'
[INF][PRS]: 🔍 Creating node: Sequence approach_movement
[DBG][PRS]: 🔍 Properties: 
[DBG][PRS]: 🔧 Creating composite node: Sequence
[INF][PRS]: 🔍 Creating node: Action Log
[DBG][PRS]: 🔍 Properties: message=Taking tactical position, level=Debug
[INF][PRS]: 🚀 Creating Action with script 'Log'
[DBG][PRS]: 🔧 CreateNodeFromScript: script='Log', type='Action'
[INF][PRS]: ✅ Created action for script 'Log'
[INF][PRS]: 🔍 Creating node: Action SetBlackBoard
[DBG][PRS]: 🔍 Properties: key=selected_action, value=move_tactical
[INF][PRS]: 🚀 Creating Action with script 'SetBlackBoard'
[DBG][PRS]: 🔧 CreateNodeFromScript: script='SetBlackBoard', type='Action'
[INF][PRS]: ✅ Created action for script 'SetBlackBoard'
[INF][PRS]: 🔍 Creating node: Action SetBlackBoard
[DBG][PRS]: 🔍 Properties: key=turn_complete, value=true
[INF][PRS]: 🚀 Creating Action with script 'SetBlackBoard'
[DBG][PRS]: 🔧 CreateNodeFromScript: script='SetBlackBoard', type='Action'
[INF][PRS]: ✅ Created action for script 'SetBlackBoard'
[INF][PRS]: 🔍 Creating node: Sequence tactical_position
[DBG][PRS]: 🔍 Properties: 
[DBG][PRS]: 🔧 Creating composite node: Sequence
[INF][PRS]: 🔍 Creating node: Selector movement_options
[DBG][PRS]: 🔍 Properties: 
[DBG][PRS]: 🔧 Creating composite node: Selector
[INF][PRS]: 🔍 Creating node: Sequence positioning_strategy
[DBG][PRS]: 🔍 Properties: 
[DBG][PRS]: 🔧 Creating composite node: Sequence
[INF][PRS]: 🔍 Creating node: Action Log
[DBG][PRS]: 🔍 Properties: message=No optimal action found - waiting, level=Debug
[INF][PRS]: 🚀 Creating Action with script 'Log'
[DBG][PRS]: 🔧 CreateNodeFromScript: script='Log', type='Action'
[INF][PRS]: ✅ Created action for script 'Log'
[INF][PRS]: 🔍 Creating node: Action SetBlackBoard
[DBG][PRS]: 🔍 Properties: key=selected_action, value=wait
[INF][PRS]: 🚀 Creating Action with script 'SetBlackBoard'
[DBG][PRS]: 🔧 CreateNodeFromScript: script='SetBlackBoard', type='Action'
[INF][PRS]: ✅ Created action for script 'SetBlackBoard'
[INF][PRS]: 🔍 Creating node: Action SetBlackBoard
[DBG][PRS]: 🔍 Properties: key=turn_complete, value=true
[INF][PRS]: 🚀 Creating Action with script 'SetBlackBoard'
[DBG][PRS]: 🔧 CreateNodeFromScript: script='SetBlackBoard', type='Action'
[INF][PRS]: ✅ Created action for script 'SetBlackBoard'
[INF][PRS]: 🔍 Creating node: Sequence default_wait
[DBG][PRS]: 🔍 Properties: 
[DBG][PRS]: 🔧 Creating composite node: Sequence
[INF][PRS]: 🔍 Creating node: Selector turn_decision
[DBG][PRS]: 🔍 Properties: 
[DBG][PRS]: 🔧 Creating composite node: Selector
[DBG][PRS]: ✅ Successfully parsed tree 'TurnBasedAI' with root node: turn_decision
[INF][SYS]: ⏱️ turn_based_sample.bt: 11ms
[INF][SYS]: ✅ Performance tests completed
]]></output>
            </test-case>
            <test-case id="1118" name="TestSpecificBTFileStructures" fullname="ArcBT.Tests.BTParsingTests.TestSpecificBTFileStructures" methodname="TestSpecificBTFileStructures" classname="ArcBT.Tests.BTParsingTests" runstate="Runnable" seed="1297943451" result="Passed" start-time="2025-07-28 12:09:40Z" end-time="2025-07-28 12:09:40Z" duration="0.006732" asserts="0">
              <properties>
                <property name="Description" value="各BTファイル（blackboard_sample.bt、team_coordination_sample.bt等）の詳細なノード構造を検証" />
                <property name="retryIteration" value="0" />
                <property name="repeatIteration" value="0" />
              </properties>
              <output><![CDATA[[INF][SYS]: 🔍 Testing structure of: blackboard_sample.bt
[INF][PRS]: 📋 Parsing tree: BlackBoardSample
[INF][PRS]: 🔍 Creating node: Action ScanEnvironment
[DBG][PRS]: 🔍 Properties: scan_radius=15.0
[INF][PRS]: 🚀 Creating Action with script 'ScanEnvironment'
[DBG][PRS]: 🔧 CreateNodeFromScript: script='ScanEnvironment', type='Action'
[INF][PRS]: ✅ Created action for script 'ScanEnvironment'
[INF][PRS]: 🔍 Creating node: Condition HasSharedEnemyInfo
[DBG][PRS]: 🔍 Properties: 
[INF][PRS]: 🚀 Creating Condition with script 'HasSharedEnemyInfo'
[DBG][PRS]: 🔧 CreateNodeFromScript: script='HasSharedEnemyInfo', type='Condition'
[INF][PRS]: ✅ Created condition for script 'HasSharedEnemyInfo'
[INF][PRS]: 🔍 Creating node: Action MoveToEnemy
[DBG][PRS]: 🔍 Properties: speed=4.0, tolerance=1.5
[INF][PRS]: 🚀 Creating Action with script 'MoveToEnemy'
[DBG][PRS]: 🔧 CreateNodeFromScript: script='MoveToEnemy', type='Action'
[INF][PRS]: ✅ Created action for script 'MoveToEnemy'
[INF][PRS]: 🔍 Creating node: Action AttackTarget
[DBG][PRS]: 🔍 Properties: damage=30
[INF][PRS]: 🚀 Creating Action with script 'AttackTarget'
[DBG][PRS]: 🔧 CreateNodeFromScript: script='AttackTarget', type='Action'
[INF][PRS]: ✅ Created action for script 'AttackTarget'
[INF][PRS]: 🔍 Creating node: Sequence move_to_enemy
[DBG][PRS]: 🔍 Properties: 
[DBG][PRS]: 🔧 Creating composite node: Sequence
[INF][PRS]: 🔍 Creating node: Action RandomWander
[DBG][PRS]: 🔍 Properties: wander_radius=10.0, speed=2.0
[INF][PRS]: 🚀 Creating Action with script 'RandomWander'
[DBG][PRS]: 🔧 CreateNodeFromScript: script='RandomWander', type='Action'
[INF][PRS]: ✅ Created action for script 'RandomWander'
[INF][PRS]: 🔍 Creating node: Selector movement_behavior
[DBG][PRS]: 🔍 Properties: 
[DBG][PRS]: 🔧 Creating composite node: Selector
[INF][PRS]: 🔍 Creating node: Sequence main
[DBG][PRS]: 🔍 Properties: 
[DBG][PRS]: 🔧 Creating composite node: Sequence
[DBG][PRS]: ✅ Successfully parsed tree 'BlackBoardSample' with root node: main
[INF][SYS]: ✅ Structure validation passed for: blackboard_sample.bt
[INF][SYS]: 🔍 Testing structure of: team_coordination_sample.bt
[INF][PRS]: 📋 Parsing tree: TeamCoordinationSample
[INF][PRS]: 🔍 Creating node: Action RandomWander
[DBG][PRS]: 🔍 Properties: wander_radius=20.0, speed=3.0
[INF][PRS]: 🚀 Creating Action with script 'RandomWander'
[DBG][PRS]: 🔧 CreateNodeFromScript: script='RandomWander', type='Action'
[INF][PRS]: ✅ Created action for script 'RandomWander'
[INF][PRS]: 🔍 Creating node: Action ScanEnvironment
[DBG][PRS]: 🔍 Properties: scan_radius=15.0
[INF][PRS]: 🚀 Creating Action with script 'ScanEnvironment'
[DBG][PRS]: 🔧 CreateNodeFromScript: script='ScanEnvironment', type='Action'
[INF][PRS]: ✅ Created action for script 'ScanEnvironment'
[INF][PRS]: 🔍 Creating node: Sequence scout_role
[DBG][PRS]: 🔍 Properties: 
[DBG][PRS]: 🔧 Creating composite node: Sequence
[INF][PRS]: 🔍 Creating node: Condition HasSharedEnemyInfo
[DBG][PRS]: 🔍 Properties: 
[INF][PRS]: 🚀 Creating Condition with script 'HasSharedEnemyInfo'
[DBG][PRS]: 🔧 CreateNodeFromScript: script='HasSharedEnemyInfo', type='Condition'
[INF][PRS]: ✅ Created condition for script 'HasSharedEnemyInfo'
[INF][PRS]: 🔍 Creating node: Action AttackTarget
[DBG][PRS]: 🔍 Properties: damage=40, attack_range=3.0
[INF][PRS]: 🚀 Creating Action with script 'AttackTarget'
[DBG][PRS]: 🔧 CreateNodeFromScript: script='AttackTarget', type='Action'
[INF][PRS]: ✅ Created action for script 'AttackTarget'
[INF][PRS]: 🔍 Creating node: Sequence combat_role
[DBG][PRS]: 🔍 Properties: 
[DBG][PRS]: 🔧 Creating composite node: Sequence
[INF][PRS]: 🔍 Creating node: Condition HealthCheck
[DBG][PRS]: 🔍 Properties: min_health=30
[INF][PRS]: 🚀 Creating Condition with script 'HealthCheck'
[DBG][PRS]: 🔧 CreateNodeFromScript: script='HealthCheck', type='Condition'
[INF][PRS]: ✅ Created condition for script 'HealthCheck'
[INF][PRS]: 🔍 Creating node: Action Wait
[DBG][PRS]: 🔍 Properties: duration=1.0
[INF][PRS]: 🚀 Creating Action with script 'Wait'
[DBG][PRS]: 🔧 CreateNodeFromScript: script='Wait', type='Action'
[INF][PRS]: ✅ Created action for script 'Wait'
[INF][PRS]: 🔍 Creating node: Sequence support_role
[DBG][PRS]: 🔍 Properties: 
[DBG][PRS]: 🔧 Creating composite node: Sequence
[INF][PRS]: 🔍 Creating node: Parallel team_behavior
[DBG][PRS]: 🔍 Properties: success_policy=require_one, failure_policy=require_all
[DBG][PRS]: 🔧 Creating composite node: Parallel
[DBG][PRS]: ✅ Successfully parsed tree 'TeamCoordinationSample' with root node: team_behavior
[INF][SYS]: ✅ Structure validation passed for: team_coordination_sample.bt
[INF][SYS]: 🔍 Testing structure of: dynamic_condition_sample.bt
[INF][PRS]: 📋 Parsing tree: DynamicConditionSample
[INF][PRS]: 🔍 Creating node: Condition HealthCheck
[DBG][PRS]: 🔍 Properties: min_health=50
[INF][PRS]: 🚀 Creating Condition with script 'HealthCheck'
[DBG][PRS]: 🔧 CreateNodeFromScript: script='HealthCheck', type='Condition'
[INF][PRS]: ✅ Created condition for script 'HealthCheck'
[INF][PRS]: 🔍 Creating node: Condition EnemyCheck
[DBG][PRS]: 🔍 Properties: detection_range=10.0
[INF][PRS]: 🚀 Creating Condition with script 'EnemyCheck'
[DBG][PRS]: 🔧 CreateNodeFromScript: script='EnemyCheck', type='Condition'
[INF][PRS]: ✅ Created condition for script 'EnemyCheck'
[INF][PRS]: 🔍 Creating node: Action AttackEnemy
[DBG][PRS]: 🔍 Properties: damage=35, attack_range=2.5
[INF][PRS]: 🚀 Creating Action with script 'AttackEnemy'
[DBG][PRS]: 🔧 CreateNodeFromScript: script='AttackEnemy', type='Action'
[INF][PRS]: ✅ Created action for script 'AttackEnemy'
[INF][PRS]: 🔍 Creating node: Sequence healthy_combat
[DBG][PRS]: 🔍 Properties: 
[DBG][PRS]: 🔧 Creating composite node: Sequence
[INF][PRS]: 🔍 Creating node: Condition HealthCheck
[DBG][PRS]: 🔍 Properties: min_health=20
[INF][PRS]: 🚀 Creating Condition with script 'HealthCheck'
[DBG][PRS]: 🔧 CreateNodeFromScript: script='HealthCheck', type='Condition'
[INF][PRS]: ✅ Created condition for script 'HealthCheck'
[INF][PRS]: 🔍 Creating node: Action MoveToPosition
[DBG][PRS]: 🔍 Properties: target=safe_zone, speed=3.0
[INF][PRS]: 🚀 Creating Action with script 'MoveToPosition'
[DBG][PRS]: 🔧 CreateNodeFromScript: script='MoveToPosition', type='Action'
[INF][PRS]: ✅ Created action for script 'MoveToPosition'
[INF][PRS]: 🔍 Creating node: Action Wait
[DBG][PRS]: 🔍 Properties: duration=3.0
[INF][PRS]: 🚀 Creating Action with script 'Wait'
[DBG][PRS]: 🔧 CreateNodeFromScript: script='Wait', type='Action'
[INF][PRS]: ✅ Created action for script 'Wait'
[INF][PRS]: 🔍 Creating node: Sequence safe_healing
[DBG][PRS]: 🔍 Properties: 
[DBG][PRS]: 🔧 Creating composite node: Sequence
[INF][PRS]: 🔍 Creating node: Action MoveToPosition
[DBG][PRS]: 🔍 Properties: target=emergency_exit, speed=6.0
[INF][PRS]: 🚀 Creating Action with script 'MoveToPosition'
[DBG][PRS]: 🔧 CreateNodeFromScript: script='MoveToPosition', type='Action'
[INF][PRS]: ✅ Created action for script 'MoveToPosition'
[INF][PRS]: 🔍 Creating node: Selector main
[DBG][PRS]: 🔍 Properties: 
[DBG][PRS]: 🔧 Creating composite node: Selector
[DBG][PRS]: ✅ Successfully parsed tree 'DynamicConditionSample' with root node: main
[INF][SYS]: ✅ Structure validation passed for: dynamic_condition_sample.bt
]]></output>
            </test-case>
          </test-suite>
          <test-suite type="TestFixture" id="1123" name="CoreActionTests" fullname="ArcBT.Tests.CoreActionTests" classname="ArcBT.Tests.CoreActionTests" runstate="Runnable" testcasecount="12" result="Passed" start-time="2025-07-28 12:09:40Z" end-time="2025-07-28 12:09:40Z" duration="0.024363" total="12" passed="12" failed="0" inconclusive="0" skipped="0" asserts="0">
            <properties />
            <test-case id="1130" name="LogAction_Execute_OutputsMessage" fullname="ArcBT.Tests.CoreActionTests.LogAction_Execute_OutputsMessage" methodname="LogAction_Execute_OutputsMessage" classname="ArcBT.Tests.CoreActionTests" runstate="Runnable" seed="919385287" result="Passed" start-time="2025-07-28 12:09:40Z" end-time="2025-07-28 12:09:40Z" duration="0.001277" asserts="0">
              <properties>
                <property name="Description" value="LogActionでメッセージのログ出力が正しく動作することを確認" />
                <property name="retryIteration" value="0" />
                <property name="repeatIteration" value="0" />
              </properties>
              <output><![CDATA[[INF][SYS]: テストメッセージ
]]></output>
            </test-case>
            <test-case id="1131" name="LogAction_ExecuteWithBlackBoardInfo_IncludesBlackBoardData" fullname="ArcBT.Tests.CoreActionTests.LogAction_ExecuteWithBlackBoardInfo_IncludesBlackBoardData" methodname="LogAction_ExecuteWithBlackBoardInfo_IncludesBlackBoardData" classname="ArcBT.Tests.CoreActionTests" runstate="Runnable" seed="238335223" result="Passed" start-time="2025-07-28 12:09:40Z" end-time="2025-07-28 12:09:40Z" duration="0.000346" asserts="0">
              <properties>
                <property name="Description" value="LogActionでBlackBoard情報を含むログ出力が正しく動作することを確認" />
                <property name="retryIteration" value="0" />
                <property name="repeatIteration" value="0" />
              </properties>
              <output><![CDATA[[INF][SYS]: BlackBoard情報 [BlackBoard Keys: 1]
]]></output>
            </test-case>
            <test-case id="1126" name="MoveToPositionAction_ExecuteWithoutTarget_ReturnsFailure" fullname="ArcBT.Tests.CoreActionTests.MoveToPositionAction_ExecuteWithoutTarget_ReturnsFailure" methodname="MoveToPositionAction_ExecuteWithoutTarget_ReturnsFailure" classname="ArcBT.Tests.CoreActionTests" runstate="Runnable" seed="1906835535" result="Passed" start-time="2025-07-28 12:09:40Z" end-time="2025-07-28 12:09:40Z" duration="0.001997" asserts="0">
              <properties>
                <property name="Description" value="MoveToPositionActionでターゲットが設定されていない場合にFailureが返されることを確認" />
                <property name="retryIteration" value="0" />
                <property name="repeatIteration" value="0" />
              </properties>
              <output><![CDATA[[INF][MOV]: === MoveToPositionAction '' EXECUTING ===
[ERR][MOV]: MoveToPosition '': No valid target '' - trying to find it again
[ERR][MOV]: MoveToPosition '': No target name specified!
]]></output>
            </test-case>
            <test-case id="1124" name="MoveToPositionAction_Initialize_SetsUpCorrectly" fullname="ArcBT.Tests.CoreActionTests.MoveToPositionAction_Initialize_SetsUpCorrectly" methodname="MoveToPositionAction_Initialize_SetsUpCorrectly" classname="ArcBT.Tests.CoreActionTests" runstate="Runnable" seed="861269115" result="Passed" start-time="2025-07-28 12:09:40Z" end-time="2025-07-28 12:09:40Z" duration="0.000922" asserts="0">
              <properties>
                <property name="Description" value="MoveToPositionActionの初期化処理でターゲット位置とプロパティが正しくBlackBoardに設定されることを確認" />
                <property name="retryIteration" value="0" />
                <property name="repeatIteration" value="0" />
              </properties>
              <output><![CDATA[[INF][BBD]: 🗂️ BlackBoard[新規]: _target_position = (5.00, 0.00, 5.00)
[INF][BBD]: 🗂️ BlackBoard[新規]: _target_name = TestTarget
[INF][MOV]: MoveToPosition: Target found 'TestTarget' at (5.00, 0.00, 5.00)
]]></output>
            </test-case>
            <test-case id="1125" name="MoveToPositionAction_InvalidTarget_HandlesGracefully" fullname="ArcBT.Tests.CoreActionTests.MoveToPositionAction_InvalidTarget_HandlesGracefully" methodname="MoveToPositionAction_InvalidTarget_HandlesGracefully" classname="ArcBT.Tests.CoreActionTests" runstate="Runnable" seed="614410098" result="Passed" start-time="2025-07-28 12:09:40Z" end-time="2025-07-28 12:09:40Z" duration="0.000739" asserts="0">
              <properties>
                <property name="Description" value="MoveToPositionActionで存在しないターゲットを指定した場合のエラーハンドリングを確認" />
                <property name="retryIteration" value="0" />
                <property name="repeatIteration" value="0" />
              </properties>
              <output><![CDATA[[ERR][MOV]: MoveToPosition: Target 'NonExistentTarget' not found!
]]></output>
            </test-case>
            <test-case id="1135" name="SetBlackBoardAction_ExecuteWithNullBlackBoard_ReturnsFailure" fullname="ArcBT.Tests.CoreActionTests.SetBlackBoardAction_ExecuteWithNullBlackBoard_ReturnsFailure" methodname="SetBlackBoardAction_ExecuteWithNullBlackBoard_ReturnsFailure" classname="ArcBT.Tests.CoreActionTests" runstate="Runnable" seed="670034174" result="Passed" start-time="2025-07-28 12:09:40Z" end-time="2025-07-28 12:09:40Z" duration="0.000864" asserts="0">
              <properties>
                <property name="Description" value="SetBlackBoardActionでBlackBoardがnullの場合にFailureを返しエラーログを出力することを確認" />
                <property name="retryIteration" value="0" />
                <property name="repeatIteration" value="0" />
              </properties>
              <output><![CDATA[[ERR][BBD]: SetBlackBoard: BlackBoard is null
]]></output>
            </test-case>
            <test-case id="1133" name="SetBlackBoardAction_SetProperty_SetsFloatValue" fullname="ArcBT.Tests.CoreActionTests.SetBlackBoardAction_SetProperty_SetsFloatValue" methodname="SetBlackBoardAction_SetProperty_SetsFloatValue" classname="ArcBT.Tests.CoreActionTests" runstate="Runnable" seed="837006434" result="Passed" start-time="2025-07-28 12:09:40Z" end-time="2025-07-28 12:09:40Z" duration="0.000635" asserts="0">
              <properties>
                <property name="Description" value="SetBlackBoardActionでfloat型の値（speed=10.5）をBlackBoardに設定" />
                <property name="retryIteration" value="0" />
                <property name="repeatIteration" value="0" />
              </properties>
              <output><![CDATA[[DBG][BBD]: Set speed = 10.5 (auto-detected: float)
]]></output>
            </test-case>
            <test-case id="1132" name="SetBlackBoardAction_SetProperty_SetsIntValue" fullname="ArcBT.Tests.CoreActionTests.SetBlackBoardAction_SetProperty_SetsIntValue" methodname="SetBlackBoardAction_SetProperty_SetsIntValue" classname="ArcBT.Tests.CoreActionTests" runstate="Runnable" seed="399343644" result="Passed" start-time="2025-07-28 12:09:40Z" end-time="2025-07-28 12:09:40Z" duration="0.000362" asserts="0">
              <properties>
                <property name="Description" value="SetBlackBoardActionでint型の値（health=100）をBlackBoardに設定" />
                <property name="retryIteration" value="0" />
                <property name="repeatIteration" value="0" />
              </properties>
              <output><![CDATA[[INF][BBD]: 🗂️ BlackBoard[新規]: health = 100
[DBG][BBD]: Set health = 100 (auto-detected: int)
]]></output>
            </test-case>
            <test-case id="1134" name="SetBlackBoardAction_SetProperty_SetsStringValue" fullname="ArcBT.Tests.CoreActionTests.SetBlackBoardAction_SetProperty_SetsStringValue" methodname="SetBlackBoardAction_SetProperty_SetsStringValue" classname="ArcBT.Tests.CoreActionTests" runstate="Runnable" seed="956708381" result="Passed" start-time="2025-07-28 12:09:40Z" end-time="2025-07-28 12:09:40Z" duration="0.000603" asserts="0">
              <properties>
                <property name="Description" value="SetBlackBoardActionでstring型の値（player_name=Hero）をBlackBoardに設定" />
                <property name="retryIteration" value="0" />
                <property name="repeatIteration" value="0" />
              </properties>
              <output><![CDATA[[DBG][BBD]: Set player_name = 'Hero' (auto-detected: string)
]]></output>
            </test-case>
            <test-case id="1128" name="WaitAction_Execute_ReturnsRunningInitially" fullname="ArcBT.Tests.CoreActionTests.WaitAction_Execute_ReturnsRunningInitially" methodname="WaitAction_Execute_ReturnsRunningInitially" classname="ArcBT.Tests.CoreActionTests" runstate="Runnable" seed="1469032484" result="Passed" start-time="2025-07-28 12:09:40Z" end-time="2025-07-28 12:09:40Z" duration="0.000360" asserts="0">
              <properties>
                <property name="Description" value="WaitActionの実行開始時に待機中を示すRunningが返されることを確認" />
                <property name="retryIteration" value="0" />
                <property name="repeatIteration" value="0" />
              </properties>
              <output><![CDATA[[INF][SYS]: === WaitAction '' EXECUTING ===
[INF][SYS]: Wait '': Starting wait for 1 seconds ⏱️
[INF][SYS]: Wait '': Waiting... (1.0s remaining) ⏳
]]></output>
            </test-case>
            <test-case id="1129" name="WaitAction_ExecuteMultipleTimes_EventuallyReturnsSuccess" fullname="ArcBT.Tests.CoreActionTests.WaitAction_ExecuteMultipleTimes_EventuallyReturnsSuccess" methodname="WaitAction_ExecuteMultipleTimes_EventuallyReturnsSuccess" classname="ArcBT.Tests.CoreActionTests" runstate="Runnable" seed="1196285135" result="Passed" start-time="2025-07-28 12:09:40Z" end-time="2025-07-28 12:09:40Z" duration="0.000343" asserts="0">
              <properties>
                <property name="Description" value="WaitActionを継続的に実行した場合の挙動と最終的なSuccess結果を確認" />
                <property name="retryIteration" value="0" />
                <property name="repeatIteration" value="0" />
              </properties>
              <output><![CDATA[[INF][SYS]: === WaitAction '' EXECUTING ===
[INF][SYS]: Wait '': Starting wait for 0.1 seconds ⏱️
[INF][SYS]: Wait '': Waiting... (0.1s remaining) ⏳
]]></output>
            </test-case>
            <test-case id="1127" name="WaitAction_SetProperty_SetsCorrectDuration" fullname="ArcBT.Tests.CoreActionTests.WaitAction_SetProperty_SetsCorrectDuration" methodname="WaitAction_SetProperty_SetsCorrectDuration" classname="ArcBT.Tests.CoreActionTests" runstate="Runnable" seed="2120535228" result="Passed" start-time="2025-07-28 12:09:40Z" end-time="2025-07-28 12:09:40Z" duration="0.000346" asserts="0">
              <properties>
                <property name="Description" value="WaitActionで待機時間のプロパティが正しく設定され、実行中にRunningが返されることを確認" />
                <property name="retryIteration" value="0" />
                <property name="repeatIteration" value="0" />
              </properties>
              <output><![CDATA[[INF][SYS]: === WaitAction '' EXECUTING ===
[INF][SYS]: Wait '': Starting wait for 2.5 seconds ⏱️
[INF][SYS]: Wait '': Waiting... (2.5s remaining) ⏳
]]></output>
            </test-case>
          </test-suite>
          <test-suite type="TestFixture" id="1136" name="CoreConditionTests" fullname="ArcBT.Tests.CoreConditionTests" classname="ArcBT.Tests.CoreConditionTests" runstate="Runnable" testcasecount="14" result="Passed" start-time="2025-07-28 12:09:40Z" end-time="2025-07-28 12:09:40Z" duration="0.025091" total="14" passed="14" failed="0" inconclusive="0" skipped="0" asserts="0">
            <properties />
            <test-case id="1144" name="CompareBlackBoardCondition_ExecuteWithFloatComparison_ReturnsCorrectResult" fullname="ArcBT.Tests.CoreConditionTests.CompareBlackBoardCondition_ExecuteWithFloatComparison_ReturnsCorrectResult" methodname="CompareBlackBoardCondition_ExecuteWithFloatComparison_ReturnsCorrectResult" classname="ArcBT.Tests.CoreConditionTests" runstate="Runnable" seed="709937374" result="Passed" start-time="2025-07-28 12:09:40Z" end-time="2025-07-28 12:09:40Z" duration="0.001756" asserts="0">
              <properties>
                <property name="Description" value="CompareBlackBoardConditionで浮動小数点値の比較が正しく動作することを確認" />
                <property name="retryIteration" value="0" />
                <property name="repeatIteration" value="0" />
              </properties>
              <output><![CDATA[[DBG][CHK]: CompareBlackBoard '': Parsed 'speed > 10.0' → key1='speed', op='Greater', value='10.0'
[DBG][CHK]: CompareBlackBoard: speed(15.5) Greater value(10.0) = True
]]></output>
            </test-case>
            <test-case id="1143" name="CompareBlackBoardCondition_ExecuteWithIntComparison_ReturnsCorrectResult" fullname="ArcBT.Tests.CoreConditionTests.CompareBlackBoardCondition_ExecuteWithIntComparison_ReturnsCorrectResult" methodname="CompareBlackBoardCondition_ExecuteWithIntComparison_ReturnsCorrectResult" classname="ArcBT.Tests.CoreConditionTests" runstate="Runnable" seed="1623216520" result="Passed" start-time="2025-07-28 12:09:40Z" end-time="2025-07-28 12:09:40Z" duration="0.000419" asserts="0">
              <properties>
                <property name="Description" value="CompareBlackBoardConditionで整数値の比較が正しく動作することを確認" />
                <property name="retryIteration" value="0" />
                <property name="repeatIteration" value="0" />
              </properties>
              <output><![CDATA[[DBG][CHK]: CompareBlackBoard '': Parsed 'score == 100' → key1='score', op='Equal', value='100'
[DBG][CHK]: CompareBlackBoard: score(100) Equal value(100) = True
]]></output>
            </test-case>
            <test-case id="1148" name="CompareBlackBoardCondition_ExecuteWithInvalidExpression_ReturnsFailure" fullname="ArcBT.Tests.CoreConditionTests.CompareBlackBoardCondition_ExecuteWithInvalidExpression_ReturnsFailure" methodname="CompareBlackBoardCondition_ExecuteWithInvalidExpression_ReturnsFailure" classname="ArcBT.Tests.CoreConditionTests" runstate="Runnable" seed="1407873863" result="Passed" start-time="2025-07-28 12:09:40Z" end-time="2025-07-28 12:09:40Z" duration="0.001211" asserts="0">
              <properties>
                <property name="Description" value="CompareBlackBoardConditionで無効な式を指定した場合にFailureを返しエラーログを出力することを確認" />
                <property name="retryIteration" value="0" />
                <property name="repeatIteration" value="0" />
              </properties>
              <output><![CDATA[[ERR][CHK]: CompareBlackBoard '': No valid operator found in expression 'invalid expression without operator'
[ERR][BBD]: CompareBlackBoard: key1 is empty
]]></output>
            </test-case>
            <test-case id="1146" name="CompareBlackBoardCondition_ExecuteWithKeyToKeyComparison_ReturnsCorrectResult" fullname="ArcBT.Tests.CoreConditionTests.CompareBlackBoardCondition_ExecuteWithKeyToKeyComparison_ReturnsCorrectResult" methodname="CompareBlackBoardCondition_ExecuteWithKeyToKeyComparison_ReturnsCorrectResult" classname="ArcBT.Tests.CoreConditionTests" runstate="Runnable" seed="1018418586" result="Passed" start-time="2025-07-28 12:09:40Z" end-time="2025-07-28 12:09:40Z" duration="0.000408" asserts="0">
              <properties>
                <property name="Description" value="CompareBlackBoardConditionでBlackBoardキー同士の比較が正しく動作することを確認" />
                <property name="retryIteration" value="0" />
                <property name="repeatIteration" value="0" />
              </properties>
              <output><![CDATA[[DBG][CHK]: CompareBlackBoard '': Parsed 'current_level >= required_level' → key1='current_level', op='GreaterEqual', key2='required_level'
[DBG][CHK]: CompareBlackBoard: current_level(5) GreaterEqual required_level(3) = True
]]></output>
            </test-case>
            <test-case id="1147" name="CompareBlackBoardCondition_ExecuteWithMissingKey_ReturnsFailure" fullname="ArcBT.Tests.CoreConditionTests.CompareBlackBoardCondition_ExecuteWithMissingKey_ReturnsFailure" methodname="CompareBlackBoardCondition_ExecuteWithMissingKey_ReturnsFailure" classname="ArcBT.Tests.CoreConditionTests" runstate="Runnable" seed="1608747925" result="Passed" start-time="2025-07-28 12:09:40Z" end-time="2025-07-28 12:09:40Z" duration="0.000326" asserts="0">
              <properties>
                <property name="Description" value="CompareBlackBoardCondition実行時に比較式で未定義キーを参照した場合のエラーハンドリング" />
                <property name="retryIteration" value="0" />
                <property name="repeatIteration" value="0" />
              </properties>
              <output><![CDATA[[DBG][CHK]: CompareBlackBoard '': Parsed 'missing_key > 0' → key1='missing_key', op='Greater', value='0'
[DBG][CHK]: CompareBlackBoard: key1 'missing_key' not found in BlackBoard
]]></output>
            </test-case>
            <test-case id="1145" name="CompareBlackBoardCondition_ExecuteWithStringComparison_ReturnsCorrectResult" fullname="ArcBT.Tests.CoreConditionTests.CompareBlackBoardCondition_ExecuteWithStringComparison_ReturnsCorrectResult" methodname="CompareBlackBoardCondition_ExecuteWithStringComparison_ReturnsCorrectResult" classname="ArcBT.Tests.CoreConditionTests" runstate="Runnable" seed="844832540" result="Passed" start-time="2025-07-28 12:09:40Z" end-time="2025-07-28 12:09:40Z" duration="0.000388" asserts="0">
              <properties>
                <property name="Description" value="CompareBlackBoardConditionで文字列の比較が正しく動作することを確認" />
                <property name="retryIteration" value="0" />
                <property name="repeatIteration" value="0" />
              </properties>
              <output><![CDATA[[DBG][CHK]: CompareBlackBoard '': Parsed 'player_name == "Hero"' → key1='player_name', op='Equal', value='Hero'
[DBG][CHK]: CompareBlackBoard: player_name(Hero) Equal value(Hero) = True
]]></output>
            </test-case>
            <test-case id="1142" name="CompareBlackBoardCondition_SetProperty_ParsesSimpleExpression" fullname="ArcBT.Tests.CoreConditionTests.CompareBlackBoardCondition_SetProperty_ParsesSimpleExpression" methodname="CompareBlackBoardCondition_SetProperty_ParsesSimpleExpression" classname="ArcBT.Tests.CoreConditionTests" runstate="Runnable" seed="197593905" result="Passed" start-time="2025-07-28 12:09:40Z" end-time="2025-07-28 12:09:40Z" duration="0.000389" asserts="0">
              <properties>
                <property name="Description" value="CompareBlackBoardConditionのプロパティ設定でシンプルな比較式が正しくパースされることを確認" />
                <property name="retryIteration" value="0" />
                <property name="repeatIteration" value="0" />
              </properties>
              <output><![CDATA[[INF][BBD]: 🗂️ BlackBoard[新規]: health = 80
[DBG][CHK]: CompareBlackBoard '': Parsed 'health >= 50' → key1='health', op='GreaterEqual', value='50'
[DBG][CHK]: CompareBlackBoard: health(80) GreaterEqual value(50) = True
]]></output>
            </test-case>
            <test-case id="1137" name="HasSharedEnemyInfoCondition_SetProperty_SetsCorrectKey" fullname="ArcBT.Tests.CoreConditionTests.HasSharedEnemyInfoCondition_SetProperty_SetsCorrectKey" methodname="HasSharedEnemyInfoCondition_SetProperty_SetsCorrectKey" classname="ArcBT.Tests.CoreConditionTests" runstate="Runnable" seed="1759511020" result="Passed" start-time="2025-07-28 12:09:40Z" end-time="2025-07-28 12:09:40Z" duration="0.000760" asserts="0">
              <properties>
                <property name="Description" value="HasSharedEnemyInfoConditionのbb_keyパラメータでカスタムBlackBoardキー指定機能の検証" />
                <property name="retryIteration" value="0" />
                <property name="repeatIteration" value="0" />
              </properties>
              <output><![CDATA[[INF][BBD]: 🗂️ BlackBoard[新規]: custom_enemy_key = True
[INF][BBD]: 🗂️ BlackBoard[新規]: enemy_target = Enemy (UnityEngine.GameObject)
[DBG][BBD]: HasSharedEnemyInfo: Enemy info available - Target: 'Enemy'
]]></output>
            </test-case>
            <test-case id="1141" name="HasSharedEnemyInfoCondition_WithInactiveEnemy_ReturnsFailure" fullname="ArcBT.Tests.CoreConditionTests.HasSharedEnemyInfoCondition_WithInactiveEnemy_ReturnsFailure" methodname="HasSharedEnemyInfoCondition_WithInactiveEnemy_ReturnsFailure" classname="ArcBT.Tests.CoreConditionTests" runstate="Runnable" seed="1403675241" result="Passed" start-time="2025-07-28 12:09:40Z" end-time="2025-07-28 12:09:40Z" duration="0.000469" asserts="0">
              <properties>
                <property name="Description" value="HasSharedEnemyInfoCondition実行時に敵オブジェクトがSetActive(false)の場合のフィルタリング" />
                <property name="retryIteration" value="0" />
                <property name="repeatIteration" value="0" />
              </properties>
              <output><![CDATA[[INF][BBD]: 🗂️ BlackBoard[新規]: has_enemy_info = True
[INF][BBD]: 🗂️ BlackBoard[新規]: enemy_target = InactiveEnemy (UnityEngine.GameObject)
[DBG][BBD]: HasSharedEnemyInfo: No valid enemy info in BlackBoard
]]></output>
            </test-case>
            <test-case id="1140" name="HasSharedEnemyInfoCondition_WithNullBlackBoard_ReturnsFailure" fullname="ArcBT.Tests.CoreConditionTests.HasSharedEnemyInfoCondition_WithNullBlackBoard_ReturnsFailure" methodname="HasSharedEnemyInfoCondition_WithNullBlackBoard_ReturnsFailure" classname="ArcBT.Tests.CoreConditionTests" runstate="Runnable" seed="1384099854" result="Passed" start-time="2025-07-28 12:09:40Z" end-time="2025-07-28 12:09:40Z" duration="0.000677" asserts="0">
              <properties>
                <property name="Description" value="HasSharedEnemyInfoCondition実行時にBlackBoard参照がnullの場合のエラーハンドリング" />
                <property name="retryIteration" value="0" />
                <property name="repeatIteration" value="0" />
              </properties>
              <output><![CDATA[[ERR][BBD]: HasSharedEnemyInfo: BlackBoard is null
]]></output>
            </test-case>
            <test-case id="1139" name="HasSharedEnemyInfoCondition_WithoutEnemyInfo_ReturnsFailure" fullname="ArcBT.Tests.CoreConditionTests.HasSharedEnemyInfoCondition_WithoutEnemyInfo_ReturnsFailure" methodname="HasSharedEnemyInfoCondition_WithoutEnemyInfo_ReturnsFailure" classname="ArcBT.Tests.CoreConditionTests" runstate="Runnable" seed="1958327336" result="Passed" start-time="2025-07-28 12:09:40Z" end-time="2025-07-28 12:09:40Z" duration="0.000344" asserts="0">
              <properties>
                <property name="Description" value="HasSharedEnemyInfoCondition実行時にBlackBoardに有効な敵情報フラグがない場合の動作" />
                <property name="retryIteration" value="0" />
                <property name="repeatIteration" value="0" />
              </properties>
              <output><![CDATA[[INF][BBD]: 🗂️ BlackBoard[新規]: has_enemy_info = False
[DBG][BBD]: HasSharedEnemyInfo: No valid enemy info in BlackBoard
]]></output>
            </test-case>
            <test-case id="1138" name="HasSharedEnemyInfoCondition_WithValidEnemyInfo_ReturnsSuccess" fullname="ArcBT.Tests.CoreConditionTests.HasSharedEnemyInfoCondition_WithValidEnemyInfo_ReturnsSuccess" methodname="HasSharedEnemyInfoCondition_WithValidEnemyInfo_ReturnsSuccess" classname="ArcBT.Tests.CoreConditionTests" runstate="Runnable" seed="920524673" result="Passed" start-time="2025-07-28 12:09:40Z" end-time="2025-07-28 12:09:40Z" duration="0.000426" asserts="0">
              <properties>
                <property name="Description" value="HasSharedEnemyInfoCondition実行時にBlackBoardに有効な敵情報とアクティブな敵オブジェクトがある場合の動作" />
                <property name="retryIteration" value="0" />
                <property name="repeatIteration" value="0" />
              </properties>
              <output><![CDATA[[INF][BBD]: 🗂️ BlackBoard[新規]: has_enemy_info = True
[INF][BBD]: 🗂️ BlackBoard[新規]: enemy_target = TestEnemy (UnityEngine.GameObject)
[DBG][BBD]: HasSharedEnemyInfo: Enemy info available - Target: 'TestEnemy'
]]></output>
            </test-case>
            <test-case id="1150" name="RandomCondition_ExecuteWithBlackBoardProbability_UsesBlackBoardValue" fullname="ArcBT.Tests.CoreConditionTests.RandomCondition_ExecuteWithBlackBoardProbability_UsesBlackBoardValue" methodname="RandomCondition_ExecuteWithBlackBoardProbability_UsesBlackBoardValue" classname="ArcBT.Tests.CoreConditionTests" runstate="Runnable" seed="1352818296" result="Passed" start-time="2025-07-28 12:09:40Z" end-time="2025-07-28 12:09:40Z" duration="0.000650" asserts="0">
              <properties>
                <property name="Description" value="RandomConditionでBlackBoardから確率値を取得して判定する機能が正しく動作することを確認" />
                <property name="retryIteration" value="0" />
                <property name="repeatIteration" value="0" />
              </properties>
              <output><![CDATA[[DBG][CHK]: Random: Using BlackBoard probability 'dynamic_chance' = 1
[DBG][CHK]: Random: 0.658 <= 1.000 = True
]]></output>
            </test-case>
            <test-case id="1149" name="RandomCondition_SetProperty_SetsCorrectProbability" fullname="ArcBT.Tests.CoreConditionTests.RandomCondition_SetProperty_SetsCorrectProbability" methodname="RandomCondition_SetProperty_SetsCorrectProbability" classname="ArcBT.Tests.CoreConditionTests" runstate="Runnable" seed="451617936" result="Passed" start-time="2025-07-28 12:09:40Z" end-time="2025-07-28 12:09:40Z" duration="0.004364" asserts="0">
              <properties>
                <property name="Description" value="RandomConditionのプロパティ設定で確率が正しく設定され、統計的に適切な結果を返すことを確認" />
                <property name="retryIteration" value="0" />
                <property name="repeatIteration" value="0" />
              </properties>
              <output><![CDATA[[DBG][CHK]: Random: 0.117 <= 0.700 = True
[DBG][CHK]: Random: 0.804 <= 0.700 = False
[DBG][CHK]: Random: 0.388 <= 0.700 = True
[DBG][CHK]: Random: 0.609 <= 0.700 = True
[DBG][CHK]: Random: 0.393 <= 0.700 = True
[DBG][CHK]: Random: 0.796 <= 0.700 = False
[DBG][CHK]: Random: 0.778 <= 0.700 = False
[DBG][CHK]: Random: 0.985 <= 0.700 = False
[DBG][CHK]: Random: 0.921 <= 0.700 = False
[DBG][CHK]: Random: 0.132 <= 0.700 = True
[DBG][CHK]: Random: 0.916 <= 0.700 = False
[DBG][CHK]: Random: 0.491 <= 0.700 = True
[DBG][CHK]: Random: 0.997 <= 0.700 = False
[DBG][CHK]: Random: 0.727 <= 0.700 = False
[DBG][CHK]: Random: 0.158 <= 0.700 = True
[DBG][CHK]: Random: 0.893 <= 0.700 = False
[DBG][CHK]: Random: 0.023 <= 0.700 = True
[DBG][CHK]: Random: 0.765 <= 0.700 = False
[DBG][CHK]: Random: 0.249 <= 0.700 = True
[DBG][CHK]: Random: 0.322 <= 0.700 = True
[DBG][CHK]: Random: 0.668 <= 0.700 = True
[DBG][CHK]: Random: 0.714 <= 0.700 = False
[DBG][CHK]: Random: 0.768 <= 0.700 = False
[DBG][CHK]: Random: 0.014 <= 0.700 = True
[DBG][CHK]: Random: 0.020 <= 0.700 = True
[DBG][CHK]: Random: 0.492 <= 0.700 = True
[DBG][CHK]: Random: 0.360 <= 0.700 = True
[DBG][CHK]: Random: 0.012 <= 0.700 = True
[DBG][CHK]: Random: 0.853 <= 0.700 = False
[DBG][CHK]: Random: 0.003 <= 0.700 = True
[DBG][CHK]: Random: 0.904 <= 0.700 = False
[DBG][CHK]: Random: 0.218 <= 0.700 = True
[DBG][CHK]: Random: 0.761 <= 0.700 = False
[DBG][CHK]: Random: 0.758 <= 0.700 = False
[DBG][CHK]: Random: 0.939 <= 0.700 = False
[DBG][CHK]: Random: 0.808 <= 0.700 = False
[DBG][CHK]: Random: 0.733 <= 0.700 = False
[DBG][CHK]: Random: 0.199 <= 0.700 = True
[DBG][CHK]: Random: 0.549 <= 0.700 = True
[DBG][CHK]: Random: 0.992 <= 0.700 = False
[DBG][CHK]: Random: 0.849 <= 0.700 = False
[DBG][CHK]: Random: 0.456 <= 0.700 = True
[DBG][CHK]: Random: 0.218 <= 0.700 = True
[DBG][CHK]: Random: 0.965 <= 0.700 = False
[DBG][CHK]: Random: 0.491 <= 0.700 = True
[DBG][CHK]: Random: 0.536 <= 0.700 = True
[DBG][CHK]: Random: 0.870 <= 0.700 = False
[DBG][CHK]: Random: 0.657 <= 0.700 = True
[DBG][CHK]: Random: 0.402 <= 0.700 = True
[DBG][CHK]: Random: 0.339 <= 0.700 = True
[DBG][CHK]: Random: 0.116 <= 0.700 = True
[DBG][CHK]: Random: 0.782 <= 0.700 = False
[DBG][CHK]: Random: 0.522 <= 0.700 = True
[DBG][CHK]: Random: 0.935 <= 0.700 = False
[DBG][CHK]: Random: 0.111 <= 0.700 = True
[DBG][CHK]: Random: 0.651 <= 0.700 = True
[DBG][CHK]: Random: 0.394 <= 0.700 = True
[DBG][CHK]: Random: 0.083 <= 0.700 = True
[DBG][CHK]: Random: 0.638 <= 0.700 = True
[DBG][CHK]: Random: 0.917 <= 0.700 = False
[DBG][CHK]: Random: 0.179 <= 0.700 = True
[DBG][CHK]: Random: 0.421 <= 0.700 = True
[DBG][CHK]: Random: 0.098 <= 0.700 = True
[DBG][CHK]: Random: 0.233 <= 0.700 = True
[DBG][CHK]: Random: 0.685 <= 0.700 = True
[DBG][CHK]: Random: 0.807 <= 0.700 = False
[DBG][CHK]: Random: 0.459 <= 0.700 = True
[DBG][CHK]: Random: 0.857 <= 0.700 = False
[DBG][CHK]: Random: 0.906 <= 0.700 = False
[DBG][CHK]: Random: 0.071 <= 0.700 = True
[DBG][CHK]: Random: 0.372 <= 0.700 = True
[DBG][CHK]: Random: 0.565 <= 0.700 = True
[DBG][CHK]: Random: 0.598 <= 0.700 = True
[DBG][CHK]: Random: 0.109 <= 0.700 = True
[DBG][CHK]: Random: 0.737 <= 0.700 = False
[DBG][CHK]: Random: 0.746 <= 0.700 = False
[DBG][CHK]: Random: 0.291 <= 0.700 = True
[DBG][CHK]: Random: 0.172 <= 0.700 = True
[DBG][CHK]: Random: 0.002 <= 0.700 = True
[DBG][CHK]: Random: 0.755 <= 0.700 = False
[DBG][CHK]: Random: 0.393 <= 0.700 = True
[DBG][CHK]: Random: 0.150 <= 0.700 = True
[DBG][CHK]: Random: 0.721 <= 0.700 = False
[DBG][CHK]: Random: 0.533 <= 0.700 = True
[DBG][CHK]: Random: 0.555 <= 0.700 = True
[DBG][CHK]: Random: 0.136 <= 0.700 = True
[DBG][CHK]: Random: 0.896 <= 0.700 = False
[DBG][CHK]: Random: 0.463 <= 0.700 = True
[DBG][CHK]: Random: 0.553 <= 0.700 = True
[DBG][CHK]: Random: 0.275 <= 0.700 = True
[DBG][CHK]: Random: 0.262 <= 0.700 = True
[DBG][CHK]: Random: 0.841 <= 0.700 = False
[DBG][CHK]: Random: 0.537 <= 0.700 = True
[DBG][CHK]: Random: 0.907 <= 0.700 = False
[DBG][CHK]: Random: 0.938 <= 0.700 = False
[DBG][CHK]: Random: 0.804 <= 0.700 = False
[DBG][CHK]: Random: 0.570 <= 0.700 = True
[DBG][CHK]: Random: 0.420 <= 0.700 = True
[DBG][CHK]: Random: 0.312 <= 0.700 = True
[DBG][CHK]: Random: 0.983 <= 0.700 = False
]]></output>
            </test-case>
          </test-suite>
          <test-suite type="TestFixture" id="1151" name="DecoratorNodeTests" fullname="ArcBT.Tests.DecoratorNodeTests" classname="ArcBT.Tests.DecoratorNodeTests" runstate="Runnable" testcasecount="24" result="Passed" start-time="2025-07-28 12:09:40Z" end-time="2025-07-28 12:09:40Z" duration="0.035132" total="24" passed="24" failed="0" inconclusive="0" skipped="0" asserts="0">
            <properties />
            <test-case id="1153" name="InverterDecorator_WithFailureChild_ReturnsSuccess" fullname="ArcBT.Tests.DecoratorNodeTests.InverterDecorator_WithFailureChild_ReturnsSuccess" methodname="InverterDecorator_WithFailureChild_ReturnsSuccess" classname="ArcBT.Tests.DecoratorNodeTests" runstate="Runnable" seed="1769028382" result="Passed" start-time="2025-07-28 12:09:40Z" end-time="2025-07-28 12:09:40Z" duration="0.001221" asserts="0">
              <properties>
                <property name="Description" value="InverterDecoratorでFailure子ノードをSuccessに反転させる動作の確認" />
                <property name="retryIteration" value="0" />
                <property name="repeatIteration" value="0" />
              </properties>
              <output><![CDATA[[INF][SYS]: Inverter '': Failure → Success
]]></output>
            </test-case>
            <test-case id="1155" name="InverterDecorator_WithNoChild_ReturnsFailure" fullname="ArcBT.Tests.DecoratorNodeTests.InverterDecorator_WithNoChild_ReturnsFailure" methodname="InverterDecorator_WithNoChild_ReturnsFailure" classname="ArcBT.Tests.DecoratorNodeTests" runstate="Runnable" seed="1552232884" result="Passed" start-time="2025-07-28 12:09:40Z" end-time="2025-07-28 12:09:40Z" duration="0.000737" asserts="0">
              <properties>
                <property name="Description" value="InverterDecoratorで子ノードが存在しない場合のエラーハンドリング" />
                <property name="retryIteration" value="0" />
                <property name="repeatIteration" value="0" />
              </properties>
              <output><![CDATA[[ERR][SYS]: Decorator '' has no child node
]]></output>
            </test-case>
            <test-case id="1154" name="InverterDecorator_WithRunningChild_ReturnsRunning" fullname="ArcBT.Tests.DecoratorNodeTests.InverterDecorator_WithRunningChild_ReturnsRunning" methodname="InverterDecorator_WithRunningChild_ReturnsRunning" classname="ArcBT.Tests.DecoratorNodeTests" runstate="Runnable" seed="1936809291" result="Passed" start-time="2025-07-28 12:09:40Z" end-time="2025-07-28 12:09:40Z" duration="0.000362" asserts="0">
              <properties>
                <property name="Description" value="InverterDecoratorでRunning状態の子ノードはそのまま通す動作の確認" />
                <property name="retryIteration" value="0" />
                <property name="repeatIteration" value="0" />
              </properties>
              <output><![CDATA[[INF][SYS]: Inverter '': Running → Running
]]></output>
            </test-case>
            <test-case id="1152" name="InverterDecorator_WithSuccessChild_ReturnsFailure" fullname="ArcBT.Tests.DecoratorNodeTests.InverterDecorator_WithSuccessChild_ReturnsFailure" methodname="InverterDecorator_WithSuccessChild_ReturnsFailure" classname="ArcBT.Tests.DecoratorNodeTests" runstate="Runnable" seed="787444188" result="Passed" start-time="2025-07-28 12:09:40Z" end-time="2025-07-28 12:09:40Z" duration="0.000355" asserts="0">
              <properties>
                <property name="Description" value="InverterDecoratorでSuccess子ノードをFailureに反転させる基本動作の確認" />
                <property name="retryIteration" value="0" />
                <property name="repeatIteration" value="0" />
              </properties>
              <output><![CDATA[[INF][SYS]: Inverter '': Success → Failure
]]></output>
            </test-case>
            <test-case id="1174" name="NestedDecorators_InverterWithTimeout_WorksCorrectly" fullname="ArcBT.Tests.DecoratorNodeTests.NestedDecorators_InverterWithTimeout_WorksCorrectly" methodname="NestedDecorators_InverterWithTimeout_WorksCorrectly" classname="ArcBT.Tests.DecoratorNodeTests" runstate="Runnable" seed="806887118" result="Passed" start-time="2025-07-28 12:09:40Z" end-time="2025-07-28 12:09:40Z" duration="0.000587" asserts="0">
              <properties>
                <property name="Description" value="InverterとTimeoutのネストしたDecorator構造が正しく連携動作することを確認" />
                <property name="retryIteration" value="0" />
                <property name="repeatIteration" value="0" />
              </properties>
              <output><![CDATA[[INF][SYS]: Timeout '': Starting execution with 0.1s timeout
[INF][SYS]: Inverter '': Running → Running
]]></output>
            </test-case>
            <test-case id="1161" name="RepeatDecorator_Reset_ResetsCurrentCount" fullname="ArcBT.Tests.DecoratorNodeTests.RepeatDecorator_Reset_ResetsCurrentCount" methodname="RepeatDecorator_Reset_ResetsCurrentCount" classname="ArcBT.Tests.DecoratorNodeTests" runstate="Runnable" seed="1955225018" result="Passed" start-time="2025-07-28 12:09:40Z" end-time="2025-07-28 12:09:40Z" duration="0.000629" asserts="0">
              <properties>
                <property name="Description" value="RepeatDecoratorのReset()メソッドで現在の実行カウンターがリセットされることを確認" />
                <property name="retryIteration" value="0" />
                <property name="repeatIteration" value="0" />
              </properties>
              <output><![CDATA[[INF][SYS]: Repeat '': Iteration 1 completed successfully
]]></output>
            </test-case>
            <test-case id="1156" name="RepeatDecorator_SetProperty_SetsCorrectMaxCount" fullname="ArcBT.Tests.DecoratorNodeTests.RepeatDecorator_SetProperty_SetsCorrectMaxCount" methodname="RepeatDecorator_SetProperty_SetsCorrectMaxCount" classname="ArcBT.Tests.DecoratorNodeTests" runstate="Runnable" seed="1943782545" result="Passed" start-time="2025-07-28 12:09:40Z" end-time="2025-07-28 12:09:40Z" duration="0.000252" asserts="0">
              <properties>
                <property name="Description" value="RepeatDecoratorのmax_countパラメータで最大繰り返し回数設定機能の検証" />
                <property name="retryIteration" value="0" />
                <property name="repeatIteration" value="0" />
              </properties>
            </test-case>
            <test-case id="1157" name="RepeatDecorator_SetProperty_SetsStopOnFailure" fullname="ArcBT.Tests.DecoratorNodeTests.RepeatDecorator_SetProperty_SetsStopOnFailure" methodname="RepeatDecorator_SetProperty_SetsStopOnFailure" classname="ArcBT.Tests.DecoratorNodeTests" runstate="Runnable" seed="983858076" result="Passed" start-time="2025-07-28 12:09:40Z" end-time="2025-07-28 12:09:40Z" duration="0.000294" asserts="0">
              <properties>
                <property name="Description" value="RepeatDecoratorのstop_on_failureパラメータで失敗時停止機能の検証" />
                <property name="retryIteration" value="0" />
                <property name="repeatIteration" value="0" />
              </properties>
              <output><![CDATA[[INF][SYS]: Repeat '': Iteration 1 completed successfully
]]></output>
            </test-case>
            <test-case id="1159" name="RepeatDecorator_WithInfiniteCount_ContinuesIndefinitely" fullname="ArcBT.Tests.DecoratorNodeTests.RepeatDecorator_WithInfiniteCount_ContinuesIndefinitely" methodname="RepeatDecorator_WithInfiniteCount_ContinuesIndefinitely" classname="ArcBT.Tests.DecoratorNodeTests" runstate="Runnable" seed="1726655443" result="Passed" start-time="2025-07-28 12:09:40Z" end-time="2025-07-28 12:09:40Z" duration="0.000493" asserts="0">
              <properties>
                <property name="Description" value="RepeatDecoratorで無限繰り返し（max_count=-1）設定時の継続動作確認" />
                <property name="retryIteration" value="0" />
                <property name="repeatIteration" value="0" />
              </properties>
              <output><![CDATA[[INF][SYS]: Repeat '': Iteration 1 completed successfully
[INF][SYS]: Repeat '': Iteration 2 completed successfully
[INF][SYS]: Repeat '': Iteration 3 completed successfully
[INF][SYS]: Repeat '': Iteration 4 completed successfully
[INF][SYS]: Repeat '': Iteration 5 completed successfully
]]></output>
            </test-case>
            <test-case id="1158" name="RepeatDecorator_WithLimitedCount_CompletesAfterMaxIterations" fullname="ArcBT.Tests.DecoratorNodeTests.RepeatDecorator_WithLimitedCount_CompletesAfterMaxIterations" methodname="RepeatDecorator_WithLimitedCount_CompletesAfterMaxIterations" classname="ArcBT.Tests.DecoratorNodeTests" runstate="Runnable" seed="1745215065" result="Passed" start-time="2025-07-28 12:09:40Z" end-time="2025-07-28 12:09:40Z" duration="0.000379" asserts="0">
              <properties>
                <property name="Description" value="RepeatDecoratorで指定回数（2回）まで実行して完了する動作の確認" />
                <property name="retryIteration" value="0" />
                <property name="repeatIteration" value="0" />
              </properties>
              <output><![CDATA[[INF][SYS]: Repeat '': Iteration 1 completed successfully
[INF][SYS]: Repeat '': Iteration 2 completed successfully
[INF][SYS]: Repeat '': All 2 iterations completed
]]></output>
            </test-case>
            <test-case id="1160" name="RepeatDecorator_WithStopOnFailure_StopsOnFirstFailure" fullname="ArcBT.Tests.DecoratorNodeTests.RepeatDecorator_WithStopOnFailure_StopsOnFirstFailure" methodname="RepeatDecorator_WithStopOnFailure_StopsOnFirstFailure" classname="ArcBT.Tests.DecoratorNodeTests" runstate="Runnable" seed="1012638492" result="Passed" start-time="2025-07-28 12:09:40Z" end-time="2025-07-28 12:09:40Z" duration="0.000318" asserts="0">
              <properties>
                <property name="Description" value="RepeatDecoratorで失敗時停止オプションが有効な場合の即座停止動作" />
                <property name="retryIteration" value="0" />
                <property name="repeatIteration" value="0" />
              </properties>
              <output><![CDATA[[INF][SYS]: Repeat '': Iteration 1 failed
[INF][SYS]: Repeat '': Stopping on failure
]]></output>
            </test-case>
            <test-case id="1175" name="RepeatWithRetry_ComplexBehavior_WorksCorrectly" fullname="ArcBT.Tests.DecoratorNodeTests.RepeatWithRetry_ComplexBehavior_WorksCorrectly" methodname="RepeatWithRetry_ComplexBehavior_WorksCorrectly" classname="ArcBT.Tests.DecoratorNodeTests" runstate="Runnable" seed="719375720" result="Passed" start-time="2025-07-28 12:09:40Z" end-time="2025-07-28 12:09:40Z" duration="0.000706" asserts="0">
              <properties>
                <property name="Description" value="RepeatとRetryを組み合わせた複雑なDecorator階層の統合動作検証" />
                <property name="retryIteration" value="0" />
                <property name="repeatIteration" value="0" />
              </properties>
              <output><![CDATA[[INF][SYS]: Retry '': Execute() called - isWaitingForRetry=False, currentRetries=0
[INF][SYS]: Retry '': Child returned Failure
[INF][SYS]: Retry '': Attempt 1 failed
[INF][SYS]: Retry '': Ready for immediate retry 2/2
[INF][SYS]: Retry '': Returning RUNNING
]]></output>
            </test-case>
            <test-case id="1167" name="RetryDecorator_Reset_ResetsRetryCount" fullname="ArcBT.Tests.DecoratorNodeTests.RetryDecorator_Reset_ResetsRetryCount" methodname="RetryDecorator_Reset_ResetsRetryCount" classname="ArcBT.Tests.DecoratorNodeTests" runstate="Runnable" seed="238100881" result="Passed" start-time="2025-07-28 12:09:40Z" end-time="2025-07-28 12:09:40Z" duration="0.000509" asserts="0">
              <properties>
                <property name="Description" value="RetryDecoratorのReset()メソッドでリトライカウンターと待機状態がリセットされることを確認" />
                <property name="retryIteration" value="0" />
                <property name="repeatIteration" value="0" />
              </properties>
              <output><![CDATA[[INF][SYS]: Retry '': Execute() called - isWaitingForRetry=False, currentRetries=0
[INF][SYS]: Retry '': Child returned Failure
[INF][SYS]: Retry '': Attempt 1 failed
[INF][SYS]: Retry '': Ready for immediate retry 2/4
[INF][SYS]: Retry '': Returning RUNNING
]]></output>
            </test-case>
            <test-case id="1162" name="RetryDecorator_SetProperty_SetsCorrectMaxRetries" fullname="ArcBT.Tests.DecoratorNodeTests.RetryDecorator_SetProperty_SetsCorrectMaxRetries" methodname="RetryDecorator_SetProperty_SetsCorrectMaxRetries" classname="ArcBT.Tests.DecoratorNodeTests" runstate="Runnable" seed="1801701557" result="Passed" start-time="2025-07-28 12:09:40Z" end-time="2025-07-28 12:09:40Z" duration="0.000236" asserts="0">
              <properties>
                <property name="Description" value="RetryDecoratorのmax_retriesパラメータで最大リトライ回数設定機能の検証" />
                <property name="retryIteration" value="0" />
                <property name="repeatIteration" value="0" />
              </properties>
            </test-case>
            <test-case id="1163" name="RetryDecorator_SetProperty_SetsCorrectRetryDelay" fullname="ArcBT.Tests.DecoratorNodeTests.RetryDecorator_SetProperty_SetsCorrectRetryDelay" methodname="RetryDecorator_SetProperty_SetsCorrectRetryDelay" classname="ArcBT.Tests.DecoratorNodeTests" runstate="Runnable" seed="2128345951" result="Passed" start-time="2025-07-28 12:09:40Z" end-time="2025-07-28 12:09:40Z" duration="0.000398" asserts="0">
              <properties>
                <property name="Description" value="RetryDecoratorのretry_delayパラメータで再試行間隔設定機能の検証" />
                <property name="retryIteration" value="0" />
                <property name="repeatIteration" value="0" />
              </properties>
              <output><![CDATA[[INF][SYS]: Retry '': Execute() called - isWaitingForRetry=False, currentRetries=0
[INF][SYS]: Retry '': Child returned Failure
[INF][SYS]: Retry '': Attempt 1 failed
[INF][SYS]: Retry '': Ready for immediate retry 2/4
[INF][SYS]: Retry '': Returning RUNNING
]]></output>
            </test-case>
            <test-case id="1165" name="RetryDecorator_WithFailureChild_RetriesUpToMaximum" fullname="ArcBT.Tests.DecoratorNodeTests.RetryDecorator_WithFailureChild_RetriesUpToMaximum" methodname="RetryDecorator_WithFailureChild_RetriesUpToMaximum" classname="ArcBT.Tests.DecoratorNodeTests" runstate="Runnable" seed="1977370285" result="Passed" start-time="2025-07-28 12:09:40Z" end-time="2025-07-28 12:09:40Z" duration="0.001583" asserts="0">
              <properties>
                <property name="Description" value="RetryDecoratorで失敗する子ノードを最大回数まで再試行する完全な動作検証" />
                <property name="retryIteration" value="0" />
                <property name="repeatIteration" value="0" />
              </properties>
              <output><![CDATA[=== TEST: Calling Execute() #1 ===
[INF][SYS]: Retry '': Execute() called - isWaitingForRetry=False, currentRetries=0
[INF][SYS]: Retry '': Child returned Failure
[INF][SYS]: Retry '': Attempt 1 failed
[INF][SYS]: Retry '': Ready for immediate retry 2/3
[INF][SYS]: Retry '': Returning RUNNING
=== TEST: Execute() #1 returned Running ===
=== TEST: Calling Execute() #2 ===
[INF][SYS]: Retry '': Execute() called - isWaitingForRetry=True, currentRetries=1
[INF][SYS]: Retry '': In waiting state, retryDelay=0, time since last=0
[INF][SYS]: Retry '': Starting retry attempt 2/3
[INF][SYS]: Retry '': Child returned Failure
[INF][SYS]: Retry '': Attempt 2 failed
[INF][SYS]: Retry '': Ready for immediate retry 3/3
[INF][SYS]: Retry '': Returning RUNNING
=== TEST: Execute() #2 returned Running ===
=== TEST: Calling Execute() #3 ===
[INF][SYS]: Retry '': Execute() called - isWaitingForRetry=True, currentRetries=2
[INF][SYS]: Retry '': In waiting state, retryDelay=0, time since last=0
[INF][SYS]: Retry '': Starting retry attempt 3/3
[INF][SYS]: Retry '': Child returned Failure
[INF][SYS]: Retry '': Attempt 3 failed
[INF][SYS]: Retry '': Ready for immediate retry 4/3
[INF][SYS]: Retry '': Returning RUNNING
=== TEST: Execute() #3 returned Running ===
=== TEST: Calling Execute() #4 ===
[INF][SYS]: Retry '': Execute() called - isWaitingForRetry=True, currentRetries=3
[INF][SYS]: Retry '': In waiting state, retryDelay=0, time since last=0
[INF][SYS]: Retry '': Max retries (2) exceeded, giving up
[INF][SYS]: Retry '': Returning FAILURE
=== TEST: Execute() #4 returned Failure ===
]]></output>
            </test-case>
            <test-case id="1166" name="RetryDecorator_WithRunningChild_ReturnsRunning" fullname="ArcBT.Tests.DecoratorNodeTests.RetryDecorator_WithRunningChild_ReturnsRunning" methodname="RetryDecorator_WithRunningChild_ReturnsRunning" classname="ArcBT.Tests.DecoratorNodeTests" runstate="Runnable" seed="826786079" result="Passed" start-time="2025-07-28 12:09:40Z" end-time="2025-07-28 12:09:40Z" duration="0.000347" asserts="0">
              <properties>
                <property name="Description" value="RetryDecoratorでRunning状態の子ノードはそのまま実行継続する動作" />
                <property name="retryIteration" value="0" />
                <property name="repeatIteration" value="0" />
              </properties>
              <output><![CDATA[[INF][SYS]: Retry '': Execute() called - isWaitingForRetry=False, currentRetries=0
[INF][SYS]: Retry '': Child returned Running
[INF][SYS]: Retry '': Child running, returning Running
]]></output>
            </test-case>
            <test-case id="1164" name="RetryDecorator_WithSuccessChild_ReturnsSuccessImmediately" fullname="ArcBT.Tests.DecoratorNodeTests.RetryDecorator_WithSuccessChild_ReturnsSuccessImmediately" methodname="RetryDecorator_WithSuccessChild_ReturnsSuccessImmediately" classname="ArcBT.Tests.DecoratorNodeTests" runstate="Runnable" seed="1463460146" result="Passed" start-time="2025-07-28 12:09:40Z" end-time="2025-07-28 12:09:40Z" duration="0.000345" asserts="0">
              <properties>
                <property name="Description" value="RetryDecoratorで成功する子ノードは即座にSuccessを返しリトライしない動作" />
                <property name="retryIteration" value="0" />
                <property name="repeatIteration" value="0" />
              </properties>
              <output><![CDATA[[INF][SYS]: Retry '': Execute() called - isWaitingForRetry=False, currentRetries=0
[INF][SYS]: Retry '': Child returned Success
[INF][SYS]: Retry '': Child succeeded, returning Success
]]></output>
            </test-case>
            <test-case id="1172" name="TimeoutDecorator_Reset_ResetsTimeoutState" fullname="ArcBT.Tests.DecoratorNodeTests.TimeoutDecorator_Reset_ResetsTimeoutState" methodname="TimeoutDecorator_Reset_ResetsTimeoutState" classname="ArcBT.Tests.DecoratorNodeTests" runstate="Runnable" seed="1798793578" result="Passed" start-time="2025-07-28 12:09:40Z" end-time="2025-07-28 12:09:40Z" duration="0.000396" asserts="0">
              <properties>
                <property name="Description" value="TimeoutDecoratorのReset()メソッドでタイムアウト状態と経過時間がリセットされることを確認" />
                <property name="retryIteration" value="0" />
                <property name="repeatIteration" value="0" />
              </properties>
              <output><![CDATA[[INF][SYS]: Timeout '': Starting execution with 5s timeout
]]></output>
            </test-case>
            <test-case id="1168" name="TimeoutDecorator_SetProperty_SetsCorrectTimeout" fullname="ArcBT.Tests.DecoratorNodeTests.TimeoutDecorator_SetProperty_SetsCorrectTimeout" methodname="TimeoutDecorator_SetProperty_SetsCorrectTimeout" classname="ArcBT.Tests.DecoratorNodeTests" runstate="Runnable" seed="1360632276" result="Passed" start-time="2025-07-28 12:09:40Z" end-time="2025-07-28 12:09:40Z" duration="0.000228" asserts="0">
              <properties>
                <property name="Description" value="TimeoutDecoratorのtimeoutパラメータでタイムアウト時間設定機能の検証" />
                <property name="retryIteration" value="0" />
                <property name="repeatIteration" value="0" />
              </properties>
            </test-case>
            <test-case id="1169" name="TimeoutDecorator_SetProperty_SetsSuccessOnTimeout" fullname="ArcBT.Tests.DecoratorNodeTests.TimeoutDecorator_SetProperty_SetsSuccessOnTimeout" methodname="TimeoutDecorator_SetProperty_SetsSuccessOnTimeout" classname="ArcBT.Tests.DecoratorNodeTests" runstate="Runnable" seed="769531168" result="Passed" start-time="2025-07-28 12:09:40Z" end-time="2025-07-28 12:09:40Z" duration="0.000276" asserts="0">
              <properties>
                <property name="Description" value="TimeoutDecoratorのsuccess_on_timeoutパラメータでタイムアウト時成功オプション設定の検証" />
                <property name="retryIteration" value="0" />
                <property name="repeatIteration" value="0" />
              </properties>
              <output><![CDATA[[INF][SYS]: Timeout '': Starting execution with 0.1s timeout
]]></output>
            </test-case>
            <test-case id="1173" name="TimeoutDecorator_WithNoChild_ReturnsFailure" fullname="ArcBT.Tests.DecoratorNodeTests.TimeoutDecorator_WithNoChild_ReturnsFailure" methodname="TimeoutDecorator_WithNoChild_ReturnsFailure" classname="ArcBT.Tests.DecoratorNodeTests" runstate="Runnable" seed="599280599" result="Passed" start-time="2025-07-28 12:09:40Z" end-time="2025-07-28 12:09:40Z" duration="0.000664" asserts="0">
              <properties>
                <property name="Description" value="TimeoutDecoratorで子ノードが存在しない場合のエラーハンドリング" />
                <property name="retryIteration" value="0" />
                <property name="repeatIteration" value="0" />
              </properties>
              <output><![CDATA[[ERR][SYS]: Decorator '' has no child node
]]></output>
            </test-case>
            <test-case id="1170" name="TimeoutDecorator_WithQuickSuccessChild_ReturnsSuccessBeforeTimeout" fullname="ArcBT.Tests.DecoratorNodeTests.TimeoutDecorator_WithQuickSuccessChild_ReturnsSuccessBeforeTimeout" methodname="TimeoutDecorator_WithQuickSuccessChild_ReturnsSuccessBeforeTimeout" classname="ArcBT.Tests.DecoratorNodeTests" runstate="Runnable" seed="2002174124" result="Passed" start-time="2025-07-28 12:09:40Z" end-time="2025-07-28 12:09:40Z" duration="0.000348" asserts="0">
              <properties>
                <property name="Description" value="TimeoutDecoratorで短時間で成功する子ノードがタイムアウト前に完了する動作" />
                <property name="retryIteration" value="0" />
                <property name="repeatIteration" value="0" />
              </properties>
              <output><![CDATA[[INF][SYS]: Timeout '': Starting execution with 5s timeout
[INF][SYS]: Timeout '': Child completed with Success after 0.00s
]]></output>
            </test-case>
            <test-case id="1171" name="TimeoutDecorator_WithRunningChild_TracksElapsedTime" fullname="ArcBT.Tests.DecoratorNodeTests.TimeoutDecorator_WithRunningChild_TracksElapsedTime" methodname="TimeoutDecorator_WithRunningChild_TracksElapsedTime" classname="ArcBT.Tests.DecoratorNodeTests" runstate="Runnable" seed="1061117875" result="Passed" start-time="2025-07-28 12:09:40Z" end-time="2025-07-28 12:09:40Z" duration="0.000398" asserts="0">
              <properties>
                <property name="Description" value="TimeoutDecoratorで実行中の子ノードの経過時間と残り時間を正確に追跡する機能" />
                <property name="retryIteration" value="0" />
                <property name="repeatIteration" value="0" />
              </properties>
              <output><![CDATA[[INF][SYS]: Timeout '': Starting execution with 10s timeout
]]></output>
            </test-case>
          </test-suite>
          <test-suite type="TestFixture" id="1176" name="GameplayTagManagerTests" fullname="ArcBT.Tests.GameplayTagManagerTests" classname="ArcBT.Tests.GameplayTagManagerTests" runstate="Runnable" testcasecount="13" result="Passed" start-time="2025-07-28 12:09:40Z" end-time="2025-07-28 12:09:40Z" duration="0.033620" total="13" passed="13" failed="0" inconclusive="0" skipped="0" asserts="0">
            <properties />
            <test-case id="1186" name="ComponentRegistration_WorksAutomatically" fullname="ArcBT.Tests.GameplayTagManagerTests.ComponentRegistration_WorksAutomatically" methodname="ComponentRegistration_WorksAutomatically" classname="ArcBT.Tests.GameplayTagManagerTests" runstate="Runnable" seed="1727694121" result="Passed" start-time="2025-07-28 12:09:40Z" end-time="2025-07-28 12:09:40Z" duration="0.008791" asserts="0">
              <properties>
                <property name="Description" value="GameplayTagComponentの作成時に自動的にマネージャーに登録され検索可能になることを確認" />
                <property name="retryIteration" value="0" />
                <property name="repeatIteration" value="0" />
              </properties>
            </test-case>
            <test-case id="1183" name="FindGameObjectsWithAllTags_WorksCorrectly" fullname="ArcBT.Tests.GameplayTagManagerTests.FindGameObjectsWithAllTags_WorksCorrectly" methodname="FindGameObjectsWithAllTags_WorksCorrectly" classname="ArcBT.Tests.GameplayTagManagerTests" runstate="Runnable" seed="1885546007" result="Passed" start-time="2025-07-28 12:09:40Z" end-time="2025-07-28 12:09:40Z" duration="0.002608" asserts="0">
              <properties>
                <property name="Description" value="FindGameObjectsWithAllTagsメソッドで指定タグをすべて持つオブジェクトのみが検索されることを確認" />
                <property name="retryIteration" value="0" />
                <property name="repeatIteration" value="0" />
              </properties>
            </test-case>
            <test-case id="1182" name="FindGameObjectsWithAnyTags_WorksCorrectly" fullname="ArcBT.Tests.GameplayTagManagerTests.FindGameObjectsWithAnyTags_WorksCorrectly" methodname="FindGameObjectsWithAnyTags_WorksCorrectly" classname="ArcBT.Tests.GameplayTagManagerTests" runstate="Runnable" seed="1550884634" result="Passed" start-time="2025-07-28 12:09:40Z" end-time="2025-07-28 12:09:40Z" duration="0.001167" asserts="0">
              <properties>
                <property name="Description" value="FindGameObjectsWithAnyTagsメソッドで指定タグのいずれかを持つオブジェクトが検索できることを確認" />
                <property name="retryIteration" value="0" />
                <property name="repeatIteration" value="0" />
              </properties>
            </test-case>
            <test-case id="1179" name="FindGameObjectsWithTag_EmptyForInvalidTag" fullname="ArcBT.Tests.GameplayTagManagerTests.FindGameObjectsWithTag_EmptyForInvalidTag" methodname="FindGameObjectsWithTag_EmptyForInvalidTag" classname="ArcBT.Tests.GameplayTagManagerTests" runstate="Runnable" seed="507568624" result="Passed" start-time="2025-07-28 12:09:40Z" end-time="2025-07-28 12:09:40Z" duration="0.000295" asserts="0">
              <properties>
                <property name="Description" value="FindGameObjectsWithTagメソッドで存在しないタグを指定した場合に空の結果が返されることを確認" />
                <property name="retryIteration" value="0" />
                <property name="repeatIteration" value="0" />
              </properties>
            </test-case>
            <test-case id="1178" name="FindGameObjectsWithTag_FindsCorrectObjects" fullname="ArcBT.Tests.GameplayTagManagerTests.FindGameObjectsWithTag_FindsCorrectObjects" methodname="FindGameObjectsWithTag_FindsCorrectObjects" classname="ArcBT.Tests.GameplayTagManagerTests" runstate="Runnable" seed="246444075" result="Passed" start-time="2025-07-28 12:09:40Z" end-time="2025-07-28 12:09:40Z" duration="0.000484" asserts="0">
              <properties>
                <property name="Description" value="FindGameObjectsWithTagメソッドで指定タグを持つオブジェクトが正確に検索できることを確認" />
                <property name="retryIteration" value="0" />
                <property name="repeatIteration" value="0" />
              </properties>
            </test-case>
            <test-case id="1181" name="FindGameObjectsWithTagHierarchy_FindsParentAndChildren" fullname="ArcBT.Tests.GameplayTagManagerTests.FindGameObjectsWithTagHierarchy_FindsParentAndChildren" methodname="FindGameObjectsWithTagHierarchy_FindsParentAndChildren" classname="ArcBT.Tests.GameplayTagManagerTests" runstate="Runnable" seed="1948756895" result="Passed" start-time="2025-07-28 12:09:40Z" end-time="2025-07-28 12:09:40Z" duration="0.002873" asserts="0">
              <properties>
                <property name="Description" value="FindGameObjectsWithTagHierarchyメソッドで階層タグの親と子の両方が正しく検索されることを確認" />
                <property name="retryIteration" value="0" />
                <property name="repeatIteration" value="0" />
              </properties>
            </test-case>
            <test-case id="1180" name="FindGameObjectWithTag_ReturnsFirstObject" fullname="ArcBT.Tests.GameplayTagManagerTests.FindGameObjectWithTag_ReturnsFirstObject" methodname="FindGameObjectWithTag_ReturnsFirstObject" classname="ArcBT.Tests.GameplayTagManagerTests" runstate="Runnable" seed="531539870" result="Passed" start-time="2025-07-28 12:09:40Z" end-time="2025-07-28 12:09:40Z" duration="0.000424" asserts="0">
              <properties>
                <property name="Description" value="FindGameObjectWithTagメソッドで複数オブジェクトが同じタグを持つ場合に最初のオブジェクトが返されることを確認" />
                <property name="retryIteration" value="0" />
                <property name="repeatIteration" value="0" />
              </properties>
            </test-case>
            <test-case id="1177" name="GameplayTagManager_Singleton_WorksCorrectly" fullname="ArcBT.Tests.GameplayTagManagerTests.GameplayTagManager_Singleton_WorksCorrectly" methodname="GameplayTagManager_Singleton_WorksCorrectly" classname="ArcBT.Tests.GameplayTagManagerTests" runstate="Runnable" seed="121528658" result="Passed" start-time="2025-07-28 12:09:40Z" end-time="2025-07-28 12:09:40Z" duration="0.000377" asserts="0">
              <properties>
                <property name="Description" value="GameplayTagManagerのシングルトンパターンが正しく機能し同一インスタンスを返すことを確認" />
                <property name="retryIteration" value="0" />
                <property name="repeatIteration" value="0" />
              </properties>
            </test-case>
            <test-case id="1184" name="GetTagComponent_ReturnsCorrectComponent" fullname="ArcBT.Tests.GameplayTagManagerTests.GetTagComponent_ReturnsCorrectComponent" methodname="GetTagComponent_ReturnsCorrectComponent" classname="ArcBT.Tests.GameplayTagManagerTests" runstate="Runnable" seed="1151728147" result="Passed" start-time="2025-07-28 12:09:40Z" end-time="2025-07-28 12:09:40Z" duration="0.000209" asserts="0">
              <properties>
                <property name="Description" value="GetTagComponentメソッドでGameObjectから正しいGameplayTagComponentが取得できることを確認" />
                <property name="retryIteration" value="0" />
                <property name="repeatIteration" value="0" />
              </properties>
            </test-case>
            <test-case id="1185" name="HasTag_WorksCorrectly" fullname="ArcBT.Tests.GameplayTagManagerTests.HasTag_WorksCorrectly" methodname="HasTag_WorksCorrectly" classname="ArcBT.Tests.GameplayTagManagerTests" runstate="Runnable" seed="81706276" result="Passed" start-time="2025-07-28 12:09:40Z" end-time="2025-07-28 12:09:40Z" duration="0.000294" asserts="0">
              <properties>
                <property name="Description" value="HasTagメソッドでGameObjectが指定タグを持つかどうかの判定が正しく動作することを確認" />
                <property name="retryIteration" value="0" />
                <property name="repeatIteration" value="0" />
              </properties>
            </test-case>
            <test-case id="1188" name="MultipleTagsOnSameObject_WorkCorrectly" fullname="ArcBT.Tests.GameplayTagManagerTests.MultipleTagsOnSameObject_WorkCorrectly" methodname="MultipleTagsOnSameObject_WorkCorrectly" classname="ArcBT.Tests.GameplayTagManagerTests" runstate="Runnable" seed="388712302" result="Passed" start-time="2025-07-28 12:09:40Z" end-time="2025-07-28 12:09:40Z" duration="0.000364" asserts="0">
              <properties>
                <property name="Description" value="同一オブジェクトに複数のタグが設定された場合にすべてのタグで正しく検索できることを確認" />
                <property name="retryIteration" value="0" />
                <property name="repeatIteration" value="0" />
              </properties>
            </test-case>
            <test-case id="1189" name="NullAndInvalidInputs_HandleGracefully" fullname="ArcBT.Tests.GameplayTagManagerTests.NullAndInvalidInputs_HandleGracefully" methodname="NullAndInvalidInputs_HandleGracefully" classname="ArcBT.Tests.GameplayTagManagerTests" runstate="Runnable" seed="781568791" result="Passed" start-time="2025-07-28 12:09:40Z" end-time="2025-07-28 12:09:40Z" duration="0.000964" asserts="0">
              <properties>
                <property name="Description" value="nullや無効な入力値を渡した場合にGameplayTagManagerが適切にエラーハンドリングすることを確認" />
                <property name="retryIteration" value="0" />
                <property name="repeatIteration" value="0" />
              </properties>
            </test-case>
            <test-case id="1187" name="TagCacheUpdate_WorksWhenTagsChange" fullname="ArcBT.Tests.GameplayTagManagerTests.TagCacheUpdate_WorksWhenTagsChange" methodname="TagCacheUpdate_WorksWhenTagsChange" classname="ArcBT.Tests.GameplayTagManagerTests" runstate="Runnable" seed="1441885899" result="Passed" start-time="2025-07-28 12:09:40Z" end-time="2025-07-28 12:09:40Z" duration="0.000577" asserts="0">
              <properties>
                <property name="Description" value="タグの追加・削除時にキャッシュが自動更新され検索結果が正しく反映されることを確認" />
                <property name="retryIteration" value="0" />
                <property name="repeatIteration" value="0" />
              </properties>
            </test-case>
          </test-suite>
          <test-suite type="TestFixture" id="1190" name="GameplayTagSystemTests" fullname="ArcBT.Tests.GameplayTagSystemTests" classname="ArcBT.Tests.GameplayTagSystemTests" runstate="Runnable" testcasecount="11" result="Passed" start-time="2025-07-28 12:09:40Z" end-time="2025-07-28 12:09:40Z" duration="0.015961" total="11" passed="11" failed="0" inconclusive="0" skipped="0" asserts="0">
            <properties />
            <test-case id="1191" name="GameplayTag_Constructor_CreatesValidTag" fullname="ArcBT.Tests.GameplayTagSystemTests.GameplayTag_Constructor_CreatesValidTag" methodname="GameplayTag_Constructor_CreatesValidTag" classname="ArcBT.Tests.GameplayTagSystemTests" runstate="Runnable" seed="1644297264" result="Passed" start-time="2025-07-28 12:09:40Z" end-time="2025-07-28 12:09:40Z" duration="0.000222" asserts="0">
              <properties>
                <property name="Description" value="GameplayTagコンストラクタで有効なタグが正しく作成されることを確認" />
                <property name="retryIteration" value="0" />
                <property name="repeatIteration" value="0" />
              </properties>
            </test-case>
            <test-case id="1194" name="GameplayTag_GetDepth_ReturnsCorrectDepth" fullname="ArcBT.Tests.GameplayTagSystemTests.GameplayTag_GetDepth_ReturnsCorrectDepth" methodname="GameplayTag_GetDepth_ReturnsCorrectDepth" classname="ArcBT.Tests.GameplayTagSystemTests" runstate="Runnable" seed="350502078" result="Passed" start-time="2025-07-28 12:09:40Z" end-time="2025-07-28 12:09:40Z" duration="0.000230" asserts="0">
              <properties>
                <property name="Description" value="GameplayTagのGetDepthメソッドでタグの階層の深さが正しく取得できることを確認" />
                <property name="retryIteration" value="0" />
                <property name="repeatIteration" value="0" />
              </properties>
            </test-case>
            <test-case id="1193" name="GameplayTag_GetParentTag_ReturnsCorrectParent" fullname="ArcBT.Tests.GameplayTagSystemTests.GameplayTag_GetParentTag_ReturnsCorrectParent" methodname="GameplayTag_GetParentTag_ReturnsCorrectParent" classname="ArcBT.Tests.GameplayTagSystemTests" runstate="Runnable" seed="1542912946" result="Passed" start-time="2025-07-28 12:09:40Z" end-time="2025-07-28 12:09:40Z" duration="0.000110" asserts="0">
              <properties>
                <property name="Description" value="GameplayTagのGetParentTagメソッドで正しい親タグが取得できることを確認" />
                <property name="retryIteration" value="0" />
                <property name="repeatIteration" value="0" />
              </properties>
            </test-case>
            <test-case id="1192" name="GameplayTag_MatchesTag_WorksCorrectly" fullname="ArcBT.Tests.GameplayTagSystemTests.GameplayTag_MatchesTag_WorksCorrectly" methodname="GameplayTag_MatchesTag_WorksCorrectly" classname="ArcBT.Tests.GameplayTagSystemTests" runstate="Runnable" seed="508326583" result="Passed" start-time="2025-07-28 12:09:40Z" end-time="2025-07-28 12:09:40Z" duration="0.000138" asserts="0">
              <properties>
                <property name="Description" value="GameplayTagのMatchesTagメソッドで階層マッチングが正しく動作することを確認" />
                <property name="retryIteration" value="0" />
                <property name="repeatIteration" value="0" />
              </properties>
            </test-case>
            <test-case id="1199" name="GameplayTagComponent_AddTag_FiresEvent" fullname="ArcBT.Tests.GameplayTagSystemTests.GameplayTagComponent_AddTag_FiresEvent" methodname="GameplayTagComponent_AddTag_FiresEvent" classname="ArcBT.Tests.GameplayTagSystemTests" runstate="Runnable" seed="1046307113" result="Passed" start-time="2025-07-28 12:09:40Z" end-time="2025-07-28 12:09:40Z" duration="0.000437" asserts="0">
              <properties>
                <property name="Description" value="GameplayTagComponentのAddTag実行時にタグ変更イベントが正しく発火されることを確認" />
                <property name="retryIteration" value="0" />
                <property name="repeatIteration" value="0" />
              </properties>
            </test-case>
            <test-case id="1200" name="GameplayTagComponent_BlockingTags_PreventAddition" fullname="ArcBT.Tests.GameplayTagSystemTests.GameplayTagComponent_BlockingTags_PreventAddition" methodname="GameplayTagComponent_BlockingTags_PreventAddition" classname="ArcBT.Tests.GameplayTagSystemTests" runstate="Runnable" seed="1844019295" result="Passed" start-time="2025-07-28 12:09:40Z" end-time="2025-07-28 12:09:40Z" duration="0.000292" asserts="0">
              <properties>
                <property name="Description" value="GameplayTagComponentのブロッキングタグ機能で特定タグの追加が防げることを確認" />
                <property name="retryIteration" value="0" />
                <property name="repeatIteration" value="0" />
              </properties>
            </test-case>
            <test-case id="1195" name="GameplayTagContainer_AddTag_WorksCorrectly" fullname="ArcBT.Tests.GameplayTagSystemTests.GameplayTagContainer_AddTag_WorksCorrectly" methodname="GameplayTagContainer_AddTag_WorksCorrectly" classname="ArcBT.Tests.GameplayTagSystemTests" runstate="Runnable" seed="1471148878" result="Passed" start-time="2025-07-28 12:09:40Z" end-time="2025-07-28 12:09:40Z" duration="0.000134" asserts="0">
              <properties>
                <property name="Description" value="GameplayTagContainerのAddTagメソッドでタグが正しく追加されることを確認" />
                <property name="retryIteration" value="0" />
                <property name="repeatIteration" value="0" />
              </properties>
            </test-case>
            <test-case id="1198" name="GameplayTagContainer_GetExpandedContainer_IncludesParents" fullname="ArcBT.Tests.GameplayTagSystemTests.GameplayTagContainer_GetExpandedContainer_IncludesParents" methodname="GameplayTagContainer_GetExpandedContainer_IncludesParents" classname="ArcBT.Tests.GameplayTagSystemTests" runstate="Runnable" seed="1287951001" result="Passed" start-time="2025-07-28 12:09:40Z" end-time="2025-07-28 12:09:40Z" duration="0.000309" asserts="0">
              <properties>
                <property name="Description" value="GameplayTagContainerのGetExpandedContainerメソッドで親タグを含む展開されたコンテナが取得できることを確認" />
                <property name="retryIteration" value="0" />
                <property name="repeatIteration" value="0" />
              </properties>
            </test-case>
            <test-case id="1197" name="GameplayTagContainer_HasAllTags_WorksCorrectly" fullname="ArcBT.Tests.GameplayTagSystemTests.GameplayTagContainer_HasAllTags_WorksCorrectly" methodname="GameplayTagContainer_HasAllTags_WorksCorrectly" classname="ArcBT.Tests.GameplayTagSystemTests" runstate="Runnable" seed="745118875" result="Passed" start-time="2025-07-28 12:09:40Z" end-time="2025-07-28 12:09:40Z" duration="0.000186" asserts="0">
              <properties>
                <property name="Description" value="GameplayTagContainerのHasAllTagsメソッドで必要なタグをすべて持っているか正しく判定できることを確認" />
                <property name="retryIteration" value="0" />
                <property name="repeatIteration" value="0" />
              </properties>
            </test-case>
            <test-case id="1196" name="GameplayTagContainer_HasTag_ChecksHierarchy" fullname="ArcBT.Tests.GameplayTagSystemTests.GameplayTagContainer_HasTag_ChecksHierarchy" methodname="GameplayTagContainer_HasTag_ChecksHierarchy" classname="ArcBT.Tests.GameplayTagSystemTests" runstate="Runnable" seed="1324367306" result="Passed" start-time="2025-07-28 12:09:40Z" end-time="2025-07-28 12:09:40Z" duration="0.000148" asserts="0">
              <properties>
                <property name="Description" value="GameplayTagContainerのHasTagメソッドで階層チェックが正しく動作することを確認" />
                <property name="retryIteration" value="0" />
                <property name="repeatIteration" value="0" />
              </properties>
            </test-case>
            <test-case id="1201" name="GameplayTagManager_FindGameObjectsWithTag_FindsCorrectObjects" fullname="ArcBT.Tests.GameplayTagSystemTests.GameplayTagManager_FindGameObjectsWithTag_FindsCorrectObjects" methodname="GameplayTagManager_FindGameObjectsWithTag_FindsCorrectObjects" classname="ArcBT.Tests.GameplayTagSystemTests" runstate="Runnable" seed="1943943384" result="Passed" start-time="2025-07-28 12:09:40Z" end-time="2025-07-28 12:09:40Z" duration="0.000330" asserts="0">
              <properties>
                <property name="Description" value="GameplayTagManagerのFindGameObjectsWithTagメソッドで指定タグを持つオブジェクトが正しく検索できることを確認" />
                <property name="retryIteration" value="0" />
                <property name="repeatIteration" value="0" />
              </properties>
            </test-case>
          </test-suite>
          <test-suite type="TestFixture" id="1202" name="HierarchicalSearchTests" fullname="ArcBT.Tests.HierarchicalSearchTests" classname="ArcBT.Tests.HierarchicalSearchTests" runstate="Runnable" testcasecount="14" result="Passed" start-time="2025-07-28 12:09:40Z" end-time="2025-07-28 12:09:40Z" duration="0.020826" total="14" passed="14" failed="0" inconclusive="0" skipped="0" asserts="0">
            <properties />
            <test-case id="1213" name="HierarchicalSearch_AfterTagChange_UpdatesCorrectly" fullname="ArcBT.Tests.HierarchicalSearchTests.HierarchicalSearch_AfterTagChange_UpdatesCorrectly" methodname="HierarchicalSearch_AfterTagChange_UpdatesCorrectly" classname="ArcBT.Tests.HierarchicalSearchTests" runstate="Runnable" seed="1529272854" result="Passed" start-time="2025-07-28 12:09:40Z" end-time="2025-07-28 12:09:40Z" duration="0.001093" asserts="0">
              <properties>
                <property name="Description" value="タグ変更後に階層検索結果が正しく更新されることを確認" />
                <property name="retryIteration" value="0" />
                <property name="repeatIteration" value="0" />
              </properties>
            </test-case>
            <test-case id="1212" name="HierarchicalSearch_CachePerformance_WorksCorrectly" fullname="ArcBT.Tests.HierarchicalSearchTests.HierarchicalSearch_CachePerformance_WorksCorrectly" methodname="HierarchicalSearch_CachePerformance_WorksCorrectly" classname="ArcBT.Tests.HierarchicalSearchTests" runstate="Runnable" seed="2052618322" result="Passed" start-time="2025-07-28 12:09:40Z" end-time="2025-07-28 12:09:40Z" duration="0.000563" asserts="0">
              <properties>
                <property name="Description" value="同じ階層検索を繰り返し実行したときにキャッシュが正しく動作し、一貫した結果が返されることを確認" />
                <property name="retryIteration" value="0" />
                <property name="repeatIteration" value="0" />
              </properties>
            </test-case>
            <test-case id="1216" name="HierarchicalSearch_CaseSensitivity_WorksCorrectly" fullname="ArcBT.Tests.HierarchicalSearchTests.HierarchicalSearch_CaseSensitivity_WorksCorrectly" methodname="HierarchicalSearch_CaseSensitivity_WorksCorrectly" classname="ArcBT.Tests.HierarchicalSearchTests" runstate="Runnable" seed="1040136594" result="Passed" start-time="2025-07-28 12:09:40Z" end-time="2025-07-28 12:09:40Z" duration="0.000436" asserts="0">
              <properties>
                <property name="Description" value="タグの大文字小文字の区別が正しく動作することを確認（正確なケースのみマッチ）" />
                <property name="retryIteration" value="0" />
                <property name="repeatIteration" value="0" />
              </properties>
            </test-case>
            <test-case id="1203" name="HierarchicalSearch_Character_FindsAllCharacters" fullname="ArcBT.Tests.HierarchicalSearchTests.HierarchicalSearch_Character_FindsAllCharacters" methodname="HierarchicalSearch_Character_FindsAllCharacters" classname="ArcBT.Tests.HierarchicalSearchTests" runstate="Runnable" seed="1475886871" result="Passed" start-time="2025-07-28 12:09:40Z" end-time="2025-07-28 12:09:40Z" duration="0.000621" asserts="0">
              <properties>
                <property name="Description" value="Character階層タグで全キャラクター（Player, Enemy, Boss, Minion）を検索できることを確認" />
                <property name="retryIteration" value="0" />
                <property name="repeatIteration" value="0" />
              </properties>
            </test-case>
            <test-case id="1204" name="HierarchicalSearch_CharacterEnemy_FindsAllEnemies" fullname="ArcBT.Tests.HierarchicalSearchTests.HierarchicalSearch_CharacterEnemy_FindsAllEnemies" methodname="HierarchicalSearch_CharacterEnemy_FindsAllEnemies" classname="ArcBT.Tests.HierarchicalSearchTests" runstate="Runnable" seed="1222342548" result="Passed" start-time="2025-07-28 12:09:40Z" end-time="2025-07-28 12:09:40Z" duration="0.000465" asserts="0">
              <properties>
                <property name="Description" value="Character.Enemy階層タグで全敵キャラクター（Enemy, Boss, Minion）を検索し、Playerは除外されることを確認" />
                <property name="retryIteration" value="0" />
                <property name="repeatIteration" value="0" />
              </properties>
            </test-case>
            <test-case id="1205" name="HierarchicalSearch_CharacterPlayer_FindsOnlyPlayer" fullname="ArcBT.Tests.HierarchicalSearchTests.HierarchicalSearch_CharacterPlayer_FindsOnlyPlayer" methodname="HierarchicalSearch_CharacterPlayer_FindsOnlyPlayer" classname="ArcBT.Tests.HierarchicalSearchTests" runstate="Runnable" seed="1212611902" result="Passed" start-time="2025-07-28 12:09:40Z" end-time="2025-07-28 12:09:40Z" duration="0.000442" asserts="0">
              <properties>
                <property name="Description" value="Character.Player階層タグでPlayerのみが検索されることを確認" />
                <property name="retryIteration" value="0" />
                <property name="repeatIteration" value="0" />
              </properties>
            </test-case>
            <test-case id="1210" name="HierarchicalSearch_DeepHierarchy_WorksCorrectly" fullname="ArcBT.Tests.HierarchicalSearchTests.HierarchicalSearch_DeepHierarchy_WorksCorrectly" methodname="HierarchicalSearch_DeepHierarchy_WorksCorrectly" classname="ArcBT.Tests.HierarchicalSearchTests" runstate="Runnable" seed="1639131893" result="Passed" start-time="2025-07-28 12:09:40Z" end-time="2025-07-28 12:09:40Z" duration="0.000927" asserts="0">
              <properties>
                <property name="Description" value="深い階層構造（Level1.Level2.Level3.Level4.DeepTag）で階層検索が正しく動作することを確認" />
                <property name="retryIteration" value="0" />
                <property name="repeatIteration" value="0" />
              </properties>
            </test-case>
            <test-case id="1215" name="HierarchicalSearch_EmptyTag_HandlesGracefully" fullname="ArcBT.Tests.HierarchicalSearchTests.HierarchicalSearch_EmptyTag_HandlesGracefully" methodname="HierarchicalSearch_EmptyTag_HandlesGracefully" classname="ArcBT.Tests.HierarchicalSearchTests" runstate="Runnable" seed="1864231914" result="Passed" start-time="2025-07-28 12:09:40Z" end-time="2025-07-28 12:09:40Z" duration="0.000389" asserts="0">
              <properties>
                <property name="Description" value="空のタグや無効なタグでの階層検索が適切に処理されることを確認" />
                <property name="retryIteration" value="0" />
                <property name="repeatIteration" value="0" />
              </properties>
            </test-case>
            <test-case id="1208" name="HierarchicalSearch_LeafNode_FindsOnlyItself" fullname="ArcBT.Tests.HierarchicalSearchTests.HierarchicalSearch_LeafNode_FindsOnlyItself" methodname="HierarchicalSearch_LeafNode_FindsOnlyItself" classname="ArcBT.Tests.HierarchicalSearchTests" runstate="Runnable" seed="2066385049" result="Passed" start-time="2025-07-28 12:09:40Z" end-time="2025-07-28 12:09:40Z" duration="0.000430" asserts="0">
              <properties>
                <property name="Description" value="リーフノード（末端タグ）の検索でそのタグを持つオブジェクトのみが返されることを確認" />
                <property name="retryIteration" value="0" />
                <property name="repeatIteration" value="0" />
              </properties>
            </test-case>
            <test-case id="1214" name="HierarchicalSearch_MixedWithRegularSearch_ConsistentResults" fullname="ArcBT.Tests.HierarchicalSearchTests.HierarchicalSearch_MixedWithRegularSearch_ConsistentResults" methodname="HierarchicalSearch_MixedWithRegularSearch_ConsistentResults" classname="ArcBT.Tests.HierarchicalSearchTests" runstate="Runnable" seed="1852389546" result="Passed" start-time="2025-07-28 12:09:40Z" end-time="2025-07-28 12:09:40Z" duration="0.000409" asserts="0">
              <properties>
                <property name="Description" value="階層検索と通常検索の結果が一貫していることを確認（階層検索の結果 = 部分検索の合計）" />
                <property name="retryIteration" value="0" />
                <property name="repeatIteration" value="0" />
              </properties>
            </test-case>
            <test-case id="1211" name="HierarchicalSearch_MultipleTagsOnSameObject_WorksCorrectly" fullname="ArcBT.Tests.HierarchicalSearchTests.HierarchicalSearch_MultipleTagsOnSameObject_WorksCorrectly" methodname="HierarchicalSearch_MultipleTagsOnSameObject_WorksCorrectly" classname="ArcBT.Tests.HierarchicalSearchTests" runstate="Runnable" seed="1531579482" result="Passed" start-time="2025-07-28 12:09:40Z" end-time="2025-07-28 12:09:40Z" duration="0.000550" asserts="0">
              <properties>
                <property name="Description" value="同一オブジェクトに複数の階層タグがある場合の階層検索が正しく動作することを確認" />
                <property name="retryIteration" value="0" />
                <property name="repeatIteration" value="0" />
              </properties>
            </test-case>
            <test-case id="1209" name="HierarchicalSearch_NonExistentTag_ReturnsEmpty" fullname="ArcBT.Tests.HierarchicalSearchTests.HierarchicalSearch_NonExistentTag_ReturnsEmpty" methodname="HierarchicalSearch_NonExistentTag_ReturnsEmpty" classname="ArcBT.Tests.HierarchicalSearchTests" runstate="Runnable" seed="1638907422" result="Passed" start-time="2025-07-28 12:09:40Z" end-time="2025-07-28 12:09:40Z" duration="0.000364" asserts="0">
              <properties>
                <property name="Description" value="存在しないタグでの検索で空の結果が返されることを確認" />
                <property name="retryIteration" value="0" />
                <property name="repeatIteration" value="0" />
              </properties>
            </test-case>
            <test-case id="1206" name="HierarchicalSearch_Object_FindsAllObjects" fullname="ArcBT.Tests.HierarchicalSearchTests.HierarchicalSearch_Object_FindsAllObjects" methodname="HierarchicalSearch_Object_FindsAllObjects" classname="ArcBT.Tests.HierarchicalSearchTests" runstate="Runnable" seed="888220108" result="Passed" start-time="2025-07-28 12:09:40Z" end-time="2025-07-28 12:09:40Z" duration="0.000410" asserts="0">
              <properties>
                <property name="Description" value="Object階層タグで全オブジェクト（Item, Weapon）を検索できることを確認" />
                <property name="retryIteration" value="0" />
                <property name="repeatIteration" value="0" />
              </properties>
            </test-case>
            <test-case id="1207" name="HierarchicalSearch_ObjectItem_FindsAllItems" fullname="ArcBT.Tests.HierarchicalSearchTests.HierarchicalSearch_ObjectItem_FindsAllItems" methodname="HierarchicalSearch_ObjectItem_FindsAllItems" classname="ArcBT.Tests.HierarchicalSearchTests" runstate="Runnable" seed="1160331308" result="Passed" start-time="2025-07-28 12:09:40Z" end-time="2025-07-28 12:09:40Z" duration="0.000415" asserts="0">
              <properties>
                <property name="Description" value="Object.Item階層タグで全アイテム（Item, Weapon）を検索できることを確認" />
                <property name="retryIteration" value="0" />
                <property name="repeatIteration" value="0" />
              </properties>
            </test-case>
          </test-suite>
          <test-suite type="TestFixture" id="1297" name="RPGActionTests" fullname="ArcBT.Tests.RPGActionTests" classname="ArcBT.Tests.RPGActionTests" runstate="Runnable" testcasecount="11" result="Passed" start-time="2025-07-28 12:09:40Z" end-time="2025-07-28 12:09:40Z" duration="0.023516" total="11" passed="11" failed="0" inconclusive="0" skipped="0" asserts="0">
            <properties />
            <test-case id="1300" name="AttackEnemyAction_ExecuteWithBlackBoardEnemy_AttacksTarget" fullname="ArcBT.Tests.RPGActionTests.AttackEnemyAction_ExecuteWithBlackBoardEnemy_AttacksTarget" methodname="AttackEnemyAction_ExecuteWithBlackBoardEnemy_AttacksTarget" classname="ArcBT.Tests.RPGActionTests" runstate="Runnable" seed="1556273675" result="Passed" start-time="2025-07-28 12:09:40Z" end-time="2025-07-28 12:09:40Z" duration="0.002242" asserts="0">
              <properties>
                <property name="Description" value="AttackEnemyActionでBlackBoardに設定された敵情報を使用して攻撃が実行されることを確認" />
                <property name="retryIteration" value="0" />
                <property name="repeatIteration" value="0" />
              </properties>
              <output><![CDATA[[INF][BBD]: 🗂️ BlackBoard[新規]: target_enemy = Enemy (UnityEngine.GameObject)
[INF][ATK]: === AttackEnemyAction '' EXECUTING ===
[INF][ATK]: AttackEnemy '': Attacking Enemy with 30 melee damage ⚔️
[INF][SYS]: Enemy took 30 damage. Health: 70/100
[INF][ATK]: AttackEnemy '': Dealt 30 damage to Enemy
]]></output>
            </test-case>
            <test-case id="1299" name="AttackEnemyAction_ExecuteWithoutEnemy_ReturnsFailure" fullname="ArcBT.Tests.RPGActionTests.AttackEnemyAction_ExecuteWithoutEnemy_ReturnsFailure" methodname="AttackEnemyAction_ExecuteWithoutEnemy_ReturnsFailure" classname="ArcBT.Tests.RPGActionTests" runstate="Runnable" seed="1055755905" result="Passed" start-time="2025-07-28 12:09:40Z" end-time="2025-07-28 12:09:40Z" duration="0.000359" asserts="0">
              <properties>
                <property name="Description" value="AttackEnemyActionで敵が存在しない場合にFailureが返されることを確認" />
                <property name="retryIteration" value="0" />
                <property name="repeatIteration" value="0" />
              </properties>
              <output><![CDATA[[INF][ATK]: === AttackEnemyAction '' EXECUTING ===
[INF][ATK]: AttackEnemy '': No enemies in attack range 2 ✗
]]></output>
            </test-case>
            <test-case id="1298" name="AttackEnemyAction_SetProperty_SetsCorrectValues" fullname="ArcBT.Tests.RPGActionTests.AttackEnemyAction_SetProperty_SetsCorrectValues" methodname="AttackEnemyAction_SetProperty_SetsCorrectValues" classname="ArcBT.Tests.RPGActionTests" runstate="Runnable" seed="457739051" result="Passed" start-time="2025-07-28 12:09:40Z" end-time="2025-07-28 12:09:40Z" duration="0.000338" asserts="0">
              <properties>
                <property name="Description" value="AttackEnemyActionのプロパティ設定(ダメージ、攻撃範囲、クールダウン)が正しく適用されることを確認" />
                <property name="retryIteration" value="0" />
                <property name="repeatIteration" value="0" />
              </properties>
              <output><![CDATA[[INF][ATK]: === AttackEnemyAction '' EXECUTING ===
[INF][ATK]: AttackEnemy '': No enemies in attack range 3 ✗
]]></output>
            </test-case>
            <test-case id="1302" name="CastSpellAction_ExecuteWithoutMana_ReturnsFailure" fullname="ArcBT.Tests.RPGActionTests.CastSpellAction_ExecuteWithoutMana_ReturnsFailure" methodname="CastSpellAction_ExecuteWithoutMana_ReturnsFailure" classname="ArcBT.Tests.RPGActionTests" runstate="Runnable" seed="1798182386" result="Passed" start-time="2025-07-28 12:09:40Z" end-time="2025-07-28 12:09:40Z" duration="0.000741" asserts="0">
              <properties>
                <property name="Description" value="CastSpellActionでマナが不足している場合にFailureが返されることを確認" />
                <property name="retryIteration" value="0" />
                <property name="repeatIteration" value="0" />
              </properties>
              <output><![CDATA[[INF][ATK]: 🔴 CastSpell: マナ不足で 'Heal' を使用できません (20 < 50)
]]></output>
            </test-case>
            <test-case id="1301" name="CastSpellAction_SetProperty_SetsCorrectValues" fullname="ArcBT.Tests.RPGActionTests.CastSpellAction_SetProperty_SetsCorrectValues" methodname="CastSpellAction_SetProperty_SetsCorrectValues" classname="ArcBT.Tests.RPGActionTests" runstate="Runnable" seed="1019359950" result="Passed" start-time="2025-07-28 12:09:40Z" end-time="2025-07-28 12:09:40Z" duration="0.000800" asserts="0">
              <properties>
                <property name="Description" value="CastSpellActionのプロパティ設定(魔法名、ダメージ、マナコスト、詠唱時間)が正しく適用されることを確認" />
                <property name="retryIteration" value="0" />
                <property name="repeatIteration" value="0" />
              </properties>
              <output><![CDATA[[ERR][SYS]: ⚠️ CastSpell: Manaコンポーネントが見つかりません
]]></output>
            </test-case>
            <test-case id="1307" name="FleeToSafetyAction_Execute_UpdatesBlackBoard" fullname="ArcBT.Tests.RPGActionTests.FleeToSafetyAction_Execute_UpdatesBlackBoard" methodname="FleeToSafetyAction_Execute_UpdatesBlackBoard" classname="ArcBT.Tests.RPGActionTests" runstate="Runnable" seed="329464579" result="Passed" start-time="2025-07-28 12:09:40Z" end-time="2025-07-28 12:09:40Z" duration="0.001095" asserts="0">
              <properties>
                <property name="Description" value="FleeToSafetyActionの実行でBlackBoardに逃走ターゲットと安全期間が正しく設定されることを確認" />
                <property name="retryIteration" value="0" />
                <property name="repeatIteration" value="0" />
              </properties>
              <output><![CDATA[[INF][BBD]: 🗂️ BlackBoard[新規]: enemy_target = TestEnemy (UnityEngine.GameObject)
[INF][BBD]: 🗂️ BlackBoard[新規]: flee_target = (0.00, 0.00, -20.00)
]]></output>
            </test-case>
            <test-case id="1306" name="FleeToSafetyAction_SetProperty_SetsCorrectValues" fullname="ArcBT.Tests.RPGActionTests.FleeToSafetyAction_SetProperty_SetsCorrectValues" methodname="FleeToSafetyAction_SetProperty_SetsCorrectValues" classname="ArcBT.Tests.RPGActionTests" runstate="Runnable" seed="765437122" result="Passed" start-time="2025-07-28 12:09:40Z" end-time="2025-07-28 12:09:40Z" duration="0.000464" asserts="0">
              <properties>
                <property name="Description" value="FleeToSafetyActionのプロパティ設定(逃走速度、安全距離)が正しく適用されることを確認" />
                <property name="retryIteration" value="0" />
                <property name="repeatIteration" value="0" />
              </properties>
              <output><![CDATA[[INF][BBD]: 🗂️ BlackBoard[新規]: enemy_target = TestThreat (UnityEngine.GameObject)
[INF][BBD]: 🗂️ BlackBoard[新規]: flee_target = (0.00, 0.00, -20.00)
]]></output>
            </test-case>
            <test-case id="1308" name="RPGActions_ChainExecution_WorksCorrectly" fullname="ArcBT.Tests.RPGActionTests.RPGActions_ChainExecution_WorksCorrectly" methodname="RPGActions_ChainExecution_WorksCorrectly" classname="ArcBT.Tests.RPGActionTests" runstate="Runnable" seed="1018321836" result="Passed" start-time="2025-07-28 12:09:40Z" end-time="2025-07-28 12:09:40Z" duration="0.001813" asserts="0">
              <properties>
                <property name="Description" value="複数のRPGアクション（攻撃、魔法、アイテム使用）の連続実行が正しく動作することを確認" />
                <property name="retryIteration" value="0" />
                <property name="repeatIteration" value="0" />
              </properties>
              <output><![CDATA[[INF][SYS]: Inventory: Added new item type mana_potion x1
[INF][SYS]: Inventory: Used 1 mana_potion. Remaining: 0
[INF][SYS]: UseItem: Successfully used mana_potion
[INF][ATK]: === AttackEnemyAction '' EXECUTING ===
[INF][ATK]: AttackEnemy '': No enemies in attack range 2 ✗
[INF][ATK]: ❓ CastSpell: 魔法のターゲットが見つかりません
]]></output>
            </test-case>
            <test-case id="1304" name="UseItemAction_ExecuteWithoutItem_ReturnsFailure" fullname="ArcBT.Tests.RPGActionTests.UseItemAction_ExecuteWithoutItem_ReturnsFailure" methodname="UseItemAction_ExecuteWithoutItem_ReturnsFailure" classname="ArcBT.Tests.RPGActionTests" runstate="Runnable" seed="1944147436" result="Passed" start-time="2025-07-28 12:09:40Z" end-time="2025-07-28 12:09:40Z" duration="0.000369" asserts="0">
              <properties>
                <property name="Description" value="UseItemActionでアイテムを所持していない場合にFailureが返されることを確認" />
                <property name="retryIteration" value="0" />
                <property name="repeatIteration" value="0" />
              </properties>
              <output><![CDATA[[INF][SYS]: UseItem: No healing_potion available
]]></output>
            </test-case>
            <test-case id="1305" name="UseItemAction_ExecuteWithValidItem_ReturnsSuccess" fullname="ArcBT.Tests.RPGActionTests.UseItemAction_ExecuteWithValidItem_ReturnsSuccess" methodname="UseItemAction_ExecuteWithValidItem_ReturnsSuccess" classname="ArcBT.Tests.RPGActionTests" runstate="Runnable" seed="126516759" result="Passed" start-time="2025-07-28 12:09:40Z" end-time="2025-07-28 12:09:40Z" duration="0.000595" asserts="0">
              <properties>
                <property name="Description" value="UseItemActionで正常にアイテムを使用できる場合にSuccessが返されることを確認" />
                <property name="retryIteration" value="0" />
                <property name="repeatIteration" value="0" />
              </properties>
              <output><![CDATA[[INF][SYS]: Inventory: Added new item type healing_potion x2
[INF][SYS]: Inventory: Used 1 healing_potion. Remaining: 1
[INF][SYS]: UseItem: Successfully used healing_potion
]]></output>
            </test-case>
            <test-case id="1303" name="UseItemAction_SetProperty_SetsCorrectValues" fullname="ArcBT.Tests.RPGActionTests.UseItemAction_SetProperty_SetsCorrectValues" methodname="UseItemAction_SetProperty_SetsCorrectValues" classname="ArcBT.Tests.RPGActionTests" runstate="Runnable" seed="1729193592" result="Passed" start-time="2025-07-28 12:09:40Z" end-time="2025-07-28 12:09:40Z" duration="0.000694" asserts="0">
              <properties>
                <property name="Description" value="UseItemActionのプロパティ設定(アイテム名、数量)が正しく適用されることを確認" />
                <property name="retryIteration" value="0" />
                <property name="repeatIteration" value="0" />
              </properties>
              <output><![CDATA[[ERR][SYS]: UseItem: No Inventory component found
]]></output>
            </test-case>
          </test-suite>
          <test-suite type="TestFixture" id="1309" name="RPGSimpleTests" fullname="ArcBT.Tests.RPGSimpleTests" classname="ArcBT.Tests.RPGSimpleTests" runstate="Runnable" testcasecount="25" result="Passed" start-time="2025-07-28 12:09:40Z" end-time="2025-07-28 12:09:40Z" duration="0.034006" total="25" passed="25" failed="0" inconclusive="0" skipped="0" asserts="0">
            <properties />
            <test-case id="1328" name="EnemyDetectionCondition_ExecuteWithEnemyDetected_ReturnsSuccess" fullname="ArcBT.Tests.RPGSimpleTests.EnemyDetectionCondition_ExecuteWithEnemyDetected_ReturnsSuccess" methodname="EnemyDetectionCondition_ExecuteWithEnemyDetected_ReturnsSuccess" classname="ArcBT.Tests.RPGSimpleTests" runstate="Runnable" seed="2034374920" result="Passed" start-time="2025-07-28 12:09:40Z" end-time="2025-07-28 12:09:40Z" duration="0.001365" asserts="0">
              <properties>
                <property name="Description" value="EnemyDetectionConditionが敵検出時にAIの検出メソッドを呼び出し、Successを返すことを確認" />
                <property name="retryIteration" value="0" />
                <property name="repeatIteration" value="0" />
              </properties>
              <output><![CDATA[[DBG][SYS]: Enemy detection in range 5: True
]]></output>
            </test-case>
            <test-case id="1329" name="EnemyDetectionCondition_ExecuteWithNoEnemyDetected_ReturnsFailure" fullname="ArcBT.Tests.RPGSimpleTests.EnemyDetectionCondition_ExecuteWithNoEnemyDetected_ReturnsFailure" methodname="EnemyDetectionCondition_ExecuteWithNoEnemyDetected_ReturnsFailure" classname="ArcBT.Tests.RPGSimpleTests" runstate="Runnable" seed="2143429861" result="Passed" start-time="2025-07-28 12:09:40Z" end-time="2025-07-28 12:09:40Z" duration="0.000319" asserts="0">
              <properties>
                <property name="Description" value="EnemyDetectionConditionが敵未検出時にAIの検出メソッドを呼び出し、Failureを返すことを確認" />
                <property name="retryIteration" value="0" />
                <property name="repeatIteration" value="0" />
              </properties>
              <output><![CDATA[[DBG][SYS]: Enemy detection in range 5: False
]]></output>
            </test-case>
            <test-case id="1330" name="EnemyDetectionCondition_ExecuteWithoutExampleAI_ReturnsFailure" fullname="ArcBT.Tests.RPGSimpleTests.EnemyDetectionCondition_ExecuteWithoutExampleAI_ReturnsFailure" methodname="EnemyDetectionCondition_ExecuteWithoutExampleAI_ReturnsFailure" classname="ArcBT.Tests.RPGSimpleTests" runstate="Runnable" seed="1204614033" result="Passed" start-time="2025-07-28 12:09:40Z" end-time="2025-07-28 12:09:40Z" duration="0.002029" asserts="0">
              <properties>
                <property name="Description" value="EnemyDetectionConditionがExampleAIコンポーネントなしで実行された時にエラーログ出力とFailureを返すことを確認" />
                <property name="retryIteration" value="0" />
                <property name="repeatIteration" value="0" />
              </properties>
              <output><![CDATA[[ERR][SYS]: EnemyDetectionCondition requires ExampleAI component
[ERR][SYS]: ExampleAI controller not found
]]></output>
            </test-case>
            <test-case id="1327" name="EnemyDetectionCondition_SetProperty_SetsCorrectDetectionRange" fullname="ArcBT.Tests.RPGSimpleTests.EnemyDetectionCondition_SetProperty_SetsCorrectDetectionRange" methodname="EnemyDetectionCondition_SetProperty_SetsCorrectDetectionRange" classname="ArcBT.Tests.RPGSimpleTests" runstate="Runnable" seed="2077894168" result="Passed" start-time="2025-07-28 12:09:40Z" end-time="2025-07-28 12:09:40Z" duration="0.000521" asserts="0">
              <properties>
                <property name="Description" value="EnemyDetectionConditionのdetection_rangeプロパティが正しく設定され、敵検出処理で使用されることを確認" />
                <property name="retryIteration" value="0" />
                <property name="repeatIteration" value="0" />
              </properties>
              <output><![CDATA[[DBG][SYS]: Enemy detection in range 8: True
]]></output>
            </test-case>
            <test-case id="1322" name="MoveToNamedPositionAction_ExecuteWithInvalidTarget_ReturnsFailure" fullname="ArcBT.Tests.RPGSimpleTests.MoveToNamedPositionAction_ExecuteWithInvalidTarget_ReturnsFailure" methodname="MoveToNamedPositionAction_ExecuteWithInvalidTarget_ReturnsFailure" classname="ArcBT.Tests.RPGSimpleTests" runstate="Runnable" seed="148471471" result="Passed" start-time="2025-07-28 12:09:40Z" end-time="2025-07-28 12:09:40Z" duration="0.000802" asserts="0">
              <properties>
                <property name="Description" value="MoveToNamedPositionActionが無効なターゲットで実行された時にFailureを返すことを確認" />
                <property name="retryIteration" value="0" />
                <property name="repeatIteration" value="0" />
              </properties>
              <output><![CDATA[[DBG][MOV]: Moving to NonExistentTarget at speed 3.5
]]></output>
            </test-case>
            <test-case id="1323" name="MoveToNamedPositionAction_ExecuteWithoutExampleAI_ReturnsFailure" fullname="ArcBT.Tests.RPGSimpleTests.MoveToNamedPositionAction_ExecuteWithoutExampleAI_ReturnsFailure" methodname="MoveToNamedPositionAction_ExecuteWithoutExampleAI_ReturnsFailure" classname="ArcBT.Tests.RPGSimpleTests" runstate="Runnable" seed="499014464" result="Passed" start-time="2025-07-28 12:09:40Z" end-time="2025-07-28 12:09:40Z" duration="0.001212" asserts="0">
              <properties>
                <property name="Description" value="MoveToNamedPositionActionがExampleAIコンポーネントなしで実行された時にエラーログ出力とFailureを返すことを確認" />
                <property name="retryIteration" value="0" />
                <property name="repeatIteration" value="0" />
              </properties>
              <output><![CDATA[[ERR][MOV]: MoveToNamedPositionAction requires ExampleAI component
[ERR][MOV]: ExampleAI controller not found
]]></output>
            </test-case>
            <test-case id="1321" name="MoveToNamedPositionAction_ExecuteWithValidTarget_CallsMoveOnAI" fullname="ArcBT.Tests.RPGSimpleTests.MoveToNamedPositionAction_ExecuteWithValidTarget_CallsMoveOnAI" methodname="MoveToNamedPositionAction_ExecuteWithValidTarget_CallsMoveOnAI" classname="ArcBT.Tests.RPGSimpleTests" runstate="Runnable" seed="1075992134" result="Passed" start-time="2025-07-28 12:09:40Z" end-time="2025-07-28 12:09:40Z" duration="0.000301" asserts="0">
              <properties>
                <property name="Description" value="MoveToNamedPositionActionが有効なターゲットで実行された時にAIの移動メソッドを呼び出すことを確認" />
                <property name="retryIteration" value="0" />
                <property name="repeatIteration" value="0" />
              </properties>
              <output><![CDATA[[DBG][MOV]: Moving to TestTarget at speed 3.5
]]></output>
            </test-case>
            <test-case id="1320" name="MoveToNamedPositionAction_SetProperty_SetsCorrectSpeed" fullname="ArcBT.Tests.RPGSimpleTests.MoveToNamedPositionAction_SetProperty_SetsCorrectSpeed" methodname="MoveToNamedPositionAction_SetProperty_SetsCorrectSpeed" classname="ArcBT.Tests.RPGSimpleTests" runstate="Runnable" seed="221068802" result="Passed" start-time="2025-07-28 12:09:40Z" end-time="2025-07-28 12:09:40Z" duration="0.000609" asserts="0">
              <properties>
                <property name="Description" value="MoveToNamedPositionActionのspeedプロパティが正しく設定されることを確認" />
                <property name="retryIteration" value="0" />
                <property name="repeatIteration" value="0" />
              </properties>
              <output><![CDATA[[WRN][MOV]: No target specified for move action
]]></output>
            </test-case>
            <test-case id="1319" name="MoveToNamedPositionAction_SetProperty_SetsCorrectTarget" fullname="ArcBT.Tests.RPGSimpleTests.MoveToNamedPositionAction_SetProperty_SetsCorrectTarget" methodname="MoveToNamedPositionAction_SetProperty_SetsCorrectTarget" classname="ArcBT.Tests.RPGSimpleTests" runstate="Runnable" seed="960456594" result="Passed" start-time="2025-07-28 12:09:40Z" end-time="2025-07-28 12:09:40Z" duration="0.000265" asserts="0">
              <properties>
                <property name="Description" value="MoveToNamedPositionActionのtargetプロパティが正しく設定されることを確認" />
                <property name="retryIteration" value="0" />
                <property name="repeatIteration" value="0" />
              </properties>
              <output><![CDATA[[DBG][MOV]: Moving to Waypoint at speed 3.5
]]></output>
            </test-case>
            <test-case id="1315" name="SimpleAttackAction_ExecuteWithoutExampleAI_ReturnsFailure" fullname="ArcBT.Tests.RPGSimpleTests.SimpleAttackAction_ExecuteWithoutExampleAI_ReturnsFailure" methodname="SimpleAttackAction_ExecuteWithoutExampleAI_ReturnsFailure" classname="ArcBT.Tests.RPGSimpleTests" runstate="Runnable" seed="1603770809" result="Passed" start-time="2025-07-28 12:09:40Z" end-time="2025-07-28 12:09:40Z" duration="0.001386" asserts="0">
              <properties>
                <property name="Description" value="SimpleAttackActionがExampleAIコンポーネントなしで実行された時にエラーログ出力とFailureを返すことを確認" />
                <property name="retryIteration" value="0" />
                <property name="repeatIteration" value="0" />
              </properties>
              <output><![CDATA[[ERR][ATK]: SimpleAttackAction requires ExampleAI component
[ERR][ATK]: ExampleAI controller not found
]]></output>
            </test-case>
            <test-case id="1314" name="SimpleAttackAction_ExecuteWithOutOfRangeTarget_ReturnsFailure" fullname="ArcBT.Tests.RPGSimpleTests.SimpleAttackAction_ExecuteWithOutOfRangeTarget_ReturnsFailure" methodname="SimpleAttackAction_ExecuteWithOutOfRangeTarget_ReturnsFailure" classname="ArcBT.Tests.RPGSimpleTests" runstate="Runnable" seed="938475464" result="Passed" start-time="2025-07-28 12:09:40Z" end-time="2025-07-28 12:09:40Z" duration="0.000451" asserts="0">
              <properties>
                <property name="Description" value="SimpleAttackActionが範囲外ターゲットで実行された時にFailureを返すことを確認" />
                <property name="retryIteration" value="0" />
                <property name="repeatIteration" value="0" />
              </properties>
              <output><![CDATA[[DBG][ATK]: Executed attack with damage 25
]]></output>
            </test-case>
            <test-case id="1313" name="SimpleAttackAction_ExecuteWithoutTarget_ReturnsFailure" fullname="ArcBT.Tests.RPGSimpleTests.SimpleAttackAction_ExecuteWithoutTarget_ReturnsFailure" methodname="SimpleAttackAction_ExecuteWithoutTarget_ReturnsFailure" classname="ArcBT.Tests.RPGSimpleTests" runstate="Runnable" seed="1699518727" result="Passed" start-time="2025-07-28 12:09:40Z" end-time="2025-07-28 12:09:40Z" duration="0.000281" asserts="0">
              <properties>
                <property name="Description" value="SimpleAttackActionがターゲットなしで実行された時にFailureを返すことを確認" />
                <property name="retryIteration" value="0" />
                <property name="repeatIteration" value="0" />
              </properties>
              <output><![CDATA[[DBG][ATK]: Executed attack with damage 25
]]></output>
            </test-case>
            <test-case id="1312" name="SimpleAttackAction_ExecuteWithTarget_CallsAttackOnAI" fullname="ArcBT.Tests.RPGSimpleTests.SimpleAttackAction_ExecuteWithTarget_CallsAttackOnAI" methodname="SimpleAttackAction_ExecuteWithTarget_CallsAttackOnAI" classname="ArcBT.Tests.RPGSimpleTests" runstate="Runnable" seed="88254221" result="Passed" start-time="2025-07-28 12:09:40Z" end-time="2025-07-28 12:09:40Z" duration="0.000308" asserts="0">
              <properties>
                <property name="Description" value="SimpleAttackActionがターゲットあり・範囲内で実行された時にAIの攻撃メソッドを呼び出すことを確認" />
                <property name="retryIteration" value="0" />
                <property name="repeatIteration" value="0" />
              </properties>
              <output><![CDATA[[DBG][ATK]: Executed attack with damage 25
]]></output>
            </test-case>
            <test-case id="1311" name="SimpleAttackAction_SetProperty_SetsCorrectAttackRange" fullname="ArcBT.Tests.RPGSimpleTests.SimpleAttackAction_SetProperty_SetsCorrectAttackRange" methodname="SimpleAttackAction_SetProperty_SetsCorrectAttackRange" classname="ArcBT.Tests.RPGSimpleTests" runstate="Runnable" seed="1997177106" result="Passed" start-time="2025-07-28 12:09:40Z" end-time="2025-07-28 12:09:40Z" duration="0.000265" asserts="0">
              <properties>
                <property name="Description" value="SimpleAttackActionのattack_rangeプロパティが正しく設定されることを確認" />
                <property name="retryIteration" value="0" />
                <property name="repeatIteration" value="0" />
              </properties>
              <output><![CDATA[[DBG][ATK]: Executed attack with damage 25
]]></output>
            </test-case>
            <test-case id="1310" name="SimpleAttackAction_SetProperty_SetsCorrectDamage" fullname="ArcBT.Tests.RPGSimpleTests.SimpleAttackAction_SetProperty_SetsCorrectDamage" methodname="SimpleAttackAction_SetProperty_SetsCorrectDamage" classname="ArcBT.Tests.RPGSimpleTests" runstate="Runnable" seed="1297855632" result="Passed" start-time="2025-07-28 12:09:40Z" end-time="2025-07-28 12:09:40Z" duration="0.000251" asserts="0">
              <properties>
                <property name="Description" value="SimpleAttackActionのdamageプロパティが正しく設定されることを確認" />
                <property name="retryIteration" value="0" />
                <property name="repeatIteration" value="0" />
              </properties>
              <output><![CDATA[[DBG][ATK]: Executed attack with damage 35
]]></output>
            </test-case>
            <test-case id="1326" name="SimpleHasTargetCondition_ExecuteWithoutExampleAI_ReturnsFailure" fullname="ArcBT.Tests.RPGSimpleTests.SimpleHasTargetCondition_ExecuteWithoutExampleAI_ReturnsFailure" methodname="SimpleHasTargetCondition_ExecuteWithoutExampleAI_ReturnsFailure" classname="ArcBT.Tests.RPGSimpleTests" runstate="Runnable" seed="993515635" result="Passed" start-time="2025-07-28 12:09:40Z" end-time="2025-07-28 12:09:40Z" duration="0.001431" asserts="0">
              <properties>
                <property name="Description" value="SimpleHasTargetConditionがExampleAIコンポーネントなしで実行された時にエラーログ出力とFailureを返すことを確認" />
                <property name="retryIteration" value="0" />
                <property name="repeatIteration" value="0" />
              </properties>
              <output><![CDATA[[ERR][SYS]: SimpleHasTargetCondition requires ExampleAI component
[ERR][SYS]: ExampleAI controller not found
]]></output>
            </test-case>
            <test-case id="1325" name="SimpleHasTargetCondition_ExecuteWithoutTarget_ReturnsFailure" fullname="ArcBT.Tests.RPGSimpleTests.SimpleHasTargetCondition_ExecuteWithoutTarget_ReturnsFailure" methodname="SimpleHasTargetCondition_ExecuteWithoutTarget_ReturnsFailure" classname="ArcBT.Tests.RPGSimpleTests" runstate="Runnable" seed="2004800595" result="Passed" start-time="2025-07-28 12:09:40Z" end-time="2025-07-28 12:09:40Z" duration="0.000288" asserts="0">
              <properties>
                <property name="Description" value="SimpleHasTargetConditionがターゲットなしで実行された時にFailureを返すことを確認" />
                <property name="retryIteration" value="0" />
                <property name="repeatIteration" value="0" />
              </properties>
              <output><![CDATA[[DBG][SYS]: Simple has target: False
]]></output>
            </test-case>
            <test-case id="1324" name="SimpleHasTargetCondition_ExecuteWithTarget_ReturnsSuccess" fullname="ArcBT.Tests.RPGSimpleTests.SimpleHasTargetCondition_ExecuteWithTarget_ReturnsSuccess" methodname="SimpleHasTargetCondition_ExecuteWithTarget_ReturnsSuccess" classname="ArcBT.Tests.RPGSimpleTests" runstate="Runnable" seed="514551870" result="Passed" start-time="2025-07-28 12:09:40Z" end-time="2025-07-28 12:09:40Z" duration="0.000288" asserts="0">
              <properties>
                <property name="Description" value="SimpleHasTargetConditionがターゲットありで実行された時にSuccessを返すことを確認" />
                <property name="retryIteration" value="0" />
                <property name="repeatIteration" value="0" />
              </properties>
              <output><![CDATA[[DBG][SYS]: Simple has target: True
]]></output>
            </test-case>
            <test-case id="1333" name="SimpleHealthCheckCondition_ExecuteWithInsufficientHealth_ReturnsFailure" fullname="ArcBT.Tests.RPGSimpleTests.SimpleHealthCheckCondition_ExecuteWithInsufficientHealth_ReturnsFailure" methodname="SimpleHealthCheckCondition_ExecuteWithInsufficientHealth_ReturnsFailure" classname="ArcBT.Tests.RPGSimpleTests" runstate="Runnable" seed="1494739630" result="Passed" start-time="2025-07-28 12:09:40Z" end-time="2025-07-28 12:09:40Z" duration="0.000528" asserts="0">
              <properties>
                <property name="Description" value="SimpleHealthCheckConditionが不十分な体力で実行された時にAIの体力チェックメソッドを呼び出し、Failureを返すことを確認" />
                <property name="retryIteration" value="0" />
                <property name="repeatIteration" value="0" />
              </properties>
              <output><![CDATA[[DBG][SYS]: Simple health check: 40 >= 70 = False
]]></output>
            </test-case>
            <test-case id="1334" name="SimpleHealthCheckCondition_ExecuteWithoutExampleAI_ReturnsFailure" fullname="ArcBT.Tests.RPGSimpleTests.SimpleHealthCheckCondition_ExecuteWithoutExampleAI_ReturnsFailure" methodname="SimpleHealthCheckCondition_ExecuteWithoutExampleAI_ReturnsFailure" classname="ArcBT.Tests.RPGSimpleTests" runstate="Runnable" seed="391888083" result="Passed" start-time="2025-07-28 12:09:40Z" end-time="2025-07-28 12:09:40Z" duration="0.001168" asserts="0">
              <properties>
                <property name="Description" value="SimpleHealthCheckConditionがExampleAIコンポーネントなしで実行された時にエラーログ出力とFailureを返すことを確認" />
                <property name="retryIteration" value="0" />
                <property name="repeatIteration" value="0" />
              </properties>
              <output><![CDATA[[ERR][SYS]: SimpleHealthCheckCondition requires ExampleAI component
[ERR][SYS]: ExampleAI controller not found
]]></output>
            </test-case>
            <test-case id="1332" name="SimpleHealthCheckCondition_ExecuteWithSufficientHealth_ReturnsSuccess" fullname="ArcBT.Tests.RPGSimpleTests.SimpleHealthCheckCondition_ExecuteWithSufficientHealth_ReturnsSuccess" methodname="SimpleHealthCheckCondition_ExecuteWithSufficientHealth_ReturnsSuccess" classname="ArcBT.Tests.RPGSimpleTests" runstate="Runnable" seed="1766125918" result="Passed" start-time="2025-07-28 12:09:40Z" end-time="2025-07-28 12:09:40Z" duration="0.000303" asserts="0">
              <properties>
                <property name="Description" value="SimpleHealthCheckConditionが十分な体力で実行された時にAIの体力チェックメソッドを呼び出し、Successを返すことを確認" />
                <property name="retryIteration" value="0" />
                <property name="repeatIteration" value="0" />
              </properties>
              <output><![CDATA[[DBG][SYS]: Simple health check: 50 >= 30 = True
]]></output>
            </test-case>
            <test-case id="1331" name="SimpleHealthCheckCondition_SetProperty_SetsCorrectMinHealth" fullname="ArcBT.Tests.RPGSimpleTests.SimpleHealthCheckCondition_SetProperty_SetsCorrectMinHealth" methodname="SimpleHealthCheckCondition_SetProperty_SetsCorrectMinHealth" classname="ArcBT.Tests.RPGSimpleTests" runstate="Runnable" seed="50069089" result="Passed" start-time="2025-07-28 12:09:40Z" end-time="2025-07-28 12:09:40Z" duration="0.000314" asserts="0">
              <properties>
                <property name="Description" value="SimpleHealthCheckConditionのmin_healthプロパティが正しく設定され、体力チェック処理で使用されることを確認" />
                <property name="retryIteration" value="0" />
                <property name="repeatIteration" value="0" />
              </properties>
              <output><![CDATA[[DBG][SYS]: Simple health check: 60 >= 50 = True
]]></output>
            </test-case>
            <test-case id="1317" name="WaitSimpleAction_Execute_CallsWaitOnAI" fullname="ArcBT.Tests.RPGSimpleTests.WaitSimpleAction_Execute_CallsWaitOnAI" methodname="WaitSimpleAction_Execute_CallsWaitOnAI" classname="ArcBT.Tests.RPGSimpleTests" runstate="Runnable" seed="1838245459" result="Passed" start-time="2025-07-28 12:09:40Z" end-time="2025-07-28 12:09:40Z" duration="0.000476" asserts="0">
              <properties>
                <property name="Description" value="WaitSimpleActionが実行された時にAIの待機メソッドを呼び出し、Successを返すことを確認" />
                <property name="retryIteration" value="0" />
                <property name="repeatIteration" value="0" />
              </properties>
              <output><![CDATA[[DBG][SYS]: Executed wait for 1 seconds
]]></output>
            </test-case>
            <test-case id="1318" name="WaitSimpleAction_ExecuteWithoutExampleAI_ReturnsFailure" fullname="ArcBT.Tests.RPGSimpleTests.WaitSimpleAction_ExecuteWithoutExampleAI_ReturnsFailure" methodname="WaitSimpleAction_ExecuteWithoutExampleAI_ReturnsFailure" classname="ArcBT.Tests.RPGSimpleTests" runstate="Runnable" seed="636581060" result="Passed" start-time="2025-07-28 12:09:40Z" end-time="2025-07-28 12:09:40Z" duration="0.001195" asserts="0">
              <properties>
                <property name="Description" value="WaitSimpleActionがExampleAIコンポーネントなしで実行された時にエラーログ出力とFailureを返すことを確認" />
                <property name="retryIteration" value="0" />
                <property name="repeatIteration" value="0" />
              </properties>
              <output><![CDATA[[ERR][SYS]: WaitSimpleAction requires ExampleAI component
[ERR][SYS]: ExampleAI controller not found
]]></output>
            </test-case>
            <test-case id="1316" name="WaitSimpleAction_SetProperty_SetsCorrectDuration" fullname="ArcBT.Tests.RPGSimpleTests.WaitSimpleAction_SetProperty_SetsCorrectDuration" methodname="WaitSimpleAction_SetProperty_SetsCorrectDuration" classname="ArcBT.Tests.RPGSimpleTests" runstate="Runnable" seed="1929236999" result="Passed" start-time="2025-07-28 12:09:40Z" end-time="2025-07-28 12:09:40Z" duration="0.000327" asserts="0">
              <properties>
                <property name="Description" value="WaitSimpleActionのdurationプロパティが正しく設定され、AIの待機メソッドを呼び出すことを確認" />
                <property name="retryIteration" value="0" />
                <property name="repeatIteration" value="0" />
              </properties>
              <output><![CDATA[[DBG][SYS]: Executed wait for 2.5 seconds
]]></output>
            </test-case>
          </test-suite>
          <test-suite type="TestFixture" id="1217" name="RuntimeActionTests" fullname="ArcBT.Tests.RuntimeActionTests" classname="ArcBT.Tests.RuntimeActionTests" runstate="Runnable" testcasecount="25" result="Passed" start-time="2025-07-28 12:09:40Z" end-time="2025-07-28 12:09:40Z" duration="0.033240" total="25" passed="25" failed="0" inconclusive="0" skipped="0" asserts="0">
            <properties />
            <test-case id="1220" name="EnvironmentScanAction_ExecuteWithNoObjects_ReturnsFailure" fullname="ArcBT.Tests.RuntimeActionTests.EnvironmentScanAction_ExecuteWithNoObjects_ReturnsFailure" methodname="EnvironmentScanAction_ExecuteWithNoObjects_ReturnsFailure" classname="ArcBT.Tests.RuntimeActionTests" runstate="Runnable" seed="1922372556" result="Passed" start-time="2025-07-28 12:09:40Z" end-time="2025-07-28 12:09:40Z" duration="0.002079" asserts="0">
              <properties>
                <property name="Description" value="EnvironmentScanAction実行時にスキャン範囲内にタグ付きオブジェクトがない場合の動作" />
                <property name="retryIteration" value="0" />
                <property name="repeatIteration" value="0" />
              </properties>
              <output><![CDATA[[INF][SYS]: 環境スキャン: 範囲内にオブジェクトが見つかりませんでした
]]></output>
            </test-case>
            <test-case id="1221" name="EnvironmentScanAction_ExecuteWithTaggedObjects_ReturnsSuccess" fullname="ArcBT.Tests.RuntimeActionTests.EnvironmentScanAction_ExecuteWithTaggedObjects_ReturnsSuccess" methodname="EnvironmentScanAction_ExecuteWithTaggedObjects_ReturnsSuccess" classname="ArcBT.Tests.RuntimeActionTests" runstate="Runnable" seed="437139591" result="Passed" start-time="2025-07-28 12:09:40Z" end-time="2025-07-28 12:09:40Z" duration="0.000798" asserts="0">
              <properties>
                <property name="Description" value="タグ付きオブジェクトが範囲内に存在する場合にEnvironmentScanActionがSuccessを返すことを確認" />
                <property name="retryIteration" value="0" />
                <property name="repeatIteration" value="0" />
              </properties>
              <output><![CDATA[[INF][SYS]: 環境スキャン: Object.Item を発見 - TestItem (距離: 5.0)
[INF][SYS]: 環境スキャン完了: 1個のオブジェクトを発見
]]></output>
            </test-case>
            <test-case id="1218" name="EnvironmentScanAction_SetProperty_SetsCorrectRange" fullname="ArcBT.Tests.RuntimeActionTests.EnvironmentScanAction_SetProperty_SetsCorrectRange" methodname="EnvironmentScanAction_SetProperty_SetsCorrectRange" classname="ArcBT.Tests.RuntimeActionTests" runstate="Runnable" seed="1441630303" result="Passed" start-time="2025-07-28 12:09:40Z" end-time="2025-07-28 12:09:40Z" duration="0.000398" asserts="0">
              <properties>
                <property name="Description" value="EnvironmentScanActionのscan_rangeパラメータ設定機能の動作検証" />
                <property name="retryIteration" value="0" />
                <property name="repeatIteration" value="0" />
              </properties>
              <output><![CDATA[[INF][SYS]: 環境スキャン: 範囲内にオブジェクトが見つかりませんでした
]]></output>
            </test-case>
            <test-case id="1219" name="EnvironmentScanAction_SetProperty_SetsCorrectTags" fullname="ArcBT.Tests.RuntimeActionTests.EnvironmentScanAction_SetProperty_SetsCorrectTags" methodname="EnvironmentScanAction_SetProperty_SetsCorrectTags" classname="ArcBT.Tests.RuntimeActionTests" runstate="Runnable" seed="834238714" result="Passed" start-time="2025-07-28 12:09:40Z" end-time="2025-07-28 12:09:40Z" duration="0.000387" asserts="0">
              <properties>
                <property name="Description" value="EnvironmentScanActionのscan_tagsパラメータで複数タグ指定機能の検証" />
                <property name="retryIteration" value="0" />
                <property name="repeatIteration" value="0" />
              </properties>
              <output><![CDATA[[INF][SYS]: 環境スキャン: 範囲内にオブジェクトが見つかりませんでした
]]></output>
            </test-case>
            <test-case id="1230" name="InteractAction_ExecuteWithInteractableInRange_PerformsInteraction" fullname="ArcBT.Tests.RuntimeActionTests.InteractAction_ExecuteWithInteractableInRange_PerformsInteraction" methodname="InteractAction_ExecuteWithInteractableInRange_PerformsInteraction" classname="ArcBT.Tests.RuntimeActionTests" runstate="Runnable" seed="1469721730" result="Passed" start-time="2025-07-28 12:09:40Z" end-time="2025-07-28 12:09:40Z" duration="0.001482" asserts="0">
              <properties>
                <property name="Description" value="範囲内にインタラクト可能オブジェクトがある場合にInteractActionがインタラクションを実行することを確認" />
                <property name="retryIteration" value="0" />
                <property name="repeatIteration" value="0" />
              </properties>
              <output><![CDATA[[INF][MOV]: オブジェクト TestSwitch と相互作用
]]></output>
            </test-case>
            <test-case id="1229" name="InteractAction_ExecuteWithNoInteractables_ReturnsFailure" fullname="ArcBT.Tests.RuntimeActionTests.InteractAction_ExecuteWithNoInteractables_ReturnsFailure" methodname="InteractAction_ExecuteWithNoInteractables_ReturnsFailure" classname="ArcBT.Tests.RuntimeActionTests" runstate="Runnable" seed="585097813" result="Passed" start-time="2025-07-28 12:09:40Z" end-time="2025-07-28 12:09:40Z" duration="0.000425" asserts="0">
              <properties>
                <property name="Description" value="InteractAction実行時にIInteractableを実装したオブジェクトが範囲内にない場合の動作" />
                <property name="retryIteration" value="0" />
                <property name="repeatIteration" value="0" />
              </properties>
              <output><![CDATA[[INF][MOV]: 相互作用可能なオブジェクトが範囲内にありません (範囲: 2)
]]></output>
            </test-case>
            <test-case id="1228" name="InteractAction_SetProperty_SetsCorrectRange" fullname="ArcBT.Tests.RuntimeActionTests.InteractAction_SetProperty_SetsCorrectRange" methodname="InteractAction_SetProperty_SetsCorrectRange" classname="ArcBT.Tests.RuntimeActionTests" runstate="Runnable" seed="426091752" result="Passed" start-time="2025-07-28 12:09:40Z" end-time="2025-07-28 12:09:40Z" duration="0.000391" asserts="0">
              <properties>
                <property name="Description" value="InteractActionのinteraction_rangeパラメータで接触可能距離設定機能の検証" />
                <property name="retryIteration" value="0" />
                <property name="repeatIteration" value="0" />
              </properties>
              <output><![CDATA[[INF][MOV]: 相互作用可能なオブジェクトが範囲内にありません (範囲: 3.5)
]]></output>
            </test-case>
            <test-case id="1227" name="InteractAction_SetProperty_SetsCorrectTargetTag" fullname="ArcBT.Tests.RuntimeActionTests.InteractAction_SetProperty_SetsCorrectTargetTag" methodname="InteractAction_SetProperty_SetsCorrectTargetTag" classname="ArcBT.Tests.RuntimeActionTests" runstate="Runnable" seed="716997627" result="Passed" start-time="2025-07-28 12:09:40Z" end-time="2025-07-28 12:09:40Z" duration="0.000372" asserts="0">
              <properties>
                <property name="Description" value="InteractActionのtarget_tagパラメータでスイッチ等の特定タグ指定機能の検証" />
                <property name="retryIteration" value="0" />
                <property name="repeatIteration" value="0" />
              </properties>
              <output><![CDATA[[INF][MOV]: 相互作用可能なオブジェクトが範囲内にありません (範囲: 2)
]]></output>
            </test-case>
            <test-case id="1233" name="LogAction_ExecuteWithBlackBoardInfo_IncludesBlackBoardData" fullname="ArcBT.Tests.RuntimeActionTests.LogAction_ExecuteWithBlackBoardInfo_IncludesBlackBoardData" methodname="LogAction_ExecuteWithBlackBoardInfo_IncludesBlackBoardData" classname="ArcBT.Tests.RuntimeActionTests" runstate="Runnable" seed="1742207132" result="Passed" start-time="2025-07-28 12:09:40Z" end-time="2025-07-28 12:09:40Z" duration="0.000387" asserts="0">
              <properties>
                <property name="Description" value="LogActionでBlackBoard情報を含むログ出力が正しく動作することを確認" />
                <property name="retryIteration" value="0" />
                <property name="repeatIteration" value="0" />
              </properties>
              <output><![CDATA[[INF][SYS]: BlackBoard情報 [BlackBoard Keys: 1]
]]></output>
            </test-case>
            <test-case id="1234" name="LogAction_ExecuteWithSpecificBlackBoardKey_LogsKeyValue" fullname="ArcBT.Tests.RuntimeActionTests.LogAction_ExecuteWithSpecificBlackBoardKey_LogsKeyValue" methodname="LogAction_ExecuteWithSpecificBlackBoardKey_LogsKeyValue" classname="ArcBT.Tests.RuntimeActionTests" runstate="Runnable" seed="1691284064" result="Passed" start-time="2025-07-28 12:09:40Z" end-time="2025-07-28 12:09:40Z" duration="0.000385" asserts="0">
              <properties>
                <property name="Description" value="LogActionで特定のBlackBoardキーの値をログ出力することを確認" />
                <property name="retryIteration" value="0" />
                <property name="repeatIteration" value="0" />
              </properties>
              <output><![CDATA[[INF][SYS]: 特定キー情報
]]></output>
            </test-case>
            <test-case id="1232" name="LogAction_SetProperty_SetsCorrectLogLevel" fullname="ArcBT.Tests.RuntimeActionTests.LogAction_SetProperty_SetsCorrectLogLevel" methodname="LogAction_SetProperty_SetsCorrectLogLevel" classname="ArcBT.Tests.RuntimeActionTests" runstate="Runnable" seed="476234084" result="Passed" start-time="2025-07-28 12:09:40Z" end-time="2025-07-28 12:09:40Z" duration="0.000821" asserts="0">
              <properties>
                <property name="Description" value="LogActionのlevelパラメータでWarningレベル等のログ出力機能の検証" />
                <property name="retryIteration" value="0" />
                <property name="repeatIteration" value="0" />
              </properties>
              <output><![CDATA[[WRN][SYS]: 警告メッセージ
]]></output>
            </test-case>
            <test-case id="1231" name="LogAction_SetProperty_SetsCorrectMessage" fullname="ArcBT.Tests.RuntimeActionTests.LogAction_SetProperty_SetsCorrectMessage" methodname="LogAction_SetProperty_SetsCorrectMessage" classname="ArcBT.Tests.RuntimeActionTests" runstate="Runnable" seed="1641816506" result="Passed" start-time="2025-07-28 12:09:40Z" end-time="2025-07-28 12:09:40Z" duration="0.000391" asserts="0">
              <properties>
                <property name="Description" value="LogActionのmessageパラメータで日本語メッセージ出力機能の検証" />
                <property name="retryIteration" value="0" />
                <property name="repeatIteration" value="0" />
              </properties>
              <output><![CDATA[[INF][SYS]: テストメッセージ
]]></output>
            </test-case>
            <test-case id="1225" name="SearchForEnemyAction_ExecuteWithEnemyInRange_ReturnsSuccess" fullname="ArcBT.Tests.RuntimeActionTests.SearchForEnemyAction_ExecuteWithEnemyInRange_ReturnsSuccess" methodname="SearchForEnemyAction_ExecuteWithEnemyInRange_ReturnsSuccess" classname="ArcBT.Tests.RuntimeActionTests" runstate="Runnable" seed="1678856110" result="Passed" start-time="2025-07-28 12:09:40Z" end-time="2025-07-28 12:09:40Z" duration="0.001093" asserts="0">
              <properties>
                <property name="Description" value="範囲内に敵がいる場合にSearchForEnemyActionがSuccessを返しBlackBoardに敵情報を記録することを確認" />
                <property name="retryIteration" value="0" />
                <property name="repeatIteration" value="0" />
              </properties>
              <output><![CDATA[[INF][BBD]: 🗂️ BlackBoard[新規]: target_enemy = TestEnemy (UnityEngine.GameObject)
[INF][BBD]: 🗂️ BlackBoard[新規]: enemy_distance = 8
[INF][ATK]: 敵を発見: TestEnemy (距離: 8.0)
]]></output>
            </test-case>
            <test-case id="1226" name="SearchForEnemyAction_ExecuteWithMultipleEnemies_ReturnsNearest" fullname="ArcBT.Tests.RuntimeActionTests.SearchForEnemyAction_ExecuteWithMultipleEnemies_ReturnsNearest" methodname="SearchForEnemyAction_ExecuteWithMultipleEnemies_ReturnsNearest" classname="ArcBT.Tests.RuntimeActionTests" runstate="Runnable" seed="467517013" result="Passed" start-time="2025-07-28 12:09:40Z" end-time="2025-07-28 12:09:40Z" duration="0.000807" asserts="0">
              <properties>
                <property name="Description" value="複数の敵がいる場合にSearchForEnemyActionが最も近い敵を選択することを確認" />
                <property name="retryIteration" value="0" />
                <property name="repeatIteration" value="0" />
              </properties>
              <output><![CDATA[[INF][BBD]: 🗂️ BlackBoard[新規]: target_enemy = NearEnemy (UnityEngine.GameObject)
[INF][BBD]: 🗂️ BlackBoard[新規]: enemy_distance = 5
[INF][ATK]: 敵を発見: NearEnemy (距離: 5.0)
]]></output>
            </test-case>
            <test-case id="1224" name="SearchForEnemyAction_ExecuteWithNoEnemies_ReturnsFailure" fullname="ArcBT.Tests.RuntimeActionTests.SearchForEnemyAction_ExecuteWithNoEnemies_ReturnsFailure" methodname="SearchForEnemyAction_ExecuteWithNoEnemies_ReturnsFailure" classname="ArcBT.Tests.RuntimeActionTests" runstate="Runnable" seed="1145026482" result="Passed" start-time="2025-07-28 12:09:40Z" end-time="2025-07-28 12:09:40Z" duration="0.000437" asserts="0">
              <properties>
                <property name="Description" value="SearchForEnemyAction実行時に検索範囲内に敵オブジェクトがいない場合の動作" />
                <property name="retryIteration" value="0" />
                <property name="repeatIteration" value="0" />
              </properties>
              <output><![CDATA[[INF][ATK]: 敵が見つかりません (検索範囲: 10)
]]></output>
            </test-case>
            <test-case id="1223" name="SearchForEnemyAction_SetProperty_SetsCorrectEnemyTag" fullname="ArcBT.Tests.RuntimeActionTests.SearchForEnemyAction_SetProperty_SetsCorrectEnemyTag" methodname="SearchForEnemyAction_SetProperty_SetsCorrectEnemyTag" classname="ArcBT.Tests.RuntimeActionTests" runstate="Runnable" seed="681919787" result="Passed" start-time="2025-07-28 12:09:40Z" end-time="2025-07-28 12:09:40Z" duration="0.000414" asserts="0">
              <properties>
                <property name="Description" value="SearchForEnemyActionのenemy_tagパラメータでカスタムタグ指定機能の検証" />
                <property name="retryIteration" value="0" />
                <property name="repeatIteration" value="0" />
              </properties>
              <output><![CDATA[[INF][ATK]: 敵が見つかりません (検索範囲: 10)
]]></output>
            </test-case>
            <test-case id="1222" name="SearchForEnemyAction_SetProperty_SetsCorrectRange" fullname="ArcBT.Tests.RuntimeActionTests.SearchForEnemyAction_SetProperty_SetsCorrectRange" methodname="SearchForEnemyAction_SetProperty_SetsCorrectRange" classname="ArcBT.Tests.RuntimeActionTests" runstate="Runnable" seed="41449800" result="Passed" start-time="2025-07-28 12:09:40Z" end-time="2025-07-28 12:09:40Z" duration="0.000427" asserts="0">
              <properties>
                <property name="Description" value="SearchForEnemyActionのsearch_rangeパラメータ設定機能の検証" />
                <property name="retryIteration" value="0" />
                <property name="repeatIteration" value="0" />
              </properties>
              <output><![CDATA[[INF][ATK]: 敵が見つかりません (検索範囲: 12)
]]></output>
            </test-case>
            <test-case id="1242" name="SetBlackBoardAction_ExecuteWithNoAssignments_ReturnsFailure" fullname="ArcBT.Tests.RuntimeActionTests.SetBlackBoardAction_ExecuteWithNoAssignments_ReturnsFailure" methodname="SetBlackBoardAction_ExecuteWithNoAssignments_ReturnsFailure" classname="ArcBT.Tests.RuntimeActionTests" runstate="Runnable" seed="191729859" result="Passed" start-time="2025-07-28 12:09:40Z" end-time="2025-07-28 12:09:40Z" duration="0.000974" asserts="0">
              <properties>
                <property name="Description" value="SetBlackBoardActionで割り当てが指定されていない場合にFailureを返しエラーログを出力することを確認" />
                <property name="retryIteration" value="0" />
                <property name="repeatIteration" value="0" />
              </properties>
              <output><![CDATA[[ERR][BBD]: SetBlackBoard: No assignments specified
]]></output>
            </test-case>
            <test-case id="1241" name="SetBlackBoardAction_ExecuteWithNullBlackBoard_ReturnsFailure" fullname="ArcBT.Tests.RuntimeActionTests.SetBlackBoardAction_ExecuteWithNullBlackBoard_ReturnsFailure" methodname="SetBlackBoardAction_ExecuteWithNullBlackBoard_ReturnsFailure" classname="ArcBT.Tests.RuntimeActionTests" runstate="Runnable" seed="594307478" result="Passed" start-time="2025-07-28 12:09:40Z" end-time="2025-07-28 12:09:40Z" duration="0.000973" asserts="0">
              <properties>
                <property name="Description" value="SetBlackBoardActionでBlackBoardがnullの場合にFailureを返しエラーログを出力することを確認" />
                <property name="retryIteration" value="0" />
                <property name="repeatIteration" value="0" />
              </properties>
              <output><![CDATA[[ERR][BBD]: SetBlackBoard: BlackBoard is null
]]></output>
            </test-case>
            <test-case id="1240" name="SetBlackBoardAction_SetMultipleProperties_SetsAllValues" fullname="ArcBT.Tests.RuntimeActionTests.SetBlackBoardAction_SetMultipleProperties_SetsAllValues" methodname="SetBlackBoardAction_SetMultipleProperties_SetsAllValues" classname="ArcBT.Tests.RuntimeActionTests" runstate="Runnable" seed="1232949375" result="Passed" start-time="2025-07-28 12:09:40Z" end-time="2025-07-28 12:09:40Z" duration="0.000797" asserts="0">
              <properties>
                <property name="Description" value="SetBlackBoardActionで複数の異なる型の値を同時にBlackBoardに設定" />
                <property name="retryIteration" value="0" />
                <property name="repeatIteration" value="0" />
              </properties>
              <output><![CDATA[[INF][BBD]: 🗂️ BlackBoard[新規]: health = 80
[DBG][BBD]: Set health = 80 (auto-detected: int)
[DBG][BBD]: Set mana = 50.5 (auto-detected: float)
[DBG][BBD]: Set ready = False (auto-detected: bool)
]]></output>
            </test-case>
            <test-case id="1237" name="SetBlackBoardAction_SetProperty_SetsBoolValue" fullname="ArcBT.Tests.RuntimeActionTests.SetBlackBoardAction_SetProperty_SetsBoolValue" methodname="SetBlackBoardAction_SetProperty_SetsBoolValue" classname="ArcBT.Tests.RuntimeActionTests" runstate="Runnable" seed="1109705442" result="Passed" start-time="2025-07-28 12:09:40Z" end-time="2025-07-28 12:09:40Z" duration="0.000450" asserts="0">
              <properties>
                <property name="Description" value="SetBlackBoardActionでbool型の値（is_active=true）をBlackBoardに設定" />
                <property name="retryIteration" value="0" />
                <property name="repeatIteration" value="0" />
              </properties>
              <output><![CDATA[[DBG][BBD]: Set is_active = True (auto-detected: bool)
]]></output>
            </test-case>
            <test-case id="1236" name="SetBlackBoardAction_SetProperty_SetsFloatValue" fullname="ArcBT.Tests.RuntimeActionTests.SetBlackBoardAction_SetProperty_SetsFloatValue" methodname="SetBlackBoardAction_SetProperty_SetsFloatValue" classname="ArcBT.Tests.RuntimeActionTests" runstate="Runnable" seed="931945490" result="Passed" start-time="2025-07-28 12:09:40Z" end-time="2025-07-28 12:09:40Z" duration="0.000434" asserts="0">
              <properties>
                <property name="Description" value="SetBlackBoardActionでfloat型の値（speed=10.5）をBlackBoardに設定" />
                <property name="retryIteration" value="0" />
                <property name="repeatIteration" value="0" />
              </properties>
              <output><![CDATA[[DBG][BBD]: Set speed = 10.5 (auto-detected: float)
]]></output>
            </test-case>
            <test-case id="1235" name="SetBlackBoardAction_SetProperty_SetsIntValue" fullname="ArcBT.Tests.RuntimeActionTests.SetBlackBoardAction_SetProperty_SetsIntValue" methodname="SetBlackBoardAction_SetProperty_SetsIntValue" classname="ArcBT.Tests.RuntimeActionTests" runstate="Runnable" seed="1403821016" result="Passed" start-time="2025-07-28 12:09:40Z" end-time="2025-07-28 12:09:40Z" duration="0.000461" asserts="0">
              <properties>
                <property name="Description" value="SetBlackBoardActionでint型の値（health=100）をBlackBoardに設定" />
                <property name="retryIteration" value="0" />
                <property name="repeatIteration" value="0" />
              </properties>
              <output><![CDATA[[INF][BBD]: 🗂️ BlackBoard[新規]: health = 100
[DBG][BBD]: Set health = 100 (auto-detected: int)
]]></output>
            </test-case>
            <test-case id="1239" name="SetBlackBoardAction_SetProperty_SetsStringValue" fullname="ArcBT.Tests.RuntimeActionTests.SetBlackBoardAction_SetProperty_SetsStringValue" methodname="SetBlackBoardAction_SetProperty_SetsStringValue" classname="ArcBT.Tests.RuntimeActionTests" runstate="Runnable" seed="1590265987" result="Passed" start-time="2025-07-28 12:09:40Z" end-time="2025-07-28 12:09:40Z" duration="0.000465" asserts="0">
              <properties>
                <property name="Description" value="SetBlackBoardActionでstring型の値（player_name=Hero）をBlackBoardに設定" />
                <property name="retryIteration" value="0" />
                <property name="repeatIteration" value="0" />
              </properties>
              <output><![CDATA[[DBG][BBD]: Set player_name = 'Hero' (auto-detected: string)
]]></output>
            </test-case>
            <test-case id="1238" name="SetBlackBoardAction_SetProperty_SetsVector3Value" fullname="ArcBT.Tests.RuntimeActionTests.SetBlackBoardAction_SetProperty_SetsVector3Value" methodname="SetBlackBoardAction_SetProperty_SetsVector3Value" classname="ArcBT.Tests.RuntimeActionTests" runstate="Runnable" seed="529802387" result="Passed" start-time="2025-07-28 12:09:40Z" end-time="2025-07-28 12:09:40Z" duration="0.000636" asserts="0">
              <properties>
                <property name="Description" value="SetBlackBoardActionでVector3型の値（position=(1,2,3)）をBlackBoardに設定" />
                <property name="retryIteration" value="0" />
                <property name="repeatIteration" value="0" />
              </properties>
              <output><![CDATA[[INF][BBD]: 🗂️ BlackBoard[新規]: position = (1.00, 2.00, 3.00)
[DBG][BBD]: Set position = (1.00, 2.00, 3.00) (auto-detected: Vector3)
]]></output>
            </test-case>
          </test-suite>
          <test-suite type="TestFixture" id="1243" name="RuntimeConditionTests" fullname="ArcBT.Tests.RuntimeConditionTests" classname="ArcBT.Tests.RuntimeConditionTests" runstate="Runnable" testcasecount="25" result="Passed" start-time="2025-07-28 12:09:40Z" end-time="2025-07-28 12:09:40Z" duration="0.042324" total="25" passed="25" failed="0" inconclusive="0" skipped="0" asserts="0">
            <properties />
            <test-case id="1264" name="CompareBlackBoardCondition_ExecuteWithFloatComparison_ReturnsCorrectResult" fullname="ArcBT.Tests.RuntimeConditionTests.CompareBlackBoardCondition_ExecuteWithFloatComparison_ReturnsCorrectResult" methodname="CompareBlackBoardCondition_ExecuteWithFloatComparison_ReturnsCorrectResult" classname="ArcBT.Tests.RuntimeConditionTests" runstate="Runnable" seed="1837072938" result="Passed" start-time="2025-07-28 12:09:40Z" end-time="2025-07-28 12:09:40Z" duration="0.001230" asserts="0">
              <properties>
                <property name="Description" value="CompareBlackBoardConditionで浮動小数点値の比較が正しく動作することを確認" />
                <property name="retryIteration" value="0" />
                <property name="repeatIteration" value="0" />
              </properties>
              <output><![CDATA[[DBG][CHK]: CompareBlackBoard '': Parsed 'speed > 10.0' → key1='speed', op='Greater', value='10.0'
[DBG][CHK]: CompareBlackBoard: speed(15.5) Greater value(10.0) = True
]]></output>
            </test-case>
            <test-case id="1263" name="CompareBlackBoardCondition_ExecuteWithIntComparison_ReturnsCorrectResult" fullname="ArcBT.Tests.RuntimeConditionTests.CompareBlackBoardCondition_ExecuteWithIntComparison_ReturnsCorrectResult" methodname="CompareBlackBoardCondition_ExecuteWithIntComparison_ReturnsCorrectResult" classname="ArcBT.Tests.RuntimeConditionTests" runstate="Runnable" seed="89356903" result="Passed" start-time="2025-07-28 12:09:40Z" end-time="2025-07-28 12:09:40Z" duration="0.000373" asserts="0">
              <properties>
                <property name="Description" value="CompareBlackBoardConditionで整数値の比較が正しく動作することを確認" />
                <property name="retryIteration" value="0" />
                <property name="repeatIteration" value="0" />
              </properties>
              <output><![CDATA[[DBG][CHK]: CompareBlackBoard '': Parsed 'score == 100' → key1='score', op='Equal', value='100'
[DBG][CHK]: CompareBlackBoard: score(100) Equal value(100) = True
]]></output>
            </test-case>
            <test-case id="1268" name="CompareBlackBoardCondition_ExecuteWithInvalidExpression_ReturnsFailure" fullname="ArcBT.Tests.RuntimeConditionTests.CompareBlackBoardCondition_ExecuteWithInvalidExpression_ReturnsFailure" methodname="CompareBlackBoardCondition_ExecuteWithInvalidExpression_ReturnsFailure" classname="ArcBT.Tests.RuntimeConditionTests" runstate="Runnable" seed="876982341" result="Passed" start-time="2025-07-28 12:09:40Z" end-time="2025-07-28 12:09:40Z" duration="0.001128" asserts="0">
              <properties>
                <property name="Description" value="CompareBlackBoardConditionで無効な式を指定した場合にFailureを返しエラーログを出力することを確認" />
                <property name="retryIteration" value="0" />
                <property name="repeatIteration" value="0" />
              </properties>
              <output><![CDATA[[ERR][CHK]: CompareBlackBoard '': No valid operator found in expression 'invalid expression without operator'
[ERR][BBD]: CompareBlackBoard: key1 is empty
]]></output>
            </test-case>
            <test-case id="1266" name="CompareBlackBoardCondition_ExecuteWithKeyToKeyComparison_ReturnsCorrectResult" fullname="ArcBT.Tests.RuntimeConditionTests.CompareBlackBoardCondition_ExecuteWithKeyToKeyComparison_ReturnsCorrectResult" methodname="CompareBlackBoardCondition_ExecuteWithKeyToKeyComparison_ReturnsCorrectResult" classname="ArcBT.Tests.RuntimeConditionTests" runstate="Runnable" seed="2055796556" result="Passed" start-time="2025-07-28 12:09:40Z" end-time="2025-07-28 12:09:40Z" duration="0.000383" asserts="0">
              <properties>
                <property name="Description" value="CompareBlackBoardConditionでBlackBoardキー同士の比較が正しく動作することを確認" />
                <property name="retryIteration" value="0" />
                <property name="repeatIteration" value="0" />
              </properties>
              <output><![CDATA[[DBG][CHK]: CompareBlackBoard '': Parsed 'current_level >= required_level' → key1='current_level', op='GreaterEqual', key2='required_level'
[DBG][CHK]: CompareBlackBoard: current_level(5) GreaterEqual required_level(3) = True
]]></output>
            </test-case>
            <test-case id="1267" name="CompareBlackBoardCondition_ExecuteWithMissingKey_ReturnsFailure" fullname="ArcBT.Tests.RuntimeConditionTests.CompareBlackBoardCondition_ExecuteWithMissingKey_ReturnsFailure" methodname="CompareBlackBoardCondition_ExecuteWithMissingKey_ReturnsFailure" classname="ArcBT.Tests.RuntimeConditionTests" runstate="Runnable" seed="213422839" result="Passed" start-time="2025-07-28 12:09:40Z" end-time="2025-07-28 12:09:40Z" duration="0.000328" asserts="0">
              <properties>
                <property name="Description" value="CompareBlackBoardCondition実行時に比較式で未定義キーを参照した場合のエラーハンドリング" />
                <property name="retryIteration" value="0" />
                <property name="repeatIteration" value="0" />
              </properties>
              <output><![CDATA[[DBG][CHK]: CompareBlackBoard '': Parsed 'missing_key > 0' → key1='missing_key', op='Greater', value='0'
[DBG][CHK]: CompareBlackBoard: key1 'missing_key' not found in BlackBoard
]]></output>
            </test-case>
            <test-case id="1265" name="CompareBlackBoardCondition_ExecuteWithStringComparison_ReturnsCorrectResult" fullname="ArcBT.Tests.RuntimeConditionTests.CompareBlackBoardCondition_ExecuteWithStringComparison_ReturnsCorrectResult" methodname="CompareBlackBoardCondition_ExecuteWithStringComparison_ReturnsCorrectResult" classname="ArcBT.Tests.RuntimeConditionTests" runstate="Runnable" seed="1164862889" result="Passed" start-time="2025-07-28 12:09:40Z" end-time="2025-07-28 12:09:40Z" duration="0.000355" asserts="0">
              <properties>
                <property name="Description" value="CompareBlackBoardConditionで文字列の比較が正しく動作することを確認" />
                <property name="retryIteration" value="0" />
                <property name="repeatIteration" value="0" />
              </properties>
              <output><![CDATA[[DBG][CHK]: CompareBlackBoard '': Parsed 'player_name == "Hero"' → key1='player_name', op='Equal', value='Hero'
[DBG][CHK]: CompareBlackBoard: player_name(Hero) Equal value(Hero) = True
]]></output>
            </test-case>
            <test-case id="1262" name="CompareBlackBoardCondition_SetProperty_ParsesSimpleExpression" fullname="ArcBT.Tests.RuntimeConditionTests.CompareBlackBoardCondition_SetProperty_ParsesSimpleExpression" methodname="CompareBlackBoardCondition_SetProperty_ParsesSimpleExpression" classname="ArcBT.Tests.RuntimeConditionTests" runstate="Runnable" seed="498161094" result="Passed" start-time="2025-07-28 12:09:40Z" end-time="2025-07-28 12:09:40Z" duration="0.000405" asserts="0">
              <properties>
                <property name="Description" value="CompareBlackBoardConditionのプロパティ設定でシンプルな比較式が正しくパースされることを確認" />
                <property name="retryIteration" value="0" />
                <property name="repeatIteration" value="0" />
              </properties>
              <output><![CDATA[[INF][BBD]: 🗂️ BlackBoard[新規]: health = 80
[DBG][CHK]: CompareBlackBoard '': Parsed 'health >= 50' → key1='health', op='GreaterEqual', value='50'
[DBG][CHK]: CompareBlackBoard: health(80) GreaterEqual value(50) = True
]]></output>
            </test-case>
            <test-case id="1260" name="Distance2DCheckCondition_ExecuteWith2DDistance_IgnoresYAxis" fullname="ArcBT.Tests.RuntimeConditionTests.Distance2DCheckCondition_ExecuteWith2DDistance_IgnoresYAxis" methodname="Distance2DCheckCondition_ExecuteWith2DDistance_IgnoresYAxis" classname="ArcBT.Tests.RuntimeConditionTests" runstate="Runnable" seed="1310397193" result="Passed" start-time="2025-07-28 12:09:40Z" end-time="2025-07-28 12:09:40Z" duration="0.002309" asserts="0">
              <properties>
                <property name="Description" value="Distance2DCheckConditionで2D距離で判定しY軸を無視して適切に動作することを確認" />
                <property name="retryIteration" value="0" />
                <property name="repeatIteration" value="0" />
              </properties>
              <output><![CDATA[[DBG][CHK]: Distance2DCheck '': Parsed expression '<= 5.0' → less_equal 5
[DBG][CHK]: Distance2DCheck '': Parsed expression '<= 5.0' → less_equal 5
[ERR][CHK]: Distance2DCheck '': No target found (name='HighTarget', tag='')
[DBG][CHK]: Distance2DCheck '': Found target by name 'HighTarget'
[INF][BBD]: 🗂️ BlackBoard[新規]: _target_position = (3.00, 100.00, 0.00)
[DBG][CHK]: Distance2DCheck '': Ground Distance=3.00, Target=5.00, Comparison=less_equal, Result=True
]]></output>
            </test-case>
            <test-case id="1261" name="Distance2DCheckCondition_ExecuteWithFar2DDistance_ReturnsFailure" fullname="ArcBT.Tests.RuntimeConditionTests.Distance2DCheckCondition_ExecuteWithFar2DDistance_ReturnsFailure" methodname="Distance2DCheckCondition_ExecuteWithFar2DDistance_ReturnsFailure" classname="ArcBT.Tests.RuntimeConditionTests" runstate="Runnable" seed="2114082163" result="Passed" start-time="2025-07-28 12:09:40Z" end-time="2025-07-28 12:09:40Z" duration="0.001016" asserts="0">
              <properties>
                <property name="Description" value="Distance2DCheckCondition実行時に2D平面上の距離が闾値を超える場合の動作" />
                <property name="retryIteration" value="0" />
                <property name="repeatIteration" value="0" />
              </properties>
              <output><![CDATA[[DBG][CHK]: Distance2DCheck '': Parsed expression '<= 2.0' → less_equal 2
[DBG][CHK]: Distance2DCheck '': Parsed expression '<= 2.0' → less_equal 2
[ERR][CHK]: Distance2DCheck '': No target found (name='FarTarget', tag='')
[DBG][CHK]: Distance2DCheck '': Found target by name 'FarTarget'
[INF][BBD]: 🗂️ BlackBoard[新規]: _target_position = (5.00, 0.00, 5.00)
[DBG][CHK]: Distance2DCheck '': Ground Distance=7.07, Target=2.00, Comparison=less_equal, Result=False
]]></output>
            </test-case>
            <test-case id="1259" name="Distance2DCheckCondition_SetProperty_SetsCorrectTargetTag" fullname="ArcBT.Tests.RuntimeConditionTests.Distance2DCheckCondition_SetProperty_SetsCorrectTargetTag" methodname="Distance2DCheckCondition_SetProperty_SetsCorrectTargetTag" classname="ArcBT.Tests.RuntimeConditionTests" runstate="Runnable" seed="671348216" result="Passed" start-time="2025-07-28 12:09:40Z" end-time="2025-07-28 12:09:40Z" duration="0.001297" asserts="0">
              <properties>
                <property name="Description" value="Distance2DCheckConditionのtarget_tagパラメータでウェイポイント等のタグ指定機能の検証" />
                <property name="retryIteration" value="0" />
                <property name="repeatIteration" value="0" />
              </properties>
              <output><![CDATA[[DBG][CHK]: Distance2DCheck '': Parsed expression '<= 5.0' → less_equal 5
[ERR][CHK]: Distance2DCheck '': No target found (name='', tag='Waypoint')
[ERR][CHK]: Distance2DCheck '': No target found (name='', tag='Waypoint')
]]></output>
            </test-case>
            <test-case id="1258" name="DistanceCheckCondition_ExecuteWithBlackBoardTarget_ReturnsSuccess" fullname="ArcBT.Tests.RuntimeConditionTests.DistanceCheckCondition_ExecuteWithBlackBoardTarget_ReturnsSuccess" methodname="DistanceCheckCondition_ExecuteWithBlackBoardTarget_ReturnsSuccess" classname="ArcBT.Tests.RuntimeConditionTests" runstate="Runnable" seed="1539511014" result="Passed" start-time="2025-07-28 12:09:40Z" end-time="2025-07-28 12:09:40Z" duration="0.002107" asserts="0">
              <properties>
                <property name="Description" value="DistanceCheckConditionでBlackBoardのターゲット位置を使用した距離チェックが正しく動作することを確認" />
                <property name="retryIteration" value="0" />
                <property name="repeatIteration" value="0" />
              </properties>
              <output><![CDATA[[DBG][CHK]: DistanceCheck '': Parsed expression '<= 8.0' → less_equal 8
[DBG][CHK]: DistanceCheck '': Parsed expression '<= 8.0' → less_equal 8
[ERR][CHK]: DistanceCheck '': No target found (name='', tag='')
[INF][BBD]: 🗂️ BlackBoard[新規]: target_pos = (0.00, 0.00, 6.00)
[INF][BBD]: 🗂️ BlackBoard[新規]: _target_position = (0.00, 0.00, 6.00)
[DBG][CHK]: DistanceCheck '': Distance=6.00, Target=8.00, Comparison=less_equal, Result=True
]]></output>
            </test-case>
            <test-case id="1256" name="DistanceCheckCondition_ExecuteWithTargetInRange_ReturnsSuccess" fullname="ArcBT.Tests.RuntimeConditionTests.DistanceCheckCondition_ExecuteWithTargetInRange_ReturnsSuccess" methodname="DistanceCheckCondition_ExecuteWithTargetInRange_ReturnsSuccess" classname="ArcBT.Tests.RuntimeConditionTests" runstate="Runnable" seed="1137539717" result="Passed" start-time="2025-07-28 12:09:40Z" end-time="2025-07-28 12:09:40Z" duration="0.001089" asserts="0">
              <properties>
                <property name="Description" value="範囲内にターゲットがある場合にDistanceCheckConditionがSuccessを返しBlackBoardに距離情報を記録することを確認" />
                <property name="retryIteration" value="0" />
                <property name="repeatIteration" value="0" />
              </properties>
              <output><![CDATA[[DBG][CHK]: DistanceCheck '': Parsed expression '<= 10.0' → less_equal 10
[DBG][CHK]: DistanceCheck '': Parsed expression '<= 10.0' → less_equal 10
[ERR][CHK]: DistanceCheck '': No target found (name='TestTarget', tag='')
[DBG][CHK]: DistanceCheck '': Found target by name 'TestTarget'
[INF][BBD]: 🗂️ BlackBoard[新規]: _target_position = (0.00, 0.00, 5.00)
[DBG][CHK]: DistanceCheck '': Distance=5.00, Target=10.00, Comparison=less_equal, Result=True
]]></output>
            </test-case>
            <test-case id="1257" name="DistanceCheckCondition_ExecuteWithTargetOutOfRange_ReturnsFailure" fullname="ArcBT.Tests.RuntimeConditionTests.DistanceCheckCondition_ExecuteWithTargetOutOfRange_ReturnsFailure" methodname="DistanceCheckCondition_ExecuteWithTargetOutOfRange_ReturnsFailure" classname="ArcBT.Tests.RuntimeConditionTests" runstate="Runnable" seed="597781108" result="Passed" start-time="2025-07-28 12:09:40Z" end-time="2025-07-28 12:09:40Z" duration="0.001080" asserts="0">
              <properties>
                <property name="Description" value="DistanceCheckCondition実行時にターゲットが指定距離より遠い位置にある場合の動作" />
                <property name="retryIteration" value="0" />
                <property name="repeatIteration" value="0" />
              </properties>
              <output><![CDATA[[DBG][CHK]: DistanceCheck '': Parsed expression '<= 3.0' → less_equal 3
[DBG][CHK]: DistanceCheck '': Parsed expression '<= 3.0' → less_equal 3
[ERR][CHK]: DistanceCheck '': No target found (name='TestTarget', tag='')
[DBG][CHK]: DistanceCheck '': Found target by name 'TestTarget'
[INF][BBD]: 🗂️ BlackBoard[新規]: _target_position = (0.00, 0.00, 10.00)
[DBG][CHK]: DistanceCheck '': Distance=10.00, Target=3.00, Comparison=less_equal, Result=False
]]></output>
            </test-case>
            <test-case id="1255" name="DistanceCheckCondition_SetProperty_SetsCorrectDistance" fullname="ArcBT.Tests.RuntimeConditionTests.DistanceCheckCondition_SetProperty_SetsCorrectDistance" methodname="DistanceCheckCondition_SetProperty_SetsCorrectDistance" classname="ArcBT.Tests.RuntimeConditionTests" runstate="Runnable" seed="2090268135" result="Passed" start-time="2025-07-28 12:09:40Z" end-time="2025-07-28 12:09:40Z" duration="0.001103" asserts="0">
              <properties>
                <property name="Description" value="DistanceCheckConditionのdistanceパラメータで&quot;&lt;= 8.0&quot;等の比較演算子指定機能の検証" />
                <property name="retryIteration" value="0" />
                <property name="repeatIteration" value="0" />
              </properties>
              <output><![CDATA[[DBG][CHK]: DistanceCheck '': Parsed expression '<= 8.0' → less_equal 8
[DBG][CHK]: DistanceCheck '': Parsed expression '<= 8.0' → less_equal 8
[ERR][CHK]: DistanceCheck '': No target found (name='', tag='')
[ERR][CHK]: DistanceCheck '': No target found (name='', tag='')
]]></output>
            </test-case>
            <test-case id="1254" name="DistanceCheckCondition_SetProperty_SetsCorrectTargetName" fullname="ArcBT.Tests.RuntimeConditionTests.DistanceCheckCondition_SetProperty_SetsCorrectTargetName" methodname="DistanceCheckCondition_SetProperty_SetsCorrectTargetName" classname="ArcBT.Tests.RuntimeConditionTests" runstate="Runnable" seed="1872926972" result="Passed" start-time="2025-07-28 12:09:40Z" end-time="2025-07-28 12:09:40Z" duration="0.001191" asserts="0">
              <properties>
                <property name="Description" value="DistanceCheckConditionのtarget_nameパラメータでGameObject名指定機能の検証" />
                <property name="retryIteration" value="0" />
                <property name="repeatIteration" value="0" />
              </properties>
              <output><![CDATA[[DBG][CHK]: DistanceCheck '': Parsed expression '<= 5.0' → less_equal 5
[ERR][CHK]: DistanceCheck '': No target found (name='TestTarget', tag='')
[ERR][CHK]: DistanceCheck '': No target found (name='TestTarget', tag='')
]]></output>
            </test-case>
            <test-case id="1251" name="HasTargetCondition_ExecuteWithBlackBoardTarget_ReturnsSuccess" fullname="ArcBT.Tests.RuntimeConditionTests.HasTargetCondition_ExecuteWithBlackBoardTarget_ReturnsSuccess" methodname="HasTargetCondition_ExecuteWithBlackBoardTarget_ReturnsSuccess" classname="ArcBT.Tests.RuntimeConditionTests" runstate="Runnable" seed="1905250609" result="Passed" start-time="2025-07-28 12:09:40Z" end-time="2025-07-28 12:09:40Z" duration="0.000591" asserts="0">
              <properties>
                <property name="Description" value="HasTargetConditionでBlackBoardにターゲット情報がある場合にSuccessを返すことを確認" />
                <property name="retryIteration" value="0" />
                <property name="repeatIteration" value="0" />
              </properties>
              <output><![CDATA[[INF][BBD]: 🗂️ BlackBoard[新規]: target_enemy = Enemy (UnityEngine.GameObject)
[DBG][CHK]: BlackBoardにターゲット情報があります: Enemy
]]></output>
            </test-case>
            <test-case id="1253" name="HasTargetCondition_ExecuteWithNoTarget_ReturnsFailure" fullname="ArcBT.Tests.RuntimeConditionTests.HasTargetCondition_ExecuteWithNoTarget_ReturnsFailure" methodname="HasTargetCondition_ExecuteWithNoTarget_ReturnsFailure" classname="ArcBT.Tests.RuntimeConditionTests" runstate="Runnable" seed="551211467" result="Passed" start-time="2025-07-28 12:09:40Z" end-time="2025-07-28 12:09:40Z" duration="0.000277" asserts="0">
              <properties>
                <property name="Description" value="HasTargetCondition実行時にBlackBoardとシーンの両方にターゲットがない場合の動作" />
                <property name="retryIteration" value="0" />
                <property name="repeatIteration" value="0" />
              </properties>
              <output><![CDATA[[DBG][CHK]: ターゲット未発見: Character.Enemy
]]></output>
            </test-case>
            <test-case id="1252" name="HasTargetCondition_ExecuteWithTaggedTarget_ReturnsSuccess" fullname="ArcBT.Tests.RuntimeConditionTests.HasTargetCondition_ExecuteWithTaggedTarget_ReturnsSuccess" methodname="HasTargetCondition_ExecuteWithTaggedTarget_ReturnsSuccess" classname="ArcBT.Tests.RuntimeConditionTests" runstate="Runnable" seed="760694228" result="Passed" start-time="2025-07-28 12:09:40Z" end-time="2025-07-28 12:09:40Z" duration="0.000483" asserts="0">
              <properties>
                <property name="Description" value="HasTargetConditionでシーン内にタグ付きターゲットがある場合にSuccessを返すことを確認" />
                <property name="retryIteration" value="0" />
                <property name="repeatIteration" value="0" />
              </properties>
              <output><![CDATA[[DBG][CHK]: ターゲット発見: 1体のCharacter.Enemy
]]></output>
            </test-case>
            <test-case id="1250" name="HasTargetCondition_SetProperty_SetsCorrectTargetTag" fullname="ArcBT.Tests.RuntimeConditionTests.HasTargetCondition_SetProperty_SetsCorrectTargetTag" methodname="HasTargetCondition_SetProperty_SetsCorrectTargetTag" classname="ArcBT.Tests.RuntimeConditionTests" runstate="Runnable" seed="653024464" result="Passed" start-time="2025-07-28 12:09:40Z" end-time="2025-07-28 12:09:40Z" duration="0.000375" asserts="0">
              <properties>
                <property name="Description" value="HasTargetConditionのtarget_tagパラメータでモンスター等のカスタムタグ指定機能の検証" />
                <property name="retryIteration" value="0" />
                <property name="repeatIteration" value="0" />
              </properties>
              <output><![CDATA[[DBG][CHK]: ターゲット未発見: Monster
]]></output>
            </test-case>
            <test-case id="1248" name="RandomCondition_ExecuteWithBlackBoardProbability_UsesBlackBoardValue" fullname="ArcBT.Tests.RuntimeConditionTests.RandomCondition_ExecuteWithBlackBoardProbability_UsesBlackBoardValue" methodname="RandomCondition_ExecuteWithBlackBoardProbability_UsesBlackBoardValue" classname="ArcBT.Tests.RuntimeConditionTests" runstate="Runnable" seed="1396377608" result="Passed" start-time="2025-07-28 12:09:40Z" end-time="2025-07-28 12:09:40Z" duration="0.000351" asserts="0">
              <properties>
                <property name="Description" value="RandomConditionでBlackBoardから確率値を取得して判定する機能が正しく動作することを確認" />
                <property name="retryIteration" value="0" />
                <property name="repeatIteration" value="0" />
              </properties>
              <output><![CDATA[[DBG][CHK]: Random: Using BlackBoard probability 'dynamic_chance' = 1
[DBG][CHK]: Random: 0.605 <= 1.000 = True
]]></output>
            </test-case>
            <test-case id="1249" name="RandomCondition_ExecuteWithLowProbability_ReturnsMostlyFailure" fullname="ArcBT.Tests.RuntimeConditionTests.RandomCondition_ExecuteWithLowProbability_ReturnsMostlyFailure" methodname="RandomCondition_ExecuteWithLowProbability_ReturnsMostlyFailure" classname="ArcBT.Tests.RuntimeConditionTests" runstate="Runnable" seed="1149429689" result="Passed" start-time="2025-07-28 12:09:40Z" end-time="2025-07-28 12:09:40Z" duration="0.002404" asserts="0">
              <properties>
                <property name="Description" value="RandomConditionで低い確率を設定した場合にほとんどFailureが返されることを確認" />
                <property name="retryIteration" value="0" />
                <property name="repeatIteration" value="0" />
              </properties>
              <output><![CDATA[[DBG][CHK]: Random: 0.676 <= 0.100 = False
[DBG][CHK]: Random: 0.906 <= 0.100 = False
[DBG][CHK]: Random: 0.683 <= 0.100 = False
[DBG][CHK]: Random: 0.540 <= 0.100 = False
[DBG][CHK]: Random: 0.444 <= 0.100 = False
[DBG][CHK]: Random: 0.088 <= 0.100 = True
[DBG][CHK]: Random: 0.830 <= 0.100 = False
[DBG][CHK]: Random: 0.012 <= 0.100 = True
[DBG][CHK]: Random: 0.017 <= 0.100 = True
[DBG][CHK]: Random: 0.103 <= 0.100 = False
[DBG][CHK]: Random: 0.508 <= 0.100 = False
[DBG][CHK]: Random: 0.480 <= 0.100 = False
[DBG][CHK]: Random: 0.350 <= 0.100 = False
[DBG][CHK]: Random: 0.477 <= 0.100 = False
[DBG][CHK]: Random: 0.218 <= 0.100 = False
[DBG][CHK]: Random: 0.823 <= 0.100 = False
[DBG][CHK]: Random: 0.462 <= 0.100 = False
[DBG][CHK]: Random: 0.248 <= 0.100 = False
[DBG][CHK]: Random: 0.534 <= 0.100 = False
[DBG][CHK]: Random: 0.358 <= 0.100 = False
[DBG][CHK]: Random: 0.061 <= 0.100 = True
[DBG][CHK]: Random: 0.666 <= 0.100 = False
[DBG][CHK]: Random: 0.383 <= 0.100 = False
[DBG][CHK]: Random: 0.343 <= 0.100 = False
[DBG][CHK]: Random: 0.319 <= 0.100 = False
[DBG][CHK]: Random: 0.472 <= 0.100 = False
[DBG][CHK]: Random: 0.739 <= 0.100 = False
[DBG][CHK]: Random: 0.952 <= 0.100 = False
[DBG][CHK]: Random: 0.455 <= 0.100 = False
[DBG][CHK]: Random: 0.248 <= 0.100 = False
[DBG][CHK]: Random: 0.417 <= 0.100 = False
[DBG][CHK]: Random: 0.176 <= 0.100 = False
[DBG][CHK]: Random: 0.564 <= 0.100 = False
[DBG][CHK]: Random: 0.318 <= 0.100 = False
[DBG][CHK]: Random: 0.999 <= 0.100 = False
[DBG][CHK]: Random: 0.486 <= 0.100 = False
[DBG][CHK]: Random: 0.627 <= 0.100 = False
[DBG][CHK]: Random: 0.515 <= 0.100 = False
[DBG][CHK]: Random: 0.975 <= 0.100 = False
[DBG][CHK]: Random: 0.936 <= 0.100 = False
[DBG][CHK]: Random: 0.232 <= 0.100 = False
[DBG][CHK]: Random: 0.899 <= 0.100 = False
[DBG][CHK]: Random: 0.064 <= 0.100 = True
[DBG][CHK]: Random: 0.517 <= 0.100 = False
[DBG][CHK]: Random: 0.632 <= 0.100 = False
[DBG][CHK]: Random: 0.076 <= 0.100 = True
[DBG][CHK]: Random: 0.607 <= 0.100 = False
[DBG][CHK]: Random: 0.916 <= 0.100 = False
[DBG][CHK]: Random: 0.394 <= 0.100 = False
[DBG][CHK]: Random: 0.858 <= 0.100 = False
]]></output>
            </test-case>
            <test-case id="1246" name="RandomCondition_SetProperty_SetsCorrectProbability" fullname="ArcBT.Tests.RuntimeConditionTests.RandomCondition_SetProperty_SetsCorrectProbability" methodname="RandomCondition_SetProperty_SetsCorrectProbability" classname="ArcBT.Tests.RuntimeConditionTests" runstate="Runnable" seed="1921495827" result="Passed" start-time="2025-07-28 12:09:40Z" end-time="2025-07-28 12:09:40Z" duration="0.004166" asserts="0">
              <properties>
                <property name="Description" value="RandomConditionのプロパティ設定で確率が正しく設定され、統計的に適切な結果を返すことを確認" />
                <property name="retryIteration" value="0" />
                <property name="repeatIteration" value="0" />
              </properties>
              <output><![CDATA[[DBG][CHK]: Random: 0.294 <= 0.700 = True
[DBG][CHK]: Random: 0.948 <= 0.700 = False
[DBG][CHK]: Random: 0.279 <= 0.700 = True
[DBG][CHK]: Random: 0.047 <= 0.700 = True
[DBG][CHK]: Random: 0.175 <= 0.700 = True
[DBG][CHK]: Random: 0.650 <= 0.700 = True
[DBG][CHK]: Random: 0.845 <= 0.700 = False
[DBG][CHK]: Random: 0.481 <= 0.700 = True
[DBG][CHK]: Random: 0.040 <= 0.700 = True
[DBG][CHK]: Random: 0.461 <= 0.700 = True
[DBG][CHK]: Random: 0.260 <= 0.700 = True
[DBG][CHK]: Random: 0.584 <= 0.700 = True
[DBG][CHK]: Random: 0.833 <= 0.700 = False
[DBG][CHK]: Random: 0.184 <= 0.700 = True
[DBG][CHK]: Random: 0.669 <= 0.700 = True
[DBG][CHK]: Random: 0.028 <= 0.700 = True
[DBG][CHK]: Random: 0.759 <= 0.700 = False
[DBG][CHK]: Random: 0.714 <= 0.700 = False
[DBG][CHK]: Random: 0.665 <= 0.700 = True
[DBG][CHK]: Random: 0.010 <= 0.700 = True
[DBG][CHK]: Random: 0.592 <= 0.700 = True
[DBG][CHK]: Random: 0.249 <= 0.700 = True
[DBG][CHK]: Random: 0.889 <= 0.700 = False
[DBG][CHK]: Random: 0.527 <= 0.700 = True
[DBG][CHK]: Random: 0.501 <= 0.700 = True
[DBG][CHK]: Random: 0.176 <= 0.700 = True
[DBG][CHK]: Random: 0.919 <= 0.700 = False
[DBG][CHK]: Random: 0.165 <= 0.700 = True
[DBG][CHK]: Random: 0.027 <= 0.700 = True
[DBG][CHK]: Random: 0.863 <= 0.700 = False
[DBG][CHK]: Random: 0.532 <= 0.700 = True
[DBG][CHK]: Random: 0.960 <= 0.700 = False
[DBG][CHK]: Random: 0.297 <= 0.700 = True
[DBG][CHK]: Random: 0.026 <= 0.700 = True
[DBG][CHK]: Random: 0.993 <= 0.700 = False
[DBG][CHK]: Random: 0.269 <= 0.700 = True
[DBG][CHK]: Random: 0.222 <= 0.700 = True
[DBG][CHK]: Random: 0.717 <= 0.700 = False
[DBG][CHK]: Random: 0.573 <= 0.700 = True
[DBG][CHK]: Random: 0.685 <= 0.700 = True
[DBG][CHK]: Random: 0.732 <= 0.700 = False
[DBG][CHK]: Random: 0.675 <= 0.700 = True
[DBG][CHK]: Random: 0.480 <= 0.700 = True
[DBG][CHK]: Random: 0.440 <= 0.700 = True
[DBG][CHK]: Random: 0.080 <= 0.700 = True
[DBG][CHK]: Random: 0.521 <= 0.700 = True
[DBG][CHK]: Random: 0.001 <= 0.700 = True
[DBG][CHK]: Random: 0.849 <= 0.700 = False
[DBG][CHK]: Random: 0.421 <= 0.700 = True
[DBG][CHK]: Random: 0.372 <= 0.700 = True
[DBG][CHK]: Random: 0.313 <= 0.700 = True
[DBG][CHK]: Random: 0.324 <= 0.700 = True
[DBG][CHK]: Random: 0.367 <= 0.700 = True
[DBG][CHK]: Random: 0.543 <= 0.700 = True
[DBG][CHK]: Random: 0.651 <= 0.700 = True
[DBG][CHK]: Random: 0.124 <= 0.700 = True
[DBG][CHK]: Random: 0.918 <= 0.700 = False
[DBG][CHK]: Random: 0.767 <= 0.700 = False
[DBG][CHK]: Random: 0.472 <= 0.700 = True
[DBG][CHK]: Random: 0.679 <= 0.700 = True
[DBG][CHK]: Random: 0.404 <= 0.700 = True
[DBG][CHK]: Random: 0.763 <= 0.700 = False
[DBG][CHK]: Random: 0.156 <= 0.700 = True
[DBG][CHK]: Random: 0.391 <= 0.700 = True
[DBG][CHK]: Random: 0.481 <= 0.700 = True
[DBG][CHK]: Random: 0.481 <= 0.700 = True
[DBG][CHK]: Random: 0.707 <= 0.700 = False
[DBG][CHK]: Random: 0.819 <= 0.700 = False
[DBG][CHK]: Random: 0.605 <= 0.700 = True
[DBG][CHK]: Random: 0.002 <= 0.700 = True
[DBG][CHK]: Random: 0.171 <= 0.700 = True
[DBG][CHK]: Random: 0.706 <= 0.700 = False
[DBG][CHK]: Random: 0.687 <= 0.700 = True
[DBG][CHK]: Random: 0.990 <= 0.700 = False
[DBG][CHK]: Random: 0.406 <= 0.700 = True
[DBG][CHK]: Random: 0.526 <= 0.700 = True
[DBG][CHK]: Random: 0.439 <= 0.700 = True
[DBG][CHK]: Random: 0.781 <= 0.700 = False
[DBG][CHK]: Random: 0.533 <= 0.700 = True
[DBG][CHK]: Random: 0.047 <= 0.700 = True
[DBG][CHK]: Random: 0.649 <= 0.700 = True
[DBG][CHK]: Random: 0.384 <= 0.700 = True
[DBG][CHK]: Random: 0.808 <= 0.700 = False
[DBG][CHK]: Random: 0.479 <= 0.700 = True
[DBG][CHK]: Random: 0.655 <= 0.700 = True
[DBG][CHK]: Random: 0.373 <= 0.700 = True
[DBG][CHK]: Random: 0.093 <= 0.700 = True
[DBG][CHK]: Random: 0.664 <= 0.700 = True
[DBG][CHK]: Random: 0.739 <= 0.700 = False
[DBG][CHK]: Random: 0.501 <= 0.700 = True
[DBG][CHK]: Random: 0.233 <= 0.700 = True
[DBG][CHK]: Random: 0.635 <= 0.700 = True
[DBG][CHK]: Random: 0.313 <= 0.700 = True
[DBG][CHK]: Random: 0.301 <= 0.700 = True
[DBG][CHK]: Random: 0.311 <= 0.700 = True
[DBG][CHK]: Random: 0.410 <= 0.700 = True
[DBG][CHK]: Random: 0.182 <= 0.700 = True
[DBG][CHK]: Random: 0.737 <= 0.700 = False
[DBG][CHK]: Random: 0.226 <= 0.700 = True
[DBG][CHK]: Random: 0.071 <= 0.700 = True
]]></output>
            </test-case>
            <test-case id="1247" name="RandomCondition_SetProperty_SetsCorrectSeed" fullname="ArcBT.Tests.RuntimeConditionTests.RandomCondition_SetProperty_SetsCorrectSeed" methodname="RandomCondition_SetProperty_SetsCorrectSeed" classname="ArcBT.Tests.RuntimeConditionTests" runstate="Runnable" seed="721780310" result="Passed" start-time="2025-07-28 12:09:40Z" end-time="2025-07-28 12:09:40Z" duration="0.000523" asserts="0">
              <properties>
                <property name="Description" value="RandomConditionのシード設定で同じシードでは同じ結果が返されることを確認" />
                <property name="retryIteration" value="0" />
                <property name="repeatIteration" value="0" />
              </properties>
              <output><![CDATA[[DBG][CHK]: Random: 0.587 <= 0.500 = False
[DBG][CHK]: Random: 0.900 <= 0.500 = False
]]></output>
            </test-case>
            <test-case id="1245" name="ScanForInterestCondition_ExecuteWithInterestObject_ReturnsSuccess" fullname="ArcBT.Tests.RuntimeConditionTests.ScanForInterestCondition_ExecuteWithInterestObject_ReturnsSuccess" methodname="ScanForInterestCondition_ExecuteWithInterestObject_ReturnsSuccess" classname="ArcBT.Tests.RuntimeConditionTests" runstate="Runnable" seed="1226082201" result="Passed" start-time="2025-07-28 12:09:40Z" end-time="2025-07-28 12:09:40Z" duration="0.000860" asserts="0">
              <properties>
                <property name="Description" value="興味対象オブジェクトが範囲内にある場合にScanForInterestConditionがSuccessを返しBlackBoardに情報を記録することを確認" />
                <property name="retryIteration" value="0" />
                <property name="repeatIteration" value="0" />
              </properties>
              <output><![CDATA[[DBG][CHK]: 興味のあるオブジェクト発見: TestItem (距離: 3.0)
]]></output>
            </test-case>
            <test-case id="1244" name="ScanForInterestCondition_SetProperty_SetsCorrectRange" fullname="ArcBT.Tests.RuntimeConditionTests.ScanForInterestCondition_SetProperty_SetsCorrectRange" methodname="ScanForInterestCondition_SetProperty_SetsCorrectRange" classname="ArcBT.Tests.RuntimeConditionTests" runstate="Runnable" seed="1177151841" result="Passed" start-time="2025-07-28 12:09:40Z" end-time="2025-07-28 12:09:40Z" duration="0.000305" asserts="0">
              <properties>
                <property name="Description" value="ScanForInterestConditionのscan_rangeパラメータ設定機能の検証" />
                <property name="retryIteration" value="0" />
                <property name="repeatIteration" value="0" />
              </properties>
              <output><![CDATA[[DBG][CHK]: 興味のあるオブジェクト未発見 (範囲: 8)
]]></output>
            </test-case>
          </test-suite>
          <test-suite type="TestSuite" id="1354" name="Samples" fullname="ArcBT.Tests.Samples" runstate="Runnable" testcasecount="15" result="Passed" start-time="2025-07-28 12:09:40Z" end-time="2025-07-28 12:09:40Z" duration="0.040626" total="15" passed="15" failed="0" inconclusive="0" skipped="0" asserts="0">
            <properties />
            <test-suite type="TestFixture" id="1335" name="RPGConditionTests" fullname="ArcBT.Tests.Samples.RPGConditionTests" classname="ArcBT.Tests.Samples.RPGConditionTests" runstate="Runnable" testcasecount="15" result="Passed" start-time="2025-07-28 12:09:40Z" end-time="2025-07-28 12:09:40Z" duration="0.023616" total="15" passed="15" failed="0" inconclusive="0" skipped="0" asserts="0">
              <properties />
              <test-case id="1345" name="EnemyCheckCondition_SetProperty_SetsCorrectRange" fullname="ArcBT.Tests.Samples.RPGConditionTests.EnemyCheckCondition_SetProperty_SetsCorrectRange" methodname="EnemyCheckCondition_SetProperty_SetsCorrectRange" classname="ArcBT.Tests.Samples.RPGConditionTests" runstate="Runnable" seed="1927764633" result="Passed" start-time="2025-07-28 12:09:40Z" end-time="2025-07-28 12:09:40Z" duration="0.001311" asserts="0">
                <properties>
                  <property name="Description" value="EnemyCheckConditionのdetection_rangeパラメータで敵検出範囲設定機能の検証" />
                  <property name="retryIteration" value="0" />
                  <property name="repeatIteration" value="0" />
                </properties>
                <output><![CDATA[[DBG][CHK]: === EnemyCheckCondition '' EXECUTING ===
[DBG][CHK]: EnemyCheck '': No enemies in range 15 ✗
]]></output>
              </test-case>
              <test-case id="1346" name="EnemyCheckCondition_WithEnemyInRange_ReturnsSuccess" fullname="ArcBT.Tests.Samples.RPGConditionTests.EnemyCheckCondition_WithEnemyInRange_ReturnsSuccess" methodname="EnemyCheckCondition_WithEnemyInRange_ReturnsSuccess" classname="ArcBT.Tests.Samples.RPGConditionTests" runstate="Runnable" seed="1651007608" result="Passed" start-time="2025-07-28 12:09:40Z" end-time="2025-07-28 12:09:40Z" duration="0.000428" asserts="0">
                <properties>
                  <property name="Description" value="範囲内に敵がいる場合のEnemyCheckConditionの動作を確認（環境依存）" />
                  <property name="retryIteration" value="0" />
                  <property name="repeatIteration" value="0" />
                </properties>
                <output><![CDATA[[DBG][CHK]: === EnemyCheckCondition '' EXECUTING ===
[DBG][CHK]: EnemyCheck '': No enemies in range 10 ✗
]]></output>
              </test-case>
              <test-case id="1344" name="HasItemCondition_WithoutRequiredItem_ReturnsFailure" fullname="ArcBT.Tests.Samples.RPGConditionTests.HasItemCondition_WithoutRequiredItem_ReturnsFailure" methodname="HasItemCondition_WithoutRequiredItem_ReturnsFailure" classname="ArcBT.Tests.Samples.RPGConditionTests" runstate="Runnable" seed="361339405" result="Passed" start-time="2025-07-28 12:09:40Z" end-time="2025-07-28 12:09:40Z" duration="0.001929" asserts="0">
                <properties>
                  <property name="Description" value="必要なアイテムを所持していない場合にHasItemConditionがFailureを返しエラーログを出力することを確認" />
                  <property name="retryIteration" value="0" />
                  <property name="repeatIteration" value="0" />
                </properties>
                <output><![CDATA[[ERR][SYS]: HasItem '': No Inventory component found on TestOwner
[DBG][CHK]: === HasItemCondition '' EXECUTING ===
[ERR][SYS]: HasItem '': No inventory component - assuming no items
]]></output>
              </test-case>
              <test-case id="1343" name="HasItemCondition_WithRequiredItem_ReturnsSuccess" fullname="ArcBT.Tests.Samples.RPGConditionTests.HasItemCondition_WithRequiredItem_ReturnsSuccess" methodname="HasItemCondition_WithRequiredItem_ReturnsSuccess" classname="ArcBT.Tests.Samples.RPGConditionTests" runstate="Runnable" seed="110067982" result="Passed" start-time="2025-07-28 12:09:40Z" end-time="2025-07-28 12:09:40Z" duration="0.000450" asserts="0">
                <properties>
                  <property name="Description" value="HasItemCondition実行時にInventoryコンポーネントに指定アイテムが存在する場合の動作" />
                  <property name="retryIteration" value="0" />
                  <property name="repeatIteration" value="0" />
                </properties>
                <output><![CDATA[[INF][SYS]: Inventory: Added new item type healing_potion x3
[DBG][CHK]: === HasItemCondition '' EXECUTING ===
[DBG][CHK]: HasItem '': Checking for 'healing_potion' = FOUND ✓
]]></output>
              </test-case>
              <test-case id="1341" name="HasManaCondition_WithInsufficientMana_ReturnsFailure" fullname="ArcBT.Tests.Samples.RPGConditionTests.HasManaCondition_WithInsufficientMana_ReturnsFailure" methodname="HasManaCondition_WithInsufficientMana_ReturnsFailure" classname="ArcBT.Tests.Samples.RPGConditionTests" runstate="Runnable" seed="583959872" result="Passed" start-time="2025-07-28 12:09:40Z" end-time="2025-07-28 12:09:40Z" duration="0.000531" asserts="0">
                <properties>
                  <property name="Description" value="HasManaCondition実行時に現在マナがmin_mana闾値を下回る場合の動作" />
                  <property name="retryIteration" value="0" />
                  <property name="repeatIteration" value="0" />
                </properties>
                <output><![CDATA[[DBG][CHK]: 🔴 HasMana: マナ不足 (30/100 < 50)
]]></output>
              </test-case>
              <test-case id="1342" name="HasManaCondition_WithoutManaComponent_ReturnsFailure" fullname="ArcBT.Tests.Samples.RPGConditionTests.HasManaCondition_WithoutManaComponent_ReturnsFailure" methodname="HasManaCondition_WithoutManaComponent_ReturnsFailure" classname="ArcBT.Tests.Samples.RPGConditionTests" runstate="Runnable" seed="1609658744" result="Passed" start-time="2025-07-28 12:09:40Z" end-time="2025-07-28 12:09:40Z" duration="0.000682" asserts="0">
                <properties>
                  <property name="Description" value="Manaコンポーネントが存在しない場合にHasManaConditionがFailureを返しエラーログを出力することを確認" />
                  <property name="retryIteration" value="0" />
                  <property name="repeatIteration" value="0" />
                </properties>
                <output><![CDATA[[ERR][SYS]: ⚠️ HasMana: Manaコンポーネントが見つかりません
]]></output>
              </test-case>
              <test-case id="1340" name="HasManaCondition_WithSufficientMana_ReturnsSuccess" fullname="ArcBT.Tests.Samples.RPGConditionTests.HasManaCondition_WithSufficientMana_ReturnsSuccess" methodname="HasManaCondition_WithSufficientMana_ReturnsSuccess" classname="ArcBT.Tests.Samples.RPGConditionTests" runstate="Runnable" seed="2017481697" result="Passed" start-time="2025-07-28 12:09:40Z" end-time="2025-07-28 12:09:40Z" duration="0.000309" asserts="0">
                <properties>
                  <property name="Description" value="HasManaCondition実行時に現在マナがmin_mana闾値を上回る十分なマナ状態の場合の動作" />
                  <property name="retryIteration" value="0" />
                  <property name="repeatIteration" value="0" />
                </properties>
                <output><![CDATA[[DBG][CHK]: 🔵 HasMana: 十分なマナあり (80/100 >= 50)
]]></output>
              </test-case>
              <test-case id="1339" name="HealthCheckCondition_InSafetyPeriod_SkipsCheck" fullname="ArcBT.Tests.Samples.RPGConditionTests.HealthCheckCondition_InSafetyPeriod_SkipsCheck" methodname="HealthCheckCondition_InSafetyPeriod_SkipsCheck" classname="ArcBT.Tests.Samples.RPGConditionTests" runstate="Runnable" seed="1288250422" result="Passed" start-time="2025-07-28 12:09:40Z" end-time="2025-07-28 12:09:40Z" duration="0.000684" asserts="0">
                <properties>
                  <property name="Description" value="安全期間中の場合にHealthCheckConditionが緊急時チェックをスキップしてFailureを返すことを確認" />
                  <property name="retryIteration" value="0" />
                  <property name="repeatIteration" value="0" />
                </properties>
                <output><![CDATA[[INF][SYS]: HealthCheck '': In safety period - skipping emergency check
]]></output>
              </test-case>
              <test-case id="1337" name="HealthCheckCondition_WithInsufficientHealth_ReturnsFailure" fullname="ArcBT.Tests.Samples.RPGConditionTests.HealthCheckCondition_WithInsufficientHealth_ReturnsFailure" methodname="HealthCheckCondition_WithInsufficientHealth_ReturnsFailure" classname="ArcBT.Tests.Samples.RPGConditionTests" runstate="Runnable" seed="1422257407" result="Passed" start-time="2025-07-28 12:09:40Z" end-time="2025-07-28 12:09:40Z" duration="0.000461" asserts="0">
                <properties>
                  <property name="Description" value="HealthCheckCondition実行時に現在体力がmin_health闾値を下回る場合の動作" />
                  <property name="retryIteration" value="0" />
                  <property name="repeatIteration" value="0" />
                </properties>
                <output><![CDATA[[INF][BBD]: 🗂️ BlackBoard[新規]: current_health = 30
[INF][BBD]: 🗂️ BlackBoard[新規]: health_status = low_health
[INF][BBD]: 🗂️ BlackBoard[新規]: min_health_threshold = 50
[DBG][CHK]: HealthCheck '': Current health = 30, Required = 50
[DBG][CHK]: HealthCheck '': Result = FAILURE ✗
]]></output>
              </test-case>
              <test-case id="1338" name="HealthCheckCondition_WithoutHealthComponent_ReturnsFailure" fullname="ArcBT.Tests.Samples.RPGConditionTests.HealthCheckCondition_WithoutHealthComponent_ReturnsFailure" methodname="HealthCheckCondition_WithoutHealthComponent_ReturnsFailure" classname="ArcBT.Tests.Samples.RPGConditionTests" runstate="Runnable" seed="19270365" result="Passed" start-time="2025-07-28 12:09:40Z" end-time="2025-07-28 12:09:40Z" duration="0.001511" asserts="0">
                <properties>
                  <property name="Description" value="Healthコンポーネントが存在しない場合にHealthCheckConditionがFailureを返しエラーログを出力することを確認" />
                  <property name="retryIteration" value="0" />
                  <property name="repeatIteration" value="0" />
                </properties>
                <output><![CDATA[[ERR][SYS]: HealthCheck: No Health component found on TestOwner
[ERR][SYS]: HealthCheck '': Health component is null - trying to find it again
[ERR][SYS]: HealthCheck '': Still no Health component found!
]]></output>
              </test-case>
              <test-case id="1336" name="HealthCheckCondition_WithSufficientHealth_ReturnsSuccess" fullname="ArcBT.Tests.Samples.RPGConditionTests.HealthCheckCondition_WithSufficientHealth_ReturnsSuccess" methodname="HealthCheckCondition_WithSufficientHealth_ReturnsSuccess" classname="ArcBT.Tests.Samples.RPGConditionTests" runstate="Runnable" seed="1064466746" result="Passed" start-time="2025-07-28 12:09:40Z" end-time="2025-07-28 12:09:40Z" duration="0.000393" asserts="0">
                <properties>
                  <property name="Description" value="HealthCheckCondition実行時に現在体力がmin_health闾値を上回る健康状態の場合の動作" />
                  <property name="retryIteration" value="0" />
                  <property name="repeatIteration" value="0" />
                </properties>
                <output><![CDATA[[INF][BBD]: 🗂️ BlackBoard[新規]: current_health = 80
[INF][BBD]: 🗂️ BlackBoard[新規]: health_status = healthy
[INF][BBD]: 🗂️ BlackBoard[新規]: min_health_threshold = 50
]]></output>
              </test-case>
              <test-case id="1347" name="IsInitializedCondition_WithInitializedFlag_ReturnsSuccess" fullname="ArcBT.Tests.Samples.RPGConditionTests.IsInitializedCondition_WithInitializedFlag_ReturnsSuccess" methodname="IsInitializedCondition_WithInitializedFlag_ReturnsSuccess" classname="ArcBT.Tests.Samples.RPGConditionTests" runstate="Runnable" seed="2033247902" result="Passed" start-time="2025-07-28 12:09:40Z" end-time="2025-07-28 12:09:40Z" duration="0.000321" asserts="0">
                <properties>
                  <property name="Description" value="IsInitializedCondition実行時にBlackBoardにis_initializedフラグがtrueの場合の動作" />
                  <property name="retryIteration" value="0" />
                  <property name="repeatIteration" value="0" />
                </properties>
              </test-case>
              <test-case id="1348" name="IsInitializedCondition_WithoutInitializedFlag_InitializesAndReturnsSuccess" fullname="ArcBT.Tests.Samples.RPGConditionTests.IsInitializedCondition_WithoutInitializedFlag_InitializesAndReturnsSuccess" methodname="IsInitializedCondition_WithoutInitializedFlag_InitializesAndReturnsSuccess" classname="ArcBT.Tests.Samples.RPGConditionTests" runstate="Runnable" seed="1275099974" result="Passed" start-time="2025-07-28 12:09:40Z" end-time="2025-07-28 12:09:40Z" duration="0.000347" asserts="0">
                <properties>
                  <property name="Description" value="IsInitializedCondition実行時に初期化フラグがfalseの場合の自動初期化機能" />
                  <property name="retryIteration" value="0" />
                  <property name="repeatIteration" value="0" />
                </properties>
                <output><![CDATA[[DBG][CHK]: IsInitialized: System initialized
]]></output>
              </test-case>
              <test-case id="1350" name="RPGConditions_BlackBoardInteraction_SharesStateCorrectly" fullname="ArcBT.Tests.Samples.RPGConditionTests.RPGConditions_BlackBoardInteraction_SharesStateCorrectly" methodname="RPGConditions_BlackBoardInteraction_SharesStateCorrectly" classname="ArcBT.Tests.Samples.RPGConditionTests" runstate="Runnable" seed="1294280882" result="Passed" start-time="2025-07-28 12:09:40Z" end-time="2025-07-28 12:09:40Z" duration="0.000552" asserts="0">
                <properties>
                  <property name="Description" value="複数のRPGConditionノード間でBlackBoardを介した状態共有が正しく機能することを確認" />
                  <property name="retryIteration" value="0" />
                  <property name="repeatIteration" value="0" />
                </properties>
                <output><![CDATA[[INF][BBD]: 🗂️ BlackBoard[新規]: current_health = 25
[INF][BBD]: 🗂️ BlackBoard[新規]: health_status = low_health
[INF][BBD]: 🗂️ BlackBoard[新規]: min_health_threshold = 50
[DBG][CHK]: HealthCheck '': Current health = 25, Required = 50
[DBG][CHK]: HealthCheck '': Result = FAILURE ✗
[DBG][CHK]: 🔵 HasMana: 十分なマナあり (80/100 >= 30)
]]></output>
              </test-case>
              <test-case id="1349" name="RPGConditions_ChainEvaluation_WorksCorrectly" fullname="ArcBT.Tests.Samples.RPGConditionTests.RPGConditions_ChainEvaluation_WorksCorrectly" methodname="RPGConditions_ChainEvaluation_WorksCorrectly" classname="ArcBT.Tests.Samples.RPGConditionTests" runstate="Runnable" seed="102997631" result="Passed" start-time="2025-07-28 12:09:40Z" end-time="2025-07-28 12:09:40Z" duration="0.000528" asserts="0">
                <properties>
                  <property name="Description" value="複数のRPGConditionノード（体力、マナ、初期化）の連続評価が正しく動作することを確認" />
                  <property name="retryIteration" value="0" />
                  <property name="repeatIteration" value="0" />
                </properties>
                <output><![CDATA[[INF][BBD]: 🗂️ BlackBoard[新規]: current_health = 80
[INF][BBD]: 🗂️ BlackBoard[新規]: health_status = healthy
[INF][BBD]: 🗂️ BlackBoard[新規]: min_health_threshold = 50
[DBG][CHK]: 🔵 HasMana: 十分なマナあり (70/100 >= 30)
]]></output>
              </test-case>
            </test-suite>
          </test-suite>
          <test-suite type="TestFixture" id="1269" name="TagCachePerformanceTests" fullname="ArcBT.Tests.TagCachePerformanceTests" classname="ArcBT.Tests.TagCachePerformanceTests" runstate="Runnable" testcasecount="11" result="Passed" start-time="2025-07-28 12:09:40Z" end-time="2025-07-28 12:09:41Z" duration="0.607609" total="11" passed="11" failed="0" inconclusive="0" skipped="0" asserts="0">
            <properties />
            <test-case id="1275" name="Cache_ComponentRegistration_Performance" fullname="ArcBT.Tests.TagCachePerformanceTests.Cache_ComponentRegistration_Performance" methodname="Cache_ComponentRegistration_Performance" classname="ArcBT.Tests.TagCachePerformanceTests" runstate="Runnable" seed="783644015" result="Passed" start-time="2025-07-28 12:09:40Z" end-time="2025-07-28 12:09:40Z" duration="0.013068" asserts="0">
              <properties>
                <property name="Description" value="コンポーネント登録処理の性能をベンチマークテスト（500コンポーネントの自動登録が300ms以内）" />
                <property name="retryIteration" value="0" />
                <property name="repeatIteration" value="0" />
              </properties>
              <output><![CDATA[Component registration performance (500 registrations): 9ms
]]></output>
            </test-case>
            <test-case id="1278" name="Cache_ConcurrentAccess_Performance" fullname="ArcBT.Tests.TagCachePerformanceTests.Cache_ConcurrentAccess_Performance" methodname="Cache_ConcurrentAccess_Performance" classname="ArcBT.Tests.TagCachePerformanceTests" runstate="Runnable" seed="83494522" result="Passed" start-time="2025-07-28 12:09:40Z" end-time="2025-07-28 12:09:40Z" duration="0.037538" asserts="0">
              <properties>
                <property name="Description" value="並行アクセスパターンの性能をベンチマークテスト（1000オブジェクトで160操作が400ms以内）" />
                <property name="retryIteration" value="0" />
                <property name="repeatIteration" value="0" />
              </properties>
              <output><![CDATA[Concurrent access pattern (160 operations): 3ms
]]></output>
            </test-case>
            <test-case id="1276" name="Cache_GetTagComponent_Performance" fullname="ArcBT.Tests.TagCachePerformanceTests.Cache_GetTagComponent_Performance" methodname="Cache_GetTagComponent_Performance" classname="ArcBT.Tests.TagCachePerformanceTests" runstate="Runnable" seed="982476813" result="Passed" start-time="2025-07-28 12:09:40Z" end-time="2025-07-28 12:09:41Z" duration="0.037298" asserts="0">
              <properties>
                <property name="Description" value="GetTagComponent呼び出しの性能をベンチマークテスト（1000オブジェクトで1000回呼び出しが100ms以内）" />
                <property name="retryIteration" value="0" />
                <property name="repeatIteration" value="0" />
              </properties>
              <output><![CDATA[GetTagComponent performance (1000 calls): 5ms
]]></output>
            </test-case>
            <test-case id="1273" name="Cache_HierarchicalSearch_Performance" fullname="ArcBT.Tests.TagCachePerformanceTests.Cache_HierarchicalSearch_Performance" methodname="Cache_HierarchicalSearch_Performance" classname="ArcBT.Tests.TagCachePerformanceTests" runstate="Runnable" seed="865046977" result="Passed" start-time="2025-07-28 12:09:41Z" end-time="2025-07-28 12:09:41Z" duration="0.032542" asserts="0">
              <properties>
                <property name="Description" value="階層タグ検索の性能をベンチマークテスト（1000オブジェクトで10回階層検索が300ms以内）" />
                <property name="retryIteration" value="0" />
                <property name="repeatIteration" value="0" />
              </properties>
              <output><![CDATA[Hierarchical search performance (1000 objects, 10 searches): 0ms
]]></output>
            </test-case>
            <test-case id="1280" name="Cache_InvalidationPerformance_OnTagChange" fullname="ArcBT.Tests.TagCachePerformanceTests.Cache_InvalidationPerformance_OnTagChange" methodname="Cache_InvalidationPerformance_OnTagChange" classname="ArcBT.Tests.TagCachePerformanceTests" runstate="Runnable" seed="1158945307" result="Passed" start-time="2025-07-28 12:09:41Z" end-time="2025-07-28 12:09:41Z" duration="0.016285" asserts="0">
              <properties>
                <property name="Description" value="タグ変更時のキャッシュ無効化性能をベンチマークテスト（500オブジェクトで100操作が250ms以内）" />
                <property name="retryIteration" value="0" />
                <property name="repeatIteration" value="0" />
              </properties>
              <output><![CDATA[Cache invalidation performance (100 operations): 0ms
]]></output>
            </test-case>
            <test-case id="1272" name="Cache_LargeScale_SearchPerformance" fullname="ArcBT.Tests.TagCachePerformanceTests.Cache_LargeScale_SearchPerformance" methodname="Cache_LargeScale_SearchPerformance" classname="ArcBT.Tests.TagCachePerformanceTests" runstate="Runnable" seed="402645045" result="Passed" start-time="2025-07-28 12:09:41Z" end-time="2025-07-28 12:09:41Z" duration="0.033069" asserts="0">
              <properties>
                <property name="Description" value="大規模タグキャッシュ検索の性能をベンチマークテスト（1000オブジェクトで初回・キャッシュ検索の性能比較）" />
                <property name="retryIteration" value="0" />
                <property name="repeatIteration" value="0" />
              </properties>
              <output><![CDATA[Large scale first search (1000 objects): 0ms
Large scale cached search (1000 objects): 0ms
]]></output>
            </test-case>
            <test-case id="1271" name="Cache_MediumScale_SearchPerformance" fullname="ArcBT.Tests.TagCachePerformanceTests.Cache_MediumScale_SearchPerformance" methodname="Cache_MediumScale_SearchPerformance" classname="ArcBT.Tests.TagCachePerformanceTests" runstate="Runnable" seed="1020652587" result="Passed" start-time="2025-07-28 12:09:41Z" end-time="2025-07-28 12:09:41Z" duration="0.017550" asserts="0">
              <properties>
                <property name="Description" value="中規模タグキャッシュ検索の性能をベンチマークテスト（500オブジェクトで50回検索が200ms以内）" />
                <property name="retryIteration" value="0" />
                <property name="repeatIteration" value="0" />
              </properties>
              <output><![CDATA[Medium scale search (500 objects, 50 searches): 0ms
]]></output>
            </test-case>
            <test-case id="1279" name="Cache_MemoryUsage_Validation" fullname="ArcBT.Tests.TagCachePerformanceTests.Cache_MemoryUsage_Validation" methodname="Cache_MemoryUsage_Validation" classname="ArcBT.Tests.TagCachePerformanceTests" runstate="Runnable" seed="142603319" result="Passed" start-time="2025-07-28 12:09:41Z" end-time="2025-07-28 12:09:41Z" duration="0.039539" asserts="0">
              <properties>
                <property name="Description" value="キャッシュメモリ使用量の正当性をベンチマークテスト（1000オブジェクトでキャッシュ操作が1MB以内）" />
                <property name="retryIteration" value="0" />
                <property name="repeatIteration" value="0" />
              </properties>
              <output><![CDATA[Memory increase during cache operations: 614400 bytes
]]></output>
            </test-case>
            <test-case id="1277" name="Cache_MultipleTagSearch_Performance" fullname="ArcBT.Tests.TagCachePerformanceTests.Cache_MultipleTagSearch_Performance" methodname="Cache_MultipleTagSearch_Performance" classname="ArcBT.Tests.TagCachePerformanceTests" runstate="Runnable" seed="719407724" result="Passed" start-time="2025-07-28 12:09:41Z" end-time="2025-07-28 12:09:41Z" duration="0.345922" asserts="0">
              <properties>
                <property name="Description" value="複数タグ検索の性能をベンチマークテスト（500オブジェクトで200回検索が400ms以内、メモリ1000KB以内）" />
                <property name="retryIteration" value="0" />
                <property name="repeatIteration" value="0" />
              </properties>
              <output><![CDATA[Multiple tag search performance: 200 searches on 500 objects = 16ms
Average per search: 0.08ms
Total memory allocated: 12288 bytes (12.0 KB)
Memory per search: 61.4 bytes
]]></output>
            </test-case>
            <test-case id="1270" name="Cache_SmallScale_SearchPerformance" fullname="ArcBT.Tests.TagCachePerformanceTests.Cache_SmallScale_SearchPerformance" methodname="Cache_SmallScale_SearchPerformance" classname="ArcBT.Tests.TagCachePerformanceTests" runstate="Runnable" seed="728616397" result="Passed" start-time="2025-07-28 12:09:41Z" end-time="2025-07-28 12:09:41Z" duration="0.003828" asserts="0">
              <properties>
                <property name="Description" value="小規模タグキャッシュ検索の性能をベンチマークテスト（100オブジェクトで100回検索が100ms以内）" />
                <property name="retryIteration" value="0" />
                <property name="repeatIteration" value="0" />
              </properties>
              <output><![CDATA[Small scale search (100 objects, 100 searches): 0ms
]]></output>
            </test-case>
            <test-case id="1274" name="Cache_TagModification_Performance" fullname="ArcBT.Tests.TagCachePerformanceTests.Cache_TagModification_Performance" methodname="Cache_TagModification_Performance" classname="ArcBT.Tests.TagCachePerformanceTests" runstate="Runnable" seed="718900529" result="Passed" start-time="2025-07-28 12:09:41Z" end-time="2025-07-28 12:09:41Z" duration="0.016867" asserts="0">
              <properties>
                <property name="Description" value="タグ変更処理の性能をベンチマークテスト（500オブジェクトに50回タグ追加が200ms以内）" />
                <property name="retryIteration" value="0" />
                <property name="repeatIteration" value="0" />
              </properties>
              <output><![CDATA[Tag modification performance (50 modifications): 0ms
]]></output>
            </test-case>
          </test-suite>
          <test-suite type="TestFixture" id="1281" name="TagSystemBenchmarkTests" fullname="ArcBT.Tests.TagSystemBenchmarkTests" classname="ArcBT.Tests.TagSystemBenchmarkTests" runstate="Runnable" testcasecount="1" result="Passed" start-time="2025-07-28 12:09:41Z" end-time="2025-07-28 12:09:42Z" duration="1.003624" total="1" passed="1" failed="0" inconclusive="0" skipped="0" asserts="0">
            <properties />
            <test-case id="1282" name="Benchmark_AllTagSearchTypes_Combined" fullname="ArcBT.Tests.TagSystemBenchmarkTests.Benchmark_AllTagSearchTypes_Combined" methodname="Benchmark_AllTagSearchTypes_Combined" classname="ArcBT.Tests.TagSystemBenchmarkTests" runstate="Runnable" seed="184291963" result="Passed" start-time="2025-07-28 12:09:41Z" end-time="2025-07-28 12:09:42Z" duration="0.990246" asserts="0">
              <properties>
                <property name="Description" value="タグシステムの全検索種類を統合したベンチマークテスト（単一・複数・階層検索の性能測定）" />
                <property name="retryIteration" value="0" />
                <property name="repeatIteration" value="0" />
              </properties>
              <output><![CDATA[=== 統合ベンチマーク開始 ===
=== 複数タグ検索 ===
総時間: 16ms
総アロケーション: 0 bytes (0.0 KB)
検索回数: 200回
1検索あたり時間: 0.08ms
1検索あたりアロケーション: 0.0 bytes

=== 単一タグ検索 ===
総時間: 1ms
総アロケーション: 0 bytes (0.0 KB)
検索回数: 100回
1検索あたり時間: 0.01ms
1検索あたりアロケーション: 0.0 bytes

=== 階層検索 ===
総時間: 3ms
総アロケーション: 110592 bytes (108.0 KB)
検索回数: 100回
1検索あたり時間: 0.03ms
1検索あたりアロケーション: 1105.9 bytes

=== 全体サマリー ===
複数タグ: 0.08ms/検索, 0.0bytes/検索
単一タグ: 0.01ms/検索, 0.0bytes/検索
階層検索: 0.03ms/検索, 1105.9bytes/検索
[BASELINE] Multiple: 16ms, 0bytes
[BASELINE] Single: 1ms, 0bytes
[BASELINE] Hierarchical: 3ms, 110592bytes
]]></output>
            </test-case>
          </test-suite>
          <test-suite type="TestFixture" id="1283" name="UnityTagCompatibilityTests" fullname="ArcBT.Tests.UnityTagCompatibilityTests" classname="ArcBT.Tests.UnityTagCompatibilityTests" runstate="Runnable" testcasecount="13" result="Passed" start-time="2025-07-28 12:09:42Z" end-time="2025-07-28 12:09:42Z" duration="0.028194" total="13" passed="13" failed="0" inconclusive="0" skipped="0" asserts="0">
            <properties />
            <test-case id="1285" name="CompareGameplayTag_Component_WorksCorrectly" fullname="ArcBT.Tests.UnityTagCompatibilityTests.CompareGameplayTag_Component_WorksCorrectly" methodname="CompareGameplayTag_Component_WorksCorrectly" classname="ArcBT.Tests.UnityTagCompatibilityTests" runstate="Runnable" seed="848722357" result="Passed" start-time="2025-07-28 12:09:42Z" end-time="2025-07-28 12:09:42Z" duration="0.000630" asserts="0">
              <properties>
                <property name="Description" value="ComponentでのGameplayTag比較機能が正常に動作することを確認（階層マッチング含む）" />
                <property name="retryIteration" value="0" />
                <property name="repeatIteration" value="0" />
              </properties>
            </test-case>
            <test-case id="1284" name="CompareGameplayTag_GameObject_WorksCorrectly" fullname="ArcBT.Tests.UnityTagCompatibilityTests.CompareGameplayTag_GameObject_WorksCorrectly" methodname="CompareGameplayTag_GameObject_WorksCorrectly" classname="ArcBT.Tests.UnityTagCompatibilityTests" runstate="Runnable" seed="1020808887" result="Passed" start-time="2025-07-28 12:09:42Z" end-time="2025-07-28 12:09:42Z" duration="0.000348" asserts="0">
              <properties>
                <property name="Description" value="GameObjectでのGameplayTag比較機能が正常に動作することを確認（階層マッチング含む）" />
                <property name="retryIteration" value="0" />
                <property name="repeatIteration" value="0" />
              </properties>
            </test-case>
            <test-case id="1287" name="CompareGameplayTag_NullInputs_HandleGracefully" fullname="ArcBT.Tests.UnityTagCompatibilityTests.CompareGameplayTag_NullInputs_HandleGracefully" methodname="CompareGameplayTag_NullInputs_HandleGracefully" classname="ArcBT.Tests.UnityTagCompatibilityTests" runstate="Runnable" seed="368779653" result="Passed" start-time="2025-07-28 12:09:42Z" end-time="2025-07-28 12:09:42Z" duration="0.000252" asserts="0">
              <properties>
                <property name="Description" value="null入力や空文字列入力に対して適切にエラーハンドリングされることを確認" />
                <property name="retryIteration" value="0" />
                <property name="repeatIteration" value="0" />
              </properties>
            </test-case>
            <test-case id="1286" name="CompareGameplayTag_WithoutTagComponent_ReturnsFalse" fullname="ArcBT.Tests.UnityTagCompatibilityTests.CompareGameplayTag_WithoutTagComponent_ReturnsFalse" methodname="CompareGameplayTag_WithoutTagComponent_ReturnsFalse" classname="ArcBT.Tests.UnityTagCompatibilityTests" runstate="Runnable" seed="1315594835" result="Passed" start-time="2025-07-28 12:09:42Z" end-time="2025-07-28 12:09:42Z" duration="0.000232" asserts="0">
              <properties>
                <property name="Description" value="TagComponentがアタッチされていないGameObjectでのタグ比較がfalseを返すことを確認" />
                <property name="retryIteration" value="0" />
                <property name="repeatIteration" value="0" />
              </properties>
            </test-case>
            <test-case id="1296" name="ComponentComparison_WorksWithDifferentComponentTypes" fullname="ArcBT.Tests.UnityTagCompatibilityTests.ComponentComparison_WorksWithDifferentComponentTypes" methodname="ComponentComparison_WorksWithDifferentComponentTypes" classname="ArcBT.Tests.UnityTagCompatibilityTests" runstate="Runnable" seed="567666556" result="Passed" start-time="2025-07-28 12:09:42Z" end-time="2025-07-28 12:09:42Z" duration="0.000446" asserts="0">
              <properties>
                <property name="Description" value="異なるタイプのComponent（BoxCollider、Rigidbody等）でのGameplayTag比較が正しく動作することを確認" />
                <property name="retryIteration" value="0" />
                <property name="repeatIteration" value="0" />
              </properties>
            </test-case>
            <test-case id="1291" name="ConvertUnityTagToGameplayTag_AddsCorrectTag" fullname="ArcBT.Tests.UnityTagCompatibilityTests.ConvertUnityTagToGameplayTag_AddsCorrectTag" methodname="ConvertUnityTagToGameplayTag_AddsCorrectTag" classname="ArcBT.Tests.UnityTagCompatibilityTests" runstate="Runnable" seed="1615353282" result="Passed" start-time="2025-07-28 12:09:42Z" end-time="2025-07-28 12:09:42Z" duration="0.000447" asserts="0">
              <properties>
                <property name="Description" value="Unity標準タグからGameplayTagへの変換機能が正しいタグを追加することを確認" />
                <property name="retryIteration" value="0" />
                <property name="repeatIteration" value="0" />
              </properties>
            </test-case>
            <test-case id="1292" name="ConvertUnityTagToGameplayTag_WithExistingComponent_AddsTag" fullname="ArcBT.Tests.UnityTagCompatibilityTests.ConvertUnityTagToGameplayTag_WithExistingComponent_AddsTag" methodname="ConvertUnityTagToGameplayTag_WithExistingComponent_AddsTag" classname="ArcBT.Tests.UnityTagCompatibilityTests" runstate="Runnable" seed="1078741277" result="Passed" start-time="2025-07-28 12:09:42Z" end-time="2025-07-28 12:09:42Z" duration="0.000264" asserts="0">
              <properties>
                <property name="Description" value="既存TagComponentを持つGameObjectでのUnityタグ変換が新しいタグを追加することを確認" />
                <property name="retryIteration" value="0" />
                <property name="repeatIteration" value="0" />
              </properties>
            </test-case>
            <test-case id="1290" name="FindGameObjectsWithGameplayTag_FindsCorrectObjects" fullname="ArcBT.Tests.UnityTagCompatibilityTests.FindGameObjectsWithGameplayTag_FindsCorrectObjects" methodname="FindGameObjectsWithGameplayTag_FindsCorrectObjects" classname="ArcBT.Tests.UnityTagCompatibilityTests" runstate="Runnable" seed="1290718118" result="Passed" start-time="2025-07-28 12:09:42Z" end-time="2025-07-28 12:09:42Z" duration="0.000701" asserts="0">
              <properties>
                <property name="Description" value="GameplayTagを使用した複数GameObject検索が正しいオブジェクト群を返すことを確認" />
                <property name="retryIteration" value="0" />
                <property name="repeatIteration" value="0" />
              </properties>
            </test-case>
            <test-case id="1288" name="FindWithGameplayTag_FindsCorrectObject" fullname="ArcBT.Tests.UnityTagCompatibilityTests.FindWithGameplayTag_FindsCorrectObject" methodname="FindWithGameplayTag_FindsCorrectObject" classname="ArcBT.Tests.UnityTagCompatibilityTests" runstate="Runnable" seed="2122051018" result="Passed" start-time="2025-07-28 12:09:42Z" end-time="2025-07-28 12:09:42Z" duration="0.000371" asserts="0">
              <properties>
                <property name="Description" value="GameplayTagを使用したGameObject検索が正しいオブジェクトを返すことを確認" />
                <property name="retryIteration" value="0" />
                <property name="repeatIteration" value="0" />
              </properties>
            </test-case>
            <test-case id="1289" name="FindWithGameplayTag_ReturnsNullForNonExistent" fullname="ArcBT.Tests.UnityTagCompatibilityTests.FindWithGameplayTag_ReturnsNullForNonExistent" methodname="FindWithGameplayTag_ReturnsNullForNonExistent" classname="ArcBT.Tests.UnityTagCompatibilityTests" runstate="Runnable" seed="821429499" result="Passed" start-time="2025-07-28 12:09:42Z" end-time="2025-07-28 12:09:42Z" duration="0.000201" asserts="0">
              <properties>
                <property name="Description" value="存在しないGameplayTagでの検索がnullを返すことを確認" />
                <property name="retryIteration" value="0" />
                <property name="repeatIteration" value="0" />
              </properties>
            </test-case>
            <test-case id="1294" name="HierarchicalMatching_WorksCorrectly" fullname="ArcBT.Tests.UnityTagCompatibilityTests.HierarchicalMatching_WorksCorrectly" methodname="HierarchicalMatching_WorksCorrectly" classname="ArcBT.Tests.UnityTagCompatibilityTests" runstate="Runnable" seed="839017501" result="Passed" start-time="2025-07-28 12:09:42Z" end-time="2025-07-28 12:09:42Z" duration="0.000253" asserts="0">
              <properties>
                <property name="Description" value="階層的タグマッチング機能が正しく動作することを確認（Character.Enemy.Boss→Characterマッチ等）" />
                <property name="retryIteration" value="0" />
                <property name="repeatIteration" value="0" />
              </properties>
            </test-case>
            <test-case id="1295" name="MultipleTagsOnObject_AllWorkCorrectly" fullname="ArcBT.Tests.UnityTagCompatibilityTests.MultipleTagsOnObject_AllWorkCorrectly" methodname="MultipleTagsOnObject_AllWorkCorrectly" classname="ArcBT.Tests.UnityTagCompatibilityTests" runstate="Runnable" seed="1650489590" result="Passed" start-time="2025-07-28 12:09:42Z" end-time="2025-07-28 12:09:42Z" duration="0.000290" asserts="0">
              <properties>
                <property name="Description" value="一つのGameObjectに複数タグを設定した場合の検索機能が正しく動作することを確認" />
                <property name="retryIteration" value="0" />
                <property name="repeatIteration" value="0" />
              </properties>
            </test-case>
            <test-case id="1293" name="TagConversion_FollowsCorrectMapping" fullname="ArcBT.Tests.UnityTagCompatibilityTests.TagConversion_FollowsCorrectMapping" methodname="TagConversion_FollowsCorrectMapping" classname="ArcBT.Tests.UnityTagCompatibilityTests" runstate="Runnable" seed="1932166498" result="Passed" start-time="2025-07-28 12:09:42Z" end-time="2025-07-28 12:09:42Z" duration="0.000663" asserts="0">
              <properties>
                <property name="Description" value="UnityタグからGameplayTagへのマッピングルールが正しく適用されることを確認（Player→Character.Player等）" />
                <property name="retryIteration" value="0" />
                <property name="repeatIteration" value="0" />
              </properties>
              <output><![CDATA[Saving results to: C:/Users/myunp/AppData/LocalLow/DefaultCompany/AIBTree\TestResults.xml
]]></output>
            </test-case>
          </test-suite>
        </test-suite>
      </test-suite>
    </test-suite>
  </test-suite>
</test-run>