<?xml version="1.0" encoding="utf-8"?>
<test-run id="2" testcasecount="38" result="Passed" total="38" passed="38" failed="0" inconclusive="0" skipped="0" asserts="0" engine-version="3.5.0.0" clr-version="4.0.30319.42000" start-time="2025-07-26 03:03:54Z" end-time="2025-07-26 03:03:55Z" duration="0.239622">
  <test-suite type="TestSuite" id="1049" name="AIBTree" fullname="AIBTree" runstate="Runnable" testcasecount="38" result="Passed" start-time="2025-07-26 03:03:54Z" end-time="2025-07-26 03:03:55Z" duration="0.239622" total="38" passed="38" failed="0" inconclusive="0" skipped="0" asserts="0">
    <properties>
      <property name="platform" value="EditMode" />
    </properties>
    <test-suite type="Assembly" id="1042" name="Tests.dll" fullname="C:/Users/myunp/workspace/MagicMcp/src/AIBTree/Library/ScriptAssemblies/Tests.dll" runstate="Runnable" testcasecount="38" result="Passed" start-time="2025-07-26 03:03:54Z" end-time="2025-07-26 03:03:55Z" duration="0.222280" total="38" passed="38" failed="0" inconclusive="0" skipped="0" asserts="0">
      <properties>
        <property name="_PID" value="54240" />
        <property name="_APPDOMAIN" value="Unity Child Domain" />
        <property name="platform" value="EditMode" />
        <property name="EditorOnly" value="True" />
      </properties>
      <test-suite type="TestSuite" id="1043" name="BehaviourTree" fullname="BehaviourTree" runstate="Runnable" testcasecount="38" result="Passed" start-time="2025-07-26 03:03:54Z" end-time="2025-07-26 03:03:55Z" duration="0.218673" total="38" passed="38" failed="0" inconclusive="0" skipped="0" asserts="0">
        <properties />
        <test-suite type="TestSuite" id="1044" name="Tests" fullname="BehaviourTree.Tests" runstate="Runnable" testcasecount="38" result="Passed" start-time="2025-07-26 03:03:54Z" end-time="2025-07-26 03:03:55Z" duration="0.215635" total="38" passed="38" failed="0" inconclusive="0" skipped="0" asserts="0">
          <properties />
          <test-suite type="TestFixture" id="1001" name="BTFileValidationTests" fullname="BehaviourTree.Tests.BTFileValidationTests" classname="BehaviourTree.Tests.BTFileValidationTests" runstate="Runnable" testcasecount="6" result="Passed" start-time="2025-07-26 03:03:54Z" end-time="2025-07-26 03:03:55Z" duration="0.091200" total="6" passed="6" failed="0" inconclusive="0" skipped="0" asserts="0">
            <properties />
            <test-case id="1005" name="ValidateAllScriptReferences" fullname="BehaviourTree.Tests.BTFileValidationTests.ValidateAllScriptReferences" methodname="ValidateAllScriptReferences" classname="BehaviourTree.Tests.BTFileValidationTests" runstate="Runnable" seed="117645945" result="Passed" start-time="2025-07-26 03:03:54Z" end-time="2025-07-26 03:03:55Z" duration="0.039641" asserts="0">
              <properties>
                <property name="Description" value="全BTファイルで使用されているスクリプト名の検証" />
                <property name="retryIteration" value="0" />
                <property name="repeatIteration" value="0" />
              </properties>
              <output><![CDATA[🔍 Analyzing script references in: advanced_guard_new_format.bt
🔍 Creating node: Condition IsInitialized
🔍 Properties: 
🚀 Creating Condition with script 'IsInitialized'
🔧 CreateNodeFromScript: script='IsInitialized', type='Condition'
🔧 Creating CONDITION node for script: IsInitialized
✅ Created IsInitializedCondition
🔍 Creating node: Condition HealthCheck
🔍 Properties: min_health=20
🚀 Creating Condition with script 'HealthCheck'
🔧 CreateNodeFromScript: script='HealthCheck', type='Condition'
🔧 Creating CONDITION node for script: HealthCheck
✅ Created HealthCheckCondition
🔍 Creating node: Condition HasItem
🔍 Properties: item_type=health_potion
🚀 Creating Condition with script 'HasItem'
🔧 CreateNodeFromScript: script='HasItem', type='Condition'
🔧 Creating CONDITION node for script: HasItem
✅ Created HasItemCondition
🔍 Creating node: Action UseItem
🔍 Properties: item_type=health_potion, duration=2.0
🚀 Creating Action with script 'UseItem'
🔧 CreateNodeFromScript: script='UseItem', type='Action'
🔧 Creating ACTION node for script: UseItem
✅ Created UseItemAction
🔍 Creating node: Sequence use_healing
🔍 Properties: 
🔧 Creating composite node: Sequence
🔍 Creating node: Action FleeToSafety
🔍 Properties: target=safe_zone, speed=5.0, tolerance=2.0
🚀 Creating Action with script 'FleeToSafety'
🔧 CreateNodeFromScript: script='FleeToSafety', type='Action'
🔧 Creating ACTION node for script: FleeToSafety
✅ Created FleeToSafetyAction
🔍 Creating node: Selector retreat_options
🔍 Properties: 
🔧 Creating composite node: Selector
🔍 Creating node: Sequence emergency_retreat
🔍 Properties: 
🔧 Creating composite node: Sequence
🔍 Creating node: Condition EnemyCheck
🔍 Properties: detection_range=8.0
🚀 Creating Condition with script 'EnemyCheck'
🔧 CreateNodeFromScript: script='EnemyCheck', type='Condition'
🔧 Creating CONDITION node for script: EnemyCheck
✅ Created EnemyCheckCondition
🔍 Creating node: Condition EnemyCheck
🔍 Properties: detection_range=6.0
🚀 Creating Condition with script 'EnemyCheck'
🔧 CreateNodeFromScript: script='EnemyCheck', type='Condition'
🔧 Creating CONDITION node for script: EnemyCheck
✅ Created EnemyCheckCondition
🔍 Creating node: Condition HasItem
🔍 Properties: item_type=bow
🚀 Creating Condition with script 'HasItem'
🔧 CreateNodeFromScript: script='HasItem', type='Condition'
🔧 Creating CONDITION node for script: HasItem
✅ Created HasItemCondition
🔍 Creating node: Action Attack
🔍 Properties: attack_type=ranged, damage=30, range=6.0, cooldown=1.5
🚀 Creating Action with script 'Attack'
🔧 CreateNodeFromScript: script='Attack', type='Action'
🔧 Creating ACTION node for script: Attack
✅ Created AttackAction
🔍 Creating node: Sequence ranged_attack
🔍 Properties: 
🔧 Creating composite node: Sequence
🔍 Creating node: Action MoveToPosition
🔍 Properties: target=detected_enemy, speed=4.0, tolerance=1.5
🚀 Creating Action with script 'MoveToPosition'
🔧 CreateNodeFromScript: script='MoveToPosition', type='Action'
🔧 Creating ACTION node for script: MoveToPosition
✅ Created MoveToPositionAction
🔍 Creating node: Action AttackEnemy
🔍 Properties: damage=40, attack_range=2.0, cooldown=1.0
🚀 Creating Action with script 'AttackEnemy'
🔧 CreateNodeFromScript: script='AttackEnemy', type='Action'
🔧 Creating ACTION node for script: AttackEnemy
✅ Created AttackEnemyAction
🔍 Creating node: Sequence melee_combat
🔍 Properties: 
🔧 Creating composite node: Sequence
🔍 Creating node: Selector combat_tactics
🔍 Properties: 
🔧 Creating composite node: Selector
🔍 Creating node: Action Wait
🔍 Properties: duration=0.5
🚀 Creating Action with script 'Wait'
🔧 CreateNodeFromScript: script='Wait', type='Action'
🔧 Creating ACTION node for script: Wait
✅ Created WaitAction
🔍 Creating node: Sequence combat_behavior
🔍 Properties: 
🔧 Creating composite node: Sequence
🔍 Creating node: Condition HealthCheck
🔍 Properties: min_health=50
🚀 Creating Condition with script 'HealthCheck'
🔧 CreateNodeFromScript: script='HealthCheck', type='Condition'
🔧 Creating CONDITION node for script: HealthCheck
✅ Created HealthCheckCondition
🔍 Creating node: Action MoveToPosition
🔍 Properties: target=patrol_point_1, speed=2.5, tolerance=1.0
🚀 Creating Action with script 'MoveToPosition'
🔧 CreateNodeFromScript: script='MoveToPosition', type='Action'
🔧 Creating ACTION node for script: MoveToPosition
✅ Created MoveToPositionAction
🔍 Creating node: Action Wait
🔍 Properties: duration=3.0
🚀 Creating Action with script 'Wait'
🔧 CreateNodeFromScript: script='Wait', type='Action'
🔧 Creating ACTION node for script: Wait
✅ Created WaitAction
🔍 Creating node: Condition HasTarget
🔍 Properties: target=patrol_point_2
🚀 Creating Condition with script 'HasTarget'
🔧 CreateNodeFromScript: script='HasTarget', type='Condition'
🔧 Creating CONDITION node for script: HasTarget
✅ Created HasTargetCondition
🔍 Creating node: Sequence patrol_to_point1
🔍 Properties: 
🔧 Creating composite node: Sequence
🔍 Creating node: Action MoveToPosition
🔍 Properties: target=patrol_point_2, speed=2.5, tolerance=1.0
🚀 Creating Action with script 'MoveToPosition'
🔧 CreateNodeFromScript: script='MoveToPosition', type='Action'
🔧 Creating ACTION node for script: MoveToPosition
✅ Created MoveToPositionAction
🔍 Creating node: Action Wait
🔍 Properties: duration=2.5
🚀 Creating Action with script 'Wait'
🔧 CreateNodeFromScript: script='Wait', type='Action'
🔧 Creating ACTION node for script: Wait
✅ Created WaitAction
🔍 Creating node: Sequence patrol_to_point2
🔍 Properties: 
🔧 Creating composite node: Sequence
🔍 Creating node: Action MoveToPosition
🔍 Properties: target=guard_post, speed=3.0, tolerance=0.8
🚀 Creating Action with script 'MoveToPosition'
🔧 CreateNodeFromScript: script='MoveToPosition', type='Action'
🔧 Creating ACTION node for script: MoveToPosition
✅ Created MoveToPositionAction
🔍 Creating node: Action Wait
🔍 Properties: duration=4.0
🚀 Creating Action with script 'Wait'
🔧 CreateNodeFromScript: script='Wait', type='Action'
🔧 Creating ACTION node for script: Wait
✅ Created WaitAction
🔍 Creating node: Sequence return_to_base
🔍 Properties: 
🔧 Creating composite node: Sequence
🔍 Creating node: Selector patrol_pattern
🔍 Properties: 
🔧 Creating composite node: Selector
🔍 Creating node: Sequence patrol_behavior
🔍 Properties: 
🔧 Creating composite node: Sequence
🔍 Creating node: Action Wait
🔍 Properties: duration=1.0
🚀 Creating Action with script 'Wait'
🔧 CreateNodeFromScript: script='Wait', type='Action'
🔧 Creating ACTION node for script: Wait
✅ Created WaitAction
🔍 Creating node: Action RandomWander
🔍 Properties: radius=2.0, speed=1.5, duration=2.0
🚀 Creating Action with script 'RandomWander'
🔧 CreateNodeFromScript: script='RandomWander', type='Action'
🔧 Creating ACTION node for script: RandomWander
✅ Created RandomWanderAction
🔍 Creating node: Sequence idle_behavior
🔍 Properties: 
🔧 Creating composite node: Sequence
🔍 Creating node: Selector priority_behavior
🔍 Properties: 
🔧 Creating composite node: Selector
🔍 Creating node: Sequence main_loop
🔍 Properties: 
🔧 Creating composite node: Sequence
🔍 Analyzing script references in: blackboard_sample.bt
🔍 Creating node: Action ScanEnvironment
🔍 Properties: scan_radius=15.0
🚀 Creating Action with script 'ScanEnvironment'
🔧 CreateNodeFromScript: script='ScanEnvironment', type='Action'
🔧 Creating ACTION node for script: ScanEnvironment
✅ Created ScanEnvironmentAction
🔍 Creating node: Condition HasSharedEnemyInfo
🔍 Properties: 
🚀 Creating Condition with script 'HasSharedEnemyInfo'
🔧 CreateNodeFromScript: script='HasSharedEnemyInfo', type='Condition'
🔧 Creating CONDITION node for script: HasSharedEnemyInfo
✅ Created HasSharedEnemyInfoCondition
🔍 Creating node: Action MoveToEnemy
🔍 Properties: speed=4.0, tolerance=1.5
🚀 Creating Action with script 'MoveToEnemy'
🔧 CreateNodeFromScript: script='MoveToEnemy', type='Action'
🔧 Creating ACTION node for script: MoveToEnemy
✅ Created MoveToEnemyAction
🔍 Creating node: Action AttackTarget
🔍 Properties: damage=30
🚀 Creating Action with script 'AttackTarget'
🔧 CreateNodeFromScript: script='AttackTarget', type='Action'
🔧 Creating ACTION node for script: AttackTarget
✅ Created AttackTargetAction
🔍 Creating node: Sequence move_to_enemy
🔍 Properties: 
🔧 Creating composite node: Sequence
🔍 Creating node: Action RandomWander
🔍 Properties: wander_radius=10.0, speed=2.0
🚀 Creating Action with script 'RandomWander'
🔧 CreateNodeFromScript: script='RandomWander', type='Action'
🔧 Creating ACTION node for script: RandomWander
✅ Created RandomWanderAction
🔍 Creating node: Selector movement_behavior
🔍 Properties: 
🔧 Creating composite node: Selector
🔍 Creating node: Sequence main
🔍 Properties: 
🔧 Creating composite node: Sequence
🔍 Analyzing script references in: complex_example.bt
🔍 Creating node: Condition IsInitialized
🔍 Properties: 
🚀 Creating Condition with script 'IsInitialized'
🔧 CreateNodeFromScript: script='IsInitialized', type='Condition'
🔧 Creating CONDITION node for script: IsInitialized
✅ Created IsInitializedCondition
🔍 Creating node: Condition HealthCheck
🔍 Properties: min_health=20
🚀 Creating Condition with script 'HealthCheck'
🔧 CreateNodeFromScript: script='HealthCheck', type='Condition'
🔧 Creating CONDITION node for script: HealthCheck
✅ Created HealthCheckCondition
🔍 Creating node: Condition HasItem
🔍 Properties: item_type=healing_potion
🚀 Creating Condition with script 'HasItem'
🔧 CreateNodeFromScript: script='HasItem', type='Condition'
🔧 Creating CONDITION node for script: HasItem
✅ Created HasItemCondition
🔍 Creating node: Action UseItem
🔍 Properties: item_type=healing_potion
🚀 Creating Action with script 'UseItem'
🔧 CreateNodeFromScript: script='UseItem', type='Action'
🔧 Creating ACTION node for script: UseItem
✅ Created UseItemAction
🔍 Creating node: Sequence use_healing
🔍 Properties: 
🔧 Creating composite node: Sequence
🔍 Creating node: Action FleeToSafety
🔍 Properties: min_distance=20.0, speed_multiplier=1.5
🚀 Creating Action with script 'FleeToSafety'
🔧 CreateNodeFromScript: script='FleeToSafety', type='Action'
🔧 Creating ACTION node for script: FleeToSafety
✅ Created FleeToSafetyAction
🔍 Creating node: Selector escape_options
🔍 Properties: 
🔧 Creating composite node: Selector
🔍 Creating node: Sequence emergency_response
🔍 Properties: 
🔧 Creating composite node: Sequence
🔍 Creating node: Condition EnemyInRange
🔍 Properties: attack_range=5.0
🚀 Creating Condition with script 'EnemyInRange'
🔧 CreateNodeFromScript: script='EnemyInRange', type='Condition'
🔧 Creating CONDITION node for script: EnemyInRange
✅ Created EnemyInRangeCondition
🔍 Creating node: Condition HealthCheck
🔍 Properties: min_health=30
🚀 Creating Condition with script 'HealthCheck'
🔧 CreateNodeFromScript: script='HealthCheck', type='Condition'
🔧 Creating CONDITION node for script: HealthCheck
✅ Created HealthCheckCondition
🔍 Creating node: Condition HasMana
🔍 Properties: min_mana=50
🚀 Creating Condition with script 'HasMana'
🔧 CreateNodeFromScript: script='HasMana', type='Condition'
🔧 Creating CONDITION node for script: HasMana
✅ Created HasManaCondition
🔍 Creating node: Condition EnemyHealthCheck
🔍 Properties: min_health=80
🚀 Creating Condition with script 'EnemyHealthCheck'
🔧 CreateNodeFromScript: script='EnemyHealthCheck', type='Condition'
🔧 Creating CONDITION node for script: EnemyHealthCheck
✅ Created EnemyHealthCheckCondition
🔍 Creating node: Action CastSpell
🔍 Properties: spell_name=fireball, damage=40, mana_cost=50
🚀 Creating Action with script 'CastSpell'
🔧 CreateNodeFromScript: script='CastSpell', type='Action'
🔧 Creating ACTION node for script: CastSpell
✅ Created CastSpellAction
🔍 Creating node: Sequence special_attack
🔍 Properties: 
🔧 Creating composite node: Sequence
🔍 Creating node: Action NormalAttack
🔍 Properties: damage=15, cooldown=1.0
🚀 Creating Action with script 'NormalAttack'
🔧 CreateNodeFromScript: script='NormalAttack', type='Action'
🔧 Creating ACTION node for script: NormalAttack
✅ Created NormalAttackAction
🔍 Creating node: Selector combat_strategy
🔍 Properties: 
🔧 Creating composite node: Selector
🔍 Creating node: Sequence combat_behavior
🔍 Properties: 
🔧 Creating composite node: Sequence
🔍 Creating node: Condition ScanForInterest
🔍 Properties: scan_radius=12.0
🚀 Creating Condition with script 'ScanForInterest'
🔧 CreateNodeFromScript: script='ScanForInterest', type='Condition'
🔧 Creating CONDITION node for script: ScanForInterest
✅ Created ScanForInterestCondition
🔍 Creating node: Action MoveToTarget
🔍 Properties: move_type=investigate, speed=2.0
🚀 Creating Action with script 'MoveToTarget'
🔧 CreateNodeFromScript: script='MoveToTarget', type='Action'
🔧 Creating ACTION node for script: MoveToTarget
✅ Created MoveToTargetAction
🔍 Creating node: Action Interact
🔍 Properties: interaction_type=examine
🚀 Creating Action with script 'Interact'
🔧 CreateNodeFromScript: script='Interact', type='Action'
🔧 Creating ACTION node for script: Interact
✅ Created InteractAction
🔍 Creating node: Sequence investigate
🔍 Properties: 
🔧 Creating composite node: Sequence
🔍 Creating node: Action RandomWander
🔍 Properties: wander_radius=10.0, speed=1.5, pause_duration=3.0
🚀 Creating Action with script 'RandomWander'
🔧 CreateNodeFromScript: script='RandomWander', type='Action'
🔧 Creating ACTION node for script: RandomWander
✅ Created RandomWanderAction
🔍 Creating node: Selector move_behavior
🔍 Properties: 
🔧 Creating composite node: Selector
🔍 Creating node: Sequence exploration
🔍 Properties: 
🔧 Creating composite node: Sequence
🔍 Creating node: Action EnvironmentScan
🔍 Properties: scan_interval=2.0, scan_radius=15.0
🚀 Creating Action with script 'EnvironmentScan'
🔧 CreateNodeFromScript: script='EnvironmentScan', type='Action'
🔧 Creating ACTION node for script: EnvironmentScan
✅ Created EnvironmentScanAction
🔍 Creating node: Action Wait
🔍 Properties: duration=5.0
🚀 Creating Action with script 'Wait'
🔧 CreateNodeFromScript: script='Wait', type='Action'
🔧 Creating ACTION node for script: Wait
✅ Created WaitAction
🔍 Creating node: Parallel monitoring_idle
🔍 Properties: success_policy=require_one, failure_policy=require_all
🔧 Creating composite node: Parallel
🔍 Creating node: Selector main_loop
🔍 Properties: 
🔧 Creating composite node: Selector
🔍 Creating node: Sequence root
🔍 Properties: 
🔧 Creating composite node: Sequence
🔍 Analyzing script references in: dynamic_condition_sample.bt
🔍 Creating node: Condition HealthCheck
🔍 Properties: min_health=50
🚀 Creating Condition with script 'HealthCheck'
🔧 CreateNodeFromScript: script='HealthCheck', type='Condition'
🔧 Creating CONDITION node for script: HealthCheck
✅ Created HealthCheckCondition
🔍 Creating node: Condition EnemyCheck
🔍 Properties: detection_range=10.0
🚀 Creating Condition with script 'EnemyCheck'
🔧 CreateNodeFromScript: script='EnemyCheck', type='Condition'
🔧 Creating CONDITION node for script: EnemyCheck
✅ Created EnemyCheckCondition
🔍 Creating node: Action AttackEnemy
🔍 Properties: damage=35, attack_range=2.5
🚀 Creating Action with script 'AttackEnemy'
🔧 CreateNodeFromScript: script='AttackEnemy', type='Action'
🔧 Creating ACTION node for script: AttackEnemy
✅ Created AttackEnemyAction
🔍 Creating node: Sequence healthy_combat
🔍 Properties: 
🔧 Creating composite node: Sequence
🔍 Creating node: Condition HealthCheck
🔍 Properties: min_health=20
🚀 Creating Condition with script 'HealthCheck'
🔧 CreateNodeFromScript: script='HealthCheck', type='Condition'
🔧 Creating CONDITION node for script: HealthCheck
✅ Created HealthCheckCondition
🔍 Creating node: Action MoveToPosition
🔍 Properties: target=safe_zone, speed=3.0
🚀 Creating Action with script 'MoveToPosition'
🔧 CreateNodeFromScript: script='MoveToPosition', type='Action'
🔧 Creating ACTION node for script: MoveToPosition
✅ Created MoveToPositionAction
🔍 Creating node: Action Wait
🔍 Properties: duration=3.0
🚀 Creating Action with script 'Wait'
🔧 CreateNodeFromScript: script='Wait', type='Action'
🔧 Creating ACTION node for script: Wait
✅ Created WaitAction
🔍 Creating node: Sequence safe_healing
🔍 Properties: 
🔧 Creating composite node: Sequence
🔍 Creating node: Action MoveToPosition
🔍 Properties: target=emergency_exit, speed=6.0
🚀 Creating Action with script 'MoveToPosition'
🔧 CreateNodeFromScript: script='MoveToPosition', type='Action'
🔧 Creating ACTION node for script: MoveToPosition
✅ Created MoveToPositionAction
🔍 Creating node: Selector main
🔍 Properties: 
🔧 Creating composite node: Selector
🔍 Analyzing script references in: improved_format_example.bt
🔍 Creating node: Condition IsInitialized
🔍 Properties: 
🚀 Creating Condition with script 'IsInitialized'
🔧 CreateNodeFromScript: script='IsInitialized', type='Condition'
🔧 Creating CONDITION node for script: IsInitialized
✅ Created IsInitializedCondition
🔍 Creating node: Condition HealthCheck
🔍 Properties: min_health=20
🚀 Creating Condition with script 'HealthCheck'
🔧 CreateNodeFromScript: script='HealthCheck', type='Condition'
🔧 Creating CONDITION node for script: HealthCheck
✅ Created HealthCheckCondition
🔍 Creating node: Condition HasItem
🔍 Properties: item_type=health_potion
🚀 Creating Condition with script 'HasItem'
🔧 CreateNodeFromScript: script='HasItem', type='Condition'
🔧 Creating CONDITION node for script: HasItem
✅ Created HasItemCondition
🔍 Creating node: Action UseItem
🔍 Properties: item_type=health_potion, duration=2.0
🚀 Creating Action with script 'UseItem'
🔧 CreateNodeFromScript: script='UseItem', type='Action'
🔧 Creating ACTION node for script: UseItem
✅ Created UseItemAction
🔍 Creating node: Sequence use_healing
🔍 Properties: 
🔧 Creating composite node: Sequence
🔍 Creating node: Action FleeToSafety
🔍 Properties: target=safe_zone, speed=5.0, tolerance=2.0
🚀 Creating Action with script 'FleeToSafety'
🔧 CreateNodeFromScript: script='FleeToSafety', type='Action'
🔧 Creating ACTION node for script: FleeToSafety
✅ Created FleeToSafetyAction
🔍 Creating node: Selector retreat_options
🔍 Properties: 
🔧 Creating composite node: Selector
🔍 Creating node: Sequence emergency_retreat
🔍 Properties: 
🔧 Creating composite node: Sequence
🔍 Creating node: Condition EnemyCheck
🔍 Properties: detection_range=8.0
🚀 Creating Condition with script 'EnemyCheck'
🔧 CreateNodeFromScript: script='EnemyCheck', type='Condition'
🔧 Creating CONDITION node for script: EnemyCheck
✅ Created EnemyCheckCondition
🔍 Creating node: Condition EnemyCheck
🔍 Properties: detection_range=6.0
🚀 Creating Condition with script 'EnemyCheck'
🔧 CreateNodeFromScript: script='EnemyCheck', type='Condition'
🔧 Creating CONDITION node for script: EnemyCheck
✅ Created EnemyCheckCondition
🔍 Creating node: Condition HasItem
🔍 Properties: item_type=bow
🚀 Creating Condition with script 'HasItem'
🔧 CreateNodeFromScript: script='HasItem', type='Condition'
🔧 Creating CONDITION node for script: HasItem
✅ Created HasItemCondition
🔍 Creating node: Action Attack
🔍 Properties: attack_type=ranged, damage=30, range=6.0, cooldown=1.5
🚀 Creating Action with script 'Attack'
🔧 CreateNodeFromScript: script='Attack', type='Action'
🔧 Creating ACTION node for script: Attack
✅ Created AttackAction
🔍 Creating node: Sequence ranged_attack
🔍 Properties: 
🔧 Creating composite node: Sequence
🔍 Creating node: Action MoveToPosition
🔍 Properties: target=detected_enemy, speed=4.0, tolerance=1.5
🚀 Creating Action with script 'MoveToPosition'
🔧 CreateNodeFromScript: script='MoveToPosition', type='Action'
🔧 Creating ACTION node for script: MoveToPosition
✅ Created MoveToPositionAction
🔍 Creating node: Action AttackEnemy
🔍 Properties: damage=40, attack_range=2.0, cooldown=1.0
🚀 Creating Action with script 'AttackEnemy'
🔧 CreateNodeFromScript: script='AttackEnemy', type='Action'
🔧 Creating ACTION node for script: AttackEnemy
✅ Created AttackEnemyAction
🔍 Creating node: Sequence melee_combat
🔍 Properties: 
🔧 Creating composite node: Sequence
🔍 Creating node: Selector combat_tactics
🔍 Properties: 
🔧 Creating composite node: Selector
🔍 Creating node: Action Wait
🔍 Properties: duration=0.5
🚀 Creating Action with script 'Wait'
🔧 CreateNodeFromScript: script='Wait', type='Action'
🔧 Creating ACTION node for script: Wait
✅ Created WaitAction
🔍 Creating node: Sequence combat_behavior
🔍 Properties: 
🔧 Creating composite node: Sequence
🔍 Creating node: Condition HealthCheck
🔍 Properties: min_health=50
🚀 Creating Condition with script 'HealthCheck'
🔧 CreateNodeFromScript: script='HealthCheck', type='Condition'
🔧 Creating CONDITION node for script: HealthCheck
✅ Created HealthCheckCondition
🔍 Creating node: Action MoveToPosition
🔍 Properties: target=patrol_point_1, speed=2.5, tolerance=1.0
🚀 Creating Action with script 'MoveToPosition'
🔧 CreateNodeFromScript: script='MoveToPosition', type='Action'
🔧 Creating ACTION node for script: MoveToPosition
✅ Created MoveToPositionAction
🔍 Creating node: Action Wait
🔍 Properties: duration=3.0
🚀 Creating Action with script 'Wait'
🔧 CreateNodeFromScript: script='Wait', type='Action'
🔧 Creating ACTION node for script: Wait
✅ Created WaitAction
🔍 Creating node: Sequence patrol_to_point1
🔍 Properties: 
🔧 Creating composite node: Sequence
🔍 Creating node: Action MoveToPosition
🔍 Properties: target=patrol_point_2, speed=2.5, tolerance=1.0
🚀 Creating Action with script 'MoveToPosition'
🔧 CreateNodeFromScript: script='MoveToPosition', type='Action'
🔧 Creating ACTION node for script: MoveToPosition
✅ Created MoveToPositionAction
🔍 Creating node: Action Wait
🔍 Properties: duration=2.5
🚀 Creating Action with script 'Wait'
🔧 CreateNodeFromScript: script='Wait', type='Action'
🔧 Creating ACTION node for script: Wait
✅ Created WaitAction
🔍 Creating node: Sequence patrol_to_point2
🔍 Properties: 
🔧 Creating composite node: Sequence
🔍 Creating node: Action MoveToPosition
🔍 Properties: target=guard_post, speed=3.0, tolerance=0.8
🚀 Creating Action with script 'MoveToPosition'
🔧 CreateNodeFromScript: script='MoveToPosition', type='Action'
🔧 Creating ACTION node for script: MoveToPosition
✅ Created MoveToPositionAction
🔍 Creating node: Action Wait
🔍 Properties: duration=4.0
🚀 Creating Action with script 'Wait'
🔧 CreateNodeFromScript: script='Wait', type='Action'
🔧 Creating ACTION node for script: Wait
✅ Created WaitAction
🔍 Creating node: Sequence return_to_base
🔍 Properties: 
🔧 Creating composite node: Sequence
🔍 Creating node: Selector patrol_pattern
🔍 Properties: 
🔧 Creating composite node: Selector
🔍 Creating node: Sequence patrol_behavior
🔍 Properties: 
🔧 Creating composite node: Sequence
🔍 Creating node: Action Wait
🔍 Properties: duration=1.0
🚀 Creating Action with script 'Wait'
🔧 CreateNodeFromScript: script='Wait', type='Action'
🔧 Creating ACTION node for script: Wait
✅ Created WaitAction
🔍 Creating node: Action RandomWander
🔍 Properties: radius=2.0, speed=1.5, duration=2.0
🚀 Creating Action with script 'RandomWander'
🔧 CreateNodeFromScript: script='RandomWander', type='Action'
🔧 Creating ACTION node for script: RandomWander
✅ Created RandomWanderAction
🔍 Creating node: Sequence idle_behavior
🔍 Properties: 
🔧 Creating composite node: Sequence
🔍 Creating node: Selector priority_behavior
🔍 Properties: 
🔧 Creating composite node: Selector
🔍 Creating node: Sequence main_loop
🔍 Properties: 
🔧 Creating composite node: Sequence
🔍 Analyzing script references in: resource_management_sample.bt
🔍 Creating node: Action InitializeResources
🔍 Properties: 
🚀 Creating Action with script 'InitializeResources'
🔧 CreateNodeFromScript: script='InitializeResources', type='Action'
🔧 Creating ACTION node for script: InitializeResources
✅ Created InitializeResourcesAction
🔍 Creating node: Condition CheckManaResource
🔍 Properties: min_mana=50
🚀 Creating Condition with script 'CheckManaResource'
🔧 CreateNodeFromScript: script='CheckManaResource', type='Condition'
🔧 Creating CONDITION node for script: CheckManaResource
✅ Created CheckManaResourceCondition
🔍 Creating node: Action CastSpell
🔍 Properties: spell_name=fireball, mana_cost=50, damage=60
🚀 Creating Action with script 'CastSpell'
🔧 CreateNodeFromScript: script='CastSpell', type='Action'
🔧 Creating ACTION node for script: CastSpell
✅ Created CastSpellAction
🔍 Creating node: Sequence magic_attack
🔍 Properties: 
🔧 Creating composite node: Sequence
🔍 Creating node: Condition HealthCheck
🔍 Properties: min_health=30
🚀 Creating Condition with script 'HealthCheck'
🔧 CreateNodeFromScript: script='HealthCheck', type='Condition'
🔧 Creating CONDITION node for script: HealthCheck
✅ Created HealthCheckCondition
🔍 Creating node: Condition HasItem
🔍 Properties: item_type=healing_potion
🚀 Creating Condition with script 'HasItem'
🔧 CreateNodeFromScript: script='HasItem', type='Condition'
🔧 Creating CONDITION node for script: HasItem
✅ Created HasItemCondition
🔍 Creating node: Action UseItem
🔍 Properties: item_type=healing_potion, duration=2.0
🚀 Creating Action with script 'UseItem'
🔧 CreateNodeFromScript: script='UseItem', type='Action'
🔧 Creating ACTION node for script: UseItem
✅ Created UseItemAction
🔍 Creating node: Sequence healing_behavior
🔍 Properties: 
🔧 Creating composite node: Sequence
🔍 Creating node: Action Attack
🔍 Properties: damage=25
🚀 Creating Action with script 'Attack'
🔧 CreateNodeFromScript: script='Attack', type='Action'
🔧 Creating ACTION node for script: Attack
✅ Created AttackAction
🔍 Creating node: Action RestoreSmallMana
🔍 Properties: mana_gain=10
🚀 Creating Action with script 'RestoreSmallMana'
🔧 CreateNodeFromScript: script='RestoreSmallMana', type='Action'
🔧 Creating ACTION node for script: RestoreSmallMana
✅ Created RestoreSmallManaAction
🔍 Creating node: Sequence physical_attack
🔍 Properties: 
🔧 Creating composite node: Sequence
🔍 Creating node: Selector resource_behavior
🔍 Properties: 
🔧 Creating composite node: Selector
🔍 Creating node: Sequence main
🔍 Properties: 
🔧 Creating composite node: Sequence
🔍 Analyzing script references in: simple_example.bt
🔍 Creating node: Condition HasTarget
🔍 Properties: 
🚀 Creating Condition with script 'HasTarget'
🔧 CreateNodeFromScript: script='HasTarget', type='Condition'
🔧 Creating CONDITION node for script: HasTarget
✅ Created HasTargetCondition
🔍 Creating node: Action Attack
🔍 Properties: damage=10
🚀 Creating Action with script 'Attack'
🔧 CreateNodeFromScript: script='Attack', type='Action'
🔧 Creating ACTION node for script: Attack
✅ Created AttackAction
🔍 Creating node: Sequence attack_behavior
🔍 Properties: 
🔧 Creating composite node: Sequence
🔍 Creating node: Action SearchForEnemy
🔍 Properties: search_radius=15.0
🚀 Creating Action with script 'SearchForEnemy'
🔧 CreateNodeFromScript: script='SearchForEnemy', type='Action'
🔧 Creating ACTION node for script: SearchForEnemy
✅ Created SearchForEnemyAction
🔍 Creating node: Selector root
🔍 Properties: 
🔧 Creating composite node: Selector
🔍 Analyzing script references in: team_coordination_sample.bt
🔍 Creating node: Action RandomWander
🔍 Properties: wander_radius=20.0, speed=3.0
🚀 Creating Action with script 'RandomWander'
🔧 CreateNodeFromScript: script='RandomWander', type='Action'
🔧 Creating ACTION node for script: RandomWander
✅ Created RandomWanderAction
🔍 Creating node: Action ScanEnvironment
🔍 Properties: scan_radius=15.0
🚀 Creating Action with script 'ScanEnvironment'
🔧 CreateNodeFromScript: script='ScanEnvironment', type='Action'
🔧 Creating ACTION node for script: ScanEnvironment
✅ Created ScanEnvironmentAction
🔍 Creating node: Sequence scout_role
🔍 Properties: 
🔧 Creating composite node: Sequence
🔍 Creating node: Condition HasSharedEnemyInfo
🔍 Properties: 
🚀 Creating Condition with script 'HasSharedEnemyInfo'
🔧 CreateNodeFromScript: script='HasSharedEnemyInfo', type='Condition'
🔧 Creating CONDITION node for script: HasSharedEnemyInfo
✅ Created HasSharedEnemyInfoCondition
🔍 Creating node: Action AttackTarget
🔍 Properties: damage=40, attack_range=3.0
🚀 Creating Action with script 'AttackTarget'
🔧 CreateNodeFromScript: script='AttackTarget', type='Action'
🔧 Creating ACTION node for script: AttackTarget
✅ Created AttackTargetAction
🔍 Creating node: Sequence combat_role
🔍 Properties: 
🔧 Creating composite node: Sequence
🔍 Creating node: Condition HealthCheck
🔍 Properties: min_health=30
🚀 Creating Condition with script 'HealthCheck'
🔧 CreateNodeFromScript: script='HealthCheck', type='Condition'
🔧 Creating CONDITION node for script: HealthCheck
✅ Created HealthCheckCondition
🔍 Creating node: Action Wait
🔍 Properties: duration=1.0
🚀 Creating Action with script 'Wait'
🔧 CreateNodeFromScript: script='Wait', type='Action'
🔧 Creating ACTION node for script: Wait
✅ Created WaitAction
🔍 Creating node: Sequence support_role
🔍 Properties: 
🔧 Creating composite node: Sequence
🔍 Creating node: Parallel team_behavior
🔍 Properties: success_policy=require_one, failure_policy=require_all
🔧 Creating composite node: Parallel
📊 Script Reference Analysis:
📝 Used scripts: IsInitialized, HealthCheck, HasItem, UseItem, FleeToSafety, EnemyCheck, Attack, MoveToPosition, AttackEnemy, Wait, HasTarget, RandomWander, ScanEnvironment, HasSharedEnemyInfo, MoveToEnemy, AttackTarget, EnemyInRange, HasMana, EnemyHealthCheck, CastSpell, NormalAttack, ScanForInterest, MoveToTarget, Interact, EnvironmentScan, InitializeResources, CheckManaResource, RestoreSmallMana, SearchForEnemy
✅ All script references are valid
]]></output>
            </test-case>
            <test-case id="1002" name="ValidateBlackBoardSample" fullname="BehaviourTree.Tests.BTFileValidationTests.ValidateBlackBoardSample" methodname="ValidateBlackBoardSample" classname="BehaviourTree.Tests.BTFileValidationTests" runstate="Runnable" seed="860696556" result="Passed" start-time="2025-07-26 03:03:55Z" end-time="2025-07-26 03:03:55Z" duration="0.006263" asserts="0">
              <properties>
                <property name="Description" value="blackboard_sample.btの詳細検証" />
                <property name="retryIteration" value="0" />
                <property name="repeatIteration" value="0" />
              </properties>
              <output><![CDATA[🔍 Creating node: Action ScanEnvironment
🔍 Properties: scan_radius=15.0
🚀 Creating Action with script 'ScanEnvironment'
🔧 CreateNodeFromScript: script='ScanEnvironment', type='Action'
🔧 Creating ACTION node for script: ScanEnvironment
✅ Created ScanEnvironmentAction
🔍 Creating node: Condition HasSharedEnemyInfo
🔍 Properties: 
🚀 Creating Condition with script 'HasSharedEnemyInfo'
🔧 CreateNodeFromScript: script='HasSharedEnemyInfo', type='Condition'
🔧 Creating CONDITION node for script: HasSharedEnemyInfo
✅ Created HasSharedEnemyInfoCondition
🔍 Creating node: Action MoveToEnemy
🔍 Properties: speed=4.0, tolerance=1.5
🚀 Creating Action with script 'MoveToEnemy'
🔧 CreateNodeFromScript: script='MoveToEnemy', type='Action'
🔧 Creating ACTION node for script: MoveToEnemy
✅ Created MoveToEnemyAction
🔍 Creating node: Action AttackTarget
🔍 Properties: damage=30
🚀 Creating Action with script 'AttackTarget'
🔧 CreateNodeFromScript: script='AttackTarget', type='Action'
🔧 Creating ACTION node for script: AttackTarget
✅ Created AttackTargetAction
🔍 Creating node: Sequence move_to_enemy
🔍 Properties: 
🔧 Creating composite node: Sequence
🔍 Creating node: Action RandomWander
🔍 Properties: wander_radius=10.0, speed=2.0
🚀 Creating Action with script 'RandomWander'
🔧 CreateNodeFromScript: script='RandomWander', type='Action'
🔧 Creating ACTION node for script: RandomWander
✅ Created RandomWanderAction
🔍 Creating node: Selector movement_behavior
🔍 Properties: 
🔧 Creating composite node: Selector
🔍 Creating node: Sequence main
🔍 Properties: 
🔧 Creating composite node: Sequence
✅ blackboard_sample.bt validation passed
]]></output>
            </test-case>
            <test-case id="1006" name="ValidateBTFileSyntax" fullname="BehaviourTree.Tests.BTFileValidationTests.ValidateBTFileSyntax" methodname="ValidateBTFileSyntax" classname="BehaviourTree.Tests.BTFileValidationTests" runstate="Runnable" seed="1431229328" result="Passed" start-time="2025-07-26 03:03:55Z" end-time="2025-07-26 03:03:55Z" duration="0.022918" asserts="0">
              <properties>
                <property name="retryIteration" value="0" />
                <property name="repeatIteration" value="0" />
              </properties>
              <output><![CDATA[🔍 Creating node: Condition IsInitialized
🔍 Properties: 
🚀 Creating Condition with script 'IsInitialized'
🔧 CreateNodeFromScript: script='IsInitialized', type='Condition'
🔧 Creating CONDITION node for script: IsInitialized
✅ Created IsInitializedCondition
🔍 Creating node: Condition HealthCheck
🔍 Properties: min_health=20
🚀 Creating Condition with script 'HealthCheck'
🔧 CreateNodeFromScript: script='HealthCheck', type='Condition'
🔧 Creating CONDITION node for script: HealthCheck
✅ Created HealthCheckCondition
🔍 Creating node: Condition HasItem
🔍 Properties: item_type=health_potion
🚀 Creating Condition with script 'HasItem'
🔧 CreateNodeFromScript: script='HasItem', type='Condition'
🔧 Creating CONDITION node for script: HasItem
✅ Created HasItemCondition
🔍 Creating node: Action UseItem
🔍 Properties: item_type=health_potion, duration=2.0
🚀 Creating Action with script 'UseItem'
🔧 CreateNodeFromScript: script='UseItem', type='Action'
🔧 Creating ACTION node for script: UseItem
✅ Created UseItemAction
🔍 Creating node: Sequence use_healing
🔍 Properties: 
🔧 Creating composite node: Sequence
🔍 Creating node: Action FleeToSafety
🔍 Properties: target=safe_zone, speed=5.0, tolerance=2.0
🚀 Creating Action with script 'FleeToSafety'
🔧 CreateNodeFromScript: script='FleeToSafety', type='Action'
🔧 Creating ACTION node for script: FleeToSafety
✅ Created FleeToSafetyAction
🔍 Creating node: Selector retreat_options
🔍 Properties: 
🔧 Creating composite node: Selector
🔍 Creating node: Sequence emergency_retreat
🔍 Properties: 
🔧 Creating composite node: Sequence
🔍 Creating node: Condition EnemyCheck
🔍 Properties: detection_range=8.0
🚀 Creating Condition with script 'EnemyCheck'
🔧 CreateNodeFromScript: script='EnemyCheck', type='Condition'
🔧 Creating CONDITION node for script: EnemyCheck
✅ Created EnemyCheckCondition
🔍 Creating node: Condition EnemyCheck
🔍 Properties: detection_range=6.0
🚀 Creating Condition with script 'EnemyCheck'
🔧 CreateNodeFromScript: script='EnemyCheck', type='Condition'
🔧 Creating CONDITION node for script: EnemyCheck
✅ Created EnemyCheckCondition
🔍 Creating node: Condition HasItem
🔍 Properties: item_type=bow
🚀 Creating Condition with script 'HasItem'
🔧 CreateNodeFromScript: script='HasItem', type='Condition'
🔧 Creating CONDITION node for script: HasItem
✅ Created HasItemCondition
🔍 Creating node: Action Attack
🔍 Properties: attack_type=ranged, damage=30, range=6.0, cooldown=1.5
🚀 Creating Action with script 'Attack'
🔧 CreateNodeFromScript: script='Attack', type='Action'
🔧 Creating ACTION node for script: Attack
✅ Created AttackAction
🔍 Creating node: Sequence ranged_attack
🔍 Properties: 
🔧 Creating composite node: Sequence
🔍 Creating node: Action MoveToPosition
🔍 Properties: target=detected_enemy, speed=4.0, tolerance=1.5
🚀 Creating Action with script 'MoveToPosition'
🔧 CreateNodeFromScript: script='MoveToPosition', type='Action'
🔧 Creating ACTION node for script: MoveToPosition
✅ Created MoveToPositionAction
🔍 Creating node: Action AttackEnemy
🔍 Properties: damage=40, attack_range=2.0, cooldown=1.0
🚀 Creating Action with script 'AttackEnemy'
🔧 CreateNodeFromScript: script='AttackEnemy', type='Action'
🔧 Creating ACTION node for script: AttackEnemy
✅ Created AttackEnemyAction
🔍 Creating node: Sequence melee_combat
🔍 Properties: 
🔧 Creating composite node: Sequence
🔍 Creating node: Selector combat_tactics
🔍 Properties: 
🔧 Creating composite node: Selector
🔍 Creating node: Action Wait
🔍 Properties: duration=0.5
🚀 Creating Action with script 'Wait'
🔧 CreateNodeFromScript: script='Wait', type='Action'
🔧 Creating ACTION node for script: Wait
✅ Created WaitAction
🔍 Creating node: Sequence combat_behavior
🔍 Properties: 
🔧 Creating composite node: Sequence
🔍 Creating node: Condition HealthCheck
🔍 Properties: min_health=50
🚀 Creating Condition with script 'HealthCheck'
🔧 CreateNodeFromScript: script='HealthCheck', type='Condition'
🔧 Creating CONDITION node for script: HealthCheck
✅ Created HealthCheckCondition
🔍 Creating node: Action MoveToPosition
🔍 Properties: target=patrol_point_1, speed=2.5, tolerance=1.0
🚀 Creating Action with script 'MoveToPosition'
🔧 CreateNodeFromScript: script='MoveToPosition', type='Action'
🔧 Creating ACTION node for script: MoveToPosition
✅ Created MoveToPositionAction
🔍 Creating node: Action Wait
🔍 Properties: duration=3.0
🚀 Creating Action with script 'Wait'
🔧 CreateNodeFromScript: script='Wait', type='Action'
🔧 Creating ACTION node for script: Wait
✅ Created WaitAction
🔍 Creating node: Condition HasTarget
🔍 Properties: target=patrol_point_2
🚀 Creating Condition with script 'HasTarget'
🔧 CreateNodeFromScript: script='HasTarget', type='Condition'
🔧 Creating CONDITION node for script: HasTarget
✅ Created HasTargetCondition
🔍 Creating node: Sequence patrol_to_point1
🔍 Properties: 
🔧 Creating composite node: Sequence
🔍 Creating node: Action MoveToPosition
🔍 Properties: target=patrol_point_2, speed=2.5, tolerance=1.0
🚀 Creating Action with script 'MoveToPosition'
🔧 CreateNodeFromScript: script='MoveToPosition', type='Action'
🔧 Creating ACTION node for script: MoveToPosition
✅ Created MoveToPositionAction
🔍 Creating node: Action Wait
🔍 Properties: duration=2.5
🚀 Creating Action with script 'Wait'
🔧 CreateNodeFromScript: script='Wait', type='Action'
🔧 Creating ACTION node for script: Wait
✅ Created WaitAction
🔍 Creating node: Sequence patrol_to_point2
🔍 Properties: 
🔧 Creating composite node: Sequence
🔍 Creating node: Action MoveToPosition
🔍 Properties: target=guard_post, speed=3.0, tolerance=0.8
🚀 Creating Action with script 'MoveToPosition'
🔧 CreateNodeFromScript: script='MoveToPosition', type='Action'
🔧 Creating ACTION node for script: MoveToPosition
✅ Created MoveToPositionAction
🔍 Creating node: Action Wait
🔍 Properties: duration=4.0
🚀 Creating Action with script 'Wait'
🔧 CreateNodeFromScript: script='Wait', type='Action'
🔧 Creating ACTION node for script: Wait
✅ Created WaitAction
🔍 Creating node: Sequence return_to_base
🔍 Properties: 
🔧 Creating composite node: Sequence
🔍 Creating node: Selector patrol_pattern
🔍 Properties: 
🔧 Creating composite node: Selector
🔍 Creating node: Sequence patrol_behavior
🔍 Properties: 
🔧 Creating composite node: Sequence
🔍 Creating node: Action Wait
🔍 Properties: duration=1.0
🚀 Creating Action with script 'Wait'
🔧 CreateNodeFromScript: script='Wait', type='Action'
🔧 Creating ACTION node for script: Wait
✅ Created WaitAction
🔍 Creating node: Action RandomWander
🔍 Properties: radius=2.0, speed=1.5, duration=2.0
🚀 Creating Action with script 'RandomWander'
🔧 CreateNodeFromScript: script='RandomWander', type='Action'
🔧 Creating ACTION node for script: RandomWander
✅ Created RandomWanderAction
🔍 Creating node: Sequence idle_behavior
🔍 Properties: 
🔧 Creating composite node: Sequence
🔍 Creating node: Selector priority_behavior
🔍 Properties: 
🔧 Creating composite node: Selector
🔍 Creating node: Sequence main_loop
🔍 Properties: 
🔧 Creating composite node: Sequence
🔍 Creating node: Action ScanEnvironment
🔍 Properties: scan_radius=15.0
🚀 Creating Action with script 'ScanEnvironment'
🔧 CreateNodeFromScript: script='ScanEnvironment', type='Action'
🔧 Creating ACTION node for script: ScanEnvironment
✅ Created ScanEnvironmentAction
🔍 Creating node: Condition HasSharedEnemyInfo
🔍 Properties: 
🚀 Creating Condition with script 'HasSharedEnemyInfo'
🔧 CreateNodeFromScript: script='HasSharedEnemyInfo', type='Condition'
🔧 Creating CONDITION node for script: HasSharedEnemyInfo
✅ Created HasSharedEnemyInfoCondition
🔍 Creating node: Action MoveToEnemy
🔍 Properties: speed=4.0, tolerance=1.5
🚀 Creating Action with script 'MoveToEnemy'
🔧 CreateNodeFromScript: script='MoveToEnemy', type='Action'
🔧 Creating ACTION node for script: MoveToEnemy
✅ Created MoveToEnemyAction
🔍 Creating node: Action AttackTarget
🔍 Properties: damage=30
🚀 Creating Action with script 'AttackTarget'
🔧 CreateNodeFromScript: script='AttackTarget', type='Action'
🔧 Creating ACTION node for script: AttackTarget
✅ Created AttackTargetAction
🔍 Creating node: Sequence move_to_enemy
🔍 Properties: 
🔧 Creating composite node: Sequence
🔍 Creating node: Action RandomWander
🔍 Properties: wander_radius=10.0, speed=2.0
🚀 Creating Action with script 'RandomWander'
🔧 CreateNodeFromScript: script='RandomWander', type='Action'
🔧 Creating ACTION node for script: RandomWander
✅ Created RandomWanderAction
🔍 Creating node: Selector movement_behavior
🔍 Properties: 
🔧 Creating composite node: Selector
🔍 Creating node: Sequence main
🔍 Properties: 
🔧 Creating composite node: Sequence
🔍 Creating node: Condition IsInitialized
🔍 Properties: 
🚀 Creating Condition with script 'IsInitialized'
🔧 CreateNodeFromScript: script='IsInitialized', type='Condition'
🔧 Creating CONDITION node for script: IsInitialized
✅ Created IsInitializedCondition
🔍 Creating node: Condition HealthCheck
🔍 Properties: min_health=20
🚀 Creating Condition with script 'HealthCheck'
🔧 CreateNodeFromScript: script='HealthCheck', type='Condition'
🔧 Creating CONDITION node for script: HealthCheck
✅ Created HealthCheckCondition
🔍 Creating node: Condition HasItem
🔍 Properties: item_type=healing_potion
🚀 Creating Condition with script 'HasItem'
🔧 CreateNodeFromScript: script='HasItem', type='Condition'
🔧 Creating CONDITION node for script: HasItem
✅ Created HasItemCondition
🔍 Creating node: Action UseItem
🔍 Properties: item_type=healing_potion
🚀 Creating Action with script 'UseItem'
🔧 CreateNodeFromScript: script='UseItem', type='Action'
🔧 Creating ACTION node for script: UseItem
✅ Created UseItemAction
🔍 Creating node: Sequence use_healing
🔍 Properties: 
🔧 Creating composite node: Sequence
🔍 Creating node: Action FleeToSafety
🔍 Properties: min_distance=20.0, speed_multiplier=1.5
🚀 Creating Action with script 'FleeToSafety'
🔧 CreateNodeFromScript: script='FleeToSafety', type='Action'
🔧 Creating ACTION node for script: FleeToSafety
✅ Created FleeToSafetyAction
🔍 Creating node: Selector escape_options
🔍 Properties: 
🔧 Creating composite node: Selector
🔍 Creating node: Sequence emergency_response
🔍 Properties: 
🔧 Creating composite node: Sequence
🔍 Creating node: Condition EnemyInRange
🔍 Properties: attack_range=5.0
🚀 Creating Condition with script 'EnemyInRange'
🔧 CreateNodeFromScript: script='EnemyInRange', type='Condition'
🔧 Creating CONDITION node for script: EnemyInRange
✅ Created EnemyInRangeCondition
🔍 Creating node: Condition HealthCheck
🔍 Properties: min_health=30
🚀 Creating Condition with script 'HealthCheck'
🔧 CreateNodeFromScript: script='HealthCheck', type='Condition'
🔧 Creating CONDITION node for script: HealthCheck
✅ Created HealthCheckCondition
🔍 Creating node: Condition HasMana
🔍 Properties: min_mana=50
🚀 Creating Condition with script 'HasMana'
🔧 CreateNodeFromScript: script='HasMana', type='Condition'
🔧 Creating CONDITION node for script: HasMana
✅ Created HasManaCondition
🔍 Creating node: Condition EnemyHealthCheck
🔍 Properties: min_health=80
🚀 Creating Condition with script 'EnemyHealthCheck'
🔧 CreateNodeFromScript: script='EnemyHealthCheck', type='Condition'
🔧 Creating CONDITION node for script: EnemyHealthCheck
✅ Created EnemyHealthCheckCondition
🔍 Creating node: Action CastSpell
🔍 Properties: spell_name=fireball, damage=40, mana_cost=50
🚀 Creating Action with script 'CastSpell'
🔧 CreateNodeFromScript: script='CastSpell', type='Action'
🔧 Creating ACTION node for script: CastSpell
✅ Created CastSpellAction
🔍 Creating node: Sequence special_attack
🔍 Properties: 
🔧 Creating composite node: Sequence
🔍 Creating node: Action NormalAttack
🔍 Properties: damage=15, cooldown=1.0
🚀 Creating Action with script 'NormalAttack'
🔧 CreateNodeFromScript: script='NormalAttack', type='Action'
🔧 Creating ACTION node for script: NormalAttack
✅ Created NormalAttackAction
🔍 Creating node: Selector combat_strategy
🔍 Properties: 
🔧 Creating composite node: Selector
🔍 Creating node: Sequence combat_behavior
🔍 Properties: 
🔧 Creating composite node: Sequence
🔍 Creating node: Condition ScanForInterest
🔍 Properties: scan_radius=12.0
🚀 Creating Condition with script 'ScanForInterest'
🔧 CreateNodeFromScript: script='ScanForInterest', type='Condition'
🔧 Creating CONDITION node for script: ScanForInterest
✅ Created ScanForInterestCondition
🔍 Creating node: Action MoveToTarget
🔍 Properties: move_type=investigate, speed=2.0
🚀 Creating Action with script 'MoveToTarget'
🔧 CreateNodeFromScript: script='MoveToTarget', type='Action'
🔧 Creating ACTION node for script: MoveToTarget
✅ Created MoveToTargetAction
🔍 Creating node: Action Interact
🔍 Properties: interaction_type=examine
🚀 Creating Action with script 'Interact'
🔧 CreateNodeFromScript: script='Interact', type='Action'
🔧 Creating ACTION node for script: Interact
✅ Created InteractAction
🔍 Creating node: Sequence investigate
🔍 Properties: 
🔧 Creating composite node: Sequence
🔍 Creating node: Action RandomWander
🔍 Properties: wander_radius=10.0, speed=1.5, pause_duration=3.0
🚀 Creating Action with script 'RandomWander'
🔧 CreateNodeFromScript: script='RandomWander', type='Action'
🔧 Creating ACTION node for script: RandomWander
✅ Created RandomWanderAction
🔍 Creating node: Selector move_behavior
🔍 Properties: 
🔧 Creating composite node: Selector
🔍 Creating node: Sequence exploration
🔍 Properties: 
🔧 Creating composite node: Sequence
🔍 Creating node: Action EnvironmentScan
🔍 Properties: scan_interval=2.0, scan_radius=15.0
🚀 Creating Action with script 'EnvironmentScan'
🔧 CreateNodeFromScript: script='EnvironmentScan', type='Action'
🔧 Creating ACTION node for script: EnvironmentScan
✅ Created EnvironmentScanAction
🔍 Creating node: Action Wait
🔍 Properties: duration=5.0
🚀 Creating Action with script 'Wait'
🔧 CreateNodeFromScript: script='Wait', type='Action'
🔧 Creating ACTION node for script: Wait
✅ Created WaitAction
🔍 Creating node: Parallel monitoring_idle
🔍 Properties: success_policy=require_one, failure_policy=require_all
🔧 Creating composite node: Parallel
🔍 Creating node: Selector main_loop
🔍 Properties: 
🔧 Creating composite node: Selector
🔍 Creating node: Sequence root
🔍 Properties: 
🔧 Creating composite node: Sequence
🔍 Creating node: Condition HealthCheck
🔍 Properties: min_health=50
🚀 Creating Condition with script 'HealthCheck'
🔧 CreateNodeFromScript: script='HealthCheck', type='Condition'
🔧 Creating CONDITION node for script: HealthCheck
✅ Created HealthCheckCondition
🔍 Creating node: Condition EnemyCheck
🔍 Properties: detection_range=10.0
🚀 Creating Condition with script 'EnemyCheck'
🔧 CreateNodeFromScript: script='EnemyCheck', type='Condition'
🔧 Creating CONDITION node for script: EnemyCheck
✅ Created EnemyCheckCondition
🔍 Creating node: Action AttackEnemy
🔍 Properties: damage=35, attack_range=2.5
🚀 Creating Action with script 'AttackEnemy'
🔧 CreateNodeFromScript: script='AttackEnemy', type='Action'
🔧 Creating ACTION node for script: AttackEnemy
✅ Created AttackEnemyAction
🔍 Creating node: Sequence healthy_combat
🔍 Properties: 
🔧 Creating composite node: Sequence
🔍 Creating node: Condition HealthCheck
🔍 Properties: min_health=20
🚀 Creating Condition with script 'HealthCheck'
🔧 CreateNodeFromScript: script='HealthCheck', type='Condition'
🔧 Creating CONDITION node for script: HealthCheck
✅ Created HealthCheckCondition
🔍 Creating node: Action MoveToPosition
🔍 Properties: target=safe_zone, speed=3.0
🚀 Creating Action with script 'MoveToPosition'
🔧 CreateNodeFromScript: script='MoveToPosition', type='Action'
🔧 Creating ACTION node for script: MoveToPosition
✅ Created MoveToPositionAction
🔍 Creating node: Action Wait
🔍 Properties: duration=3.0
🚀 Creating Action with script 'Wait'
🔧 CreateNodeFromScript: script='Wait', type='Action'
🔧 Creating ACTION node for script: Wait
✅ Created WaitAction
🔍 Creating node: Sequence safe_healing
🔍 Properties: 
🔧 Creating composite node: Sequence
🔍 Creating node: Action MoveToPosition
🔍 Properties: target=emergency_exit, speed=6.0
🚀 Creating Action with script 'MoveToPosition'
🔧 CreateNodeFromScript: script='MoveToPosition', type='Action'
🔧 Creating ACTION node for script: MoveToPosition
✅ Created MoveToPositionAction
🔍 Creating node: Selector main
🔍 Properties: 
🔧 Creating composite node: Selector
🔍 Creating node: Condition IsInitialized
🔍 Properties: 
🚀 Creating Condition with script 'IsInitialized'
🔧 CreateNodeFromScript: script='IsInitialized', type='Condition'
🔧 Creating CONDITION node for script: IsInitialized
✅ Created IsInitializedCondition
🔍 Creating node: Condition HealthCheck
🔍 Properties: min_health=20
🚀 Creating Condition with script 'HealthCheck'
🔧 CreateNodeFromScript: script='HealthCheck', type='Condition'
🔧 Creating CONDITION node for script: HealthCheck
✅ Created HealthCheckCondition
🔍 Creating node: Condition HasItem
🔍 Properties: item_type=health_potion
🚀 Creating Condition with script 'HasItem'
🔧 CreateNodeFromScript: script='HasItem', type='Condition'
🔧 Creating CONDITION node for script: HasItem
✅ Created HasItemCondition
🔍 Creating node: Action UseItem
🔍 Properties: item_type=health_potion, duration=2.0
🚀 Creating Action with script 'UseItem'
🔧 CreateNodeFromScript: script='UseItem', type='Action'
🔧 Creating ACTION node for script: UseItem
✅ Created UseItemAction
🔍 Creating node: Sequence use_healing
🔍 Properties: 
🔧 Creating composite node: Sequence
🔍 Creating node: Action FleeToSafety
🔍 Properties: target=safe_zone, speed=5.0, tolerance=2.0
🚀 Creating Action with script 'FleeToSafety'
🔧 CreateNodeFromScript: script='FleeToSafety', type='Action'
🔧 Creating ACTION node for script: FleeToSafety
✅ Created FleeToSafetyAction
🔍 Creating node: Selector retreat_options
🔍 Properties: 
🔧 Creating composite node: Selector
🔍 Creating node: Sequence emergency_retreat
🔍 Properties: 
🔧 Creating composite node: Sequence
🔍 Creating node: Condition EnemyCheck
🔍 Properties: detection_range=8.0
🚀 Creating Condition with script 'EnemyCheck'
🔧 CreateNodeFromScript: script='EnemyCheck', type='Condition'
🔧 Creating CONDITION node for script: EnemyCheck
✅ Created EnemyCheckCondition
🔍 Creating node: Condition EnemyCheck
🔍 Properties: detection_range=6.0
🚀 Creating Condition with script 'EnemyCheck'
🔧 CreateNodeFromScript: script='EnemyCheck', type='Condition'
🔧 Creating CONDITION node for script: EnemyCheck
✅ Created EnemyCheckCondition
🔍 Creating node: Condition HasItem
🔍 Properties: item_type=bow
🚀 Creating Condition with script 'HasItem'
🔧 CreateNodeFromScript: script='HasItem', type='Condition'
🔧 Creating CONDITION node for script: HasItem
✅ Created HasItemCondition
🔍 Creating node: Action Attack
🔍 Properties: attack_type=ranged, damage=30, range=6.0, cooldown=1.5
🚀 Creating Action with script 'Attack'
🔧 CreateNodeFromScript: script='Attack', type='Action'
🔧 Creating ACTION node for script: Attack
✅ Created AttackAction
🔍 Creating node: Sequence ranged_attack
🔍 Properties: 
🔧 Creating composite node: Sequence
🔍 Creating node: Action MoveToPosition
🔍 Properties: target=detected_enemy, speed=4.0, tolerance=1.5
🚀 Creating Action with script 'MoveToPosition'
🔧 CreateNodeFromScript: script='MoveToPosition', type='Action'
🔧 Creating ACTION node for script: MoveToPosition
✅ Created MoveToPositionAction
🔍 Creating node: Action AttackEnemy
🔍 Properties: damage=40, attack_range=2.0, cooldown=1.0
🚀 Creating Action with script 'AttackEnemy'
🔧 CreateNodeFromScript: script='AttackEnemy', type='Action'
🔧 Creating ACTION node for script: AttackEnemy
✅ Created AttackEnemyAction
🔍 Creating node: Sequence melee_combat
🔍 Properties: 
🔧 Creating composite node: Sequence
🔍 Creating node: Selector combat_tactics
🔍 Properties: 
🔧 Creating composite node: Selector
🔍 Creating node: Action Wait
🔍 Properties: duration=0.5
🚀 Creating Action with script 'Wait'
🔧 CreateNodeFromScript: script='Wait', type='Action'
🔧 Creating ACTION node for script: Wait
✅ Created WaitAction
🔍 Creating node: Sequence combat_behavior
🔍 Properties: 
🔧 Creating composite node: Sequence
🔍 Creating node: Condition HealthCheck
🔍 Properties: min_health=50
🚀 Creating Condition with script 'HealthCheck'
🔧 CreateNodeFromScript: script='HealthCheck', type='Condition'
🔧 Creating CONDITION node for script: HealthCheck
✅ Created HealthCheckCondition
🔍 Creating node: Action MoveToPosition
🔍 Properties: target=patrol_point_1, speed=2.5, tolerance=1.0
🚀 Creating Action with script 'MoveToPosition'
🔧 CreateNodeFromScript: script='MoveToPosition', type='Action'
🔧 Creating ACTION node for script: MoveToPosition
✅ Created MoveToPositionAction
🔍 Creating node: Action Wait
🔍 Properties: duration=3.0
🚀 Creating Action with script 'Wait'
🔧 CreateNodeFromScript: script='Wait', type='Action'
🔧 Creating ACTION node for script: Wait
✅ Created WaitAction
🔍 Creating node: Sequence patrol_to_point1
🔍 Properties: 
🔧 Creating composite node: Sequence
🔍 Creating node: Action MoveToPosition
🔍 Properties: target=patrol_point_2, speed=2.5, tolerance=1.0
🚀 Creating Action with script 'MoveToPosition'
🔧 CreateNodeFromScript: script='MoveToPosition', type='Action'
🔧 Creating ACTION node for script: MoveToPosition
✅ Created MoveToPositionAction
🔍 Creating node: Action Wait
🔍 Properties: duration=2.5
🚀 Creating Action with script 'Wait'
🔧 CreateNodeFromScript: script='Wait', type='Action'
🔧 Creating ACTION node for script: Wait
✅ Created WaitAction
🔍 Creating node: Sequence patrol_to_point2
🔍 Properties: 
🔧 Creating composite node: Sequence
🔍 Creating node: Action MoveToPosition
🔍 Properties: target=guard_post, speed=3.0, tolerance=0.8
🚀 Creating Action with script 'MoveToPosition'
🔧 CreateNodeFromScript: script='MoveToPosition', type='Action'
🔧 Creating ACTION node for script: MoveToPosition
✅ Created MoveToPositionAction
🔍 Creating node: Action Wait
🔍 Properties: duration=4.0
🚀 Creating Action with script 'Wait'
🔧 CreateNodeFromScript: script='Wait', type='Action'
🔧 Creating ACTION node for script: Wait
✅ Created WaitAction
🔍 Creating node: Sequence return_to_base
🔍 Properties: 
🔧 Creating composite node: Sequence
🔍 Creating node: Selector patrol_pattern
🔍 Properties: 
🔧 Creating composite node: Selector
🔍 Creating node: Sequence patrol_behavior
🔍 Properties: 
🔧 Creating composite node: Sequence
🔍 Creating node: Action Wait
🔍 Properties: duration=1.0
🚀 Creating Action with script 'Wait'
🔧 CreateNodeFromScript: script='Wait', type='Action'
🔧 Creating ACTION node for script: Wait
✅ Created WaitAction
🔍 Creating node: Action RandomWander
🔍 Properties: radius=2.0, speed=1.5, duration=2.0
🚀 Creating Action with script 'RandomWander'
🔧 CreateNodeFromScript: script='RandomWander', type='Action'
🔧 Creating ACTION node for script: RandomWander
✅ Created RandomWanderAction
🔍 Creating node: Sequence idle_behavior
🔍 Properties: 
🔧 Creating composite node: Sequence
🔍 Creating node: Selector priority_behavior
🔍 Properties: 
🔧 Creating composite node: Selector
🔍 Creating node: Sequence main_loop
🔍 Properties: 
🔧 Creating composite node: Sequence
🔍 Creating node: Action InitializeResources
🔍 Properties: 
🚀 Creating Action with script 'InitializeResources'
🔧 CreateNodeFromScript: script='InitializeResources', type='Action'
🔧 Creating ACTION node for script: InitializeResources
✅ Created InitializeResourcesAction
🔍 Creating node: Condition CheckManaResource
🔍 Properties: min_mana=50
🚀 Creating Condition with script 'CheckManaResource'
🔧 CreateNodeFromScript: script='CheckManaResource', type='Condition'
🔧 Creating CONDITION node for script: CheckManaResource
✅ Created CheckManaResourceCondition
🔍 Creating node: Action CastSpell
🔍 Properties: spell_name=fireball, mana_cost=50, damage=60
🚀 Creating Action with script 'CastSpell'
🔧 CreateNodeFromScript: script='CastSpell', type='Action'
🔧 Creating ACTION node for script: CastSpell
✅ Created CastSpellAction
🔍 Creating node: Sequence magic_attack
🔍 Properties: 
🔧 Creating composite node: Sequence
🔍 Creating node: Condition HealthCheck
🔍 Properties: min_health=30
🚀 Creating Condition with script 'HealthCheck'
🔧 CreateNodeFromScript: script='HealthCheck', type='Condition'
🔧 Creating CONDITION node for script: HealthCheck
✅ Created HealthCheckCondition
🔍 Creating node: Condition HasItem
🔍 Properties: item_type=healing_potion
🚀 Creating Condition with script 'HasItem'
🔧 CreateNodeFromScript: script='HasItem', type='Condition'
🔧 Creating CONDITION node for script: HasItem
✅ Created HasItemCondition
🔍 Creating node: Action UseItem
🔍 Properties: item_type=healing_potion, duration=2.0
🚀 Creating Action with script 'UseItem'
🔧 CreateNodeFromScript: script='UseItem', type='Action'
🔧 Creating ACTION node for script: UseItem
✅ Created UseItemAction
🔍 Creating node: Sequence healing_behavior
🔍 Properties: 
🔧 Creating composite node: Sequence
🔍 Creating node: Action Attack
🔍 Properties: damage=25
🚀 Creating Action with script 'Attack'
🔧 CreateNodeFromScript: script='Attack', type='Action'
🔧 Creating ACTION node for script: Attack
✅ Created AttackAction
🔍 Creating node: Action RestoreSmallMana
🔍 Properties: mana_gain=10
🚀 Creating Action with script 'RestoreSmallMana'
🔧 CreateNodeFromScript: script='RestoreSmallMana', type='Action'
🔧 Creating ACTION node for script: RestoreSmallMana
✅ Created RestoreSmallManaAction
🔍 Creating node: Sequence physical_attack
🔍 Properties: 
🔧 Creating composite node: Sequence
🔍 Creating node: Selector resource_behavior
🔍 Properties: 
🔧 Creating composite node: Selector
🔍 Creating node: Sequence main
🔍 Properties: 
🔧 Creating composite node: Sequence
🔍 Creating node: Condition HasTarget
🔍 Properties: 
🚀 Creating Condition with script 'HasTarget'
🔧 CreateNodeFromScript: script='HasTarget', type='Condition'
🔧 Creating CONDITION node for script: HasTarget
✅ Created HasTargetCondition
🔍 Creating node: Action Attack
🔍 Properties: damage=10
🚀 Creating Action with script 'Attack'
🔧 CreateNodeFromScript: script='Attack', type='Action'
🔧 Creating ACTION node for script: Attack
✅ Created AttackAction
🔍 Creating node: Sequence attack_behavior
🔍 Properties: 
🔧 Creating composite node: Sequence
🔍 Creating node: Action SearchForEnemy
🔍 Properties: search_radius=15.0
🚀 Creating Action with script 'SearchForEnemy'
🔧 CreateNodeFromScript: script='SearchForEnemy', type='Action'
🔧 Creating ACTION node for script: SearchForEnemy
✅ Created SearchForEnemyAction
🔍 Creating node: Selector root
🔍 Properties: 
🔧 Creating composite node: Selector
🔍 Creating node: Action RandomWander
🔍 Properties: wander_radius=20.0, speed=3.0
🚀 Creating Action with script 'RandomWander'
🔧 CreateNodeFromScript: script='RandomWander', type='Action'
🔧 Creating ACTION node for script: RandomWander
✅ Created RandomWanderAction
🔍 Creating node: Action ScanEnvironment
🔍 Properties: scan_radius=15.0
🚀 Creating Action with script 'ScanEnvironment'
🔧 CreateNodeFromScript: script='ScanEnvironment', type='Action'
🔧 Creating ACTION node for script: ScanEnvironment
✅ Created ScanEnvironmentAction
🔍 Creating node: Sequence scout_role
🔍 Properties: 
🔧 Creating composite node: Sequence
🔍 Creating node: Condition HasSharedEnemyInfo
🔍 Properties: 
🚀 Creating Condition with script 'HasSharedEnemyInfo'
🔧 CreateNodeFromScript: script='HasSharedEnemyInfo', type='Condition'
🔧 Creating CONDITION node for script: HasSharedEnemyInfo
✅ Created HasSharedEnemyInfoCondition
🔍 Creating node: Action AttackTarget
🔍 Properties: damage=40, attack_range=3.0
🚀 Creating Action with script 'AttackTarget'
🔧 CreateNodeFromScript: script='AttackTarget', type='Action'
🔧 Creating ACTION node for script: AttackTarget
✅ Created AttackTargetAction
🔍 Creating node: Sequence combat_role
🔍 Properties: 
🔧 Creating composite node: Sequence
🔍 Creating node: Condition HealthCheck
🔍 Properties: min_health=30
🚀 Creating Condition with script 'HealthCheck'
🔧 CreateNodeFromScript: script='HealthCheck', type='Condition'
🔧 Creating CONDITION node for script: HealthCheck
✅ Created HealthCheckCondition
🔍 Creating node: Action Wait
🔍 Properties: duration=1.0
🚀 Creating Action with script 'Wait'
🔧 CreateNodeFromScript: script='Wait', type='Action'
🔧 Creating ACTION node for script: Wait
✅ Created WaitAction
🔍 Creating node: Sequence support_role
🔍 Properties: 
🔧 Creating composite node: Sequence
🔍 Creating node: Parallel team_behavior
🔍 Properties: success_policy=require_one, failure_policy=require_all
🔧 Creating composite node: Parallel
✅ All BT files have valid syntax
]]></output>
            </test-case>
            <test-case id="1004" name="ValidateDynamicConditionSample" fullname="BehaviourTree.Tests.BTFileValidationTests.ValidateDynamicConditionSample" methodname="ValidateDynamicConditionSample" classname="BehaviourTree.Tests.BTFileValidationTests" runstate="Runnable" seed="112892724" result="Passed" start-time="2025-07-26 03:03:55Z" end-time="2025-07-26 03:03:55Z" duration="0.002535" asserts="0">
              <properties>
                <property name="Description" value="dynamic_condition_sample.btの詳細検証" />
                <property name="retryIteration" value="0" />
                <property name="repeatIteration" value="0" />
              </properties>
              <output><![CDATA[🔍 Creating node: Condition HealthCheck
🔍 Properties: min_health=50
🚀 Creating Condition with script 'HealthCheck'
🔧 CreateNodeFromScript: script='HealthCheck', type='Condition'
🔧 Creating CONDITION node for script: HealthCheck
✅ Created HealthCheckCondition
🔍 Creating node: Condition EnemyCheck
🔍 Properties: detection_range=10.0
🚀 Creating Condition with script 'EnemyCheck'
🔧 CreateNodeFromScript: script='EnemyCheck', type='Condition'
🔧 Creating CONDITION node for script: EnemyCheck
✅ Created EnemyCheckCondition
🔍 Creating node: Action AttackEnemy
🔍 Properties: damage=35, attack_range=2.5
🚀 Creating Action with script 'AttackEnemy'
🔧 CreateNodeFromScript: script='AttackEnemy', type='Action'
🔧 Creating ACTION node for script: AttackEnemy
✅ Created AttackEnemyAction
🔍 Creating node: Sequence healthy_combat
🔍 Properties: 
🔧 Creating composite node: Sequence
🔍 Creating node: Condition HealthCheck
🔍 Properties: min_health=20
🚀 Creating Condition with script 'HealthCheck'
🔧 CreateNodeFromScript: script='HealthCheck', type='Condition'
🔧 Creating CONDITION node for script: HealthCheck
✅ Created HealthCheckCondition
🔍 Creating node: Action MoveToPosition
🔍 Properties: target=safe_zone, speed=3.0
🚀 Creating Action with script 'MoveToPosition'
🔧 CreateNodeFromScript: script='MoveToPosition', type='Action'
🔧 Creating ACTION node for script: MoveToPosition
✅ Created MoveToPositionAction
🔍 Creating node: Action Wait
🔍 Properties: duration=3.0
🚀 Creating Action with script 'Wait'
🔧 CreateNodeFromScript: script='Wait', type='Action'
🔧 Creating ACTION node for script: Wait
✅ Created WaitAction
🔍 Creating node: Sequence safe_healing
🔍 Properties: 
🔧 Creating composite node: Sequence
🔍 Creating node: Action MoveToPosition
🔍 Properties: target=emergency_exit, speed=6.0
🚀 Creating Action with script 'MoveToPosition'
🔧 CreateNodeFromScript: script='MoveToPosition', type='Action'
🔧 Creating ACTION node for script: MoveToPosition
✅ Created MoveToPositionAction
🔍 Creating node: Selector main
🔍 Properties: 
🔧 Creating composite node: Selector
Actual children count: 3
Child 0: healthy_combat
Child 1: safe_healing
Child 2: Action:MoveToPosition
✅ dynamic_condition_sample.bt validation passed
]]></output>
            </test-case>
            <test-case id="1007" name="ValidateRequiredFilesExist" fullname="BehaviourTree.Tests.BTFileValidationTests.ValidateRequiredFilesExist" methodname="ValidateRequiredFilesExist" classname="BehaviourTree.Tests.BTFileValidationTests" runstate="Runnable" seed="89374686" result="Passed" start-time="2025-07-26 03:03:55Z" end-time="2025-07-26 03:03:55Z" duration="0.000440" asserts="0">
              <properties>
                <property name="retryIteration" value="0" />
                <property name="repeatIteration" value="0" />
              </properties>
              <output><![CDATA[✅ All required BT files exist
]]></output>
            </test-case>
            <test-case id="1003" name="ValidateTeamCoordinationSample" fullname="BehaviourTree.Tests.BTFileValidationTests.ValidateTeamCoordinationSample" methodname="ValidateTeamCoordinationSample" classname="BehaviourTree.Tests.BTFileValidationTests" runstate="Runnable" seed="1661913249" result="Passed" start-time="2025-07-26 03:03:55Z" end-time="2025-07-26 03:03:55Z" duration="0.001932" asserts="0">
              <properties>
                <property name="Description" value="team_coordination_sample.btの詳細検証" />
                <property name="retryIteration" value="0" />
                <property name="repeatIteration" value="0" />
              </properties>
              <output><![CDATA[🔍 Creating node: Action RandomWander
🔍 Properties: wander_radius=20.0, speed=3.0
🚀 Creating Action with script 'RandomWander'
🔧 CreateNodeFromScript: script='RandomWander', type='Action'
🔧 Creating ACTION node for script: RandomWander
✅ Created RandomWanderAction
🔍 Creating node: Action ScanEnvironment
🔍 Properties: scan_radius=15.0
🚀 Creating Action with script 'ScanEnvironment'
🔧 CreateNodeFromScript: script='ScanEnvironment', type='Action'
🔧 Creating ACTION node for script: ScanEnvironment
✅ Created ScanEnvironmentAction
🔍 Creating node: Sequence scout_role
🔍 Properties: 
🔧 Creating composite node: Sequence
🔍 Creating node: Condition HasSharedEnemyInfo
🔍 Properties: 
🚀 Creating Condition with script 'HasSharedEnemyInfo'
🔧 CreateNodeFromScript: script='HasSharedEnemyInfo', type='Condition'
🔧 Creating CONDITION node for script: HasSharedEnemyInfo
✅ Created HasSharedEnemyInfoCondition
🔍 Creating node: Action AttackTarget
🔍 Properties: damage=40, attack_range=3.0
🚀 Creating Action with script 'AttackTarget'
🔧 CreateNodeFromScript: script='AttackTarget', type='Action'
🔧 Creating ACTION node for script: AttackTarget
✅ Created AttackTargetAction
🔍 Creating node: Sequence combat_role
🔍 Properties: 
🔧 Creating composite node: Sequence
🔍 Creating node: Condition HealthCheck
🔍 Properties: min_health=30
🚀 Creating Condition with script 'HealthCheck'
🔧 CreateNodeFromScript: script='HealthCheck', type='Condition'
🔧 Creating CONDITION node for script: HealthCheck
✅ Created HealthCheckCondition
🔍 Creating node: Action Wait
🔍 Properties: duration=1.0
🚀 Creating Action with script 'Wait'
🔧 CreateNodeFromScript: script='Wait', type='Action'
🔧 Creating ACTION node for script: Wait
✅ Created WaitAction
🔍 Creating node: Sequence support_role
🔍 Properties: 
🔧 Creating composite node: Sequence
🔍 Creating node: Parallel team_behavior
🔍 Properties: success_policy=require_one, failure_policy=require_all
🔧 Creating composite node: Parallel
✅ team_coordination_sample.bt validation passed
]]></output>
            </test-case>
          </test-suite>
          <test-suite type="TestFixture" id="1008" name="BTParserTests" fullname="BehaviourTree.Tests.BTParserTests" classname="BehaviourTree.Tests.BTParserTests" runstate="Runnable" testcasecount="26" result="Passed" start-time="2025-07-26 03:03:55Z" end-time="2025-07-26 03:03:55Z" duration="0.069104" total="26" passed="26" failed="0" inconclusive="0" skipped="0" asserts="0">
            <properties />
            <test-case id="1034" name="ParseContent_ActionCreation_LogsCorrectDebugMessages" fullname="BehaviourTree.Tests.BTParserTests.ParseContent_ActionCreation_LogsCorrectDebugMessages" methodname="ParseContent_ActionCreation_LogsCorrectDebugMessages" classname="BehaviourTree.Tests.BTParserTests" runstate="Runnable" seed="903598647" result="Passed" start-time="2025-07-26 03:03:55Z" end-time="2025-07-26 03:03:55Z" duration="0.007895" asserts="0">
              <properties>
                <property name="retryIteration" value="0" />
                <property name="repeatIteration" value="0" />
              </properties>
              <output><![CDATA[🔍 Creating node: Action AttackEnemy
🔍 Properties: damage=50
🚀 Creating Action with script 'AttackEnemy'
🔧 CreateNodeFromScript: script='AttackEnemy', type='Action'
🔧 Creating ACTION node for script: AttackEnemy
✅ Created AttackEnemyAction
]]></output>
            </test-case>
            <test-case id="1014" name="ParseContent_ActionNodeWithoutProperties_CreatesCorrectAction" fullname="BehaviourTree.Tests.BTParserTests.ParseContent_ActionNodeWithoutProperties_CreatesCorrectAction" methodname="ParseContent_ActionNodeWithoutProperties_CreatesCorrectAction" classname="BehaviourTree.Tests.BTParserTests" runstate="Runnable" seed="1241955222" result="Passed" start-time="2025-07-26 03:03:55Z" end-time="2025-07-26 03:03:55Z" duration="0.001221" asserts="0">
              <properties>
                <property name="retryIteration" value="0" />
                <property name="repeatIteration" value="0" />
              </properties>
              <output><![CDATA[🔍 Creating node: Action MoveToPosition
🔍 Properties: 
🚀 Creating Action with script 'MoveToPosition'
🔧 CreateNodeFromScript: script='MoveToPosition', type='Action'
🔧 Creating ACTION node for script: MoveToPosition
✅ Created MoveToPositionAction
]]></output>
            </test-case>
            <test-case id="1015" name="ParseContent_ActionNodeWithProperties_SetsPropertiesCorrectly" fullname="BehaviourTree.Tests.BTParserTests.ParseContent_ActionNodeWithProperties_SetsPropertiesCorrectly" methodname="ParseContent_ActionNodeWithProperties_SetsPropertiesCorrectly" classname="BehaviourTree.Tests.BTParserTests" runstate="Runnable" seed="1552378205" result="Passed" start-time="2025-07-26 03:03:55Z" end-time="2025-07-26 03:03:55Z" duration="0.001010" asserts="0">
              <properties>
                <property name="retryIteration" value="0" />
                <property name="repeatIteration" value="0" />
              </properties>
              <output><![CDATA[🔍 Creating node: Action Wait
🔍 Properties: duration=2.5, test_prop=test_value
🚀 Creating Action with script 'Wait'
🔧 CreateNodeFromScript: script='Wait', type='Action'
🔧 Creating ACTION node for script: Wait
✅ Created WaitAction
]]></output>
            </test-case>
            <test-case id="1018" name="ParseContent_ConditionNodeWithoutProperties_CreatesCorrectCondition" fullname="BehaviourTree.Tests.BTParserTests.ParseContent_ConditionNodeWithoutProperties_CreatesCorrectCondition" methodname="ParseContent_ConditionNodeWithoutProperties_CreatesCorrectCondition" classname="BehaviourTree.Tests.BTParserTests" runstate="Runnable" seed="1654201178" result="Passed" start-time="2025-07-26 03:03:55Z" end-time="2025-07-26 03:03:55Z" duration="0.001148" asserts="0">
              <properties>
                <property name="retryIteration" value="0" />
                <property name="repeatIteration" value="0" />
              </properties>
              <output><![CDATA[🔍 Creating node: Condition HealthCheck
🔍 Properties: 
🚀 Creating Condition with script 'HealthCheck'
🔧 CreateNodeFromScript: script='HealthCheck', type='Condition'
🔧 Creating CONDITION node for script: HealthCheck
✅ Created HealthCheckCondition
]]></output>
            </test-case>
            <test-case id="1019" name="ParseContent_ConditionNodeWithProperties_SetsPropertiesCorrectly" fullname="BehaviourTree.Tests.BTParserTests.ParseContent_ConditionNodeWithProperties_SetsPropertiesCorrectly" methodname="ParseContent_ConditionNodeWithProperties_SetsPropertiesCorrectly" classname="BehaviourTree.Tests.BTParserTests" runstate="Runnable" seed="976202989" result="Passed" start-time="2025-07-26 03:03:55Z" end-time="2025-07-26 03:03:55Z" duration="0.001157" asserts="0">
              <properties>
                <property name="retryIteration" value="0" />
                <property name="repeatIteration" value="0" />
              </properties>
              <output><![CDATA[🔍 Creating node: Condition EnemyCheck
🔍 Properties: detection_range=10.0, alert_level=high
🚀 Creating Condition with script 'EnemyCheck'
🔧 CreateNodeFromScript: script='EnemyCheck', type='Condition'
🔧 Creating CONDITION node for script: EnemyCheck
✅ Created EnemyCheckCondition
]]></output>
            </test-case>
            <test-case id="1009" name="ParseContent_EmptyContent_ReturnsNull" fullname="BehaviourTree.Tests.BTParserTests.ParseContent_EmptyContent_ReturnsNull" methodname="ParseContent_EmptyContent_ReturnsNull" classname="BehaviourTree.Tests.BTParserTests" runstate="Runnable" seed="1668672224" result="Passed" start-time="2025-07-26 03:03:55Z" end-time="2025-07-26 03:03:55Z" duration="0.002336" asserts="0">
              <properties>
                <property name="retryIteration" value="0" />
                <property name="repeatIteration" value="0" />
              </properties>
              <output><![CDATA[No tree definition found
]]></output>
            </test-case>
            <test-case id="1032" name="ParseContent_EmptyNodeBody_CreatesNodeWithoutChildren" fullname="BehaviourTree.Tests.BTParserTests.ParseContent_EmptyNodeBody_CreatesNodeWithoutChildren" methodname="ParseContent_EmptyNodeBody_CreatesNodeWithoutChildren" classname="BehaviourTree.Tests.BTParserTests" runstate="Runnable" seed="1593319742" result="Passed" start-time="2025-07-26 03:03:55Z" end-time="2025-07-26 03:03:55Z" duration="0.001114" asserts="0">
              <properties>
                <property name="retryIteration" value="0" />
                <property name="repeatIteration" value="0" />
              </properties>
              <output><![CDATA[🔍 Creating node: Sequence EmptySequence
🔍 Properties: 
🔧 Creating composite node: Sequence
]]></output>
            </test-case>
            <test-case id="1031" name="ParseContent_MalformedTree_HandlesGracefully" fullname="BehaviourTree.Tests.BTParserTests.ParseContent_MalformedTree_HandlesGracefully" methodname="ParseContent_MalformedTree_HandlesGracefully" classname="BehaviourTree.Tests.BTParserTests" runstate="Runnable" seed="1482201634" result="Passed" start-time="2025-07-26 03:03:55Z" end-time="2025-07-26 03:03:55Z" duration="0.001454" asserts="0">
              <properties>
                <property name="retryIteration" value="0" />
                <property name="repeatIteration" value="0" />
              </properties>
              <output><![CDATA[Expected '{' after tree name
]]></output>
            </test-case>
            <test-case id="1026" name="ParseContent_MixedProperties_ParsedCorrectly" fullname="BehaviourTree.Tests.BTParserTests.ParseContent_MixedProperties_ParsedCorrectly" methodname="ParseContent_MixedProperties_ParsedCorrectly" classname="BehaviourTree.Tests.BTParserTests" runstate="Runnable" seed="776359439" result="Passed" start-time="2025-07-26 03:03:55Z" end-time="2025-07-26 03:03:55Z" duration="0.001352" asserts="0">
              <properties>
                <property name="retryIteration" value="0" />
                <property name="repeatIteration" value="0" />
              </properties>
              <output><![CDATA[🔍 Creating node: Action UseItem
🔍 Properties: item_name=health_potion, quantity=1, auto_use=true, effectiveness=0.8
🚀 Creating Action with script 'UseItem'
🔧 CreateNodeFromScript: script='UseItem', type='Action'
🔧 Creating ACTION node for script: UseItem
✅ Created UseItemAction
]]></output>
            </test-case>
            <test-case id="1017" name="ParseContent_MultipleKnownActions_CreatesCorrectActionTypes" fullname="BehaviourTree.Tests.BTParserTests.ParseContent_MultipleKnownActions_CreatesCorrectActionTypes" methodname="ParseContent_MultipleKnownActions_CreatesCorrectActionTypes" classname="BehaviourTree.Tests.BTParserTests" runstate="Runnable" seed="1921071456" result="Passed" start-time="2025-07-26 03:03:55Z" end-time="2025-07-26 03:03:55Z" duration="0.001593" asserts="0">
              <properties>
                <property name="retryIteration" value="0" />
                <property name="repeatIteration" value="0" />
              </properties>
              <output><![CDATA[🔍 Creating node: Action AttackEnemy
🔍 Properties: damage=50
🚀 Creating Action with script 'AttackEnemy'
🔧 CreateNodeFromScript: script='AttackEnemy', type='Action'
🔧 Creating ACTION node for script: AttackEnemy
✅ Created AttackEnemyAction
🔍 Creating node: Action CastSpell
🔍 Properties: spell_name=fireball
🚀 Creating Action with script 'CastSpell'
🔧 CreateNodeFromScript: script='CastSpell', type='Action'
🔧 Creating ACTION node for script: CastSpell
✅ Created CastSpellAction
🔍 Creating node: Action FleeToSafety
🔍 Properties: min_distance=15.0
🚀 Creating Action with script 'FleeToSafety'
🔧 CreateNodeFromScript: script='FleeToSafety', type='Action'
🔧 Creating ACTION node for script: FleeToSafety
✅ Created FleeToSafetyAction
🔍 Creating node: Sequence Root
🔍 Properties: 
🔧 Creating composite node: Sequence
]]></output>
            </test-case>
            <test-case id="1021" name="ParseContent_MultipleKnownConditions_CreatesCorrectConditionTypes" fullname="BehaviourTree.Tests.BTParserTests.ParseContent_MultipleKnownConditions_CreatesCorrectConditionTypes" methodname="ParseContent_MultipleKnownConditions_CreatesCorrectConditionTypes" classname="BehaviourTree.Tests.BTParserTests" runstate="Runnable" seed="19924794" result="Passed" start-time="2025-07-26 03:03:55Z" end-time="2025-07-26 03:03:55Z" duration="0.001597" asserts="0">
              <properties>
                <property name="retryIteration" value="0" />
                <property name="repeatIteration" value="0" />
              </properties>
              <output><![CDATA[🔍 Creating node: Condition HasMana
🔍 Properties: min_mana=50
🚀 Creating Condition with script 'HasMana'
🔧 CreateNodeFromScript: script='HasMana', type='Condition'
🔧 Creating CONDITION node for script: HasMana
✅ Created HasManaCondition
🔍 Creating node: Condition EnemyInRange
🔍 Properties: range=5.0
🚀 Creating Condition with script 'EnemyInRange'
🔧 CreateNodeFromScript: script='EnemyInRange', type='Condition'
🔧 Creating CONDITION node for script: EnemyInRange
✅ Created EnemyInRangeCondition
🔍 Creating node: Condition IsInitialized
🔍 Properties: 
🚀 Creating Condition with script 'IsInitialized'
🔧 CreateNodeFromScript: script='IsInitialized', type='Condition'
🔧 Creating CONDITION node for script: IsInitialized
✅ Created IsInitializedCondition
🔍 Creating node: Selector Root
🔍 Properties: 
🔧 Creating composite node: Selector
]]></output>
            </test-case>
            <test-case id="1022" name="ParseContent_NestedCompositeNodes_CreatesCorrectHierarchy" fullname="BehaviourTree.Tests.BTParserTests.ParseContent_NestedCompositeNodes_CreatesCorrectHierarchy" methodname="ParseContent_NestedCompositeNodes_CreatesCorrectHierarchy" classname="BehaviourTree.Tests.BTParserTests" runstate="Runnable" seed="1306095237" result="Passed" start-time="2025-07-26 03:03:55Z" end-time="2025-07-26 03:03:55Z" duration="0.001934" asserts="0">
              <properties>
                <property name="retryIteration" value="0" />
                <property name="repeatIteration" value="0" />
              </properties>
              <output><![CDATA[🔍 Creating node: Condition EnemyCheck
🔍 Properties: detection_range=8.0
🚀 Creating Condition with script 'EnemyCheck'
🔧 CreateNodeFromScript: script='EnemyCheck', type='Condition'
🔧 Creating CONDITION node for script: EnemyCheck
✅ Created EnemyCheckCondition
🔍 Creating node: Action AttackTarget
🔍 Properties: damage=30
🚀 Creating Action with script 'AttackTarget'
🔧 CreateNodeFromScript: script='AttackTarget', type='Action'
🔧 Creating ACTION node for script: AttackTarget
✅ Created AttackTargetAction
🔍 Creating node: Sequence AttackSequence
🔍 Properties: 
🔧 Creating composite node: Sequence
🔍 Creating node: Action RandomWander
🔍 Properties: speed=2.0
🚀 Creating Action with script 'RandomWander'
🔧 CreateNodeFromScript: script='RandomWander', type='Action'
🔧 Creating ACTION node for script: RandomWander
✅ Created RandomWanderAction
🔍 Creating node: Action Wait
🔍 Properties: duration=1.0
🚀 Creating Action with script 'Wait'
🔧 CreateNodeFromScript: script='Wait', type='Action'
🔧 Creating ACTION node for script: Wait
✅ Created WaitAction
🔍 Creating node: Sequence PatrolSequence
🔍 Properties: 
🔧 Creating composite node: Sequence
🔍 Creating node: Selector RootSelector
🔍 Properties: 
🔧 Creating composite node: Selector
]]></output>
            </test-case>
            <test-case id="1010" name="ParseContent_NoTreeDefinition_ReturnsNull" fullname="BehaviourTree.Tests.BTParserTests.ParseContent_NoTreeDefinition_ReturnsNull" methodname="ParseContent_NoTreeDefinition_ReturnsNull" classname="BehaviourTree.Tests.BTParserTests" runstate="Runnable" seed="380560869" result="Passed" start-time="2025-07-26 03:03:55Z" end-time="2025-07-26 03:03:55Z" duration="0.001372" asserts="0">
              <properties>
                <property name="retryIteration" value="0" />
                <property name="repeatIteration" value="0" />
              </properties>
              <output><![CDATA[No tree definition found
]]></output>
            </test-case>
            <test-case id="1025" name="ParseContent_NumberProperties_ParsedCorrectly" fullname="BehaviourTree.Tests.BTParserTests.ParseContent_NumberProperties_ParsedCorrectly" methodname="ParseContent_NumberProperties_ParsedCorrectly" classname="BehaviourTree.Tests.BTParserTests" runstate="Runnable" seed="585073450" result="Passed" start-time="2025-07-26 03:03:55Z" end-time="2025-07-26 03:03:55Z" duration="0.001405" asserts="0">
              <properties>
                <property name="retryIteration" value="0" />
                <property name="repeatIteration" value="0" />
              </properties>
              <output><![CDATA[🔍 Creating node: Action AttackEnemy
🔍 Properties: damage=50, attack_range=2.5, cooldown=1.0
🚀 Creating Action with script 'AttackEnemy'
🔧 CreateNodeFromScript: script='AttackEnemy', type='Action'
🔧 Creating ACTION node for script: AttackEnemy
✅ Created AttackEnemyAction
]]></output>
            </test-case>
            <test-case id="1023" name="ParseContent_ParallelWithMultipleChildren_CreatesCorrectStructure" fullname="BehaviourTree.Tests.BTParserTests.ParseContent_ParallelWithMultipleChildren_CreatesCorrectStructure" methodname="ParseContent_ParallelWithMultipleChildren_CreatesCorrectStructure" classname="BehaviourTree.Tests.BTParserTests" runstate="Runnable" seed="940204697" result="Passed" start-time="2025-07-26 03:03:55Z" end-time="2025-07-26 03:03:55Z" duration="0.001650" asserts="0">
              <properties>
                <property name="retryIteration" value="0" />
                <property name="repeatIteration" value="0" />
              </properties>
              <output><![CDATA[🔍 Creating node: Action EnvironmentScan
🔍 Properties: scan_radius=15.0
🚀 Creating Action with script 'EnvironmentScan'
🔧 CreateNodeFromScript: script='EnvironmentScan', type='Action'
🔧 Creating ACTION node for script: EnvironmentScan
✅ Created EnvironmentScanAction
🔍 Creating node: Action MoveToTarget
🔍 Properties: speed=3.0
🚀 Creating Action with script 'MoveToTarget'
🔧 CreateNodeFromScript: script='MoveToTarget', type='Action'
🔧 Creating ACTION node for script: MoveToTarget
✅ Created MoveToTargetAction
🔍 Creating node: Sequence MovementSequence
🔍 Properties: 
🔧 Creating composite node: Sequence
🔍 Creating node: Condition HealthCheck
🔍 Properties: min_health=20
🚀 Creating Condition with script 'HealthCheck'
🔧 CreateNodeFromScript: script='HealthCheck', type='Condition'
🔧 Creating CONDITION node for script: HealthCheck
✅ Created HealthCheckCondition
🔍 Creating node: Parallel RootParallel
🔍 Properties: 
🔧 Creating composite node: Parallel
]]></output>
            </test-case>
            <test-case id="1033" name="ParseContent_RealWorldExample_CreatesCompleteTree" fullname="BehaviourTree.Tests.BTParserTests.ParseContent_RealWorldExample_CreatesCompleteTree" methodname="ParseContent_RealWorldExample_CreatesCompleteTree" classname="BehaviourTree.Tests.BTParserTests" runstate="Runnable" seed="1166831384" result="Passed" start-time="2025-07-26 03:03:55Z" end-time="2025-07-26 03:03:55Z" duration="0.002729" asserts="0">
              <properties>
                <property name="retryIteration" value="0" />
                <property name="repeatIteration" value="0" />
              </properties>
              <output><![CDATA[🔍 Creating node: Condition IsInitialized
🔍 Properties: 
🚀 Creating Condition with script 'IsInitialized'
🔧 CreateNodeFromScript: script='IsInitialized', type='Condition'
🔧 Creating CONDITION node for script: IsInitialized
✅ Created IsInitializedCondition
🔍 Creating node: Action InitializeResources
🔍 Properties: 
🚀 Creating Action with script 'InitializeResources'
🔧 CreateNodeFromScript: script='InitializeResources', type='Action'
🔧 Creating ACTION node for script: InitializeResources
✅ Created InitializeResourcesAction
🔍 Creating node: Sequence InitSequence
🔍 Properties: 
🔧 Creating composite node: Sequence
🔍 Creating node: Condition EnemyInRange
🔍 Properties: range=8.0
🚀 Creating Condition with script 'EnemyInRange'
🔧 CreateNodeFromScript: script='EnemyInRange', type='Condition'
🔧 Creating CONDITION node for script: EnemyInRange
✅ Created EnemyInRangeCondition
🔍 Creating node: Condition HasMana
🔍 Properties: min_mana=50
🚀 Creating Condition with script 'HasMana'
🔧 CreateNodeFromScript: script='HasMana', type='Condition'
🔧 Creating CONDITION node for script: HasMana
✅ Created HasManaCondition
🔍 Creating node: Action CastSpell
🔍 Properties: spell_name=fireball, damage=60, mana_cost=50
🚀 Creating Action with script 'CastSpell'
🔧 CreateNodeFromScript: script='CastSpell', type='Action'
🔧 Creating ACTION node for script: CastSpell
✅ Created CastSpellAction
🔍 Creating node: Sequence MagicAttack
🔍 Properties: 
🔧 Creating composite node: Sequence
🔍 Creating node: Action NormalAttack
🔍 Properties: damage=25, attack_range=2.0
🚀 Creating Action with script 'NormalAttack'
🔧 CreateNodeFromScript: script='NormalAttack', type='Action'
🔧 Creating ACTION node for script: NormalAttack
✅ Created NormalAttackAction
🔍 Creating node: Selector CombatSelector
🔍 Properties: 
🔧 Creating composite node: Selector
🔍 Creating node: Sequence CombatSequence
🔍 Properties: 
🔧 Creating composite node: Sequence
🔍 Creating node: Action EnvironmentScan
🔍 Properties: scan_radius=15.0, scan_interval=2.0
🚀 Creating Action with script 'EnvironmentScan'
🔧 CreateNodeFromScript: script='EnvironmentScan', type='Action'
🔧 Creating ACTION node for script: EnvironmentScan
✅ Created EnvironmentScanAction
🔍 Creating node: Action RandomWander
🔍 Properties: speed=2.0, wander_radius=10.0
🚀 Creating Action with script 'RandomWander'
🔧 CreateNodeFromScript: script='RandomWander', type='Action'
🔧 Creating ACTION node for script: RandomWander
✅ Created RandomWanderAction
🔍 Creating node: Sequence PatrolSequence
🔍 Properties: 
🔧 Creating composite node: Sequence
🔍 Creating node: Selector MainSelector
🔍 Properties: 
🔧 Creating composite node: Selector
]]></output>
            </test-case>
            <test-case id="1013" name="ParseContent_SimpleParallelTree_ReturnsParallelNode" fullname="BehaviourTree.Tests.BTParserTests.ParseContent_SimpleParallelTree_ReturnsParallelNode" methodname="ParseContent_SimpleParallelTree_ReturnsParallelNode" classname="BehaviourTree.Tests.BTParserTests" runstate="Runnable" seed="1502862393" result="Passed" start-time="2025-07-26 03:03:55Z" end-time="2025-07-26 03:03:55Z" duration="0.000935" asserts="0">
              <properties>
                <property name="retryIteration" value="0" />
                <property name="repeatIteration" value="0" />
              </properties>
              <output><![CDATA[🔍 Creating node: Parallel RootParallel
🔍 Properties: 
🔧 Creating composite node: Parallel
]]></output>
            </test-case>
            <test-case id="1012" name="ParseContent_SimpleSelectorTree_ReturnsSelectorNode" fullname="BehaviourTree.Tests.BTParserTests.ParseContent_SimpleSelectorTree_ReturnsSelectorNode" methodname="ParseContent_SimpleSelectorTree_ReturnsSelectorNode" classname="BehaviourTree.Tests.BTParserTests" runstate="Runnable" seed="299965205" result="Passed" start-time="2025-07-26 03:03:55Z" end-time="2025-07-26 03:03:55Z" duration="0.001105" asserts="0">
              <properties>
                <property name="retryIteration" value="0" />
                <property name="repeatIteration" value="0" />
              </properties>
              <output><![CDATA[🔍 Creating node: Selector RootSelector
🔍 Properties: 
🔧 Creating composite node: Selector
]]></output>
            </test-case>
            <test-case id="1011" name="ParseContent_SimpleSequenceTree_ReturnsSequenceNode" fullname="BehaviourTree.Tests.BTParserTests.ParseContent_SimpleSequenceTree_ReturnsSequenceNode" methodname="ParseContent_SimpleSequenceTree_ReturnsSequenceNode" classname="BehaviourTree.Tests.BTParserTests" runstate="Runnable" seed="1128255542" result="Passed" start-time="2025-07-26 03:03:55Z" end-time="2025-07-26 03:03:55Z" duration="0.001002" asserts="0">
              <properties>
                <property name="retryIteration" value="0" />
                <property name="repeatIteration" value="0" />
              </properties>
              <output><![CDATA[🔍 Creating node: Sequence RootSequence
🔍 Properties: 
🔧 Creating composite node: Sequence
]]></output>
            </test-case>
            <test-case id="1024" name="ParseContent_StringProperties_ParsedCorrectly" fullname="BehaviourTree.Tests.BTParserTests.ParseContent_StringProperties_ParsedCorrectly" methodname="ParseContent_StringProperties_ParsedCorrectly" classname="BehaviourTree.Tests.BTParserTests" runstate="Runnable" seed="129899696" result="Passed" start-time="2025-07-26 03:03:55Z" end-time="2025-07-26 03:03:55Z" duration="0.001234" asserts="0">
              <properties>
                <property name="retryIteration" value="0" />
                <property name="repeatIteration" value="0" />
              </properties>
              <output><![CDATA[🔍 Creating node: Action CastSpell
🔍 Properties: spell_name=fireball, element_type=fire, target_type=enemy
🚀 Creating Action with script 'CastSpell'
🔧 CreateNodeFromScript: script='CastSpell', type='Action'
🔧 Creating ACTION node for script: CastSpell
✅ Created CastSpellAction
]]></output>
            </test-case>
            <test-case id="1016" name="ParseContent_UnknownAction_CreatesCustomActionNode" fullname="BehaviourTree.Tests.BTParserTests.ParseContent_UnknownAction_CreatesCustomActionNode" methodname="ParseContent_UnknownAction_CreatesCustomActionNode" classname="BehaviourTree.Tests.BTParserTests" runstate="Runnable" seed="1989467507" result="Passed" start-time="2025-07-26 03:03:55Z" end-time="2025-07-26 03:03:55Z" duration="0.001217" asserts="0">
              <properties>
                <property name="retryIteration" value="0" />
                <property name="repeatIteration" value="0" />
              </properties>
              <output><![CDATA[🔍 Creating node: Action UnknownAction
🔍 Properties: 
🚀 Creating Action with script 'UnknownAction'
🔧 CreateNodeFromScript: script='UnknownAction', type='Action'
🔧 Creating ACTION node for script: UnknownAction
Unknown action script: UnknownAction, using CustomActionNode
]]></output>
            </test-case>
            <test-case id="1020" name="ParseContent_UnknownCondition_CreatesCustomConditionNode" fullname="BehaviourTree.Tests.BTParserTests.ParseContent_UnknownCondition_CreatesCustomConditionNode" methodname="ParseContent_UnknownCondition_CreatesCustomConditionNode" classname="BehaviourTree.Tests.BTParserTests" runstate="Runnable" seed="830972158" result="Passed" start-time="2025-07-26 03:03:55Z" end-time="2025-07-26 03:03:55Z" duration="0.001203" asserts="0">
              <properties>
                <property name="retryIteration" value="0" />
                <property name="repeatIteration" value="0" />
              </properties>
              <output><![CDATA[🔍 Creating node: Condition UnknownCondition
🔍 Properties: 
🚀 Creating Condition with script 'UnknownCondition'
🔧 CreateNodeFromScript: script='UnknownCondition', type='Condition'
🔧 Creating CONDITION node for script: UnknownCondition
Unknown condition script: UnknownCondition, using CustomConditionNode
]]></output>
            </test-case>
            <test-case id="1027" name="ParseContent_WithComments_IgnoresComments" fullname="BehaviourTree.Tests.BTParserTests.ParseContent_WithComments_IgnoresComments" methodname="ParseContent_WithComments_IgnoresComments" classname="BehaviourTree.Tests.BTParserTests" runstate="Runnable" seed="1626378347" result="Passed" start-time="2025-07-26 03:03:55Z" end-time="2025-07-26 03:03:55Z" duration="0.001158" asserts="0">
              <properties>
                <property name="retryIteration" value="0" />
                <property name="repeatIteration" value="0" />
              </properties>
              <output><![CDATA[🔍 Creating node: Action Wait
🔍 Properties: duration=1.0
🚀 Creating Action with script 'Wait'
🔧 CreateNodeFromScript: script='Wait', type='Action'
🔧 Creating ACTION node for script: Wait
✅ Created WaitAction
🔍 Creating node: Sequence RootSequence
🔍 Properties: 
🔧 Creating composite node: Sequence
]]></output>
            </test-case>
            <test-case id="1028" name="ParseContent_WithExtraWhitespace_ParsesCorrectly" fullname="BehaviourTree.Tests.BTParserTests.ParseContent_WithExtraWhitespace_ParsesCorrectly" methodname="ParseContent_WithExtraWhitespace_ParsesCorrectly" classname="BehaviourTree.Tests.BTParserTests" runstate="Runnable" seed="1607896145" result="Passed" start-time="2025-07-26 03:03:55Z" end-time="2025-07-26 03:03:55Z" duration="0.001195" asserts="0">
              <properties>
                <property name="retryIteration" value="0" />
                <property name="repeatIteration" value="0" />
              </properties>
              <output><![CDATA[🔍 Creating node: Action Wait
🔍 Properties: duration=1.0
🚀 Creating Action with script 'Wait'
🔧 CreateNodeFromScript: script='Wait', type='Action'
🔧 Creating ACTION node for script: Wait
✅ Created WaitAction
🔍 Creating node: Sequence RootSequence
🔍 Properties: 
🔧 Creating composite node: Sequence
]]></output>
            </test-case>
            <test-case id="1030" name="ParseFile_NonExistentFile_ReturnsNull" fullname="BehaviourTree.Tests.BTParserTests.ParseFile_NonExistentFile_ReturnsNull" methodname="ParseFile_NonExistentFile_ReturnsNull" classname="BehaviourTree.Tests.BTParserTests" runstate="Runnable" seed="1765120411" result="Passed" start-time="2025-07-26 03:03:55Z" end-time="2025-07-26 03:03:55Z" duration="0.001510" asserts="0">
              <properties>
                <property name="retryIteration" value="0" />
                <property name="repeatIteration" value="0" />
              </properties>
              <output><![CDATA[BT file not found: non_existent_file.bt
]]></output>
            </test-case>
            <test-case id="1029" name="ParseFile_ValidFile_ReturnsCorrectTree" fullname="BehaviourTree.Tests.BTParserTests.ParseFile_ValidFile_ReturnsCorrectTree" methodname="ParseFile_ValidFile_ReturnsCorrectTree" classname="BehaviourTree.Tests.BTParserTests" runstate="Runnable" seed="965946499" result="Passed" start-time="2025-07-26 03:03:55Z" end-time="2025-07-26 03:03:55Z" duration="0.008254" asserts="0">
              <properties>
                <property name="retryIteration" value="0" />
                <property name="repeatIteration" value="0" />
              </properties>
              <output><![CDATA[🔍 Creating node: Action Wait
🔍 Properties: duration=2.0
🚀 Creating Action with script 'Wait'
🔧 CreateNodeFromScript: script='Wait', type='Action'
🔧 Creating ACTION node for script: Wait
✅ Created WaitAction
🔍 Creating node: Selector Root
🔍 Properties: 
🔧 Creating composite node: Selector
]]></output>
            </test-case>
          </test-suite>
          <test-suite type="TestFixture" id="1035" name="BTParsingTests" fullname="BehaviourTree.Tests.BTParsingTests" classname="BehaviourTree.Tests.BTParsingTests" runstate="Runnable" testcasecount="6" result="Passed" start-time="2025-07-26 03:03:55Z" end-time="2025-07-26 03:03:55Z" duration="0.051196" total="6" passed="6" failed="0" inconclusive="0" skipped="0" asserts="0">
            <properties />
            <test-case id="1036" name="TestAllBTFilesParseSuccessfully" fullname="BehaviourTree.Tests.BTParsingTests.TestAllBTFilesParseSuccessfully" methodname="TestAllBTFilesParseSuccessfully" classname="BehaviourTree.Tests.BTParsingTests" runstate="Runnable" seed="90080020" result="Passed" start-time="2025-07-26 03:03:55Z" end-time="2025-07-26 03:03:55Z" duration="0.011615" asserts="0">
              <properties>
                <property name="retryIteration" value="0" />
                <property name="repeatIteration" value="0" />
              </properties>
              <reason>
                <message><![CDATA[All 4 BT files parsed successfully!]]></message>
              </reason>
              <output><![CDATA[Testing BT file: blackboard_sample.bt
🔍 Creating node: Action ScanEnvironment
🔍 Properties: scan_radius=15.0
🚀 Creating Action with script 'ScanEnvironment'
🔧 CreateNodeFromScript: script='ScanEnvironment', type='Action'
🔧 Creating ACTION node for script: ScanEnvironment
✅ Created ScanEnvironmentAction
🔍 Creating node: Condition HasSharedEnemyInfo
🔍 Properties: 
🚀 Creating Condition with script 'HasSharedEnemyInfo'
🔧 CreateNodeFromScript: script='HasSharedEnemyInfo', type='Condition'
🔧 Creating CONDITION node for script: HasSharedEnemyInfo
✅ Created HasSharedEnemyInfoCondition
🔍 Creating node: Action MoveToEnemy
🔍 Properties: speed=4.0, tolerance=1.5
🚀 Creating Action with script 'MoveToEnemy'
🔧 CreateNodeFromScript: script='MoveToEnemy', type='Action'
🔧 Creating ACTION node for script: MoveToEnemy
✅ Created MoveToEnemyAction
🔍 Creating node: Action AttackTarget
🔍 Properties: damage=30
🚀 Creating Action with script 'AttackTarget'
🔧 CreateNodeFromScript: script='AttackTarget', type='Action'
🔧 Creating ACTION node for script: AttackTarget
✅ Created AttackTargetAction
🔍 Creating node: Sequence move_to_enemy
🔍 Properties: 
🔧 Creating composite node: Sequence
🔍 Creating node: Action RandomWander
🔍 Properties: wander_radius=10.0, speed=2.0
🚀 Creating Action with script 'RandomWander'
🔧 CreateNodeFromScript: script='RandomWander', type='Action'
🔧 Creating ACTION node for script: RandomWander
✅ Created RandomWanderAction
🔍 Creating node: Selector movement_behavior
🔍 Properties: 
🔧 Creating composite node: Selector
🔍 Creating node: Sequence main
🔍 Properties: 
🔧 Creating composite node: Sequence
✅ Successfully parsed: blackboard_sample.bt
Testing BT file: team_coordination_sample.bt
🔍 Creating node: Action RandomWander
🔍 Properties: wander_radius=20.0, speed=3.0
🚀 Creating Action with script 'RandomWander'
🔧 CreateNodeFromScript: script='RandomWander', type='Action'
🔧 Creating ACTION node for script: RandomWander
✅ Created RandomWanderAction
🔍 Creating node: Action ScanEnvironment
🔍 Properties: scan_radius=15.0
🚀 Creating Action with script 'ScanEnvironment'
🔧 CreateNodeFromScript: script='ScanEnvironment', type='Action'
🔧 Creating ACTION node for script: ScanEnvironment
✅ Created ScanEnvironmentAction
🔍 Creating node: Sequence scout_role
🔍 Properties: 
🔧 Creating composite node: Sequence
🔍 Creating node: Condition HasSharedEnemyInfo
🔍 Properties: 
🚀 Creating Condition with script 'HasSharedEnemyInfo'
🔧 CreateNodeFromScript: script='HasSharedEnemyInfo', type='Condition'
🔧 Creating CONDITION node for script: HasSharedEnemyInfo
✅ Created HasSharedEnemyInfoCondition
🔍 Creating node: Action AttackTarget
🔍 Properties: damage=40, attack_range=3.0
🚀 Creating Action with script 'AttackTarget'
🔧 CreateNodeFromScript: script='AttackTarget', type='Action'
🔧 Creating ACTION node for script: AttackTarget
✅ Created AttackTargetAction
🔍 Creating node: Sequence combat_role
🔍 Properties: 
🔧 Creating composite node: Sequence
🔍 Creating node: Condition HealthCheck
🔍 Properties: min_health=30
🚀 Creating Condition with script 'HealthCheck'
🔧 CreateNodeFromScript: script='HealthCheck', type='Condition'
🔧 Creating CONDITION node for script: HealthCheck
✅ Created HealthCheckCondition
🔍 Creating node: Action Wait
🔍 Properties: duration=1.0
🚀 Creating Action with script 'Wait'
🔧 CreateNodeFromScript: script='Wait', type='Action'
🔧 Creating ACTION node for script: Wait
✅ Created WaitAction
🔍 Creating node: Sequence support_role
🔍 Properties: 
🔧 Creating composite node: Sequence
🔍 Creating node: Parallel team_behavior
🔍 Properties: success_policy=require_one, failure_policy=require_all
🔧 Creating composite node: Parallel
✅ Successfully parsed: team_coordination_sample.bt
Testing BT file: dynamic_condition_sample.bt
🔍 Creating node: Condition HealthCheck
🔍 Properties: min_health=50
🚀 Creating Condition with script 'HealthCheck'
🔧 CreateNodeFromScript: script='HealthCheck', type='Condition'
🔧 Creating CONDITION node for script: HealthCheck
✅ Created HealthCheckCondition
🔍 Creating node: Condition EnemyCheck
🔍 Properties: detection_range=10.0
🚀 Creating Condition with script 'EnemyCheck'
🔧 CreateNodeFromScript: script='EnemyCheck', type='Condition'
🔧 Creating CONDITION node for script: EnemyCheck
✅ Created EnemyCheckCondition
🔍 Creating node: Action AttackEnemy
🔍 Properties: damage=35, attack_range=2.5
🚀 Creating Action with script 'AttackEnemy'
🔧 CreateNodeFromScript: script='AttackEnemy', type='Action'
🔧 Creating ACTION node for script: AttackEnemy
✅ Created AttackEnemyAction
🔍 Creating node: Sequence healthy_combat
🔍 Properties: 
🔧 Creating composite node: Sequence
🔍 Creating node: Condition HealthCheck
🔍 Properties: min_health=20
🚀 Creating Condition with script 'HealthCheck'
🔧 CreateNodeFromScript: script='HealthCheck', type='Condition'
🔧 Creating CONDITION node for script: HealthCheck
✅ Created HealthCheckCondition
🔍 Creating node: Action MoveToPosition
🔍 Properties: target=safe_zone, speed=3.0
🚀 Creating Action with script 'MoveToPosition'
🔧 CreateNodeFromScript: script='MoveToPosition', type='Action'
🔧 Creating ACTION node for script: MoveToPosition
✅ Created MoveToPositionAction
🔍 Creating node: Action Wait
🔍 Properties: duration=3.0
🚀 Creating Action with script 'Wait'
🔧 CreateNodeFromScript: script='Wait', type='Action'
🔧 Creating ACTION node for script: Wait
✅ Created WaitAction
🔍 Creating node: Sequence safe_healing
🔍 Properties: 
🔧 Creating composite node: Sequence
🔍 Creating node: Action MoveToPosition
🔍 Properties: target=emergency_exit, speed=6.0
🚀 Creating Action with script 'MoveToPosition'
🔧 CreateNodeFromScript: script='MoveToPosition', type='Action'
🔧 Creating ACTION node for script: MoveToPosition
✅ Created MoveToPositionAction
🔍 Creating node: Selector main
🔍 Properties: 
🔧 Creating composite node: Selector
✅ Successfully parsed: dynamic_condition_sample.bt
Testing BT file: resource_management_sample.bt
🔍 Creating node: Action InitializeResources
🔍 Properties: 
🚀 Creating Action with script 'InitializeResources'
🔧 CreateNodeFromScript: script='InitializeResources', type='Action'
🔧 Creating ACTION node for script: InitializeResources
✅ Created InitializeResourcesAction
🔍 Creating node: Condition CheckManaResource
🔍 Properties: min_mana=50
🚀 Creating Condition with script 'CheckManaResource'
🔧 CreateNodeFromScript: script='CheckManaResource', type='Condition'
🔧 Creating CONDITION node for script: CheckManaResource
✅ Created CheckManaResourceCondition
🔍 Creating node: Action CastSpell
🔍 Properties: spell_name=fireball, mana_cost=50, damage=60
🚀 Creating Action with script 'CastSpell'
🔧 CreateNodeFromScript: script='CastSpell', type='Action'
🔧 Creating ACTION node for script: CastSpell
✅ Created CastSpellAction
🔍 Creating node: Sequence magic_attack
🔍 Properties: 
🔧 Creating composite node: Sequence
🔍 Creating node: Condition HealthCheck
🔍 Properties: min_health=30
🚀 Creating Condition with script 'HealthCheck'
🔧 CreateNodeFromScript: script='HealthCheck', type='Condition'
🔧 Creating CONDITION node for script: HealthCheck
✅ Created HealthCheckCondition
🔍 Creating node: Condition HasItem
🔍 Properties: item_type=healing_potion
🚀 Creating Condition with script 'HasItem'
🔧 CreateNodeFromScript: script='HasItem', type='Condition'
🔧 Creating CONDITION node for script: HasItem
✅ Created HasItemCondition
🔍 Creating node: Action UseItem
🔍 Properties: item_type=healing_potion, duration=2.0
🚀 Creating Action with script 'UseItem'
🔧 CreateNodeFromScript: script='UseItem', type='Action'
🔧 Creating ACTION node for script: UseItem
✅ Created UseItemAction
🔍 Creating node: Sequence healing_behavior
🔍 Properties: 
🔧 Creating composite node: Sequence
🔍 Creating node: Action Attack
🔍 Properties: damage=25
🚀 Creating Action with script 'Attack'
🔧 CreateNodeFromScript: script='Attack', type='Action'
🔧 Creating ACTION node for script: Attack
✅ Created AttackAction
🔍 Creating node: Action RestoreSmallMana
🔍 Properties: mana_gain=10
🚀 Creating Action with script 'RestoreSmallMana'
🔧 CreateNodeFromScript: script='RestoreSmallMana', type='Action'
🔧 Creating ACTION node for script: RestoreSmallMana
✅ Created RestoreSmallManaAction
🔍 Creating node: Sequence physical_attack
🔍 Properties: 
🔧 Creating composite node: Sequence
🔍 Creating node: Selector resource_behavior
🔍 Properties: 
🔧 Creating composite node: Selector
🔍 Creating node: Sequence main
🔍 Properties: 
🔧 Creating composite node: Sequence
✅ Successfully parsed: resource_management_sample.bt
🎯 Parsing Test Results:
📊 Total files: 4
✅ Successful: 4
❌ Failed: 0
✅ Successfully parsed files:
  - blackboard_sample.bt
  - team_coordination_sample.bt
  - dynamic_condition_sample.bt
  - resource_management_sample.bt
]]></output>
            </test-case>
            <test-case id="1040" name="TestBlackBoardNodes" fullname="BehaviourTree.Tests.BTParsingTests.TestBlackBoardNodes" methodname="TestBlackBoardNodes" classname="BehaviourTree.Tests.BTParsingTests" runstate="Runnable" seed="1940705909" result="Passed" start-time="2025-07-26 03:03:55Z" end-time="2025-07-26 03:03:55Z" duration="0.001626" asserts="0">
              <properties>
                <property name="retryIteration" value="0" />
                <property name="repeatIteration" value="0" />
              </properties>
              <output><![CDATA[🔍 Creating node: Action ScanEnvironment
🔍 Properties: scan_radius=15.0
🚀 Creating Action with script 'ScanEnvironment'
🔧 CreateNodeFromScript: script='ScanEnvironment', type='Action'
🔧 Creating ACTION node for script: ScanEnvironment
✅ Created ScanEnvironmentAction
🔍 Creating node: Condition HasSharedEnemyInfo
🔍 Properties: 
🚀 Creating Condition with script 'HasSharedEnemyInfo'
🔧 CreateNodeFromScript: script='HasSharedEnemyInfo', type='Condition'
🔧 Creating CONDITION node for script: HasSharedEnemyInfo
✅ Created HasSharedEnemyInfoCondition
🔍 Creating node: Action AttackTarget
🔍 Properties: damage=30
🚀 Creating Action with script 'AttackTarget'
🔧 CreateNodeFromScript: script='AttackTarget', type='Action'
🔧 Creating ACTION node for script: AttackTarget
✅ Created AttackTargetAction
🔍 Creating node: Sequence main
🔍 Properties: 
🔧 Creating composite node: Sequence
✅ BlackBoard node tests passed
]]></output>
            </test-case>
            <test-case id="1039" name="TestNodeCreation" fullname="BehaviourTree.Tests.BTParsingTests.TestNodeCreation" methodname="TestNodeCreation" classname="BehaviourTree.Tests.BTParsingTests" runstate="Runnable" seed="885858817" result="Passed" start-time="2025-07-26 03:03:55Z" end-time="2025-07-26 03:03:55Z" duration="0.000869" asserts="0">
              <properties>
                <property name="retryIteration" value="0" />
                <property name="repeatIteration" value="0" />
              </properties>
              <output><![CDATA[🔍 Creating node: Action MoveToPosition
🔍 Properties: target=test_target, speed=3.5
🚀 Creating Action with script 'MoveToPosition'
🔧 CreateNodeFromScript: script='MoveToPosition', type='Action'
🔧 Creating ACTION node for script: MoveToPosition
✅ Created MoveToPositionAction
🔍 Creating node: Condition HealthCheck
🔍 Properties: min_health=50
🚀 Creating Condition with script 'HealthCheck'
🔧 CreateNodeFromScript: script='HealthCheck', type='Condition'
🔧 Creating CONDITION node for script: HealthCheck
✅ Created HealthCheckCondition
🔍 Creating node: Sequence root
🔍 Properties: 
🔧 Creating composite node: Sequence
✅ Node creation tests passed
]]></output>
            </test-case>
            <test-case id="1038" name="TestParserErrorHandling" fullname="BehaviourTree.Tests.BTParsingTests.TestParserErrorHandling" methodname="TestParserErrorHandling" classname="BehaviourTree.Tests.BTParsingTests" runstate="Runnable" seed="64357368" result="Passed" start-time="2025-07-26 03:03:55Z" end-time="2025-07-26 03:03:55Z" duration="0.001685" asserts="0">
              <properties>
                <property name="Description" value="パーサーエラーハンドリングをテスト" />
                <property name="retryIteration" value="0" />
                <property name="repeatIteration" value="0" />
              </properties>
              <output><![CDATA[BT file not found: nonexistent_file.bt
No tree definition found
No tree definition found
✅ Error handling tests passed
]]></output>
            </test-case>
            <test-case id="1041" name="TestParsingPerformance" fullname="BehaviourTree.Tests.BTParsingTests.TestParsingPerformance" methodname="TestParsingPerformance" classname="BehaviourTree.Tests.BTParsingTests" runstate="Runnable" seed="1584594687" result="Passed" start-time="2025-07-26 03:03:55Z" end-time="2025-07-26 03:03:55Z" duration="0.021955" asserts="0">
              <properties>
                <property name="retryIteration" value="0" />
                <property name="repeatIteration" value="0" />
              </properties>
              <output><![CDATA[
IgnoreFailingMessages:true
🔍 Creating node: Condition IsInitialized
🔍 Properties: 
🚀 Creating Condition with script 'IsInitialized'
🔧 CreateNodeFromScript: script='IsInitialized', type='Condition'
🔧 Creating CONDITION node for script: IsInitialized
✅ Created IsInitializedCondition
🔍 Creating node: Condition HealthCheck
🔍 Properties: min_health=20
🚀 Creating Condition with script 'HealthCheck'
🔧 CreateNodeFromScript: script='HealthCheck', type='Condition'
🔧 Creating CONDITION node for script: HealthCheck
✅ Created HealthCheckCondition
🔍 Creating node: Condition HasItem
🔍 Properties: item_type=health_potion
🚀 Creating Condition with script 'HasItem'
🔧 CreateNodeFromScript: script='HasItem', type='Condition'
🔧 Creating CONDITION node for script: HasItem
✅ Created HasItemCondition
🔍 Creating node: Action UseItem
🔍 Properties: item_type=health_potion, duration=2.0
🚀 Creating Action with script 'UseItem'
🔧 CreateNodeFromScript: script='UseItem', type='Action'
🔧 Creating ACTION node for script: UseItem
✅ Created UseItemAction
🔍 Creating node: Sequence use_healing
🔍 Properties: 
🔧 Creating composite node: Sequence
🔍 Creating node: Action FleeToSafety
🔍 Properties: target=safe_zone, speed=5.0, tolerance=2.0
🚀 Creating Action with script 'FleeToSafety'
🔧 CreateNodeFromScript: script='FleeToSafety', type='Action'
🔧 Creating ACTION node for script: FleeToSafety
✅ Created FleeToSafetyAction
🔍 Creating node: Selector retreat_options
🔍 Properties: 
🔧 Creating composite node: Selector
🔍 Creating node: Sequence emergency_retreat
🔍 Properties: 
🔧 Creating composite node: Sequence
🔍 Creating node: Condition EnemyCheck
🔍 Properties: detection_range=8.0
🚀 Creating Condition with script 'EnemyCheck'
🔧 CreateNodeFromScript: script='EnemyCheck', type='Condition'
🔧 Creating CONDITION node for script: EnemyCheck
✅ Created EnemyCheckCondition
🔍 Creating node: Condition EnemyCheck
🔍 Properties: detection_range=6.0
🚀 Creating Condition with script 'EnemyCheck'
🔧 CreateNodeFromScript: script='EnemyCheck', type='Condition'
🔧 Creating CONDITION node for script: EnemyCheck
✅ Created EnemyCheckCondition
🔍 Creating node: Condition HasItem
🔍 Properties: item_type=bow
🚀 Creating Condition with script 'HasItem'
🔧 CreateNodeFromScript: script='HasItem', type='Condition'
🔧 Creating CONDITION node for script: HasItem
✅ Created HasItemCondition
🔍 Creating node: Action Attack
🔍 Properties: attack_type=ranged, damage=30, range=6.0, cooldown=1.5
🚀 Creating Action with script 'Attack'
🔧 CreateNodeFromScript: script='Attack', type='Action'
🔧 Creating ACTION node for script: Attack
✅ Created AttackAction
🔍 Creating node: Sequence ranged_attack
🔍 Properties: 
🔧 Creating composite node: Sequence
🔍 Creating node: Action MoveToPosition
🔍 Properties: target=detected_enemy, speed=4.0, tolerance=1.5
🚀 Creating Action with script 'MoveToPosition'
🔧 CreateNodeFromScript: script='MoveToPosition', type='Action'
🔧 Creating ACTION node for script: MoveToPosition
✅ Created MoveToPositionAction
🔍 Creating node: Action AttackEnemy
🔍 Properties: damage=40, attack_range=2.0, cooldown=1.0
🚀 Creating Action with script 'AttackEnemy'
🔧 CreateNodeFromScript: script='AttackEnemy', type='Action'
🔧 Creating ACTION node for script: AttackEnemy
✅ Created AttackEnemyAction
🔍 Creating node: Sequence melee_combat
🔍 Properties: 
🔧 Creating composite node: Sequence
🔍 Creating node: Selector combat_tactics
🔍 Properties: 
🔧 Creating composite node: Selector
🔍 Creating node: Action Wait
🔍 Properties: duration=0.5
🚀 Creating Action with script 'Wait'
🔧 CreateNodeFromScript: script='Wait', type='Action'
🔧 Creating ACTION node for script: Wait
✅ Created WaitAction
🔍 Creating node: Sequence combat_behavior
🔍 Properties: 
🔧 Creating composite node: Sequence
🔍 Creating node: Condition HealthCheck
🔍 Properties: min_health=50
🚀 Creating Condition with script 'HealthCheck'
🔧 CreateNodeFromScript: script='HealthCheck', type='Condition'
🔧 Creating CONDITION node for script: HealthCheck
✅ Created HealthCheckCondition
🔍 Creating node: Action MoveToPosition
🔍 Properties: target=patrol_point_1, speed=2.5, tolerance=1.0
🚀 Creating Action with script 'MoveToPosition'
🔧 CreateNodeFromScript: script='MoveToPosition', type='Action'
🔧 Creating ACTION node for script: MoveToPosition
✅ Created MoveToPositionAction
🔍 Creating node: Action Wait
🔍 Properties: duration=3.0
🚀 Creating Action with script 'Wait'
🔧 CreateNodeFromScript: script='Wait', type='Action'
🔧 Creating ACTION node for script: Wait
✅ Created WaitAction
🔍 Creating node: Condition HasTarget
🔍 Properties: target=patrol_point_2
🚀 Creating Condition with script 'HasTarget'
🔧 CreateNodeFromScript: script='HasTarget', type='Condition'
🔧 Creating CONDITION node for script: HasTarget
✅ Created HasTargetCondition
🔍 Creating node: Sequence patrol_to_point1
🔍 Properties: 
🔧 Creating composite node: Sequence
🔍 Creating node: Action MoveToPosition
🔍 Properties: target=patrol_point_2, speed=2.5, tolerance=1.0
🚀 Creating Action with script 'MoveToPosition'
🔧 CreateNodeFromScript: script='MoveToPosition', type='Action'
🔧 Creating ACTION node for script: MoveToPosition
✅ Created MoveToPositionAction
🔍 Creating node: Action Wait
🔍 Properties: duration=2.5
🚀 Creating Action with script 'Wait'
🔧 CreateNodeFromScript: script='Wait', type='Action'
🔧 Creating ACTION node for script: Wait
✅ Created WaitAction
🔍 Creating node: Sequence patrol_to_point2
🔍 Properties: 
🔧 Creating composite node: Sequence
🔍 Creating node: Action MoveToPosition
🔍 Properties: target=guard_post, speed=3.0, tolerance=0.8
🚀 Creating Action with script 'MoveToPosition'
🔧 CreateNodeFromScript: script='MoveToPosition', type='Action'
🔧 Creating ACTION node for script: MoveToPosition
✅ Created MoveToPositionAction
🔍 Creating node: Action Wait
🔍 Properties: duration=4.0
🚀 Creating Action with script 'Wait'
🔧 CreateNodeFromScript: script='Wait', type='Action'
🔧 Creating ACTION node for script: Wait
✅ Created WaitAction
🔍 Creating node: Sequence return_to_base
🔍 Properties: 
🔧 Creating composite node: Sequence
🔍 Creating node: Selector patrol_pattern
🔍 Properties: 
🔧 Creating composite node: Selector
🔍 Creating node: Sequence patrol_behavior
🔍 Properties: 
🔧 Creating composite node: Sequence
🔍 Creating node: Action Wait
🔍 Properties: duration=1.0
🚀 Creating Action with script 'Wait'
🔧 CreateNodeFromScript: script='Wait', type='Action'
🔧 Creating ACTION node for script: Wait
✅ Created WaitAction
🔍 Creating node: Action RandomWander
🔍 Properties: radius=2.0, speed=1.5, duration=2.0
🚀 Creating Action with script 'RandomWander'
🔧 CreateNodeFromScript: script='RandomWander', type='Action'
🔧 Creating ACTION node for script: RandomWander
✅ Created RandomWanderAction
🔍 Creating node: Sequence idle_behavior
🔍 Properties: 
🔧 Creating composite node: Sequence
🔍 Creating node: Selector priority_behavior
🔍 Properties: 
🔧 Creating composite node: Selector
🔍 Creating node: Sequence main_loop
🔍 Properties: 
🔧 Creating composite node: Sequence

IgnoreFailingMessages:false
⏱️ advanced_guard_new_format.bt: 4ms
🔍 Creating node: Action ScanEnvironment
🔍 Properties: scan_radius=15.0
🚀 Creating Action with script 'ScanEnvironment'
🔧 CreateNodeFromScript: script='ScanEnvironment', type='Action'
🔧 Creating ACTION node for script: ScanEnvironment
✅ Created ScanEnvironmentAction
🔍 Creating node: Condition HasSharedEnemyInfo
🔍 Properties: 
🚀 Creating Condition with script 'HasSharedEnemyInfo'
🔧 CreateNodeFromScript: script='HasSharedEnemyInfo', type='Condition'
🔧 Creating CONDITION node for script: HasSharedEnemyInfo
✅ Created HasSharedEnemyInfoCondition
🔍 Creating node: Action MoveToEnemy
🔍 Properties: speed=4.0, tolerance=1.5
🚀 Creating Action with script 'MoveToEnemy'
🔧 CreateNodeFromScript: script='MoveToEnemy', type='Action'
🔧 Creating ACTION node for script: MoveToEnemy
✅ Created MoveToEnemyAction
🔍 Creating node: Action AttackTarget
🔍 Properties: damage=30
🚀 Creating Action with script 'AttackTarget'
🔧 CreateNodeFromScript: script='AttackTarget', type='Action'
🔧 Creating ACTION node for script: AttackTarget
✅ Created AttackTargetAction
🔍 Creating node: Sequence move_to_enemy
🔍 Properties: 
🔧 Creating composite node: Sequence
🔍 Creating node: Action RandomWander
🔍 Properties: wander_radius=10.0, speed=2.0
🚀 Creating Action with script 'RandomWander'
🔧 CreateNodeFromScript: script='RandomWander', type='Action'
🔧 Creating ACTION node for script: RandomWander
✅ Created RandomWanderAction
🔍 Creating node: Selector movement_behavior
🔍 Properties: 
🔧 Creating composite node: Selector
🔍 Creating node: Sequence main
🔍 Properties: 
🔧 Creating composite node: Sequence
⏱️ blackboard_sample.bt: 1ms

IgnoreFailingMessages:true
🔍 Creating node: Condition IsInitialized
🔍 Properties: 
🚀 Creating Condition with script 'IsInitialized'
🔧 CreateNodeFromScript: script='IsInitialized', type='Condition'
🔧 Creating CONDITION node for script: IsInitialized
✅ Created IsInitializedCondition
🔍 Creating node: Condition HealthCheck
🔍 Properties: min_health=20
🚀 Creating Condition with script 'HealthCheck'
🔧 CreateNodeFromScript: script='HealthCheck', type='Condition'
🔧 Creating CONDITION node for script: HealthCheck
✅ Created HealthCheckCondition
🔍 Creating node: Condition HasItem
🔍 Properties: item_type=healing_potion
🚀 Creating Condition with script 'HasItem'
🔧 CreateNodeFromScript: script='HasItem', type='Condition'
🔧 Creating CONDITION node for script: HasItem
✅ Created HasItemCondition
🔍 Creating node: Action UseItem
🔍 Properties: item_type=healing_potion
🚀 Creating Action with script 'UseItem'
🔧 CreateNodeFromScript: script='UseItem', type='Action'
🔧 Creating ACTION node for script: UseItem
✅ Created UseItemAction
🔍 Creating node: Sequence use_healing
🔍 Properties: 
🔧 Creating composite node: Sequence
🔍 Creating node: Action FleeToSafety
🔍 Properties: min_distance=20.0, speed_multiplier=1.5
🚀 Creating Action with script 'FleeToSafety'
🔧 CreateNodeFromScript: script='FleeToSafety', type='Action'
🔧 Creating ACTION node for script: FleeToSafety
✅ Created FleeToSafetyAction
🔍 Creating node: Selector escape_options
🔍 Properties: 
🔧 Creating composite node: Selector
🔍 Creating node: Sequence emergency_response
🔍 Properties: 
🔧 Creating composite node: Sequence
🔍 Creating node: Condition EnemyInRange
🔍 Properties: attack_range=5.0
🚀 Creating Condition with script 'EnemyInRange'
🔧 CreateNodeFromScript: script='EnemyInRange', type='Condition'
🔧 Creating CONDITION node for script: EnemyInRange
✅ Created EnemyInRangeCondition
🔍 Creating node: Condition HealthCheck
🔍 Properties: min_health=30
🚀 Creating Condition with script 'HealthCheck'
🔧 CreateNodeFromScript: script='HealthCheck', type='Condition'
🔧 Creating CONDITION node for script: HealthCheck
✅ Created HealthCheckCondition
🔍 Creating node: Condition HasMana
🔍 Properties: min_mana=50
🚀 Creating Condition with script 'HasMana'
🔧 CreateNodeFromScript: script='HasMana', type='Condition'
🔧 Creating CONDITION node for script: HasMana
✅ Created HasManaCondition
🔍 Creating node: Condition EnemyHealthCheck
🔍 Properties: min_health=80
🚀 Creating Condition with script 'EnemyHealthCheck'
🔧 CreateNodeFromScript: script='EnemyHealthCheck', type='Condition'
🔧 Creating CONDITION node for script: EnemyHealthCheck
✅ Created EnemyHealthCheckCondition
🔍 Creating node: Action CastSpell
🔍 Properties: spell_name=fireball, damage=40, mana_cost=50
🚀 Creating Action with script 'CastSpell'
🔧 CreateNodeFromScript: script='CastSpell', type='Action'
🔧 Creating ACTION node for script: CastSpell
✅ Created CastSpellAction
🔍 Creating node: Sequence special_attack
🔍 Properties: 
🔧 Creating composite node: Sequence
🔍 Creating node: Action NormalAttack
🔍 Properties: damage=15, cooldown=1.0
🚀 Creating Action with script 'NormalAttack'
🔧 CreateNodeFromScript: script='NormalAttack', type='Action'
🔧 Creating ACTION node for script: NormalAttack
✅ Created NormalAttackAction
🔍 Creating node: Selector combat_strategy
🔍 Properties: 
🔧 Creating composite node: Selector
🔍 Creating node: Sequence combat_behavior
🔍 Properties: 
🔧 Creating composite node: Sequence
🔍 Creating node: Condition ScanForInterest
🔍 Properties: scan_radius=12.0
🚀 Creating Condition with script 'ScanForInterest'
🔧 CreateNodeFromScript: script='ScanForInterest', type='Condition'
🔧 Creating CONDITION node for script: ScanForInterest
✅ Created ScanForInterestCondition
🔍 Creating node: Action MoveToTarget
🔍 Properties: move_type=investigate, speed=2.0
🚀 Creating Action with script 'MoveToTarget'
🔧 CreateNodeFromScript: script='MoveToTarget', type='Action'
🔧 Creating ACTION node for script: MoveToTarget
✅ Created MoveToTargetAction
🔍 Creating node: Action Interact
🔍 Properties: interaction_type=examine
🚀 Creating Action with script 'Interact'
🔧 CreateNodeFromScript: script='Interact', type='Action'
🔧 Creating ACTION node for script: Interact
✅ Created InteractAction
🔍 Creating node: Sequence investigate
🔍 Properties: 
🔧 Creating composite node: Sequence
🔍 Creating node: Action RandomWander
🔍 Properties: wander_radius=10.0, speed=1.5, pause_duration=3.0
🚀 Creating Action with script 'RandomWander'
🔧 CreateNodeFromScript: script='RandomWander', type='Action'
🔧 Creating ACTION node for script: RandomWander
✅ Created RandomWanderAction
🔍 Creating node: Selector move_behavior
🔍 Properties: 
🔧 Creating composite node: Selector
🔍 Creating node: Sequence exploration
🔍 Properties: 
🔧 Creating composite node: Sequence
🔍 Creating node: Action EnvironmentScan
🔍 Properties: scan_interval=2.0, scan_radius=15.0
🚀 Creating Action with script 'EnvironmentScan'
🔧 CreateNodeFromScript: script='EnvironmentScan', type='Action'
🔧 Creating ACTION node for script: EnvironmentScan
✅ Created EnvironmentScanAction
🔍 Creating node: Action Wait
🔍 Properties: duration=5.0
🚀 Creating Action with script 'Wait'
🔧 CreateNodeFromScript: script='Wait', type='Action'
🔧 Creating ACTION node for script: Wait
✅ Created WaitAction
🔍 Creating node: Parallel monitoring_idle
🔍 Properties: success_policy=require_one, failure_policy=require_all
🔧 Creating composite node: Parallel
🔍 Creating node: Selector main_loop
🔍 Properties: 
🔧 Creating composite node: Selector
🔍 Creating node: Sequence root
🔍 Properties: 
🔧 Creating composite node: Sequence

IgnoreFailingMessages:false
⏱️ complex_example.bt: 3ms
🔍 Creating node: Condition HealthCheck
🔍 Properties: min_health=50
🚀 Creating Condition with script 'HealthCheck'
🔧 CreateNodeFromScript: script='HealthCheck', type='Condition'
🔧 Creating CONDITION node for script: HealthCheck
✅ Created HealthCheckCondition
🔍 Creating node: Condition EnemyCheck
🔍 Properties: detection_range=10.0
🚀 Creating Condition with script 'EnemyCheck'
🔧 CreateNodeFromScript: script='EnemyCheck', type='Condition'
🔧 Creating CONDITION node for script: EnemyCheck
✅ Created EnemyCheckCondition
🔍 Creating node: Action AttackEnemy
🔍 Properties: damage=35, attack_range=2.5
🚀 Creating Action with script 'AttackEnemy'
🔧 CreateNodeFromScript: script='AttackEnemy', type='Action'
🔧 Creating ACTION node for script: AttackEnemy
✅ Created AttackEnemyAction
🔍 Creating node: Sequence healthy_combat
🔍 Properties: 
🔧 Creating composite node: Sequence
🔍 Creating node: Condition HealthCheck
🔍 Properties: min_health=20
🚀 Creating Condition with script 'HealthCheck'
🔧 CreateNodeFromScript: script='HealthCheck', type='Condition'
🔧 Creating CONDITION node for script: HealthCheck
✅ Created HealthCheckCondition
🔍 Creating node: Action MoveToPosition
🔍 Properties: target=safe_zone, speed=3.0
🚀 Creating Action with script 'MoveToPosition'
🔧 CreateNodeFromScript: script='MoveToPosition', type='Action'
🔧 Creating ACTION node for script: MoveToPosition
✅ Created MoveToPositionAction
🔍 Creating node: Action Wait
🔍 Properties: duration=3.0
🚀 Creating Action with script 'Wait'
🔧 CreateNodeFromScript: script='Wait', type='Action'
🔧 Creating ACTION node for script: Wait
✅ Created WaitAction
🔍 Creating node: Sequence safe_healing
🔍 Properties: 
🔧 Creating composite node: Sequence
🔍 Creating node: Action MoveToPosition
🔍 Properties: target=emergency_exit, speed=6.0
🚀 Creating Action with script 'MoveToPosition'
🔧 CreateNodeFromScript: script='MoveToPosition', type='Action'
🔧 Creating ACTION node for script: MoveToPosition
✅ Created MoveToPositionAction
🔍 Creating node: Selector main
🔍 Properties: 
🔧 Creating composite node: Selector
⏱️ dynamic_condition_sample.bt: 1ms
🔍 Creating node: Condition IsInitialized
🔍 Properties: 
🚀 Creating Condition with script 'IsInitialized'
🔧 CreateNodeFromScript: script='IsInitialized', type='Condition'
🔧 Creating CONDITION node for script: IsInitialized
✅ Created IsInitializedCondition
🔍 Creating node: Condition HealthCheck
🔍 Properties: min_health=20
🚀 Creating Condition with script 'HealthCheck'
🔧 CreateNodeFromScript: script='HealthCheck', type='Condition'
🔧 Creating CONDITION node for script: HealthCheck
✅ Created HealthCheckCondition
🔍 Creating node: Condition HasItem
🔍 Properties: item_type=health_potion
🚀 Creating Condition with script 'HasItem'
🔧 CreateNodeFromScript: script='HasItem', type='Condition'
🔧 Creating CONDITION node for script: HasItem
✅ Created HasItemCondition
🔍 Creating node: Action UseItem
🔍 Properties: item_type=health_potion, duration=2.0
🚀 Creating Action with script 'UseItem'
🔧 CreateNodeFromScript: script='UseItem', type='Action'
🔧 Creating ACTION node for script: UseItem
✅ Created UseItemAction
🔍 Creating node: Sequence use_healing
🔍 Properties: 
🔧 Creating composite node: Sequence
🔍 Creating node: Action FleeToSafety
🔍 Properties: target=safe_zone, speed=5.0, tolerance=2.0
🚀 Creating Action with script 'FleeToSafety'
🔧 CreateNodeFromScript: script='FleeToSafety', type='Action'
🔧 Creating ACTION node for script: FleeToSafety
✅ Created FleeToSafetyAction
🔍 Creating node: Selector retreat_options
🔍 Properties: 
🔧 Creating composite node: Selector
🔍 Creating node: Sequence emergency_retreat
🔍 Properties: 
🔧 Creating composite node: Sequence
🔍 Creating node: Condition EnemyCheck
🔍 Properties: detection_range=8.0
🚀 Creating Condition with script 'EnemyCheck'
🔧 CreateNodeFromScript: script='EnemyCheck', type='Condition'
🔧 Creating CONDITION node for script: EnemyCheck
✅ Created EnemyCheckCondition
🔍 Creating node: Condition EnemyCheck
🔍 Properties: detection_range=6.0
🚀 Creating Condition with script 'EnemyCheck'
🔧 CreateNodeFromScript: script='EnemyCheck', type='Condition'
🔧 Creating CONDITION node for script: EnemyCheck
✅ Created EnemyCheckCondition
🔍 Creating node: Condition HasItem
🔍 Properties: item_type=bow
🚀 Creating Condition with script 'HasItem'
🔧 CreateNodeFromScript: script='HasItem', type='Condition'
🔧 Creating CONDITION node for script: HasItem
✅ Created HasItemCondition
🔍 Creating node: Action Attack
🔍 Properties: attack_type=ranged, damage=30, range=6.0, cooldown=1.5
🚀 Creating Action with script 'Attack'
🔧 CreateNodeFromScript: script='Attack', type='Action'
🔧 Creating ACTION node for script: Attack
✅ Created AttackAction
🔍 Creating node: Sequence ranged_attack
🔍 Properties: 
🔧 Creating composite node: Sequence
🔍 Creating node: Action MoveToPosition
🔍 Properties: target=detected_enemy, speed=4.0, tolerance=1.5
🚀 Creating Action with script 'MoveToPosition'
🔧 CreateNodeFromScript: script='MoveToPosition', type='Action'
🔧 Creating ACTION node for script: MoveToPosition
✅ Created MoveToPositionAction
🔍 Creating node: Action AttackEnemy
🔍 Properties: damage=40, attack_range=2.0, cooldown=1.0
🚀 Creating Action with script 'AttackEnemy'
🔧 CreateNodeFromScript: script='AttackEnemy', type='Action'
🔧 Creating ACTION node for script: AttackEnemy
✅ Created AttackEnemyAction
🔍 Creating node: Sequence melee_combat
🔍 Properties: 
🔧 Creating composite node: Sequence
🔍 Creating node: Selector combat_tactics
🔍 Properties: 
🔧 Creating composite node: Selector
🔍 Creating node: Action Wait
🔍 Properties: duration=0.5
🚀 Creating Action with script 'Wait'
🔧 CreateNodeFromScript: script='Wait', type='Action'
🔧 Creating ACTION node for script: Wait
✅ Created WaitAction
🔍 Creating node: Sequence combat_behavior
🔍 Properties: 
🔧 Creating composite node: Sequence
🔍 Creating node: Condition HealthCheck
🔍 Properties: min_health=50
🚀 Creating Condition with script 'HealthCheck'
🔧 CreateNodeFromScript: script='HealthCheck', type='Condition'
🔧 Creating CONDITION node for script: HealthCheck
✅ Created HealthCheckCondition
🔍 Creating node: Action MoveToPosition
🔍 Properties: target=patrol_point_1, speed=2.5, tolerance=1.0
🚀 Creating Action with script 'MoveToPosition'
🔧 CreateNodeFromScript: script='MoveToPosition', type='Action'
🔧 Creating ACTION node for script: MoveToPosition
✅ Created MoveToPositionAction
🔍 Creating node: Action Wait
🔍 Properties: duration=3.0
🚀 Creating Action with script 'Wait'
🔧 CreateNodeFromScript: script='Wait', type='Action'
🔧 Creating ACTION node for script: Wait
✅ Created WaitAction
🔍 Creating node: Sequence patrol_to_point1
🔍 Properties: 
🔧 Creating composite node: Sequence
🔍 Creating node: Action MoveToPosition
🔍 Properties: target=patrol_point_2, speed=2.5, tolerance=1.0
🚀 Creating Action with script 'MoveToPosition'
🔧 CreateNodeFromScript: script='MoveToPosition', type='Action'
🔧 Creating ACTION node for script: MoveToPosition
✅ Created MoveToPositionAction
🔍 Creating node: Action Wait
🔍 Properties: duration=2.5
🚀 Creating Action with script 'Wait'
🔧 CreateNodeFromScript: script='Wait', type='Action'
🔧 Creating ACTION node for script: Wait
✅ Created WaitAction
🔍 Creating node: Sequence patrol_to_point2
🔍 Properties: 
🔧 Creating composite node: Sequence
🔍 Creating node: Action MoveToPosition
🔍 Properties: target=guard_post, speed=3.0, tolerance=0.8
🚀 Creating Action with script 'MoveToPosition'
🔧 CreateNodeFromScript: script='MoveToPosition', type='Action'
🔧 Creating ACTION node for script: MoveToPosition
✅ Created MoveToPositionAction
🔍 Creating node: Action Wait
🔍 Properties: duration=4.0
🚀 Creating Action with script 'Wait'
🔧 CreateNodeFromScript: script='Wait', type='Action'
🔧 Creating ACTION node for script: Wait
✅ Created WaitAction
🔍 Creating node: Sequence return_to_base
🔍 Properties: 
🔧 Creating composite node: Sequence
🔍 Creating node: Selector patrol_pattern
🔍 Properties: 
🔧 Creating composite node: Selector
🔍 Creating node: Sequence patrol_behavior
🔍 Properties: 
🔧 Creating composite node: Sequence
🔍 Creating node: Action Wait
🔍 Properties: duration=1.0
🚀 Creating Action with script 'Wait'
🔧 CreateNodeFromScript: script='Wait', type='Action'
🔧 Creating ACTION node for script: Wait
✅ Created WaitAction
🔍 Creating node: Action RandomWander
🔍 Properties: radius=2.0, speed=1.5, duration=2.0
🚀 Creating Action with script 'RandomWander'
🔧 CreateNodeFromScript: script='RandomWander', type='Action'
🔧 Creating ACTION node for script: RandomWander
✅ Created RandomWanderAction
🔍 Creating node: Sequence idle_behavior
🔍 Properties: 
🔧 Creating composite node: Sequence
🔍 Creating node: Selector priority_behavior
🔍 Properties: 
🔧 Creating composite node: Selector
🔍 Creating node: Sequence main_loop
🔍 Properties: 
🔧 Creating composite node: Sequence
⏱️ improved_format_example.bt: 4ms
🔍 Creating node: Action InitializeResources
🔍 Properties: 
🚀 Creating Action with script 'InitializeResources'
🔧 CreateNodeFromScript: script='InitializeResources', type='Action'
🔧 Creating ACTION node for script: InitializeResources
✅ Created InitializeResourcesAction
🔍 Creating node: Condition CheckManaResource
🔍 Properties: min_mana=50
🚀 Creating Condition with script 'CheckManaResource'
🔧 CreateNodeFromScript: script='CheckManaResource', type='Condition'
🔧 Creating CONDITION node for script: CheckManaResource
✅ Created CheckManaResourceCondition
🔍 Creating node: Action CastSpell
🔍 Properties: spell_name=fireball, mana_cost=50, damage=60
🚀 Creating Action with script 'CastSpell'
🔧 CreateNodeFromScript: script='CastSpell', type='Action'
🔧 Creating ACTION node for script: CastSpell
✅ Created CastSpellAction
🔍 Creating node: Sequence magic_attack
🔍 Properties: 
🔧 Creating composite node: Sequence
🔍 Creating node: Condition HealthCheck
🔍 Properties: min_health=30
🚀 Creating Condition with script 'HealthCheck'
🔧 CreateNodeFromScript: script='HealthCheck', type='Condition'
🔧 Creating CONDITION node for script: HealthCheck
✅ Created HealthCheckCondition
🔍 Creating node: Condition HasItem
🔍 Properties: item_type=healing_potion
🚀 Creating Condition with script 'HasItem'
🔧 CreateNodeFromScript: script='HasItem', type='Condition'
🔧 Creating CONDITION node for script: HasItem
✅ Created HasItemCondition
🔍 Creating node: Action UseItem
🔍 Properties: item_type=healing_potion, duration=2.0
🚀 Creating Action with script 'UseItem'
🔧 CreateNodeFromScript: script='UseItem', type='Action'
🔧 Creating ACTION node for script: UseItem
✅ Created UseItemAction
🔍 Creating node: Sequence healing_behavior
🔍 Properties: 
🔧 Creating composite node: Sequence
🔍 Creating node: Action Attack
🔍 Properties: damage=25
🚀 Creating Action with script 'Attack'
🔧 CreateNodeFromScript: script='Attack', type='Action'
🔧 Creating ACTION node for script: Attack
✅ Created AttackAction
🔍 Creating node: Action RestoreSmallMana
🔍 Properties: mana_gain=10
🚀 Creating Action with script 'RestoreSmallMana'
🔧 CreateNodeFromScript: script='RestoreSmallMana', type='Action'
🔧 Creating ACTION node for script: RestoreSmallMana
✅ Created RestoreSmallManaAction
🔍 Creating node: Sequence physical_attack
🔍 Properties: 
🔧 Creating composite node: Sequence
🔍 Creating node: Selector resource_behavior
🔍 Properties: 
🔧 Creating composite node: Selector
🔍 Creating node: Sequence main
🔍 Properties: 
🔧 Creating composite node: Sequence
⏱️ resource_management_sample.bt: 1ms
🔍 Creating node: Condition HasTarget
🔍 Properties: 
🚀 Creating Condition with script 'HasTarget'
🔧 CreateNodeFromScript: script='HasTarget', type='Condition'
🔧 Creating CONDITION node for script: HasTarget
✅ Created HasTargetCondition
🔍 Creating node: Action Attack
🔍 Properties: damage=10
🚀 Creating Action with script 'Attack'
🔧 CreateNodeFromScript: script='Attack', type='Action'
🔧 Creating ACTION node for script: Attack
✅ Created AttackAction
🔍 Creating node: Sequence attack_behavior
🔍 Properties: 
🔧 Creating composite node: Sequence
🔍 Creating node: Action SearchForEnemy
🔍 Properties: search_radius=15.0
🚀 Creating Action with script 'SearchForEnemy'
🔧 CreateNodeFromScript: script='SearchForEnemy', type='Action'
🔧 Creating ACTION node for script: SearchForEnemy
✅ Created SearchForEnemyAction
🔍 Creating node: Selector root
🔍 Properties: 
🔧 Creating composite node: Selector
⏱️ simple_example.bt: 0ms
🔍 Creating node: Action RandomWander
🔍 Properties: wander_radius=20.0, speed=3.0
🚀 Creating Action with script 'RandomWander'
🔧 CreateNodeFromScript: script='RandomWander', type='Action'
🔧 Creating ACTION node for script: RandomWander
✅ Created RandomWanderAction
🔍 Creating node: Action ScanEnvironment
🔍 Properties: scan_radius=15.0
🚀 Creating Action with script 'ScanEnvironment'
🔧 CreateNodeFromScript: script='ScanEnvironment', type='Action'
🔧 Creating ACTION node for script: ScanEnvironment
✅ Created ScanEnvironmentAction
🔍 Creating node: Sequence scout_role
🔍 Properties: 
🔧 Creating composite node: Sequence
🔍 Creating node: Condition HasSharedEnemyInfo
🔍 Properties: 
🚀 Creating Condition with script 'HasSharedEnemyInfo'
🔧 CreateNodeFromScript: script='HasSharedEnemyInfo', type='Condition'
🔧 Creating CONDITION node for script: HasSharedEnemyInfo
✅ Created HasSharedEnemyInfoCondition
🔍 Creating node: Action AttackTarget
🔍 Properties: damage=40, attack_range=3.0
🚀 Creating Action with script 'AttackTarget'
🔧 CreateNodeFromScript: script='AttackTarget', type='Action'
🔧 Creating ACTION node for script: AttackTarget
✅ Created AttackTargetAction
🔍 Creating node: Sequence combat_role
🔍 Properties: 
🔧 Creating composite node: Sequence
🔍 Creating node: Condition HealthCheck
🔍 Properties: min_health=30
🚀 Creating Condition with script 'HealthCheck'
🔧 CreateNodeFromScript: script='HealthCheck', type='Condition'
🔧 Creating CONDITION node for script: HealthCheck
✅ Created HealthCheckCondition
🔍 Creating node: Action Wait
🔍 Properties: duration=1.0
🚀 Creating Action with script 'Wait'
🔧 CreateNodeFromScript: script='Wait', type='Action'
🔧 Creating ACTION node for script: Wait
✅ Created WaitAction
🔍 Creating node: Sequence support_role
🔍 Properties: 
🔧 Creating composite node: Sequence
🔍 Creating node: Parallel team_behavior
🔍 Properties: success_policy=require_one, failure_policy=require_all
🔧 Creating composite node: Parallel
⏱️ team_coordination_sample.bt: 1ms
✅ Performance tests completed
]]></output>
            </test-case>
            <test-case id="1037" name="TestSpecificBTFileStructures" fullname="BehaviourTree.Tests.BTParsingTests.TestSpecificBTFileStructures" methodname="TestSpecificBTFileStructures" classname="BehaviourTree.Tests.BTParsingTests" runstate="Runnable" seed="396619332" result="Passed" start-time="2025-07-26 03:03:55Z" end-time="2025-07-26 03:03:55Z" duration="0.006205" asserts="0">
              <properties>
                <property name="retryIteration" value="0" />
                <property name="repeatIteration" value="0" />
              </properties>
              <output><![CDATA[🔍 Testing structure of: blackboard_sample.bt
🔍 Creating node: Action ScanEnvironment
🔍 Properties: scan_radius=15.0
🚀 Creating Action with script 'ScanEnvironment'
🔧 CreateNodeFromScript: script='ScanEnvironment', type='Action'
🔧 Creating ACTION node for script: ScanEnvironment
✅ Created ScanEnvironmentAction
🔍 Creating node: Condition HasSharedEnemyInfo
🔍 Properties: 
🚀 Creating Condition with script 'HasSharedEnemyInfo'
🔧 CreateNodeFromScript: script='HasSharedEnemyInfo', type='Condition'
🔧 Creating CONDITION node for script: HasSharedEnemyInfo
✅ Created HasSharedEnemyInfoCondition
🔍 Creating node: Action MoveToEnemy
🔍 Properties: speed=4.0, tolerance=1.5
🚀 Creating Action with script 'MoveToEnemy'
🔧 CreateNodeFromScript: script='MoveToEnemy', type='Action'
🔧 Creating ACTION node for script: MoveToEnemy
✅ Created MoveToEnemyAction
🔍 Creating node: Action AttackTarget
🔍 Properties: damage=30
🚀 Creating Action with script 'AttackTarget'
🔧 CreateNodeFromScript: script='AttackTarget', type='Action'
🔧 Creating ACTION node for script: AttackTarget
✅ Created AttackTargetAction
🔍 Creating node: Sequence move_to_enemy
🔍 Properties: 
🔧 Creating composite node: Sequence
🔍 Creating node: Action RandomWander
🔍 Properties: wander_radius=10.0, speed=2.0
🚀 Creating Action with script 'RandomWander'
🔧 CreateNodeFromScript: script='RandomWander', type='Action'
🔧 Creating ACTION node for script: RandomWander
✅ Created RandomWanderAction
🔍 Creating node: Selector movement_behavior
🔍 Properties: 
🔧 Creating composite node: Selector
🔍 Creating node: Sequence main
🔍 Properties: 
🔧 Creating composite node: Sequence
✅ Structure validation passed for: blackboard_sample.bt
🔍 Testing structure of: team_coordination_sample.bt
🔍 Creating node: Action RandomWander
🔍 Properties: wander_radius=20.0, speed=3.0
🚀 Creating Action with script 'RandomWander'
🔧 CreateNodeFromScript: script='RandomWander', type='Action'
🔧 Creating ACTION node for script: RandomWander
✅ Created RandomWanderAction
🔍 Creating node: Action ScanEnvironment
🔍 Properties: scan_radius=15.0
🚀 Creating Action with script 'ScanEnvironment'
🔧 CreateNodeFromScript: script='ScanEnvironment', type='Action'
🔧 Creating ACTION node for script: ScanEnvironment
✅ Created ScanEnvironmentAction
🔍 Creating node: Sequence scout_role
🔍 Properties: 
🔧 Creating composite node: Sequence
🔍 Creating node: Condition HasSharedEnemyInfo
🔍 Properties: 
🚀 Creating Condition with script 'HasSharedEnemyInfo'
🔧 CreateNodeFromScript: script='HasSharedEnemyInfo', type='Condition'
🔧 Creating CONDITION node for script: HasSharedEnemyInfo
✅ Created HasSharedEnemyInfoCondition
🔍 Creating node: Action AttackTarget
🔍 Properties: damage=40, attack_range=3.0
🚀 Creating Action with script 'AttackTarget'
🔧 CreateNodeFromScript: script='AttackTarget', type='Action'
🔧 Creating ACTION node for script: AttackTarget
✅ Created AttackTargetAction
🔍 Creating node: Sequence combat_role
🔍 Properties: 
🔧 Creating composite node: Sequence
🔍 Creating node: Condition HealthCheck
🔍 Properties: min_health=30
🚀 Creating Condition with script 'HealthCheck'
🔧 CreateNodeFromScript: script='HealthCheck', type='Condition'
🔧 Creating CONDITION node for script: HealthCheck
✅ Created HealthCheckCondition
🔍 Creating node: Action Wait
🔍 Properties: duration=1.0
🚀 Creating Action with script 'Wait'
🔧 CreateNodeFromScript: script='Wait', type='Action'
🔧 Creating ACTION node for script: Wait
✅ Created WaitAction
🔍 Creating node: Sequence support_role
🔍 Properties: 
🔧 Creating composite node: Sequence
🔍 Creating node: Parallel team_behavior
🔍 Properties: success_policy=require_one, failure_policy=require_all
🔧 Creating composite node: Parallel
✅ Structure validation passed for: team_coordination_sample.bt
🔍 Testing structure of: dynamic_condition_sample.bt
🔍 Creating node: Condition HealthCheck
🔍 Properties: min_health=50
🚀 Creating Condition with script 'HealthCheck'
🔧 CreateNodeFromScript: script='HealthCheck', type='Condition'
🔧 Creating CONDITION node for script: HealthCheck
✅ Created HealthCheckCondition
🔍 Creating node: Condition EnemyCheck
🔍 Properties: detection_range=10.0
🚀 Creating Condition with script 'EnemyCheck'
🔧 CreateNodeFromScript: script='EnemyCheck', type='Condition'
🔧 Creating CONDITION node for script: EnemyCheck
✅ Created EnemyCheckCondition
🔍 Creating node: Action AttackEnemy
🔍 Properties: damage=35, attack_range=2.5
🚀 Creating Action with script 'AttackEnemy'
🔧 CreateNodeFromScript: script='AttackEnemy', type='Action'
🔧 Creating ACTION node for script: AttackEnemy
✅ Created AttackEnemyAction
🔍 Creating node: Sequence healthy_combat
🔍 Properties: 
🔧 Creating composite node: Sequence
🔍 Creating node: Condition HealthCheck
🔍 Properties: min_health=20
🚀 Creating Condition with script 'HealthCheck'
🔧 CreateNodeFromScript: script='HealthCheck', type='Condition'
🔧 Creating CONDITION node for script: HealthCheck
✅ Created HealthCheckCondition
🔍 Creating node: Action MoveToPosition
🔍 Properties: target=safe_zone, speed=3.0
🚀 Creating Action with script 'MoveToPosition'
🔧 CreateNodeFromScript: script='MoveToPosition', type='Action'
🔧 Creating ACTION node for script: MoveToPosition
✅ Created MoveToPositionAction
🔍 Creating node: Action Wait
🔍 Properties: duration=3.0
🚀 Creating Action with script 'Wait'
🔧 CreateNodeFromScript: script='Wait', type='Action'
🔧 Creating ACTION node for script: Wait
✅ Created WaitAction
🔍 Creating node: Sequence safe_healing
🔍 Properties: 
🔧 Creating composite node: Sequence
🔍 Creating node: Action MoveToPosition
🔍 Properties: target=emergency_exit, speed=6.0
🚀 Creating Action with script 'MoveToPosition'
🔧 CreateNodeFromScript: script='MoveToPosition', type='Action'
🔧 Creating ACTION node for script: MoveToPosition
✅ Created MoveToPositionAction
🔍 Creating node: Selector main
🔍 Properties: 
🔧 Creating composite node: Selector
✅ Structure validation passed for: dynamic_condition_sample.bt
Saving results to: C:/Users/myunp/AppData/LocalLow/DefaultCompany/AIBTree\TestResults.xml
]]></output>
            </test-case>
          </test-suite>
        </test-suite>
      </test-suite>
    </test-suite>
  </test-suite>
</test-run>