<?xml version="1.0" encoding="utf-8"?>
<test-run id="2" testcasecount="152" result="Passed" total="152" passed="152" failed="0" inconclusive="0" skipped="0" asserts="0" engine-version="3.5.0.0" clr-version="4.0.30319.42000" start-time="2025-07-26 16:08:03Z" end-time="2025-07-26 16:08:06Z" duration="2.8666936">
  <test-suite type="TestSuite" id="1168" name="AIBTree" fullname="AIBTree" runstate="Runnable" testcasecount="152" result="Passed" start-time="2025-07-26 16:08:03Z" end-time="2025-07-26 16:08:06Z" duration="2.866694" total="152" passed="152" failed="0" inconclusive="0" skipped="0" asserts="0">
    <properties>
      <property name="platform" value="PlayMode" />
    </properties>
    <test-suite type="Assembly" id="1162" name="ArcBT.Tests.dll" fullname="C:/Users/myunp/workspace/MagicMcp/src/AIBTree/Library/ScriptAssemblies/ArcBT.Tests.dll" runstate="Runnable" testcasecount="152" result="Passed" start-time="2025-07-26 16:08:03Z" end-time="2025-07-26 16:08:06Z" duration="2.798239" total="152" passed="152" failed="0" inconclusive="0" skipped="0" asserts="0">
      <properties>
        <property name="_PID" value="54240" />
        <property name="_APPDOMAIN" value="Unity Child Domain" />
        <property name="platform" value="PlayMode" />
        <property name="EditorOnly" value="False" />
      </properties>
      <test-suite type="TestSuite" id="1163" name="ArcBT" fullname="ArcBT" runstate="Runnable" testcasecount="152" result="Passed" start-time="2025-07-26 16:08:03Z" end-time="2025-07-26 16:08:06Z" duration="2.789704" total="152" passed="152" failed="0" inconclusive="0" skipped="0" asserts="0">
        <properties />
        <test-suite type="TestSuite" id="1164" name="Tests" fullname="ArcBT.Tests" runstate="Runnable" testcasecount="152" result="Passed" start-time="2025-07-26 16:08:03Z" end-time="2025-07-26 16:08:06Z" duration="2.781815" total="152" passed="152" failed="0" inconclusive="0" skipped="0" asserts="0">
          <properties />
          <test-suite type="TestFixture" id="1001" name="ActionNodeTests" fullname="ArcBT.Tests.ActionNodeTests" classname="ArcBT.Tests.ActionNodeTests" runstate="Runnable" testcasecount="20" result="Passed" start-time="2025-07-26 16:08:03Z" end-time="2025-07-26 16:08:03Z" duration="0.148340" total="20" passed="20" failed="0" inconclusive="0" skipped="0" asserts="0">
            <properties />
            <test-case id="1021" name="ActionNodes_BlackBoardInteraction_SharesDataCorrectly" fullname="ArcBT.Tests.ActionNodeTests.ActionNodes_BlackBoardInteraction_SharesDataCorrectly" methodname="ActionNodes_BlackBoardInteraction_SharesDataCorrectly" classname="ArcBT.Tests.ActionNodeTests" runstate="Runnable" seed="561268990" result="Passed" start-time="2025-07-26 16:08:03Z" end-time="2025-07-26 16:08:03Z" duration="0.048160" asserts="0">
              <properties>
                <property name="retryIteration" value="0" />
                <property name="repeatIteration" value="0" />
              </properties>
              <output><![CDATA[EnvironmentScan: Enemies:0, Items:0, Threat:safe
Scan result: Success
BlackBoard keys count: 6
BlackBoard key: environment_scan_time = 0.5
BlackBoard key: enemies_detected = 0
BlackBoard key: items_detected = 0
BlackBoard key: interactables_detected = 0
BlackBoard key: scan_radius_used = 15.0
BlackBoard key: threat_level = safe
=== AttackEnemyAction '' EXECUTING ===
AttackEnemy '': On cooldown (0.5s remaining)
]]></output>
            </test-case>
            <test-case id="1020" name="ActionNodes_ChainExecution_WorksCorrectly" fullname="ArcBT.Tests.ActionNodeTests.ActionNodes_ChainExecution_WorksCorrectly" methodname="ActionNodes_ChainExecution_WorksCorrectly" classname="ArcBT.Tests.ActionNodeTests" runstate="Runnable" seed="932874044" result="Passed" start-time="2025-07-26 16:08:03Z" end-time="2025-07-26 16:08:03Z" duration="0.035003" asserts="0">
              <properties>
                <property name="retryIteration" value="0" />
                <property name="repeatIteration" value="0" />
              </properties>
              <output><![CDATA[EnvironmentScan: Enemies:0, Items:0, Threat:safe
=== WaitAction '' EXECUTING ===
Wait '': Starting wait for 0.1 seconds ⏱️
Wait '': Waiting... (0.1s remaining) ⏳
[INF][BBD]: 🗂️ BlackBoard[新規]: current_action = RandomWander
RandomWander: New target set at (1.73, 0.00, 0.80)
[INF][BBD]: 🗂️ BlackBoard[新規]: wander_target = (1.73, 0.00, 0.80)
RandomWander: Moving to target - Distance: 1.9
]]></output>
            </test-case>
            <test-case id="1016" name="AttackEnemyAction_ExecuteWithBlackBoardEnemy_AttacksTarget" fullname="ArcBT.Tests.ActionNodeTests.AttackEnemyAction_ExecuteWithBlackBoardEnemy_AttacksTarget" methodname="AttackEnemyAction_ExecuteWithBlackBoardEnemy_AttacksTarget" classname="ArcBT.Tests.ActionNodeTests" runstate="Runnable" seed="250485482" result="Passed" start-time="2025-07-26 16:08:03Z" end-time="2025-07-26 16:08:03Z" duration="0.001396" asserts="0">
              <properties>
                <property name="retryIteration" value="0" />
                <property name="repeatIteration" value="0" />
              </properties>
              <output><![CDATA[[INF][BBD]: 🗂️ BlackBoard[新規]: nearest_enemy = Enemy (UnityEngine.GameObject)
[INF][BBD]: 🗂️ BlackBoard[新規]: enemy_position = (0.00, 0.00, 0.00)
=== AttackEnemyAction '' EXECUTING ===
AttackEnemy '': Attacking Enemy with 25 melee damage ⚔️
AttackEnemy '': Enemy has no Health component - attack missed
]]></output>
            </test-case>
            <test-case id="1015" name="AttackEnemyAction_ExecuteWithoutEnemy_ReturnsFailure" fullname="ArcBT.Tests.ActionNodeTests.AttackEnemyAction_ExecuteWithoutEnemy_ReturnsFailure" methodname="AttackEnemyAction_ExecuteWithoutEnemy_ReturnsFailure" classname="ArcBT.Tests.ActionNodeTests" runstate="Runnable" seed="1761924901" result="Passed" start-time="2025-07-26 16:08:03Z" end-time="2025-07-26 16:08:03Z" duration="0.000369" asserts="0">
              <properties>
                <property name="retryIteration" value="0" />
                <property name="repeatIteration" value="0" />
              </properties>
              <output><![CDATA[=== AttackEnemyAction '' EXECUTING ===
AttackEnemy '': No enemies in attack range 2 ✗
]]></output>
            </test-case>
            <test-case id="1014" name="AttackEnemyAction_SetProperty_SetsCorrectValues" fullname="ArcBT.Tests.ActionNodeTests.AttackEnemyAction_SetProperty_SetsCorrectValues" methodname="AttackEnemyAction_SetProperty_SetsCorrectValues" classname="ArcBT.Tests.ActionNodeTests" runstate="Runnable" seed="2144864145" result="Passed" start-time="2025-07-26 16:08:03Z" end-time="2025-07-26 16:08:03Z" duration="0.000320" asserts="0">
              <properties>
                <property name="retryIteration" value="0" />
                <property name="repeatIteration" value="0" />
              </properties>
              <output><![CDATA[=== AttackEnemyAction '' EXECUTING ===
AttackEnemy '': No enemies in attack range 3 ✗
]]></output>
            </test-case>
            <test-case id="1018" name="CastSpellAction_ExecuteWithoutMana_ReturnsFailure" fullname="ArcBT.Tests.ActionNodeTests.CastSpellAction_ExecuteWithoutMana_ReturnsFailure" methodname="CastSpellAction_ExecuteWithoutMana_ReturnsFailure" classname="ArcBT.Tests.ActionNodeTests" runstate="Runnable" seed="1710228265" result="Passed" start-time="2025-07-26 16:08:03Z" end-time="2025-07-26 16:08:03Z" duration="0.001320" asserts="0">
              <properties>
                <property name="retryIteration" value="0" />
                <property name="repeatIteration" value="0" />
              </properties>
              <output><![CDATA[⚠️ CastSpell: Manaコンポーネントが見つかりません
]]></output>
            </test-case>
            <test-case id="1017" name="CastSpellAction_SetProperty_SetsCorrectValues" fullname="ArcBT.Tests.ActionNodeTests.CastSpellAction_SetProperty_SetsCorrectValues" methodname="CastSpellAction_SetProperty_SetsCorrectValues" classname="ArcBT.Tests.ActionNodeTests" runstate="Runnable" seed="495001813" result="Passed" start-time="2025-07-26 16:08:03Z" end-time="2025-07-26 16:08:03Z" duration="0.000299" asserts="0">
              <properties>
                <property name="retryIteration" value="0" />
                <property name="repeatIteration" value="0" />
              </properties>
              <output><![CDATA[⚠️ CastSpell: Manaコンポーネントが見つかりません
]]></output>
            </test-case>
            <test-case id="1004" name="MoveToPositionAction_ExecuteWithoutTarget_ReturnsFailure" fullname="ArcBT.Tests.ActionNodeTests.MoveToPositionAction_ExecuteWithoutTarget_ReturnsFailure" methodname="MoveToPositionAction_ExecuteWithoutTarget_ReturnsFailure" classname="ArcBT.Tests.ActionNodeTests" runstate="Runnable" seed="1007686155" result="Passed" start-time="2025-07-26 16:08:03Z" end-time="2025-07-26 16:08:03Z" duration="0.003143" asserts="0">
              <properties>
                <property name="retryIteration" value="0" />
                <property name="repeatIteration" value="0" />
              </properties>
              <output><![CDATA[=== MoveToPositionAction '' EXECUTING ===
MoveToPosition '': No valid target '' - trying to find it again
MoveToPosition '': No target name specified!
]]></output>
            </test-case>
            <test-case id="1002" name="MoveToPositionAction_Initialize_SetsUpCorrectly" fullname="ArcBT.Tests.ActionNodeTests.MoveToPositionAction_Initialize_SetsUpCorrectly" methodname="MoveToPositionAction_Initialize_SetsUpCorrectly" classname="ArcBT.Tests.ActionNodeTests" runstate="Runnable" seed="235275532" result="Passed" start-time="2025-07-26 16:08:03Z" end-time="2025-07-26 16:08:03Z" duration="0.001982" asserts="0">
              <properties>
                <property name="retryIteration" value="0" />
                <property name="repeatIteration" value="0" />
              </properties>
              <output><![CDATA[[INF][BBD]: 🗂️ BlackBoard[新規]: _target_position = (5.00, 0.00, 5.00)
[INF][BBD]: 🗂️ BlackBoard[新規]: _target_name = TestTarget
MoveToPosition: Target found 'TestTarget' at (5.00, 0.00, 5.00)
Action Name: ''
Expected position key: '_target_position'
Expected target key: '_target_name'
BlackBoard keys: _target_position, _target_name
]]></output>
            </test-case>
            <test-case id="1003" name="MoveToPositionAction_InvalidTarget_HandlesGracefully" fullname="ArcBT.Tests.ActionNodeTests.MoveToPositionAction_InvalidTarget_HandlesGracefully" methodname="MoveToPositionAction_InvalidTarget_HandlesGracefully" classname="ArcBT.Tests.ActionNodeTests" runstate="Runnable" seed="1083090185" result="Passed" start-time="2025-07-26 16:08:03Z" end-time="2025-07-26 16:08:03Z" duration="0.000442" asserts="0">
              <properties>
                <property name="retryIteration" value="0" />
                <property name="repeatIteration" value="0" />
              </properties>
              <output><![CDATA[MoveToPosition: Target 'NonExistentTarget' not found!
]]></output>
            </test-case>
            <test-case id="1013" name="RandomWanderAction_Execute_UpdatesBlackBoard" fullname="ArcBT.Tests.ActionNodeTests.RandomWanderAction_Execute_UpdatesBlackBoard" methodname="RandomWanderAction_Execute_UpdatesBlackBoard" classname="ArcBT.Tests.ActionNodeTests" runstate="Runnable" seed="1103187303" result="Passed" start-time="2025-07-26 16:08:03Z" end-time="2025-07-26 16:08:03Z" duration="0.000451" asserts="0">
              <properties>
                <property name="retryIteration" value="0" />
                <property name="repeatIteration" value="0" />
              </properties>
              <output><![CDATA[[INF][BBD]: 🗂️ BlackBoard[新規]: current_action = RandomWander
RandomWander: New target set at (-8.54, 0.00, -3.97)
[INF][BBD]: 🗂️ BlackBoard[新規]: wander_target = (-8.54, 0.00, -3.97)
RandomWander: Moving to target - Distance: 9.4
]]></output>
            </test-case>
            <test-case id="1012" name="RandomWanderAction_SetProperty_SetsCorrectValues" fullname="ArcBT.Tests.ActionNodeTests.RandomWanderAction_SetProperty_SetsCorrectValues" methodname="RandomWanderAction_SetProperty_SetsCorrectValues" classname="ArcBT.Tests.ActionNodeTests" runstate="Runnable" seed="880541687" result="Passed" start-time="2025-07-26 16:08:03Z" end-time="2025-07-26 16:08:03Z" duration="0.000477" asserts="0">
              <properties>
                <property name="retryIteration" value="0" />
                <property name="repeatIteration" value="0" />
              </properties>
              <output><![CDATA[[INF][BBD]: 🗂️ BlackBoard[新規]: current_action = RandomWander
RandomWander: New target set at (-0.69, 0.00, 2.00)
[INF][BBD]: 🗂️ BlackBoard[新規]: wander_target = (-0.69, 0.00, 2.00)
RandomWander: Moving to target - Distance: 2.1
]]></output>
            </test-case>
            <test-case id="1008" name="ScanEnvironmentAction_Execute_UpdatesBlackBoard" fullname="ArcBT.Tests.ActionNodeTests.ScanEnvironmentAction_Execute_UpdatesBlackBoard" methodname="ScanEnvironmentAction_Execute_UpdatesBlackBoard" classname="ArcBT.Tests.ActionNodeTests" runstate="Runnable" seed="963869786" result="Passed" start-time="2025-07-26 16:08:03Z" end-time="2025-07-26 16:08:03Z" duration="0.002930" asserts="0">
              <properties>
                <property name="retryIteration" value="0" />
                <property name="repeatIteration" value="0" />
              </properties>
              <output><![CDATA[EnvironmentScan: Enemies:0, Items:0, Threat:safe
]]></output>
            </test-case>
            <test-case id="1007" name="ScanEnvironmentAction_ExecuteWithoutBlackBoard_ReturnsFailure" fullname="ArcBT.Tests.ActionNodeTests.ScanEnvironmentAction_ExecuteWithoutBlackBoard_ReturnsFailure" methodname="ScanEnvironmentAction_ExecuteWithoutBlackBoard_ReturnsFailure" classname="ArcBT.Tests.ActionNodeTests" runstate="Runnable" seed="1652572957" result="Passed" start-time="2025-07-26 16:08:03Z" end-time="2025-07-26 16:08:03Z" duration="0.000223" asserts="0">
              <properties>
                <property name="retryIteration" value="0" />
                <property name="repeatIteration" value="0" />
              </properties>
            </test-case>
            <test-case id="1006" name="ScanEnvironmentAction_ExecuteWithoutOwner_ReturnsFailure" fullname="ArcBT.Tests.ActionNodeTests.ScanEnvironmentAction_ExecuteWithoutOwner_ReturnsFailure" methodname="ScanEnvironmentAction_ExecuteWithoutOwner_ReturnsFailure" classname="ArcBT.Tests.ActionNodeTests" runstate="Runnable" seed="1212371440" result="Passed" start-time="2025-07-26 16:08:03Z" end-time="2025-07-26 16:08:03Z" duration="0.000183" asserts="0">
              <properties>
                <property name="retryIteration" value="0" />
                <property name="repeatIteration" value="0" />
              </properties>
            </test-case>
            <test-case id="1005" name="ScanEnvironmentAction_SetProperty_SetsCorrectValues" fullname="ArcBT.Tests.ActionNodeTests.ScanEnvironmentAction_SetProperty_SetsCorrectValues" methodname="ScanEnvironmentAction_SetProperty_SetsCorrectValues" classname="ArcBT.Tests.ActionNodeTests" runstate="Runnable" seed="124195511" result="Passed" start-time="2025-07-26 16:08:03Z" end-time="2025-07-26 16:08:03Z" duration="0.000292" asserts="0">
              <properties>
                <property name="retryIteration" value="0" />
                <property name="repeatIteration" value="0" />
              </properties>
              <output><![CDATA[EnvironmentScan: Enemies:0, Items:0, Threat:safe
]]></output>
            </test-case>
            <test-case id="1019" name="UseItemAction_SetProperty_SetsCorrectValues" fullname="ArcBT.Tests.ActionNodeTests.UseItemAction_SetProperty_SetsCorrectValues" methodname="UseItemAction_SetProperty_SetsCorrectValues" classname="ArcBT.Tests.ActionNodeTests" runstate="Runnable" seed="115381163" result="Passed" start-time="2025-07-26 16:08:03Z" end-time="2025-07-26 16:08:03Z" duration="0.000495" asserts="0">
              <properties>
                <property name="retryIteration" value="0" />
                <property name="repeatIteration" value="0" />
              </properties>
              <output><![CDATA[UseItem: No Inventory component found
]]></output>
            </test-case>
            <test-case id="1010" name="WaitAction_Execute_ReturnsRunningInitially" fullname="ArcBT.Tests.ActionNodeTests.WaitAction_Execute_ReturnsRunningInitially" methodname="WaitAction_Execute_ReturnsRunningInitially" classname="ArcBT.Tests.ActionNodeTests" runstate="Runnable" seed="1763713726" result="Passed" start-time="2025-07-26 16:08:03Z" end-time="2025-07-26 16:08:03Z" duration="0.000393" asserts="0">
              <properties>
                <property name="retryIteration" value="0" />
                <property name="repeatIteration" value="0" />
              </properties>
              <output><![CDATA[=== WaitAction '' EXECUTING ===
Wait '': Starting wait for 1 seconds ⏱️
Wait '': Waiting... (1.0s remaining) ⏳
]]></output>
            </test-case>
            <test-case id="1011" name="WaitAction_ExecuteMultipleTimes_EventuallyReturnsSuccess" fullname="ArcBT.Tests.ActionNodeTests.WaitAction_ExecuteMultipleTimes_EventuallyReturnsSuccess" methodname="WaitAction_ExecuteMultipleTimes_EventuallyReturnsSuccess" classname="ArcBT.Tests.ActionNodeTests" runstate="Runnable" seed="806565499" result="Passed" start-time="2025-07-26 16:08:03Z" end-time="2025-07-26 16:08:03Z" duration="0.000329" asserts="0">
              <properties>
                <property name="retryIteration" value="0" />
                <property name="repeatIteration" value="0" />
              </properties>
              <output><![CDATA[=== WaitAction '' EXECUTING ===
Wait '': Starting wait for 0.1 seconds ⏱️
Wait '': Waiting... (0.1s remaining) ⏳
]]></output>
            </test-case>
            <test-case id="1009" name="WaitAction_SetProperty_SetsCorrectDuration" fullname="ArcBT.Tests.ActionNodeTests.WaitAction_SetProperty_SetsCorrectDuration" methodname="WaitAction_SetProperty_SetsCorrectDuration" classname="ArcBT.Tests.ActionNodeTests" runstate="Runnable" seed="14274799" result="Passed" start-time="2025-07-26 16:08:03Z" end-time="2025-07-26 16:08:03Z" duration="0.000348" asserts="0">
              <properties>
                <property name="retryIteration" value="0" />
                <property name="repeatIteration" value="0" />
              </properties>
              <output><![CDATA[=== WaitAction '' EXECUTING ===
Wait '': Starting wait for 2.5 seconds ⏱️
Wait '': Waiting... (2.5s remaining) ⏳
]]></output>
            </test-case>
          </test-suite>
          <test-suite type="TestFixture" id="1022" name="BehaviourTreeRunnerTests" fullname="ArcBT.Tests.BehaviourTreeRunnerTests" classname="ArcBT.Tests.BehaviourTreeRunnerTests" runstate="Runnable" testcasecount="22" result="Passed" start-time="2025-07-26 16:08:03Z" end-time="2025-07-26 16:08:04Z" duration="0.913020" total="22" passed="22" failed="0" inconclusive="0" skipped="0" asserts="0">
            <properties />
            <test-case id="1023" name="BehaviourTreeRunner_Awake_InitializesComponents" fullname="ArcBT.Tests.BehaviourTreeRunnerTests.BehaviourTreeRunner_Awake_InitializesComponents" methodname="BehaviourTreeRunner_Awake_InitializesComponents" classname="ArcBT.Tests.BehaviourTreeRunnerTests" runstate="Runnable" seed="769717050" result="Passed" start-time="2025-07-26 16:08:03Z" end-time="2025-07-26 16:08:03Z" duration="0.003252" asserts="0">
              <properties>
                <property name="retryIteration" value="0" />
                <property name="repeatIteration" value="0" />
              </properties>
            </test-case>
            <test-case id="1024" name="BehaviourTreeRunner_Start_LoadsBehaviourTreeFromFile" fullname="ArcBT.Tests.BehaviourTreeRunnerTests.BehaviourTreeRunner_Start_LoadsBehaviourTreeFromFile" methodname="BehaviourTreeRunner_Start_LoadsBehaviourTreeFromFile" classname="ArcBT.Tests.BehaviourTreeRunnerTests" runstate="Runnable" seed="1615025109" result="Passed" start-time="2025-07-26 16:08:03Z" end-time="2025-07-26 16:08:04Z" duration="0.453150" asserts="0">
              <properties>
                <property name="retryIteration" value="0" />
                <property name="repeatIteration" value="0" />
              </properties>
              <output><![CDATA[[INF][PRS]: 🔍 Creating node: Action Wait
[INF][PRS]: 🚀 Creating Action with script 'Wait'
[INF][SYS]: 🎯 Registered Action: 'MoveToPosition' → MoveToPositionAction
[INF][SYS]: 🎯 Registered Condition: 'HasSharedEnemyInfo' → HasSharedEnemyInfoCondition
[INF][SYS]: 🎯 Registered Action: 'RandomWander' → RandomWanderAction
[INF][SYS]: 🎯 Registered Action: 'ScanEnvironment' → ScanEnvironmentAction
[INF][SYS]: 🎯 Registered Action: 'Wait' → WaitAction
[INF][SYS]: 🎯 Registered Condition: 'CheckManaResource' → CheckManaResourceCondition
[INF][SYS]: 🎯 Registered Condition: 'EnemyCheck' → EnemyCheckCondition
[INF][SYS]: 🎯 Registered Condition: 'EnemyInRange' → EnemyInRangeCondition
[INF][SYS]: 🎯 Registered Condition: 'HasItem' → HasItemCondition
[INF][SYS]: 🎯 Registered Condition: 'HasMana' → HasManaCondition
[INF][SYS]: 🎯 Registered Condition: 'HealthCheck' → HealthCheckCondition
[INF][SYS]: 🎯 Registered Condition: 'IsInitialized' → IsInitializedCondition
[INF][SYS]: 🎯 Registered Action: 'Attack' → AttackAction
[INF][SYS]: 🎯 Registered Action: 'AttackEnemy' → AttackEnemyAction
[INF][SYS]: 🎯 Registered Action: 'AttackTarget' → AttackTargetAction
[INF][SYS]: 🎯 Registered Action: 'CastSpell' → CastSpellAction
[INF][SYS]: 🎯 Registered Action: 'FleeToSafety' → FleeToSafetyAction
[INF][SYS]: 🎯 Registered Action: 'InitializeResources' → InitializeResourcesAction
[INF][SYS]: 🎯 Registered Action: 'MoveToEnemy' → MoveToEnemyAction
[INF][SYS]: 🎯 Registered Action: 'MoveToTarget' → MoveToTargetAction
[INF][SYS]: 🎯 Registered Action: 'RestoreSmallMana' → RestoreSmallManaAction
[INF][SYS]: 🎯 Registered Action: 'UseItem' → UseItemAction
[INF][SYS]: ✅ BTNodeRegistry initialized with 14 actions, 8 conditions
[INF][PRS]: ✅ Created WaitAction for script 'Wait'
[INF][PRS]: 🔍 Creating node: Sequence Root
[INF][SYS][Root]: ✅ Initialized node: Root (SequenceNode)
[INF][SYS][Action:Wait]: ✅ Initialized node: Action:Wait (WaitAction)
[INF][SYS]: Successfully loaded behaviour tree from: C:\Users\myunp\AppData\Local\Temp\tmp111d467b.tmp
[INF][SYS]: Root node: Root (SequenceNode)
[INF][SYS][Root]: Root (SequenceNode)
[INF][SYS][Action:Wait]:   Action:Wait (WaitAction)
]]></output>
            </test-case>
            <test-case id="1034" name="BlackBoard_GetBlackBoardContents_ReturnsCorrectInfo" fullname="ArcBT.Tests.BehaviourTreeRunnerTests.BlackBoard_GetBlackBoardContents_ReturnsCorrectInfo" methodname="BlackBoard_GetBlackBoardContents_ReturnsCorrectInfo" classname="ArcBT.Tests.BehaviourTreeRunnerTests" runstate="Runnable" seed="922434772" result="Passed" start-time="2025-07-26 16:08:04Z" end-time="2025-07-26 16:08:04Z" duration="0.001466" asserts="0">
              <properties>
                <property name="retryIteration" value="0" />
                <property name="repeatIteration" value="0" />
              </properties>
              <output><![CDATA[[INF][BBD]: 🗂️ BlackBoard[新規]: enemy_count = 3
[INF][BBD]: 🗂️ BlackBoard[新規]: player_position = (1.00, 2.00, 3.00)
]]></output>
            </test-case>
            <test-case id="1033" name="BlackBoard_Integration_SharesDataBetweenNodes" fullname="ArcBT.Tests.BehaviourTreeRunnerTests.BlackBoard_Integration_SharesDataBetweenNodes" methodname="BlackBoard_Integration_SharesDataBetweenNodes" classname="ArcBT.Tests.BehaviourTreeRunnerTests" runstate="Runnable" seed="96768180" result="Passed" start-time="2025-07-26 16:08:04Z" end-time="2025-07-26 16:08:04Z" duration="0.001783" asserts="0">
              <properties>
                <property name="retryIteration" value="0" />
                <property name="repeatIteration" value="0" />
              </properties>
              <output><![CDATA[EnvironmentScan: Enemies:0, Items:0, Threat:safe
[INF][BBD]: 🗂️ BlackBoard[新規]: current_action = RandomWander
RandomWander: New target set at (5.79, 0.00, 8.05)
[INF][BBD]: 🗂️ BlackBoard[新規]: wander_target = (5.79, 0.00, 8.05)
RandomWander: Moving to target - Distance: 9.9
Execution result: Running
BlackBoard keys count: 11
BlackBoard key: environment_scan_time = 0.6
BlackBoard key: enemies_detected = 0
BlackBoard key: items_detected = 0
BlackBoard key: interactables_detected = 0
BlackBoard key: scan_radius_used = 15.0
BlackBoard key: threat_level = safe
BlackBoard key: current_action = RandomWander
BlackBoard key: is_patrolling = True
BlackBoard key: is_in_combat = False
BlackBoard key: wander_target = (5.8, 0.0, 8.0)
BlackBoard key: wander_distance_remaining = 9.9
]]></output>
            </test-case>
            <test-case id="1041" name="ComplexTree_NestedStructure_ExecutesCorrectly" fullname="ArcBT.Tests.BehaviourTreeRunnerTests.ComplexTree_NestedStructure_ExecutesCorrectly" methodname="ComplexTree_NestedStructure_ExecutesCorrectly" classname="ArcBT.Tests.BehaviourTreeRunnerTests" runstate="Runnable" seed="11076299" result="Passed" start-time="2025-07-26 16:08:04Z" end-time="2025-07-26 16:08:04Z" duration="0.001486" asserts="0">
              <properties>
                <property name="retryIteration" value="0" />
                <property name="repeatIteration" value="0" />
              </properties>
            </test-case>
            <test-case id="1032" name="ExecuteOnce_WithNullRoot_ReturnsFailure" fullname="ArcBT.Tests.BehaviourTreeRunnerTests.ExecuteOnce_WithNullRoot_ReturnsFailure" methodname="ExecuteOnce_WithNullRoot_ReturnsFailure" classname="ArcBT.Tests.BehaviourTreeRunnerTests" runstate="Runnable" seed="646032808" result="Passed" start-time="2025-07-26 16:08:04Z" end-time="2025-07-26 16:08:04Z" duration="0.000682" asserts="0">
              <properties>
                <property name="retryIteration" value="0" />
                <property name="repeatIteration" value="0" />
              </properties>
            </test-case>
            <test-case id="1031" name="ExecuteOnce_WithSimpleAction_ReturnsResult" fullname="ArcBT.Tests.BehaviourTreeRunnerTests.ExecuteOnce_WithSimpleAction_ReturnsResult" methodname="ExecuteOnce_WithSimpleAction_ReturnsResult" classname="ArcBT.Tests.BehaviourTreeRunnerTests" runstate="Runnable" seed="1316352585" result="Passed" start-time="2025-07-26 16:08:04Z" end-time="2025-07-26 16:08:04Z" duration="0.000920" asserts="0">
              <properties>
                <property name="retryIteration" value="0" />
                <property name="repeatIteration" value="0" />
              </properties>
              <output><![CDATA[=== WaitAction '' EXECUTING ===
Wait '': Starting wait for 0.1 seconds ⏱️
Wait '': Waiting... (0.1s remaining) ⏳
]]></output>
            </test-case>
            <test-case id="1043" name="Integration_FullBehaviourTreeExecution_WorksCorrectly" fullname="ArcBT.Tests.BehaviourTreeRunnerTests.Integration_FullBehaviourTreeExecution_WorksCorrectly" methodname="Integration_FullBehaviourTreeExecution_WorksCorrectly" classname="ArcBT.Tests.BehaviourTreeRunnerTests" runstate="Runnable" seed="328538403" result="Passed" start-time="2025-07-26 16:08:04Z" end-time="2025-07-26 16:08:04Z" duration="0.106007" asserts="0">
              <properties>
                <property name="_JOINTYPE" value="UnityCombinatorial" />
                <property name="retryIteration" value="0" />
                <property name="repeatIteration" value="0" />
              </properties>
              <output><![CDATA[[INF][PRS]: 🔍 Creating node: Action ScanEnvironment
[INF][PRS]: 🚀 Creating Action with script 'ScanEnvironment'
[INF][PRS]: ✅ Created ScanEnvironmentAction for script 'ScanEnvironment'
[INF][PRS]: 🔍 Creating node: Action RandomWander
[INF][PRS]: 🚀 Creating Action with script 'RandomWander'
[INF][PRS]: ✅ Created RandomWanderAction for script 'RandomWander'
[INF][PRS]: 🔍 Creating node: Sequence ScanAndWander
[INF][PRS]: 🔍 Creating node: Action Wait
[INF][PRS]: 🚀 Creating Action with script 'Wait'
[INF][PRS]: ✅ Created WaitAction for script 'Wait'
[INF][PRS]: 🔍 Creating node: Selector MainSelector
[INF][SYS][MainSelector]: ✅ Initialized node: MainSelector (SelectorNode)
[INF][SYS][ScanAndWander]: ✅ Initialized node: ScanAndWander (SequenceNode)
[INF][SYS][Action:ScanEnvironment]: ✅ Initialized node: Action:ScanEnvironment (ScanEnvironmentAction)
[INF][SYS][Action:RandomWander]: ✅ Initialized node: Action:RandomWander (RandomWanderAction)
[INF][SYS][Action:Wait]: ✅ Initialized node: Action:Wait (WaitAction)
[INF][SYS]: Successfully loaded behaviour tree from: C:\Users\myunp\AppData\Local\Temp\tmp5d27039c.tmp
[INF][SYS]: Root node: MainSelector (SelectorNode)
[INF][SYS][MainSelector]: MainSelector (SelectorNode)
[INF][SYS][ScanAndWander]:   ScanAndWander (SequenceNode)
[INF][SYS][Action:ScanEnvironment]:     Action:ScanEnvironment (ScanEnvironmentAction)
[INF][SYS][Action:RandomWander]:     Action:RandomWander (RandomWanderAction)
[INF][SYS][Action:Wait]:   Action:Wait (WaitAction)
EnvironmentScan: Enemies:0, Items:0, Threat:safe
[INF][BBD]: 🗂️ BlackBoard[新規]: current_action = RandomWander
RandomWander: New target set at (-3.24, 0.00, 3.54)
[INF][BBD]: 🗂️ BlackBoard[新規]: movement_target = (-3.24, 0.00, 3.54)
[INF][BBD]: 🗂️ BlackBoard[新規]: wander_target = (-3.24, 0.00, 3.54)
RandomWander: Moving to target - Distance: 4.8
[INF][SYS][MainSelector]: BT[MainSelector] → Running (実行回数: 1, 時刻: 1.0s)
]]></output>
            </test-case>
            <test-case id="1038" name="LoadBehaviourTree_EmptyFilePath_HandlesGracefully" fullname="ArcBT.Tests.BehaviourTreeRunnerTests.LoadBehaviourTree_EmptyFilePath_HandlesGracefully" methodname="LoadBehaviourTree_EmptyFilePath_HandlesGracefully" classname="ArcBT.Tests.BehaviourTreeRunnerTests" runstate="Runnable" seed="1187723834" result="Passed" start-time="2025-07-26 16:08:04Z" end-time="2025-07-26 16:08:04Z" duration="0.001758" asserts="0">
              <properties>
                <property name="retryIteration" value="0" />
                <property name="repeatIteration" value="0" />
              </properties>
              <output><![CDATA[[ERR][SYS]: BT file not found: 
]]></output>
            </test-case>
            <test-case id="1027" name="LoadBehaviourTree_InvalidContent_HandlesGracefully" fullname="ArcBT.Tests.BehaviourTreeRunnerTests.LoadBehaviourTree_InvalidContent_HandlesGracefully" methodname="LoadBehaviourTree_InvalidContent_HandlesGracefully" classname="ArcBT.Tests.BehaviourTreeRunnerTests" runstate="Runnable" seed="492862311" result="Passed" start-time="2025-07-26 16:08:04Z" end-time="2025-07-26 16:08:04Z" duration="0.003524" asserts="0">
              <properties>
                <property name="retryIteration" value="0" />
                <property name="repeatIteration" value="0" />
              </properties>
              <output><![CDATA[[ERR][PRS]: No tree definition found
[ERR][PRS]: Failed to parse behaviour tree: C:\Users\myunp\AppData\Local\Temp\tmp4d3ed1b6.tmp
]]></output>
            </test-case>
            <test-case id="1026" name="LoadBehaviourTree_NonExistentFile_HandlesGracefully" fullname="ArcBT.Tests.BehaviourTreeRunnerTests.LoadBehaviourTree_NonExistentFile_HandlesGracefully" methodname="LoadBehaviourTree_NonExistentFile_HandlesGracefully" classname="ArcBT.Tests.BehaviourTreeRunnerTests" runstate="Runnable" seed="1025573477" result="Passed" start-time="2025-07-26 16:08:04Z" end-time="2025-07-26 16:08:04Z" duration="0.041872" asserts="0">
              <properties>
                <property name="retryIteration" value="0" />
                <property name="repeatIteration" value="0" />
              </properties>
              <output><![CDATA[[ERR][SYS]: BT file not found: non_existent_file.bt
]]></output>
            </test-case>
            <test-case id="1039" name="LoadBehaviourTree_NullFilePath_HandlesGracefully" fullname="ArcBT.Tests.BehaviourTreeRunnerTests.LoadBehaviourTree_NullFilePath_HandlesGracefully" methodname="LoadBehaviourTree_NullFilePath_HandlesGracefully" classname="ArcBT.Tests.BehaviourTreeRunnerTests" runstate="Runnable" seed="2114194121" result="Passed" start-time="2025-07-26 16:08:04Z" end-time="2025-07-26 16:08:04Z" duration="0.002317" asserts="0">
              <properties>
                <property name="retryIteration" value="0" />
                <property name="repeatIteration" value="0" />
              </properties>
              <output><![CDATA[[ERR][SYS]: Error loading behaviour tree: Object reference not set to an instance of an object
]]></output>
            </test-case>
            <test-case id="1025" name="LoadBehaviourTree_ValidFile_LoadsCorrectly" fullname="ArcBT.Tests.BehaviourTreeRunnerTests.LoadBehaviourTree_ValidFile_LoadsCorrectly" methodname="LoadBehaviourTree_ValidFile_LoadsCorrectly" classname="ArcBT.Tests.BehaviourTreeRunnerTests" runstate="Runnable" seed="1461692801" result="Passed" start-time="2025-07-26 16:08:04Z" end-time="2025-07-26 16:08:04Z" duration="0.003175" asserts="0">
              <properties>
                <property name="retryIteration" value="0" />
                <property name="repeatIteration" value="0" />
              </properties>
              <output><![CDATA[[INF][PRS]: 🔍 Creating node: Action RandomWander
[INF][PRS]: 🚀 Creating Action with script 'RandomWander'
[INF][PRS]: ✅ Created RandomWanderAction for script 'RandomWander'
[INF][PRS]: 🔍 Creating node: Selector Root
[INF][SYS][Root]: ✅ Initialized node: Root (SelectorNode)
[INF][SYS][Action:RandomWander]: ✅ Initialized node: Action:RandomWander (RandomWanderAction)
[INF][SYS]: Successfully loaded behaviour tree from: C:\Users\myunp\AppData\Local\Temp\tmp58a7381a.tmp
[INF][SYS]: Root node: Root (SelectorNode)
[INF][SYS][Root]: Root (SelectorNode)
[INF][SYS][Action:RandomWander]:   Action:RandomWander (RandomWanderAction)
]]></output>
            </test-case>
            <test-case id="1042" name="ParallelExecution_MultipleActions_ExecutesCorrectly" fullname="ArcBT.Tests.BehaviourTreeRunnerTests.ParallelExecution_MultipleActions_ExecutesCorrectly" methodname="ParallelExecution_MultipleActions_ExecutesCorrectly" classname="ArcBT.Tests.BehaviourTreeRunnerTests" runstate="Runnable" seed="1155251357" result="Passed" start-time="2025-07-26 16:08:04Z" end-time="2025-07-26 16:08:04Z" duration="0.002041" asserts="0">
              <properties>
                <property name="retryIteration" value="0" />
                <property name="repeatIteration" value="0" />
              </properties>
              <output><![CDATA[=== WaitAction '' EXECUTING ===
Wait '': Starting wait for 0.1 seconds ⏱️
Wait '': Waiting... (0.1s remaining) ⏳
[INF][BBD]: 🗂️ BlackBoard[新規]: current_action = RandomWander
RandomWander: New target set at (2.08, 0.00, 5.41)
[INF][BBD]: 🗂️ BlackBoard[新規]: wander_target = (2.08, 0.00, 5.41)
RandomWander: Moving to target - Distance: 5.8
]]></output>
            </test-case>
            <test-case id="1044" name="PerformanceTest_MultipleExecutions_CompletesQuickly" fullname="ArcBT.Tests.BehaviourTreeRunnerTests.PerformanceTest_MultipleExecutions_CompletesQuickly" methodname="PerformanceTest_MultipleExecutions_CompletesQuickly" classname="ArcBT.Tests.BehaviourTreeRunnerTests" runstate="Runnable" seed="2087097488" result="Passed" start-time="2025-07-26 16:08:04Z" end-time="2025-07-26 16:08:04Z" duration="0.006934" asserts="0">
              <properties>
                <property name="retryIteration" value="0" />
                <property name="repeatIteration" value="0" />
              </properties>
              <output><![CDATA[=== WaitAction '' EXECUTING ===
Wait '': Starting wait for 0.01 seconds ⏱️
Wait '': Waiting... (0.0s remaining) ⏳
=== WaitAction '' EXECUTING ===
Wait '': Waiting... (0.0s remaining) ⏳
=== WaitAction '' EXECUTING ===
Wait '': Waiting... (0.0s remaining) ⏳
=== WaitAction '' EXECUTING ===
Wait '': Waiting... (0.0s remaining) ⏳
=== WaitAction '' EXECUTING ===
Wait '': Waiting... (0.0s remaining) ⏳
=== WaitAction '' EXECUTING ===
Wait '': Waiting... (0.0s remaining) ⏳
=== WaitAction '' EXECUTING ===
Wait '': Waiting... (0.0s remaining) ⏳
=== WaitAction '' EXECUTING ===
Wait '': Waiting... (0.0s remaining) ⏳
=== WaitAction '' EXECUTING ===
Wait '': Waiting... (0.0s remaining) ⏳
=== WaitAction '' EXECUTING ===
Wait '': Waiting... (0.0s remaining) ⏳
=== WaitAction '' EXECUTING ===
Wait '': Waiting... (0.0s remaining) ⏳
=== WaitAction '' EXECUTING ===
Wait '': Waiting... (0.0s remaining) ⏳
=== WaitAction '' EXECUTING ===
Wait '': Waiting... (0.0s remaining) ⏳
=== WaitAction '' EXECUTING ===
Wait '': Waiting... (0.0s remaining) ⏳
=== WaitAction '' EXECUTING ===
Wait '': Waiting... (0.0s remaining) ⏳
=== WaitAction '' EXECUTING ===
Wait '': Waiting... (0.0s remaining) ⏳
=== WaitAction '' EXECUTING ===
Wait '': Waiting... (0.0s remaining) ⏳
=== WaitAction '' EXECUTING ===
Wait '': Waiting... (0.0s remaining) ⏳
=== WaitAction '' EXECUTING ===
Wait '': Waiting... (0.0s remaining) ⏳
=== WaitAction '' EXECUTING ===
Wait '': Waiting... (0.0s remaining) ⏳
=== WaitAction '' EXECUTING ===
Wait '': Waiting... (0.0s remaining) ⏳
=== WaitAction '' EXECUTING ===
Wait '': Waiting... (0.0s remaining) ⏳
=== WaitAction '' EXECUTING ===
Wait '': Waiting... (0.0s remaining) ⏳
=== WaitAction '' EXECUTING ===
Wait '': Waiting... (0.0s remaining) ⏳
=== WaitAction '' EXECUTING ===
Wait '': Waiting... (0.0s remaining) ⏳
=== WaitAction '' EXECUTING ===
Wait '': Waiting... (0.0s remaining) ⏳
=== WaitAction '' EXECUTING ===
Wait '': Waiting... (0.0s remaining) ⏳
=== WaitAction '' EXECUTING ===
Wait '': Waiting... (0.0s remaining) ⏳
=== WaitAction '' EXECUTING ===
Wait '': Waiting... (0.0s remaining) ⏳
=== WaitAction '' EXECUTING ===
Wait '': Waiting... (0.0s remaining) ⏳
=== WaitAction '' EXECUTING ===
Wait '': Waiting... (0.0s remaining) ⏳
=== WaitAction '' EXECUTING ===
Wait '': Waiting... (0.0s remaining) ⏳
=== WaitAction '' EXECUTING ===
Wait '': Waiting... (0.0s remaining) ⏳
=== WaitAction '' EXECUTING ===
Wait '': Waiting... (0.0s remaining) ⏳
=== WaitAction '' EXECUTING ===
Wait '': Waiting... (0.0s remaining) ⏳
=== WaitAction '' EXECUTING ===
Wait '': Waiting... (0.0s remaining) ⏳
=== WaitAction '' EXECUTING ===
Wait '': Waiting... (0.0s remaining) ⏳
=== WaitAction '' EXECUTING ===
Wait '': Waiting... (0.0s remaining) ⏳
=== WaitAction '' EXECUTING ===
Wait '': Waiting... (0.0s remaining) ⏳
=== WaitAction '' EXECUTING ===
Wait '': Waiting... (0.0s remaining) ⏳
=== WaitAction '' EXECUTING ===
Wait '': Waiting... (0.0s remaining) ⏳
=== WaitAction '' EXECUTING ===
Wait '': Waiting... (0.0s remaining) ⏳
=== WaitAction '' EXECUTING ===
Wait '': Waiting... (0.0s remaining) ⏳
=== WaitAction '' EXECUTING ===
Wait '': Waiting... (0.0s remaining) ⏳
=== WaitAction '' EXECUTING ===
Wait '': Waiting... (0.0s remaining) ⏳
=== WaitAction '' EXECUTING ===
Wait '': Waiting... (0.0s remaining) ⏳
=== WaitAction '' EXECUTING ===
Wait '': Waiting... (0.0s remaining) ⏳
=== WaitAction '' EXECUTING ===
Wait '': Waiting... (0.0s remaining) ⏳
=== WaitAction '' EXECUTING ===
Wait '': Waiting... (0.0s remaining) ⏳
=== WaitAction '' EXECUTING ===
Wait '': Waiting... (0.0s remaining) ⏳
=== WaitAction '' EXECUTING ===
Wait '': Waiting... (0.0s remaining) ⏳
=== WaitAction '' EXECUTING ===
Wait '': Waiting... (0.0s remaining) ⏳
=== WaitAction '' EXECUTING ===
Wait '': Waiting... (0.0s remaining) ⏳
=== WaitAction '' EXECUTING ===
Wait '': Waiting... (0.0s remaining) ⏳
=== WaitAction '' EXECUTING ===
Wait '': Waiting... (0.0s remaining) ⏳
=== WaitAction '' EXECUTING ===
Wait '': Waiting... (0.0s remaining) ⏳
=== WaitAction '' EXECUTING ===
Wait '': Waiting... (0.0s remaining) ⏳
=== WaitAction '' EXECUTING ===
Wait '': Waiting... (0.0s remaining) ⏳
=== WaitAction '' EXECUTING ===
Wait '': Waiting... (0.0s remaining) ⏳
=== WaitAction '' EXECUTING ===
Wait '': Waiting... (0.0s remaining) ⏳
=== WaitAction '' EXECUTING ===
Wait '': Waiting... (0.0s remaining) ⏳
=== WaitAction '' EXECUTING ===
Wait '': Waiting... (0.0s remaining) ⏳
=== WaitAction '' EXECUTING ===
Wait '': Waiting... (0.0s remaining) ⏳
=== WaitAction '' EXECUTING ===
Wait '': Waiting... (0.0s remaining) ⏳
=== WaitAction '' EXECUTING ===
Wait '': Waiting... (0.0s remaining) ⏳
=== WaitAction '' EXECUTING ===
Wait '': Waiting... (0.0s remaining) ⏳
=== WaitAction '' EXECUTING ===
Wait '': Waiting... (0.0s remaining) ⏳
=== WaitAction '' EXECUTING ===
Wait '': Waiting... (0.0s remaining) ⏳
=== WaitAction '' EXECUTING ===
Wait '': Waiting... (0.0s remaining) ⏳
=== WaitAction '' EXECUTING ===
Wait '': Waiting... (0.0s remaining) ⏳
=== WaitAction '' EXECUTING ===
Wait '': Waiting... (0.0s remaining) ⏳
=== WaitAction '' EXECUTING ===
Wait '': Waiting... (0.0s remaining) ⏳
=== WaitAction '' EXECUTING ===
Wait '': Waiting... (0.0s remaining) ⏳
=== WaitAction '' EXECUTING ===
Wait '': Waiting... (0.0s remaining) ⏳
=== WaitAction '' EXECUTING ===
Wait '': Waiting... (0.0s remaining) ⏳
=== WaitAction '' EXECUTING ===
Wait '': Waiting... (0.0s remaining) ⏳
=== WaitAction '' EXECUTING ===
Wait '': Waiting... (0.0s remaining) ⏳
=== WaitAction '' EXECUTING ===
Wait '': Waiting... (0.0s remaining) ⏳
=== WaitAction '' EXECUTING ===
Wait '': Waiting... (0.0s remaining) ⏳
=== WaitAction '' EXECUTING ===
Wait '': Waiting... (0.0s remaining) ⏳
=== WaitAction '' EXECUTING ===
Wait '': Waiting... (0.0s remaining) ⏳
=== WaitAction '' EXECUTING ===
Wait '': Waiting... (0.0s remaining) ⏳
=== WaitAction '' EXECUTING ===
Wait '': Waiting... (0.0s remaining) ⏳
=== WaitAction '' EXECUTING ===
Wait '': Waiting... (0.0s remaining) ⏳
=== WaitAction '' EXECUTING ===
Wait '': Waiting... (0.0s remaining) ⏳
=== WaitAction '' EXECUTING ===
Wait '': Waiting... (0.0s remaining) ⏳
=== WaitAction '' EXECUTING ===
Wait '': Waiting... (0.0s remaining) ⏳
=== WaitAction '' EXECUTING ===
Wait '': Waiting... (0.0s remaining) ⏳
=== WaitAction '' EXECUTING ===
Wait '': Waiting... (0.0s remaining) ⏳
=== WaitAction '' EXECUTING ===
Wait '': Waiting... (0.0s remaining) ⏳
=== WaitAction '' EXECUTING ===
Wait '': Waiting... (0.0s remaining) ⏳
=== WaitAction '' EXECUTING ===
Wait '': Waiting... (0.0s remaining) ⏳
=== WaitAction '' EXECUTING ===
Wait '': Waiting... (0.0s remaining) ⏳
=== WaitAction '' EXECUTING ===
Wait '': Waiting... (0.0s remaining) ⏳
=== WaitAction '' EXECUTING ===
Wait '': Waiting... (0.0s remaining) ⏳
=== WaitAction '' EXECUTING ===
Wait '': Waiting... (0.0s remaining) ⏳
=== WaitAction '' EXECUTING ===
Wait '': Waiting... (0.0s remaining) ⏳
=== WaitAction '' EXECUTING ===
Wait '': Waiting... (0.0s remaining) ⏳
=== WaitAction '' EXECUTING ===
Wait '': Waiting... (0.0s remaining) ⏳
=== WaitAction '' EXECUTING ===
Wait '': Waiting... (0.0s remaining) ⏳
]]></output>
            </test-case>
            <test-case id="1035" name="ResetTreeState_ClearsBlackBoardAndResets" fullname="ArcBT.Tests.BehaviourTreeRunnerTests.ResetTreeState_ClearsBlackBoardAndResets" methodname="ResetTreeState_ClearsBlackBoardAndResets" classname="ArcBT.Tests.BehaviourTreeRunnerTests" runstate="Runnable" seed="1430389572" result="Passed" start-time="2025-07-26 16:08:04Z" end-time="2025-07-26 16:08:04Z" duration="0.001266" asserts="0">
              <properties>
                <property name="retryIteration" value="0" />
                <property name="repeatIteration" value="0" />
              </properties>
              <output><![CDATA[[INF][BBD]: 🗂️ BlackBoard: Cleared all data
[INF][SYS]: Behaviour tree state reset
]]></output>
            </test-case>
            <test-case id="1037" name="SetDebugMode_UpdatesCorrectly" fullname="ArcBT.Tests.BehaviourTreeRunnerTests.SetDebugMode_UpdatesCorrectly" methodname="SetDebugMode_UpdatesCorrectly" classname="ArcBT.Tests.BehaviourTreeRunnerTests" runstate="Runnable" seed="1557792332" result="Passed" start-time="2025-07-26 16:08:04Z" end-time="2025-07-26 16:08:04Z" duration="0.000929" asserts="0">
              <properties>
                <property name="retryIteration" value="0" />
                <property name="repeatIteration" value="0" />
              </properties>
            </test-case>
            <test-case id="1029" name="SetRootNode_InitializesBlackBoard" fullname="ArcBT.Tests.BehaviourTreeRunnerTests.SetRootNode_InitializesBlackBoard" methodname="SetRootNode_InitializesBlackBoard" classname="ArcBT.Tests.BehaviourTreeRunnerTests" runstate="Runnable" seed="779359457" result="Passed" start-time="2025-07-26 16:08:04Z" end-time="2025-07-26 16:08:04Z" duration="0.000769" asserts="0">
              <properties>
                <property name="retryIteration" value="0" />
                <property name="repeatIteration" value="0" />
              </properties>
            </test-case>
            <test-case id="1040" name="SetRootNode_NullNode_HandlesGracefully" fullname="ArcBT.Tests.BehaviourTreeRunnerTests.SetRootNode_NullNode_HandlesGracefully" methodname="SetRootNode_NullNode_HandlesGracefully" classname="ArcBT.Tests.BehaviourTreeRunnerTests" runstate="Runnable" seed="60481288" result="Passed" start-time="2025-07-26 16:08:04Z" end-time="2025-07-26 16:08:04Z" duration="0.000713" asserts="0">
              <properties>
                <property name="retryIteration" value="0" />
                <property name="repeatIteration" value="0" />
              </properties>
            </test-case>
            <test-case id="1028" name="SetRootNode_ValidNode_SetsCorrectly" fullname="ArcBT.Tests.BehaviourTreeRunnerTests.SetRootNode_ValidNode_SetsCorrectly" methodname="SetRootNode_ValidNode_SetsCorrectly" classname="ArcBT.Tests.BehaviourTreeRunnerTests" runstate="Runnable" seed="1746930550" result="Passed" start-time="2025-07-26 16:08:04Z" end-time="2025-07-26 16:08:04Z" duration="0.000749" asserts="0">
              <properties>
                <property name="retryIteration" value="0" />
                <property name="repeatIteration" value="0" />
              </properties>
            </test-case>
            <test-case id="1036" name="SetTickInterval_UpdatesCorrectly" fullname="ArcBT.Tests.BehaviourTreeRunnerTests.SetTickInterval_UpdatesCorrectly" methodname="SetTickInterval_UpdatesCorrectly" classname="ArcBT.Tests.BehaviourTreeRunnerTests" runstate="Runnable" seed="1238939215" result="Passed" start-time="2025-07-26 16:08:04Z" end-time="2025-07-26 16:08:04Z" duration="0.000728" asserts="0">
              <properties>
                <property name="retryIteration" value="0" />
                <property name="repeatIteration" value="0" />
              </properties>
            </test-case>
            <test-case id="1030" name="Update_WithValidTree_ExecutesCorrectly" fullname="ArcBT.Tests.BehaviourTreeRunnerTests.Update_WithValidTree_ExecutesCorrectly" methodname="Update_WithValidTree_ExecutesCorrectly" classname="ArcBT.Tests.BehaviourTreeRunnerTests" runstate="Runnable" seed="95703435" result="Passed" start-time="2025-07-26 16:08:04Z" end-time="2025-07-26 16:08:04Z" duration="0.235916" asserts="0">
              <properties>
                <property name="_JOINTYPE" value="UnityCombinatorial" />
                <property name="retryIteration" value="0" />
                <property name="repeatIteration" value="0" />
              </properties>
              <output><![CDATA[=== WaitAction '' EXECUTING ===
Wait '': Starting wait for 0.1 seconds ⏱️
Wait '': Waiting... (0.1s remaining) ⏳
[INF][SYS]: BT[] → Running (実行回数: 1, 時刻: 1.1s)
=== WaitAction '' EXECUTING ===
Wait '': Wait completed ✅ (waited 0.1s)
[INF][SYS]: BT[] → Success [状態変化] (実行回数: 2, 時刻: 1.2s)
]]></output>
            </test-case>
          </test-suite>
          <test-suite type="TestFixture" id="1045" name="BlackBoardTests" fullname="ArcBT.Tests.BlackBoardTests" classname="ArcBT.Tests.BlackBoardTests" runstate="Runnable" testcasecount="34" result="Passed" start-time="2025-07-26 16:08:04Z" end-time="2025-07-26 16:08:04Z" duration="0.028997" total="34" passed="34" failed="0" inconclusive="0" skipped="0" asserts="0">
            <properties />
            <test-case id="1054" name="Clear_WithData_RemovesAllData" fullname="ArcBT.Tests.BlackBoardTests.Clear_WithData_RemovesAllData" methodname="Clear_WithData_RemovesAllData" classname="ArcBT.Tests.BlackBoardTests" runstate="Runnable" seed="2012516890" result="Passed" start-time="2025-07-26 16:08:04Z" end-time="2025-07-26 16:08:04Z" duration="0.000765" asserts="0">
              <properties>
                <property name="retryIteration" value="0" />
                <property name="repeatIteration" value="0" />
              </properties>
              <output><![CDATA[[INF][BBD]: 🗂️ BlackBoard: Cleared all data
]]></output>
            </test-case>
            <test-case id="1077" name="DebugLog_WithData_LogsAllContents" fullname="ArcBT.Tests.BlackBoardTests.DebugLog_WithData_LogsAllContents" methodname="DebugLog_WithData_LogsAllContents" classname="ArcBT.Tests.BlackBoardTests" runstate="Runnable" seed="581502835" result="Passed" start-time="2025-07-26 16:08:04Z" end-time="2025-07-26 16:08:04Z" duration="0.000558" asserts="0">
              <properties>
                <property name="retryIteration" value="0" />
                <property name="repeatIteration" value="0" />
              </properties>
              <output><![CDATA[[INF][BBD]: 🗂️ BlackBoard Contents:
[INF][BBD]:   - test_string: hello (String)
[INF][BBD]:   - test_int: 42 (Int32)
]]></output>
            </test-case>
            <test-case id="1063" name="GetAllKeys_EmptyBlackBoard_ReturnsEmptyArray" fullname="ArcBT.Tests.BlackBoardTests.GetAllKeys_EmptyBlackBoard_ReturnsEmptyArray" methodname="GetAllKeys_EmptyBlackBoard_ReturnsEmptyArray" classname="ArcBT.Tests.BlackBoardTests" runstate="Runnable" seed="1901801778" result="Passed" start-time="2025-07-26 16:08:04Z" end-time="2025-07-26 16:08:04Z" duration="0.000140" asserts="0">
              <properties>
                <property name="retryIteration" value="0" />
                <property name="repeatIteration" value="0" />
              </properties>
            </test-case>
            <test-case id="1062" name="GetAllKeys_WithMultipleKeys_ReturnsAllKeys" fullname="ArcBT.Tests.BlackBoardTests.GetAllKeys_WithMultipleKeys_ReturnsAllKeys" methodname="GetAllKeys_WithMultipleKeys_ReturnsAllKeys" classname="ArcBT.Tests.BlackBoardTests" runstate="Runnable" seed="1542257653" result="Passed" start-time="2025-07-26 16:08:04Z" end-time="2025-07-26 16:08:04Z" duration="0.000995" asserts="0">
              <properties>
                <property name="retryIteration" value="0" />
                <property name="repeatIteration" value="0" />
              </properties>
            </test-case>
            <test-case id="1068" name="GetRecentChangeSummary_CalledTwice_ClearsAfterFirst" fullname="ArcBT.Tests.BlackBoardTests.GetRecentChangeSummary_CalledTwice_ClearsAfterFirst" methodname="GetRecentChangeSummary_CalledTwice_ClearsAfterFirst" classname="ArcBT.Tests.BlackBoardTests" runstate="Runnable" seed="1805989608" result="Passed" start-time="2025-07-26 16:08:04Z" end-time="2025-07-26 16:08:04Z" duration="0.000215" asserts="0">
              <properties>
                <property name="retryIteration" value="0" />
                <property name="repeatIteration" value="0" />
              </properties>
            </test-case>
            <test-case id="1067" name="GetRecentChangeSummary_NoChanges_ReturnsNoChangeMessage" fullname="ArcBT.Tests.BlackBoardTests.GetRecentChangeSummary_NoChanges_ReturnsNoChangeMessage" methodname="GetRecentChangeSummary_NoChanges_ReturnsNoChangeMessage" classname="ArcBT.Tests.BlackBoardTests" runstate="Runnable" seed="1057187753" result="Passed" start-time="2025-07-26 16:08:04Z" end-time="2025-07-26 16:08:04Z" duration="0.000125" asserts="0">
              <properties>
                <property name="retryIteration" value="0" />
                <property name="repeatIteration" value="0" />
              </properties>
            </test-case>
            <test-case id="1066" name="GetRecentChangeSummary_WithChanges_ReturnsFormattedSummary" fullname="ArcBT.Tests.BlackBoardTests.GetRecentChangeSummary_WithChanges_ReturnsFormattedSummary" methodname="GetRecentChangeSummary_WithChanges_ReturnsFormattedSummary" classname="ArcBT.Tests.BlackBoardTests" runstate="Runnable" seed="339142164" result="Passed" start-time="2025-07-26 16:08:04Z" end-time="2025-07-26 16:08:04Z" duration="0.000181" asserts="0">
              <properties>
                <property name="retryIteration" value="0" />
                <property name="repeatIteration" value="0" />
              </properties>
            </test-case>
            <test-case id="1048" name="GetValue_NonExistentKey_ReturnsDefaultValue" fullname="ArcBT.Tests.BlackBoardTests.GetValue_NonExistentKey_ReturnsDefaultValue" methodname="GetValue_NonExistentKey_ReturnsDefaultValue" classname="ArcBT.Tests.BlackBoardTests" runstate="Runnable" seed="1728858227" result="Passed" start-time="2025-07-26 16:08:04Z" end-time="2025-07-26 16:08:04Z" duration="0.000288" asserts="0">
              <properties>
                <property name="retryIteration" value="0" />
                <property name="repeatIteration" value="0" />
              </properties>
            </test-case>
            <test-case id="1049" name="GetValue_TypeMismatch_ReturnsDefaultAndLogsWarning" fullname="ArcBT.Tests.BlackBoardTests.GetValue_TypeMismatch_ReturnsDefaultAndLogsWarning" methodname="GetValue_TypeMismatch_ReturnsDefaultAndLogsWarning" classname="ArcBT.Tests.BlackBoardTests" runstate="Runnable" seed="549635606" result="Passed" start-time="2025-07-26 16:08:04Z" end-time="2025-07-26 16:08:04Z" duration="0.000311" asserts="0">
              <properties>
                <property name="retryIteration" value="0" />
                <property name="repeatIteration" value="0" />
              </properties>
              <output><![CDATA[[WRN][BBD]: 🗂️ BlackBoard: Type mismatch for key 'test_key'. Expected Int32, got String
]]></output>
            </test-case>
            <test-case id="1072" name="GetValueAsString_Float_ReturnsFormattedFloat" fullname="ArcBT.Tests.BlackBoardTests.GetValueAsString_Float_ReturnsFormattedFloat" methodname="GetValueAsString_Float_ReturnsFormattedFloat" classname="ArcBT.Tests.BlackBoardTests" runstate="Runnable" seed="154658272" result="Passed" start-time="2025-07-26 16:08:04Z" end-time="2025-07-26 16:08:04Z" duration="0.000358" asserts="0">
              <properties>
                <property name="retryIteration" value="0" />
                <property name="repeatIteration" value="0" />
              </properties>
              <output><![CDATA[[INF][BBD]: 🗂️ BlackBoard[新規]: health = 85.6789
]]></output>
            </test-case>
            <test-case id="1070" name="GetValueAsString_GameObject_ReturnsName" fullname="ArcBT.Tests.BlackBoardTests.GetValueAsString_GameObject_ReturnsName" methodname="GetValueAsString_GameObject_ReturnsName" classname="ArcBT.Tests.BlackBoardTests" runstate="Runnable" seed="748770691" result="Passed" start-time="2025-07-26 16:08:04Z" end-time="2025-07-26 16:08:04Z" duration="0.000289" asserts="0">
              <properties>
                <property name="retryIteration" value="0" />
                <property name="repeatIteration" value="0" />
              </properties>
            </test-case>
            <test-case id="1074" name="GetValueAsString_NonExistentKey_ReturnsNotSet" fullname="ArcBT.Tests.BlackBoardTests.GetValueAsString_NonExistentKey_ReturnsNotSet" methodname="GetValueAsString_NonExistentKey_ReturnsNotSet" classname="ArcBT.Tests.BlackBoardTests" runstate="Runnable" seed="710930370" result="Passed" start-time="2025-07-26 16:08:04Z" end-time="2025-07-26 16:08:04Z" duration="0.000142" asserts="0">
              <properties>
                <property name="retryIteration" value="0" />
                <property name="repeatIteration" value="0" />
              </properties>
            </test-case>
            <test-case id="1073" name="GetValueAsString_NullValue_ReturnsNull" fullname="ArcBT.Tests.BlackBoardTests.GetValueAsString_NullValue_ReturnsNull" methodname="GetValueAsString_NullValue_ReturnsNull" classname="ArcBT.Tests.BlackBoardTests" runstate="Runnable" seed="560283857" result="Passed" start-time="2025-07-26 16:08:04Z" end-time="2025-07-26 16:08:04Z" duration="0.000139" asserts="0">
              <properties>
                <property name="retryIteration" value="0" />
                <property name="repeatIteration" value="0" />
              </properties>
            </test-case>
            <test-case id="1069" name="GetValueAsString_StringValue_ReturnsString" fullname="ArcBT.Tests.BlackBoardTests.GetValueAsString_StringValue_ReturnsString" methodname="GetValueAsString_StringValue_ReturnsString" classname="ArcBT.Tests.BlackBoardTests" runstate="Runnable" seed="1274176394" result="Passed" start-time="2025-07-26 16:08:04Z" end-time="2025-07-26 16:08:04Z" duration="0.000143" asserts="0">
              <properties>
                <property name="retryIteration" value="0" />
                <property name="repeatIteration" value="0" />
              </properties>
            </test-case>
            <test-case id="1071" name="GetValueAsString_Vector3_ReturnsFormattedCoordinates" fullname="ArcBT.Tests.BlackBoardTests.GetValueAsString_Vector3_ReturnsFormattedCoordinates" methodname="GetValueAsString_Vector3_ReturnsFormattedCoordinates" classname="ArcBT.Tests.BlackBoardTests" runstate="Runnable" seed="2096438120" result="Passed" start-time="2025-07-26 16:08:04Z" end-time="2025-07-26 16:08:04Z" duration="0.000240" asserts="0">
              <properties>
                <property name="retryIteration" value="0" />
                <property name="repeatIteration" value="0" />
              </properties>
              <output><![CDATA[[INF][BBD]: 🗂️ BlackBoard[新規]: position = (1.23, 2.57, 3.89)
]]></output>
            </test-case>
            <test-case id="1056" name="GetValueType_ExistingKey_ReturnsCorrectType" fullname="ArcBT.Tests.BlackBoardTests.GetValueType_ExistingKey_ReturnsCorrectType" methodname="GetValueType_ExistingKey_ReturnsCorrectType" classname="ArcBT.Tests.BlackBoardTests" runstate="Runnable" seed="69388582" result="Passed" start-time="2025-07-26 16:08:04Z" end-time="2025-07-26 16:08:04Z" duration="0.000182" asserts="0">
              <properties>
                <property name="retryIteration" value="0" />
                <property name="repeatIteration" value="0" />
              </properties>
            </test-case>
            <test-case id="1057" name="GetValueType_NonExistentKey_ReturnsNull" fullname="ArcBT.Tests.BlackBoardTests.GetValueType_NonExistentKey_ReturnsNull" methodname="GetValueType_NonExistentKey_ReturnsNull" classname="ArcBT.Tests.BlackBoardTests" runstate="Runnable" seed="1028391696" result="Passed" start-time="2025-07-26 16:08:04Z" end-time="2025-07-26 16:08:04Z" duration="0.000132" asserts="0">
              <properties>
                <property name="retryIteration" value="0" />
                <property name="repeatIteration" value="0" />
              </properties>
            </test-case>
            <test-case id="1050" name="HasKey_ExistingKey_ReturnsTrue" fullname="ArcBT.Tests.BlackBoardTests.HasKey_ExistingKey_ReturnsTrue" methodname="HasKey_ExistingKey_ReturnsTrue" classname="ArcBT.Tests.BlackBoardTests" runstate="Runnable" seed="65563992" result="Passed" start-time="2025-07-26 16:08:04Z" end-time="2025-07-26 16:08:04Z" duration="0.000133" asserts="0">
              <properties>
                <property name="retryIteration" value="0" />
                <property name="repeatIteration" value="0" />
              </properties>
            </test-case>
            <test-case id="1051" name="HasKey_NonExistentKey_ReturnsFalse" fullname="ArcBT.Tests.BlackBoardTests.HasKey_NonExistentKey_ReturnsFalse" methodname="HasKey_NonExistentKey_ReturnsFalse" classname="ArcBT.Tests.BlackBoardTests" runstate="Runnable" seed="924019002" result="Passed" start-time="2025-07-26 16:08:04Z" end-time="2025-07-26 16:08:04Z" duration="0.000116" asserts="0">
              <properties>
                <property name="retryIteration" value="0" />
                <property name="repeatIteration" value="0" />
              </properties>
            </test-case>
            <test-case id="1065" name="HasRecentChanges_NoChanges_ReturnsFalse" fullname="ArcBT.Tests.BlackBoardTests.HasRecentChanges_NoChanges_ReturnsFalse" methodname="HasRecentChanges_NoChanges_ReturnsFalse" classname="ArcBT.Tests.BlackBoardTests" runstate="Runnable" seed="1864477879" result="Passed" start-time="2025-07-26 16:08:04Z" end-time="2025-07-26 16:08:04Z" duration="0.000115" asserts="0">
              <properties>
                <property name="retryIteration" value="0" />
                <property name="repeatIteration" value="0" />
              </properties>
            </test-case>
            <test-case id="1064" name="HasRecentChanges_WithRecentChange_ReturnsTrue" fullname="ArcBT.Tests.BlackBoardTests.HasRecentChanges_WithRecentChange_ReturnsTrue" methodname="HasRecentChanges_WithRecentChange_ReturnsTrue" classname="ArcBT.Tests.BlackBoardTests" runstate="Runnable" seed="363065515" result="Passed" start-time="2025-07-26 16:08:04Z" end-time="2025-07-26 16:08:04Z" duration="0.000235" asserts="0">
              <properties>
                <property name="retryIteration" value="0" />
                <property name="repeatIteration" value="0" />
              </properties>
              <output><![CDATA[[INF][BBD]: 🗂️ BlackBoard[新規]: enemy_position = (1.00, 0.00, 1.00)
]]></output>
            </test-case>
            <test-case id="1078" name="IntegrationTest_ComplexScenario_WorksCorrectly" fullname="ArcBT.Tests.BlackBoardTests.IntegrationTest_ComplexScenario_WorksCorrectly" methodname="IntegrationTest_ComplexScenario_WorksCorrectly" classname="ArcBT.Tests.BlackBoardTests" runstate="Runnable" seed="1803241008" result="Passed" start-time="2025-07-26 16:08:04Z" end-time="2025-07-26 16:08:04Z" duration="0.001320" asserts="0">
              <properties>
                <property name="retryIteration" value="0" />
                <property name="repeatIteration" value="0" />
              </properties>
              <output><![CDATA[[INF][BBD]: 🗂️ BlackBoard[新規]: current_state = combat
[INF][BBD]: 🗂️ BlackBoard[新規]: enemy_target = Enemy (UnityEngine.GameObject)
[INF][BBD]: 🗂️ BlackBoard[新規]: enemy_position = (5.00, 0.00, 3.00)
[INF][BBD]: 🗂️ BlackBoard[新規]: player_health = 75.5
]]></output>
            </test-case>
            <test-case id="1079" name="PerformanceTest_ManyOperations_CompletesQuickly" fullname="ArcBT.Tests.BlackBoardTests.PerformanceTest_ManyOperations_CompletesQuickly" methodname="PerformanceTest_ManyOperations_CompletesQuickly" classname="ArcBT.Tests.BlackBoardTests" runstate="Runnable" seed="597709479" result="Passed" start-time="2025-07-26 16:08:04Z" end-time="2025-07-26 16:08:04Z" duration="0.003992" asserts="0">
              <properties>
                <property name="retryIteration" value="0" />
                <property name="repeatIteration" value="0" />
              </properties>
            </test-case>
            <test-case id="1052" name="RemoveValue_ExistingKey_RemovesAndLogsSuccess" fullname="ArcBT.Tests.BlackBoardTests.RemoveValue_ExistingKey_RemovesAndLogsSuccess" methodname="RemoveValue_ExistingKey_RemovesAndLogsSuccess" classname="ArcBT.Tests.BlackBoardTests" runstate="Runnable" seed="866489676" result="Passed" start-time="2025-07-26 16:08:04Z" end-time="2025-07-26 16:08:04Z" duration="0.000541" asserts="0">
              <properties>
                <property name="retryIteration" value="0" />
                <property name="repeatIteration" value="0" />
              </properties>
              <output><![CDATA[[INF][BBD]: 🗂️ BlackBoard: Removed 'test_key'
]]></output>
            </test-case>
            <test-case id="1053" name="RemoveValue_NonExistentKey_DoesNotLog" fullname="ArcBT.Tests.BlackBoardTests.RemoveValue_NonExistentKey_DoesNotLog" methodname="RemoveValue_NonExistentKey_DoesNotLog" classname="ArcBT.Tests.BlackBoardTests" runstate="Runnable" seed="1883134551" result="Passed" start-time="2025-07-26 16:08:04Z" end-time="2025-07-26 16:08:04Z" duration="0.000122" asserts="0">
              <properties>
                <property name="retryIteration" value="0" />
                <property name="repeatIteration" value="0" />
              </properties>
            </test-case>
            <test-case id="1055" name="SetValue_DifferentTypes_StoresCorrectTypes" fullname="ArcBT.Tests.BlackBoardTests.SetValue_DifferentTypes_StoresCorrectTypes" methodname="SetValue_DifferentTypes_StoresCorrectTypes" classname="ArcBT.Tests.BlackBoardTests" runstate="Runnable" seed="1880706096" result="Passed" start-time="2025-07-26 16:08:04Z" end-time="2025-07-26 16:08:04Z" duration="0.000394" asserts="0">
              <properties>
                <property name="retryIteration" value="0" />
                <property name="repeatIteration" value="0" />
              </properties>
            </test-case>
            <test-case id="1047" name="SetValue_ExistingKey_UpdatesValue" fullname="ArcBT.Tests.BlackBoardTests.SetValue_ExistingKey_UpdatesValue" methodname="SetValue_ExistingKey_UpdatesValue" classname="ArcBT.Tests.BlackBoardTests" runstate="Runnable" seed="1149387599" result="Passed" start-time="2025-07-26 16:08:04Z" end-time="2025-07-26 16:08:04Z" duration="0.000168" asserts="0">
              <properties>
                <property name="retryIteration" value="0" />
                <property name="repeatIteration" value="0" />
              </properties>
            </test-case>
            <test-case id="1075" name="SetValue_ImportantKey_LogsChange" fullname="ArcBT.Tests.BlackBoardTests.SetValue_ImportantKey_LogsChange" methodname="SetValue_ImportantKey_LogsChange" classname="ArcBT.Tests.BlackBoardTests" runstate="Runnable" seed="707806803" result="Passed" start-time="2025-07-26 16:08:04Z" end-time="2025-07-26 16:08:04Z" duration="0.000226" asserts="0">
              <properties>
                <property name="retryIteration" value="0" />
                <property name="repeatIteration" value="0" />
              </properties>
              <output><![CDATA[[INF][BBD]: 🗂️ BlackBoard[新規]: enemy_position = (1.00, 0.00, 1.00)
]]></output>
            </test-case>
            <test-case id="1046" name="SetValue_NewKey_StoresValue" fullname="ArcBT.Tests.BlackBoardTests.SetValue_NewKey_StoresValue" methodname="SetValue_NewKey_StoresValue" classname="ArcBT.Tests.BlackBoardTests" runstate="Runnable" seed="994778189" result="Passed" start-time="2025-07-26 16:08:04Z" end-time="2025-07-26 16:08:04Z" duration="0.000154" asserts="0">
              <properties>
                <property name="retryIteration" value="0" />
                <property name="repeatIteration" value="0" />
              </properties>
            </test-case>
            <test-case id="1061" name="SetValue_NullToNull_NoChange" fullname="ArcBT.Tests.BlackBoardTests.SetValue_NullToNull_NoChange" methodname="SetValue_NullToNull_NoChange" classname="ArcBT.Tests.BlackBoardTests" runstate="Runnable" seed="730530934" result="Passed" start-time="2025-07-26 16:08:04Z" end-time="2025-07-26 16:08:04Z" duration="0.000146" asserts="0">
              <properties>
                <property name="retryIteration" value="0" />
                <property name="repeatIteration" value="0" />
              </properties>
            </test-case>
            <test-case id="1059" name="SetValue_NullToValue_TriggersChange" fullname="ArcBT.Tests.BlackBoardTests.SetValue_NullToValue_TriggersChange" methodname="SetValue_NullToValue_TriggersChange" classname="ArcBT.Tests.BlackBoardTests" runstate="Runnable" seed="1418798538" result="Passed" start-time="2025-07-26 16:08:04Z" end-time="2025-07-26 16:08:04Z" duration="0.000159" asserts="0">
              <properties>
                <property name="retryIteration" value="0" />
                <property name="repeatIteration" value="0" />
              </properties>
            </test-case>
            <test-case id="1058" name="SetValue_NullValue_StoresAndRetrievesCorrectly" fullname="ArcBT.Tests.BlackBoardTests.SetValue_NullValue_StoresAndRetrievesCorrectly" methodname="SetValue_NullValue_StoresAndRetrievesCorrectly" classname="ArcBT.Tests.BlackBoardTests" runstate="Runnable" seed="477956393" result="Passed" start-time="2025-07-26 16:08:04Z" end-time="2025-07-26 16:08:04Z" duration="0.000201" asserts="0">
              <properties>
                <property name="retryIteration" value="0" />
                <property name="repeatIteration" value="0" />
              </properties>
              <output><![CDATA[[WRN][BBD]: 🗂️ BlackBoard: Type mismatch for key 'null_key'. Expected String, got null
]]></output>
            </test-case>
            <test-case id="1076" name="SetValue_UnimportantKey_DoesNotLog" fullname="ArcBT.Tests.BlackBoardTests.SetValue_UnimportantKey_DoesNotLog" methodname="SetValue_UnimportantKey_DoesNotLog" classname="ArcBT.Tests.BlackBoardTests" runstate="Runnable" seed="2107220286" result="Passed" start-time="2025-07-26 16:08:04Z" end-time="2025-07-26 16:08:04Z" duration="0.000131" asserts="0">
              <properties>
                <property name="retryIteration" value="0" />
                <property name="repeatIteration" value="0" />
              </properties>
            </test-case>
            <test-case id="1060" name="SetValue_ValueToNull_TriggersChange" fullname="ArcBT.Tests.BlackBoardTests.SetValue_ValueToNull_TriggersChange" methodname="SetValue_ValueToNull_TriggersChange" classname="ArcBT.Tests.BlackBoardTests" runstate="Runnable" seed="2075687174" result="Passed" start-time="2025-07-26 16:08:04Z" end-time="2025-07-26 16:08:04Z" duration="0.000197" asserts="0">
              <properties>
                <property name="retryIteration" value="0" />
                <property name="repeatIteration" value="0" />
              </properties>
              <output><![CDATA[[WRN][BBD]: 🗂️ BlackBoard: Type mismatch for key 'test_key'. Expected String, got null
]]></output>
            </test-case>
          </test-suite>
          <test-suite type="TestFixture" id="1080" name="BTFileValidationTests" fullname="ArcBT.Tests.BTFileValidationTests" classname="ArcBT.Tests.BTFileValidationTests" runstate="Runnable" testcasecount="6" result="Passed" start-time="2025-07-26 16:08:04Z" end-time="2025-07-26 16:08:04Z" duration="0.033227" total="6" passed="6" failed="0" inconclusive="0" skipped="0" asserts="0">
            <properties />
            <test-case id="1084" name="ValidateAllScriptReferences" fullname="ArcBT.Tests.BTFileValidationTests.ValidateAllScriptReferences" methodname="ValidateAllScriptReferences" classname="ArcBT.Tests.BTFileValidationTests" runstate="Runnable" seed="1272436888" result="Passed" start-time="2025-07-26 16:08:04Z" end-time="2025-07-26 16:08:04Z" duration="0.009416" asserts="0">
              <properties>
                <property name="Description" value="全BTファイルで使用されているスクリプト名の検証" />
                <property name="retryIteration" value="0" />
                <property name="repeatIteration" value="0" />
              </properties>
              <output><![CDATA[🔍 Analyzing script references in: advanced_guard_new_format.bt
🔍 Analyzing script references in: blackboard_sample.bt
🔍 Analyzing script references in: complex_example.bt
🔍 Analyzing script references in: dynamic_condition_sample.bt
🔍 Analyzing script references in: improved_format_example.bt
🔍 Analyzing script references in: resource_management_sample.bt
🔍 Analyzing script references in: simple_example.bt
🔍 Analyzing script references in: team_coordination_sample.bt
📊 Script Reference Analysis:
📝 Used scripts: IsInitialized, HealthCheck, HasItem, UseItem, FleeToSafety, EnemyCheck, Attack, MoveToPosition, AttackEnemy, Wait, HasTarget, RandomWander, ScanEnvironment, HasSharedEnemyInfo, MoveToEnemy, AttackTarget, EnemyInRange, HasMana, EnemyHealthCheck, CastSpell, NormalAttack, ScanForInterest, MoveToTarget, Interact, EnvironmentScan, InitializeResources, CheckManaResource, RestoreSmallMana, SearchForEnemy
✅ All script references are valid
]]></output>
            </test-case>
            <test-case id="1081" name="ValidateBlackBoardSample" fullname="ArcBT.Tests.BTFileValidationTests.ValidateBlackBoardSample" methodname="ValidateBlackBoardSample" classname="ArcBT.Tests.BTFileValidationTests" runstate="Runnable" seed="1869960974" result="Passed" start-time="2025-07-26 16:08:04Z" end-time="2025-07-26 16:08:04Z" duration="0.001042" asserts="0">
              <properties>
                <property name="Description" value="blackboard_sample.btの詳細検証" />
                <property name="retryIteration" value="0" />
                <property name="repeatIteration" value="0" />
              </properties>
              <output><![CDATA[✅ blackboard_sample.bt validation passed
]]></output>
            </test-case>
            <test-case id="1085" name="ValidateBTFileSyntax" fullname="ArcBT.Tests.BTFileValidationTests.ValidateBTFileSyntax" methodname="ValidateBTFileSyntax" classname="ArcBT.Tests.BTFileValidationTests" runstate="Runnable" seed="2055352326" result="Passed" start-time="2025-07-26 16:08:04Z" end-time="2025-07-26 16:08:04Z" duration="0.007280" asserts="0">
              <properties>
                <property name="retryIteration" value="0" />
                <property name="repeatIteration" value="0" />
              </properties>
              <output><![CDATA[✅ All BT files have valid syntax
]]></output>
            </test-case>
            <test-case id="1083" name="ValidateDynamicConditionSample" fullname="ArcBT.Tests.BTFileValidationTests.ValidateDynamicConditionSample" methodname="ValidateDynamicConditionSample" classname="ArcBT.Tests.BTFileValidationTests" runstate="Runnable" seed="1364536074" result="Passed" start-time="2025-07-26 16:08:04Z" end-time="2025-07-26 16:08:04Z" duration="0.001286" asserts="0">
              <properties>
                <property name="Description" value="dynamic_condition_sample.btの詳細検証" />
                <property name="retryIteration" value="0" />
                <property name="repeatIteration" value="0" />
              </properties>
              <output><![CDATA[Actual children count: 3
Child 0: healthy_combat
Child 1: safe_healing
Child 2: Action:MoveToPosition
✅ dynamic_condition_sample.bt validation passed
]]></output>
            </test-case>
            <test-case id="1086" name="ValidateRequiredFilesExist" fullname="ArcBT.Tests.BTFileValidationTests.ValidateRequiredFilesExist" methodname="ValidateRequiredFilesExist" classname="ArcBT.Tests.BTFileValidationTests" runstate="Runnable" seed="1581302097" result="Passed" start-time="2025-07-26 16:08:04Z" end-time="2025-07-26 16:08:04Z" duration="0.000407" asserts="0">
              <properties>
                <property name="retryIteration" value="0" />
                <property name="repeatIteration" value="0" />
              </properties>
              <output><![CDATA[✅ All required BT files exist
]]></output>
            </test-case>
            <test-case id="1082" name="ValidateTeamCoordinationSample" fullname="ArcBT.Tests.BTFileValidationTests.ValidateTeamCoordinationSample" methodname="ValidateTeamCoordinationSample" classname="ArcBT.Tests.BTFileValidationTests" runstate="Runnable" seed="1912445" result="Passed" start-time="2025-07-26 16:08:04Z" end-time="2025-07-26 16:08:04Z" duration="0.000799" asserts="0">
              <properties>
                <property name="Description" value="team_coordination_sample.btの詳細検証" />
                <property name="retryIteration" value="0" />
                <property name="repeatIteration" value="0" />
              </properties>
              <output><![CDATA[✅ team_coordination_sample.bt validation passed
]]></output>
            </test-case>
          </test-suite>
          <test-suite type="TestFixture" id="1087" name="BTLoggerPerformanceTests" fullname="ArcBT.Tests.BTLoggerPerformanceTests" classname="ArcBT.Tests.BTLoggerPerformanceTests" runstate="Runnable" testcasecount="7" result="Passed" start-time="2025-07-26 16:08:04Z" end-time="2025-07-26 16:08:06Z" duration="1.479076" total="7" passed="7" failed="0" inconclusive="0" skipped="0" asserts="0">
            <properties />
            <test-case id="1091" name="TestConcurrentAccess" fullname="ArcBT.Tests.BTLoggerPerformanceTests.TestConcurrentAccess" methodname="TestConcurrentAccess" classname="ArcBT.Tests.BTLoggerPerformanceTests" runstate="Runnable" seed="1126846087" result="Passed" start-time="2025-07-26 16:08:04Z" end-time="2025-07-26 16:08:05Z" duration="0.507023" asserts="0">
              <properties>
                <property name="_JOINTYPE" value="UnityCombinatorial" />
                <property name="retryIteration" value="0" />
                <property name="repeatIteration" value="0" />
              </properties>
              <output><![CDATA[[INF][SYS]: Task 0 - Message 0
[INF][SYS]: Task 0 - Message 1
[INF][SYS]: Task 0 - Message 2
[INF][SYS]: Task 0 - Message 3
[INF][SYS]: Task 0 - Message 4
[INF][SYS]: Task 0 - Message 5
[INF][SYS]: Task 0 - Message 6
[INF][SYS]: Task 0 - Message 7
[INF][SYS]: Task 0 - Message 8
[INF][SYS]: Task 0 - Message 9
[INF][SYS]: Task 0 - Message 10
[INF][SYS]: Task 0 - Message 11
[INF][SYS]: Task 0 - Message 12
[INF][SYS]: Task 0 - Message 13
[INF][SYS]: Task 0 - Message 14
[INF][SYS]: Task 0 - Message 15
[INF][SYS]: Task 0 - Message 16
[INF][SYS]: Task 0 - Message 17
[INF][SYS]: Task 0 - Message 18
[INF][SYS]: Task 0 - Message 19
[INF][SYS]: Task 0 - Message 20
[INF][SYS]: Task 0 - Message 21
[INF][SYS]: Task 0 - Message 22
[INF][SYS]: Task 0 - Message 23
[INF][SYS]: Task 0 - Message 24
[INF][SYS]: Task 0 - Message 25
[INF][SYS]: Task 0 - Message 26
[INF][SYS]: Task 0 - Message 27
[INF][SYS]: Task 0 - Message 28
[INF][SYS]: Task 0 - Message 29
[INF][SYS]: Task 0 - Message 30
[INF][SYS]: Task 0 - Message 31
[INF][SYS]: Task 0 - Message 32
[INF][SYS]: Task 0 - Message 33
[INF][SYS]: Task 0 - Message 34
[INF][SYS]: Task 0 - Message 35
[INF][SYS]: Task 0 - Message 36
[INF][SYS]: Task 0 - Message 37
[INF][SYS]: Task 0 - Message 38
[INF][SYS]: Task 0 - Message 39
[INF][SYS]: Task 0 - Message 40
[INF][SYS]: Task 0 - Message 41
[INF][SYS]: Task 0 - Message 42
[INF][SYS]: Task 0 - Message 43
[INF][SYS]: Task 0 - Message 44
[INF][SYS]: Task 0 - Message 45
[INF][SYS]: Task 0 - Message 46
[INF][SYS]: Task 0 - Message 47
[INF][SYS]: Task 0 - Message 48
[INF][SYS]: Task 0 - Message 49
[INF][SYS]: Task 0 - Message 50
[INF][SYS]: Task 0 - Message 51
[INF][SYS]: Task 0 - Message 52
[INF][SYS]: Task 0 - Message 53
[INF][SYS]: Task 0 - Message 54
[INF][SYS]: Task 0 - Message 55
[INF][SYS]: Task 0 - Message 56
[INF][SYS]: Task 0 - Message 57
[INF][SYS]: Task 0 - Message 58
[INF][SYS]: Task 0 - Message 59
[INF][SYS]: Task 0 - Message 60
[INF][SYS]: Task 0 - Message 61
[INF][SYS]: Task 0 - Message 62
[INF][SYS]: Task 0 - Message 63
[INF][SYS]: Task 0 - Message 64
[INF][SYS]: Task 0 - Message 65
[INF][SYS]: Task 0 - Message 66
[INF][SYS]: Task 0 - Message 67
[INF][SYS]: Task 0 - Message 68
[INF][SYS]: Task 0 - Message 69
[INF][SYS]: Task 0 - Message 70
[INF][SYS]: Task 0 - Message 71
[INF][SYS]: Task 0 - Message 72
[INF][SYS]: Task 0 - Message 73
[INF][SYS]: Task 0 - Message 74
[INF][SYS]: Task 0 - Message 75
[INF][SYS]: Task 0 - Message 76
[INF][SYS]: Task 0 - Message 77
[INF][SYS]: Task 0 - Message 78
[INF][SYS]: Task 0 - Message 79
[INF][SYS]: Task 0 - Message 80
[INF][SYS]: Task 0 - Message 81
[INF][SYS]: Task 0 - Message 82
[INF][SYS]: Task 0 - Message 83
[INF][SYS]: Task 0 - Message 84
[INF][SYS]: Task 0 - Message 85
[INF][SYS]: Task 0 - Message 86
[INF][SYS]: Task 0 - Message 87
[INF][SYS]: Task 0 - Message 88
[INF][SYS]: Task 0 - Message 89
[INF][SYS]: Task 0 - Message 90
[INF][SYS]: Task 0 - Message 91
[INF][SYS]: Task 0 - Message 92
[INF][SYS]: Task 0 - Message 93
[INF][SYS]: Task 0 - Message 94
[INF][SYS]: Task 0 - Message 95
[INF][SYS]: Task 0 - Message 96
[INF][SYS]: Task 0 - Message 97
[INF][SYS]: Task 0 - Message 98
[INF][SYS]: Task 0 - Message 99
[INF][SYS]: Task 1 - Message 0
[INF][SYS]: Task 1 - Message 1
[INF][SYS]: Task 1 - Message 2
[INF][SYS]: Task 1 - Message 3
[INF][SYS]: Task 1 - Message 4
[INF][SYS]: Task 1 - Message 5
[INF][SYS]: Task 1 - Message 6
[INF][SYS]: Task 1 - Message 7
[INF][SYS]: Task 1 - Message 8
[INF][SYS]: Task 1 - Message 9
[INF][SYS]: Task 1 - Message 10
[INF][SYS]: Task 1 - Message 11
[INF][SYS]: Task 1 - Message 12
[INF][SYS]: Task 1 - Message 13
[INF][SYS]: Task 1 - Message 14
[INF][SYS]: Task 1 - Message 15
[INF][SYS]: Task 1 - Message 16
[INF][SYS]: Task 1 - Message 17
[INF][SYS]: Task 1 - Message 18
[INF][SYS]: Task 1 - Message 19
[INF][SYS]: Task 1 - Message 20
[INF][SYS]: Task 1 - Message 21
[INF][SYS]: Task 1 - Message 22
[INF][SYS]: Task 1 - Message 23
[INF][SYS]: Task 1 - Message 24
[INF][SYS]: Task 1 - Message 25
[INF][SYS]: Task 1 - Message 26
[INF][SYS]: Task 1 - Message 27
[INF][SYS]: Task 1 - Message 28
[INF][SYS]: Task 1 - Message 29
[INF][SYS]: Task 1 - Message 30
[INF][SYS]: Task 1 - Message 31
[INF][SYS]: Task 1 - Message 32
[INF][SYS]: Task 1 - Message 33
[INF][SYS]: Task 1 - Message 34
[INF][SYS]: Task 1 - Message 35
[INF][SYS]: Task 1 - Message 36
[INF][SYS]: Task 1 - Message 37
[INF][SYS]: Task 1 - Message 38
[INF][SYS]: Task 1 - Message 39
[INF][SYS]: Task 1 - Message 40
[INF][SYS]: Task 1 - Message 41
[INF][SYS]: Task 1 - Message 42
[INF][SYS]: Task 1 - Message 43
[INF][SYS]: Task 1 - Message 44
[INF][SYS]: Task 1 - Message 45
[INF][SYS]: Task 1 - Message 46
[INF][SYS]: Task 1 - Message 47
[INF][SYS]: Task 1 - Message 48
[INF][SYS]: Task 1 - Message 49
[INF][SYS]: Task 1 - Message 50
[INF][SYS]: Task 1 - Message 51
[INF][SYS]: Task 1 - Message 52
[INF][SYS]: Task 1 - Message 53
[INF][SYS]: Task 1 - Message 54
[INF][SYS]: Task 1 - Message 55
[INF][SYS]: Task 1 - Message 56
[INF][SYS]: Task 1 - Message 57
[INF][SYS]: Task 1 - Message 58
[INF][SYS]: Task 1 - Message 59
[INF][SYS]: Task 1 - Message 60
[INF][SYS]: Task 1 - Message 61
[INF][SYS]: Task 1 - Message 62
[INF][SYS]: Task 1 - Message 63
[INF][SYS]: Task 1 - Message 64
[INF][SYS]: Task 1 - Message 65
[INF][SYS]: Task 1 - Message 66
[INF][SYS]: Task 1 - Message 67
[INF][SYS]: Task 1 - Message 68
[INF][SYS]: Task 1 - Message 69
[INF][SYS]: Task 1 - Message 70
[INF][SYS]: Task 1 - Message 71
[INF][SYS]: Task 1 - Message 72
[INF][SYS]: Task 1 - Message 73
[INF][SYS]: Task 1 - Message 74
[INF][SYS]: Task 1 - Message 75
[INF][SYS]: Task 1 - Message 76
[INF][SYS]: Task 1 - Message 77
[INF][SYS]: Task 1 - Message 78
[INF][SYS]: Task 1 - Message 79
[INF][SYS]: Task 1 - Message 80
[INF][SYS]: Task 1 - Message 81
[INF][SYS]: Task 1 - Message 82
[INF][SYS]: Task 1 - Message 83
[INF][SYS]: Task 1 - Message 84
[INF][SYS]: Task 1 - Message 85
[INF][SYS]: Task 1 - Message 86
[INF][SYS]: Task 1 - Message 87
[INF][SYS]: Task 1 - Message 88
[INF][SYS]: Task 1 - Message 89
[INF][SYS]: Task 1 - Message 90
[INF][SYS]: Task 1 - Message 91
[INF][SYS]: Task 1 - Message 92
[INF][SYS]: Task 1 - Message 93
[INF][SYS]: Task 1 - Message 94
[INF][SYS]: Task 1 - Message 95
[INF][SYS]: Task 1 - Message 96
[INF][SYS]: Task 1 - Message 97
[INF][SYS]: Task 1 - Message 98
[INF][SYS]: Task 1 - Message 99
[INF][SYS]: Task 2 - Message 0
[INF][SYS]: Task 2 - Message 1
[INF][SYS]: Task 2 - Message 2
[INF][SYS]: Task 2 - Message 3
[INF][SYS]: Task 2 - Message 4
[INF][SYS]: Task 2 - Message 5
[INF][SYS]: Task 2 - Message 6
[INF][SYS]: Task 2 - Message 7
[INF][SYS]: Task 2 - Message 8
[INF][SYS]: Task 2 - Message 9
[INF][SYS]: Task 2 - Message 10
[INF][SYS]: Task 2 - Message 11
[INF][SYS]: Task 2 - Message 12
[INF][SYS]: Task 2 - Message 13
[INF][SYS]: Task 2 - Message 14
[INF][SYS]: Task 2 - Message 15
[INF][SYS]: Task 2 - Message 16
[INF][SYS]: Task 2 - Message 17
[INF][SYS]: Task 2 - Message 18
[INF][SYS]: Task 2 - Message 19
[INF][SYS]: Task 2 - Message 20
[INF][SYS]: Task 2 - Message 21
[INF][SYS]: Task 2 - Message 22
[INF][SYS]: Task 2 - Message 23
[INF][SYS]: Task 2 - Message 24
[INF][SYS]: Task 2 - Message 25
[INF][SYS]: Task 2 - Message 26
[INF][SYS]: Task 2 - Message 27
[INF][SYS]: Task 2 - Message 28
[INF][SYS]: Task 2 - Message 29
[INF][SYS]: Task 2 - Message 30
[INF][SYS]: Task 2 - Message 31
[INF][SYS]: Task 2 - Message 32
[INF][SYS]: Task 2 - Message 33
[INF][SYS]: Task 2 - Message 34
[INF][SYS]: Task 2 - Message 35
[INF][SYS]: Task 2 - Message 36
[INF][SYS]: Task 2 - Message 37
[INF][SYS]: Task 2 - Message 38
[INF][SYS]: Task 2 - Message 39
[INF][SYS]: Task 2 - Message 40
[INF][SYS]: Task 2 - Message 41
[INF][SYS]: Task 2 - Message 42
[INF][SYS]: Task 2 - Message 43
[INF][SYS]: Task 2 - Message 44
[INF][SYS]: Task 2 - Message 45
[INF][SYS]: Task 2 - Message 46
[INF][SYS]: Task 2 - Message 47
[INF][SYS]: Task 2 - Message 48
[INF][SYS]: Task 2 - Message 49
[INF][SYS]: Task 2 - Message 50
[INF][SYS]: Task 2 - Message 51
[INF][SYS]: Task 2 - Message 52
[INF][SYS]: Task 2 - Message 53
[INF][SYS]: Task 2 - Message 54
[INF][SYS]: Task 2 - Message 55
[INF][SYS]: Task 2 - Message 56
[INF][SYS]: Task 2 - Message 57
[INF][SYS]: Task 2 - Message 58
[INF][SYS]: Task 2 - Message 59
[INF][SYS]: Task 2 - Message 60
[INF][SYS]: Task 2 - Message 61
[INF][SYS]: Task 2 - Message 62
[INF][SYS]: Task 2 - Message 63
[INF][SYS]: Task 2 - Message 64
[INF][SYS]: Task 2 - Message 65
[INF][SYS]: Task 2 - Message 66
[INF][SYS]: Task 2 - Message 67
[INF][SYS]: Task 2 - Message 68
[INF][SYS]: Task 2 - Message 69
[INF][SYS]: Task 2 - Message 70
[INF][SYS]: Task 2 - Message 71
[INF][SYS]: Task 2 - Message 72
[INF][SYS]: Task 2 - Message 73
[INF][SYS]: Task 2 - Message 74
[INF][SYS]: Task 2 - Message 75
[INF][SYS]: Task 2 - Message 76
[INF][SYS]: Task 2 - Message 77
[INF][SYS]: Task 2 - Message 78
[INF][SYS]: Task 2 - Message 79
[INF][SYS]: Task 2 - Message 80
[INF][SYS]: Task 2 - Message 81
[INF][SYS]: Task 2 - Message 82
[INF][SYS]: Task 2 - Message 83
[INF][SYS]: Task 2 - Message 84
[INF][SYS]: Task 2 - Message 85
[INF][SYS]: Task 2 - Message 86
[INF][SYS]: Task 2 - Message 87
[INF][SYS]: Task 2 - Message 88
[INF][SYS]: Task 2 - Message 89
[INF][SYS]: Task 2 - Message 90
[INF][SYS]: Task 2 - Message 91
[INF][SYS]: Task 2 - Message 92
[INF][SYS]: Task 2 - Message 93
[INF][SYS]: Task 2 - Message 94
[INF][SYS]: Task 2 - Message 95
[INF][SYS]: Task 2 - Message 96
[INF][SYS]: Task 2 - Message 97
[INF][SYS]: Task 2 - Message 98
[INF][SYS]: Task 2 - Message 99
[INF][SYS]: Task 3 - Message 0
[INF][SYS]: Task 3 - Message 1
[INF][SYS]: Task 3 - Message 2
[INF][SYS]: Task 3 - Message 3
[INF][SYS]: Task 3 - Message 4
[INF][SYS]: Task 3 - Message 5
[INF][SYS]: Task 3 - Message 6
[INF][SYS]: Task 3 - Message 7
[INF][SYS]: Task 3 - Message 8
[INF][SYS]: Task 3 - Message 9
[INF][SYS]: Task 3 - Message 10
[INF][SYS]: Task 3 - Message 11
[INF][SYS]: Task 3 - Message 12
[INF][SYS]: Task 3 - Message 13
[INF][SYS]: Task 3 - Message 14
[INF][SYS]: Task 3 - Message 15
[INF][SYS]: Task 3 - Message 16
[INF][SYS]: Task 3 - Message 17
[INF][SYS]: Task 3 - Message 18
[INF][SYS]: Task 3 - Message 19
[INF][SYS]: Task 3 - Message 20
[INF][SYS]: Task 3 - Message 21
[INF][SYS]: Task 3 - Message 22
[INF][SYS]: Task 3 - Message 23
[INF][SYS]: Task 3 - Message 24
[INF][SYS]: Task 3 - Message 25
[INF][SYS]: Task 3 - Message 26
[INF][SYS]: Task 3 - Message 27
[INF][SYS]: Task 3 - Message 28
[INF][SYS]: Task 3 - Message 29
[INF][SYS]: Task 3 - Message 30
[INF][SYS]: Task 3 - Message 31
[INF][SYS]: Task 3 - Message 32
[INF][SYS]: Task 3 - Message 33
[INF][SYS]: Task 3 - Message 34
[INF][SYS]: Task 3 - Message 35
[INF][SYS]: Task 3 - Message 36
[INF][SYS]: Task 3 - Message 37
[INF][SYS]: Task 3 - Message 38
[INF][SYS]: Task 3 - Message 39
[INF][SYS]: Task 3 - Message 40
[INF][SYS]: Task 3 - Message 41
[INF][SYS]: Task 3 - Message 42
[INF][SYS]: Task 3 - Message 43
[INF][SYS]: Task 3 - Message 44
[INF][SYS]: Task 3 - Message 45
[INF][SYS]: Task 3 - Message 46
[INF][SYS]: Task 3 - Message 47
[INF][SYS]: Task 3 - Message 48
[INF][SYS]: Task 3 - Message 49
[INF][SYS]: Task 3 - Message 50
[INF][SYS]: Task 3 - Message 51
[INF][SYS]: Task 3 - Message 52
[INF][SYS]: Task 3 - Message 53
[INF][SYS]: Task 3 - Message 54
[INF][SYS]: Task 3 - Message 55
[INF][SYS]: Task 3 - Message 56
[INF][SYS]: Task 3 - Message 57
[INF][SYS]: Task 3 - Message 58
[INF][SYS]: Task 3 - Message 59
[INF][SYS]: Task 3 - Message 60
[INF][SYS]: Task 3 - Message 61
[INF][SYS]: Task 3 - Message 62
[INF][SYS]: Task 3 - Message 63
[INF][SYS]: Task 3 - Message 64
[INF][SYS]: Task 3 - Message 65
[INF][SYS]: Task 3 - Message 66
[INF][SYS]: Task 3 - Message 67
[INF][SYS]: Task 3 - Message 68
[INF][SYS]: Task 3 - Message 69
[INF][SYS]: Task 3 - Message 70
[INF][SYS]: Task 3 - Message 71
[INF][SYS]: Task 3 - Message 72
[INF][SYS]: Task 3 - Message 73
[INF][SYS]: Task 3 - Message 74
[INF][SYS]: Task 3 - Message 75
[INF][SYS]: Task 3 - Message 76
[INF][SYS]: Task 3 - Message 77
[INF][SYS]: Task 3 - Message 78
[INF][SYS]: Task 3 - Message 79
[INF][SYS]: Task 3 - Message 80
[INF][SYS]: Task 3 - Message 81
[INF][SYS]: Task 3 - Message 82
[INF][SYS]: Task 3 - Message 83
[INF][SYS]: Task 3 - Message 84
[INF][SYS]: Task 3 - Message 85
[INF][SYS]: Task 3 - Message 86
[INF][SYS]: Task 3 - Message 87
[INF][SYS]: Task 3 - Message 88
[INF][SYS]: Task 3 - Message 89
[INF][SYS]: Task 3 - Message 90
[INF][SYS]: Task 3 - Message 91
[INF][SYS]: Task 3 - Message 92
[INF][SYS]: Task 3 - Message 93
[INF][SYS]: Task 3 - Message 94
[INF][SYS]: Task 3 - Message 95
[INF][SYS]: Task 3 - Message 96
[INF][SYS]: Task 3 - Message 97
[INF][SYS]: Task 3 - Message 98
[INF][SYS]: Task 3 - Message 99
[INF][SYS]: Task 4 - Message 0
[INF][SYS]: Task 4 - Message 1
[INF][SYS]: Task 4 - Message 2
[INF][SYS]: Task 4 - Message 3
[INF][SYS]: Task 4 - Message 4
[INF][SYS]: Task 4 - Message 5
[INF][SYS]: Task 4 - Message 6
[INF][SYS]: Task 4 - Message 7
[INF][SYS]: Task 4 - Message 8
[INF][SYS]: Task 4 - Message 9
[INF][SYS]: Task 4 - Message 10
[INF][SYS]: Task 4 - Message 11
[INF][SYS]: Task 4 - Message 12
[INF][SYS]: Task 4 - Message 13
[INF][SYS]: Task 4 - Message 14
[INF][SYS]: Task 4 - Message 15
[INF][SYS]: Task 4 - Message 16
[INF][SYS]: Task 4 - Message 17
[INF][SYS]: Task 4 - Message 18
[INF][SYS]: Task 4 - Message 19
[INF][SYS]: Task 4 - Message 20
[INF][SYS]: Task 4 - Message 21
[INF][SYS]: Task 4 - Message 22
[INF][SYS]: Task 4 - Message 23
[INF][SYS]: Task 4 - Message 24
[INF][SYS]: Task 4 - Message 25
[INF][SYS]: Task 4 - Message 26
[INF][SYS]: Task 4 - Message 27
[INF][SYS]: Task 4 - Message 28
[INF][SYS]: Task 4 - Message 29
[INF][SYS]: Task 4 - Message 30
[INF][SYS]: Task 4 - Message 31
[INF][SYS]: Task 4 - Message 32
[INF][SYS]: Task 4 - Message 33
[INF][SYS]: Task 4 - Message 34
[INF][SYS]: Task 4 - Message 35
[INF][SYS]: Task 4 - Message 36
[INF][SYS]: Task 4 - Message 37
[INF][SYS]: Task 4 - Message 38
[INF][SYS]: Task 4 - Message 39
[INF][SYS]: Task 4 - Message 40
[INF][SYS]: Task 4 - Message 41
[INF][SYS]: Task 4 - Message 42
[INF][SYS]: Task 4 - Message 43
[INF][SYS]: Task 4 - Message 44
[INF][SYS]: Task 4 - Message 45
[INF][SYS]: Task 4 - Message 46
[INF][SYS]: Task 4 - Message 47
[INF][SYS]: Task 4 - Message 48
[INF][SYS]: Task 4 - Message 49
[INF][SYS]: Task 4 - Message 50
[INF][SYS]: Task 4 - Message 51
[INF][SYS]: Task 4 - Message 52
[INF][SYS]: Task 4 - Message 53
[INF][SYS]: Task 4 - Message 54
[INF][SYS]: Task 4 - Message 55
[INF][SYS]: Task 4 - Message 56
[INF][SYS]: Task 4 - Message 57
[INF][SYS]: Task 4 - Message 58
[INF][SYS]: Task 4 - Message 59
[INF][SYS]: Task 4 - Message 60
[INF][SYS]: Task 4 - Message 61
[INF][SYS]: Task 4 - Message 62
[INF][SYS]: Task 4 - Message 63
[INF][SYS]: Task 4 - Message 64
[INF][SYS]: Task 4 - Message 65
[INF][SYS]: Task 4 - Message 66
[INF][SYS]: Task 4 - Message 67
[INF][SYS]: Task 4 - Message 68
[INF][SYS]: Task 4 - Message 69
[INF][SYS]: Task 4 - Message 70
[INF][SYS]: Task 4 - Message 71
[INF][SYS]: Task 4 - Message 72
[INF][SYS]: Task 4 - Message 73
[INF][SYS]: Task 4 - Message 74
[INF][SYS]: Task 4 - Message 75
[INF][SYS]: Task 4 - Message 76
[INF][SYS]: Task 4 - Message 77
[INF][SYS]: Task 4 - Message 78
[INF][SYS]: Task 4 - Message 79
[INF][SYS]: Task 4 - Message 80
[INF][SYS]: Task 4 - Message 81
[INF][SYS]: Task 4 - Message 82
[INF][SYS]: Task 4 - Message 83
[INF][SYS]: Task 4 - Message 84
[INF][SYS]: Task 4 - Message 85
[INF][SYS]: Task 4 - Message 86
[INF][SYS]: Task 4 - Message 87
[INF][SYS]: Task 4 - Message 88
[INF][SYS]: Task 4 - Message 89
[INF][SYS]: Task 4 - Message 90
[INF][SYS]: Task 4 - Message 91
[INF][SYS]: Task 4 - Message 92
[INF][SYS]: Task 4 - Message 93
[INF][SYS]: Task 4 - Message 94
[INF][SYS]: Task 4 - Message 95
[INF][SYS]: Task 4 - Message 96
[INF][SYS]: Task 4 - Message 97
[INF][SYS]: Task 4 - Message 98
[INF][SYS]: Task 4 - Message 99
]]></output>
            </test-case>
            <test-case id="1089" name="TestFilteringPerformance" fullname="ArcBT.Tests.BTLoggerPerformanceTests.TestFilteringPerformance" methodname="TestFilteringPerformance" classname="ArcBT.Tests.BTLoggerPerformanceTests" runstate="Runnable" seed="302135985" result="Passed" start-time="2025-07-26 16:08:05Z" end-time="2025-07-26 16:08:05Z" duration="0.001158" asserts="0">
              <properties>
                <property name="retryIteration" value="0" />
                <property name="repeatIteration" value="0" />
              </properties>
            </test-case>
            <test-case id="1088" name="TestHighVolumeLoggingPerformance" fullname="ArcBT.Tests.BTLoggerPerformanceTests.TestHighVolumeLoggingPerformance" methodname="TestHighVolumeLoggingPerformance" classname="ArcBT.Tests.BTLoggerPerformanceTests" runstate="Runnable" seed="249661154" result="Passed" start-time="2025-07-26 16:08:05Z" end-time="2025-07-26 16:08:05Z" duration="0.025091" asserts="0">
              <properties>
                <property name="retryIteration" value="0" />
                <property name="repeatIteration" value="0" />
              </properties>
              <output><![CDATA[[INF][SYS]: Performance test message 0
[INF][SYS]: Performance test message 1
[INF][SYS]: Performance test message 2
[INF][SYS]: Performance test message 3
[INF][SYS]: Performance test message 4
[INF][SYS]: Performance test message 5
[INF][SYS]: Performance test message 6
[INF][SYS]: Performance test message 7
[INF][SYS]: Performance test message 8
[INF][SYS]: Performance test message 9
[INF][SYS]: Performance test message 10
[INF][SYS]: Performance test message 11
[INF][SYS]: Performance test message 12
[INF][SYS]: Performance test message 13
[INF][SYS]: Performance test message 14
[INF][SYS]: Performance test message 15
[INF][SYS]: Performance test message 16
[INF][SYS]: Performance test message 17
[INF][SYS]: Performance test message 18
[INF][SYS]: Performance test message 19
[INF][SYS]: Performance test message 20
[INF][SYS]: Performance test message 21
[INF][SYS]: Performance test message 22
[INF][SYS]: Performance test message 23
[INF][SYS]: Performance test message 24
[INF][SYS]: Performance test message 25
[INF][SYS]: Performance test message 26
[INF][SYS]: Performance test message 27
[INF][SYS]: Performance test message 28
[INF][SYS]: Performance test message 29
[INF][SYS]: Performance test message 30
[INF][SYS]: Performance test message 31
[INF][SYS]: Performance test message 32
[INF][SYS]: Performance test message 33
[INF][SYS]: Performance test message 34
[INF][SYS]: Performance test message 35
[INF][SYS]: Performance test message 36
[INF][SYS]: Performance test message 37
[INF][SYS]: Performance test message 38
[INF][SYS]: Performance test message 39
[INF][SYS]: Performance test message 40
[INF][SYS]: Performance test message 41
[INF][SYS]: Performance test message 42
[INF][SYS]: Performance test message 43
[INF][SYS]: Performance test message 44
[INF][SYS]: Performance test message 45
[INF][SYS]: Performance test message 46
[INF][SYS]: Performance test message 47
[INF][SYS]: Performance test message 48
[INF][SYS]: Performance test message 49
[INF][SYS]: Performance test message 50
[INF][SYS]: Performance test message 51
[INF][SYS]: Performance test message 52
[INF][SYS]: Performance test message 53
[INF][SYS]: Performance test message 54
[INF][SYS]: Performance test message 55
[INF][SYS]: Performance test message 56
[INF][SYS]: Performance test message 57
[INF][SYS]: Performance test message 58
[INF][SYS]: Performance test message 59
[INF][SYS]: Performance test message 60
[INF][SYS]: Performance test message 61
[INF][SYS]: Performance test message 62
[INF][SYS]: Performance test message 63
[INF][SYS]: Performance test message 64
[INF][SYS]: Performance test message 65
[INF][SYS]: Performance test message 66
[INF][SYS]: Performance test message 67
[INF][SYS]: Performance test message 68
[INF][SYS]: Performance test message 69
[INF][SYS]: Performance test message 70
[INF][SYS]: Performance test message 71
[INF][SYS]: Performance test message 72
[INF][SYS]: Performance test message 73
[INF][SYS]: Performance test message 74
[INF][SYS]: Performance test message 75
[INF][SYS]: Performance test message 76
[INF][SYS]: Performance test message 77
[INF][SYS]: Performance test message 78
[INF][SYS]: Performance test message 79
[INF][SYS]: Performance test message 80
[INF][SYS]: Performance test message 81
[INF][SYS]: Performance test message 82
[INF][SYS]: Performance test message 83
[INF][SYS]: Performance test message 84
[INF][SYS]: Performance test message 85
[INF][SYS]: Performance test message 86
[INF][SYS]: Performance test message 87
[INF][SYS]: Performance test message 88
[INF][SYS]: Performance test message 89
[INF][SYS]: Performance test message 90
[INF][SYS]: Performance test message 91
[INF][SYS]: Performance test message 92
[INF][SYS]: Performance test message 93
[INF][SYS]: Performance test message 94
[INF][SYS]: Performance test message 95
[INF][SYS]: Performance test message 96
[INF][SYS]: Performance test message 97
[INF][SYS]: Performance test message 98
[INF][SYS]: Performance test message 99
[INF][SYS]: Performance test message 100
[INF][SYS]: Performance test message 101
[INF][SYS]: Performance test message 102
[INF][SYS]: Performance test message 103
[INF][SYS]: Performance test message 104
[INF][SYS]: Performance test message 105
[INF][SYS]: Performance test message 106
[INF][SYS]: Performance test message 107
[INF][SYS]: Performance test message 108
[INF][SYS]: Performance test message 109
[INF][SYS]: Performance test message 110
[INF][SYS]: Performance test message 111
[INF][SYS]: Performance test message 112
[INF][SYS]: Performance test message 113
[INF][SYS]: Performance test message 114
[INF][SYS]: Performance test message 115
[INF][SYS]: Performance test message 116
[INF][SYS]: Performance test message 117
[INF][SYS]: Performance test message 118
[INF][SYS]: Performance test message 119
[INF][SYS]: Performance test message 120
[INF][SYS]: Performance test message 121
[INF][SYS]: Performance test message 122
[INF][SYS]: Performance test message 123
[INF][SYS]: Performance test message 124
[INF][SYS]: Performance test message 125
[INF][SYS]: Performance test message 126
[INF][SYS]: Performance test message 127
[INF][SYS]: Performance test message 128
[INF][SYS]: Performance test message 129
[INF][SYS]: Performance test message 130
[INF][SYS]: Performance test message 131
[INF][SYS]: Performance test message 132
[INF][SYS]: Performance test message 133
[INF][SYS]: Performance test message 134
[INF][SYS]: Performance test message 135
[INF][SYS]: Performance test message 136
[INF][SYS]: Performance test message 137
[INF][SYS]: Performance test message 138
[INF][SYS]: Performance test message 139
[INF][SYS]: Performance test message 140
[INF][SYS]: Performance test message 141
[INF][SYS]: Performance test message 142
[INF][SYS]: Performance test message 143
[INF][SYS]: Performance test message 144
[INF][SYS]: Performance test message 145
[INF][SYS]: Performance test message 146
[INF][SYS]: Performance test message 147
[INF][SYS]: Performance test message 148
[INF][SYS]: Performance test message 149
[INF][SYS]: Performance test message 150
[INF][SYS]: Performance test message 151
[INF][SYS]: Performance test message 152
[INF][SYS]: Performance test message 153
[INF][SYS]: Performance test message 154
[INF][SYS]: Performance test message 155
[INF][SYS]: Performance test message 156
[INF][SYS]: Performance test message 157
[INF][SYS]: Performance test message 158
[INF][SYS]: Performance test message 159
[INF][SYS]: Performance test message 160
[INF][SYS]: Performance test message 161
[INF][SYS]: Performance test message 162
[INF][SYS]: Performance test message 163
[INF][SYS]: Performance test message 164
[INF][SYS]: Performance test message 165
[INF][SYS]: Performance test message 166
[INF][SYS]: Performance test message 167
[INF][SYS]: Performance test message 168
[INF][SYS]: Performance test message 169
[INF][SYS]: Performance test message 170
[INF][SYS]: Performance test message 171
[INF][SYS]: Performance test message 172
[INF][SYS]: Performance test message 173
[INF][SYS]: Performance test message 174
[INF][SYS]: Performance test message 175
[INF][SYS]: Performance test message 176
[INF][SYS]: Performance test message 177
[INF][SYS]: Performance test message 178
[INF][SYS]: Performance test message 179
[INF][SYS]: Performance test message 180
[INF][SYS]: Performance test message 181
[INF][SYS]: Performance test message 182
[INF][SYS]: Performance test message 183
[INF][SYS]: Performance test message 184
[INF][SYS]: Performance test message 185
[INF][SYS]: Performance test message 186
[INF][SYS]: Performance test message 187
[INF][SYS]: Performance test message 188
[INF][SYS]: Performance test message 189
[INF][SYS]: Performance test message 190
[INF][SYS]: Performance test message 191
[INF][SYS]: Performance test message 192
[INF][SYS]: Performance test message 193
[INF][SYS]: Performance test message 194
[INF][SYS]: Performance test message 195
[INF][SYS]: Performance test message 196
[INF][SYS]: Performance test message 197
[INF][SYS]: Performance test message 198
[INF][SYS]: Performance test message 199
[INF][SYS]: Performance test message 200
[INF][SYS]: Performance test message 201
[INF][SYS]: Performance test message 202
[INF][SYS]: Performance test message 203
[INF][SYS]: Performance test message 204
[INF][SYS]: Performance test message 205
[INF][SYS]: Performance test message 206
[INF][SYS]: Performance test message 207
[INF][SYS]: Performance test message 208
[INF][SYS]: Performance test message 209
[INF][SYS]: Performance test message 210
[INF][SYS]: Performance test message 211
[INF][SYS]: Performance test message 212
[INF][SYS]: Performance test message 213
[INF][SYS]: Performance test message 214
[INF][SYS]: Performance test message 215
[INF][SYS]: Performance test message 216
[INF][SYS]: Performance test message 217
[INF][SYS]: Performance test message 218
[INF][SYS]: Performance test message 219
[INF][SYS]: Performance test message 220
[INF][SYS]: Performance test message 221
[INF][SYS]: Performance test message 222
[INF][SYS]: Performance test message 223
[INF][SYS]: Performance test message 224
[INF][SYS]: Performance test message 225
[INF][SYS]: Performance test message 226
[INF][SYS]: Performance test message 227
[INF][SYS]: Performance test message 228
[INF][SYS]: Performance test message 229
[INF][SYS]: Performance test message 230
[INF][SYS]: Performance test message 231
[INF][SYS]: Performance test message 232
[INF][SYS]: Performance test message 233
[INF][SYS]: Performance test message 234
[INF][SYS]: Performance test message 235
[INF][SYS]: Performance test message 236
[INF][SYS]: Performance test message 237
[INF][SYS]: Performance test message 238
[INF][SYS]: Performance test message 239
[INF][SYS]: Performance test message 240
[INF][SYS]: Performance test message 241
[INF][SYS]: Performance test message 242
[INF][SYS]: Performance test message 243
[INF][SYS]: Performance test message 244
[INF][SYS]: Performance test message 245
[INF][SYS]: Performance test message 246
[INF][SYS]: Performance test message 247
[INF][SYS]: Performance test message 248
[INF][SYS]: Performance test message 249
[INF][SYS]: Performance test message 250
[INF][SYS]: Performance test message 251
[INF][SYS]: Performance test message 252
[INF][SYS]: Performance test message 253
[INF][SYS]: Performance test message 254
[INF][SYS]: Performance test message 255
[INF][SYS]: Performance test message 256
[INF][SYS]: Performance test message 257
[INF][SYS]: Performance test message 258
[INF][SYS]: Performance test message 259
[INF][SYS]: Performance test message 260
[INF][SYS]: Performance test message 261
[INF][SYS]: Performance test message 262
[INF][SYS]: Performance test message 263
[INF][SYS]: Performance test message 264
[INF][SYS]: Performance test message 265
[INF][SYS]: Performance test message 266
[INF][SYS]: Performance test message 267
[INF][SYS]: Performance test message 268
[INF][SYS]: Performance test message 269
[INF][SYS]: Performance test message 270
[INF][SYS]: Performance test message 271
[INF][SYS]: Performance test message 272
[INF][SYS]: Performance test message 273
[INF][SYS]: Performance test message 274
[INF][SYS]: Performance test message 275
[INF][SYS]: Performance test message 276
[INF][SYS]: Performance test message 277
[INF][SYS]: Performance test message 278
[INF][SYS]: Performance test message 279
[INF][SYS]: Performance test message 280
[INF][SYS]: Performance test message 281
[INF][SYS]: Performance test message 282
[INF][SYS]: Performance test message 283
[INF][SYS]: Performance test message 284
[INF][SYS]: Performance test message 285
[INF][SYS]: Performance test message 286
[INF][SYS]: Performance test message 287
[INF][SYS]: Performance test message 288
[INF][SYS]: Performance test message 289
[INF][SYS]: Performance test message 290
[INF][SYS]: Performance test message 291
[INF][SYS]: Performance test message 292
[INF][SYS]: Performance test message 293
[INF][SYS]: Performance test message 294
[INF][SYS]: Performance test message 295
[INF][SYS]: Performance test message 296
[INF][SYS]: Performance test message 297
[INF][SYS]: Performance test message 298
[INF][SYS]: Performance test message 299
[INF][SYS]: Performance test message 300
[INF][SYS]: Performance test message 301
[INF][SYS]: Performance test message 302
[INF][SYS]: Performance test message 303
[INF][SYS]: Performance test message 304
[INF][SYS]: Performance test message 305
[INF][SYS]: Performance test message 306
[INF][SYS]: Performance test message 307
[INF][SYS]: Performance test message 308
[INF][SYS]: Performance test message 309
[INF][SYS]: Performance test message 310
[INF][SYS]: Performance test message 311
[INF][SYS]: Performance test message 312
[INF][SYS]: Performance test message 313
[INF][SYS]: Performance test message 314
[INF][SYS]: Performance test message 315
[INF][SYS]: Performance test message 316
[INF][SYS]: Performance test message 317
[INF][SYS]: Performance test message 318
[INF][SYS]: Performance test message 319
[INF][SYS]: Performance test message 320
[INF][SYS]: Performance test message 321
[INF][SYS]: Performance test message 322
[INF][SYS]: Performance test message 323
[INF][SYS]: Performance test message 324
[INF][SYS]: Performance test message 325
[INF][SYS]: Performance test message 326
[INF][SYS]: Performance test message 327
[INF][SYS]: Performance test message 328
[INF][SYS]: Performance test message 329
[INF][SYS]: Performance test message 330
[INF][SYS]: Performance test message 331
[INF][SYS]: Performance test message 332
[INF][SYS]: Performance test message 333
[INF][SYS]: Performance test message 334
[INF][SYS]: Performance test message 335
[INF][SYS]: Performance test message 336
[INF][SYS]: Performance test message 337
[INF][SYS]: Performance test message 338
[INF][SYS]: Performance test message 339
[INF][SYS]: Performance test message 340
[INF][SYS]: Performance test message 341
[INF][SYS]: Performance test message 342
[INF][SYS]: Performance test message 343
[INF][SYS]: Performance test message 344
[INF][SYS]: Performance test message 345
[INF][SYS]: Performance test message 346
[INF][SYS]: Performance test message 347
[INF][SYS]: Performance test message 348
[INF][SYS]: Performance test message 349
[INF][SYS]: Performance test message 350
[INF][SYS]: Performance test message 351
[INF][SYS]: Performance test message 352
[INF][SYS]: Performance test message 353
[INF][SYS]: Performance test message 354
[INF][SYS]: Performance test message 355
[INF][SYS]: Performance test message 356
[INF][SYS]: Performance test message 357
[INF][SYS]: Performance test message 358
[INF][SYS]: Performance test message 359
[INF][SYS]: Performance test message 360
[INF][SYS]: Performance test message 361
[INF][SYS]: Performance test message 362
[INF][SYS]: Performance test message 363
[INF][SYS]: Performance test message 364
[INF][SYS]: Performance test message 365
[INF][SYS]: Performance test message 366
[INF][SYS]: Performance test message 367
[INF][SYS]: Performance test message 368
[INF][SYS]: Performance test message 369
[INF][SYS]: Performance test message 370
[INF][SYS]: Performance test message 371
[INF][SYS]: Performance test message 372
[INF][SYS]: Performance test message 373
[INF][SYS]: Performance test message 374
[INF][SYS]: Performance test message 375
[INF][SYS]: Performance test message 376
[INF][SYS]: Performance test message 377
[INF][SYS]: Performance test message 378
[INF][SYS]: Performance test message 379
[INF][SYS]: Performance test message 380
[INF][SYS]: Performance test message 381
[INF][SYS]: Performance test message 382
[INF][SYS]: Performance test message 383
[INF][SYS]: Performance test message 384
[INF][SYS]: Performance test message 385
[INF][SYS]: Performance test message 386
[INF][SYS]: Performance test message 387
[INF][SYS]: Performance test message 388
[INF][SYS]: Performance test message 389
[INF][SYS]: Performance test message 390
[INF][SYS]: Performance test message 391
[INF][SYS]: Performance test message 392
[INF][SYS]: Performance test message 393
[INF][SYS]: Performance test message 394
[INF][SYS]: Performance test message 395
[INF][SYS]: Performance test message 396
[INF][SYS]: Performance test message 397
[INF][SYS]: Performance test message 398
[INF][SYS]: Performance test message 399
[INF][SYS]: Performance test message 400
[INF][SYS]: Performance test message 401
[INF][SYS]: Performance test message 402
[INF][SYS]: Performance test message 403
[INF][SYS]: Performance test message 404
[INF][SYS]: Performance test message 405
[INF][SYS]: Performance test message 406
[INF][SYS]: Performance test message 407
[INF][SYS]: Performance test message 408
[INF][SYS]: Performance test message 409
[INF][SYS]: Performance test message 410
[INF][SYS]: Performance test message 411
[INF][SYS]: Performance test message 412
[INF][SYS]: Performance test message 413
[INF][SYS]: Performance test message 414
[INF][SYS]: Performance test message 415
[INF][SYS]: Performance test message 416
[INF][SYS]: Performance test message 417
[INF][SYS]: Performance test message 418
[INF][SYS]: Performance test message 419
[INF][SYS]: Performance test message 420
[INF][SYS]: Performance test message 421
[INF][SYS]: Performance test message 422
[INF][SYS]: Performance test message 423
[INF][SYS]: Performance test message 424
[INF][SYS]: Performance test message 425
[INF][SYS]: Performance test message 426
[INF][SYS]: Performance test message 427
[INF][SYS]: Performance test message 428
[INF][SYS]: Performance test message 429
[INF][SYS]: Performance test message 430
[INF][SYS]: Performance test message 431
[INF][SYS]: Performance test message 432
[INF][SYS]: Performance test message 433
[INF][SYS]: Performance test message 434
[INF][SYS]: Performance test message 435
[INF][SYS]: Performance test message 436
[INF][SYS]: Performance test message 437
[INF][SYS]: Performance test message 438
[INF][SYS]: Performance test message 439
[INF][SYS]: Performance test message 440
[INF][SYS]: Performance test message 441
[INF][SYS]: Performance test message 442
[INF][SYS]: Performance test message 443
[INF][SYS]: Performance test message 444
[INF][SYS]: Performance test message 445
[INF][SYS]: Performance test message 446
[INF][SYS]: Performance test message 447
[INF][SYS]: Performance test message 448
[INF][SYS]: Performance test message 449
[INF][SYS]: Performance test message 450
[INF][SYS]: Performance test message 451
[INF][SYS]: Performance test message 452
[INF][SYS]: Performance test message 453
[INF][SYS]: Performance test message 454
[INF][SYS]: Performance test message 455
[INF][SYS]: Performance test message 456
[INF][SYS]: Performance test message 457
[INF][SYS]: Performance test message 458
[INF][SYS]: Performance test message 459
[INF][SYS]: Performance test message 460
[INF][SYS]: Performance test message 461
[INF][SYS]: Performance test message 462
[INF][SYS]: Performance test message 463
[INF][SYS]: Performance test message 464
[INF][SYS]: Performance test message 465
[INF][SYS]: Performance test message 466
[INF][SYS]: Performance test message 467
[INF][SYS]: Performance test message 468
[INF][SYS]: Performance test message 469
[INF][SYS]: Performance test message 470
[INF][SYS]: Performance test message 471
[INF][SYS]: Performance test message 472
[INF][SYS]: Performance test message 473
[INF][SYS]: Performance test message 474
[INF][SYS]: Performance test message 475
[INF][SYS]: Performance test message 476
[INF][SYS]: Performance test message 477
[INF][SYS]: Performance test message 478
[INF][SYS]: Performance test message 479
[INF][SYS]: Performance test message 480
[INF][SYS]: Performance test message 481
[INF][SYS]: Performance test message 482
[INF][SYS]: Performance test message 483
[INF][SYS]: Performance test message 484
[INF][SYS]: Performance test message 485
[INF][SYS]: Performance test message 486
[INF][SYS]: Performance test message 487
[INF][SYS]: Performance test message 488
[INF][SYS]: Performance test message 489
[INF][SYS]: Performance test message 490
[INF][SYS]: Performance test message 491
[INF][SYS]: Performance test message 492
[INF][SYS]: Performance test message 493
[INF][SYS]: Performance test message 494
[INF][SYS]: Performance test message 495
[INF][SYS]: Performance test message 496
[INF][SYS]: Performance test message 497
[INF][SYS]: Performance test message 498
[INF][SYS]: Performance test message 499
[INF][SYS]: Performance test message 500
[INF][SYS]: Performance test message 501
[INF][SYS]: Performance test message 502
[INF][SYS]: Performance test message 503
[INF][SYS]: Performance test message 504
[INF][SYS]: Performance test message 505
[INF][SYS]: Performance test message 506
[INF][SYS]: Performance test message 507
[INF][SYS]: Performance test message 508
[INF][SYS]: Performance test message 509
[INF][SYS]: Performance test message 510
[INF][SYS]: Performance test message 511
[INF][SYS]: Performance test message 512
[INF][SYS]: Performance test message 513
[INF][SYS]: Performance test message 514
[INF][SYS]: Performance test message 515
[INF][SYS]: Performance test message 516
[INF][SYS]: Performance test message 517
[INF][SYS]: Performance test message 518
[INF][SYS]: Performance test message 519
[INF][SYS]: Performance test message 520
[INF][SYS]: Performance test message 521
[INF][SYS]: Performance test message 522
[INF][SYS]: Performance test message 523
[INF][SYS]: Performance test message 524
[INF][SYS]: Performance test message 525
[INF][SYS]: Performance test message 526
[INF][SYS]: Performance test message 527
[INF][SYS]: Performance test message 528
[INF][SYS]: Performance test message 529
[INF][SYS]: Performance test message 530
[INF][SYS]: Performance test message 531
[INF][SYS]: Performance test message 532
[INF][SYS]: Performance test message 533
[INF][SYS]: Performance test message 534
[INF][SYS]: Performance test message 535
[INF][SYS]: Performance test message 536
[INF][SYS]: Performance test message 537
[INF][SYS]: Performance test message 538
[INF][SYS]: Performance test message 539
[INF][SYS]: Performance test message 540
[INF][SYS]: Performance test message 541
[INF][SYS]: Performance test message 542
[INF][SYS]: Performance test message 543
[INF][SYS]: Performance test message 544
[INF][SYS]: Performance test message 545
[INF][SYS]: Performance test message 546
[INF][SYS]: Performance test message 547
[INF][SYS]: Performance test message 548
[INF][SYS]: Performance test message 549
[INF][SYS]: Performance test message 550
[INF][SYS]: Performance test message 551
[INF][SYS]: Performance test message 552
[INF][SYS]: Performance test message 553
[INF][SYS]: Performance test message 554
[INF][SYS]: Performance test message 555
[INF][SYS]: Performance test message 556
[INF][SYS]: Performance test message 557
[INF][SYS]: Performance test message 558
[INF][SYS]: Performance test message 559
[INF][SYS]: Performance test message 560
[INF][SYS]: Performance test message 561
[INF][SYS]: Performance test message 562
[INF][SYS]: Performance test message 563
[INF][SYS]: Performance test message 564
[INF][SYS]: Performance test message 565
[INF][SYS]: Performance test message 566
[INF][SYS]: Performance test message 567
[INF][SYS]: Performance test message 568
[INF][SYS]: Performance test message 569
[INF][SYS]: Performance test message 570
[INF][SYS]: Performance test message 571
[INF][SYS]: Performance test message 572
[INF][SYS]: Performance test message 573
[INF][SYS]: Performance test message 574
[INF][SYS]: Performance test message 575
[INF][SYS]: Performance test message 576
[INF][SYS]: Performance test message 577
[INF][SYS]: Performance test message 578
[INF][SYS]: Performance test message 579
[INF][SYS]: Performance test message 580
[INF][SYS]: Performance test message 581
[INF][SYS]: Performance test message 582
[INF][SYS]: Performance test message 583
[INF][SYS]: Performance test message 584
[INF][SYS]: Performance test message 585
[INF][SYS]: Performance test message 586
[INF][SYS]: Performance test message 587
[INF][SYS]: Performance test message 588
[INF][SYS]: Performance test message 589
[INF][SYS]: Performance test message 590
[INF][SYS]: Performance test message 591
[INF][SYS]: Performance test message 592
[INF][SYS]: Performance test message 593
[INF][SYS]: Performance test message 594
[INF][SYS]: Performance test message 595
[INF][SYS]: Performance test message 596
[INF][SYS]: Performance test message 597
[INF][SYS]: Performance test message 598
[INF][SYS]: Performance test message 599
[INF][SYS]: Performance test message 600
[INF][SYS]: Performance test message 601
[INF][SYS]: Performance test message 602
[INF][SYS]: Performance test message 603
[INF][SYS]: Performance test message 604
[INF][SYS]: Performance test message 605
[INF][SYS]: Performance test message 606
[INF][SYS]: Performance test message 607
[INF][SYS]: Performance test message 608
[INF][SYS]: Performance test message 609
[INF][SYS]: Performance test message 610
[INF][SYS]: Performance test message 611
[INF][SYS]: Performance test message 612
[INF][SYS]: Performance test message 613
[INF][SYS]: Performance test message 614
[INF][SYS]: Performance test message 615
[INF][SYS]: Performance test message 616
[INF][SYS]: Performance test message 617
[INF][SYS]: Performance test message 618
[INF][SYS]: Performance test message 619
[INF][SYS]: Performance test message 620
[INF][SYS]: Performance test message 621
[INF][SYS]: Performance test message 622
[INF][SYS]: Performance test message 623
[INF][SYS]: Performance test message 624
[INF][SYS]: Performance test message 625
[INF][SYS]: Performance test message 626
[INF][SYS]: Performance test message 627
[INF][SYS]: Performance test message 628
[INF][SYS]: Performance test message 629
[INF][SYS]: Performance test message 630
[INF][SYS]: Performance test message 631
[INF][SYS]: Performance test message 632
[INF][SYS]: Performance test message 633
[INF][SYS]: Performance test message 634
[INF][SYS]: Performance test message 635
[INF][SYS]: Performance test message 636
[INF][SYS]: Performance test message 637
[INF][SYS]: Performance test message 638
[INF][SYS]: Performance test message 639
[INF][SYS]: Performance test message 640
[INF][SYS]: Performance test message 641
[INF][SYS]: Performance test message 642
[INF][SYS]: Performance test message 643
[INF][SYS]: Performance test message 644
[INF][SYS]: Performance test message 645
[INF][SYS]: Performance test message 646
[INF][SYS]: Performance test message 647
[INF][SYS]: Performance test message 648
[INF][SYS]: Performance test message 649
[INF][SYS]: Performance test message 650
[INF][SYS]: Performance test message 651
[INF][SYS]: Performance test message 652
[INF][SYS]: Performance test message 653
[INF][SYS]: Performance test message 654
[INF][SYS]: Performance test message 655
[INF][SYS]: Performance test message 656
[INF][SYS]: Performance test message 657
[INF][SYS]: Performance test message 658
[INF][SYS]: Performance test message 659
[INF][SYS]: Performance test message 660
[INF][SYS]: Performance test message 661
[INF][SYS]: Performance test message 662
[INF][SYS]: Performance test message 663
[INF][SYS]: Performance test message 664
[INF][SYS]: Performance test message 665
[INF][SYS]: Performance test message 666
[INF][SYS]: Performance test message 667
[INF][SYS]: Performance test message 668
[INF][SYS]: Performance test message 669
[INF][SYS]: Performance test message 670
[INF][SYS]: Performance test message 671
[INF][SYS]: Performance test message 672
[INF][SYS]: Performance test message 673
[INF][SYS]: Performance test message 674
[INF][SYS]: Performance test message 675
[INF][SYS]: Performance test message 676
[INF][SYS]: Performance test message 677
[INF][SYS]: Performance test message 678
[INF][SYS]: Performance test message 679
[INF][SYS]: Performance test message 680
[INF][SYS]: Performance test message 681
[INF][SYS]: Performance test message 682
[INF][SYS]: Performance test message 683
[INF][SYS]: Performance test message 684
[INF][SYS]: Performance test message 685
[INF][SYS]: Performance test message 686
[INF][SYS]: Performance test message 687
[INF][SYS]: Performance test message 688
[INF][SYS]: Performance test message 689
[INF][SYS]: Performance test message 690
[INF][SYS]: Performance test message 691
[INF][SYS]: Performance test message 692
[INF][SYS]: Performance test message 693
[INF][SYS]: Performance test message 694
[INF][SYS]: Performance test message 695
[INF][SYS]: Performance test message 696
[INF][SYS]: Performance test message 697
[INF][SYS]: Performance test message 698
[INF][SYS]: Performance test message 699
[INF][SYS]: Performance test message 700
[INF][SYS]: Performance test message 701
[INF][SYS]: Performance test message 702
[INF][SYS]: Performance test message 703
[INF][SYS]: Performance test message 704
[INF][SYS]: Performance test message 705
[INF][SYS]: Performance test message 706
[INF][SYS]: Performance test message 707
[INF][SYS]: Performance test message 708
[INF][SYS]: Performance test message 709
[INF][SYS]: Performance test message 710
[INF][SYS]: Performance test message 711
[INF][SYS]: Performance test message 712
[INF][SYS]: Performance test message 713
[INF][SYS]: Performance test message 714
[INF][SYS]: Performance test message 715
[INF][SYS]: Performance test message 716
[INF][SYS]: Performance test message 717
[INF][SYS]: Performance test message 718
[INF][SYS]: Performance test message 719
[INF][SYS]: Performance test message 720
[INF][SYS]: Performance test message 721
[INF][SYS]: Performance test message 722
[INF][SYS]: Performance test message 723
[INF][SYS]: Performance test message 724
[INF][SYS]: Performance test message 725
[INF][SYS]: Performance test message 726
[INF][SYS]: Performance test message 727
[INF][SYS]: Performance test message 728
[INF][SYS]: Performance test message 729
[INF][SYS]: Performance test message 730
[INF][SYS]: Performance test message 731
[INF][SYS]: Performance test message 732
[INF][SYS]: Performance test message 733
[INF][SYS]: Performance test message 734
[INF][SYS]: Performance test message 735
[INF][SYS]: Performance test message 736
[INF][SYS]: Performance test message 737
[INF][SYS]: Performance test message 738
[INF][SYS]: Performance test message 739
[INF][SYS]: Performance test message 740
[INF][SYS]: Performance test message 741
[INF][SYS]: Performance test message 742
[INF][SYS]: Performance test message 743
[INF][SYS]: Performance test message 744
[INF][SYS]: Performance test message 745
[INF][SYS]: Performance test message 746
[INF][SYS]: Performance test message 747
[INF][SYS]: Performance test message 748
[INF][SYS]: Performance test message 749
[INF][SYS]: Performance test message 750
[INF][SYS]: Performance test message 751
[INF][SYS]: Performance test message 752
[INF][SYS]: Performance test message 753
[INF][SYS]: Performance test message 754
[INF][SYS]: Performance test message 755
[INF][SYS]: Performance test message 756
[INF][SYS]: Performance test message 757
[INF][SYS]: Performance test message 758
[INF][SYS]: Performance test message 759
[INF][SYS]: Performance test message 760
[INF][SYS]: Performance test message 761
[INF][SYS]: Performance test message 762
[INF][SYS]: Performance test message 763
[INF][SYS]: Performance test message 764
[INF][SYS]: Performance test message 765
[INF][SYS]: Performance test message 766
[INF][SYS]: Performance test message 767
[INF][SYS]: Performance test message 768
[INF][SYS]: Performance test message 769
[INF][SYS]: Performance test message 770
[INF][SYS]: Performance test message 771
[INF][SYS]: Performance test message 772
[INF][SYS]: Performance test message 773
[INF][SYS]: Performance test message 774
[INF][SYS]: Performance test message 775
[INF][SYS]: Performance test message 776
[INF][SYS]: Performance test message 777
[INF][SYS]: Performance test message 778
[INF][SYS]: Performance test message 779
[INF][SYS]: Performance test message 780
[INF][SYS]: Performance test message 781
[INF][SYS]: Performance test message 782
[INF][SYS]: Performance test message 783
[INF][SYS]: Performance test message 784
[INF][SYS]: Performance test message 785
[INF][SYS]: Performance test message 786
[INF][SYS]: Performance test message 787
[INF][SYS]: Performance test message 788
[INF][SYS]: Performance test message 789
[INF][SYS]: Performance test message 790
[INF][SYS]: Performance test message 791
[INF][SYS]: Performance test message 792
[INF][SYS]: Performance test message 793
[INF][SYS]: Performance test message 794
[INF][SYS]: Performance test message 795
[INF][SYS]: Performance test message 796
[INF][SYS]: Performance test message 797
[INF][SYS]: Performance test message 798
[INF][SYS]: Performance test message 799
[INF][SYS]: Performance test message 800
[INF][SYS]: Performance test message 801
[INF][SYS]: Performance test message 802
[INF][SYS]: Performance test message 803
[INF][SYS]: Performance test message 804
[INF][SYS]: Performance test message 805
[INF][SYS]: Performance test message 806
[INF][SYS]: Performance test message 807
[INF][SYS]: Performance test message 808
[INF][SYS]: Performance test message 809
[INF][SYS]: Performance test message 810
[INF][SYS]: Performance test message 811
[INF][SYS]: Performance test message 812
[INF][SYS]: Performance test message 813
[INF][SYS]: Performance test message 814
[INF][SYS]: Performance test message 815
[INF][SYS]: Performance test message 816
[INF][SYS]: Performance test message 817
[INF][SYS]: Performance test message 818
[INF][SYS]: Performance test message 819
[INF][SYS]: Performance test message 820
[INF][SYS]: Performance test message 821
[INF][SYS]: Performance test message 822
[INF][SYS]: Performance test message 823
[INF][SYS]: Performance test message 824
[INF][SYS]: Performance test message 825
[INF][SYS]: Performance test message 826
[INF][SYS]: Performance test message 827
[INF][SYS]: Performance test message 828
[INF][SYS]: Performance test message 829
[INF][SYS]: Performance test message 830
[INF][SYS]: Performance test message 831
[INF][SYS]: Performance test message 832
[INF][SYS]: Performance test message 833
[INF][SYS]: Performance test message 834
[INF][SYS]: Performance test message 835
[INF][SYS]: Performance test message 836
[INF][SYS]: Performance test message 837
[INF][SYS]: Performance test message 838
[INF][SYS]: Performance test message 839
[INF][SYS]: Performance test message 840
[INF][SYS]: Performance test message 841
[INF][SYS]: Performance test message 842
[INF][SYS]: Performance test message 843
[INF][SYS]: Performance test message 844
[INF][SYS]: Performance test message 845
[INF][SYS]: Performance test message 846
[INF][SYS]: Performance test message 847
[INF][SYS]: Performance test message 848
[INF][SYS]: Performance test message 849
[INF][SYS]: Performance test message 850
[INF][SYS]: Performance test message 851
[INF][SYS]: Performance test message 852
[INF][SYS]: Performance test message 853
[INF][SYS]: Performance test message 854
[INF][SYS]: Performance test message 855
[INF][SYS]: Performance test message 856
[INF][SYS]: Performance test message 857
[INF][SYS]: Performance test message 858
[INF][SYS]: Performance test message 859
[INF][SYS]: Performance test message 860
[INF][SYS]: Performance test message 861
[INF][SYS]: Performance test message 862
[INF][SYS]: Performance test message 863
[INF][SYS]: Performance test message 864
[INF][SYS]: Performance test message 865
[INF][SYS]: Performance test message 866
[INF][SYS]: Performance test message 867
[INF][SYS]: Performance test message 868
[INF][SYS]: Performance test message 869
[INF][SYS]: Performance test message 870
[INF][SYS]: Performance test message 871
[INF][SYS]: Performance test message 872
[INF][SYS]: Performance test message 873
[INF][SYS]: Performance test message 874
[INF][SYS]: Performance test message 875
[INF][SYS]: Performance test message 876
[INF][SYS]: Performance test message 877
[INF][SYS]: Performance test message 878
[INF][SYS]: Performance test message 879
[INF][SYS]: Performance test message 880
[INF][SYS]: Performance test message 881
[INF][SYS]: Performance test message 882
[INF][SYS]: Performance test message 883
[INF][SYS]: Performance test message 884
[INF][SYS]: Performance test message 885
[INF][SYS]: Performance test message 886
[INF][SYS]: Performance test message 887
[INF][SYS]: Performance test message 888
[INF][SYS]: Performance test message 889
[INF][SYS]: Performance test message 890
[INF][SYS]: Performance test message 891
[INF][SYS]: Performance test message 892
[INF][SYS]: Performance test message 893
[INF][SYS]: Performance test message 894
[INF][SYS]: Performance test message 895
[INF][SYS]: Performance test message 896
[INF][SYS]: Performance test message 897
[INF][SYS]: Performance test message 898
[INF][SYS]: Performance test message 899
[INF][SYS]: Performance test message 900
[INF][SYS]: Performance test message 901
[INF][SYS]: Performance test message 902
[INF][SYS]: Performance test message 903
[INF][SYS]: Performance test message 904
[INF][SYS]: Performance test message 905
[INF][SYS]: Performance test message 906
[INF][SYS]: Performance test message 907
[INF][SYS]: Performance test message 908
[INF][SYS]: Performance test message 909
[INF][SYS]: Performance test message 910
[INF][SYS]: Performance test message 911
[INF][SYS]: Performance test message 912
[INF][SYS]: Performance test message 913
[INF][SYS]: Performance test message 914
[INF][SYS]: Performance test message 915
[INF][SYS]: Performance test message 916
[INF][SYS]: Performance test message 917
[INF][SYS]: Performance test message 918
[INF][SYS]: Performance test message 919
[INF][SYS]: Performance test message 920
[INF][SYS]: Performance test message 921
[INF][SYS]: Performance test message 922
[INF][SYS]: Performance test message 923
[INF][SYS]: Performance test message 924
[INF][SYS]: Performance test message 925
[INF][SYS]: Performance test message 926
[INF][SYS]: Performance test message 927
[INF][SYS]: Performance test message 928
[INF][SYS]: Performance test message 929
[INF][SYS]: Performance test message 930
[INF][SYS]: Performance test message 931
[INF][SYS]: Performance test message 932
[INF][SYS]: Performance test message 933
[INF][SYS]: Performance test message 934
[INF][SYS]: Performance test message 935
[INF][SYS]: Performance test message 936
[INF][SYS]: Performance test message 937
[INF][SYS]: Performance test message 938
[INF][SYS]: Performance test message 939
[INF][SYS]: Performance test message 940
[INF][SYS]: Performance test message 941
[INF][SYS]: Performance test message 942
[INF][SYS]: Performance test message 943
[INF][SYS]: Performance test message 944
[INF][SYS]: Performance test message 945
[INF][SYS]: Performance test message 946
[INF][SYS]: Performance test message 947
[INF][SYS]: Performance test message 948
[INF][SYS]: Performance test message 949
[INF][SYS]: Performance test message 950
[INF][SYS]: Performance test message 951
[INF][SYS]: Performance test message 952
[INF][SYS]: Performance test message 953
[INF][SYS]: Performance test message 954
[INF][SYS]: Performance test message 955
[INF][SYS]: Performance test message 956
[INF][SYS]: Performance test message 957
[INF][SYS]: Performance test message 958
[INF][SYS]: Performance test message 959
[INF][SYS]: Performance test message 960
[INF][SYS]: Performance test message 961
[INF][SYS]: Performance test message 962
[INF][SYS]: Performance test message 963
[INF][SYS]: Performance test message 964
[INF][SYS]: Performance test message 965
[INF][SYS]: Performance test message 966
[INF][SYS]: Performance test message 967
[INF][SYS]: Performance test message 968
[INF][SYS]: Performance test message 969
[INF][SYS]: Performance test message 970
[INF][SYS]: Performance test message 971
[INF][SYS]: Performance test message 972
[INF][SYS]: Performance test message 973
[INF][SYS]: Performance test message 974
[INF][SYS]: Performance test message 975
[INF][SYS]: Performance test message 976
[INF][SYS]: Performance test message 977
[INF][SYS]: Performance test message 978
[INF][SYS]: Performance test message 979
[INF][SYS]: Performance test message 980
[INF][SYS]: Performance test message 981
[INF][SYS]: Performance test message 982
[INF][SYS]: Performance test message 983
[INF][SYS]: Performance test message 984
[INF][SYS]: Performance test message 985
[INF][SYS]: Performance test message 986
[INF][SYS]: Performance test message 987
[INF][SYS]: Performance test message 988
[INF][SYS]: Performance test message 989
[INF][SYS]: Performance test message 990
[INF][SYS]: Performance test message 991
[INF][SYS]: Performance test message 992
[INF][SYS]: Performance test message 993
[INF][SYS]: Performance test message 994
[INF][SYS]: Performance test message 995
[INF][SYS]: Performance test message 996
[INF][SYS]: Performance test message 997
[INF][SYS]: Performance test message 998
[INF][SYS]: Performance test message 999
]]></output>
            </test-case>
            <test-case id="1092" name="TestLogRetrievalPerformance" fullname="ArcBT.Tests.BTLoggerPerformanceTests.TestLogRetrievalPerformance" methodname="TestLogRetrievalPerformance" classname="ArcBT.Tests.BTLoggerPerformanceTests" runstate="Runnable" seed="1080403427" result="Passed" start-time="2025-07-26 16:08:05Z" end-time="2025-07-26 16:08:05Z" duration="0.011935" asserts="0">
              <properties>
                <property name="retryIteration" value="0" />
                <property name="repeatIteration" value="0" />
              </properties>
              <output><![CDATA[[INF][ATK]: Combat log 0
[INF][MOV]: Movement log 0
[INF][SYS]: System log 0
[INF][ATK]: Combat log 1
[INF][MOV]: Movement log 1
[INF][SYS]: System log 1
[INF][ATK]: Combat log 2
[INF][MOV]: Movement log 2
[INF][SYS]: System log 2
[INF][ATK]: Combat log 3
[INF][MOV]: Movement log 3
[INF][SYS]: System log 3
[INF][ATK]: Combat log 4
[INF][MOV]: Movement log 4
[INF][SYS]: System log 4
[INF][ATK]: Combat log 5
[INF][MOV]: Movement log 5
[INF][SYS]: System log 5
[INF][ATK]: Combat log 6
[INF][MOV]: Movement log 6
[INF][SYS]: System log 6
[INF][ATK]: Combat log 7
[INF][MOV]: Movement log 7
[INF][SYS]: System log 7
[INF][ATK]: Combat log 8
[INF][MOV]: Movement log 8
[INF][SYS]: System log 8
[INF][ATK]: Combat log 9
[INF][MOV]: Movement log 9
[INF][SYS]: System log 9
[INF][ATK]: Combat log 10
[INF][MOV]: Movement log 10
[INF][SYS]: System log 10
[INF][ATK]: Combat log 11
[INF][MOV]: Movement log 11
[INF][SYS]: System log 11
[INF][ATK]: Combat log 12
[INF][MOV]: Movement log 12
[INF][SYS]: System log 12
[INF][ATK]: Combat log 13
[INF][MOV]: Movement log 13
[INF][SYS]: System log 13
[INF][ATK]: Combat log 14
[INF][MOV]: Movement log 14
[INF][SYS]: System log 14
[INF][ATK]: Combat log 15
[INF][MOV]: Movement log 15
[INF][SYS]: System log 15
[INF][ATK]: Combat log 16
[INF][MOV]: Movement log 16
[INF][SYS]: System log 16
[INF][ATK]: Combat log 17
[INF][MOV]: Movement log 17
[INF][SYS]: System log 17
[INF][ATK]: Combat log 18
[INF][MOV]: Movement log 18
[INF][SYS]: System log 18
[INF][ATK]: Combat log 19
[INF][MOV]: Movement log 19
[INF][SYS]: System log 19
[INF][ATK]: Combat log 20
[INF][MOV]: Movement log 20
[INF][SYS]: System log 20
[INF][ATK]: Combat log 21
[INF][MOV]: Movement log 21
[INF][SYS]: System log 21
[INF][ATK]: Combat log 22
[INF][MOV]: Movement log 22
[INF][SYS]: System log 22
[INF][ATK]: Combat log 23
[INF][MOV]: Movement log 23
[INF][SYS]: System log 23
[INF][ATK]: Combat log 24
[INF][MOV]: Movement log 24
[INF][SYS]: System log 24
[INF][ATK]: Combat log 25
[INF][MOV]: Movement log 25
[INF][SYS]: System log 25
[INF][ATK]: Combat log 26
[INF][MOV]: Movement log 26
[INF][SYS]: System log 26
[INF][ATK]: Combat log 27
[INF][MOV]: Movement log 27
[INF][SYS]: System log 27
[INF][ATK]: Combat log 28
[INF][MOV]: Movement log 28
[INF][SYS]: System log 28
[INF][ATK]: Combat log 29
[INF][MOV]: Movement log 29
[INF][SYS]: System log 29
[INF][ATK]: Combat log 30
[INF][MOV]: Movement log 30
[INF][SYS]: System log 30
[INF][ATK]: Combat log 31
[INF][MOV]: Movement log 31
[INF][SYS]: System log 31
[INF][ATK]: Combat log 32
[INF][MOV]: Movement log 32
[INF][SYS]: System log 32
[INF][ATK]: Combat log 33
[INF][MOV]: Movement log 33
[INF][SYS]: System log 33
[INF][ATK]: Combat log 34
[INF][MOV]: Movement log 34
[INF][SYS]: System log 34
[INF][ATK]: Combat log 35
[INF][MOV]: Movement log 35
[INF][SYS]: System log 35
[INF][ATK]: Combat log 36
[INF][MOV]: Movement log 36
[INF][SYS]: System log 36
[INF][ATK]: Combat log 37
[INF][MOV]: Movement log 37
[INF][SYS]: System log 37
[INF][ATK]: Combat log 38
[INF][MOV]: Movement log 38
[INF][SYS]: System log 38
[INF][ATK]: Combat log 39
[INF][MOV]: Movement log 39
[INF][SYS]: System log 39
[INF][ATK]: Combat log 40
[INF][MOV]: Movement log 40
[INF][SYS]: System log 40
[INF][ATK]: Combat log 41
[INF][MOV]: Movement log 41
[INF][SYS]: System log 41
[INF][ATK]: Combat log 42
[INF][MOV]: Movement log 42
[INF][SYS]: System log 42
[INF][ATK]: Combat log 43
[INF][MOV]: Movement log 43
[INF][SYS]: System log 43
[INF][ATK]: Combat log 44
[INF][MOV]: Movement log 44
[INF][SYS]: System log 44
[INF][ATK]: Combat log 45
[INF][MOV]: Movement log 45
[INF][SYS]: System log 45
[INF][ATK]: Combat log 46
[INF][MOV]: Movement log 46
[INF][SYS]: System log 46
[INF][ATK]: Combat log 47
[INF][MOV]: Movement log 47
[INF][SYS]: System log 47
[INF][ATK]: Combat log 48
[INF][MOV]: Movement log 48
[INF][SYS]: System log 48
[INF][ATK]: Combat log 49
[INF][MOV]: Movement log 49
[INF][SYS]: System log 49
[INF][ATK]: Combat log 50
[INF][MOV]: Movement log 50
[INF][SYS]: System log 50
[INF][ATK]: Combat log 51
[INF][MOV]: Movement log 51
[INF][SYS]: System log 51
[INF][ATK]: Combat log 52
[INF][MOV]: Movement log 52
[INF][SYS]: System log 52
[INF][ATK]: Combat log 53
[INF][MOV]: Movement log 53
[INF][SYS]: System log 53
[INF][ATK]: Combat log 54
[INF][MOV]: Movement log 54
[INF][SYS]: System log 54
[INF][ATK]: Combat log 55
[INF][MOV]: Movement log 55
[INF][SYS]: System log 55
[INF][ATK]: Combat log 56
[INF][MOV]: Movement log 56
[INF][SYS]: System log 56
[INF][ATK]: Combat log 57
[INF][MOV]: Movement log 57
[INF][SYS]: System log 57
[INF][ATK]: Combat log 58
[INF][MOV]: Movement log 58
[INF][SYS]: System log 58
[INF][ATK]: Combat log 59
[INF][MOV]: Movement log 59
[INF][SYS]: System log 59
[INF][ATK]: Combat log 60
[INF][MOV]: Movement log 60
[INF][SYS]: System log 60
[INF][ATK]: Combat log 61
[INF][MOV]: Movement log 61
[INF][SYS]: System log 61
[INF][ATK]: Combat log 62
[INF][MOV]: Movement log 62
[INF][SYS]: System log 62
[INF][ATK]: Combat log 63
[INF][MOV]: Movement log 63
[INF][SYS]: System log 63
[INF][ATK]: Combat log 64
[INF][MOV]: Movement log 64
[INF][SYS]: System log 64
[INF][ATK]: Combat log 65
[INF][MOV]: Movement log 65
[INF][SYS]: System log 65
[INF][ATK]: Combat log 66
[INF][MOV]: Movement log 66
[INF][SYS]: System log 66
[INF][ATK]: Combat log 67
[INF][MOV]: Movement log 67
[INF][SYS]: System log 67
[INF][ATK]: Combat log 68
[INF][MOV]: Movement log 68
[INF][SYS]: System log 68
[INF][ATK]: Combat log 69
[INF][MOV]: Movement log 69
[INF][SYS]: System log 69
[INF][ATK]: Combat log 70
[INF][MOV]: Movement log 70
[INF][SYS]: System log 70
[INF][ATK]: Combat log 71
[INF][MOV]: Movement log 71
[INF][SYS]: System log 71
[INF][ATK]: Combat log 72
[INF][MOV]: Movement log 72
[INF][SYS]: System log 72
[INF][ATK]: Combat log 73
[INF][MOV]: Movement log 73
[INF][SYS]: System log 73
[INF][ATK]: Combat log 74
[INF][MOV]: Movement log 74
[INF][SYS]: System log 74
[INF][ATK]: Combat log 75
[INF][MOV]: Movement log 75
[INF][SYS]: System log 75
[INF][ATK]: Combat log 76
[INF][MOV]: Movement log 76
[INF][SYS]: System log 76
[INF][ATK]: Combat log 77
[INF][MOV]: Movement log 77
[INF][SYS]: System log 77
[INF][ATK]: Combat log 78
[INF][MOV]: Movement log 78
[INF][SYS]: System log 78
[INF][ATK]: Combat log 79
[INF][MOV]: Movement log 79
[INF][SYS]: System log 79
[INF][ATK]: Combat log 80
[INF][MOV]: Movement log 80
[INF][SYS]: System log 80
[INF][ATK]: Combat log 81
[INF][MOV]: Movement log 81
[INF][SYS]: System log 81
[INF][ATK]: Combat log 82
[INF][MOV]: Movement log 82
[INF][SYS]: System log 82
[INF][ATK]: Combat log 83
[INF][MOV]: Movement log 83
[INF][SYS]: System log 83
[INF][ATK]: Combat log 84
[INF][MOV]: Movement log 84
[INF][SYS]: System log 84
[INF][ATK]: Combat log 85
[INF][MOV]: Movement log 85
[INF][SYS]: System log 85
[INF][ATK]: Combat log 86
[INF][MOV]: Movement log 86
[INF][SYS]: System log 86
[INF][ATK]: Combat log 87
[INF][MOV]: Movement log 87
[INF][SYS]: System log 87
[INF][ATK]: Combat log 88
[INF][MOV]: Movement log 88
[INF][SYS]: System log 88
[INF][ATK]: Combat log 89
[INF][MOV]: Movement log 89
[INF][SYS]: System log 89
[INF][ATK]: Combat log 90
[INF][MOV]: Movement log 90
[INF][SYS]: System log 90
[INF][ATK]: Combat log 91
[INF][MOV]: Movement log 91
[INF][SYS]: System log 91
[INF][ATK]: Combat log 92
[INF][MOV]: Movement log 92
[INF][SYS]: System log 92
[INF][ATK]: Combat log 93
[INF][MOV]: Movement log 93
[INF][SYS]: System log 93
[INF][ATK]: Combat log 94
[INF][MOV]: Movement log 94
[INF][SYS]: System log 94
[INF][ATK]: Combat log 95
[INF][MOV]: Movement log 95
[INF][SYS]: System log 95
[INF][ATK]: Combat log 96
[INF][MOV]: Movement log 96
[INF][SYS]: System log 96
[INF][ATK]: Combat log 97
[INF][MOV]: Movement log 97
[INF][SYS]: System log 97
[INF][ATK]: Combat log 98
[INF][MOV]: Movement log 98
[INF][SYS]: System log 98
[INF][ATK]: Combat log 99
[INF][MOV]: Movement log 99
[INF][SYS]: System log 99
]]></output>
            </test-case>
            <test-case id="1094" name="TestLongRunningStability" fullname="ArcBT.Tests.BTLoggerPerformanceTests.TestLongRunningStability" methodname="TestLongRunningStability" classname="ArcBT.Tests.BTLoggerPerformanceTests" runstate="Runnable" seed="409321234" result="Passed" start-time="2025-07-26 16:08:05Z" end-time="2025-07-26 16:08:05Z" duration="0.269061" asserts="0">
              <properties>
                <property name="_JOINTYPE" value="UnityCombinatorial" />
                <property name="retryIteration" value="0" />
                <property name="repeatIteration" value="0" />
              </properties>
              <output><![CDATA[[INF][SYS]: Stability test - Iteration 0, Log 0
[INF][SYS]: Stability test - Iteration 0, Log 1
[INF][SYS]: Stability test - Iteration 0, Log 2
[INF][SYS]: Stability test - Iteration 0, Log 3
[INF][SYS]: Stability test - Iteration 0, Log 4
[INF][SYS]: Stability test - Iteration 0, Log 5
[INF][SYS]: Stability test - Iteration 0, Log 6
[INF][SYS]: Stability test - Iteration 0, Log 7
[INF][SYS]: Stability test - Iteration 0, Log 8
[INF][SYS]: Stability test - Iteration 0, Log 9
[INF][SYS]: Stability test - Iteration 0, Log 10
[INF][SYS]: Stability test - Iteration 0, Log 11
[INF][SYS]: Stability test - Iteration 0, Log 12
[INF][SYS]: Stability test - Iteration 0, Log 13
[INF][SYS]: Stability test - Iteration 0, Log 14
[INF][SYS]: Stability test - Iteration 0, Log 15
[INF][SYS]: Stability test - Iteration 0, Log 16
[INF][SYS]: Stability test - Iteration 0, Log 17
[INF][SYS]: Stability test - Iteration 0, Log 18
[INF][SYS]: Stability test - Iteration 0, Log 19
[INF][SYS]: Stability test - Iteration 0, Log 20
[INF][SYS]: Stability test - Iteration 0, Log 21
[INF][SYS]: Stability test - Iteration 0, Log 22
[INF][SYS]: Stability test - Iteration 0, Log 23
[INF][SYS]: Stability test - Iteration 0, Log 24
[INF][SYS]: Stability test - Iteration 0, Log 25
[INF][SYS]: Stability test - Iteration 0, Log 26
[INF][SYS]: Stability test - Iteration 0, Log 27
[INF][SYS]: Stability test - Iteration 0, Log 28
[INF][SYS]: Stability test - Iteration 0, Log 29
[INF][SYS]: Stability test - Iteration 0, Log 30
[INF][SYS]: Stability test - Iteration 0, Log 31
[INF][SYS]: Stability test - Iteration 0, Log 32
[INF][SYS]: Stability test - Iteration 0, Log 33
[INF][SYS]: Stability test - Iteration 0, Log 34
[INF][SYS]: Stability test - Iteration 0, Log 35
[INF][SYS]: Stability test - Iteration 0, Log 36
[INF][SYS]: Stability test - Iteration 0, Log 37
[INF][SYS]: Stability test - Iteration 0, Log 38
[INF][SYS]: Stability test - Iteration 0, Log 39
[INF][SYS]: Stability test - Iteration 0, Log 40
[INF][SYS]: Stability test - Iteration 0, Log 41
[INF][SYS]: Stability test - Iteration 0, Log 42
[INF][SYS]: Stability test - Iteration 0, Log 43
[INF][SYS]: Stability test - Iteration 0, Log 44
[INF][SYS]: Stability test - Iteration 0, Log 45
[INF][SYS]: Stability test - Iteration 0, Log 46
[INF][SYS]: Stability test - Iteration 0, Log 47
[INF][SYS]: Stability test - Iteration 0, Log 48
[INF][SYS]: Stability test - Iteration 0, Log 49
[INF][SYS]: Stability test - Iteration 1, Log 0
[INF][SYS]: Stability test - Iteration 1, Log 1
[INF][SYS]: Stability test - Iteration 1, Log 2
[INF][SYS]: Stability test - Iteration 1, Log 3
[INF][SYS]: Stability test - Iteration 1, Log 4
[INF][SYS]: Stability test - Iteration 1, Log 5
[INF][SYS]: Stability test - Iteration 1, Log 6
[INF][SYS]: Stability test - Iteration 1, Log 7
[INF][SYS]: Stability test - Iteration 1, Log 8
[INF][SYS]: Stability test - Iteration 1, Log 9
[INF][SYS]: Stability test - Iteration 1, Log 10
[INF][SYS]: Stability test - Iteration 1, Log 11
[INF][SYS]: Stability test - Iteration 1, Log 12
[INF][SYS]: Stability test - Iteration 1, Log 13
[INF][SYS]: Stability test - Iteration 1, Log 14
[INF][SYS]: Stability test - Iteration 1, Log 15
[INF][SYS]: Stability test - Iteration 1, Log 16
[INF][SYS]: Stability test - Iteration 1, Log 17
[INF][SYS]: Stability test - Iteration 1, Log 18
[INF][SYS]: Stability test - Iteration 1, Log 19
[INF][SYS]: Stability test - Iteration 1, Log 20
[INF][SYS]: Stability test - Iteration 1, Log 21
[INF][SYS]: Stability test - Iteration 1, Log 22
[INF][SYS]: Stability test - Iteration 1, Log 23
[INF][SYS]: Stability test - Iteration 1, Log 24
[INF][SYS]: Stability test - Iteration 1, Log 25
[INF][SYS]: Stability test - Iteration 1, Log 26
[INF][SYS]: Stability test - Iteration 1, Log 27
[INF][SYS]: Stability test - Iteration 1, Log 28
[INF][SYS]: Stability test - Iteration 1, Log 29
[INF][SYS]: Stability test - Iteration 1, Log 30
[INF][SYS]: Stability test - Iteration 1, Log 31
[INF][SYS]: Stability test - Iteration 1, Log 32
[INF][SYS]: Stability test - Iteration 1, Log 33
[INF][SYS]: Stability test - Iteration 1, Log 34
[INF][SYS]: Stability test - Iteration 1, Log 35
[INF][SYS]: Stability test - Iteration 1, Log 36
[INF][SYS]: Stability test - Iteration 1, Log 37
[INF][SYS]: Stability test - Iteration 1, Log 38
[INF][SYS]: Stability test - Iteration 1, Log 39
[INF][SYS]: Stability test - Iteration 1, Log 40
[INF][SYS]: Stability test - Iteration 1, Log 41
[INF][SYS]: Stability test - Iteration 1, Log 42
[INF][SYS]: Stability test - Iteration 1, Log 43
[INF][SYS]: Stability test - Iteration 1, Log 44
[INF][SYS]: Stability test - Iteration 1, Log 45
[INF][SYS]: Stability test - Iteration 1, Log 46
[INF][SYS]: Stability test - Iteration 1, Log 47
[INF][SYS]: Stability test - Iteration 1, Log 48
[INF][SYS]: Stability test - Iteration 1, Log 49
[INF][SYS]: Stability test - Iteration 2, Log 0
[INF][SYS]: Stability test - Iteration 2, Log 1
[INF][SYS]: Stability test - Iteration 2, Log 2
[INF][SYS]: Stability test - Iteration 2, Log 3
[INF][SYS]: Stability test - Iteration 2, Log 4
[INF][SYS]: Stability test - Iteration 2, Log 5
[INF][SYS]: Stability test - Iteration 2, Log 6
[INF][SYS]: Stability test - Iteration 2, Log 7
[INF][SYS]: Stability test - Iteration 2, Log 8
[INF][SYS]: Stability test - Iteration 2, Log 9
[INF][SYS]: Stability test - Iteration 2, Log 10
[INF][SYS]: Stability test - Iteration 2, Log 11
[INF][SYS]: Stability test - Iteration 2, Log 12
[INF][SYS]: Stability test - Iteration 2, Log 13
[INF][SYS]: Stability test - Iteration 2, Log 14
[INF][SYS]: Stability test - Iteration 2, Log 15
[INF][SYS]: Stability test - Iteration 2, Log 16
[INF][SYS]: Stability test - Iteration 2, Log 17
[INF][SYS]: Stability test - Iteration 2, Log 18
[INF][SYS]: Stability test - Iteration 2, Log 19
[INF][SYS]: Stability test - Iteration 2, Log 20
[INF][SYS]: Stability test - Iteration 2, Log 21
[INF][SYS]: Stability test - Iteration 2, Log 22
[INF][SYS]: Stability test - Iteration 2, Log 23
[INF][SYS]: Stability test - Iteration 2, Log 24
[INF][SYS]: Stability test - Iteration 2, Log 25
[INF][SYS]: Stability test - Iteration 2, Log 26
[INF][SYS]: Stability test - Iteration 2, Log 27
[INF][SYS]: Stability test - Iteration 2, Log 28
[INF][SYS]: Stability test - Iteration 2, Log 29
[INF][SYS]: Stability test - Iteration 2, Log 30
[INF][SYS]: Stability test - Iteration 2, Log 31
[INF][SYS]: Stability test - Iteration 2, Log 32
[INF][SYS]: Stability test - Iteration 2, Log 33
[INF][SYS]: Stability test - Iteration 2, Log 34
[INF][SYS]: Stability test - Iteration 2, Log 35
[INF][SYS]: Stability test - Iteration 2, Log 36
[INF][SYS]: Stability test - Iteration 2, Log 37
[INF][SYS]: Stability test - Iteration 2, Log 38
[INF][SYS]: Stability test - Iteration 2, Log 39
[INF][SYS]: Stability test - Iteration 2, Log 40
[INF][SYS]: Stability test - Iteration 2, Log 41
[INF][SYS]: Stability test - Iteration 2, Log 42
[INF][SYS]: Stability test - Iteration 2, Log 43
[INF][SYS]: Stability test - Iteration 2, Log 44
[INF][SYS]: Stability test - Iteration 2, Log 45
[INF][SYS]: Stability test - Iteration 2, Log 46
[INF][SYS]: Stability test - Iteration 2, Log 47
[INF][SYS]: Stability test - Iteration 2, Log 48
[INF][SYS]: Stability test - Iteration 2, Log 49
[INF][SYS]: Stability test - Iteration 3, Log 0
[INF][SYS]: Stability test - Iteration 3, Log 1
[INF][SYS]: Stability test - Iteration 3, Log 2
[INF][SYS]: Stability test - Iteration 3, Log 3
[INF][SYS]: Stability test - Iteration 3, Log 4
[INF][SYS]: Stability test - Iteration 3, Log 5
[INF][SYS]: Stability test - Iteration 3, Log 6
[INF][SYS]: Stability test - Iteration 3, Log 7
[INF][SYS]: Stability test - Iteration 3, Log 8
[INF][SYS]: Stability test - Iteration 3, Log 9
[INF][SYS]: Stability test - Iteration 3, Log 10
[INF][SYS]: Stability test - Iteration 3, Log 11
[INF][SYS]: Stability test - Iteration 3, Log 12
[INF][SYS]: Stability test - Iteration 3, Log 13
[INF][SYS]: Stability test - Iteration 3, Log 14
[INF][SYS]: Stability test - Iteration 3, Log 15
[INF][SYS]: Stability test - Iteration 3, Log 16
[INF][SYS]: Stability test - Iteration 3, Log 17
[INF][SYS]: Stability test - Iteration 3, Log 18
[INF][SYS]: Stability test - Iteration 3, Log 19
[INF][SYS]: Stability test - Iteration 3, Log 20
[INF][SYS]: Stability test - Iteration 3, Log 21
[INF][SYS]: Stability test - Iteration 3, Log 22
[INF][SYS]: Stability test - Iteration 3, Log 23
[INF][SYS]: Stability test - Iteration 3, Log 24
[INF][SYS]: Stability test - Iteration 3, Log 25
[INF][SYS]: Stability test - Iteration 3, Log 26
[INF][SYS]: Stability test - Iteration 3, Log 27
[INF][SYS]: Stability test - Iteration 3, Log 28
[INF][SYS]: Stability test - Iteration 3, Log 29
[INF][SYS]: Stability test - Iteration 3, Log 30
[INF][SYS]: Stability test - Iteration 3, Log 31
[INF][SYS]: Stability test - Iteration 3, Log 32
[INF][SYS]: Stability test - Iteration 3, Log 33
[INF][SYS]: Stability test - Iteration 3, Log 34
[INF][SYS]: Stability test - Iteration 3, Log 35
[INF][SYS]: Stability test - Iteration 3, Log 36
[INF][SYS]: Stability test - Iteration 3, Log 37
[INF][SYS]: Stability test - Iteration 3, Log 38
[INF][SYS]: Stability test - Iteration 3, Log 39
[INF][SYS]: Stability test - Iteration 3, Log 40
[INF][SYS]: Stability test - Iteration 3, Log 41
[INF][SYS]: Stability test - Iteration 3, Log 42
[INF][SYS]: Stability test - Iteration 3, Log 43
[INF][SYS]: Stability test - Iteration 3, Log 44
[INF][SYS]: Stability test - Iteration 3, Log 45
[INF][SYS]: Stability test - Iteration 3, Log 46
[INF][SYS]: Stability test - Iteration 3, Log 47
[INF][SYS]: Stability test - Iteration 3, Log 48
[INF][SYS]: Stability test - Iteration 3, Log 49
[INF][SYS]: Stability test - Iteration 4, Log 0
[INF][SYS]: Stability test - Iteration 4, Log 1
[INF][SYS]: Stability test - Iteration 4, Log 2
[INF][SYS]: Stability test - Iteration 4, Log 3
[INF][SYS]: Stability test - Iteration 4, Log 4
[INF][SYS]: Stability test - Iteration 4, Log 5
[INF][SYS]: Stability test - Iteration 4, Log 6
[INF][SYS]: Stability test - Iteration 4, Log 7
[INF][SYS]: Stability test - Iteration 4, Log 8
[INF][SYS]: Stability test - Iteration 4, Log 9
[INF][SYS]: Stability test - Iteration 4, Log 10
[INF][SYS]: Stability test - Iteration 4, Log 11
[INF][SYS]: Stability test - Iteration 4, Log 12
[INF][SYS]: Stability test - Iteration 4, Log 13
[INF][SYS]: Stability test - Iteration 4, Log 14
[INF][SYS]: Stability test - Iteration 4, Log 15
[INF][SYS]: Stability test - Iteration 4, Log 16
[INF][SYS]: Stability test - Iteration 4, Log 17
[INF][SYS]: Stability test - Iteration 4, Log 18
[INF][SYS]: Stability test - Iteration 4, Log 19
[INF][SYS]: Stability test - Iteration 4, Log 20
[INF][SYS]: Stability test - Iteration 4, Log 21
[INF][SYS]: Stability test - Iteration 4, Log 22
[INF][SYS]: Stability test - Iteration 4, Log 23
[INF][SYS]: Stability test - Iteration 4, Log 24
[INF][SYS]: Stability test - Iteration 4, Log 25
[INF][SYS]: Stability test - Iteration 4, Log 26
[INF][SYS]: Stability test - Iteration 4, Log 27
[INF][SYS]: Stability test - Iteration 4, Log 28
[INF][SYS]: Stability test - Iteration 4, Log 29
[INF][SYS]: Stability test - Iteration 4, Log 30
[INF][SYS]: Stability test - Iteration 4, Log 31
[INF][SYS]: Stability test - Iteration 4, Log 32
[INF][SYS]: Stability test - Iteration 4, Log 33
[INF][SYS]: Stability test - Iteration 4, Log 34
[INF][SYS]: Stability test - Iteration 4, Log 35
[INF][SYS]: Stability test - Iteration 4, Log 36
[INF][SYS]: Stability test - Iteration 4, Log 37
[INF][SYS]: Stability test - Iteration 4, Log 38
[INF][SYS]: Stability test - Iteration 4, Log 39
[INF][SYS]: Stability test - Iteration 4, Log 40
[INF][SYS]: Stability test - Iteration 4, Log 41
[INF][SYS]: Stability test - Iteration 4, Log 42
[INF][SYS]: Stability test - Iteration 4, Log 43
[INF][SYS]: Stability test - Iteration 4, Log 44
[INF][SYS]: Stability test - Iteration 4, Log 45
[INF][SYS]: Stability test - Iteration 4, Log 46
[INF][SYS]: Stability test - Iteration 4, Log 47
[INF][SYS]: Stability test - Iteration 4, Log 48
[INF][SYS]: Stability test - Iteration 4, Log 49
[INF][SYS]: Stability test - Iteration 5, Log 0
[INF][SYS]: Stability test - Iteration 5, Log 1
[INF][SYS]: Stability test - Iteration 5, Log 2
[INF][SYS]: Stability test - Iteration 5, Log 3
[INF][SYS]: Stability test - Iteration 5, Log 4
[INF][SYS]: Stability test - Iteration 5, Log 5
[INF][SYS]: Stability test - Iteration 5, Log 6
[INF][SYS]: Stability test - Iteration 5, Log 7
[INF][SYS]: Stability test - Iteration 5, Log 8
[INF][SYS]: Stability test - Iteration 5, Log 9
[INF][SYS]: Stability test - Iteration 5, Log 10
[INF][SYS]: Stability test - Iteration 5, Log 11
[INF][SYS]: Stability test - Iteration 5, Log 12
[INF][SYS]: Stability test - Iteration 5, Log 13
[INF][SYS]: Stability test - Iteration 5, Log 14
[INF][SYS]: Stability test - Iteration 5, Log 15
[INF][SYS]: Stability test - Iteration 5, Log 16
[INF][SYS]: Stability test - Iteration 5, Log 17
[INF][SYS]: Stability test - Iteration 5, Log 18
[INF][SYS]: Stability test - Iteration 5, Log 19
[INF][SYS]: Stability test - Iteration 5, Log 20
[INF][SYS]: Stability test - Iteration 5, Log 21
[INF][SYS]: Stability test - Iteration 5, Log 22
[INF][SYS]: Stability test - Iteration 5, Log 23
[INF][SYS]: Stability test - Iteration 5, Log 24
[INF][SYS]: Stability test - Iteration 5, Log 25
[INF][SYS]: Stability test - Iteration 5, Log 26
[INF][SYS]: Stability test - Iteration 5, Log 27
[INF][SYS]: Stability test - Iteration 5, Log 28
[INF][SYS]: Stability test - Iteration 5, Log 29
[INF][SYS]: Stability test - Iteration 5, Log 30
[INF][SYS]: Stability test - Iteration 5, Log 31
[INF][SYS]: Stability test - Iteration 5, Log 32
[INF][SYS]: Stability test - Iteration 5, Log 33
[INF][SYS]: Stability test - Iteration 5, Log 34
[INF][SYS]: Stability test - Iteration 5, Log 35
[INF][SYS]: Stability test - Iteration 5, Log 36
[INF][SYS]: Stability test - Iteration 5, Log 37
[INF][SYS]: Stability test - Iteration 5, Log 38
[INF][SYS]: Stability test - Iteration 5, Log 39
[INF][SYS]: Stability test - Iteration 5, Log 40
[INF][SYS]: Stability test - Iteration 5, Log 41
[INF][SYS]: Stability test - Iteration 5, Log 42
[INF][SYS]: Stability test - Iteration 5, Log 43
[INF][SYS]: Stability test - Iteration 5, Log 44
[INF][SYS]: Stability test - Iteration 5, Log 45
[INF][SYS]: Stability test - Iteration 5, Log 46
[INF][SYS]: Stability test - Iteration 5, Log 47
[INF][SYS]: Stability test - Iteration 5, Log 48
[INF][SYS]: Stability test - Iteration 5, Log 49
[INF][SYS]: Stability test - Iteration 6, Log 0
[INF][SYS]: Stability test - Iteration 6, Log 1
[INF][SYS]: Stability test - Iteration 6, Log 2
[INF][SYS]: Stability test - Iteration 6, Log 3
[INF][SYS]: Stability test - Iteration 6, Log 4
[INF][SYS]: Stability test - Iteration 6, Log 5
[INF][SYS]: Stability test - Iteration 6, Log 6
[INF][SYS]: Stability test - Iteration 6, Log 7
[INF][SYS]: Stability test - Iteration 6, Log 8
[INF][SYS]: Stability test - Iteration 6, Log 9
[INF][SYS]: Stability test - Iteration 6, Log 10
[INF][SYS]: Stability test - Iteration 6, Log 11
[INF][SYS]: Stability test - Iteration 6, Log 12
[INF][SYS]: Stability test - Iteration 6, Log 13
[INF][SYS]: Stability test - Iteration 6, Log 14
[INF][SYS]: Stability test - Iteration 6, Log 15
[INF][SYS]: Stability test - Iteration 6, Log 16
[INF][SYS]: Stability test - Iteration 6, Log 17
[INF][SYS]: Stability test - Iteration 6, Log 18
[INF][SYS]: Stability test - Iteration 6, Log 19
[INF][SYS]: Stability test - Iteration 6, Log 20
[INF][SYS]: Stability test - Iteration 6, Log 21
[INF][SYS]: Stability test - Iteration 6, Log 22
[INF][SYS]: Stability test - Iteration 6, Log 23
[INF][SYS]: Stability test - Iteration 6, Log 24
[INF][SYS]: Stability test - Iteration 6, Log 25
[INF][SYS]: Stability test - Iteration 6, Log 26
[INF][SYS]: Stability test - Iteration 6, Log 27
[INF][SYS]: Stability test - Iteration 6, Log 28
[INF][SYS]: Stability test - Iteration 6, Log 29
[INF][SYS]: Stability test - Iteration 6, Log 30
[INF][SYS]: Stability test - Iteration 6, Log 31
[INF][SYS]: Stability test - Iteration 6, Log 32
[INF][SYS]: Stability test - Iteration 6, Log 33
[INF][SYS]: Stability test - Iteration 6, Log 34
[INF][SYS]: Stability test - Iteration 6, Log 35
[INF][SYS]: Stability test - Iteration 6, Log 36
[INF][SYS]: Stability test - Iteration 6, Log 37
[INF][SYS]: Stability test - Iteration 6, Log 38
[INF][SYS]: Stability test - Iteration 6, Log 39
[INF][SYS]: Stability test - Iteration 6, Log 40
[INF][SYS]: Stability test - Iteration 6, Log 41
[INF][SYS]: Stability test - Iteration 6, Log 42
[INF][SYS]: Stability test - Iteration 6, Log 43
[INF][SYS]: Stability test - Iteration 6, Log 44
[INF][SYS]: Stability test - Iteration 6, Log 45
[INF][SYS]: Stability test - Iteration 6, Log 46
[INF][SYS]: Stability test - Iteration 6, Log 47
[INF][SYS]: Stability test - Iteration 6, Log 48
[INF][SYS]: Stability test - Iteration 6, Log 49
[INF][SYS]: Stability test - Iteration 7, Log 0
[INF][SYS]: Stability test - Iteration 7, Log 1
[INF][SYS]: Stability test - Iteration 7, Log 2
[INF][SYS]: Stability test - Iteration 7, Log 3
[INF][SYS]: Stability test - Iteration 7, Log 4
[INF][SYS]: Stability test - Iteration 7, Log 5
[INF][SYS]: Stability test - Iteration 7, Log 6
[INF][SYS]: Stability test - Iteration 7, Log 7
[INF][SYS]: Stability test - Iteration 7, Log 8
[INF][SYS]: Stability test - Iteration 7, Log 9
[INF][SYS]: Stability test - Iteration 7, Log 10
[INF][SYS]: Stability test - Iteration 7, Log 11
[INF][SYS]: Stability test - Iteration 7, Log 12
[INF][SYS]: Stability test - Iteration 7, Log 13
[INF][SYS]: Stability test - Iteration 7, Log 14
[INF][SYS]: Stability test - Iteration 7, Log 15
[INF][SYS]: Stability test - Iteration 7, Log 16
[INF][SYS]: Stability test - Iteration 7, Log 17
[INF][SYS]: Stability test - Iteration 7, Log 18
[INF][SYS]: Stability test - Iteration 7, Log 19
[INF][SYS]: Stability test - Iteration 7, Log 20
[INF][SYS]: Stability test - Iteration 7, Log 21
[INF][SYS]: Stability test - Iteration 7, Log 22
[INF][SYS]: Stability test - Iteration 7, Log 23
[INF][SYS]: Stability test - Iteration 7, Log 24
[INF][SYS]: Stability test - Iteration 7, Log 25
[INF][SYS]: Stability test - Iteration 7, Log 26
[INF][SYS]: Stability test - Iteration 7, Log 27
[INF][SYS]: Stability test - Iteration 7, Log 28
[INF][SYS]: Stability test - Iteration 7, Log 29
[INF][SYS]: Stability test - Iteration 7, Log 30
[INF][SYS]: Stability test - Iteration 7, Log 31
[INF][SYS]: Stability test - Iteration 7, Log 32
[INF][SYS]: Stability test - Iteration 7, Log 33
[INF][SYS]: Stability test - Iteration 7, Log 34
[INF][SYS]: Stability test - Iteration 7, Log 35
[INF][SYS]: Stability test - Iteration 7, Log 36
[INF][SYS]: Stability test - Iteration 7, Log 37
[INF][SYS]: Stability test - Iteration 7, Log 38
[INF][SYS]: Stability test - Iteration 7, Log 39
[INF][SYS]: Stability test - Iteration 7, Log 40
[INF][SYS]: Stability test - Iteration 7, Log 41
[INF][SYS]: Stability test - Iteration 7, Log 42
[INF][SYS]: Stability test - Iteration 7, Log 43
[INF][SYS]: Stability test - Iteration 7, Log 44
[INF][SYS]: Stability test - Iteration 7, Log 45
[INF][SYS]: Stability test - Iteration 7, Log 46
[INF][SYS]: Stability test - Iteration 7, Log 47
[INF][SYS]: Stability test - Iteration 7, Log 48
[INF][SYS]: Stability test - Iteration 7, Log 49
[INF][SYS]: Stability test - Iteration 8, Log 0
[INF][SYS]: Stability test - Iteration 8, Log 1
[INF][SYS]: Stability test - Iteration 8, Log 2
[INF][SYS]: Stability test - Iteration 8, Log 3
[INF][SYS]: Stability test - Iteration 8, Log 4
[INF][SYS]: Stability test - Iteration 8, Log 5
[INF][SYS]: Stability test - Iteration 8, Log 6
[INF][SYS]: Stability test - Iteration 8, Log 7
[INF][SYS]: Stability test - Iteration 8, Log 8
[INF][SYS]: Stability test - Iteration 8, Log 9
[INF][SYS]: Stability test - Iteration 8, Log 10
[INF][SYS]: Stability test - Iteration 8, Log 11
[INF][SYS]: Stability test - Iteration 8, Log 12
[INF][SYS]: Stability test - Iteration 8, Log 13
[INF][SYS]: Stability test - Iteration 8, Log 14
[INF][SYS]: Stability test - Iteration 8, Log 15
[INF][SYS]: Stability test - Iteration 8, Log 16
[INF][SYS]: Stability test - Iteration 8, Log 17
[INF][SYS]: Stability test - Iteration 8, Log 18
[INF][SYS]: Stability test - Iteration 8, Log 19
[INF][SYS]: Stability test - Iteration 8, Log 20
[INF][SYS]: Stability test - Iteration 8, Log 21
[INF][SYS]: Stability test - Iteration 8, Log 22
[INF][SYS]: Stability test - Iteration 8, Log 23
[INF][SYS]: Stability test - Iteration 8, Log 24
[INF][SYS]: Stability test - Iteration 8, Log 25
[INF][SYS]: Stability test - Iteration 8, Log 26
[INF][SYS]: Stability test - Iteration 8, Log 27
[INF][SYS]: Stability test - Iteration 8, Log 28
[INF][SYS]: Stability test - Iteration 8, Log 29
[INF][SYS]: Stability test - Iteration 8, Log 30
[INF][SYS]: Stability test - Iteration 8, Log 31
[INF][SYS]: Stability test - Iteration 8, Log 32
[INF][SYS]: Stability test - Iteration 8, Log 33
[INF][SYS]: Stability test - Iteration 8, Log 34
[INF][SYS]: Stability test - Iteration 8, Log 35
[INF][SYS]: Stability test - Iteration 8, Log 36
[INF][SYS]: Stability test - Iteration 8, Log 37
[INF][SYS]: Stability test - Iteration 8, Log 38
[INF][SYS]: Stability test - Iteration 8, Log 39
[INF][SYS]: Stability test - Iteration 8, Log 40
[INF][SYS]: Stability test - Iteration 8, Log 41
[INF][SYS]: Stability test - Iteration 8, Log 42
[INF][SYS]: Stability test - Iteration 8, Log 43
[INF][SYS]: Stability test - Iteration 8, Log 44
[INF][SYS]: Stability test - Iteration 8, Log 45
[INF][SYS]: Stability test - Iteration 8, Log 46
[INF][SYS]: Stability test - Iteration 8, Log 47
[INF][SYS]: Stability test - Iteration 8, Log 48
[INF][SYS]: Stability test - Iteration 8, Log 49
[INF][SYS]: Stability test - Iteration 9, Log 0
[INF][SYS]: Stability test - Iteration 9, Log 1
[INF][SYS]: Stability test - Iteration 9, Log 2
[INF][SYS]: Stability test - Iteration 9, Log 3
[INF][SYS]: Stability test - Iteration 9, Log 4
[INF][SYS]: Stability test - Iteration 9, Log 5
[INF][SYS]: Stability test - Iteration 9, Log 6
[INF][SYS]: Stability test - Iteration 9, Log 7
[INF][SYS]: Stability test - Iteration 9, Log 8
[INF][SYS]: Stability test - Iteration 9, Log 9
[INF][SYS]: Stability test - Iteration 9, Log 10
[INF][SYS]: Stability test - Iteration 9, Log 11
[INF][SYS]: Stability test - Iteration 9, Log 12
[INF][SYS]: Stability test - Iteration 9, Log 13
[INF][SYS]: Stability test - Iteration 9, Log 14
[INF][SYS]: Stability test - Iteration 9, Log 15
[INF][SYS]: Stability test - Iteration 9, Log 16
[INF][SYS]: Stability test - Iteration 9, Log 17
[INF][SYS]: Stability test - Iteration 9, Log 18
[INF][SYS]: Stability test - Iteration 9, Log 19
[INF][SYS]: Stability test - Iteration 9, Log 20
[INF][SYS]: Stability test - Iteration 9, Log 21
[INF][SYS]: Stability test - Iteration 9, Log 22
[INF][SYS]: Stability test - Iteration 9, Log 23
[INF][SYS]: Stability test - Iteration 9, Log 24
[INF][SYS]: Stability test - Iteration 9, Log 25
[INF][SYS]: Stability test - Iteration 9, Log 26
[INF][SYS]: Stability test - Iteration 9, Log 27
[INF][SYS]: Stability test - Iteration 9, Log 28
[INF][SYS]: Stability test - Iteration 9, Log 29
[INF][SYS]: Stability test - Iteration 9, Log 30
[INF][SYS]: Stability test - Iteration 9, Log 31
[INF][SYS]: Stability test - Iteration 9, Log 32
[INF][SYS]: Stability test - Iteration 9, Log 33
[INF][SYS]: Stability test - Iteration 9, Log 34
[INF][SYS]: Stability test - Iteration 9, Log 35
[INF][SYS]: Stability test - Iteration 9, Log 36
[INF][SYS]: Stability test - Iteration 9, Log 37
[INF][SYS]: Stability test - Iteration 9, Log 38
[INF][SYS]: Stability test - Iteration 9, Log 39
[INF][SYS]: Stability test - Iteration 9, Log 40
[INF][SYS]: Stability test - Iteration 9, Log 41
[INF][SYS]: Stability test - Iteration 9, Log 42
[INF][SYS]: Stability test - Iteration 9, Log 43
[INF][SYS]: Stability test - Iteration 9, Log 44
[INF][SYS]: Stability test - Iteration 9, Log 45
[INF][SYS]: Stability test - Iteration 9, Log 46
[INF][SYS]: Stability test - Iteration 9, Log 47
[INF][SYS]: Stability test - Iteration 9, Log 48
[INF][SYS]: Stability test - Iteration 9, Log 49
[INF][SYS]: Stability test - Iteration 10, Log 0
[INF][SYS]: Stability test - Iteration 10, Log 1
[INF][SYS]: Stability test - Iteration 10, Log 2
[INF][SYS]: Stability test - Iteration 10, Log 3
[INF][SYS]: Stability test - Iteration 10, Log 4
[INF][SYS]: Stability test - Iteration 10, Log 5
[INF][SYS]: Stability test - Iteration 10, Log 6
[INF][SYS]: Stability test - Iteration 10, Log 7
[INF][SYS]: Stability test - Iteration 10, Log 8
[INF][SYS]: Stability test - Iteration 10, Log 9
[INF][SYS]: Stability test - Iteration 10, Log 10
[INF][SYS]: Stability test - Iteration 10, Log 11
[INF][SYS]: Stability test - Iteration 10, Log 12
[INF][SYS]: Stability test - Iteration 10, Log 13
[INF][SYS]: Stability test - Iteration 10, Log 14
[INF][SYS]: Stability test - Iteration 10, Log 15
[INF][SYS]: Stability test - Iteration 10, Log 16
[INF][SYS]: Stability test - Iteration 10, Log 17
[INF][SYS]: Stability test - Iteration 10, Log 18
[INF][SYS]: Stability test - Iteration 10, Log 19
[INF][SYS]: Stability test - Iteration 10, Log 20
[INF][SYS]: Stability test - Iteration 10, Log 21
[INF][SYS]: Stability test - Iteration 10, Log 22
[INF][SYS]: Stability test - Iteration 10, Log 23
[INF][SYS]: Stability test - Iteration 10, Log 24
[INF][SYS]: Stability test - Iteration 10, Log 25
[INF][SYS]: Stability test - Iteration 10, Log 26
[INF][SYS]: Stability test - Iteration 10, Log 27
[INF][SYS]: Stability test - Iteration 10, Log 28
[INF][SYS]: Stability test - Iteration 10, Log 29
[INF][SYS]: Stability test - Iteration 10, Log 30
[INF][SYS]: Stability test - Iteration 10, Log 31
[INF][SYS]: Stability test - Iteration 10, Log 32
[INF][SYS]: Stability test - Iteration 10, Log 33
[INF][SYS]: Stability test - Iteration 10, Log 34
[INF][SYS]: Stability test - Iteration 10, Log 35
[INF][SYS]: Stability test - Iteration 10, Log 36
[INF][SYS]: Stability test - Iteration 10, Log 37
[INF][SYS]: Stability test - Iteration 10, Log 38
[INF][SYS]: Stability test - Iteration 10, Log 39
[INF][SYS]: Stability test - Iteration 10, Log 40
[INF][SYS]: Stability test - Iteration 10, Log 41
[INF][SYS]: Stability test - Iteration 10, Log 42
[INF][SYS]: Stability test - Iteration 10, Log 43
[INF][SYS]: Stability test - Iteration 10, Log 44
[INF][SYS]: Stability test - Iteration 10, Log 45
[INF][SYS]: Stability test - Iteration 10, Log 46
[INF][SYS]: Stability test - Iteration 10, Log 47
[INF][SYS]: Stability test - Iteration 10, Log 48
[INF][SYS]: Stability test - Iteration 10, Log 49
[INF][SYS]: Stability test - Iteration 11, Log 0
[INF][SYS]: Stability test - Iteration 11, Log 1
[INF][SYS]: Stability test - Iteration 11, Log 2
[INF][SYS]: Stability test - Iteration 11, Log 3
[INF][SYS]: Stability test - Iteration 11, Log 4
[INF][SYS]: Stability test - Iteration 11, Log 5
[INF][SYS]: Stability test - Iteration 11, Log 6
[INF][SYS]: Stability test - Iteration 11, Log 7
[INF][SYS]: Stability test - Iteration 11, Log 8
[INF][SYS]: Stability test - Iteration 11, Log 9
[INF][SYS]: Stability test - Iteration 11, Log 10
[INF][SYS]: Stability test - Iteration 11, Log 11
[INF][SYS]: Stability test - Iteration 11, Log 12
[INF][SYS]: Stability test - Iteration 11, Log 13
[INF][SYS]: Stability test - Iteration 11, Log 14
[INF][SYS]: Stability test - Iteration 11, Log 15
[INF][SYS]: Stability test - Iteration 11, Log 16
[INF][SYS]: Stability test - Iteration 11, Log 17
[INF][SYS]: Stability test - Iteration 11, Log 18
[INF][SYS]: Stability test - Iteration 11, Log 19
[INF][SYS]: Stability test - Iteration 11, Log 20
[INF][SYS]: Stability test - Iteration 11, Log 21
[INF][SYS]: Stability test - Iteration 11, Log 22
[INF][SYS]: Stability test - Iteration 11, Log 23
[INF][SYS]: Stability test - Iteration 11, Log 24
[INF][SYS]: Stability test - Iteration 11, Log 25
[INF][SYS]: Stability test - Iteration 11, Log 26
[INF][SYS]: Stability test - Iteration 11, Log 27
[INF][SYS]: Stability test - Iteration 11, Log 28
[INF][SYS]: Stability test - Iteration 11, Log 29
[INF][SYS]: Stability test - Iteration 11, Log 30
[INF][SYS]: Stability test - Iteration 11, Log 31
[INF][SYS]: Stability test - Iteration 11, Log 32
[INF][SYS]: Stability test - Iteration 11, Log 33
[INF][SYS]: Stability test - Iteration 11, Log 34
[INF][SYS]: Stability test - Iteration 11, Log 35
[INF][SYS]: Stability test - Iteration 11, Log 36
[INF][SYS]: Stability test - Iteration 11, Log 37
[INF][SYS]: Stability test - Iteration 11, Log 38
[INF][SYS]: Stability test - Iteration 11, Log 39
[INF][SYS]: Stability test - Iteration 11, Log 40
[INF][SYS]: Stability test - Iteration 11, Log 41
[INF][SYS]: Stability test - Iteration 11, Log 42
[INF][SYS]: Stability test - Iteration 11, Log 43
[INF][SYS]: Stability test - Iteration 11, Log 44
[INF][SYS]: Stability test - Iteration 11, Log 45
[INF][SYS]: Stability test - Iteration 11, Log 46
[INF][SYS]: Stability test - Iteration 11, Log 47
[INF][SYS]: Stability test - Iteration 11, Log 48
[INF][SYS]: Stability test - Iteration 11, Log 49
[INF][SYS]: Stability test - Iteration 12, Log 0
[INF][SYS]: Stability test - Iteration 12, Log 1
[INF][SYS]: Stability test - Iteration 12, Log 2
[INF][SYS]: Stability test - Iteration 12, Log 3
[INF][SYS]: Stability test - Iteration 12, Log 4
[INF][SYS]: Stability test - Iteration 12, Log 5
[INF][SYS]: Stability test - Iteration 12, Log 6
[INF][SYS]: Stability test - Iteration 12, Log 7
[INF][SYS]: Stability test - Iteration 12, Log 8
[INF][SYS]: Stability test - Iteration 12, Log 9
[INF][SYS]: Stability test - Iteration 12, Log 10
[INF][SYS]: Stability test - Iteration 12, Log 11
[INF][SYS]: Stability test - Iteration 12, Log 12
[INF][SYS]: Stability test - Iteration 12, Log 13
[INF][SYS]: Stability test - Iteration 12, Log 14
[INF][SYS]: Stability test - Iteration 12, Log 15
[INF][SYS]: Stability test - Iteration 12, Log 16
[INF][SYS]: Stability test - Iteration 12, Log 17
[INF][SYS]: Stability test - Iteration 12, Log 18
[INF][SYS]: Stability test - Iteration 12, Log 19
[INF][SYS]: Stability test - Iteration 12, Log 20
[INF][SYS]: Stability test - Iteration 12, Log 21
[INF][SYS]: Stability test - Iteration 12, Log 22
[INF][SYS]: Stability test - Iteration 12, Log 23
[INF][SYS]: Stability test - Iteration 12, Log 24
[INF][SYS]: Stability test - Iteration 12, Log 25
[INF][SYS]: Stability test - Iteration 12, Log 26
[INF][SYS]: Stability test - Iteration 12, Log 27
[INF][SYS]: Stability test - Iteration 12, Log 28
[INF][SYS]: Stability test - Iteration 12, Log 29
[INF][SYS]: Stability test - Iteration 12, Log 30
[INF][SYS]: Stability test - Iteration 12, Log 31
[INF][SYS]: Stability test - Iteration 12, Log 32
[INF][SYS]: Stability test - Iteration 12, Log 33
[INF][SYS]: Stability test - Iteration 12, Log 34
[INF][SYS]: Stability test - Iteration 12, Log 35
[INF][SYS]: Stability test - Iteration 12, Log 36
[INF][SYS]: Stability test - Iteration 12, Log 37
[INF][SYS]: Stability test - Iteration 12, Log 38
[INF][SYS]: Stability test - Iteration 12, Log 39
[INF][SYS]: Stability test - Iteration 12, Log 40
[INF][SYS]: Stability test - Iteration 12, Log 41
[INF][SYS]: Stability test - Iteration 12, Log 42
[INF][SYS]: Stability test - Iteration 12, Log 43
[INF][SYS]: Stability test - Iteration 12, Log 44
[INF][SYS]: Stability test - Iteration 12, Log 45
[INF][SYS]: Stability test - Iteration 12, Log 46
[INF][SYS]: Stability test - Iteration 12, Log 47
[INF][SYS]: Stability test - Iteration 12, Log 48
[INF][SYS]: Stability test - Iteration 12, Log 49
[INF][SYS]: Stability test - Iteration 13, Log 0
[INF][SYS]: Stability test - Iteration 13, Log 1
[INF][SYS]: Stability test - Iteration 13, Log 2
[INF][SYS]: Stability test - Iteration 13, Log 3
[INF][SYS]: Stability test - Iteration 13, Log 4
[INF][SYS]: Stability test - Iteration 13, Log 5
[INF][SYS]: Stability test - Iteration 13, Log 6
[INF][SYS]: Stability test - Iteration 13, Log 7
[INF][SYS]: Stability test - Iteration 13, Log 8
[INF][SYS]: Stability test - Iteration 13, Log 9
[INF][SYS]: Stability test - Iteration 13, Log 10
[INF][SYS]: Stability test - Iteration 13, Log 11
[INF][SYS]: Stability test - Iteration 13, Log 12
[INF][SYS]: Stability test - Iteration 13, Log 13
[INF][SYS]: Stability test - Iteration 13, Log 14
[INF][SYS]: Stability test - Iteration 13, Log 15
[INF][SYS]: Stability test - Iteration 13, Log 16
[INF][SYS]: Stability test - Iteration 13, Log 17
[INF][SYS]: Stability test - Iteration 13, Log 18
[INF][SYS]: Stability test - Iteration 13, Log 19
[INF][SYS]: Stability test - Iteration 13, Log 20
[INF][SYS]: Stability test - Iteration 13, Log 21
[INF][SYS]: Stability test - Iteration 13, Log 22
[INF][SYS]: Stability test - Iteration 13, Log 23
[INF][SYS]: Stability test - Iteration 13, Log 24
[INF][SYS]: Stability test - Iteration 13, Log 25
[INF][SYS]: Stability test - Iteration 13, Log 26
[INF][SYS]: Stability test - Iteration 13, Log 27
[INF][SYS]: Stability test - Iteration 13, Log 28
[INF][SYS]: Stability test - Iteration 13, Log 29
[INF][SYS]: Stability test - Iteration 13, Log 30
[INF][SYS]: Stability test - Iteration 13, Log 31
[INF][SYS]: Stability test - Iteration 13, Log 32
[INF][SYS]: Stability test - Iteration 13, Log 33
[INF][SYS]: Stability test - Iteration 13, Log 34
[INF][SYS]: Stability test - Iteration 13, Log 35
[INF][SYS]: Stability test - Iteration 13, Log 36
[INF][SYS]: Stability test - Iteration 13, Log 37
[INF][SYS]: Stability test - Iteration 13, Log 38
[INF][SYS]: Stability test - Iteration 13, Log 39
[INF][SYS]: Stability test - Iteration 13, Log 40
[INF][SYS]: Stability test - Iteration 13, Log 41
[INF][SYS]: Stability test - Iteration 13, Log 42
[INF][SYS]: Stability test - Iteration 13, Log 43
[INF][SYS]: Stability test - Iteration 13, Log 44
[INF][SYS]: Stability test - Iteration 13, Log 45
[INF][SYS]: Stability test - Iteration 13, Log 46
[INF][SYS]: Stability test - Iteration 13, Log 47
[INF][SYS]: Stability test - Iteration 13, Log 48
[INF][SYS]: Stability test - Iteration 13, Log 49
[INF][SYS]: Stability test - Iteration 14, Log 0
[INF][SYS]: Stability test - Iteration 14, Log 1
[INF][SYS]: Stability test - Iteration 14, Log 2
[INF][SYS]: Stability test - Iteration 14, Log 3
[INF][SYS]: Stability test - Iteration 14, Log 4
[INF][SYS]: Stability test - Iteration 14, Log 5
[INF][SYS]: Stability test - Iteration 14, Log 6
[INF][SYS]: Stability test - Iteration 14, Log 7
[INF][SYS]: Stability test - Iteration 14, Log 8
[INF][SYS]: Stability test - Iteration 14, Log 9
[INF][SYS]: Stability test - Iteration 14, Log 10
[INF][SYS]: Stability test - Iteration 14, Log 11
[INF][SYS]: Stability test - Iteration 14, Log 12
[INF][SYS]: Stability test - Iteration 14, Log 13
[INF][SYS]: Stability test - Iteration 14, Log 14
[INF][SYS]: Stability test - Iteration 14, Log 15
[INF][SYS]: Stability test - Iteration 14, Log 16
[INF][SYS]: Stability test - Iteration 14, Log 17
[INF][SYS]: Stability test - Iteration 14, Log 18
[INF][SYS]: Stability test - Iteration 14, Log 19
[INF][SYS]: Stability test - Iteration 14, Log 20
[INF][SYS]: Stability test - Iteration 14, Log 21
[INF][SYS]: Stability test - Iteration 14, Log 22
[INF][SYS]: Stability test - Iteration 14, Log 23
[INF][SYS]: Stability test - Iteration 14, Log 24
[INF][SYS]: Stability test - Iteration 14, Log 25
[INF][SYS]: Stability test - Iteration 14, Log 26
[INF][SYS]: Stability test - Iteration 14, Log 27
[INF][SYS]: Stability test - Iteration 14, Log 28
[INF][SYS]: Stability test - Iteration 14, Log 29
[INF][SYS]: Stability test - Iteration 14, Log 30
[INF][SYS]: Stability test - Iteration 14, Log 31
[INF][SYS]: Stability test - Iteration 14, Log 32
[INF][SYS]: Stability test - Iteration 14, Log 33
[INF][SYS]: Stability test - Iteration 14, Log 34
[INF][SYS]: Stability test - Iteration 14, Log 35
[INF][SYS]: Stability test - Iteration 14, Log 36
[INF][SYS]: Stability test - Iteration 14, Log 37
[INF][SYS]: Stability test - Iteration 14, Log 38
[INF][SYS]: Stability test - Iteration 14, Log 39
[INF][SYS]: Stability test - Iteration 14, Log 40
[INF][SYS]: Stability test - Iteration 14, Log 41
[INF][SYS]: Stability test - Iteration 14, Log 42
[INF][SYS]: Stability test - Iteration 14, Log 43
[INF][SYS]: Stability test - Iteration 14, Log 44
[INF][SYS]: Stability test - Iteration 14, Log 45
[INF][SYS]: Stability test - Iteration 14, Log 46
[INF][SYS]: Stability test - Iteration 14, Log 47
[INF][SYS]: Stability test - Iteration 14, Log 48
[INF][SYS]: Stability test - Iteration 14, Log 49
[INF][SYS]: Stability test - Iteration 15, Log 0
[INF][SYS]: Stability test - Iteration 15, Log 1
[INF][SYS]: Stability test - Iteration 15, Log 2
[INF][SYS]: Stability test - Iteration 15, Log 3
[INF][SYS]: Stability test - Iteration 15, Log 4
[INF][SYS]: Stability test - Iteration 15, Log 5
[INF][SYS]: Stability test - Iteration 15, Log 6
[INF][SYS]: Stability test - Iteration 15, Log 7
[INF][SYS]: Stability test - Iteration 15, Log 8
[INF][SYS]: Stability test - Iteration 15, Log 9
[INF][SYS]: Stability test - Iteration 15, Log 10
[INF][SYS]: Stability test - Iteration 15, Log 11
[INF][SYS]: Stability test - Iteration 15, Log 12
[INF][SYS]: Stability test - Iteration 15, Log 13
[INF][SYS]: Stability test - Iteration 15, Log 14
[INF][SYS]: Stability test - Iteration 15, Log 15
[INF][SYS]: Stability test - Iteration 15, Log 16
[INF][SYS]: Stability test - Iteration 15, Log 17
[INF][SYS]: Stability test - Iteration 15, Log 18
[INF][SYS]: Stability test - Iteration 15, Log 19
[INF][SYS]: Stability test - Iteration 15, Log 20
[INF][SYS]: Stability test - Iteration 15, Log 21
[INF][SYS]: Stability test - Iteration 15, Log 22
[INF][SYS]: Stability test - Iteration 15, Log 23
[INF][SYS]: Stability test - Iteration 15, Log 24
[INF][SYS]: Stability test - Iteration 15, Log 25
[INF][SYS]: Stability test - Iteration 15, Log 26
[INF][SYS]: Stability test - Iteration 15, Log 27
[INF][SYS]: Stability test - Iteration 15, Log 28
[INF][SYS]: Stability test - Iteration 15, Log 29
[INF][SYS]: Stability test - Iteration 15, Log 30
[INF][SYS]: Stability test - Iteration 15, Log 31
[INF][SYS]: Stability test - Iteration 15, Log 32
[INF][SYS]: Stability test - Iteration 15, Log 33
[INF][SYS]: Stability test - Iteration 15, Log 34
[INF][SYS]: Stability test - Iteration 15, Log 35
[INF][SYS]: Stability test - Iteration 15, Log 36
[INF][SYS]: Stability test - Iteration 15, Log 37
[INF][SYS]: Stability test - Iteration 15, Log 38
[INF][SYS]: Stability test - Iteration 15, Log 39
[INF][SYS]: Stability test - Iteration 15, Log 40
[INF][SYS]: Stability test - Iteration 15, Log 41
[INF][SYS]: Stability test - Iteration 15, Log 42
[INF][SYS]: Stability test - Iteration 15, Log 43
[INF][SYS]: Stability test - Iteration 15, Log 44
[INF][SYS]: Stability test - Iteration 15, Log 45
[INF][SYS]: Stability test - Iteration 15, Log 46
[INF][SYS]: Stability test - Iteration 15, Log 47
[INF][SYS]: Stability test - Iteration 15, Log 48
[INF][SYS]: Stability test - Iteration 15, Log 49
[INF][SYS]: Stability test - Iteration 16, Log 0
[INF][SYS]: Stability test - Iteration 16, Log 1
[INF][SYS]: Stability test - Iteration 16, Log 2
[INF][SYS]: Stability test - Iteration 16, Log 3
[INF][SYS]: Stability test - Iteration 16, Log 4
[INF][SYS]: Stability test - Iteration 16, Log 5
[INF][SYS]: Stability test - Iteration 16, Log 6
[INF][SYS]: Stability test - Iteration 16, Log 7
[INF][SYS]: Stability test - Iteration 16, Log 8
[INF][SYS]: Stability test - Iteration 16, Log 9
[INF][SYS]: Stability test - Iteration 16, Log 10
[INF][SYS]: Stability test - Iteration 16, Log 11
[INF][SYS]: Stability test - Iteration 16, Log 12
[INF][SYS]: Stability test - Iteration 16, Log 13
[INF][SYS]: Stability test - Iteration 16, Log 14
[INF][SYS]: Stability test - Iteration 16, Log 15
[INF][SYS]: Stability test - Iteration 16, Log 16
[INF][SYS]: Stability test - Iteration 16, Log 17
[INF][SYS]: Stability test - Iteration 16, Log 18
[INF][SYS]: Stability test - Iteration 16, Log 19
[INF][SYS]: Stability test - Iteration 16, Log 20
[INF][SYS]: Stability test - Iteration 16, Log 21
[INF][SYS]: Stability test - Iteration 16, Log 22
[INF][SYS]: Stability test - Iteration 16, Log 23
[INF][SYS]: Stability test - Iteration 16, Log 24
[INF][SYS]: Stability test - Iteration 16, Log 25
[INF][SYS]: Stability test - Iteration 16, Log 26
[INF][SYS]: Stability test - Iteration 16, Log 27
[INF][SYS]: Stability test - Iteration 16, Log 28
[INF][SYS]: Stability test - Iteration 16, Log 29
[INF][SYS]: Stability test - Iteration 16, Log 30
[INF][SYS]: Stability test - Iteration 16, Log 31
[INF][SYS]: Stability test - Iteration 16, Log 32
[INF][SYS]: Stability test - Iteration 16, Log 33
[INF][SYS]: Stability test - Iteration 16, Log 34
[INF][SYS]: Stability test - Iteration 16, Log 35
[INF][SYS]: Stability test - Iteration 16, Log 36
[INF][SYS]: Stability test - Iteration 16, Log 37
[INF][SYS]: Stability test - Iteration 16, Log 38
[INF][SYS]: Stability test - Iteration 16, Log 39
[INF][SYS]: Stability test - Iteration 16, Log 40
[INF][SYS]: Stability test - Iteration 16, Log 41
[INF][SYS]: Stability test - Iteration 16, Log 42
[INF][SYS]: Stability test - Iteration 16, Log 43
[INF][SYS]: Stability test - Iteration 16, Log 44
[INF][SYS]: Stability test - Iteration 16, Log 45
[INF][SYS]: Stability test - Iteration 16, Log 46
[INF][SYS]: Stability test - Iteration 16, Log 47
[INF][SYS]: Stability test - Iteration 16, Log 48
[INF][SYS]: Stability test - Iteration 16, Log 49
[INF][SYS]: Stability test - Iteration 17, Log 0
[INF][SYS]: Stability test - Iteration 17, Log 1
[INF][SYS]: Stability test - Iteration 17, Log 2
[INF][SYS]: Stability test - Iteration 17, Log 3
[INF][SYS]: Stability test - Iteration 17, Log 4
[INF][SYS]: Stability test - Iteration 17, Log 5
[INF][SYS]: Stability test - Iteration 17, Log 6
[INF][SYS]: Stability test - Iteration 17, Log 7
[INF][SYS]: Stability test - Iteration 17, Log 8
[INF][SYS]: Stability test - Iteration 17, Log 9
[INF][SYS]: Stability test - Iteration 17, Log 10
[INF][SYS]: Stability test - Iteration 17, Log 11
[INF][SYS]: Stability test - Iteration 17, Log 12
[INF][SYS]: Stability test - Iteration 17, Log 13
[INF][SYS]: Stability test - Iteration 17, Log 14
[INF][SYS]: Stability test - Iteration 17, Log 15
[INF][SYS]: Stability test - Iteration 17, Log 16
[INF][SYS]: Stability test - Iteration 17, Log 17
[INF][SYS]: Stability test - Iteration 17, Log 18
[INF][SYS]: Stability test - Iteration 17, Log 19
[INF][SYS]: Stability test - Iteration 17, Log 20
[INF][SYS]: Stability test - Iteration 17, Log 21
[INF][SYS]: Stability test - Iteration 17, Log 22
[INF][SYS]: Stability test - Iteration 17, Log 23
[INF][SYS]: Stability test - Iteration 17, Log 24
[INF][SYS]: Stability test - Iteration 17, Log 25
[INF][SYS]: Stability test - Iteration 17, Log 26
[INF][SYS]: Stability test - Iteration 17, Log 27
[INF][SYS]: Stability test - Iteration 17, Log 28
[INF][SYS]: Stability test - Iteration 17, Log 29
[INF][SYS]: Stability test - Iteration 17, Log 30
[INF][SYS]: Stability test - Iteration 17, Log 31
[INF][SYS]: Stability test - Iteration 17, Log 32
[INF][SYS]: Stability test - Iteration 17, Log 33
[INF][SYS]: Stability test - Iteration 17, Log 34
[INF][SYS]: Stability test - Iteration 17, Log 35
[INF][SYS]: Stability test - Iteration 17, Log 36
[INF][SYS]: Stability test - Iteration 17, Log 37
[INF][SYS]: Stability test - Iteration 17, Log 38
[INF][SYS]: Stability test - Iteration 17, Log 39
[INF][SYS]: Stability test - Iteration 17, Log 40
[INF][SYS]: Stability test - Iteration 17, Log 41
[INF][SYS]: Stability test - Iteration 17, Log 42
[INF][SYS]: Stability test - Iteration 17, Log 43
[INF][SYS]: Stability test - Iteration 17, Log 44
[INF][SYS]: Stability test - Iteration 17, Log 45
[INF][SYS]: Stability test - Iteration 17, Log 46
[INF][SYS]: Stability test - Iteration 17, Log 47
[INF][SYS]: Stability test - Iteration 17, Log 48
[INF][SYS]: Stability test - Iteration 17, Log 49
[INF][SYS]: Stability test - Iteration 18, Log 0
[INF][SYS]: Stability test - Iteration 18, Log 1
[INF][SYS]: Stability test - Iteration 18, Log 2
[INF][SYS]: Stability test - Iteration 18, Log 3
[INF][SYS]: Stability test - Iteration 18, Log 4
[INF][SYS]: Stability test - Iteration 18, Log 5
[INF][SYS]: Stability test - Iteration 18, Log 6
[INF][SYS]: Stability test - Iteration 18, Log 7
[INF][SYS]: Stability test - Iteration 18, Log 8
[INF][SYS]: Stability test - Iteration 18, Log 9
[INF][SYS]: Stability test - Iteration 18, Log 10
[INF][SYS]: Stability test - Iteration 18, Log 11
[INF][SYS]: Stability test - Iteration 18, Log 12
[INF][SYS]: Stability test - Iteration 18, Log 13
[INF][SYS]: Stability test - Iteration 18, Log 14
[INF][SYS]: Stability test - Iteration 18, Log 15
[INF][SYS]: Stability test - Iteration 18, Log 16
[INF][SYS]: Stability test - Iteration 18, Log 17
[INF][SYS]: Stability test - Iteration 18, Log 18
[INF][SYS]: Stability test - Iteration 18, Log 19
[INF][SYS]: Stability test - Iteration 18, Log 20
[INF][SYS]: Stability test - Iteration 18, Log 21
[INF][SYS]: Stability test - Iteration 18, Log 22
[INF][SYS]: Stability test - Iteration 18, Log 23
[INF][SYS]: Stability test - Iteration 18, Log 24
[INF][SYS]: Stability test - Iteration 18, Log 25
[INF][SYS]: Stability test - Iteration 18, Log 26
[INF][SYS]: Stability test - Iteration 18, Log 27
[INF][SYS]: Stability test - Iteration 18, Log 28
[INF][SYS]: Stability test - Iteration 18, Log 29
[INF][SYS]: Stability test - Iteration 18, Log 30
[INF][SYS]: Stability test - Iteration 18, Log 31
[INF][SYS]: Stability test - Iteration 18, Log 32
[INF][SYS]: Stability test - Iteration 18, Log 33
[INF][SYS]: Stability test - Iteration 18, Log 34
[INF][SYS]: Stability test - Iteration 18, Log 35
[INF][SYS]: Stability test - Iteration 18, Log 36
[INF][SYS]: Stability test - Iteration 18, Log 37
[INF][SYS]: Stability test - Iteration 18, Log 38
[INF][SYS]: Stability test - Iteration 18, Log 39
[INF][SYS]: Stability test - Iteration 18, Log 40
[INF][SYS]: Stability test - Iteration 18, Log 41
[INF][SYS]: Stability test - Iteration 18, Log 42
[INF][SYS]: Stability test - Iteration 18, Log 43
[INF][SYS]: Stability test - Iteration 18, Log 44
[INF][SYS]: Stability test - Iteration 18, Log 45
[INF][SYS]: Stability test - Iteration 18, Log 46
[INF][SYS]: Stability test - Iteration 18, Log 47
[INF][SYS]: Stability test - Iteration 18, Log 48
[INF][SYS]: Stability test - Iteration 18, Log 49
[INF][SYS]: Stability test - Iteration 19, Log 0
[INF][SYS]: Stability test - Iteration 19, Log 1
[INF][SYS]: Stability test - Iteration 19, Log 2
[INF][SYS]: Stability test - Iteration 19, Log 3
[INF][SYS]: Stability test - Iteration 19, Log 4
[INF][SYS]: Stability test - Iteration 19, Log 5
[INF][SYS]: Stability test - Iteration 19, Log 6
[INF][SYS]: Stability test - Iteration 19, Log 7
[INF][SYS]: Stability test - Iteration 19, Log 8
[INF][SYS]: Stability test - Iteration 19, Log 9
[INF][SYS]: Stability test - Iteration 19, Log 10
[INF][SYS]: Stability test - Iteration 19, Log 11
[INF][SYS]: Stability test - Iteration 19, Log 12
[INF][SYS]: Stability test - Iteration 19, Log 13
[INF][SYS]: Stability test - Iteration 19, Log 14
[INF][SYS]: Stability test - Iteration 19, Log 15
[INF][SYS]: Stability test - Iteration 19, Log 16
[INF][SYS]: Stability test - Iteration 19, Log 17
[INF][SYS]: Stability test - Iteration 19, Log 18
[INF][SYS]: Stability test - Iteration 19, Log 19
[INF][SYS]: Stability test - Iteration 19, Log 20
[INF][SYS]: Stability test - Iteration 19, Log 21
[INF][SYS]: Stability test - Iteration 19, Log 22
[INF][SYS]: Stability test - Iteration 19, Log 23
[INF][SYS]: Stability test - Iteration 19, Log 24
[INF][SYS]: Stability test - Iteration 19, Log 25
[INF][SYS]: Stability test - Iteration 19, Log 26
[INF][SYS]: Stability test - Iteration 19, Log 27
[INF][SYS]: Stability test - Iteration 19, Log 28
[INF][SYS]: Stability test - Iteration 19, Log 29
[INF][SYS]: Stability test - Iteration 19, Log 30
[INF][SYS]: Stability test - Iteration 19, Log 31
[INF][SYS]: Stability test - Iteration 19, Log 32
[INF][SYS]: Stability test - Iteration 19, Log 33
[INF][SYS]: Stability test - Iteration 19, Log 34
[INF][SYS]: Stability test - Iteration 19, Log 35
[INF][SYS]: Stability test - Iteration 19, Log 36
[INF][SYS]: Stability test - Iteration 19, Log 37
[INF][SYS]: Stability test - Iteration 19, Log 38
[INF][SYS]: Stability test - Iteration 19, Log 39
[INF][SYS]: Stability test - Iteration 19, Log 40
[INF][SYS]: Stability test - Iteration 19, Log 41
[INF][SYS]: Stability test - Iteration 19, Log 42
[INF][SYS]: Stability test - Iteration 19, Log 43
[INF][SYS]: Stability test - Iteration 19, Log 44
[INF][SYS]: Stability test - Iteration 19, Log 45
[INF][SYS]: Stability test - Iteration 19, Log 46
[INF][SYS]: Stability test - Iteration 19, Log 47
[INF][SYS]: Stability test - Iteration 19, Log 48
[INF][SYS]: Stability test - Iteration 19, Log 49
[INF][SYS]: Stability test - Iteration 20, Log 0
[INF][SYS]: Stability test - Iteration 20, Log 1
[INF][SYS]: Stability test - Iteration 20, Log 2
[INF][SYS]: Stability test - Iteration 20, Log 3
[INF][SYS]: Stability test - Iteration 20, Log 4
[INF][SYS]: Stability test - Iteration 20, Log 5
[INF][SYS]: Stability test - Iteration 20, Log 6
[INF][SYS]: Stability test - Iteration 20, Log 7
[INF][SYS]: Stability test - Iteration 20, Log 8
[INF][SYS]: Stability test - Iteration 20, Log 9
[INF][SYS]: Stability test - Iteration 20, Log 10
[INF][SYS]: Stability test - Iteration 20, Log 11
[INF][SYS]: Stability test - Iteration 20, Log 12
[INF][SYS]: Stability test - Iteration 20, Log 13
[INF][SYS]: Stability test - Iteration 20, Log 14
[INF][SYS]: Stability test - Iteration 20, Log 15
[INF][SYS]: Stability test - Iteration 20, Log 16
[INF][SYS]: Stability test - Iteration 20, Log 17
[INF][SYS]: Stability test - Iteration 20, Log 18
[INF][SYS]: Stability test - Iteration 20, Log 19
[INF][SYS]: Stability test - Iteration 20, Log 20
[INF][SYS]: Stability test - Iteration 20, Log 21
[INF][SYS]: Stability test - Iteration 20, Log 22
[INF][SYS]: Stability test - Iteration 20, Log 23
[INF][SYS]: Stability test - Iteration 20, Log 24
[INF][SYS]: Stability test - Iteration 20, Log 25
[INF][SYS]: Stability test - Iteration 20, Log 26
[INF][SYS]: Stability test - Iteration 20, Log 27
[INF][SYS]: Stability test - Iteration 20, Log 28
[INF][SYS]: Stability test - Iteration 20, Log 29
[INF][SYS]: Stability test - Iteration 20, Log 30
[INF][SYS]: Stability test - Iteration 20, Log 31
[INF][SYS]: Stability test - Iteration 20, Log 32
[INF][SYS]: Stability test - Iteration 20, Log 33
[INF][SYS]: Stability test - Iteration 20, Log 34
[INF][SYS]: Stability test - Iteration 20, Log 35
[INF][SYS]: Stability test - Iteration 20, Log 36
[INF][SYS]: Stability test - Iteration 20, Log 37
[INF][SYS]: Stability test - Iteration 20, Log 38
[INF][SYS]: Stability test - Iteration 20, Log 39
[INF][SYS]: Stability test - Iteration 20, Log 40
[INF][SYS]: Stability test - Iteration 20, Log 41
[INF][SYS]: Stability test - Iteration 20, Log 42
[INF][SYS]: Stability test - Iteration 20, Log 43
[INF][SYS]: Stability test - Iteration 20, Log 44
[INF][SYS]: Stability test - Iteration 20, Log 45
[INF][SYS]: Stability test - Iteration 20, Log 46
[INF][SYS]: Stability test - Iteration 20, Log 47
[INF][SYS]: Stability test - Iteration 20, Log 48
[INF][SYS]: Stability test - Iteration 20, Log 49
[INF][SYS]: Stability test - Iteration 21, Log 0
[INF][SYS]: Stability test - Iteration 21, Log 1
[INF][SYS]: Stability test - Iteration 21, Log 2
[INF][SYS]: Stability test - Iteration 21, Log 3
[INF][SYS]: Stability test - Iteration 21, Log 4
[INF][SYS]: Stability test - Iteration 21, Log 5
[INF][SYS]: Stability test - Iteration 21, Log 6
[INF][SYS]: Stability test - Iteration 21, Log 7
[INF][SYS]: Stability test - Iteration 21, Log 8
[INF][SYS]: Stability test - Iteration 21, Log 9
[INF][SYS]: Stability test - Iteration 21, Log 10
[INF][SYS]: Stability test - Iteration 21, Log 11
[INF][SYS]: Stability test - Iteration 21, Log 12
[INF][SYS]: Stability test - Iteration 21, Log 13
[INF][SYS]: Stability test - Iteration 21, Log 14
[INF][SYS]: Stability test - Iteration 21, Log 15
[INF][SYS]: Stability test - Iteration 21, Log 16
[INF][SYS]: Stability test - Iteration 21, Log 17
[INF][SYS]: Stability test - Iteration 21, Log 18
[INF][SYS]: Stability test - Iteration 21, Log 19
[INF][SYS]: Stability test - Iteration 21, Log 20
[INF][SYS]: Stability test - Iteration 21, Log 21
[INF][SYS]: Stability test - Iteration 21, Log 22
[INF][SYS]: Stability test - Iteration 21, Log 23
[INF][SYS]: Stability test - Iteration 21, Log 24
[INF][SYS]: Stability test - Iteration 21, Log 25
[INF][SYS]: Stability test - Iteration 21, Log 26
[INF][SYS]: Stability test - Iteration 21, Log 27
[INF][SYS]: Stability test - Iteration 21, Log 28
[INF][SYS]: Stability test - Iteration 21, Log 29
[INF][SYS]: Stability test - Iteration 21, Log 30
[INF][SYS]: Stability test - Iteration 21, Log 31
[INF][SYS]: Stability test - Iteration 21, Log 32
[INF][SYS]: Stability test - Iteration 21, Log 33
[INF][SYS]: Stability test - Iteration 21, Log 34
[INF][SYS]: Stability test - Iteration 21, Log 35
[INF][SYS]: Stability test - Iteration 21, Log 36
[INF][SYS]: Stability test - Iteration 21, Log 37
[INF][SYS]: Stability test - Iteration 21, Log 38
[INF][SYS]: Stability test - Iteration 21, Log 39
[INF][SYS]: Stability test - Iteration 21, Log 40
[INF][SYS]: Stability test - Iteration 21, Log 41
[INF][SYS]: Stability test - Iteration 21, Log 42
[INF][SYS]: Stability test - Iteration 21, Log 43
[INF][SYS]: Stability test - Iteration 21, Log 44
[INF][SYS]: Stability test - Iteration 21, Log 45
[INF][SYS]: Stability test - Iteration 21, Log 46
[INF][SYS]: Stability test - Iteration 21, Log 47
[INF][SYS]: Stability test - Iteration 21, Log 48
[INF][SYS]: Stability test - Iteration 21, Log 49
[INF][SYS]: Stability test - Iteration 22, Log 0
[INF][SYS]: Stability test - Iteration 22, Log 1
[INF][SYS]: Stability test - Iteration 22, Log 2
[INF][SYS]: Stability test - Iteration 22, Log 3
[INF][SYS]: Stability test - Iteration 22, Log 4
[INF][SYS]: Stability test - Iteration 22, Log 5
[INF][SYS]: Stability test - Iteration 22, Log 6
[INF][SYS]: Stability test - Iteration 22, Log 7
[INF][SYS]: Stability test - Iteration 22, Log 8
[INF][SYS]: Stability test - Iteration 22, Log 9
[INF][SYS]: Stability test - Iteration 22, Log 10
[INF][SYS]: Stability test - Iteration 22, Log 11
[INF][SYS]: Stability test - Iteration 22, Log 12
[INF][SYS]: Stability test - Iteration 22, Log 13
[INF][SYS]: Stability test - Iteration 22, Log 14
[INF][SYS]: Stability test - Iteration 22, Log 15
[INF][SYS]: Stability test - Iteration 22, Log 16
[INF][SYS]: Stability test - Iteration 22, Log 17
[INF][SYS]: Stability test - Iteration 22, Log 18
[INF][SYS]: Stability test - Iteration 22, Log 19
[INF][SYS]: Stability test - Iteration 22, Log 20
[INF][SYS]: Stability test - Iteration 22, Log 21
[INF][SYS]: Stability test - Iteration 22, Log 22
[INF][SYS]: Stability test - Iteration 22, Log 23
[INF][SYS]: Stability test - Iteration 22, Log 24
[INF][SYS]: Stability test - Iteration 22, Log 25
[INF][SYS]: Stability test - Iteration 22, Log 26
[INF][SYS]: Stability test - Iteration 22, Log 27
[INF][SYS]: Stability test - Iteration 22, Log 28
[INF][SYS]: Stability test - Iteration 22, Log 29
[INF][SYS]: Stability test - Iteration 22, Log 30
[INF][SYS]: Stability test - Iteration 22, Log 31
[INF][SYS]: Stability test - Iteration 22, Log 32
[INF][SYS]: Stability test - Iteration 22, Log 33
[INF][SYS]: Stability test - Iteration 22, Log 34
[INF][SYS]: Stability test - Iteration 22, Log 35
[INF][SYS]: Stability test - Iteration 22, Log 36
[INF][SYS]: Stability test - Iteration 22, Log 37
[INF][SYS]: Stability test - Iteration 22, Log 38
[INF][SYS]: Stability test - Iteration 22, Log 39
[INF][SYS]: Stability test - Iteration 22, Log 40
[INF][SYS]: Stability test - Iteration 22, Log 41
[INF][SYS]: Stability test - Iteration 22, Log 42
[INF][SYS]: Stability test - Iteration 22, Log 43
[INF][SYS]: Stability test - Iteration 22, Log 44
[INF][SYS]: Stability test - Iteration 22, Log 45
[INF][SYS]: Stability test - Iteration 22, Log 46
[INF][SYS]: Stability test - Iteration 22, Log 47
[INF][SYS]: Stability test - Iteration 22, Log 48
[INF][SYS]: Stability test - Iteration 22, Log 49
[INF][SYS]: Stability test - Iteration 23, Log 0
[INF][SYS]: Stability test - Iteration 23, Log 1
[INF][SYS]: Stability test - Iteration 23, Log 2
[INF][SYS]: Stability test - Iteration 23, Log 3
[INF][SYS]: Stability test - Iteration 23, Log 4
[INF][SYS]: Stability test - Iteration 23, Log 5
[INF][SYS]: Stability test - Iteration 23, Log 6
[INF][SYS]: Stability test - Iteration 23, Log 7
[INF][SYS]: Stability test - Iteration 23, Log 8
[INF][SYS]: Stability test - Iteration 23, Log 9
[INF][SYS]: Stability test - Iteration 23, Log 10
[INF][SYS]: Stability test - Iteration 23, Log 11
[INF][SYS]: Stability test - Iteration 23, Log 12
[INF][SYS]: Stability test - Iteration 23, Log 13
[INF][SYS]: Stability test - Iteration 23, Log 14
[INF][SYS]: Stability test - Iteration 23, Log 15
[INF][SYS]: Stability test - Iteration 23, Log 16
[INF][SYS]: Stability test - Iteration 23, Log 17
[INF][SYS]: Stability test - Iteration 23, Log 18
[INF][SYS]: Stability test - Iteration 23, Log 19
[INF][SYS]: Stability test - Iteration 23, Log 20
[INF][SYS]: Stability test - Iteration 23, Log 21
[INF][SYS]: Stability test - Iteration 23, Log 22
[INF][SYS]: Stability test - Iteration 23, Log 23
[INF][SYS]: Stability test - Iteration 23, Log 24
[INF][SYS]: Stability test - Iteration 23, Log 25
[INF][SYS]: Stability test - Iteration 23, Log 26
[INF][SYS]: Stability test - Iteration 23, Log 27
[INF][SYS]: Stability test - Iteration 23, Log 28
[INF][SYS]: Stability test - Iteration 23, Log 29
[INF][SYS]: Stability test - Iteration 23, Log 30
[INF][SYS]: Stability test - Iteration 23, Log 31
[INF][SYS]: Stability test - Iteration 23, Log 32
[INF][SYS]: Stability test - Iteration 23, Log 33
[INF][SYS]: Stability test - Iteration 23, Log 34
[INF][SYS]: Stability test - Iteration 23, Log 35
[INF][SYS]: Stability test - Iteration 23, Log 36
[INF][SYS]: Stability test - Iteration 23, Log 37
[INF][SYS]: Stability test - Iteration 23, Log 38
[INF][SYS]: Stability test - Iteration 23, Log 39
[INF][SYS]: Stability test - Iteration 23, Log 40
[INF][SYS]: Stability test - Iteration 23, Log 41
[INF][SYS]: Stability test - Iteration 23, Log 42
[INF][SYS]: Stability test - Iteration 23, Log 43
[INF][SYS]: Stability test - Iteration 23, Log 44
[INF][SYS]: Stability test - Iteration 23, Log 45
[INF][SYS]: Stability test - Iteration 23, Log 46
[INF][SYS]: Stability test - Iteration 23, Log 47
[INF][SYS]: Stability test - Iteration 23, Log 48
[INF][SYS]: Stability test - Iteration 23, Log 49
[INF][SYS]: Stability test - Iteration 24, Log 0
[INF][SYS]: Stability test - Iteration 24, Log 1
[INF][SYS]: Stability test - Iteration 24, Log 2
[INF][SYS]: Stability test - Iteration 24, Log 3
[INF][SYS]: Stability test - Iteration 24, Log 4
[INF][SYS]: Stability test - Iteration 24, Log 5
[INF][SYS]: Stability test - Iteration 24, Log 6
[INF][SYS]: Stability test - Iteration 24, Log 7
[INF][SYS]: Stability test - Iteration 24, Log 8
[INF][SYS]: Stability test - Iteration 24, Log 9
[INF][SYS]: Stability test - Iteration 24, Log 10
[INF][SYS]: Stability test - Iteration 24, Log 11
[INF][SYS]: Stability test - Iteration 24, Log 12
[INF][SYS]: Stability test - Iteration 24, Log 13
[INF][SYS]: Stability test - Iteration 24, Log 14
[INF][SYS]: Stability test - Iteration 24, Log 15
[INF][SYS]: Stability test - Iteration 24, Log 16
[INF][SYS]: Stability test - Iteration 24, Log 17
[INF][SYS]: Stability test - Iteration 24, Log 18
[INF][SYS]: Stability test - Iteration 24, Log 19
[INF][SYS]: Stability test - Iteration 24, Log 20
[INF][SYS]: Stability test - Iteration 24, Log 21
[INF][SYS]: Stability test - Iteration 24, Log 22
[INF][SYS]: Stability test - Iteration 24, Log 23
[INF][SYS]: Stability test - Iteration 24, Log 24
[INF][SYS]: Stability test - Iteration 24, Log 25
[INF][SYS]: Stability test - Iteration 24, Log 26
[INF][SYS]: Stability test - Iteration 24, Log 27
[INF][SYS]: Stability test - Iteration 24, Log 28
[INF][SYS]: Stability test - Iteration 24, Log 29
[INF][SYS]: Stability test - Iteration 24, Log 30
[INF][SYS]: Stability test - Iteration 24, Log 31
[INF][SYS]: Stability test - Iteration 24, Log 32
[INF][SYS]: Stability test - Iteration 24, Log 33
[INF][SYS]: Stability test - Iteration 24, Log 34
[INF][SYS]: Stability test - Iteration 24, Log 35
[INF][SYS]: Stability test - Iteration 24, Log 36
[INF][SYS]: Stability test - Iteration 24, Log 37
[INF][SYS]: Stability test - Iteration 24, Log 38
[INF][SYS]: Stability test - Iteration 24, Log 39
[INF][SYS]: Stability test - Iteration 24, Log 40
[INF][SYS]: Stability test - Iteration 24, Log 41
[INF][SYS]: Stability test - Iteration 24, Log 42
[INF][SYS]: Stability test - Iteration 24, Log 43
[INF][SYS]: Stability test - Iteration 24, Log 44
[INF][SYS]: Stability test - Iteration 24, Log 45
[INF][SYS]: Stability test - Iteration 24, Log 46
[INF][SYS]: Stability test - Iteration 24, Log 47
[INF][SYS]: Stability test - Iteration 24, Log 48
[INF][SYS]: Stability test - Iteration 24, Log 49
[INF][SYS]: Stability test - Iteration 25, Log 0
[INF][SYS]: Stability test - Iteration 25, Log 1
[INF][SYS]: Stability test - Iteration 25, Log 2
[INF][SYS]: Stability test - Iteration 25, Log 3
[INF][SYS]: Stability test - Iteration 25, Log 4
[INF][SYS]: Stability test - Iteration 25, Log 5
[INF][SYS]: Stability test - Iteration 25, Log 6
[INF][SYS]: Stability test - Iteration 25, Log 7
[INF][SYS]: Stability test - Iteration 25, Log 8
[INF][SYS]: Stability test - Iteration 25, Log 9
[INF][SYS]: Stability test - Iteration 25, Log 10
[INF][SYS]: Stability test - Iteration 25, Log 11
[INF][SYS]: Stability test - Iteration 25, Log 12
[INF][SYS]: Stability test - Iteration 25, Log 13
[INF][SYS]: Stability test - Iteration 25, Log 14
[INF][SYS]: Stability test - Iteration 25, Log 15
[INF][SYS]: Stability test - Iteration 25, Log 16
[INF][SYS]: Stability test - Iteration 25, Log 17
[INF][SYS]: Stability test - Iteration 25, Log 18
[INF][SYS]: Stability test - Iteration 25, Log 19
[INF][SYS]: Stability test - Iteration 25, Log 20
[INF][SYS]: Stability test - Iteration 25, Log 21
[INF][SYS]: Stability test - Iteration 25, Log 22
[INF][SYS]: Stability test - Iteration 25, Log 23
[INF][SYS]: Stability test - Iteration 25, Log 24
[INF][SYS]: Stability test - Iteration 25, Log 25
[INF][SYS]: Stability test - Iteration 25, Log 26
[INF][SYS]: Stability test - Iteration 25, Log 27
[INF][SYS]: Stability test - Iteration 25, Log 28
[INF][SYS]: Stability test - Iteration 25, Log 29
[INF][SYS]: Stability test - Iteration 25, Log 30
[INF][SYS]: Stability test - Iteration 25, Log 31
[INF][SYS]: Stability test - Iteration 25, Log 32
[INF][SYS]: Stability test - Iteration 25, Log 33
[INF][SYS]: Stability test - Iteration 25, Log 34
[INF][SYS]: Stability test - Iteration 25, Log 35
[INF][SYS]: Stability test - Iteration 25, Log 36
[INF][SYS]: Stability test - Iteration 25, Log 37
[INF][SYS]: Stability test - Iteration 25, Log 38
[INF][SYS]: Stability test - Iteration 25, Log 39
[INF][SYS]: Stability test - Iteration 25, Log 40
[INF][SYS]: Stability test - Iteration 25, Log 41
[INF][SYS]: Stability test - Iteration 25, Log 42
[INF][SYS]: Stability test - Iteration 25, Log 43
[INF][SYS]: Stability test - Iteration 25, Log 44
[INF][SYS]: Stability test - Iteration 25, Log 45
[INF][SYS]: Stability test - Iteration 25, Log 46
[INF][SYS]: Stability test - Iteration 25, Log 47
[INF][SYS]: Stability test - Iteration 25, Log 48
[INF][SYS]: Stability test - Iteration 25, Log 49
[INF][SYS]: Stability test - Iteration 26, Log 0
[INF][SYS]: Stability test - Iteration 26, Log 1
[INF][SYS]: Stability test - Iteration 26, Log 2
[INF][SYS]: Stability test - Iteration 26, Log 3
[INF][SYS]: Stability test - Iteration 26, Log 4
[INF][SYS]: Stability test - Iteration 26, Log 5
[INF][SYS]: Stability test - Iteration 26, Log 6
[INF][SYS]: Stability test - Iteration 26, Log 7
[INF][SYS]: Stability test - Iteration 26, Log 8
[INF][SYS]: Stability test - Iteration 26, Log 9
[INF][SYS]: Stability test - Iteration 26, Log 10
[INF][SYS]: Stability test - Iteration 26, Log 11
[INF][SYS]: Stability test - Iteration 26, Log 12
[INF][SYS]: Stability test - Iteration 26, Log 13
[INF][SYS]: Stability test - Iteration 26, Log 14
[INF][SYS]: Stability test - Iteration 26, Log 15
[INF][SYS]: Stability test - Iteration 26, Log 16
[INF][SYS]: Stability test - Iteration 26, Log 17
[INF][SYS]: Stability test - Iteration 26, Log 18
[INF][SYS]: Stability test - Iteration 26, Log 19
[INF][SYS]: Stability test - Iteration 26, Log 20
[INF][SYS]: Stability test - Iteration 26, Log 21
[INF][SYS]: Stability test - Iteration 26, Log 22
[INF][SYS]: Stability test - Iteration 26, Log 23
[INF][SYS]: Stability test - Iteration 26, Log 24
[INF][SYS]: Stability test - Iteration 26, Log 25
[INF][SYS]: Stability test - Iteration 26, Log 26
[INF][SYS]: Stability test - Iteration 26, Log 27
[INF][SYS]: Stability test - Iteration 26, Log 28
[INF][SYS]: Stability test - Iteration 26, Log 29
[INF][SYS]: Stability test - Iteration 26, Log 30
[INF][SYS]: Stability test - Iteration 26, Log 31
[INF][SYS]: Stability test - Iteration 26, Log 32
[INF][SYS]: Stability test - Iteration 26, Log 33
[INF][SYS]: Stability test - Iteration 26, Log 34
[INF][SYS]: Stability test - Iteration 26, Log 35
[INF][SYS]: Stability test - Iteration 26, Log 36
[INF][SYS]: Stability test - Iteration 26, Log 37
[INF][SYS]: Stability test - Iteration 26, Log 38
[INF][SYS]: Stability test - Iteration 26, Log 39
[INF][SYS]: Stability test - Iteration 26, Log 40
[INF][SYS]: Stability test - Iteration 26, Log 41
[INF][SYS]: Stability test - Iteration 26, Log 42
[INF][SYS]: Stability test - Iteration 26, Log 43
[INF][SYS]: Stability test - Iteration 26, Log 44
[INF][SYS]: Stability test - Iteration 26, Log 45
[INF][SYS]: Stability test - Iteration 26, Log 46
[INF][SYS]: Stability test - Iteration 26, Log 47
[INF][SYS]: Stability test - Iteration 26, Log 48
[INF][SYS]: Stability test - Iteration 26, Log 49
[INF][SYS]: Stability test - Iteration 27, Log 0
[INF][SYS]: Stability test - Iteration 27, Log 1
[INF][SYS]: Stability test - Iteration 27, Log 2
[INF][SYS]: Stability test - Iteration 27, Log 3
[INF][SYS]: Stability test - Iteration 27, Log 4
[INF][SYS]: Stability test - Iteration 27, Log 5
[INF][SYS]: Stability test - Iteration 27, Log 6
[INF][SYS]: Stability test - Iteration 27, Log 7
[INF][SYS]: Stability test - Iteration 27, Log 8
[INF][SYS]: Stability test - Iteration 27, Log 9
[INF][SYS]: Stability test - Iteration 27, Log 10
[INF][SYS]: Stability test - Iteration 27, Log 11
[INF][SYS]: Stability test - Iteration 27, Log 12
[INF][SYS]: Stability test - Iteration 27, Log 13
[INF][SYS]: Stability test - Iteration 27, Log 14
[INF][SYS]: Stability test - Iteration 27, Log 15
[INF][SYS]: Stability test - Iteration 27, Log 16
[INF][SYS]: Stability test - Iteration 27, Log 17
[INF][SYS]: Stability test - Iteration 27, Log 18
[INF][SYS]: Stability test - Iteration 27, Log 19
[INF][SYS]: Stability test - Iteration 27, Log 20
[INF][SYS]: Stability test - Iteration 27, Log 21
[INF][SYS]: Stability test - Iteration 27, Log 22
[INF][SYS]: Stability test - Iteration 27, Log 23
[INF][SYS]: Stability test - Iteration 27, Log 24
[INF][SYS]: Stability test - Iteration 27, Log 25
[INF][SYS]: Stability test - Iteration 27, Log 26
[INF][SYS]: Stability test - Iteration 27, Log 27
[INF][SYS]: Stability test - Iteration 27, Log 28
[INF][SYS]: Stability test - Iteration 27, Log 29
[INF][SYS]: Stability test - Iteration 27, Log 30
[INF][SYS]: Stability test - Iteration 27, Log 31
[INF][SYS]: Stability test - Iteration 27, Log 32
[INF][SYS]: Stability test - Iteration 27, Log 33
[INF][SYS]: Stability test - Iteration 27, Log 34
[INF][SYS]: Stability test - Iteration 27, Log 35
[INF][SYS]: Stability test - Iteration 27, Log 36
[INF][SYS]: Stability test - Iteration 27, Log 37
[INF][SYS]: Stability test - Iteration 27, Log 38
[INF][SYS]: Stability test - Iteration 27, Log 39
[INF][SYS]: Stability test - Iteration 27, Log 40
[INF][SYS]: Stability test - Iteration 27, Log 41
[INF][SYS]: Stability test - Iteration 27, Log 42
[INF][SYS]: Stability test - Iteration 27, Log 43
[INF][SYS]: Stability test - Iteration 27, Log 44
[INF][SYS]: Stability test - Iteration 27, Log 45
[INF][SYS]: Stability test - Iteration 27, Log 46
[INF][SYS]: Stability test - Iteration 27, Log 47
[INF][SYS]: Stability test - Iteration 27, Log 48
[INF][SYS]: Stability test - Iteration 27, Log 49
[INF][SYS]: Stability test - Iteration 28, Log 0
[INF][SYS]: Stability test - Iteration 28, Log 1
[INF][SYS]: Stability test - Iteration 28, Log 2
[INF][SYS]: Stability test - Iteration 28, Log 3
[INF][SYS]: Stability test - Iteration 28, Log 4
[INF][SYS]: Stability test - Iteration 28, Log 5
[INF][SYS]: Stability test - Iteration 28, Log 6
[INF][SYS]: Stability test - Iteration 28, Log 7
[INF][SYS]: Stability test - Iteration 28, Log 8
[INF][SYS]: Stability test - Iteration 28, Log 9
[INF][SYS]: Stability test - Iteration 28, Log 10
[INF][SYS]: Stability test - Iteration 28, Log 11
[INF][SYS]: Stability test - Iteration 28, Log 12
[INF][SYS]: Stability test - Iteration 28, Log 13
[INF][SYS]: Stability test - Iteration 28, Log 14
[INF][SYS]: Stability test - Iteration 28, Log 15
[INF][SYS]: Stability test - Iteration 28, Log 16
[INF][SYS]: Stability test - Iteration 28, Log 17
[INF][SYS]: Stability test - Iteration 28, Log 18
[INF][SYS]: Stability test - Iteration 28, Log 19
[INF][SYS]: Stability test - Iteration 28, Log 20
[INF][SYS]: Stability test - Iteration 28, Log 21
[INF][SYS]: Stability test - Iteration 28, Log 22
[INF][SYS]: Stability test - Iteration 28, Log 23
[INF][SYS]: Stability test - Iteration 28, Log 24
[INF][SYS]: Stability test - Iteration 28, Log 25
[INF][SYS]: Stability test - Iteration 28, Log 26
[INF][SYS]: Stability test - Iteration 28, Log 27
[INF][SYS]: Stability test - Iteration 28, Log 28
[INF][SYS]: Stability test - Iteration 28, Log 29
[INF][SYS]: Stability test - Iteration 28, Log 30
[INF][SYS]: Stability test - Iteration 28, Log 31
[INF][SYS]: Stability test - Iteration 28, Log 32
[INF][SYS]: Stability test - Iteration 28, Log 33
[INF][SYS]: Stability test - Iteration 28, Log 34
[INF][SYS]: Stability test - Iteration 28, Log 35
[INF][SYS]: Stability test - Iteration 28, Log 36
[INF][SYS]: Stability test - Iteration 28, Log 37
[INF][SYS]: Stability test - Iteration 28, Log 38
[INF][SYS]: Stability test - Iteration 28, Log 39
[INF][SYS]: Stability test - Iteration 28, Log 40
[INF][SYS]: Stability test - Iteration 28, Log 41
[INF][SYS]: Stability test - Iteration 28, Log 42
[INF][SYS]: Stability test - Iteration 28, Log 43
[INF][SYS]: Stability test - Iteration 28, Log 44
[INF][SYS]: Stability test - Iteration 28, Log 45
[INF][SYS]: Stability test - Iteration 28, Log 46
[INF][SYS]: Stability test - Iteration 28, Log 47
[INF][SYS]: Stability test - Iteration 28, Log 48
[INF][SYS]: Stability test - Iteration 28, Log 49
[INF][SYS]: Stability test - Iteration 29, Log 0
[INF][SYS]: Stability test - Iteration 29, Log 1
[INF][SYS]: Stability test - Iteration 29, Log 2
[INF][SYS]: Stability test - Iteration 29, Log 3
[INF][SYS]: Stability test - Iteration 29, Log 4
[INF][SYS]: Stability test - Iteration 29, Log 5
[INF][SYS]: Stability test - Iteration 29, Log 6
[INF][SYS]: Stability test - Iteration 29, Log 7
[INF][SYS]: Stability test - Iteration 29, Log 8
[INF][SYS]: Stability test - Iteration 29, Log 9
[INF][SYS]: Stability test - Iteration 29, Log 10
[INF][SYS]: Stability test - Iteration 29, Log 11
[INF][SYS]: Stability test - Iteration 29, Log 12
[INF][SYS]: Stability test - Iteration 29, Log 13
[INF][SYS]: Stability test - Iteration 29, Log 14
[INF][SYS]: Stability test - Iteration 29, Log 15
[INF][SYS]: Stability test - Iteration 29, Log 16
[INF][SYS]: Stability test - Iteration 29, Log 17
[INF][SYS]: Stability test - Iteration 29, Log 18
[INF][SYS]: Stability test - Iteration 29, Log 19
[INF][SYS]: Stability test - Iteration 29, Log 20
[INF][SYS]: Stability test - Iteration 29, Log 21
[INF][SYS]: Stability test - Iteration 29, Log 22
[INF][SYS]: Stability test - Iteration 29, Log 23
[INF][SYS]: Stability test - Iteration 29, Log 24
[INF][SYS]: Stability test - Iteration 29, Log 25
[INF][SYS]: Stability test - Iteration 29, Log 26
[INF][SYS]: Stability test - Iteration 29, Log 27
[INF][SYS]: Stability test - Iteration 29, Log 28
[INF][SYS]: Stability test - Iteration 29, Log 29
[INF][SYS]: Stability test - Iteration 29, Log 30
[INF][SYS]: Stability test - Iteration 29, Log 31
[INF][SYS]: Stability test - Iteration 29, Log 32
[INF][SYS]: Stability test - Iteration 29, Log 33
[INF][SYS]: Stability test - Iteration 29, Log 34
[INF][SYS]: Stability test - Iteration 29, Log 35
[INF][SYS]: Stability test - Iteration 29, Log 36
[INF][SYS]: Stability test - Iteration 29, Log 37
[INF][SYS]: Stability test - Iteration 29, Log 38
[INF][SYS]: Stability test - Iteration 29, Log 39
[INF][SYS]: Stability test - Iteration 29, Log 40
[INF][SYS]: Stability test - Iteration 29, Log 41
[INF][SYS]: Stability test - Iteration 29, Log 42
[INF][SYS]: Stability test - Iteration 29, Log 43
[INF][SYS]: Stability test - Iteration 29, Log 44
[INF][SYS]: Stability test - Iteration 29, Log 45
[INF][SYS]: Stability test - Iteration 29, Log 46
[INF][SYS]: Stability test - Iteration 29, Log 47
[INF][SYS]: Stability test - Iteration 29, Log 48
[INF][SYS]: Stability test - Iteration 29, Log 49
[INF][SYS]: Stability test - Iteration 30, Log 0
[INF][SYS]: Stability test - Iteration 30, Log 1
[INF][SYS]: Stability test - Iteration 30, Log 2
[INF][SYS]: Stability test - Iteration 30, Log 3
[INF][SYS]: Stability test - Iteration 30, Log 4
[INF][SYS]: Stability test - Iteration 30, Log 5
[INF][SYS]: Stability test - Iteration 30, Log 6
[INF][SYS]: Stability test - Iteration 30, Log 7
[INF][SYS]: Stability test - Iteration 30, Log 8
[INF][SYS]: Stability test - Iteration 30, Log 9
[INF][SYS]: Stability test - Iteration 30, Log 10
[INF][SYS]: Stability test - Iteration 30, Log 11
[INF][SYS]: Stability test - Iteration 30, Log 12
[INF][SYS]: Stability test - Iteration 30, Log 13
[INF][SYS]: Stability test - Iteration 30, Log 14
[INF][SYS]: Stability test - Iteration 30, Log 15
[INF][SYS]: Stability test - Iteration 30, Log 16
[INF][SYS]: Stability test - Iteration 30, Log 17
[INF][SYS]: Stability test - Iteration 30, Log 18
[INF][SYS]: Stability test - Iteration 30, Log 19
[INF][SYS]: Stability test - Iteration 30, Log 20
[INF][SYS]: Stability test - Iteration 30, Log 21
[INF][SYS]: Stability test - Iteration 30, Log 22
[INF][SYS]: Stability test - Iteration 30, Log 23
[INF][SYS]: Stability test - Iteration 30, Log 24
[INF][SYS]: Stability test - Iteration 30, Log 25
[INF][SYS]: Stability test - Iteration 30, Log 26
[INF][SYS]: Stability test - Iteration 30, Log 27
[INF][SYS]: Stability test - Iteration 30, Log 28
[INF][SYS]: Stability test - Iteration 30, Log 29
[INF][SYS]: Stability test - Iteration 30, Log 30
[INF][SYS]: Stability test - Iteration 30, Log 31
[INF][SYS]: Stability test - Iteration 30, Log 32
[INF][SYS]: Stability test - Iteration 30, Log 33
[INF][SYS]: Stability test - Iteration 30, Log 34
[INF][SYS]: Stability test - Iteration 30, Log 35
[INF][SYS]: Stability test - Iteration 30, Log 36
[INF][SYS]: Stability test - Iteration 30, Log 37
[INF][SYS]: Stability test - Iteration 30, Log 38
[INF][SYS]: Stability test - Iteration 30, Log 39
[INF][SYS]: Stability test - Iteration 30, Log 40
[INF][SYS]: Stability test - Iteration 30, Log 41
[INF][SYS]: Stability test - Iteration 30, Log 42
[INF][SYS]: Stability test - Iteration 30, Log 43
[INF][SYS]: Stability test - Iteration 30, Log 44
[INF][SYS]: Stability test - Iteration 30, Log 45
[INF][SYS]: Stability test - Iteration 30, Log 46
[INF][SYS]: Stability test - Iteration 30, Log 47
[INF][SYS]: Stability test - Iteration 30, Log 48
[INF][SYS]: Stability test - Iteration 30, Log 49
[INF][SYS]: Stability test - Iteration 31, Log 0
[INF][SYS]: Stability test - Iteration 31, Log 1
[INF][SYS]: Stability test - Iteration 31, Log 2
[INF][SYS]: Stability test - Iteration 31, Log 3
[INF][SYS]: Stability test - Iteration 31, Log 4
[INF][SYS]: Stability test - Iteration 31, Log 5
[INF][SYS]: Stability test - Iteration 31, Log 6
[INF][SYS]: Stability test - Iteration 31, Log 7
[INF][SYS]: Stability test - Iteration 31, Log 8
[INF][SYS]: Stability test - Iteration 31, Log 9
[INF][SYS]: Stability test - Iteration 31, Log 10
[INF][SYS]: Stability test - Iteration 31, Log 11
[INF][SYS]: Stability test - Iteration 31, Log 12
[INF][SYS]: Stability test - Iteration 31, Log 13
[INF][SYS]: Stability test - Iteration 31, Log 14
[INF][SYS]: Stability test - Iteration 31, Log 15
[INF][SYS]: Stability test - Iteration 31, Log 16
[INF][SYS]: Stability test - Iteration 31, Log 17
[INF][SYS]: Stability test - Iteration 31, Log 18
[INF][SYS]: Stability test - Iteration 31, Log 19
[INF][SYS]: Stability test - Iteration 31, Log 20
[INF][SYS]: Stability test - Iteration 31, Log 21
[INF][SYS]: Stability test - Iteration 31, Log 22
[INF][SYS]: Stability test - Iteration 31, Log 23
[INF][SYS]: Stability test - Iteration 31, Log 24
[INF][SYS]: Stability test - Iteration 31, Log 25
[INF][SYS]: Stability test - Iteration 31, Log 26
[INF][SYS]: Stability test - Iteration 31, Log 27
[INF][SYS]: Stability test - Iteration 31, Log 28
[INF][SYS]: Stability test - Iteration 31, Log 29
[INF][SYS]: Stability test - Iteration 31, Log 30
[INF][SYS]: Stability test - Iteration 31, Log 31
[INF][SYS]: Stability test - Iteration 31, Log 32
[INF][SYS]: Stability test - Iteration 31, Log 33
[INF][SYS]: Stability test - Iteration 31, Log 34
[INF][SYS]: Stability test - Iteration 31, Log 35
[INF][SYS]: Stability test - Iteration 31, Log 36
[INF][SYS]: Stability test - Iteration 31, Log 37
[INF][SYS]: Stability test - Iteration 31, Log 38
[INF][SYS]: Stability test - Iteration 31, Log 39
[INF][SYS]: Stability test - Iteration 31, Log 40
[INF][SYS]: Stability test - Iteration 31, Log 41
[INF][SYS]: Stability test - Iteration 31, Log 42
[INF][SYS]: Stability test - Iteration 31, Log 43
[INF][SYS]: Stability test - Iteration 31, Log 44
[INF][SYS]: Stability test - Iteration 31, Log 45
[INF][SYS]: Stability test - Iteration 31, Log 46
[INF][SYS]: Stability test - Iteration 31, Log 47
[INF][SYS]: Stability test - Iteration 31, Log 48
[INF][SYS]: Stability test - Iteration 31, Log 49
[INF][SYS]: Stability test - Iteration 32, Log 0
[INF][SYS]: Stability test - Iteration 32, Log 1
[INF][SYS]: Stability test - Iteration 32, Log 2
[INF][SYS]: Stability test - Iteration 32, Log 3
[INF][SYS]: Stability test - Iteration 32, Log 4
[INF][SYS]: Stability test - Iteration 32, Log 5
[INF][SYS]: Stability test - Iteration 32, Log 6
[INF][SYS]: Stability test - Iteration 32, Log 7
[INF][SYS]: Stability test - Iteration 32, Log 8
[INF][SYS]: Stability test - Iteration 32, Log 9
[INF][SYS]: Stability test - Iteration 32, Log 10
[INF][SYS]: Stability test - Iteration 32, Log 11
[INF][SYS]: Stability test - Iteration 32, Log 12
[INF][SYS]: Stability test - Iteration 32, Log 13
[INF][SYS]: Stability test - Iteration 32, Log 14
[INF][SYS]: Stability test - Iteration 32, Log 15
[INF][SYS]: Stability test - Iteration 32, Log 16
[INF][SYS]: Stability test - Iteration 32, Log 17
[INF][SYS]: Stability test - Iteration 32, Log 18
[INF][SYS]: Stability test - Iteration 32, Log 19
[INF][SYS]: Stability test - Iteration 32, Log 20
[INF][SYS]: Stability test - Iteration 32, Log 21
[INF][SYS]: Stability test - Iteration 32, Log 22
[INF][SYS]: Stability test - Iteration 32, Log 23
[INF][SYS]: Stability test - Iteration 32, Log 24
[INF][SYS]: Stability test - Iteration 32, Log 25
[INF][SYS]: Stability test - Iteration 32, Log 26
[INF][SYS]: Stability test - Iteration 32, Log 27
[INF][SYS]: Stability test - Iteration 32, Log 28
[INF][SYS]: Stability test - Iteration 32, Log 29
[INF][SYS]: Stability test - Iteration 32, Log 30
[INF][SYS]: Stability test - Iteration 32, Log 31
[INF][SYS]: Stability test - Iteration 32, Log 32
[INF][SYS]: Stability test - Iteration 32, Log 33
[INF][SYS]: Stability test - Iteration 32, Log 34
[INF][SYS]: Stability test - Iteration 32, Log 35
[INF][SYS]: Stability test - Iteration 32, Log 36
[INF][SYS]: Stability test - Iteration 32, Log 37
[INF][SYS]: Stability test - Iteration 32, Log 38
[INF][SYS]: Stability test - Iteration 32, Log 39
[INF][SYS]: Stability test - Iteration 32, Log 40
[INF][SYS]: Stability test - Iteration 32, Log 41
[INF][SYS]: Stability test - Iteration 32, Log 42
[INF][SYS]: Stability test - Iteration 32, Log 43
[INF][SYS]: Stability test - Iteration 32, Log 44
[INF][SYS]: Stability test - Iteration 32, Log 45
[INF][SYS]: Stability test - Iteration 32, Log 46
[INF][SYS]: Stability test - Iteration 32, Log 47
[INF][SYS]: Stability test - Iteration 32, Log 48
[INF][SYS]: Stability test - Iteration 32, Log 49
[INF][SYS]: Stability test - Iteration 33, Log 0
[INF][SYS]: Stability test - Iteration 33, Log 1
[INF][SYS]: Stability test - Iteration 33, Log 2
[INF][SYS]: Stability test - Iteration 33, Log 3
[INF][SYS]: Stability test - Iteration 33, Log 4
[INF][SYS]: Stability test - Iteration 33, Log 5
[INF][SYS]: Stability test - Iteration 33, Log 6
[INF][SYS]: Stability test - Iteration 33, Log 7
[INF][SYS]: Stability test - Iteration 33, Log 8
[INF][SYS]: Stability test - Iteration 33, Log 9
[INF][SYS]: Stability test - Iteration 33, Log 10
[INF][SYS]: Stability test - Iteration 33, Log 11
[INF][SYS]: Stability test - Iteration 33, Log 12
[INF][SYS]: Stability test - Iteration 33, Log 13
[INF][SYS]: Stability test - Iteration 33, Log 14
[INF][SYS]: Stability test - Iteration 33, Log 15
[INF][SYS]: Stability test - Iteration 33, Log 16
[INF][SYS]: Stability test - Iteration 33, Log 17
[INF][SYS]: Stability test - Iteration 33, Log 18
[INF][SYS]: Stability test - Iteration 33, Log 19
[INF][SYS]: Stability test - Iteration 33, Log 20
[INF][SYS]: Stability test - Iteration 33, Log 21
[INF][SYS]: Stability test - Iteration 33, Log 22
[INF][SYS]: Stability test - Iteration 33, Log 23
[INF][SYS]: Stability test - Iteration 33, Log 24
[INF][SYS]: Stability test - Iteration 33, Log 25
[INF][SYS]: Stability test - Iteration 33, Log 26
[INF][SYS]: Stability test - Iteration 33, Log 27
[INF][SYS]: Stability test - Iteration 33, Log 28
[INF][SYS]: Stability test - Iteration 33, Log 29
[INF][SYS]: Stability test - Iteration 33, Log 30
[INF][SYS]: Stability test - Iteration 33, Log 31
[INF][SYS]: Stability test - Iteration 33, Log 32
[INF][SYS]: Stability test - Iteration 33, Log 33
[INF][SYS]: Stability test - Iteration 33, Log 34
[INF][SYS]: Stability test - Iteration 33, Log 35
[INF][SYS]: Stability test - Iteration 33, Log 36
[INF][SYS]: Stability test - Iteration 33, Log 37
[INF][SYS]: Stability test - Iteration 33, Log 38
[INF][SYS]: Stability test - Iteration 33, Log 39
[INF][SYS]: Stability test - Iteration 33, Log 40
[INF][SYS]: Stability test - Iteration 33, Log 41
[INF][SYS]: Stability test - Iteration 33, Log 42
[INF][SYS]: Stability test - Iteration 33, Log 43
[INF][SYS]: Stability test - Iteration 33, Log 44
[INF][SYS]: Stability test - Iteration 33, Log 45
[INF][SYS]: Stability test - Iteration 33, Log 46
[INF][SYS]: Stability test - Iteration 33, Log 47
[INF][SYS]: Stability test - Iteration 33, Log 48
[INF][SYS]: Stability test - Iteration 33, Log 49
[INF][SYS]: Stability test - Iteration 34, Log 0
[INF][SYS]: Stability test - Iteration 34, Log 1
[INF][SYS]: Stability test - Iteration 34, Log 2
[INF][SYS]: Stability test - Iteration 34, Log 3
[INF][SYS]: Stability test - Iteration 34, Log 4
[INF][SYS]: Stability test - Iteration 34, Log 5
[INF][SYS]: Stability test - Iteration 34, Log 6
[INF][SYS]: Stability test - Iteration 34, Log 7
[INF][SYS]: Stability test - Iteration 34, Log 8
[INF][SYS]: Stability test - Iteration 34, Log 9
[INF][SYS]: Stability test - Iteration 34, Log 10
[INF][SYS]: Stability test - Iteration 34, Log 11
[INF][SYS]: Stability test - Iteration 34, Log 12
[INF][SYS]: Stability test - Iteration 34, Log 13
[INF][SYS]: Stability test - Iteration 34, Log 14
[INF][SYS]: Stability test - Iteration 34, Log 15
[INF][SYS]: Stability test - Iteration 34, Log 16
[INF][SYS]: Stability test - Iteration 34, Log 17
[INF][SYS]: Stability test - Iteration 34, Log 18
[INF][SYS]: Stability test - Iteration 34, Log 19
[INF][SYS]: Stability test - Iteration 34, Log 20
[INF][SYS]: Stability test - Iteration 34, Log 21
[INF][SYS]: Stability test - Iteration 34, Log 22
[INF][SYS]: Stability test - Iteration 34, Log 23
[INF][SYS]: Stability test - Iteration 34, Log 24
[INF][SYS]: Stability test - Iteration 34, Log 25
[INF][SYS]: Stability test - Iteration 34, Log 26
[INF][SYS]: Stability test - Iteration 34, Log 27
[INF][SYS]: Stability test - Iteration 34, Log 28
[INF][SYS]: Stability test - Iteration 34, Log 29
[INF][SYS]: Stability test - Iteration 34, Log 30
[INF][SYS]: Stability test - Iteration 34, Log 31
[INF][SYS]: Stability test - Iteration 34, Log 32
[INF][SYS]: Stability test - Iteration 34, Log 33
[INF][SYS]: Stability test - Iteration 34, Log 34
[INF][SYS]: Stability test - Iteration 34, Log 35
[INF][SYS]: Stability test - Iteration 34, Log 36
[INF][SYS]: Stability test - Iteration 34, Log 37
[INF][SYS]: Stability test - Iteration 34, Log 38
[INF][SYS]: Stability test - Iteration 34, Log 39
[INF][SYS]: Stability test - Iteration 34, Log 40
[INF][SYS]: Stability test - Iteration 34, Log 41
[INF][SYS]: Stability test - Iteration 34, Log 42
[INF][SYS]: Stability test - Iteration 34, Log 43
[INF][SYS]: Stability test - Iteration 34, Log 44
[INF][SYS]: Stability test - Iteration 34, Log 45
[INF][SYS]: Stability test - Iteration 34, Log 46
[INF][SYS]: Stability test - Iteration 34, Log 47
[INF][SYS]: Stability test - Iteration 34, Log 48
[INF][SYS]: Stability test - Iteration 34, Log 49
[INF][SYS]: Stability test - Iteration 35, Log 0
[INF][SYS]: Stability test - Iteration 35, Log 1
[INF][SYS]: Stability test - Iteration 35, Log 2
[INF][SYS]: Stability test - Iteration 35, Log 3
[INF][SYS]: Stability test - Iteration 35, Log 4
[INF][SYS]: Stability test - Iteration 35, Log 5
[INF][SYS]: Stability test - Iteration 35, Log 6
[INF][SYS]: Stability test - Iteration 35, Log 7
[INF][SYS]: Stability test - Iteration 35, Log 8
[INF][SYS]: Stability test - Iteration 35, Log 9
[INF][SYS]: Stability test - Iteration 35, Log 10
[INF][SYS]: Stability test - Iteration 35, Log 11
[INF][SYS]: Stability test - Iteration 35, Log 12
[INF][SYS]: Stability test - Iteration 35, Log 13
[INF][SYS]: Stability test - Iteration 35, Log 14
[INF][SYS]: Stability test - Iteration 35, Log 15
[INF][SYS]: Stability test - Iteration 35, Log 16
[INF][SYS]: Stability test - Iteration 35, Log 17
[INF][SYS]: Stability test - Iteration 35, Log 18
[INF][SYS]: Stability test - Iteration 35, Log 19
[INF][SYS]: Stability test - Iteration 35, Log 20
[INF][SYS]: Stability test - Iteration 35, Log 21
[INF][SYS]: Stability test - Iteration 35, Log 22
[INF][SYS]: Stability test - Iteration 35, Log 23
[INF][SYS]: Stability test - Iteration 35, Log 24
[INF][SYS]: Stability test - Iteration 35, Log 25
[INF][SYS]: Stability test - Iteration 35, Log 26
[INF][SYS]: Stability test - Iteration 35, Log 27
[INF][SYS]: Stability test - Iteration 35, Log 28
[INF][SYS]: Stability test - Iteration 35, Log 29
[INF][SYS]: Stability test - Iteration 35, Log 30
[INF][SYS]: Stability test - Iteration 35, Log 31
[INF][SYS]: Stability test - Iteration 35, Log 32
[INF][SYS]: Stability test - Iteration 35, Log 33
[INF][SYS]: Stability test - Iteration 35, Log 34
[INF][SYS]: Stability test - Iteration 35, Log 35
[INF][SYS]: Stability test - Iteration 35, Log 36
[INF][SYS]: Stability test - Iteration 35, Log 37
[INF][SYS]: Stability test - Iteration 35, Log 38
[INF][SYS]: Stability test - Iteration 35, Log 39
[INF][SYS]: Stability test - Iteration 35, Log 40
[INF][SYS]: Stability test - Iteration 35, Log 41
[INF][SYS]: Stability test - Iteration 35, Log 42
[INF][SYS]: Stability test - Iteration 35, Log 43
[INF][SYS]: Stability test - Iteration 35, Log 44
[INF][SYS]: Stability test - Iteration 35, Log 45
[INF][SYS]: Stability test - Iteration 35, Log 46
[INF][SYS]: Stability test - Iteration 35, Log 47
[INF][SYS]: Stability test - Iteration 35, Log 48
[INF][SYS]: Stability test - Iteration 35, Log 49
[INF][SYS]: Stability test - Iteration 36, Log 0
[INF][SYS]: Stability test - Iteration 36, Log 1
[INF][SYS]: Stability test - Iteration 36, Log 2
[INF][SYS]: Stability test - Iteration 36, Log 3
[INF][SYS]: Stability test - Iteration 36, Log 4
[INF][SYS]: Stability test - Iteration 36, Log 5
[INF][SYS]: Stability test - Iteration 36, Log 6
[INF][SYS]: Stability test - Iteration 36, Log 7
[INF][SYS]: Stability test - Iteration 36, Log 8
[INF][SYS]: Stability test - Iteration 36, Log 9
[INF][SYS]: Stability test - Iteration 36, Log 10
[INF][SYS]: Stability test - Iteration 36, Log 11
[INF][SYS]: Stability test - Iteration 36, Log 12
[INF][SYS]: Stability test - Iteration 36, Log 13
[INF][SYS]: Stability test - Iteration 36, Log 14
[INF][SYS]: Stability test - Iteration 36, Log 15
[INF][SYS]: Stability test - Iteration 36, Log 16
[INF][SYS]: Stability test - Iteration 36, Log 17
[INF][SYS]: Stability test - Iteration 36, Log 18
[INF][SYS]: Stability test - Iteration 36, Log 19
[INF][SYS]: Stability test - Iteration 36, Log 20
[INF][SYS]: Stability test - Iteration 36, Log 21
[INF][SYS]: Stability test - Iteration 36, Log 22
[INF][SYS]: Stability test - Iteration 36, Log 23
[INF][SYS]: Stability test - Iteration 36, Log 24
[INF][SYS]: Stability test - Iteration 36, Log 25
[INF][SYS]: Stability test - Iteration 36, Log 26
[INF][SYS]: Stability test - Iteration 36, Log 27
[INF][SYS]: Stability test - Iteration 36, Log 28
[INF][SYS]: Stability test - Iteration 36, Log 29
[INF][SYS]: Stability test - Iteration 36, Log 30
[INF][SYS]: Stability test - Iteration 36, Log 31
[INF][SYS]: Stability test - Iteration 36, Log 32
[INF][SYS]: Stability test - Iteration 36, Log 33
[INF][SYS]: Stability test - Iteration 36, Log 34
[INF][SYS]: Stability test - Iteration 36, Log 35
[INF][SYS]: Stability test - Iteration 36, Log 36
[INF][SYS]: Stability test - Iteration 36, Log 37
[INF][SYS]: Stability test - Iteration 36, Log 38
[INF][SYS]: Stability test - Iteration 36, Log 39
[INF][SYS]: Stability test - Iteration 36, Log 40
[INF][SYS]: Stability test - Iteration 36, Log 41
[INF][SYS]: Stability test - Iteration 36, Log 42
[INF][SYS]: Stability test - Iteration 36, Log 43
[INF][SYS]: Stability test - Iteration 36, Log 44
[INF][SYS]: Stability test - Iteration 36, Log 45
[INF][SYS]: Stability test - Iteration 36, Log 46
[INF][SYS]: Stability test - Iteration 36, Log 47
[INF][SYS]: Stability test - Iteration 36, Log 48
[INF][SYS]: Stability test - Iteration 36, Log 49
[INF][SYS]: Stability test - Iteration 37, Log 0
[INF][SYS]: Stability test - Iteration 37, Log 1
[INF][SYS]: Stability test - Iteration 37, Log 2
[INF][SYS]: Stability test - Iteration 37, Log 3
[INF][SYS]: Stability test - Iteration 37, Log 4
[INF][SYS]: Stability test - Iteration 37, Log 5
[INF][SYS]: Stability test - Iteration 37, Log 6
[INF][SYS]: Stability test - Iteration 37, Log 7
[INF][SYS]: Stability test - Iteration 37, Log 8
[INF][SYS]: Stability test - Iteration 37, Log 9
[INF][SYS]: Stability test - Iteration 37, Log 10
[INF][SYS]: Stability test - Iteration 37, Log 11
[INF][SYS]: Stability test - Iteration 37, Log 12
[INF][SYS]: Stability test - Iteration 37, Log 13
[INF][SYS]: Stability test - Iteration 37, Log 14
[INF][SYS]: Stability test - Iteration 37, Log 15
[INF][SYS]: Stability test - Iteration 37, Log 16
[INF][SYS]: Stability test - Iteration 37, Log 17
[INF][SYS]: Stability test - Iteration 37, Log 18
[INF][SYS]: Stability test - Iteration 37, Log 19
[INF][SYS]: Stability test - Iteration 37, Log 20
[INF][SYS]: Stability test - Iteration 37, Log 21
[INF][SYS]: Stability test - Iteration 37, Log 22
[INF][SYS]: Stability test - Iteration 37, Log 23
[INF][SYS]: Stability test - Iteration 37, Log 24
[INF][SYS]: Stability test - Iteration 37, Log 25
[INF][SYS]: Stability test - Iteration 37, Log 26
[INF][SYS]: Stability test - Iteration 37, Log 27
[INF][SYS]: Stability test - Iteration 37, Log 28
[INF][SYS]: Stability test - Iteration 37, Log 29
[INF][SYS]: Stability test - Iteration 37, Log 30
[INF][SYS]: Stability test - Iteration 37, Log 31
[INF][SYS]: Stability test - Iteration 37, Log 32
[INF][SYS]: Stability test - Iteration 37, Log 33
[INF][SYS]: Stability test - Iteration 37, Log 34
[INF][SYS]: Stability test - Iteration 37, Log 35
[INF][SYS]: Stability test - Iteration 37, Log 36
[INF][SYS]: Stability test - Iteration 37, Log 37
[INF][SYS]: Stability test - Iteration 37, Log 38
[INF][SYS]: Stability test - Iteration 37, Log 39
[INF][SYS]: Stability test - Iteration 37, Log 40
[INF][SYS]: Stability test - Iteration 37, Log 41
[INF][SYS]: Stability test - Iteration 37, Log 42
[INF][SYS]: Stability test - Iteration 37, Log 43
[INF][SYS]: Stability test - Iteration 37, Log 44
[INF][SYS]: Stability test - Iteration 37, Log 45
[INF][SYS]: Stability test - Iteration 37, Log 46
[INF][SYS]: Stability test - Iteration 37, Log 47
[INF][SYS]: Stability test - Iteration 37, Log 48
[INF][SYS]: Stability test - Iteration 37, Log 49
[INF][SYS]: Stability test - Iteration 38, Log 0
[INF][SYS]: Stability test - Iteration 38, Log 1
[INF][SYS]: Stability test - Iteration 38, Log 2
[INF][SYS]: Stability test - Iteration 38, Log 3
[INF][SYS]: Stability test - Iteration 38, Log 4
[INF][SYS]: Stability test - Iteration 38, Log 5
[INF][SYS]: Stability test - Iteration 38, Log 6
[INF][SYS]: Stability test - Iteration 38, Log 7
[INF][SYS]: Stability test - Iteration 38, Log 8
[INF][SYS]: Stability test - Iteration 38, Log 9
[INF][SYS]: Stability test - Iteration 38, Log 10
[INF][SYS]: Stability test - Iteration 38, Log 11
[INF][SYS]: Stability test - Iteration 38, Log 12
[INF][SYS]: Stability test - Iteration 38, Log 13
[INF][SYS]: Stability test - Iteration 38, Log 14
[INF][SYS]: Stability test - Iteration 38, Log 15
[INF][SYS]: Stability test - Iteration 38, Log 16
[INF][SYS]: Stability test - Iteration 38, Log 17
[INF][SYS]: Stability test - Iteration 38, Log 18
[INF][SYS]: Stability test - Iteration 38, Log 19
[INF][SYS]: Stability test - Iteration 38, Log 20
[INF][SYS]: Stability test - Iteration 38, Log 21
[INF][SYS]: Stability test - Iteration 38, Log 22
[INF][SYS]: Stability test - Iteration 38, Log 23
[INF][SYS]: Stability test - Iteration 38, Log 24
[INF][SYS]: Stability test - Iteration 38, Log 25
[INF][SYS]: Stability test - Iteration 38, Log 26
[INF][SYS]: Stability test - Iteration 38, Log 27
[INF][SYS]: Stability test - Iteration 38, Log 28
[INF][SYS]: Stability test - Iteration 38, Log 29
[INF][SYS]: Stability test - Iteration 38, Log 30
[INF][SYS]: Stability test - Iteration 38, Log 31
[INF][SYS]: Stability test - Iteration 38, Log 32
[INF][SYS]: Stability test - Iteration 38, Log 33
[INF][SYS]: Stability test - Iteration 38, Log 34
[INF][SYS]: Stability test - Iteration 38, Log 35
[INF][SYS]: Stability test - Iteration 38, Log 36
[INF][SYS]: Stability test - Iteration 38, Log 37
[INF][SYS]: Stability test - Iteration 38, Log 38
[INF][SYS]: Stability test - Iteration 38, Log 39
[INF][SYS]: Stability test - Iteration 38, Log 40
[INF][SYS]: Stability test - Iteration 38, Log 41
[INF][SYS]: Stability test - Iteration 38, Log 42
[INF][SYS]: Stability test - Iteration 38, Log 43
[INF][SYS]: Stability test - Iteration 38, Log 44
[INF][SYS]: Stability test - Iteration 38, Log 45
[INF][SYS]: Stability test - Iteration 38, Log 46
[INF][SYS]: Stability test - Iteration 38, Log 47
[INF][SYS]: Stability test - Iteration 38, Log 48
[INF][SYS]: Stability test - Iteration 38, Log 49
[INF][SYS]: Stability test - Iteration 39, Log 0
[INF][SYS]: Stability test - Iteration 39, Log 1
[INF][SYS]: Stability test - Iteration 39, Log 2
[INF][SYS]: Stability test - Iteration 39, Log 3
[INF][SYS]: Stability test - Iteration 39, Log 4
[INF][SYS]: Stability test - Iteration 39, Log 5
[INF][SYS]: Stability test - Iteration 39, Log 6
[INF][SYS]: Stability test - Iteration 39, Log 7
[INF][SYS]: Stability test - Iteration 39, Log 8
[INF][SYS]: Stability test - Iteration 39, Log 9
[INF][SYS]: Stability test - Iteration 39, Log 10
[INF][SYS]: Stability test - Iteration 39, Log 11
[INF][SYS]: Stability test - Iteration 39, Log 12
[INF][SYS]: Stability test - Iteration 39, Log 13
[INF][SYS]: Stability test - Iteration 39, Log 14
[INF][SYS]: Stability test - Iteration 39, Log 15
[INF][SYS]: Stability test - Iteration 39, Log 16
[INF][SYS]: Stability test - Iteration 39, Log 17
[INF][SYS]: Stability test - Iteration 39, Log 18
[INF][SYS]: Stability test - Iteration 39, Log 19
[INF][SYS]: Stability test - Iteration 39, Log 20
[INF][SYS]: Stability test - Iteration 39, Log 21
[INF][SYS]: Stability test - Iteration 39, Log 22
[INF][SYS]: Stability test - Iteration 39, Log 23
[INF][SYS]: Stability test - Iteration 39, Log 24
[INF][SYS]: Stability test - Iteration 39, Log 25
[INF][SYS]: Stability test - Iteration 39, Log 26
[INF][SYS]: Stability test - Iteration 39, Log 27
[INF][SYS]: Stability test - Iteration 39, Log 28
[INF][SYS]: Stability test - Iteration 39, Log 29
[INF][SYS]: Stability test - Iteration 39, Log 30
[INF][SYS]: Stability test - Iteration 39, Log 31
[INF][SYS]: Stability test - Iteration 39, Log 32
[INF][SYS]: Stability test - Iteration 39, Log 33
[INF][SYS]: Stability test - Iteration 39, Log 34
[INF][SYS]: Stability test - Iteration 39, Log 35
[INF][SYS]: Stability test - Iteration 39, Log 36
[INF][SYS]: Stability test - Iteration 39, Log 37
[INF][SYS]: Stability test - Iteration 39, Log 38
[INF][SYS]: Stability test - Iteration 39, Log 39
[INF][SYS]: Stability test - Iteration 39, Log 40
[INF][SYS]: Stability test - Iteration 39, Log 41
[INF][SYS]: Stability test - Iteration 39, Log 42
[INF][SYS]: Stability test - Iteration 39, Log 43
[INF][SYS]: Stability test - Iteration 39, Log 44
[INF][SYS]: Stability test - Iteration 39, Log 45
[INF][SYS]: Stability test - Iteration 39, Log 46
[INF][SYS]: Stability test - Iteration 39, Log 47
[INF][SYS]: Stability test - Iteration 39, Log 48
[INF][SYS]: Stability test - Iteration 39, Log 49
[INF][SYS]: Stability test - Iteration 40, Log 0
[INF][SYS]: Stability test - Iteration 40, Log 1
[INF][SYS]: Stability test - Iteration 40, Log 2
[INF][SYS]: Stability test - Iteration 40, Log 3
[INF][SYS]: Stability test - Iteration 40, Log 4
[INF][SYS]: Stability test - Iteration 40, Log 5
[INF][SYS]: Stability test - Iteration 40, Log 6
[INF][SYS]: Stability test - Iteration 40, Log 7
[INF][SYS]: Stability test - Iteration 40, Log 8
[INF][SYS]: Stability test - Iteration 40, Log 9
[INF][SYS]: Stability test - Iteration 40, Log 10
[INF][SYS]: Stability test - Iteration 40, Log 11
[INF][SYS]: Stability test - Iteration 40, Log 12
[INF][SYS]: Stability test - Iteration 40, Log 13
[INF][SYS]: Stability test - Iteration 40, Log 14
[INF][SYS]: Stability test - Iteration 40, Log 15
[INF][SYS]: Stability test - Iteration 40, Log 16
[INF][SYS]: Stability test - Iteration 40, Log 17
[INF][SYS]: Stability test - Iteration 40, Log 18
[INF][SYS]: Stability test - Iteration 40, Log 19
[INF][SYS]: Stability test - Iteration 40, Log 20
[INF][SYS]: Stability test - Iteration 40, Log 21
[INF][SYS]: Stability test - Iteration 40, Log 22
[INF][SYS]: Stability test - Iteration 40, Log 23
[INF][SYS]: Stability test - Iteration 40, Log 24
[INF][SYS]: Stability test - Iteration 40, Log 25
[INF][SYS]: Stability test - Iteration 40, Log 26
[INF][SYS]: Stability test - Iteration 40, Log 27
[INF][SYS]: Stability test - Iteration 40, Log 28
[INF][SYS]: Stability test - Iteration 40, Log 29
[INF][SYS]: Stability test - Iteration 40, Log 30
[INF][SYS]: Stability test - Iteration 40, Log 31
[INF][SYS]: Stability test - Iteration 40, Log 32
[INF][SYS]: Stability test - Iteration 40, Log 33
[INF][SYS]: Stability test - Iteration 40, Log 34
[INF][SYS]: Stability test - Iteration 40, Log 35
[INF][SYS]: Stability test - Iteration 40, Log 36
[INF][SYS]: Stability test - Iteration 40, Log 37
[INF][SYS]: Stability test - Iteration 40, Log 38
[INF][SYS]: Stability test - Iteration 40, Log 39
[INF][SYS]: Stability test - Iteration 40, Log 40
[INF][SYS]: Stability test - Iteration 40, Log 41
[INF][SYS]: Stability test - Iteration 40, Log 42
[INF][SYS]: Stability test - Iteration 40, Log 43
[INF][SYS]: Stability test - Iteration 40, Log 44
[INF][SYS]: Stability test - Iteration 40, Log 45
[INF][SYS]: Stability test - Iteration 40, Log 46
[INF][SYS]: Stability test - Iteration 40, Log 47
[INF][SYS]: Stability test - Iteration 40, Log 48
[INF][SYS]: Stability test - Iteration 40, Log 49
[INF][SYS]: Stability test - Iteration 41, Log 0
[INF][SYS]: Stability test - Iteration 41, Log 1
[INF][SYS]: Stability test - Iteration 41, Log 2
[INF][SYS]: Stability test - Iteration 41, Log 3
[INF][SYS]: Stability test - Iteration 41, Log 4
[INF][SYS]: Stability test - Iteration 41, Log 5
[INF][SYS]: Stability test - Iteration 41, Log 6
[INF][SYS]: Stability test - Iteration 41, Log 7
[INF][SYS]: Stability test - Iteration 41, Log 8
[INF][SYS]: Stability test - Iteration 41, Log 9
[INF][SYS]: Stability test - Iteration 41, Log 10
[INF][SYS]: Stability test - Iteration 41, Log 11
[INF][SYS]: Stability test - Iteration 41, Log 12
[INF][SYS]: Stability test - Iteration 41, Log 13
[INF][SYS]: Stability test - Iteration 41, Log 14
[INF][SYS]: Stability test - Iteration 41, Log 15
[INF][SYS]: Stability test - Iteration 41, Log 16
[INF][SYS]: Stability test - Iteration 41, Log 17
[INF][SYS]: Stability test - Iteration 41, Log 18
[INF][SYS]: Stability test - Iteration 41, Log 19
[INF][SYS]: Stability test - Iteration 41, Log 20
[INF][SYS]: Stability test - Iteration 41, Log 21
[INF][SYS]: Stability test - Iteration 41, Log 22
[INF][SYS]: Stability test - Iteration 41, Log 23
[INF][SYS]: Stability test - Iteration 41, Log 24
[INF][SYS]: Stability test - Iteration 41, Log 25
[INF][SYS]: Stability test - Iteration 41, Log 26
[INF][SYS]: Stability test - Iteration 41, Log 27
[INF][SYS]: Stability test - Iteration 41, Log 28
[INF][SYS]: Stability test - Iteration 41, Log 29
[INF][SYS]: Stability test - Iteration 41, Log 30
[INF][SYS]: Stability test - Iteration 41, Log 31
[INF][SYS]: Stability test - Iteration 41, Log 32
[INF][SYS]: Stability test - Iteration 41, Log 33
[INF][SYS]: Stability test - Iteration 41, Log 34
[INF][SYS]: Stability test - Iteration 41, Log 35
[INF][SYS]: Stability test - Iteration 41, Log 36
[INF][SYS]: Stability test - Iteration 41, Log 37
[INF][SYS]: Stability test - Iteration 41, Log 38
[INF][SYS]: Stability test - Iteration 41, Log 39
[INF][SYS]: Stability test - Iteration 41, Log 40
[INF][SYS]: Stability test - Iteration 41, Log 41
[INF][SYS]: Stability test - Iteration 41, Log 42
[INF][SYS]: Stability test - Iteration 41, Log 43
[INF][SYS]: Stability test - Iteration 41, Log 44
[INF][SYS]: Stability test - Iteration 41, Log 45
[INF][SYS]: Stability test - Iteration 41, Log 46
[INF][SYS]: Stability test - Iteration 41, Log 47
[INF][SYS]: Stability test - Iteration 41, Log 48
[INF][SYS]: Stability test - Iteration 41, Log 49
[INF][SYS]: Stability test - Iteration 42, Log 0
[INF][SYS]: Stability test - Iteration 42, Log 1
[INF][SYS]: Stability test - Iteration 42, Log 2
[INF][SYS]: Stability test - Iteration 42, Log 3
[INF][SYS]: Stability test - Iteration 42, Log 4
[INF][SYS]: Stability test - Iteration 42, Log 5
[INF][SYS]: Stability test - Iteration 42, Log 6
[INF][SYS]: Stability test - Iteration 42, Log 7
[INF][SYS]: Stability test - Iteration 42, Log 8
[INF][SYS]: Stability test - Iteration 42, Log 9
[INF][SYS]: Stability test - Iteration 42, Log 10
[INF][SYS]: Stability test - Iteration 42, Log 11
[INF][SYS]: Stability test - Iteration 42, Log 12
[INF][SYS]: Stability test - Iteration 42, Log 13
[INF][SYS]: Stability test - Iteration 42, Log 14
[INF][SYS]: Stability test - Iteration 42, Log 15
[INF][SYS]: Stability test - Iteration 42, Log 16
[INF][SYS]: Stability test - Iteration 42, Log 17
[INF][SYS]: Stability test - Iteration 42, Log 18
[INF][SYS]: Stability test - Iteration 42, Log 19
[INF][SYS]: Stability test - Iteration 42, Log 20
[INF][SYS]: Stability test - Iteration 42, Log 21
[INF][SYS]: Stability test - Iteration 42, Log 22
[INF][SYS]: Stability test - Iteration 42, Log 23
[INF][SYS]: Stability test - Iteration 42, Log 24
[INF][SYS]: Stability test - Iteration 42, Log 25
[INF][SYS]: Stability test - Iteration 42, Log 26
[INF][SYS]: Stability test - Iteration 42, Log 27
[INF][SYS]: Stability test - Iteration 42, Log 28
[INF][SYS]: Stability test - Iteration 42, Log 29
[INF][SYS]: Stability test - Iteration 42, Log 30
[INF][SYS]: Stability test - Iteration 42, Log 31
[INF][SYS]: Stability test - Iteration 42, Log 32
[INF][SYS]: Stability test - Iteration 42, Log 33
[INF][SYS]: Stability test - Iteration 42, Log 34
[INF][SYS]: Stability test - Iteration 42, Log 35
[INF][SYS]: Stability test - Iteration 42, Log 36
[INF][SYS]: Stability test - Iteration 42, Log 37
[INF][SYS]: Stability test - Iteration 42, Log 38
[INF][SYS]: Stability test - Iteration 42, Log 39
[INF][SYS]: Stability test - Iteration 42, Log 40
[INF][SYS]: Stability test - Iteration 42, Log 41
[INF][SYS]: Stability test - Iteration 42, Log 42
[INF][SYS]: Stability test - Iteration 42, Log 43
[INF][SYS]: Stability test - Iteration 42, Log 44
[INF][SYS]: Stability test - Iteration 42, Log 45
[INF][SYS]: Stability test - Iteration 42, Log 46
[INF][SYS]: Stability test - Iteration 42, Log 47
[INF][SYS]: Stability test - Iteration 42, Log 48
[INF][SYS]: Stability test - Iteration 42, Log 49
[INF][SYS]: Stability test - Iteration 43, Log 0
[INF][SYS]: Stability test - Iteration 43, Log 1
[INF][SYS]: Stability test - Iteration 43, Log 2
[INF][SYS]: Stability test - Iteration 43, Log 3
[INF][SYS]: Stability test - Iteration 43, Log 4
[INF][SYS]: Stability test - Iteration 43, Log 5
[INF][SYS]: Stability test - Iteration 43, Log 6
[INF][SYS]: Stability test - Iteration 43, Log 7
[INF][SYS]: Stability test - Iteration 43, Log 8
[INF][SYS]: Stability test - Iteration 43, Log 9
[INF][SYS]: Stability test - Iteration 43, Log 10
[INF][SYS]: Stability test - Iteration 43, Log 11
[INF][SYS]: Stability test - Iteration 43, Log 12
[INF][SYS]: Stability test - Iteration 43, Log 13
[INF][SYS]: Stability test - Iteration 43, Log 14
[INF][SYS]: Stability test - Iteration 43, Log 15
[INF][SYS]: Stability test - Iteration 43, Log 16
[INF][SYS]: Stability test - Iteration 43, Log 17
[INF][SYS]: Stability test - Iteration 43, Log 18
[INF][SYS]: Stability test - Iteration 43, Log 19
[INF][SYS]: Stability test - Iteration 43, Log 20
[INF][SYS]: Stability test - Iteration 43, Log 21
[INF][SYS]: Stability test - Iteration 43, Log 22
[INF][SYS]: Stability test - Iteration 43, Log 23
[INF][SYS]: Stability test - Iteration 43, Log 24
[INF][SYS]: Stability test - Iteration 43, Log 25
[INF][SYS]: Stability test - Iteration 43, Log 26
[INF][SYS]: Stability test - Iteration 43, Log 27
[INF][SYS]: Stability test - Iteration 43, Log 28
[INF][SYS]: Stability test - Iteration 43, Log 29
[INF][SYS]: Stability test - Iteration 43, Log 30
[INF][SYS]: Stability test - Iteration 43, Log 31
[INF][SYS]: Stability test - Iteration 43, Log 32
[INF][SYS]: Stability test - Iteration 43, Log 33
[INF][SYS]: Stability test - Iteration 43, Log 34
[INF][SYS]: Stability test - Iteration 43, Log 35
[INF][SYS]: Stability test - Iteration 43, Log 36
[INF][SYS]: Stability test - Iteration 43, Log 37
[INF][SYS]: Stability test - Iteration 43, Log 38
[INF][SYS]: Stability test - Iteration 43, Log 39
[INF][SYS]: Stability test - Iteration 43, Log 40
[INF][SYS]: Stability test - Iteration 43, Log 41
[INF][SYS]: Stability test - Iteration 43, Log 42
[INF][SYS]: Stability test - Iteration 43, Log 43
[INF][SYS]: Stability test - Iteration 43, Log 44
[INF][SYS]: Stability test - Iteration 43, Log 45
[INF][SYS]: Stability test - Iteration 43, Log 46
[INF][SYS]: Stability test - Iteration 43, Log 47
[INF][SYS]: Stability test - Iteration 43, Log 48
[INF][SYS]: Stability test - Iteration 43, Log 49
[INF][SYS]: Stability test - Iteration 44, Log 0
[INF][SYS]: Stability test - Iteration 44, Log 1
[INF][SYS]: Stability test - Iteration 44, Log 2
[INF][SYS]: Stability test - Iteration 44, Log 3
[INF][SYS]: Stability test - Iteration 44, Log 4
[INF][SYS]: Stability test - Iteration 44, Log 5
[INF][SYS]: Stability test - Iteration 44, Log 6
[INF][SYS]: Stability test - Iteration 44, Log 7
[INF][SYS]: Stability test - Iteration 44, Log 8
[INF][SYS]: Stability test - Iteration 44, Log 9
[INF][SYS]: Stability test - Iteration 44, Log 10
[INF][SYS]: Stability test - Iteration 44, Log 11
[INF][SYS]: Stability test - Iteration 44, Log 12
[INF][SYS]: Stability test - Iteration 44, Log 13
[INF][SYS]: Stability test - Iteration 44, Log 14
[INF][SYS]: Stability test - Iteration 44, Log 15
[INF][SYS]: Stability test - Iteration 44, Log 16
[INF][SYS]: Stability test - Iteration 44, Log 17
[INF][SYS]: Stability test - Iteration 44, Log 18
[INF][SYS]: Stability test - Iteration 44, Log 19
[INF][SYS]: Stability test - Iteration 44, Log 20
[INF][SYS]: Stability test - Iteration 44, Log 21
[INF][SYS]: Stability test - Iteration 44, Log 22
[INF][SYS]: Stability test - Iteration 44, Log 23
[INF][SYS]: Stability test - Iteration 44, Log 24
[INF][SYS]: Stability test - Iteration 44, Log 25
[INF][SYS]: Stability test - Iteration 44, Log 26
[INF][SYS]: Stability test - Iteration 44, Log 27
[INF][SYS]: Stability test - Iteration 44, Log 28
[INF][SYS]: Stability test - Iteration 44, Log 29
[INF][SYS]: Stability test - Iteration 44, Log 30
[INF][SYS]: Stability test - Iteration 44, Log 31
[INF][SYS]: Stability test - Iteration 44, Log 32
[INF][SYS]: Stability test - Iteration 44, Log 33
[INF][SYS]: Stability test - Iteration 44, Log 34
[INF][SYS]: Stability test - Iteration 44, Log 35
[INF][SYS]: Stability test - Iteration 44, Log 36
[INF][SYS]: Stability test - Iteration 44, Log 37
[INF][SYS]: Stability test - Iteration 44, Log 38
[INF][SYS]: Stability test - Iteration 44, Log 39
[INF][SYS]: Stability test - Iteration 44, Log 40
[INF][SYS]: Stability test - Iteration 44, Log 41
[INF][SYS]: Stability test - Iteration 44, Log 42
[INF][SYS]: Stability test - Iteration 44, Log 43
[INF][SYS]: Stability test - Iteration 44, Log 44
[INF][SYS]: Stability test - Iteration 44, Log 45
[INF][SYS]: Stability test - Iteration 44, Log 46
[INF][SYS]: Stability test - Iteration 44, Log 47
[INF][SYS]: Stability test - Iteration 44, Log 48
[INF][SYS]: Stability test - Iteration 44, Log 49
[INF][SYS]: Stability test - Iteration 45, Log 0
[INF][SYS]: Stability test - Iteration 45, Log 1
[INF][SYS]: Stability test - Iteration 45, Log 2
[INF][SYS]: Stability test - Iteration 45, Log 3
[INF][SYS]: Stability test - Iteration 45, Log 4
[INF][SYS]: Stability test - Iteration 45, Log 5
[INF][SYS]: Stability test - Iteration 45, Log 6
[INF][SYS]: Stability test - Iteration 45, Log 7
[INF][SYS]: Stability test - Iteration 45, Log 8
[INF][SYS]: Stability test - Iteration 45, Log 9
[INF][SYS]: Stability test - Iteration 45, Log 10
[INF][SYS]: Stability test - Iteration 45, Log 11
[INF][SYS]: Stability test - Iteration 45, Log 12
[INF][SYS]: Stability test - Iteration 45, Log 13
[INF][SYS]: Stability test - Iteration 45, Log 14
[INF][SYS]: Stability test - Iteration 45, Log 15
[INF][SYS]: Stability test - Iteration 45, Log 16
[INF][SYS]: Stability test - Iteration 45, Log 17
[INF][SYS]: Stability test - Iteration 45, Log 18
[INF][SYS]: Stability test - Iteration 45, Log 19
[INF][SYS]: Stability test - Iteration 45, Log 20
[INF][SYS]: Stability test - Iteration 45, Log 21
[INF][SYS]: Stability test - Iteration 45, Log 22
[INF][SYS]: Stability test - Iteration 45, Log 23
[INF][SYS]: Stability test - Iteration 45, Log 24
[INF][SYS]: Stability test - Iteration 45, Log 25
[INF][SYS]: Stability test - Iteration 45, Log 26
[INF][SYS]: Stability test - Iteration 45, Log 27
[INF][SYS]: Stability test - Iteration 45, Log 28
[INF][SYS]: Stability test - Iteration 45, Log 29
[INF][SYS]: Stability test - Iteration 45, Log 30
[INF][SYS]: Stability test - Iteration 45, Log 31
[INF][SYS]: Stability test - Iteration 45, Log 32
[INF][SYS]: Stability test - Iteration 45, Log 33
[INF][SYS]: Stability test - Iteration 45, Log 34
[INF][SYS]: Stability test - Iteration 45, Log 35
[INF][SYS]: Stability test - Iteration 45, Log 36
[INF][SYS]: Stability test - Iteration 45, Log 37
[INF][SYS]: Stability test - Iteration 45, Log 38
[INF][SYS]: Stability test - Iteration 45, Log 39
[INF][SYS]: Stability test - Iteration 45, Log 40
[INF][SYS]: Stability test - Iteration 45, Log 41
[INF][SYS]: Stability test - Iteration 45, Log 42
[INF][SYS]: Stability test - Iteration 45, Log 43
[INF][SYS]: Stability test - Iteration 45, Log 44
[INF][SYS]: Stability test - Iteration 45, Log 45
[INF][SYS]: Stability test - Iteration 45, Log 46
[INF][SYS]: Stability test - Iteration 45, Log 47
[INF][SYS]: Stability test - Iteration 45, Log 48
[INF][SYS]: Stability test - Iteration 45, Log 49
[INF][SYS]: Stability test - Iteration 46, Log 0
[INF][SYS]: Stability test - Iteration 46, Log 1
[INF][SYS]: Stability test - Iteration 46, Log 2
[INF][SYS]: Stability test - Iteration 46, Log 3
[INF][SYS]: Stability test - Iteration 46, Log 4
[INF][SYS]: Stability test - Iteration 46, Log 5
[INF][SYS]: Stability test - Iteration 46, Log 6
[INF][SYS]: Stability test - Iteration 46, Log 7
[INF][SYS]: Stability test - Iteration 46, Log 8
[INF][SYS]: Stability test - Iteration 46, Log 9
[INF][SYS]: Stability test - Iteration 46, Log 10
[INF][SYS]: Stability test - Iteration 46, Log 11
[INF][SYS]: Stability test - Iteration 46, Log 12
[INF][SYS]: Stability test - Iteration 46, Log 13
[INF][SYS]: Stability test - Iteration 46, Log 14
[INF][SYS]: Stability test - Iteration 46, Log 15
[INF][SYS]: Stability test - Iteration 46, Log 16
[INF][SYS]: Stability test - Iteration 46, Log 17
[INF][SYS]: Stability test - Iteration 46, Log 18
[INF][SYS]: Stability test - Iteration 46, Log 19
[INF][SYS]: Stability test - Iteration 46, Log 20
[INF][SYS]: Stability test - Iteration 46, Log 21
[INF][SYS]: Stability test - Iteration 46, Log 22
[INF][SYS]: Stability test - Iteration 46, Log 23
[INF][SYS]: Stability test - Iteration 46, Log 24
[INF][SYS]: Stability test - Iteration 46, Log 25
[INF][SYS]: Stability test - Iteration 46, Log 26
[INF][SYS]: Stability test - Iteration 46, Log 27
[INF][SYS]: Stability test - Iteration 46, Log 28
[INF][SYS]: Stability test - Iteration 46, Log 29
[INF][SYS]: Stability test - Iteration 46, Log 30
[INF][SYS]: Stability test - Iteration 46, Log 31
[INF][SYS]: Stability test - Iteration 46, Log 32
[INF][SYS]: Stability test - Iteration 46, Log 33
[INF][SYS]: Stability test - Iteration 46, Log 34
[INF][SYS]: Stability test - Iteration 46, Log 35
[INF][SYS]: Stability test - Iteration 46, Log 36
[INF][SYS]: Stability test - Iteration 46, Log 37
[INF][SYS]: Stability test - Iteration 46, Log 38
[INF][SYS]: Stability test - Iteration 46, Log 39
[INF][SYS]: Stability test - Iteration 46, Log 40
[INF][SYS]: Stability test - Iteration 46, Log 41
[INF][SYS]: Stability test - Iteration 46, Log 42
[INF][SYS]: Stability test - Iteration 46, Log 43
[INF][SYS]: Stability test - Iteration 46, Log 44
[INF][SYS]: Stability test - Iteration 46, Log 45
[INF][SYS]: Stability test - Iteration 46, Log 46
[INF][SYS]: Stability test - Iteration 46, Log 47
[INF][SYS]: Stability test - Iteration 46, Log 48
[INF][SYS]: Stability test - Iteration 46, Log 49
[INF][SYS]: Stability test - Iteration 47, Log 0
[INF][SYS]: Stability test - Iteration 47, Log 1
[INF][SYS]: Stability test - Iteration 47, Log 2
[INF][SYS]: Stability test - Iteration 47, Log 3
[INF][SYS]: Stability test - Iteration 47, Log 4
[INF][SYS]: Stability test - Iteration 47, Log 5
[INF][SYS]: Stability test - Iteration 47, Log 6
[INF][SYS]: Stability test - Iteration 47, Log 7
[INF][SYS]: Stability test - Iteration 47, Log 8
[INF][SYS]: Stability test - Iteration 47, Log 9
[INF][SYS]: Stability test - Iteration 47, Log 10
[INF][SYS]: Stability test - Iteration 47, Log 11
[INF][SYS]: Stability test - Iteration 47, Log 12
[INF][SYS]: Stability test - Iteration 47, Log 13
[INF][SYS]: Stability test - Iteration 47, Log 14
[INF][SYS]: Stability test - Iteration 47, Log 15
[INF][SYS]: Stability test - Iteration 47, Log 16
[INF][SYS]: Stability test - Iteration 47, Log 17
[INF][SYS]: Stability test - Iteration 47, Log 18
[INF][SYS]: Stability test - Iteration 47, Log 19
[INF][SYS]: Stability test - Iteration 47, Log 20
[INF][SYS]: Stability test - Iteration 47, Log 21
[INF][SYS]: Stability test - Iteration 47, Log 22
[INF][SYS]: Stability test - Iteration 47, Log 23
[INF][SYS]: Stability test - Iteration 47, Log 24
[INF][SYS]: Stability test - Iteration 47, Log 25
[INF][SYS]: Stability test - Iteration 47, Log 26
[INF][SYS]: Stability test - Iteration 47, Log 27
[INF][SYS]: Stability test - Iteration 47, Log 28
[INF][SYS]: Stability test - Iteration 47, Log 29
[INF][SYS]: Stability test - Iteration 47, Log 30
[INF][SYS]: Stability test - Iteration 47, Log 31
[INF][SYS]: Stability test - Iteration 47, Log 32
[INF][SYS]: Stability test - Iteration 47, Log 33
[INF][SYS]: Stability test - Iteration 47, Log 34
[INF][SYS]: Stability test - Iteration 47, Log 35
[INF][SYS]: Stability test - Iteration 47, Log 36
[INF][SYS]: Stability test - Iteration 47, Log 37
[INF][SYS]: Stability test - Iteration 47, Log 38
[INF][SYS]: Stability test - Iteration 47, Log 39
[INF][SYS]: Stability test - Iteration 47, Log 40
[INF][SYS]: Stability test - Iteration 47, Log 41
[INF][SYS]: Stability test - Iteration 47, Log 42
[INF][SYS]: Stability test - Iteration 47, Log 43
[INF][SYS]: Stability test - Iteration 47, Log 44
[INF][SYS]: Stability test - Iteration 47, Log 45
[INF][SYS]: Stability test - Iteration 47, Log 46
[INF][SYS]: Stability test - Iteration 47, Log 47
[INF][SYS]: Stability test - Iteration 47, Log 48
[INF][SYS]: Stability test - Iteration 47, Log 49
[INF][SYS]: Stability test - Iteration 48, Log 0
[INF][SYS]: Stability test - Iteration 48, Log 1
[INF][SYS]: Stability test - Iteration 48, Log 2
[INF][SYS]: Stability test - Iteration 48, Log 3
[INF][SYS]: Stability test - Iteration 48, Log 4
[INF][SYS]: Stability test - Iteration 48, Log 5
[INF][SYS]: Stability test - Iteration 48, Log 6
[INF][SYS]: Stability test - Iteration 48, Log 7
[INF][SYS]: Stability test - Iteration 48, Log 8
[INF][SYS]: Stability test - Iteration 48, Log 9
[INF][SYS]: Stability test - Iteration 48, Log 10
[INF][SYS]: Stability test - Iteration 48, Log 11
[INF][SYS]: Stability test - Iteration 48, Log 12
[INF][SYS]: Stability test - Iteration 48, Log 13
[INF][SYS]: Stability test - Iteration 48, Log 14
[INF][SYS]: Stability test - Iteration 48, Log 15
[INF][SYS]: Stability test - Iteration 48, Log 16
[INF][SYS]: Stability test - Iteration 48, Log 17
[INF][SYS]: Stability test - Iteration 48, Log 18
[INF][SYS]: Stability test - Iteration 48, Log 19
[INF][SYS]: Stability test - Iteration 48, Log 20
[INF][SYS]: Stability test - Iteration 48, Log 21
[INF][SYS]: Stability test - Iteration 48, Log 22
[INF][SYS]: Stability test - Iteration 48, Log 23
[INF][SYS]: Stability test - Iteration 48, Log 24
[INF][SYS]: Stability test - Iteration 48, Log 25
[INF][SYS]: Stability test - Iteration 48, Log 26
[INF][SYS]: Stability test - Iteration 48, Log 27
[INF][SYS]: Stability test - Iteration 48, Log 28
[INF][SYS]: Stability test - Iteration 48, Log 29
[INF][SYS]: Stability test - Iteration 48, Log 30
[INF][SYS]: Stability test - Iteration 48, Log 31
[INF][SYS]: Stability test - Iteration 48, Log 32
[INF][SYS]: Stability test - Iteration 48, Log 33
[INF][SYS]: Stability test - Iteration 48, Log 34
[INF][SYS]: Stability test - Iteration 48, Log 35
[INF][SYS]: Stability test - Iteration 48, Log 36
[INF][SYS]: Stability test - Iteration 48, Log 37
[INF][SYS]: Stability test - Iteration 48, Log 38
[INF][SYS]: Stability test - Iteration 48, Log 39
[INF][SYS]: Stability test - Iteration 48, Log 40
[INF][SYS]: Stability test - Iteration 48, Log 41
[INF][SYS]: Stability test - Iteration 48, Log 42
[INF][SYS]: Stability test - Iteration 48, Log 43
[INF][SYS]: Stability test - Iteration 48, Log 44
[INF][SYS]: Stability test - Iteration 48, Log 45
[INF][SYS]: Stability test - Iteration 48, Log 46
[INF][SYS]: Stability test - Iteration 48, Log 47
[INF][SYS]: Stability test - Iteration 48, Log 48
[INF][SYS]: Stability test - Iteration 48, Log 49
[INF][SYS]: Stability test - Iteration 49, Log 0
[INF][SYS]: Stability test - Iteration 49, Log 1
[INF][SYS]: Stability test - Iteration 49, Log 2
[INF][SYS]: Stability test - Iteration 49, Log 3
[INF][SYS]: Stability test - Iteration 49, Log 4
[INF][SYS]: Stability test - Iteration 49, Log 5
[INF][SYS]: Stability test - Iteration 49, Log 6
[INF][SYS]: Stability test - Iteration 49, Log 7
[INF][SYS]: Stability test - Iteration 49, Log 8
[INF][SYS]: Stability test - Iteration 49, Log 9
[INF][SYS]: Stability test - Iteration 49, Log 10
[INF][SYS]: Stability test - Iteration 49, Log 11
[INF][SYS]: Stability test - Iteration 49, Log 12
[INF][SYS]: Stability test - Iteration 49, Log 13
[INF][SYS]: Stability test - Iteration 49, Log 14
[INF][SYS]: Stability test - Iteration 49, Log 15
[INF][SYS]: Stability test - Iteration 49, Log 16
[INF][SYS]: Stability test - Iteration 49, Log 17
[INF][SYS]: Stability test - Iteration 49, Log 18
[INF][SYS]: Stability test - Iteration 49, Log 19
[INF][SYS]: Stability test - Iteration 49, Log 20
[INF][SYS]: Stability test - Iteration 49, Log 21
[INF][SYS]: Stability test - Iteration 49, Log 22
[INF][SYS]: Stability test - Iteration 49, Log 23
[INF][SYS]: Stability test - Iteration 49, Log 24
[INF][SYS]: Stability test - Iteration 49, Log 25
[INF][SYS]: Stability test - Iteration 49, Log 26
[INF][SYS]: Stability test - Iteration 49, Log 27
[INF][SYS]: Stability test - Iteration 49, Log 28
[INF][SYS]: Stability test - Iteration 49, Log 29
[INF][SYS]: Stability test - Iteration 49, Log 30
[INF][SYS]: Stability test - Iteration 49, Log 31
[INF][SYS]: Stability test - Iteration 49, Log 32
[INF][SYS]: Stability test - Iteration 49, Log 33
[INF][SYS]: Stability test - Iteration 49, Log 34
[INF][SYS]: Stability test - Iteration 49, Log 35
[INF][SYS]: Stability test - Iteration 49, Log 36
[INF][SYS]: Stability test - Iteration 49, Log 37
[INF][SYS]: Stability test - Iteration 49, Log 38
[INF][SYS]: Stability test - Iteration 49, Log 39
[INF][SYS]: Stability test - Iteration 49, Log 40
[INF][SYS]: Stability test - Iteration 49, Log 41
[INF][SYS]: Stability test - Iteration 49, Log 42
[INF][SYS]: Stability test - Iteration 49, Log 43
[INF][SYS]: Stability test - Iteration 49, Log 44
[INF][SYS]: Stability test - Iteration 49, Log 45
[INF][SYS]: Stability test - Iteration 49, Log 46
[INF][SYS]: Stability test - Iteration 49, Log 47
[INF][SYS]: Stability test - Iteration 49, Log 48
[INF][SYS]: Stability test - Iteration 49, Log 49
[INF][SYS]: Stability test - Iteration 50, Log 0
[INF][SYS]: Stability test - Iteration 50, Log 1
[INF][SYS]: Stability test - Iteration 50, Log 2
[INF][SYS]: Stability test - Iteration 50, Log 3
[INF][SYS]: Stability test - Iteration 50, Log 4
[INF][SYS]: Stability test - Iteration 50, Log 5
[INF][SYS]: Stability test - Iteration 50, Log 6
[INF][SYS]: Stability test - Iteration 50, Log 7
[INF][SYS]: Stability test - Iteration 50, Log 8
[INF][SYS]: Stability test - Iteration 50, Log 9
[INF][SYS]: Stability test - Iteration 50, Log 10
[INF][SYS]: Stability test - Iteration 50, Log 11
[INF][SYS]: Stability test - Iteration 50, Log 12
[INF][SYS]: Stability test - Iteration 50, Log 13
[INF][SYS]: Stability test - Iteration 50, Log 14
[INF][SYS]: Stability test - Iteration 50, Log 15
[INF][SYS]: Stability test - Iteration 50, Log 16
[INF][SYS]: Stability test - Iteration 50, Log 17
[INF][SYS]: Stability test - Iteration 50, Log 18
[INF][SYS]: Stability test - Iteration 50, Log 19
[INF][SYS]: Stability test - Iteration 50, Log 20
[INF][SYS]: Stability test - Iteration 50, Log 21
[INF][SYS]: Stability test - Iteration 50, Log 22
[INF][SYS]: Stability test - Iteration 50, Log 23
[INF][SYS]: Stability test - Iteration 50, Log 24
[INF][SYS]: Stability test - Iteration 50, Log 25
[INF][SYS]: Stability test - Iteration 50, Log 26
[INF][SYS]: Stability test - Iteration 50, Log 27
[INF][SYS]: Stability test - Iteration 50, Log 28
[INF][SYS]: Stability test - Iteration 50, Log 29
[INF][SYS]: Stability test - Iteration 50, Log 30
[INF][SYS]: Stability test - Iteration 50, Log 31
[INF][SYS]: Stability test - Iteration 50, Log 32
[INF][SYS]: Stability test - Iteration 50, Log 33
[INF][SYS]: Stability test - Iteration 50, Log 34
[INF][SYS]: Stability test - Iteration 50, Log 35
[INF][SYS]: Stability test - Iteration 50, Log 36
[INF][SYS]: Stability test - Iteration 50, Log 37
[INF][SYS]: Stability test - Iteration 50, Log 38
[INF][SYS]: Stability test - Iteration 50, Log 39
[INF][SYS]: Stability test - Iteration 50, Log 40
[INF][SYS]: Stability test - Iteration 50, Log 41
[INF][SYS]: Stability test - Iteration 50, Log 42
[INF][SYS]: Stability test - Iteration 50, Log 43
[INF][SYS]: Stability test - Iteration 50, Log 44
[INF][SYS]: Stability test - Iteration 50, Log 45
[INF][SYS]: Stability test - Iteration 50, Log 46
[INF][SYS]: Stability test - Iteration 50, Log 47
[INF][SYS]: Stability test - Iteration 50, Log 48
[INF][SYS]: Stability test - Iteration 50, Log 49
[INF][SYS]: Stability test - Iteration 51, Log 0
[INF][SYS]: Stability test - Iteration 51, Log 1
[INF][SYS]: Stability test - Iteration 51, Log 2
[INF][SYS]: Stability test - Iteration 51, Log 3
[INF][SYS]: Stability test - Iteration 51, Log 4
[INF][SYS]: Stability test - Iteration 51, Log 5
[INF][SYS]: Stability test - Iteration 51, Log 6
[INF][SYS]: Stability test - Iteration 51, Log 7
[INF][SYS]: Stability test - Iteration 51, Log 8
[INF][SYS]: Stability test - Iteration 51, Log 9
[INF][SYS]: Stability test - Iteration 51, Log 10
[INF][SYS]: Stability test - Iteration 51, Log 11
[INF][SYS]: Stability test - Iteration 51, Log 12
[INF][SYS]: Stability test - Iteration 51, Log 13
[INF][SYS]: Stability test - Iteration 51, Log 14
[INF][SYS]: Stability test - Iteration 51, Log 15
[INF][SYS]: Stability test - Iteration 51, Log 16
[INF][SYS]: Stability test - Iteration 51, Log 17
[INF][SYS]: Stability test - Iteration 51, Log 18
[INF][SYS]: Stability test - Iteration 51, Log 19
[INF][SYS]: Stability test - Iteration 51, Log 20
[INF][SYS]: Stability test - Iteration 51, Log 21
[INF][SYS]: Stability test - Iteration 51, Log 22
[INF][SYS]: Stability test - Iteration 51, Log 23
[INF][SYS]: Stability test - Iteration 51, Log 24
[INF][SYS]: Stability test - Iteration 51, Log 25
[INF][SYS]: Stability test - Iteration 51, Log 26
[INF][SYS]: Stability test - Iteration 51, Log 27
[INF][SYS]: Stability test - Iteration 51, Log 28
[INF][SYS]: Stability test - Iteration 51, Log 29
[INF][SYS]: Stability test - Iteration 51, Log 30
[INF][SYS]: Stability test - Iteration 51, Log 31
[INF][SYS]: Stability test - Iteration 51, Log 32
[INF][SYS]: Stability test - Iteration 51, Log 33
[INF][SYS]: Stability test - Iteration 51, Log 34
[INF][SYS]: Stability test - Iteration 51, Log 35
[INF][SYS]: Stability test - Iteration 51, Log 36
[INF][SYS]: Stability test - Iteration 51, Log 37
[INF][SYS]: Stability test - Iteration 51, Log 38
[INF][SYS]: Stability test - Iteration 51, Log 39
[INF][SYS]: Stability test - Iteration 51, Log 40
[INF][SYS]: Stability test - Iteration 51, Log 41
[INF][SYS]: Stability test - Iteration 51, Log 42
[INF][SYS]: Stability test - Iteration 51, Log 43
[INF][SYS]: Stability test - Iteration 51, Log 44
[INF][SYS]: Stability test - Iteration 51, Log 45
[INF][SYS]: Stability test - Iteration 51, Log 46
[INF][SYS]: Stability test - Iteration 51, Log 47
[INF][SYS]: Stability test - Iteration 51, Log 48
[INF][SYS]: Stability test - Iteration 51, Log 49
[INF][SYS]: Stability test - Iteration 52, Log 0
[INF][SYS]: Stability test - Iteration 52, Log 1
[INF][SYS]: Stability test - Iteration 52, Log 2
[INF][SYS]: Stability test - Iteration 52, Log 3
[INF][SYS]: Stability test - Iteration 52, Log 4
[INF][SYS]: Stability test - Iteration 52, Log 5
[INF][SYS]: Stability test - Iteration 52, Log 6
[INF][SYS]: Stability test - Iteration 52, Log 7
[INF][SYS]: Stability test - Iteration 52, Log 8
[INF][SYS]: Stability test - Iteration 52, Log 9
[INF][SYS]: Stability test - Iteration 52, Log 10
[INF][SYS]: Stability test - Iteration 52, Log 11
[INF][SYS]: Stability test - Iteration 52, Log 12
[INF][SYS]: Stability test - Iteration 52, Log 13
[INF][SYS]: Stability test - Iteration 52, Log 14
[INF][SYS]: Stability test - Iteration 52, Log 15
[INF][SYS]: Stability test - Iteration 52, Log 16
[INF][SYS]: Stability test - Iteration 52, Log 17
[INF][SYS]: Stability test - Iteration 52, Log 18
[INF][SYS]: Stability test - Iteration 52, Log 19
[INF][SYS]: Stability test - Iteration 52, Log 20
[INF][SYS]: Stability test - Iteration 52, Log 21
[INF][SYS]: Stability test - Iteration 52, Log 22
[INF][SYS]: Stability test - Iteration 52, Log 23
[INF][SYS]: Stability test - Iteration 52, Log 24
[INF][SYS]: Stability test - Iteration 52, Log 25
[INF][SYS]: Stability test - Iteration 52, Log 26
[INF][SYS]: Stability test - Iteration 52, Log 27
[INF][SYS]: Stability test - Iteration 52, Log 28
[INF][SYS]: Stability test - Iteration 52, Log 29
[INF][SYS]: Stability test - Iteration 52, Log 30
[INF][SYS]: Stability test - Iteration 52, Log 31
[INF][SYS]: Stability test - Iteration 52, Log 32
[INF][SYS]: Stability test - Iteration 52, Log 33
[INF][SYS]: Stability test - Iteration 52, Log 34
[INF][SYS]: Stability test - Iteration 52, Log 35
[INF][SYS]: Stability test - Iteration 52, Log 36
[INF][SYS]: Stability test - Iteration 52, Log 37
[INF][SYS]: Stability test - Iteration 52, Log 38
[INF][SYS]: Stability test - Iteration 52, Log 39
[INF][SYS]: Stability test - Iteration 52, Log 40
[INF][SYS]: Stability test - Iteration 52, Log 41
[INF][SYS]: Stability test - Iteration 52, Log 42
[INF][SYS]: Stability test - Iteration 52, Log 43
[INF][SYS]: Stability test - Iteration 52, Log 44
[INF][SYS]: Stability test - Iteration 52, Log 45
[INF][SYS]: Stability test - Iteration 52, Log 46
[INF][SYS]: Stability test - Iteration 52, Log 47
[INF][SYS]: Stability test - Iteration 52, Log 48
[INF][SYS]: Stability test - Iteration 52, Log 49
[INF][SYS]: Stability test - Iteration 53, Log 0
[INF][SYS]: Stability test - Iteration 53, Log 1
[INF][SYS]: Stability test - Iteration 53, Log 2
[INF][SYS]: Stability test - Iteration 53, Log 3
[INF][SYS]: Stability test - Iteration 53, Log 4
[INF][SYS]: Stability test - Iteration 53, Log 5
[INF][SYS]: Stability test - Iteration 53, Log 6
[INF][SYS]: Stability test - Iteration 53, Log 7
[INF][SYS]: Stability test - Iteration 53, Log 8
[INF][SYS]: Stability test - Iteration 53, Log 9
[INF][SYS]: Stability test - Iteration 53, Log 10
[INF][SYS]: Stability test - Iteration 53, Log 11
[INF][SYS]: Stability test - Iteration 53, Log 12
[INF][SYS]: Stability test - Iteration 53, Log 13
[INF][SYS]: Stability test - Iteration 53, Log 14
[INF][SYS]: Stability test - Iteration 53, Log 15
[INF][SYS]: Stability test - Iteration 53, Log 16
[INF][SYS]: Stability test - Iteration 53, Log 17
[INF][SYS]: Stability test - Iteration 53, Log 18
[INF][SYS]: Stability test - Iteration 53, Log 19
[INF][SYS]: Stability test - Iteration 53, Log 20
[INF][SYS]: Stability test - Iteration 53, Log 21
[INF][SYS]: Stability test - Iteration 53, Log 22
[INF][SYS]: Stability test - Iteration 53, Log 23
[INF][SYS]: Stability test - Iteration 53, Log 24
[INF][SYS]: Stability test - Iteration 53, Log 25
[INF][SYS]: Stability test - Iteration 53, Log 26
[INF][SYS]: Stability test - Iteration 53, Log 27
[INF][SYS]: Stability test - Iteration 53, Log 28
[INF][SYS]: Stability test - Iteration 53, Log 29
[INF][SYS]: Stability test - Iteration 53, Log 30
[INF][SYS]: Stability test - Iteration 53, Log 31
[INF][SYS]: Stability test - Iteration 53, Log 32
[INF][SYS]: Stability test - Iteration 53, Log 33
[INF][SYS]: Stability test - Iteration 53, Log 34
[INF][SYS]: Stability test - Iteration 53, Log 35
[INF][SYS]: Stability test - Iteration 53, Log 36
[INF][SYS]: Stability test - Iteration 53, Log 37
[INF][SYS]: Stability test - Iteration 53, Log 38
[INF][SYS]: Stability test - Iteration 53, Log 39
[INF][SYS]: Stability test - Iteration 53, Log 40
[INF][SYS]: Stability test - Iteration 53, Log 41
[INF][SYS]: Stability test - Iteration 53, Log 42
[INF][SYS]: Stability test - Iteration 53, Log 43
[INF][SYS]: Stability test - Iteration 53, Log 44
[INF][SYS]: Stability test - Iteration 53, Log 45
[INF][SYS]: Stability test - Iteration 53, Log 46
[INF][SYS]: Stability test - Iteration 53, Log 47
[INF][SYS]: Stability test - Iteration 53, Log 48
[INF][SYS]: Stability test - Iteration 53, Log 49
[INF][SYS]: Stability test - Iteration 54, Log 0
[INF][SYS]: Stability test - Iteration 54, Log 1
[INF][SYS]: Stability test - Iteration 54, Log 2
[INF][SYS]: Stability test - Iteration 54, Log 3
[INF][SYS]: Stability test - Iteration 54, Log 4
[INF][SYS]: Stability test - Iteration 54, Log 5
[INF][SYS]: Stability test - Iteration 54, Log 6
[INF][SYS]: Stability test - Iteration 54, Log 7
[INF][SYS]: Stability test - Iteration 54, Log 8
[INF][SYS]: Stability test - Iteration 54, Log 9
[INF][SYS]: Stability test - Iteration 54, Log 10
[INF][SYS]: Stability test - Iteration 54, Log 11
[INF][SYS]: Stability test - Iteration 54, Log 12
[INF][SYS]: Stability test - Iteration 54, Log 13
[INF][SYS]: Stability test - Iteration 54, Log 14
[INF][SYS]: Stability test - Iteration 54, Log 15
[INF][SYS]: Stability test - Iteration 54, Log 16
[INF][SYS]: Stability test - Iteration 54, Log 17
[INF][SYS]: Stability test - Iteration 54, Log 18
[INF][SYS]: Stability test - Iteration 54, Log 19
[INF][SYS]: Stability test - Iteration 54, Log 20
[INF][SYS]: Stability test - Iteration 54, Log 21
[INF][SYS]: Stability test - Iteration 54, Log 22
[INF][SYS]: Stability test - Iteration 54, Log 23
[INF][SYS]: Stability test - Iteration 54, Log 24
[INF][SYS]: Stability test - Iteration 54, Log 25
[INF][SYS]: Stability test - Iteration 54, Log 26
[INF][SYS]: Stability test - Iteration 54, Log 27
[INF][SYS]: Stability test - Iteration 54, Log 28
[INF][SYS]: Stability test - Iteration 54, Log 29
[INF][SYS]: Stability test - Iteration 54, Log 30
[INF][SYS]: Stability test - Iteration 54, Log 31
[INF][SYS]: Stability test - Iteration 54, Log 32
[INF][SYS]: Stability test - Iteration 54, Log 33
[INF][SYS]: Stability test - Iteration 54, Log 34
[INF][SYS]: Stability test - Iteration 54, Log 35
[INF][SYS]: Stability test - Iteration 54, Log 36
[INF][SYS]: Stability test - Iteration 54, Log 37
[INF][SYS]: Stability test - Iteration 54, Log 38
[INF][SYS]: Stability test - Iteration 54, Log 39
[INF][SYS]: Stability test - Iteration 54, Log 40
[INF][SYS]: Stability test - Iteration 54, Log 41
[INF][SYS]: Stability test - Iteration 54, Log 42
[INF][SYS]: Stability test - Iteration 54, Log 43
[INF][SYS]: Stability test - Iteration 54, Log 44
[INF][SYS]: Stability test - Iteration 54, Log 45
[INF][SYS]: Stability test - Iteration 54, Log 46
[INF][SYS]: Stability test - Iteration 54, Log 47
[INF][SYS]: Stability test - Iteration 54, Log 48
[INF][SYS]: Stability test - Iteration 54, Log 49
[INF][SYS]: Stability test - Iteration 55, Log 0
[INF][SYS]: Stability test - Iteration 55, Log 1
[INF][SYS]: Stability test - Iteration 55, Log 2
[INF][SYS]: Stability test - Iteration 55, Log 3
[INF][SYS]: Stability test - Iteration 55, Log 4
[INF][SYS]: Stability test - Iteration 55, Log 5
[INF][SYS]: Stability test - Iteration 55, Log 6
[INF][SYS]: Stability test - Iteration 55, Log 7
[INF][SYS]: Stability test - Iteration 55, Log 8
[INF][SYS]: Stability test - Iteration 55, Log 9
[INF][SYS]: Stability test - Iteration 55, Log 10
[INF][SYS]: Stability test - Iteration 55, Log 11
[INF][SYS]: Stability test - Iteration 55, Log 12
[INF][SYS]: Stability test - Iteration 55, Log 13
[INF][SYS]: Stability test - Iteration 55, Log 14
[INF][SYS]: Stability test - Iteration 55, Log 15
[INF][SYS]: Stability test - Iteration 55, Log 16
[INF][SYS]: Stability test - Iteration 55, Log 17
[INF][SYS]: Stability test - Iteration 55, Log 18
[INF][SYS]: Stability test - Iteration 55, Log 19
[INF][SYS]: Stability test - Iteration 55, Log 20
[INF][SYS]: Stability test - Iteration 55, Log 21
[INF][SYS]: Stability test - Iteration 55, Log 22
[INF][SYS]: Stability test - Iteration 55, Log 23
[INF][SYS]: Stability test - Iteration 55, Log 24
[INF][SYS]: Stability test - Iteration 55, Log 25
[INF][SYS]: Stability test - Iteration 55, Log 26
[INF][SYS]: Stability test - Iteration 55, Log 27
[INF][SYS]: Stability test - Iteration 55, Log 28
[INF][SYS]: Stability test - Iteration 55, Log 29
[INF][SYS]: Stability test - Iteration 55, Log 30
[INF][SYS]: Stability test - Iteration 55, Log 31
[INF][SYS]: Stability test - Iteration 55, Log 32
[INF][SYS]: Stability test - Iteration 55, Log 33
[INF][SYS]: Stability test - Iteration 55, Log 34
[INF][SYS]: Stability test - Iteration 55, Log 35
[INF][SYS]: Stability test - Iteration 55, Log 36
[INF][SYS]: Stability test - Iteration 55, Log 37
[INF][SYS]: Stability test - Iteration 55, Log 38
[INF][SYS]: Stability test - Iteration 55, Log 39
[INF][SYS]: Stability test - Iteration 55, Log 40
[INF][SYS]: Stability test - Iteration 55, Log 41
[INF][SYS]: Stability test - Iteration 55, Log 42
[INF][SYS]: Stability test - Iteration 55, Log 43
[INF][SYS]: Stability test - Iteration 55, Log 44
[INF][SYS]: Stability test - Iteration 55, Log 45
[INF][SYS]: Stability test - Iteration 55, Log 46
[INF][SYS]: Stability test - Iteration 55, Log 47
[INF][SYS]: Stability test - Iteration 55, Log 48
[INF][SYS]: Stability test - Iteration 55, Log 49
[INF][SYS]: Stability test - Iteration 56, Log 0
[INF][SYS]: Stability test - Iteration 56, Log 1
[INF][SYS]: Stability test - Iteration 56, Log 2
[INF][SYS]: Stability test - Iteration 56, Log 3
[INF][SYS]: Stability test - Iteration 56, Log 4
[INF][SYS]: Stability test - Iteration 56, Log 5
[INF][SYS]: Stability test - Iteration 56, Log 6
[INF][SYS]: Stability test - Iteration 56, Log 7
[INF][SYS]: Stability test - Iteration 56, Log 8
[INF][SYS]: Stability test - Iteration 56, Log 9
[INF][SYS]: Stability test - Iteration 56, Log 10
[INF][SYS]: Stability test - Iteration 56, Log 11
[INF][SYS]: Stability test - Iteration 56, Log 12
[INF][SYS]: Stability test - Iteration 56, Log 13
[INF][SYS]: Stability test - Iteration 56, Log 14
[INF][SYS]: Stability test - Iteration 56, Log 15
[INF][SYS]: Stability test - Iteration 56, Log 16
[INF][SYS]: Stability test - Iteration 56, Log 17
[INF][SYS]: Stability test - Iteration 56, Log 18
[INF][SYS]: Stability test - Iteration 56, Log 19
[INF][SYS]: Stability test - Iteration 56, Log 20
[INF][SYS]: Stability test - Iteration 56, Log 21
[INF][SYS]: Stability test - Iteration 56, Log 22
[INF][SYS]: Stability test - Iteration 56, Log 23
[INF][SYS]: Stability test - Iteration 56, Log 24
[INF][SYS]: Stability test - Iteration 56, Log 25
[INF][SYS]: Stability test - Iteration 56, Log 26
[INF][SYS]: Stability test - Iteration 56, Log 27
[INF][SYS]: Stability test - Iteration 56, Log 28
[INF][SYS]: Stability test - Iteration 56, Log 29
[INF][SYS]: Stability test - Iteration 56, Log 30
[INF][SYS]: Stability test - Iteration 56, Log 31
[INF][SYS]: Stability test - Iteration 56, Log 32
[INF][SYS]: Stability test - Iteration 56, Log 33
[INF][SYS]: Stability test - Iteration 56, Log 34
[INF][SYS]: Stability test - Iteration 56, Log 35
[INF][SYS]: Stability test - Iteration 56, Log 36
[INF][SYS]: Stability test - Iteration 56, Log 37
[INF][SYS]: Stability test - Iteration 56, Log 38
[INF][SYS]: Stability test - Iteration 56, Log 39
[INF][SYS]: Stability test - Iteration 56, Log 40
[INF][SYS]: Stability test - Iteration 56, Log 41
[INF][SYS]: Stability test - Iteration 56, Log 42
[INF][SYS]: Stability test - Iteration 56, Log 43
[INF][SYS]: Stability test - Iteration 56, Log 44
[INF][SYS]: Stability test - Iteration 56, Log 45
[INF][SYS]: Stability test - Iteration 56, Log 46
[INF][SYS]: Stability test - Iteration 56, Log 47
[INF][SYS]: Stability test - Iteration 56, Log 48
[INF][SYS]: Stability test - Iteration 56, Log 49
[INF][SYS]: Stability test - Iteration 57, Log 0
[INF][SYS]: Stability test - Iteration 57, Log 1
[INF][SYS]: Stability test - Iteration 57, Log 2
[INF][SYS]: Stability test - Iteration 57, Log 3
[INF][SYS]: Stability test - Iteration 57, Log 4
[INF][SYS]: Stability test - Iteration 57, Log 5
[INF][SYS]: Stability test - Iteration 57, Log 6
[INF][SYS]: Stability test - Iteration 57, Log 7
[INF][SYS]: Stability test - Iteration 57, Log 8
[INF][SYS]: Stability test - Iteration 57, Log 9
[INF][SYS]: Stability test - Iteration 57, Log 10
[INF][SYS]: Stability test - Iteration 57, Log 11
[INF][SYS]: Stability test - Iteration 57, Log 12
[INF][SYS]: Stability test - Iteration 57, Log 13
[INF][SYS]: Stability test - Iteration 57, Log 14
[INF][SYS]: Stability test - Iteration 57, Log 15
[INF][SYS]: Stability test - Iteration 57, Log 16
[INF][SYS]: Stability test - Iteration 57, Log 17
[INF][SYS]: Stability test - Iteration 57, Log 18
[INF][SYS]: Stability test - Iteration 57, Log 19
[INF][SYS]: Stability test - Iteration 57, Log 20
[INF][SYS]: Stability test - Iteration 57, Log 21
[INF][SYS]: Stability test - Iteration 57, Log 22
[INF][SYS]: Stability test - Iteration 57, Log 23
[INF][SYS]: Stability test - Iteration 57, Log 24
[INF][SYS]: Stability test - Iteration 57, Log 25
[INF][SYS]: Stability test - Iteration 57, Log 26
[INF][SYS]: Stability test - Iteration 57, Log 27
[INF][SYS]: Stability test - Iteration 57, Log 28
[INF][SYS]: Stability test - Iteration 57, Log 29
[INF][SYS]: Stability test - Iteration 57, Log 30
[INF][SYS]: Stability test - Iteration 57, Log 31
[INF][SYS]: Stability test - Iteration 57, Log 32
[INF][SYS]: Stability test - Iteration 57, Log 33
[INF][SYS]: Stability test - Iteration 57, Log 34
[INF][SYS]: Stability test - Iteration 57, Log 35
[INF][SYS]: Stability test - Iteration 57, Log 36
[INF][SYS]: Stability test - Iteration 57, Log 37
[INF][SYS]: Stability test - Iteration 57, Log 38
[INF][SYS]: Stability test - Iteration 57, Log 39
[INF][SYS]: Stability test - Iteration 57, Log 40
[INF][SYS]: Stability test - Iteration 57, Log 41
[INF][SYS]: Stability test - Iteration 57, Log 42
[INF][SYS]: Stability test - Iteration 57, Log 43
[INF][SYS]: Stability test - Iteration 57, Log 44
[INF][SYS]: Stability test - Iteration 57, Log 45
[INF][SYS]: Stability test - Iteration 57, Log 46
[INF][SYS]: Stability test - Iteration 57, Log 47
[INF][SYS]: Stability test - Iteration 57, Log 48
[INF][SYS]: Stability test - Iteration 57, Log 49
[INF][SYS]: Stability test - Iteration 58, Log 0
[INF][SYS]: Stability test - Iteration 58, Log 1
[INF][SYS]: Stability test - Iteration 58, Log 2
[INF][SYS]: Stability test - Iteration 58, Log 3
[INF][SYS]: Stability test - Iteration 58, Log 4
[INF][SYS]: Stability test - Iteration 58, Log 5
[INF][SYS]: Stability test - Iteration 58, Log 6
[INF][SYS]: Stability test - Iteration 58, Log 7
[INF][SYS]: Stability test - Iteration 58, Log 8
[INF][SYS]: Stability test - Iteration 58, Log 9
[INF][SYS]: Stability test - Iteration 58, Log 10
[INF][SYS]: Stability test - Iteration 58, Log 11
[INF][SYS]: Stability test - Iteration 58, Log 12
[INF][SYS]: Stability test - Iteration 58, Log 13
[INF][SYS]: Stability test - Iteration 58, Log 14
[INF][SYS]: Stability test - Iteration 58, Log 15
[INF][SYS]: Stability test - Iteration 58, Log 16
[INF][SYS]: Stability test - Iteration 58, Log 17
[INF][SYS]: Stability test - Iteration 58, Log 18
[INF][SYS]: Stability test - Iteration 58, Log 19
[INF][SYS]: Stability test - Iteration 58, Log 20
[INF][SYS]: Stability test - Iteration 58, Log 21
[INF][SYS]: Stability test - Iteration 58, Log 22
[INF][SYS]: Stability test - Iteration 58, Log 23
[INF][SYS]: Stability test - Iteration 58, Log 24
[INF][SYS]: Stability test - Iteration 58, Log 25
[INF][SYS]: Stability test - Iteration 58, Log 26
[INF][SYS]: Stability test - Iteration 58, Log 27
[INF][SYS]: Stability test - Iteration 58, Log 28
[INF][SYS]: Stability test - Iteration 58, Log 29
[INF][SYS]: Stability test - Iteration 58, Log 30
[INF][SYS]: Stability test - Iteration 58, Log 31
[INF][SYS]: Stability test - Iteration 58, Log 32
[INF][SYS]: Stability test - Iteration 58, Log 33
[INF][SYS]: Stability test - Iteration 58, Log 34
[INF][SYS]: Stability test - Iteration 58, Log 35
[INF][SYS]: Stability test - Iteration 58, Log 36
[INF][SYS]: Stability test - Iteration 58, Log 37
[INF][SYS]: Stability test - Iteration 58, Log 38
[INF][SYS]: Stability test - Iteration 58, Log 39
[INF][SYS]: Stability test - Iteration 58, Log 40
[INF][SYS]: Stability test - Iteration 58, Log 41
[INF][SYS]: Stability test - Iteration 58, Log 42
[INF][SYS]: Stability test - Iteration 58, Log 43
[INF][SYS]: Stability test - Iteration 58, Log 44
[INF][SYS]: Stability test - Iteration 58, Log 45
[INF][SYS]: Stability test - Iteration 58, Log 46
[INF][SYS]: Stability test - Iteration 58, Log 47
[INF][SYS]: Stability test - Iteration 58, Log 48
[INF][SYS]: Stability test - Iteration 58, Log 49
[INF][SYS]: Stability test - Iteration 59, Log 0
[INF][SYS]: Stability test - Iteration 59, Log 1
[INF][SYS]: Stability test - Iteration 59, Log 2
[INF][SYS]: Stability test - Iteration 59, Log 3
[INF][SYS]: Stability test - Iteration 59, Log 4
[INF][SYS]: Stability test - Iteration 59, Log 5
[INF][SYS]: Stability test - Iteration 59, Log 6
[INF][SYS]: Stability test - Iteration 59, Log 7
[INF][SYS]: Stability test - Iteration 59, Log 8
[INF][SYS]: Stability test - Iteration 59, Log 9
[INF][SYS]: Stability test - Iteration 59, Log 10
[INF][SYS]: Stability test - Iteration 59, Log 11
[INF][SYS]: Stability test - Iteration 59, Log 12
[INF][SYS]: Stability test - Iteration 59, Log 13
[INF][SYS]: Stability test - Iteration 59, Log 14
[INF][SYS]: Stability test - Iteration 59, Log 15
[INF][SYS]: Stability test - Iteration 59, Log 16
[INF][SYS]: Stability test - Iteration 59, Log 17
[INF][SYS]: Stability test - Iteration 59, Log 18
[INF][SYS]: Stability test - Iteration 59, Log 19
[INF][SYS]: Stability test - Iteration 59, Log 20
[INF][SYS]: Stability test - Iteration 59, Log 21
[INF][SYS]: Stability test - Iteration 59, Log 22
[INF][SYS]: Stability test - Iteration 59, Log 23
[INF][SYS]: Stability test - Iteration 59, Log 24
[INF][SYS]: Stability test - Iteration 59, Log 25
[INF][SYS]: Stability test - Iteration 59, Log 26
[INF][SYS]: Stability test - Iteration 59, Log 27
[INF][SYS]: Stability test - Iteration 59, Log 28
[INF][SYS]: Stability test - Iteration 59, Log 29
[INF][SYS]: Stability test - Iteration 59, Log 30
[INF][SYS]: Stability test - Iteration 59, Log 31
[INF][SYS]: Stability test - Iteration 59, Log 32
[INF][SYS]: Stability test - Iteration 59, Log 33
[INF][SYS]: Stability test - Iteration 59, Log 34
[INF][SYS]: Stability test - Iteration 59, Log 35
[INF][SYS]: Stability test - Iteration 59, Log 36
[INF][SYS]: Stability test - Iteration 59, Log 37
[INF][SYS]: Stability test - Iteration 59, Log 38
[INF][SYS]: Stability test - Iteration 59, Log 39
[INF][SYS]: Stability test - Iteration 59, Log 40
[INF][SYS]: Stability test - Iteration 59, Log 41
[INF][SYS]: Stability test - Iteration 59, Log 42
[INF][SYS]: Stability test - Iteration 59, Log 43
[INF][SYS]: Stability test - Iteration 59, Log 44
[INF][SYS]: Stability test - Iteration 59, Log 45
[INF][SYS]: Stability test - Iteration 59, Log 46
[INF][SYS]: Stability test - Iteration 59, Log 47
[INF][SYS]: Stability test - Iteration 59, Log 48
[INF][SYS]: Stability test - Iteration 59, Log 49
[INF][SYS]: Stability test - Iteration 60, Log 0
[INF][SYS]: Stability test - Iteration 60, Log 1
[INF][SYS]: Stability test - Iteration 60, Log 2
[INF][SYS]: Stability test - Iteration 60, Log 3
[INF][SYS]: Stability test - Iteration 60, Log 4
[INF][SYS]: Stability test - Iteration 60, Log 5
[INF][SYS]: Stability test - Iteration 60, Log 6
[INF][SYS]: Stability test - Iteration 60, Log 7
[INF][SYS]: Stability test - Iteration 60, Log 8
[INF][SYS]: Stability test - Iteration 60, Log 9
[INF][SYS]: Stability test - Iteration 60, Log 10
[INF][SYS]: Stability test - Iteration 60, Log 11
[INF][SYS]: Stability test - Iteration 60, Log 12
[INF][SYS]: Stability test - Iteration 60, Log 13
[INF][SYS]: Stability test - Iteration 60, Log 14
[INF][SYS]: Stability test - Iteration 60, Log 15
[INF][SYS]: Stability test - Iteration 60, Log 16
[INF][SYS]: Stability test - Iteration 60, Log 17
[INF][SYS]: Stability test - Iteration 60, Log 18
[INF][SYS]: Stability test - Iteration 60, Log 19
[INF][SYS]: Stability test - Iteration 60, Log 20
[INF][SYS]: Stability test - Iteration 60, Log 21
[INF][SYS]: Stability test - Iteration 60, Log 22
[INF][SYS]: Stability test - Iteration 60, Log 23
[INF][SYS]: Stability test - Iteration 60, Log 24
[INF][SYS]: Stability test - Iteration 60, Log 25
[INF][SYS]: Stability test - Iteration 60, Log 26
[INF][SYS]: Stability test - Iteration 60, Log 27
[INF][SYS]: Stability test - Iteration 60, Log 28
[INF][SYS]: Stability test - Iteration 60, Log 29
[INF][SYS]: Stability test - Iteration 60, Log 30
[INF][SYS]: Stability test - Iteration 60, Log 31
[INF][SYS]: Stability test - Iteration 60, Log 32
[INF][SYS]: Stability test - Iteration 60, Log 33
[INF][SYS]: Stability test - Iteration 60, Log 34
[INF][SYS]: Stability test - Iteration 60, Log 35
[INF][SYS]: Stability test - Iteration 60, Log 36
[INF][SYS]: Stability test - Iteration 60, Log 37
[INF][SYS]: Stability test - Iteration 60, Log 38
[INF][SYS]: Stability test - Iteration 60, Log 39
[INF][SYS]: Stability test - Iteration 60, Log 40
[INF][SYS]: Stability test - Iteration 60, Log 41
[INF][SYS]: Stability test - Iteration 60, Log 42
[INF][SYS]: Stability test - Iteration 60, Log 43
[INF][SYS]: Stability test - Iteration 60, Log 44
[INF][SYS]: Stability test - Iteration 60, Log 45
[INF][SYS]: Stability test - Iteration 60, Log 46
[INF][SYS]: Stability test - Iteration 60, Log 47
[INF][SYS]: Stability test - Iteration 60, Log 48
[INF][SYS]: Stability test - Iteration 60, Log 49
[INF][SYS]: Stability test - Iteration 61, Log 0
[INF][SYS]: Stability test - Iteration 61, Log 1
[INF][SYS]: Stability test - Iteration 61, Log 2
[INF][SYS]: Stability test - Iteration 61, Log 3
[INF][SYS]: Stability test - Iteration 61, Log 4
[INF][SYS]: Stability test - Iteration 61, Log 5
[INF][SYS]: Stability test - Iteration 61, Log 6
[INF][SYS]: Stability test - Iteration 61, Log 7
[INF][SYS]: Stability test - Iteration 61, Log 8
[INF][SYS]: Stability test - Iteration 61, Log 9
[INF][SYS]: Stability test - Iteration 61, Log 10
[INF][SYS]: Stability test - Iteration 61, Log 11
[INF][SYS]: Stability test - Iteration 61, Log 12
[INF][SYS]: Stability test - Iteration 61, Log 13
[INF][SYS]: Stability test - Iteration 61, Log 14
[INF][SYS]: Stability test - Iteration 61, Log 15
[INF][SYS]: Stability test - Iteration 61, Log 16
[INF][SYS]: Stability test - Iteration 61, Log 17
[INF][SYS]: Stability test - Iteration 61, Log 18
[INF][SYS]: Stability test - Iteration 61, Log 19
[INF][SYS]: Stability test - Iteration 61, Log 20
[INF][SYS]: Stability test - Iteration 61, Log 21
[INF][SYS]: Stability test - Iteration 61, Log 22
[INF][SYS]: Stability test - Iteration 61, Log 23
[INF][SYS]: Stability test - Iteration 61, Log 24
[INF][SYS]: Stability test - Iteration 61, Log 25
[INF][SYS]: Stability test - Iteration 61, Log 26
[INF][SYS]: Stability test - Iteration 61, Log 27
[INF][SYS]: Stability test - Iteration 61, Log 28
[INF][SYS]: Stability test - Iteration 61, Log 29
[INF][SYS]: Stability test - Iteration 61, Log 30
[INF][SYS]: Stability test - Iteration 61, Log 31
[INF][SYS]: Stability test - Iteration 61, Log 32
[INF][SYS]: Stability test - Iteration 61, Log 33
[INF][SYS]: Stability test - Iteration 61, Log 34
[INF][SYS]: Stability test - Iteration 61, Log 35
[INF][SYS]: Stability test - Iteration 61, Log 36
[INF][SYS]: Stability test - Iteration 61, Log 37
[INF][SYS]: Stability test - Iteration 61, Log 38
[INF][SYS]: Stability test - Iteration 61, Log 39
[INF][SYS]: Stability test - Iteration 61, Log 40
[INF][SYS]: Stability test - Iteration 61, Log 41
[INF][SYS]: Stability test - Iteration 61, Log 42
[INF][SYS]: Stability test - Iteration 61, Log 43
[INF][SYS]: Stability test - Iteration 61, Log 44
[INF][SYS]: Stability test - Iteration 61, Log 45
[INF][SYS]: Stability test - Iteration 61, Log 46
[INF][SYS]: Stability test - Iteration 61, Log 47
[INF][SYS]: Stability test - Iteration 61, Log 48
[INF][SYS]: Stability test - Iteration 61, Log 49
[INF][SYS]: Stability test - Iteration 62, Log 0
[INF][SYS]: Stability test - Iteration 62, Log 1
[INF][SYS]: Stability test - Iteration 62, Log 2
[INF][SYS]: Stability test - Iteration 62, Log 3
[INF][SYS]: Stability test - Iteration 62, Log 4
[INF][SYS]: Stability test - Iteration 62, Log 5
[INF][SYS]: Stability test - Iteration 62, Log 6
[INF][SYS]: Stability test - Iteration 62, Log 7
[INF][SYS]: Stability test - Iteration 62, Log 8
[INF][SYS]: Stability test - Iteration 62, Log 9
[INF][SYS]: Stability test - Iteration 62, Log 10
[INF][SYS]: Stability test - Iteration 62, Log 11
[INF][SYS]: Stability test - Iteration 62, Log 12
[INF][SYS]: Stability test - Iteration 62, Log 13
[INF][SYS]: Stability test - Iteration 62, Log 14
[INF][SYS]: Stability test - Iteration 62, Log 15
[INF][SYS]: Stability test - Iteration 62, Log 16
[INF][SYS]: Stability test - Iteration 62, Log 17
[INF][SYS]: Stability test - Iteration 62, Log 18
[INF][SYS]: Stability test - Iteration 62, Log 19
[INF][SYS]: Stability test - Iteration 62, Log 20
[INF][SYS]: Stability test - Iteration 62, Log 21
[INF][SYS]: Stability test - Iteration 62, Log 22
[INF][SYS]: Stability test - Iteration 62, Log 23
[INF][SYS]: Stability test - Iteration 62, Log 24
[INF][SYS]: Stability test - Iteration 62, Log 25
[INF][SYS]: Stability test - Iteration 62, Log 26
[INF][SYS]: Stability test - Iteration 62, Log 27
[INF][SYS]: Stability test - Iteration 62, Log 28
[INF][SYS]: Stability test - Iteration 62, Log 29
[INF][SYS]: Stability test - Iteration 62, Log 30
[INF][SYS]: Stability test - Iteration 62, Log 31
[INF][SYS]: Stability test - Iteration 62, Log 32
[INF][SYS]: Stability test - Iteration 62, Log 33
[INF][SYS]: Stability test - Iteration 62, Log 34
[INF][SYS]: Stability test - Iteration 62, Log 35
[INF][SYS]: Stability test - Iteration 62, Log 36
[INF][SYS]: Stability test - Iteration 62, Log 37
[INF][SYS]: Stability test - Iteration 62, Log 38
[INF][SYS]: Stability test - Iteration 62, Log 39
[INF][SYS]: Stability test - Iteration 62, Log 40
[INF][SYS]: Stability test - Iteration 62, Log 41
[INF][SYS]: Stability test - Iteration 62, Log 42
[INF][SYS]: Stability test - Iteration 62, Log 43
[INF][SYS]: Stability test - Iteration 62, Log 44
[INF][SYS]: Stability test - Iteration 62, Log 45
[INF][SYS]: Stability test - Iteration 62, Log 46
[INF][SYS]: Stability test - Iteration 62, Log 47
[INF][SYS]: Stability test - Iteration 62, Log 48
[INF][SYS]: Stability test - Iteration 62, Log 49
[INF][SYS]: Stability test - Iteration 63, Log 0
[INF][SYS]: Stability test - Iteration 63, Log 1
[INF][SYS]: Stability test - Iteration 63, Log 2
[INF][SYS]: Stability test - Iteration 63, Log 3
[INF][SYS]: Stability test - Iteration 63, Log 4
[INF][SYS]: Stability test - Iteration 63, Log 5
[INF][SYS]: Stability test - Iteration 63, Log 6
[INF][SYS]: Stability test - Iteration 63, Log 7
[INF][SYS]: Stability test - Iteration 63, Log 8
[INF][SYS]: Stability test - Iteration 63, Log 9
[INF][SYS]: Stability test - Iteration 63, Log 10
[INF][SYS]: Stability test - Iteration 63, Log 11
[INF][SYS]: Stability test - Iteration 63, Log 12
[INF][SYS]: Stability test - Iteration 63, Log 13
[INF][SYS]: Stability test - Iteration 63, Log 14
[INF][SYS]: Stability test - Iteration 63, Log 15
[INF][SYS]: Stability test - Iteration 63, Log 16
[INF][SYS]: Stability test - Iteration 63, Log 17
[INF][SYS]: Stability test - Iteration 63, Log 18
[INF][SYS]: Stability test - Iteration 63, Log 19
[INF][SYS]: Stability test - Iteration 63, Log 20
[INF][SYS]: Stability test - Iteration 63, Log 21
[INF][SYS]: Stability test - Iteration 63, Log 22
[INF][SYS]: Stability test - Iteration 63, Log 23
[INF][SYS]: Stability test - Iteration 63, Log 24
[INF][SYS]: Stability test - Iteration 63, Log 25
[INF][SYS]: Stability test - Iteration 63, Log 26
[INF][SYS]: Stability test - Iteration 63, Log 27
[INF][SYS]: Stability test - Iteration 63, Log 28
[INF][SYS]: Stability test - Iteration 63, Log 29
[INF][SYS]: Stability test - Iteration 63, Log 30
[INF][SYS]: Stability test - Iteration 63, Log 31
[INF][SYS]: Stability test - Iteration 63, Log 32
[INF][SYS]: Stability test - Iteration 63, Log 33
[INF][SYS]: Stability test - Iteration 63, Log 34
[INF][SYS]: Stability test - Iteration 63, Log 35
[INF][SYS]: Stability test - Iteration 63, Log 36
[INF][SYS]: Stability test - Iteration 63, Log 37
[INF][SYS]: Stability test - Iteration 63, Log 38
[INF][SYS]: Stability test - Iteration 63, Log 39
[INF][SYS]: Stability test - Iteration 63, Log 40
[INF][SYS]: Stability test - Iteration 63, Log 41
[INF][SYS]: Stability test - Iteration 63, Log 42
[INF][SYS]: Stability test - Iteration 63, Log 43
[INF][SYS]: Stability test - Iteration 63, Log 44
[INF][SYS]: Stability test - Iteration 63, Log 45
[INF][SYS]: Stability test - Iteration 63, Log 46
[INF][SYS]: Stability test - Iteration 63, Log 47
[INF][SYS]: Stability test - Iteration 63, Log 48
[INF][SYS]: Stability test - Iteration 63, Log 49
[INF][SYS]: Stability test - Iteration 64, Log 0
[INF][SYS]: Stability test - Iteration 64, Log 1
[INF][SYS]: Stability test - Iteration 64, Log 2
[INF][SYS]: Stability test - Iteration 64, Log 3
[INF][SYS]: Stability test - Iteration 64, Log 4
[INF][SYS]: Stability test - Iteration 64, Log 5
[INF][SYS]: Stability test - Iteration 64, Log 6
[INF][SYS]: Stability test - Iteration 64, Log 7
[INF][SYS]: Stability test - Iteration 64, Log 8
[INF][SYS]: Stability test - Iteration 64, Log 9
[INF][SYS]: Stability test - Iteration 64, Log 10
[INF][SYS]: Stability test - Iteration 64, Log 11
[INF][SYS]: Stability test - Iteration 64, Log 12
[INF][SYS]: Stability test - Iteration 64, Log 13
[INF][SYS]: Stability test - Iteration 64, Log 14
[INF][SYS]: Stability test - Iteration 64, Log 15
[INF][SYS]: Stability test - Iteration 64, Log 16
[INF][SYS]: Stability test - Iteration 64, Log 17
[INF][SYS]: Stability test - Iteration 64, Log 18
[INF][SYS]: Stability test - Iteration 64, Log 19
[INF][SYS]: Stability test - Iteration 64, Log 20
[INF][SYS]: Stability test - Iteration 64, Log 21
[INF][SYS]: Stability test - Iteration 64, Log 22
[INF][SYS]: Stability test - Iteration 64, Log 23
[INF][SYS]: Stability test - Iteration 64, Log 24
[INF][SYS]: Stability test - Iteration 64, Log 25
[INF][SYS]: Stability test - Iteration 64, Log 26
[INF][SYS]: Stability test - Iteration 64, Log 27
[INF][SYS]: Stability test - Iteration 64, Log 28
[INF][SYS]: Stability test - Iteration 64, Log 29
[INF][SYS]: Stability test - Iteration 64, Log 30
[INF][SYS]: Stability test - Iteration 64, Log 31
[INF][SYS]: Stability test - Iteration 64, Log 32
[INF][SYS]: Stability test - Iteration 64, Log 33
[INF][SYS]: Stability test - Iteration 64, Log 34
[INF][SYS]: Stability test - Iteration 64, Log 35
[INF][SYS]: Stability test - Iteration 64, Log 36
[INF][SYS]: Stability test - Iteration 64, Log 37
[INF][SYS]: Stability test - Iteration 64, Log 38
[INF][SYS]: Stability test - Iteration 64, Log 39
[INF][SYS]: Stability test - Iteration 64, Log 40
[INF][SYS]: Stability test - Iteration 64, Log 41
[INF][SYS]: Stability test - Iteration 64, Log 42
[INF][SYS]: Stability test - Iteration 64, Log 43
[INF][SYS]: Stability test - Iteration 64, Log 44
[INF][SYS]: Stability test - Iteration 64, Log 45
[INF][SYS]: Stability test - Iteration 64, Log 46
[INF][SYS]: Stability test - Iteration 64, Log 47
[INF][SYS]: Stability test - Iteration 64, Log 48
[INF][SYS]: Stability test - Iteration 64, Log 49
[INF][SYS]: Stability test - Iteration 65, Log 0
[INF][SYS]: Stability test - Iteration 65, Log 1
[INF][SYS]: Stability test - Iteration 65, Log 2
[INF][SYS]: Stability test - Iteration 65, Log 3
[INF][SYS]: Stability test - Iteration 65, Log 4
[INF][SYS]: Stability test - Iteration 65, Log 5
[INF][SYS]: Stability test - Iteration 65, Log 6
[INF][SYS]: Stability test - Iteration 65, Log 7
[INF][SYS]: Stability test - Iteration 65, Log 8
[INF][SYS]: Stability test - Iteration 65, Log 9
[INF][SYS]: Stability test - Iteration 65, Log 10
[INF][SYS]: Stability test - Iteration 65, Log 11
[INF][SYS]: Stability test - Iteration 65, Log 12
[INF][SYS]: Stability test - Iteration 65, Log 13
[INF][SYS]: Stability test - Iteration 65, Log 14
[INF][SYS]: Stability test - Iteration 65, Log 15
[INF][SYS]: Stability test - Iteration 65, Log 16
[INF][SYS]: Stability test - Iteration 65, Log 17
[INF][SYS]: Stability test - Iteration 65, Log 18
[INF][SYS]: Stability test - Iteration 65, Log 19
[INF][SYS]: Stability test - Iteration 65, Log 20
[INF][SYS]: Stability test - Iteration 65, Log 21
[INF][SYS]: Stability test - Iteration 65, Log 22
[INF][SYS]: Stability test - Iteration 65, Log 23
[INF][SYS]: Stability test - Iteration 65, Log 24
[INF][SYS]: Stability test - Iteration 65, Log 25
[INF][SYS]: Stability test - Iteration 65, Log 26
[INF][SYS]: Stability test - Iteration 65, Log 27
[INF][SYS]: Stability test - Iteration 65, Log 28
[INF][SYS]: Stability test - Iteration 65, Log 29
[INF][SYS]: Stability test - Iteration 65, Log 30
[INF][SYS]: Stability test - Iteration 65, Log 31
[INF][SYS]: Stability test - Iteration 65, Log 32
[INF][SYS]: Stability test - Iteration 65, Log 33
[INF][SYS]: Stability test - Iteration 65, Log 34
[INF][SYS]: Stability test - Iteration 65, Log 35
[INF][SYS]: Stability test - Iteration 65, Log 36
[INF][SYS]: Stability test - Iteration 65, Log 37
[INF][SYS]: Stability test - Iteration 65, Log 38
[INF][SYS]: Stability test - Iteration 65, Log 39
[INF][SYS]: Stability test - Iteration 65, Log 40
[INF][SYS]: Stability test - Iteration 65, Log 41
[INF][SYS]: Stability test - Iteration 65, Log 42
[INF][SYS]: Stability test - Iteration 65, Log 43
[INF][SYS]: Stability test - Iteration 65, Log 44
[INF][SYS]: Stability test - Iteration 65, Log 45
[INF][SYS]: Stability test - Iteration 65, Log 46
[INF][SYS]: Stability test - Iteration 65, Log 47
[INF][SYS]: Stability test - Iteration 65, Log 48
[INF][SYS]: Stability test - Iteration 65, Log 49
[INF][SYS]: Stability test - Iteration 66, Log 0
[INF][SYS]: Stability test - Iteration 66, Log 1
[INF][SYS]: Stability test - Iteration 66, Log 2
[INF][SYS]: Stability test - Iteration 66, Log 3
[INF][SYS]: Stability test - Iteration 66, Log 4
[INF][SYS]: Stability test - Iteration 66, Log 5
[INF][SYS]: Stability test - Iteration 66, Log 6
[INF][SYS]: Stability test - Iteration 66, Log 7
[INF][SYS]: Stability test - Iteration 66, Log 8
[INF][SYS]: Stability test - Iteration 66, Log 9
[INF][SYS]: Stability test - Iteration 66, Log 10
[INF][SYS]: Stability test - Iteration 66, Log 11
[INF][SYS]: Stability test - Iteration 66, Log 12
[INF][SYS]: Stability test - Iteration 66, Log 13
[INF][SYS]: Stability test - Iteration 66, Log 14
[INF][SYS]: Stability test - Iteration 66, Log 15
[INF][SYS]: Stability test - Iteration 66, Log 16
[INF][SYS]: Stability test - Iteration 66, Log 17
[INF][SYS]: Stability test - Iteration 66, Log 18
[INF][SYS]: Stability test - Iteration 66, Log 19
[INF][SYS]: Stability test - Iteration 66, Log 20
[INF][SYS]: Stability test - Iteration 66, Log 21
[INF][SYS]: Stability test - Iteration 66, Log 22
[INF][SYS]: Stability test - Iteration 66, Log 23
[INF][SYS]: Stability test - Iteration 66, Log 24
[INF][SYS]: Stability test - Iteration 66, Log 25
[INF][SYS]: Stability test - Iteration 66, Log 26
[INF][SYS]: Stability test - Iteration 66, Log 27
[INF][SYS]: Stability test - Iteration 66, Log 28
[INF][SYS]: Stability test - Iteration 66, Log 29
[INF][SYS]: Stability test - Iteration 66, Log 30
[INF][SYS]: Stability test - Iteration 66, Log 31
[INF][SYS]: Stability test - Iteration 66, Log 32
[INF][SYS]: Stability test - Iteration 66, Log 33
[INF][SYS]: Stability test - Iteration 66, Log 34
[INF][SYS]: Stability test - Iteration 66, Log 35
[INF][SYS]: Stability test - Iteration 66, Log 36
[INF][SYS]: Stability test - Iteration 66, Log 37
[INF][SYS]: Stability test - Iteration 66, Log 38
[INF][SYS]: Stability test - Iteration 66, Log 39
[INF][SYS]: Stability test - Iteration 66, Log 40
[INF][SYS]: Stability test - Iteration 66, Log 41
[INF][SYS]: Stability test - Iteration 66, Log 42
[INF][SYS]: Stability test - Iteration 66, Log 43
[INF][SYS]: Stability test - Iteration 66, Log 44
[INF][SYS]: Stability test - Iteration 66, Log 45
[INF][SYS]: Stability test - Iteration 66, Log 46
[INF][SYS]: Stability test - Iteration 66, Log 47
[INF][SYS]: Stability test - Iteration 66, Log 48
[INF][SYS]: Stability test - Iteration 66, Log 49
[INF][SYS]: Stability test - Iteration 67, Log 0
[INF][SYS]: Stability test - Iteration 67, Log 1
[INF][SYS]: Stability test - Iteration 67, Log 2
[INF][SYS]: Stability test - Iteration 67, Log 3
[INF][SYS]: Stability test - Iteration 67, Log 4
[INF][SYS]: Stability test - Iteration 67, Log 5
[INF][SYS]: Stability test - Iteration 67, Log 6
[INF][SYS]: Stability test - Iteration 67, Log 7
[INF][SYS]: Stability test - Iteration 67, Log 8
[INF][SYS]: Stability test - Iteration 67, Log 9
[INF][SYS]: Stability test - Iteration 67, Log 10
[INF][SYS]: Stability test - Iteration 67, Log 11
[INF][SYS]: Stability test - Iteration 67, Log 12
[INF][SYS]: Stability test - Iteration 67, Log 13
[INF][SYS]: Stability test - Iteration 67, Log 14
[INF][SYS]: Stability test - Iteration 67, Log 15
[INF][SYS]: Stability test - Iteration 67, Log 16
[INF][SYS]: Stability test - Iteration 67, Log 17
[INF][SYS]: Stability test - Iteration 67, Log 18
[INF][SYS]: Stability test - Iteration 67, Log 19
[INF][SYS]: Stability test - Iteration 67, Log 20
[INF][SYS]: Stability test - Iteration 67, Log 21
[INF][SYS]: Stability test - Iteration 67, Log 22
[INF][SYS]: Stability test - Iteration 67, Log 23
[INF][SYS]: Stability test - Iteration 67, Log 24
[INF][SYS]: Stability test - Iteration 67, Log 25
[INF][SYS]: Stability test - Iteration 67, Log 26
[INF][SYS]: Stability test - Iteration 67, Log 27
[INF][SYS]: Stability test - Iteration 67, Log 28
[INF][SYS]: Stability test - Iteration 67, Log 29
[INF][SYS]: Stability test - Iteration 67, Log 30
[INF][SYS]: Stability test - Iteration 67, Log 31
[INF][SYS]: Stability test - Iteration 67, Log 32
[INF][SYS]: Stability test - Iteration 67, Log 33
[INF][SYS]: Stability test - Iteration 67, Log 34
[INF][SYS]: Stability test - Iteration 67, Log 35
[INF][SYS]: Stability test - Iteration 67, Log 36
[INF][SYS]: Stability test - Iteration 67, Log 37
[INF][SYS]: Stability test - Iteration 67, Log 38
[INF][SYS]: Stability test - Iteration 67, Log 39
[INF][SYS]: Stability test - Iteration 67, Log 40
[INF][SYS]: Stability test - Iteration 67, Log 41
[INF][SYS]: Stability test - Iteration 67, Log 42
[INF][SYS]: Stability test - Iteration 67, Log 43
[INF][SYS]: Stability test - Iteration 67, Log 44
[INF][SYS]: Stability test - Iteration 67, Log 45
[INF][SYS]: Stability test - Iteration 67, Log 46
[INF][SYS]: Stability test - Iteration 67, Log 47
[INF][SYS]: Stability test - Iteration 67, Log 48
[INF][SYS]: Stability test - Iteration 67, Log 49
[INF][SYS]: Stability test - Iteration 68, Log 0
[INF][SYS]: Stability test - Iteration 68, Log 1
[INF][SYS]: Stability test - Iteration 68, Log 2
[INF][SYS]: Stability test - Iteration 68, Log 3
[INF][SYS]: Stability test - Iteration 68, Log 4
[INF][SYS]: Stability test - Iteration 68, Log 5
[INF][SYS]: Stability test - Iteration 68, Log 6
[INF][SYS]: Stability test - Iteration 68, Log 7
[INF][SYS]: Stability test - Iteration 68, Log 8
[INF][SYS]: Stability test - Iteration 68, Log 9
[INF][SYS]: Stability test - Iteration 68, Log 10
[INF][SYS]: Stability test - Iteration 68, Log 11
[INF][SYS]: Stability test - Iteration 68, Log 12
[INF][SYS]: Stability test - Iteration 68, Log 13
[INF][SYS]: Stability test - Iteration 68, Log 14
[INF][SYS]: Stability test - Iteration 68, Log 15
[INF][SYS]: Stability test - Iteration 68, Log 16
[INF][SYS]: Stability test - Iteration 68, Log 17
[INF][SYS]: Stability test - Iteration 68, Log 18
[INF][SYS]: Stability test - Iteration 68, Log 19
[INF][SYS]: Stability test - Iteration 68, Log 20
[INF][SYS]: Stability test - Iteration 68, Log 21
[INF][SYS]: Stability test - Iteration 68, Log 22
[INF][SYS]: Stability test - Iteration 68, Log 23
[INF][SYS]: Stability test - Iteration 68, Log 24
[INF][SYS]: Stability test - Iteration 68, Log 25
[INF][SYS]: Stability test - Iteration 68, Log 26
[INF][SYS]: Stability test - Iteration 68, Log 27
[INF][SYS]: Stability test - Iteration 68, Log 28
[INF][SYS]: Stability test - Iteration 68, Log 29
[INF][SYS]: Stability test - Iteration 68, Log 30
[INF][SYS]: Stability test - Iteration 68, Log 31
[INF][SYS]: Stability test - Iteration 68, Log 32
[INF][SYS]: Stability test - Iteration 68, Log 33
[INF][SYS]: Stability test - Iteration 68, Log 34
[INF][SYS]: Stability test - Iteration 68, Log 35
[INF][SYS]: Stability test - Iteration 68, Log 36
[INF][SYS]: Stability test - Iteration 68, Log 37
[INF][SYS]: Stability test - Iteration 68, Log 38
[INF][SYS]: Stability test - Iteration 68, Log 39
[INF][SYS]: Stability test - Iteration 68, Log 40
[INF][SYS]: Stability test - Iteration 68, Log 41
[INF][SYS]: Stability test - Iteration 68, Log 42
[INF][SYS]: Stability test - Iteration 68, Log 43
[INF][SYS]: Stability test - Iteration 68, Log 44
[INF][SYS]: Stability test - Iteration 68, Log 45
[INF][SYS]: Stability test - Iteration 68, Log 46
[INF][SYS]: Stability test - Iteration 68, Log 47
[INF][SYS]: Stability test - Iteration 68, Log 48
[INF][SYS]: Stability test - Iteration 68, Log 49
[INF][SYS]: Stability test - Iteration 69, Log 0
[INF][SYS]: Stability test - Iteration 69, Log 1
[INF][SYS]: Stability test - Iteration 69, Log 2
[INF][SYS]: Stability test - Iteration 69, Log 3
[INF][SYS]: Stability test - Iteration 69, Log 4
[INF][SYS]: Stability test - Iteration 69, Log 5
[INF][SYS]: Stability test - Iteration 69, Log 6
[INF][SYS]: Stability test - Iteration 69, Log 7
[INF][SYS]: Stability test - Iteration 69, Log 8
[INF][SYS]: Stability test - Iteration 69, Log 9
[INF][SYS]: Stability test - Iteration 69, Log 10
[INF][SYS]: Stability test - Iteration 69, Log 11
[INF][SYS]: Stability test - Iteration 69, Log 12
[INF][SYS]: Stability test - Iteration 69, Log 13
[INF][SYS]: Stability test - Iteration 69, Log 14
[INF][SYS]: Stability test - Iteration 69, Log 15
[INF][SYS]: Stability test - Iteration 69, Log 16
[INF][SYS]: Stability test - Iteration 69, Log 17
[INF][SYS]: Stability test - Iteration 69, Log 18
[INF][SYS]: Stability test - Iteration 69, Log 19
[INF][SYS]: Stability test - Iteration 69, Log 20
[INF][SYS]: Stability test - Iteration 69, Log 21
[INF][SYS]: Stability test - Iteration 69, Log 22
[INF][SYS]: Stability test - Iteration 69, Log 23
[INF][SYS]: Stability test - Iteration 69, Log 24
[INF][SYS]: Stability test - Iteration 69, Log 25
[INF][SYS]: Stability test - Iteration 69, Log 26
[INF][SYS]: Stability test - Iteration 69, Log 27
[INF][SYS]: Stability test - Iteration 69, Log 28
[INF][SYS]: Stability test - Iteration 69, Log 29
[INF][SYS]: Stability test - Iteration 69, Log 30
[INF][SYS]: Stability test - Iteration 69, Log 31
[INF][SYS]: Stability test - Iteration 69, Log 32
[INF][SYS]: Stability test - Iteration 69, Log 33
[INF][SYS]: Stability test - Iteration 69, Log 34
[INF][SYS]: Stability test - Iteration 69, Log 35
[INF][SYS]: Stability test - Iteration 69, Log 36
[INF][SYS]: Stability test - Iteration 69, Log 37
[INF][SYS]: Stability test - Iteration 69, Log 38
[INF][SYS]: Stability test - Iteration 69, Log 39
[INF][SYS]: Stability test - Iteration 69, Log 40
[INF][SYS]: Stability test - Iteration 69, Log 41
[INF][SYS]: Stability test - Iteration 69, Log 42
[INF][SYS]: Stability test - Iteration 69, Log 43
[INF][SYS]: Stability test - Iteration 69, Log 44
[INF][SYS]: Stability test - Iteration 69, Log 45
[INF][SYS]: Stability test - Iteration 69, Log 46
[INF][SYS]: Stability test - Iteration 69, Log 47
[INF][SYS]: Stability test - Iteration 69, Log 48
[INF][SYS]: Stability test - Iteration 69, Log 49
[INF][SYS]: Stability test - Iteration 70, Log 0
[INF][SYS]: Stability test - Iteration 70, Log 1
[INF][SYS]: Stability test - Iteration 70, Log 2
[INF][SYS]: Stability test - Iteration 70, Log 3
[INF][SYS]: Stability test - Iteration 70, Log 4
[INF][SYS]: Stability test - Iteration 70, Log 5
[INF][SYS]: Stability test - Iteration 70, Log 6
[INF][SYS]: Stability test - Iteration 70, Log 7
[INF][SYS]: Stability test - Iteration 70, Log 8
[INF][SYS]: Stability test - Iteration 70, Log 9
[INF][SYS]: Stability test - Iteration 70, Log 10
[INF][SYS]: Stability test - Iteration 70, Log 11
[INF][SYS]: Stability test - Iteration 70, Log 12
[INF][SYS]: Stability test - Iteration 70, Log 13
[INF][SYS]: Stability test - Iteration 70, Log 14
[INF][SYS]: Stability test - Iteration 70, Log 15
[INF][SYS]: Stability test - Iteration 70, Log 16
[INF][SYS]: Stability test - Iteration 70, Log 17
[INF][SYS]: Stability test - Iteration 70, Log 18
[INF][SYS]: Stability test - Iteration 70, Log 19
[INF][SYS]: Stability test - Iteration 70, Log 20
[INF][SYS]: Stability test - Iteration 70, Log 21
[INF][SYS]: Stability test - Iteration 70, Log 22
[INF][SYS]: Stability test - Iteration 70, Log 23
[INF][SYS]: Stability test - Iteration 70, Log 24
[INF][SYS]: Stability test - Iteration 70, Log 25
[INF][SYS]: Stability test - Iteration 70, Log 26
[INF][SYS]: Stability test - Iteration 70, Log 27
[INF][SYS]: Stability test - Iteration 70, Log 28
[INF][SYS]: Stability test - Iteration 70, Log 29
[INF][SYS]: Stability test - Iteration 70, Log 30
[INF][SYS]: Stability test - Iteration 70, Log 31
[INF][SYS]: Stability test - Iteration 70, Log 32
[INF][SYS]: Stability test - Iteration 70, Log 33
[INF][SYS]: Stability test - Iteration 70, Log 34
[INF][SYS]: Stability test - Iteration 70, Log 35
[INF][SYS]: Stability test - Iteration 70, Log 36
[INF][SYS]: Stability test - Iteration 70, Log 37
[INF][SYS]: Stability test - Iteration 70, Log 38
[INF][SYS]: Stability test - Iteration 70, Log 39
[INF][SYS]: Stability test - Iteration 70, Log 40
[INF][SYS]: Stability test - Iteration 70, Log 41
[INF][SYS]: Stability test - Iteration 70, Log 42
[INF][SYS]: Stability test - Iteration 70, Log 43
[INF][SYS]: Stability test - Iteration 70, Log 44
[INF][SYS]: Stability test - Iteration 70, Log 45
[INF][SYS]: Stability test - Iteration 70, Log 46
[INF][SYS]: Stability test - Iteration 70, Log 47
[INF][SYS]: Stability test - Iteration 70, Log 48
[INF][SYS]: Stability test - Iteration 70, Log 49
[INF][SYS]: Stability test - Iteration 71, Log 0
[INF][SYS]: Stability test - Iteration 71, Log 1
[INF][SYS]: Stability test - Iteration 71, Log 2
[INF][SYS]: Stability test - Iteration 71, Log 3
[INF][SYS]: Stability test - Iteration 71, Log 4
[INF][SYS]: Stability test - Iteration 71, Log 5
[INF][SYS]: Stability test - Iteration 71, Log 6
[INF][SYS]: Stability test - Iteration 71, Log 7
[INF][SYS]: Stability test - Iteration 71, Log 8
[INF][SYS]: Stability test - Iteration 71, Log 9
[INF][SYS]: Stability test - Iteration 71, Log 10
[INF][SYS]: Stability test - Iteration 71, Log 11
[INF][SYS]: Stability test - Iteration 71, Log 12
[INF][SYS]: Stability test - Iteration 71, Log 13
[INF][SYS]: Stability test - Iteration 71, Log 14
[INF][SYS]: Stability test - Iteration 71, Log 15
[INF][SYS]: Stability test - Iteration 71, Log 16
[INF][SYS]: Stability test - Iteration 71, Log 17
[INF][SYS]: Stability test - Iteration 71, Log 18
[INF][SYS]: Stability test - Iteration 71, Log 19
[INF][SYS]: Stability test - Iteration 71, Log 20
[INF][SYS]: Stability test - Iteration 71, Log 21
[INF][SYS]: Stability test - Iteration 71, Log 22
[INF][SYS]: Stability test - Iteration 71, Log 23
[INF][SYS]: Stability test - Iteration 71, Log 24
[INF][SYS]: Stability test - Iteration 71, Log 25
[INF][SYS]: Stability test - Iteration 71, Log 26
[INF][SYS]: Stability test - Iteration 71, Log 27
[INF][SYS]: Stability test - Iteration 71, Log 28
[INF][SYS]: Stability test - Iteration 71, Log 29
[INF][SYS]: Stability test - Iteration 71, Log 30
[INF][SYS]: Stability test - Iteration 71, Log 31
[INF][SYS]: Stability test - Iteration 71, Log 32
[INF][SYS]: Stability test - Iteration 71, Log 33
[INF][SYS]: Stability test - Iteration 71, Log 34
[INF][SYS]: Stability test - Iteration 71, Log 35
[INF][SYS]: Stability test - Iteration 71, Log 36
[INF][SYS]: Stability test - Iteration 71, Log 37
[INF][SYS]: Stability test - Iteration 71, Log 38
[INF][SYS]: Stability test - Iteration 71, Log 39
[INF][SYS]: Stability test - Iteration 71, Log 40
[INF][SYS]: Stability test - Iteration 71, Log 41
[INF][SYS]: Stability test - Iteration 71, Log 42
[INF][SYS]: Stability test - Iteration 71, Log 43
[INF][SYS]: Stability test - Iteration 71, Log 44
[INF][SYS]: Stability test - Iteration 71, Log 45
[INF][SYS]: Stability test - Iteration 71, Log 46
[INF][SYS]: Stability test - Iteration 71, Log 47
[INF][SYS]: Stability test - Iteration 71, Log 48
[INF][SYS]: Stability test - Iteration 71, Log 49
[INF][SYS]: Stability test - Iteration 72, Log 0
[INF][SYS]: Stability test - Iteration 72, Log 1
[INF][SYS]: Stability test - Iteration 72, Log 2
[INF][SYS]: Stability test - Iteration 72, Log 3
[INF][SYS]: Stability test - Iteration 72, Log 4
[INF][SYS]: Stability test - Iteration 72, Log 5
[INF][SYS]: Stability test - Iteration 72, Log 6
[INF][SYS]: Stability test - Iteration 72, Log 7
[INF][SYS]: Stability test - Iteration 72, Log 8
[INF][SYS]: Stability test - Iteration 72, Log 9
[INF][SYS]: Stability test - Iteration 72, Log 10
[INF][SYS]: Stability test - Iteration 72, Log 11
[INF][SYS]: Stability test - Iteration 72, Log 12
[INF][SYS]: Stability test - Iteration 72, Log 13
[INF][SYS]: Stability test - Iteration 72, Log 14
[INF][SYS]: Stability test - Iteration 72, Log 15
[INF][SYS]: Stability test - Iteration 72, Log 16
[INF][SYS]: Stability test - Iteration 72, Log 17
[INF][SYS]: Stability test - Iteration 72, Log 18
[INF][SYS]: Stability test - Iteration 72, Log 19
[INF][SYS]: Stability test - Iteration 72, Log 20
[INF][SYS]: Stability test - Iteration 72, Log 21
[INF][SYS]: Stability test - Iteration 72, Log 22
[INF][SYS]: Stability test - Iteration 72, Log 23
[INF][SYS]: Stability test - Iteration 72, Log 24
[INF][SYS]: Stability test - Iteration 72, Log 25
[INF][SYS]: Stability test - Iteration 72, Log 26
[INF][SYS]: Stability test - Iteration 72, Log 27
[INF][SYS]: Stability test - Iteration 72, Log 28
[INF][SYS]: Stability test - Iteration 72, Log 29
[INF][SYS]: Stability test - Iteration 72, Log 30
[INF][SYS]: Stability test - Iteration 72, Log 31
[INF][SYS]: Stability test - Iteration 72, Log 32
[INF][SYS]: Stability test - Iteration 72, Log 33
[INF][SYS]: Stability test - Iteration 72, Log 34
[INF][SYS]: Stability test - Iteration 72, Log 35
[INF][SYS]: Stability test - Iteration 72, Log 36
[INF][SYS]: Stability test - Iteration 72, Log 37
[INF][SYS]: Stability test - Iteration 72, Log 38
[INF][SYS]: Stability test - Iteration 72, Log 39
[INF][SYS]: Stability test - Iteration 72, Log 40
[INF][SYS]: Stability test - Iteration 72, Log 41
[INF][SYS]: Stability test - Iteration 72, Log 42
[INF][SYS]: Stability test - Iteration 72, Log 43
[INF][SYS]: Stability test - Iteration 72, Log 44
[INF][SYS]: Stability test - Iteration 72, Log 45
[INF][SYS]: Stability test - Iteration 72, Log 46
[INF][SYS]: Stability test - Iteration 72, Log 47
[INF][SYS]: Stability test - Iteration 72, Log 48
[INF][SYS]: Stability test - Iteration 72, Log 49
[INF][SYS]: Stability test - Iteration 73, Log 0
[INF][SYS]: Stability test - Iteration 73, Log 1
[INF][SYS]: Stability test - Iteration 73, Log 2
[INF][SYS]: Stability test - Iteration 73, Log 3
[INF][SYS]: Stability test - Iteration 73, Log 4
[INF][SYS]: Stability test - Iteration 73, Log 5
[INF][SYS]: Stability test - Iteration 73, Log 6
[INF][SYS]: Stability test - Iteration 73, Log 7
[INF][SYS]: Stability test - Iteration 73, Log 8
[INF][SYS]: Stability test - Iteration 73, Log 9
[INF][SYS]: Stability test - Iteration 73, Log 10
[INF][SYS]: Stability test - Iteration 73, Log 11
[INF][SYS]: Stability test - Iteration 73, Log 12
[INF][SYS]: Stability test - Iteration 73, Log 13
[INF][SYS]: Stability test - Iteration 73, Log 14
[INF][SYS]: Stability test - Iteration 73, Log 15
[INF][SYS]: Stability test - Iteration 73, Log 16
[INF][SYS]: Stability test - Iteration 73, Log 17
[INF][SYS]: Stability test - Iteration 73, Log 18
[INF][SYS]: Stability test - Iteration 73, Log 19
[INF][SYS]: Stability test - Iteration 73, Log 20
[INF][SYS]: Stability test - Iteration 73, Log 21
[INF][SYS]: Stability test - Iteration 73, Log 22
[INF][SYS]: Stability test - Iteration 73, Log 23
[INF][SYS]: Stability test - Iteration 73, Log 24
[INF][SYS]: Stability test - Iteration 73, Log 25
[INF][SYS]: Stability test - Iteration 73, Log 26
[INF][SYS]: Stability test - Iteration 73, Log 27
[INF][SYS]: Stability test - Iteration 73, Log 28
[INF][SYS]: Stability test - Iteration 73, Log 29
[INF][SYS]: Stability test - Iteration 73, Log 30
[INF][SYS]: Stability test - Iteration 73, Log 31
[INF][SYS]: Stability test - Iteration 73, Log 32
[INF][SYS]: Stability test - Iteration 73, Log 33
[INF][SYS]: Stability test - Iteration 73, Log 34
[INF][SYS]: Stability test - Iteration 73, Log 35
[INF][SYS]: Stability test - Iteration 73, Log 36
[INF][SYS]: Stability test - Iteration 73, Log 37
[INF][SYS]: Stability test - Iteration 73, Log 38
[INF][SYS]: Stability test - Iteration 73, Log 39
[INF][SYS]: Stability test - Iteration 73, Log 40
[INF][SYS]: Stability test - Iteration 73, Log 41
[INF][SYS]: Stability test - Iteration 73, Log 42
[INF][SYS]: Stability test - Iteration 73, Log 43
[INF][SYS]: Stability test - Iteration 73, Log 44
[INF][SYS]: Stability test - Iteration 73, Log 45
[INF][SYS]: Stability test - Iteration 73, Log 46
[INF][SYS]: Stability test - Iteration 73, Log 47
[INF][SYS]: Stability test - Iteration 73, Log 48
[INF][SYS]: Stability test - Iteration 73, Log 49
[INF][SYS]: Stability test - Iteration 74, Log 0
[INF][SYS]: Stability test - Iteration 74, Log 1
[INF][SYS]: Stability test - Iteration 74, Log 2
[INF][SYS]: Stability test - Iteration 74, Log 3
[INF][SYS]: Stability test - Iteration 74, Log 4
[INF][SYS]: Stability test - Iteration 74, Log 5
[INF][SYS]: Stability test - Iteration 74, Log 6
[INF][SYS]: Stability test - Iteration 74, Log 7
[INF][SYS]: Stability test - Iteration 74, Log 8
[INF][SYS]: Stability test - Iteration 74, Log 9
[INF][SYS]: Stability test - Iteration 74, Log 10
[INF][SYS]: Stability test - Iteration 74, Log 11
[INF][SYS]: Stability test - Iteration 74, Log 12
[INF][SYS]: Stability test - Iteration 74, Log 13
[INF][SYS]: Stability test - Iteration 74, Log 14
[INF][SYS]: Stability test - Iteration 74, Log 15
[INF][SYS]: Stability test - Iteration 74, Log 16
[INF][SYS]: Stability test - Iteration 74, Log 17
[INF][SYS]: Stability test - Iteration 74, Log 18
[INF][SYS]: Stability test - Iteration 74, Log 19
[INF][SYS]: Stability test - Iteration 74, Log 20
[INF][SYS]: Stability test - Iteration 74, Log 21
[INF][SYS]: Stability test - Iteration 74, Log 22
[INF][SYS]: Stability test - Iteration 74, Log 23
[INF][SYS]: Stability test - Iteration 74, Log 24
[INF][SYS]: Stability test - Iteration 74, Log 25
[INF][SYS]: Stability test - Iteration 74, Log 26
[INF][SYS]: Stability test - Iteration 74, Log 27
[INF][SYS]: Stability test - Iteration 74, Log 28
[INF][SYS]: Stability test - Iteration 74, Log 29
[INF][SYS]: Stability test - Iteration 74, Log 30
[INF][SYS]: Stability test - Iteration 74, Log 31
[INF][SYS]: Stability test - Iteration 74, Log 32
[INF][SYS]: Stability test - Iteration 74, Log 33
[INF][SYS]: Stability test - Iteration 74, Log 34
[INF][SYS]: Stability test - Iteration 74, Log 35
[INF][SYS]: Stability test - Iteration 74, Log 36
[INF][SYS]: Stability test - Iteration 74, Log 37
[INF][SYS]: Stability test - Iteration 74, Log 38
[INF][SYS]: Stability test - Iteration 74, Log 39
[INF][SYS]: Stability test - Iteration 74, Log 40
[INF][SYS]: Stability test - Iteration 74, Log 41
[INF][SYS]: Stability test - Iteration 74, Log 42
[INF][SYS]: Stability test - Iteration 74, Log 43
[INF][SYS]: Stability test - Iteration 74, Log 44
[INF][SYS]: Stability test - Iteration 74, Log 45
[INF][SYS]: Stability test - Iteration 74, Log 46
[INF][SYS]: Stability test - Iteration 74, Log 47
[INF][SYS]: Stability test - Iteration 74, Log 48
[INF][SYS]: Stability test - Iteration 74, Log 49
[INF][SYS]: Stability test - Iteration 75, Log 0
[INF][SYS]: Stability test - Iteration 75, Log 1
[INF][SYS]: Stability test - Iteration 75, Log 2
[INF][SYS]: Stability test - Iteration 75, Log 3
[INF][SYS]: Stability test - Iteration 75, Log 4
[INF][SYS]: Stability test - Iteration 75, Log 5
[INF][SYS]: Stability test - Iteration 75, Log 6
[INF][SYS]: Stability test - Iteration 75, Log 7
[INF][SYS]: Stability test - Iteration 75, Log 8
[INF][SYS]: Stability test - Iteration 75, Log 9
[INF][SYS]: Stability test - Iteration 75, Log 10
[INF][SYS]: Stability test - Iteration 75, Log 11
[INF][SYS]: Stability test - Iteration 75, Log 12
[INF][SYS]: Stability test - Iteration 75, Log 13
[INF][SYS]: Stability test - Iteration 75, Log 14
[INF][SYS]: Stability test - Iteration 75, Log 15
[INF][SYS]: Stability test - Iteration 75, Log 16
[INF][SYS]: Stability test - Iteration 75, Log 17
[INF][SYS]: Stability test - Iteration 75, Log 18
[INF][SYS]: Stability test - Iteration 75, Log 19
[INF][SYS]: Stability test - Iteration 75, Log 20
[INF][SYS]: Stability test - Iteration 75, Log 21
[INF][SYS]: Stability test - Iteration 75, Log 22
[INF][SYS]: Stability test - Iteration 75, Log 23
[INF][SYS]: Stability test - Iteration 75, Log 24
[INF][SYS]: Stability test - Iteration 75, Log 25
[INF][SYS]: Stability test - Iteration 75, Log 26
[INF][SYS]: Stability test - Iteration 75, Log 27
[INF][SYS]: Stability test - Iteration 75, Log 28
[INF][SYS]: Stability test - Iteration 75, Log 29
[INF][SYS]: Stability test - Iteration 75, Log 30
[INF][SYS]: Stability test - Iteration 75, Log 31
[INF][SYS]: Stability test - Iteration 75, Log 32
[INF][SYS]: Stability test - Iteration 75, Log 33
[INF][SYS]: Stability test - Iteration 75, Log 34
[INF][SYS]: Stability test - Iteration 75, Log 35
[INF][SYS]: Stability test - Iteration 75, Log 36
[INF][SYS]: Stability test - Iteration 75, Log 37
[INF][SYS]: Stability test - Iteration 75, Log 38
[INF][SYS]: Stability test - Iteration 75, Log 39
[INF][SYS]: Stability test - Iteration 75, Log 40
[INF][SYS]: Stability test - Iteration 75, Log 41
[INF][SYS]: Stability test - Iteration 75, Log 42
[INF][SYS]: Stability test - Iteration 75, Log 43
[INF][SYS]: Stability test - Iteration 75, Log 44
[INF][SYS]: Stability test - Iteration 75, Log 45
[INF][SYS]: Stability test - Iteration 75, Log 46
[INF][SYS]: Stability test - Iteration 75, Log 47
[INF][SYS]: Stability test - Iteration 75, Log 48
[INF][SYS]: Stability test - Iteration 75, Log 49
[INF][SYS]: Stability test - Iteration 76, Log 0
[INF][SYS]: Stability test - Iteration 76, Log 1
[INF][SYS]: Stability test - Iteration 76, Log 2
[INF][SYS]: Stability test - Iteration 76, Log 3
[INF][SYS]: Stability test - Iteration 76, Log 4
[INF][SYS]: Stability test - Iteration 76, Log 5
[INF][SYS]: Stability test - Iteration 76, Log 6
[INF][SYS]: Stability test - Iteration 76, Log 7
[INF][SYS]: Stability test - Iteration 76, Log 8
[INF][SYS]: Stability test - Iteration 76, Log 9
[INF][SYS]: Stability test - Iteration 76, Log 10
[INF][SYS]: Stability test - Iteration 76, Log 11
[INF][SYS]: Stability test - Iteration 76, Log 12
[INF][SYS]: Stability test - Iteration 76, Log 13
[INF][SYS]: Stability test - Iteration 76, Log 14
[INF][SYS]: Stability test - Iteration 76, Log 15
[INF][SYS]: Stability test - Iteration 76, Log 16
[INF][SYS]: Stability test - Iteration 76, Log 17
[INF][SYS]: Stability test - Iteration 76, Log 18
[INF][SYS]: Stability test - Iteration 76, Log 19
[INF][SYS]: Stability test - Iteration 76, Log 20
[INF][SYS]: Stability test - Iteration 76, Log 21
[INF][SYS]: Stability test - Iteration 76, Log 22
[INF][SYS]: Stability test - Iteration 76, Log 23
[INF][SYS]: Stability test - Iteration 76, Log 24
[INF][SYS]: Stability test - Iteration 76, Log 25
[INF][SYS]: Stability test - Iteration 76, Log 26
[INF][SYS]: Stability test - Iteration 76, Log 27
[INF][SYS]: Stability test - Iteration 76, Log 28
[INF][SYS]: Stability test - Iteration 76, Log 29
[INF][SYS]: Stability test - Iteration 76, Log 30
[INF][SYS]: Stability test - Iteration 76, Log 31
[INF][SYS]: Stability test - Iteration 76, Log 32
[INF][SYS]: Stability test - Iteration 76, Log 33
[INF][SYS]: Stability test - Iteration 76, Log 34
[INF][SYS]: Stability test - Iteration 76, Log 35
[INF][SYS]: Stability test - Iteration 76, Log 36
[INF][SYS]: Stability test - Iteration 76, Log 37
[INF][SYS]: Stability test - Iteration 76, Log 38
[INF][SYS]: Stability test - Iteration 76, Log 39
[INF][SYS]: Stability test - Iteration 76, Log 40
[INF][SYS]: Stability test - Iteration 76, Log 41
[INF][SYS]: Stability test - Iteration 76, Log 42
[INF][SYS]: Stability test - Iteration 76, Log 43
[INF][SYS]: Stability test - Iteration 76, Log 44
[INF][SYS]: Stability test - Iteration 76, Log 45
[INF][SYS]: Stability test - Iteration 76, Log 46
[INF][SYS]: Stability test - Iteration 76, Log 47
[INF][SYS]: Stability test - Iteration 76, Log 48
[INF][SYS]: Stability test - Iteration 76, Log 49
[INF][SYS]: Stability test - Iteration 77, Log 0
[INF][SYS]: Stability test - Iteration 77, Log 1
[INF][SYS]: Stability test - Iteration 77, Log 2
[INF][SYS]: Stability test - Iteration 77, Log 3
[INF][SYS]: Stability test - Iteration 77, Log 4
[INF][SYS]: Stability test - Iteration 77, Log 5
[INF][SYS]: Stability test - Iteration 77, Log 6
[INF][SYS]: Stability test - Iteration 77, Log 7
[INF][SYS]: Stability test - Iteration 77, Log 8
[INF][SYS]: Stability test - Iteration 77, Log 9
[INF][SYS]: Stability test - Iteration 77, Log 10
[INF][SYS]: Stability test - Iteration 77, Log 11
[INF][SYS]: Stability test - Iteration 77, Log 12
[INF][SYS]: Stability test - Iteration 77, Log 13
[INF][SYS]: Stability test - Iteration 77, Log 14
[INF][SYS]: Stability test - Iteration 77, Log 15
[INF][SYS]: Stability test - Iteration 77, Log 16
[INF][SYS]: Stability test - Iteration 77, Log 17
[INF][SYS]: Stability test - Iteration 77, Log 18
[INF][SYS]: Stability test - Iteration 77, Log 19
[INF][SYS]: Stability test - Iteration 77, Log 20
[INF][SYS]: Stability test - Iteration 77, Log 21
[INF][SYS]: Stability test - Iteration 77, Log 22
[INF][SYS]: Stability test - Iteration 77, Log 23
[INF][SYS]: Stability test - Iteration 77, Log 24
[INF][SYS]: Stability test - Iteration 77, Log 25
[INF][SYS]: Stability test - Iteration 77, Log 26
[INF][SYS]: Stability test - Iteration 77, Log 27
[INF][SYS]: Stability test - Iteration 77, Log 28
[INF][SYS]: Stability test - Iteration 77, Log 29
[INF][SYS]: Stability test - Iteration 77, Log 30
[INF][SYS]: Stability test - Iteration 77, Log 31
[INF][SYS]: Stability test - Iteration 77, Log 32
[INF][SYS]: Stability test - Iteration 77, Log 33
[INF][SYS]: Stability test - Iteration 77, Log 34
[INF][SYS]: Stability test - Iteration 77, Log 35
[INF][SYS]: Stability test - Iteration 77, Log 36
[INF][SYS]: Stability test - Iteration 77, Log 37
[INF][SYS]: Stability test - Iteration 77, Log 38
[INF][SYS]: Stability test - Iteration 77, Log 39
[INF][SYS]: Stability test - Iteration 77, Log 40
[INF][SYS]: Stability test - Iteration 77, Log 41
[INF][SYS]: Stability test - Iteration 77, Log 42
[INF][SYS]: Stability test - Iteration 77, Log 43
[INF][SYS]: Stability test - Iteration 77, Log 44
[INF][SYS]: Stability test - Iteration 77, Log 45
[INF][SYS]: Stability test - Iteration 77, Log 46
[INF][SYS]: Stability test - Iteration 77, Log 47
[INF][SYS]: Stability test - Iteration 77, Log 48
[INF][SYS]: Stability test - Iteration 77, Log 49
[INF][SYS]: Stability test - Iteration 78, Log 0
[INF][SYS]: Stability test - Iteration 78, Log 1
[INF][SYS]: Stability test - Iteration 78, Log 2
[INF][SYS]: Stability test - Iteration 78, Log 3
[INF][SYS]: Stability test - Iteration 78, Log 4
[INF][SYS]: Stability test - Iteration 78, Log 5
[INF][SYS]: Stability test - Iteration 78, Log 6
[INF][SYS]: Stability test - Iteration 78, Log 7
[INF][SYS]: Stability test - Iteration 78, Log 8
[INF][SYS]: Stability test - Iteration 78, Log 9
[INF][SYS]: Stability test - Iteration 78, Log 10
[INF][SYS]: Stability test - Iteration 78, Log 11
[INF][SYS]: Stability test - Iteration 78, Log 12
[INF][SYS]: Stability test - Iteration 78, Log 13
[INF][SYS]: Stability test - Iteration 78, Log 14
[INF][SYS]: Stability test - Iteration 78, Log 15
[INF][SYS]: Stability test - Iteration 78, Log 16
[INF][SYS]: Stability test - Iteration 78, Log 17
[INF][SYS]: Stability test - Iteration 78, Log 18
[INF][SYS]: Stability test - Iteration 78, Log 19
[INF][SYS]: Stability test - Iteration 78, Log 20
[INF][SYS]: Stability test - Iteration 78, Log 21
[INF][SYS]: Stability test - Iteration 78, Log 22
[INF][SYS]: Stability test - Iteration 78, Log 23
[INF][SYS]: Stability test - Iteration 78, Log 24
[INF][SYS]: Stability test - Iteration 78, Log 25
[INF][SYS]: Stability test - Iteration 78, Log 26
[INF][SYS]: Stability test - Iteration 78, Log 27
[INF][SYS]: Stability test - Iteration 78, Log 28
[INF][SYS]: Stability test - Iteration 78, Log 29
[INF][SYS]: Stability test - Iteration 78, Log 30
[INF][SYS]: Stability test - Iteration 78, Log 31
[INF][SYS]: Stability test - Iteration 78, Log 32
[INF][SYS]: Stability test - Iteration 78, Log 33
[INF][SYS]: Stability test - Iteration 78, Log 34
[INF][SYS]: Stability test - Iteration 78, Log 35
[INF][SYS]: Stability test - Iteration 78, Log 36
[INF][SYS]: Stability test - Iteration 78, Log 37
[INF][SYS]: Stability test - Iteration 78, Log 38
[INF][SYS]: Stability test - Iteration 78, Log 39
[INF][SYS]: Stability test - Iteration 78, Log 40
[INF][SYS]: Stability test - Iteration 78, Log 41
[INF][SYS]: Stability test - Iteration 78, Log 42
[INF][SYS]: Stability test - Iteration 78, Log 43
[INF][SYS]: Stability test - Iteration 78, Log 44
[INF][SYS]: Stability test - Iteration 78, Log 45
[INF][SYS]: Stability test - Iteration 78, Log 46
[INF][SYS]: Stability test - Iteration 78, Log 47
[INF][SYS]: Stability test - Iteration 78, Log 48
[INF][SYS]: Stability test - Iteration 78, Log 49
[INF][SYS]: Stability test - Iteration 79, Log 0
[INF][SYS]: Stability test - Iteration 79, Log 1
[INF][SYS]: Stability test - Iteration 79, Log 2
[INF][SYS]: Stability test - Iteration 79, Log 3
[INF][SYS]: Stability test - Iteration 79, Log 4
[INF][SYS]: Stability test - Iteration 79, Log 5
[INF][SYS]: Stability test - Iteration 79, Log 6
[INF][SYS]: Stability test - Iteration 79, Log 7
[INF][SYS]: Stability test - Iteration 79, Log 8
[INF][SYS]: Stability test - Iteration 79, Log 9
[INF][SYS]: Stability test - Iteration 79, Log 10
[INF][SYS]: Stability test - Iteration 79, Log 11
[INF][SYS]: Stability test - Iteration 79, Log 12
[INF][SYS]: Stability test - Iteration 79, Log 13
[INF][SYS]: Stability test - Iteration 79, Log 14
[INF][SYS]: Stability test - Iteration 79, Log 15
[INF][SYS]: Stability test - Iteration 79, Log 16
[INF][SYS]: Stability test - Iteration 79, Log 17
[INF][SYS]: Stability test - Iteration 79, Log 18
[INF][SYS]: Stability test - Iteration 79, Log 19
[INF][SYS]: Stability test - Iteration 79, Log 20
[INF][SYS]: Stability test - Iteration 79, Log 21
[INF][SYS]: Stability test - Iteration 79, Log 22
[INF][SYS]: Stability test - Iteration 79, Log 23
[INF][SYS]: Stability test - Iteration 79, Log 24
[INF][SYS]: Stability test - Iteration 79, Log 25
[INF][SYS]: Stability test - Iteration 79, Log 26
[INF][SYS]: Stability test - Iteration 79, Log 27
[INF][SYS]: Stability test - Iteration 79, Log 28
[INF][SYS]: Stability test - Iteration 79, Log 29
[INF][SYS]: Stability test - Iteration 79, Log 30
[INF][SYS]: Stability test - Iteration 79, Log 31
[INF][SYS]: Stability test - Iteration 79, Log 32
[INF][SYS]: Stability test - Iteration 79, Log 33
[INF][SYS]: Stability test - Iteration 79, Log 34
[INF][SYS]: Stability test - Iteration 79, Log 35
[INF][SYS]: Stability test - Iteration 79, Log 36
[INF][SYS]: Stability test - Iteration 79, Log 37
[INF][SYS]: Stability test - Iteration 79, Log 38
[INF][SYS]: Stability test - Iteration 79, Log 39
[INF][SYS]: Stability test - Iteration 79, Log 40
[INF][SYS]: Stability test - Iteration 79, Log 41
[INF][SYS]: Stability test - Iteration 79, Log 42
[INF][SYS]: Stability test - Iteration 79, Log 43
[INF][SYS]: Stability test - Iteration 79, Log 44
[INF][SYS]: Stability test - Iteration 79, Log 45
[INF][SYS]: Stability test - Iteration 79, Log 46
[INF][SYS]: Stability test - Iteration 79, Log 47
[INF][SYS]: Stability test - Iteration 79, Log 48
[INF][SYS]: Stability test - Iteration 79, Log 49
[INF][SYS]: Stability test - Iteration 80, Log 0
[INF][SYS]: Stability test - Iteration 80, Log 1
[INF][SYS]: Stability test - Iteration 80, Log 2
[INF][SYS]: Stability test - Iteration 80, Log 3
[INF][SYS]: Stability test - Iteration 80, Log 4
[INF][SYS]: Stability test - Iteration 80, Log 5
[INF][SYS]: Stability test - Iteration 80, Log 6
[INF][SYS]: Stability test - Iteration 80, Log 7
[INF][SYS]: Stability test - Iteration 80, Log 8
[INF][SYS]: Stability test - Iteration 80, Log 9
[INF][SYS]: Stability test - Iteration 80, Log 10
[INF][SYS]: Stability test - Iteration 80, Log 11
[INF][SYS]: Stability test - Iteration 80, Log 12
[INF][SYS]: Stability test - Iteration 80, Log 13
[INF][SYS]: Stability test - Iteration 80, Log 14
[INF][SYS]: Stability test - Iteration 80, Log 15
[INF][SYS]: Stability test - Iteration 80, Log 16
[INF][SYS]: Stability test - Iteration 80, Log 17
[INF][SYS]: Stability test - Iteration 80, Log 18
[INF][SYS]: Stability test - Iteration 80, Log 19
[INF][SYS]: Stability test - Iteration 80, Log 20
[INF][SYS]: Stability test - Iteration 80, Log 21
[INF][SYS]: Stability test - Iteration 80, Log 22
[INF][SYS]: Stability test - Iteration 80, Log 23
[INF][SYS]: Stability test - Iteration 80, Log 24
[INF][SYS]: Stability test - Iteration 80, Log 25
[INF][SYS]: Stability test - Iteration 80, Log 26
[INF][SYS]: Stability test - Iteration 80, Log 27
[INF][SYS]: Stability test - Iteration 80, Log 28
[INF][SYS]: Stability test - Iteration 80, Log 29
[INF][SYS]: Stability test - Iteration 80, Log 30
[INF][SYS]: Stability test - Iteration 80, Log 31
[INF][SYS]: Stability test - Iteration 80, Log 32
[INF][SYS]: Stability test - Iteration 80, Log 33
[INF][SYS]: Stability test - Iteration 80, Log 34
[INF][SYS]: Stability test - Iteration 80, Log 35
[INF][SYS]: Stability test - Iteration 80, Log 36
[INF][SYS]: Stability test - Iteration 80, Log 37
[INF][SYS]: Stability test - Iteration 80, Log 38
[INF][SYS]: Stability test - Iteration 80, Log 39
[INF][SYS]: Stability test - Iteration 80, Log 40
[INF][SYS]: Stability test - Iteration 80, Log 41
[INF][SYS]: Stability test - Iteration 80, Log 42
[INF][SYS]: Stability test - Iteration 80, Log 43
[INF][SYS]: Stability test - Iteration 80, Log 44
[INF][SYS]: Stability test - Iteration 80, Log 45
[INF][SYS]: Stability test - Iteration 80, Log 46
[INF][SYS]: Stability test - Iteration 80, Log 47
[INF][SYS]: Stability test - Iteration 80, Log 48
[INF][SYS]: Stability test - Iteration 80, Log 49
[INF][SYS]: Stability test - Iteration 81, Log 0
[INF][SYS]: Stability test - Iteration 81, Log 1
[INF][SYS]: Stability test - Iteration 81, Log 2
[INF][SYS]: Stability test - Iteration 81, Log 3
[INF][SYS]: Stability test - Iteration 81, Log 4
[INF][SYS]: Stability test - Iteration 81, Log 5
[INF][SYS]: Stability test - Iteration 81, Log 6
[INF][SYS]: Stability test - Iteration 81, Log 7
[INF][SYS]: Stability test - Iteration 81, Log 8
[INF][SYS]: Stability test - Iteration 81, Log 9
[INF][SYS]: Stability test - Iteration 81, Log 10
[INF][SYS]: Stability test - Iteration 81, Log 11
[INF][SYS]: Stability test - Iteration 81, Log 12
[INF][SYS]: Stability test - Iteration 81, Log 13
[INF][SYS]: Stability test - Iteration 81, Log 14
[INF][SYS]: Stability test - Iteration 81, Log 15
[INF][SYS]: Stability test - Iteration 81, Log 16
[INF][SYS]: Stability test - Iteration 81, Log 17
[INF][SYS]: Stability test - Iteration 81, Log 18
[INF][SYS]: Stability test - Iteration 81, Log 19
[INF][SYS]: Stability test - Iteration 81, Log 20
[INF][SYS]: Stability test - Iteration 81, Log 21
[INF][SYS]: Stability test - Iteration 81, Log 22
[INF][SYS]: Stability test - Iteration 81, Log 23
[INF][SYS]: Stability test - Iteration 81, Log 24
[INF][SYS]: Stability test - Iteration 81, Log 25
[INF][SYS]: Stability test - Iteration 81, Log 26
[INF][SYS]: Stability test - Iteration 81, Log 27
[INF][SYS]: Stability test - Iteration 81, Log 28
[INF][SYS]: Stability test - Iteration 81, Log 29
[INF][SYS]: Stability test - Iteration 81, Log 30
[INF][SYS]: Stability test - Iteration 81, Log 31
[INF][SYS]: Stability test - Iteration 81, Log 32
[INF][SYS]: Stability test - Iteration 81, Log 33
[INF][SYS]: Stability test - Iteration 81, Log 34
[INF][SYS]: Stability test - Iteration 81, Log 35
[INF][SYS]: Stability test - Iteration 81, Log 36
[INF][SYS]: Stability test - Iteration 81, Log 37
[INF][SYS]: Stability test - Iteration 81, Log 38
[INF][SYS]: Stability test - Iteration 81, Log 39
[INF][SYS]: Stability test - Iteration 81, Log 40
[INF][SYS]: Stability test - Iteration 81, Log 41
[INF][SYS]: Stability test - Iteration 81, Log 42
[INF][SYS]: Stability test - Iteration 81, Log 43
[INF][SYS]: Stability test - Iteration 81, Log 44
[INF][SYS]: Stability test - Iteration 81, Log 45
[INF][SYS]: Stability test - Iteration 81, Log 46
[INF][SYS]: Stability test - Iteration 81, Log 47
[INF][SYS]: Stability test - Iteration 81, Log 48
[INF][SYS]: Stability test - Iteration 81, Log 49
[INF][SYS]: Stability test - Iteration 82, Log 0
[INF][SYS]: Stability test - Iteration 82, Log 1
[INF][SYS]: Stability test - Iteration 82, Log 2
[INF][SYS]: Stability test - Iteration 82, Log 3
[INF][SYS]: Stability test - Iteration 82, Log 4
[INF][SYS]: Stability test - Iteration 82, Log 5
[INF][SYS]: Stability test - Iteration 82, Log 6
[INF][SYS]: Stability test - Iteration 82, Log 7
[INF][SYS]: Stability test - Iteration 82, Log 8
[INF][SYS]: Stability test - Iteration 82, Log 9
[INF][SYS]: Stability test - Iteration 82, Log 10
[INF][SYS]: Stability test - Iteration 82, Log 11
[INF][SYS]: Stability test - Iteration 82, Log 12
[INF][SYS]: Stability test - Iteration 82, Log 13
[INF][SYS]: Stability test - Iteration 82, Log 14
[INF][SYS]: Stability test - Iteration 82, Log 15
[INF][SYS]: Stability test - Iteration 82, Log 16
[INF][SYS]: Stability test - Iteration 82, Log 17
[INF][SYS]: Stability test - Iteration 82, Log 18
[INF][SYS]: Stability test - Iteration 82, Log 19
[INF][SYS]: Stability test - Iteration 82, Log 20
[INF][SYS]: Stability test - Iteration 82, Log 21
[INF][SYS]: Stability test - Iteration 82, Log 22
[INF][SYS]: Stability test - Iteration 82, Log 23
[INF][SYS]: Stability test - Iteration 82, Log 24
[INF][SYS]: Stability test - Iteration 82, Log 25
[INF][SYS]: Stability test - Iteration 82, Log 26
[INF][SYS]: Stability test - Iteration 82, Log 27
[INF][SYS]: Stability test - Iteration 82, Log 28
[INF][SYS]: Stability test - Iteration 82, Log 29
[INF][SYS]: Stability test - Iteration 82, Log 30
[INF][SYS]: Stability test - Iteration 82, Log 31
[INF][SYS]: Stability test - Iteration 82, Log 32
[INF][SYS]: Stability test - Iteration 82, Log 33
[INF][SYS]: Stability test - Iteration 82, Log 34
[INF][SYS]: Stability test - Iteration 82, Log 35
[INF][SYS]: Stability test - Iteration 82, Log 36
[INF][SYS]: Stability test - Iteration 82, Log 37
[INF][SYS]: Stability test - Iteration 82, Log 38
[INF][SYS]: Stability test - Iteration 82, Log 39
[INF][SYS]: Stability test - Iteration 82, Log 40
[INF][SYS]: Stability test - Iteration 82, Log 41
[INF][SYS]: Stability test - Iteration 82, Log 42
[INF][SYS]: Stability test - Iteration 82, Log 43
[INF][SYS]: Stability test - Iteration 82, Log 44
[INF][SYS]: Stability test - Iteration 82, Log 45
[INF][SYS]: Stability test - Iteration 82, Log 46
[INF][SYS]: Stability test - Iteration 82, Log 47
[INF][SYS]: Stability test - Iteration 82, Log 48
[INF][SYS]: Stability test - Iteration 82, Log 49
[INF][SYS]: Stability test - Iteration 83, Log 0
[INF][SYS]: Stability test - Iteration 83, Log 1
[INF][SYS]: Stability test - Iteration 83, Log 2
[INF][SYS]: Stability test - Iteration 83, Log 3
[INF][SYS]: Stability test - Iteration 83, Log 4
[INF][SYS]: Stability test - Iteration 83, Log 5
[INF][SYS]: Stability test - Iteration 83, Log 6
[INF][SYS]: Stability test - Iteration 83, Log 7
[INF][SYS]: Stability test - Iteration 83, Log 8
[INF][SYS]: Stability test - Iteration 83, Log 9
[INF][SYS]: Stability test - Iteration 83, Log 10
[INF][SYS]: Stability test - Iteration 83, Log 11
[INF][SYS]: Stability test - Iteration 83, Log 12
[INF][SYS]: Stability test - Iteration 83, Log 13
[INF][SYS]: Stability test - Iteration 83, Log 14
[INF][SYS]: Stability test - Iteration 83, Log 15
[INF][SYS]: Stability test - Iteration 83, Log 16
[INF][SYS]: Stability test - Iteration 83, Log 17
[INF][SYS]: Stability test - Iteration 83, Log 18
[INF][SYS]: Stability test - Iteration 83, Log 19
[INF][SYS]: Stability test - Iteration 83, Log 20
[INF][SYS]: Stability test - Iteration 83, Log 21
[INF][SYS]: Stability test - Iteration 83, Log 22
[INF][SYS]: Stability test - Iteration 83, Log 23
[INF][SYS]: Stability test - Iteration 83, Log 24
[INF][SYS]: Stability test - Iteration 83, Log 25
[INF][SYS]: Stability test - Iteration 83, Log 26
[INF][SYS]: Stability test - Iteration 83, Log 27
[INF][SYS]: Stability test - Iteration 83, Log 28
[INF][SYS]: Stability test - Iteration 83, Log 29
[INF][SYS]: Stability test - Iteration 83, Log 30
[INF][SYS]: Stability test - Iteration 83, Log 31
[INF][SYS]: Stability test - Iteration 83, Log 32
[INF][SYS]: Stability test - Iteration 83, Log 33
[INF][SYS]: Stability test - Iteration 83, Log 34
[INF][SYS]: Stability test - Iteration 83, Log 35
[INF][SYS]: Stability test - Iteration 83, Log 36
[INF][SYS]: Stability test - Iteration 83, Log 37
[INF][SYS]: Stability test - Iteration 83, Log 38
[INF][SYS]: Stability test - Iteration 83, Log 39
[INF][SYS]: Stability test - Iteration 83, Log 40
[INF][SYS]: Stability test - Iteration 83, Log 41
[INF][SYS]: Stability test - Iteration 83, Log 42
[INF][SYS]: Stability test - Iteration 83, Log 43
[INF][SYS]: Stability test - Iteration 83, Log 44
[INF][SYS]: Stability test - Iteration 83, Log 45
[INF][SYS]: Stability test - Iteration 83, Log 46
[INF][SYS]: Stability test - Iteration 83, Log 47
[INF][SYS]: Stability test - Iteration 83, Log 48
[INF][SYS]: Stability test - Iteration 83, Log 49
[INF][SYS]: Stability test - Iteration 84, Log 0
[INF][SYS]: Stability test - Iteration 84, Log 1
[INF][SYS]: Stability test - Iteration 84, Log 2
[INF][SYS]: Stability test - Iteration 84, Log 3
[INF][SYS]: Stability test - Iteration 84, Log 4
[INF][SYS]: Stability test - Iteration 84, Log 5
[INF][SYS]: Stability test - Iteration 84, Log 6
[INF][SYS]: Stability test - Iteration 84, Log 7
[INF][SYS]: Stability test - Iteration 84, Log 8
[INF][SYS]: Stability test - Iteration 84, Log 9
[INF][SYS]: Stability test - Iteration 84, Log 10
[INF][SYS]: Stability test - Iteration 84, Log 11
[INF][SYS]: Stability test - Iteration 84, Log 12
[INF][SYS]: Stability test - Iteration 84, Log 13
[INF][SYS]: Stability test - Iteration 84, Log 14
[INF][SYS]: Stability test - Iteration 84, Log 15
[INF][SYS]: Stability test - Iteration 84, Log 16
[INF][SYS]: Stability test - Iteration 84, Log 17
[INF][SYS]: Stability test - Iteration 84, Log 18
[INF][SYS]: Stability test - Iteration 84, Log 19
[INF][SYS]: Stability test - Iteration 84, Log 20
[INF][SYS]: Stability test - Iteration 84, Log 21
[INF][SYS]: Stability test - Iteration 84, Log 22
[INF][SYS]: Stability test - Iteration 84, Log 23
[INF][SYS]: Stability test - Iteration 84, Log 24
[INF][SYS]: Stability test - Iteration 84, Log 25
[INF][SYS]: Stability test - Iteration 84, Log 26
[INF][SYS]: Stability test - Iteration 84, Log 27
[INF][SYS]: Stability test - Iteration 84, Log 28
[INF][SYS]: Stability test - Iteration 84, Log 29
[INF][SYS]: Stability test - Iteration 84, Log 30
[INF][SYS]: Stability test - Iteration 84, Log 31
[INF][SYS]: Stability test - Iteration 84, Log 32
[INF][SYS]: Stability test - Iteration 84, Log 33
[INF][SYS]: Stability test - Iteration 84, Log 34
[INF][SYS]: Stability test - Iteration 84, Log 35
[INF][SYS]: Stability test - Iteration 84, Log 36
[INF][SYS]: Stability test - Iteration 84, Log 37
[INF][SYS]: Stability test - Iteration 84, Log 38
[INF][SYS]: Stability test - Iteration 84, Log 39
[INF][SYS]: Stability test - Iteration 84, Log 40
[INF][SYS]: Stability test - Iteration 84, Log 41
[INF][SYS]: Stability test - Iteration 84, Log 42
[INF][SYS]: Stability test - Iteration 84, Log 43
[INF][SYS]: Stability test - Iteration 84, Log 44
[INF][SYS]: Stability test - Iteration 84, Log 45
[INF][SYS]: Stability test - Iteration 84, Log 46
[INF][SYS]: Stability test - Iteration 84, Log 47
[INF][SYS]: Stability test - Iteration 84, Log 48
[INF][SYS]: Stability test - Iteration 84, Log 49
[INF][SYS]: Stability test - Iteration 85, Log 0
[INF][SYS]: Stability test - Iteration 85, Log 1
[INF][SYS]: Stability test - Iteration 85, Log 2
[INF][SYS]: Stability test - Iteration 85, Log 3
[INF][SYS]: Stability test - Iteration 85, Log 4
[INF][SYS]: Stability test - Iteration 85, Log 5
[INF][SYS]: Stability test - Iteration 85, Log 6
[INF][SYS]: Stability test - Iteration 85, Log 7
[INF][SYS]: Stability test - Iteration 85, Log 8
[INF][SYS]: Stability test - Iteration 85, Log 9
[INF][SYS]: Stability test - Iteration 85, Log 10
[INF][SYS]: Stability test - Iteration 85, Log 11
[INF][SYS]: Stability test - Iteration 85, Log 12
[INF][SYS]: Stability test - Iteration 85, Log 13
[INF][SYS]: Stability test - Iteration 85, Log 14
[INF][SYS]: Stability test - Iteration 85, Log 15
[INF][SYS]: Stability test - Iteration 85, Log 16
[INF][SYS]: Stability test - Iteration 85, Log 17
[INF][SYS]: Stability test - Iteration 85, Log 18
[INF][SYS]: Stability test - Iteration 85, Log 19
[INF][SYS]: Stability test - Iteration 85, Log 20
[INF][SYS]: Stability test - Iteration 85, Log 21
[INF][SYS]: Stability test - Iteration 85, Log 22
[INF][SYS]: Stability test - Iteration 85, Log 23
[INF][SYS]: Stability test - Iteration 85, Log 24
[INF][SYS]: Stability test - Iteration 85, Log 25
[INF][SYS]: Stability test - Iteration 85, Log 26
[INF][SYS]: Stability test - Iteration 85, Log 27
[INF][SYS]: Stability test - Iteration 85, Log 28
[INF][SYS]: Stability test - Iteration 85, Log 29
[INF][SYS]: Stability test - Iteration 85, Log 30
[INF][SYS]: Stability test - Iteration 85, Log 31
[INF][SYS]: Stability test - Iteration 85, Log 32
[INF][SYS]: Stability test - Iteration 85, Log 33
[INF][SYS]: Stability test - Iteration 85, Log 34
[INF][SYS]: Stability test - Iteration 85, Log 35
[INF][SYS]: Stability test - Iteration 85, Log 36
[INF][SYS]: Stability test - Iteration 85, Log 37
[INF][SYS]: Stability test - Iteration 85, Log 38
[INF][SYS]: Stability test - Iteration 85, Log 39
[INF][SYS]: Stability test - Iteration 85, Log 40
[INF][SYS]: Stability test - Iteration 85, Log 41
[INF][SYS]: Stability test - Iteration 85, Log 42
[INF][SYS]: Stability test - Iteration 85, Log 43
[INF][SYS]: Stability test - Iteration 85, Log 44
[INF][SYS]: Stability test - Iteration 85, Log 45
[INF][SYS]: Stability test - Iteration 85, Log 46
[INF][SYS]: Stability test - Iteration 85, Log 47
[INF][SYS]: Stability test - Iteration 85, Log 48
[INF][SYS]: Stability test - Iteration 85, Log 49
[INF][SYS]: Stability test - Iteration 86, Log 0
[INF][SYS]: Stability test - Iteration 86, Log 1
[INF][SYS]: Stability test - Iteration 86, Log 2
[INF][SYS]: Stability test - Iteration 86, Log 3
[INF][SYS]: Stability test - Iteration 86, Log 4
[INF][SYS]: Stability test - Iteration 86, Log 5
[INF][SYS]: Stability test - Iteration 86, Log 6
[INF][SYS]: Stability test - Iteration 86, Log 7
[INF][SYS]: Stability test - Iteration 86, Log 8
[INF][SYS]: Stability test - Iteration 86, Log 9
[INF][SYS]: Stability test - Iteration 86, Log 10
[INF][SYS]: Stability test - Iteration 86, Log 11
[INF][SYS]: Stability test - Iteration 86, Log 12
[INF][SYS]: Stability test - Iteration 86, Log 13
[INF][SYS]: Stability test - Iteration 86, Log 14
[INF][SYS]: Stability test - Iteration 86, Log 15
[INF][SYS]: Stability test - Iteration 86, Log 16
[INF][SYS]: Stability test - Iteration 86, Log 17
[INF][SYS]: Stability test - Iteration 86, Log 18
[INF][SYS]: Stability test - Iteration 86, Log 19
[INF][SYS]: Stability test - Iteration 86, Log 20
[INF][SYS]: Stability test - Iteration 86, Log 21
[INF][SYS]: Stability test - Iteration 86, Log 22
[INF][SYS]: Stability test - Iteration 86, Log 23
[INF][SYS]: Stability test - Iteration 86, Log 24
[INF][SYS]: Stability test - Iteration 86, Log 25
[INF][SYS]: Stability test - Iteration 86, Log 26
[INF][SYS]: Stability test - Iteration 86, Log 27
[INF][SYS]: Stability test - Iteration 86, Log 28
[INF][SYS]: Stability test - Iteration 86, Log 29
[INF][SYS]: Stability test - Iteration 86, Log 30
[INF][SYS]: Stability test - Iteration 86, Log 31
[INF][SYS]: Stability test - Iteration 86, Log 32
[INF][SYS]: Stability test - Iteration 86, Log 33
[INF][SYS]: Stability test - Iteration 86, Log 34
[INF][SYS]: Stability test - Iteration 86, Log 35
[INF][SYS]: Stability test - Iteration 86, Log 36
[INF][SYS]: Stability test - Iteration 86, Log 37
[INF][SYS]: Stability test - Iteration 86, Log 38
[INF][SYS]: Stability test - Iteration 86, Log 39
[INF][SYS]: Stability test - Iteration 86, Log 40
[INF][SYS]: Stability test - Iteration 86, Log 41
[INF][SYS]: Stability test - Iteration 86, Log 42
[INF][SYS]: Stability test - Iteration 86, Log 43
[INF][SYS]: Stability test - Iteration 86, Log 44
[INF][SYS]: Stability test - Iteration 86, Log 45
[INF][SYS]: Stability test - Iteration 86, Log 46
[INF][SYS]: Stability test - Iteration 86, Log 47
[INF][SYS]: Stability test - Iteration 86, Log 48
[INF][SYS]: Stability test - Iteration 86, Log 49
[INF][SYS]: Stability test - Iteration 87, Log 0
[INF][SYS]: Stability test - Iteration 87, Log 1
[INF][SYS]: Stability test - Iteration 87, Log 2
[INF][SYS]: Stability test - Iteration 87, Log 3
[INF][SYS]: Stability test - Iteration 87, Log 4
[INF][SYS]: Stability test - Iteration 87, Log 5
[INF][SYS]: Stability test - Iteration 87, Log 6
[INF][SYS]: Stability test - Iteration 87, Log 7
[INF][SYS]: Stability test - Iteration 87, Log 8
[INF][SYS]: Stability test - Iteration 87, Log 9
[INF][SYS]: Stability test - Iteration 87, Log 10
[INF][SYS]: Stability test - Iteration 87, Log 11
[INF][SYS]: Stability test - Iteration 87, Log 12
[INF][SYS]: Stability test - Iteration 87, Log 13
[INF][SYS]: Stability test - Iteration 87, Log 14
[INF][SYS]: Stability test - Iteration 87, Log 15
[INF][SYS]: Stability test - Iteration 87, Log 16
[INF][SYS]: Stability test - Iteration 87, Log 17
[INF][SYS]: Stability test - Iteration 87, Log 18
[INF][SYS]: Stability test - Iteration 87, Log 19
[INF][SYS]: Stability test - Iteration 87, Log 20
[INF][SYS]: Stability test - Iteration 87, Log 21
[INF][SYS]: Stability test - Iteration 87, Log 22
[INF][SYS]: Stability test - Iteration 87, Log 23
[INF][SYS]: Stability test - Iteration 87, Log 24
[INF][SYS]: Stability test - Iteration 87, Log 25
[INF][SYS]: Stability test - Iteration 87, Log 26
[INF][SYS]: Stability test - Iteration 87, Log 27
[INF][SYS]: Stability test - Iteration 87, Log 28
[INF][SYS]: Stability test - Iteration 87, Log 29
[INF][SYS]: Stability test - Iteration 87, Log 30
[INF][SYS]: Stability test - Iteration 87, Log 31
[INF][SYS]: Stability test - Iteration 87, Log 32
[INF][SYS]: Stability test - Iteration 87, Log 33
[INF][SYS]: Stability test - Iteration 87, Log 34
[INF][SYS]: Stability test - Iteration 87, Log 35
[INF][SYS]: Stability test - Iteration 87, Log 36
[INF][SYS]: Stability test - Iteration 87, Log 37
[INF][SYS]: Stability test - Iteration 87, Log 38
[INF][SYS]: Stability test - Iteration 87, Log 39
[INF][SYS]: Stability test - Iteration 87, Log 40
[INF][SYS]: Stability test - Iteration 87, Log 41
[INF][SYS]: Stability test - Iteration 87, Log 42
[INF][SYS]: Stability test - Iteration 87, Log 43
[INF][SYS]: Stability test - Iteration 87, Log 44
[INF][SYS]: Stability test - Iteration 87, Log 45
[INF][SYS]: Stability test - Iteration 87, Log 46
[INF][SYS]: Stability test - Iteration 87, Log 47
[INF][SYS]: Stability test - Iteration 87, Log 48
[INF][SYS]: Stability test - Iteration 87, Log 49
[INF][SYS]: Stability test - Iteration 88, Log 0
[INF][SYS]: Stability test - Iteration 88, Log 1
[INF][SYS]: Stability test - Iteration 88, Log 2
[INF][SYS]: Stability test - Iteration 88, Log 3
[INF][SYS]: Stability test - Iteration 88, Log 4
[INF][SYS]: Stability test - Iteration 88, Log 5
[INF][SYS]: Stability test - Iteration 88, Log 6
[INF][SYS]: Stability test - Iteration 88, Log 7
[INF][SYS]: Stability test - Iteration 88, Log 8
[INF][SYS]: Stability test - Iteration 88, Log 9
[INF][SYS]: Stability test - Iteration 88, Log 10
[INF][SYS]: Stability test - Iteration 88, Log 11
[INF][SYS]: Stability test - Iteration 88, Log 12
[INF][SYS]: Stability test - Iteration 88, Log 13
[INF][SYS]: Stability test - Iteration 88, Log 14
[INF][SYS]: Stability test - Iteration 88, Log 15
[INF][SYS]: Stability test - Iteration 88, Log 16
[INF][SYS]: Stability test - Iteration 88, Log 17
[INF][SYS]: Stability test - Iteration 88, Log 18
[INF][SYS]: Stability test - Iteration 88, Log 19
[INF][SYS]: Stability test - Iteration 88, Log 20
[INF][SYS]: Stability test - Iteration 88, Log 21
[INF][SYS]: Stability test - Iteration 88, Log 22
[INF][SYS]: Stability test - Iteration 88, Log 23
[INF][SYS]: Stability test - Iteration 88, Log 24
[INF][SYS]: Stability test - Iteration 88, Log 25
[INF][SYS]: Stability test - Iteration 88, Log 26
[INF][SYS]: Stability test - Iteration 88, Log 27
[INF][SYS]: Stability test - Iteration 88, Log 28
[INF][SYS]: Stability test - Iteration 88, Log 29
[INF][SYS]: Stability test - Iteration 88, Log 30
[INF][SYS]: Stability test - Iteration 88, Log 31
[INF][SYS]: Stability test - Iteration 88, Log 32
[INF][SYS]: Stability test - Iteration 88, Log 33
[INF][SYS]: Stability test - Iteration 88, Log 34
[INF][SYS]: Stability test - Iteration 88, Log 35
[INF][SYS]: Stability test - Iteration 88, Log 36
[INF][SYS]: Stability test - Iteration 88, Log 37
[INF][SYS]: Stability test - Iteration 88, Log 38
[INF][SYS]: Stability test - Iteration 88, Log 39
[INF][SYS]: Stability test - Iteration 88, Log 40
[INF][SYS]: Stability test - Iteration 88, Log 41
[INF][SYS]: Stability test - Iteration 88, Log 42
[INF][SYS]: Stability test - Iteration 88, Log 43
[INF][SYS]: Stability test - Iteration 88, Log 44
[INF][SYS]: Stability test - Iteration 88, Log 45
[INF][SYS]: Stability test - Iteration 88, Log 46
[INF][SYS]: Stability test - Iteration 88, Log 47
[INF][SYS]: Stability test - Iteration 88, Log 48
[INF][SYS]: Stability test - Iteration 88, Log 49
[INF][SYS]: Stability test - Iteration 89, Log 0
[INF][SYS]: Stability test - Iteration 89, Log 1
[INF][SYS]: Stability test - Iteration 89, Log 2
[INF][SYS]: Stability test - Iteration 89, Log 3
[INF][SYS]: Stability test - Iteration 89, Log 4
[INF][SYS]: Stability test - Iteration 89, Log 5
[INF][SYS]: Stability test - Iteration 89, Log 6
[INF][SYS]: Stability test - Iteration 89, Log 7
[INF][SYS]: Stability test - Iteration 89, Log 8
[INF][SYS]: Stability test - Iteration 89, Log 9
[INF][SYS]: Stability test - Iteration 89, Log 10
[INF][SYS]: Stability test - Iteration 89, Log 11
[INF][SYS]: Stability test - Iteration 89, Log 12
[INF][SYS]: Stability test - Iteration 89, Log 13
[INF][SYS]: Stability test - Iteration 89, Log 14
[INF][SYS]: Stability test - Iteration 89, Log 15
[INF][SYS]: Stability test - Iteration 89, Log 16
[INF][SYS]: Stability test - Iteration 89, Log 17
[INF][SYS]: Stability test - Iteration 89, Log 18
[INF][SYS]: Stability test - Iteration 89, Log 19
[INF][SYS]: Stability test - Iteration 89, Log 20
[INF][SYS]: Stability test - Iteration 89, Log 21
[INF][SYS]: Stability test - Iteration 89, Log 22
[INF][SYS]: Stability test - Iteration 89, Log 23
[INF][SYS]: Stability test - Iteration 89, Log 24
[INF][SYS]: Stability test - Iteration 89, Log 25
[INF][SYS]: Stability test - Iteration 89, Log 26
[INF][SYS]: Stability test - Iteration 89, Log 27
[INF][SYS]: Stability test - Iteration 89, Log 28
[INF][SYS]: Stability test - Iteration 89, Log 29
[INF][SYS]: Stability test - Iteration 89, Log 30
[INF][SYS]: Stability test - Iteration 89, Log 31
[INF][SYS]: Stability test - Iteration 89, Log 32
[INF][SYS]: Stability test - Iteration 89, Log 33
[INF][SYS]: Stability test - Iteration 89, Log 34
[INF][SYS]: Stability test - Iteration 89, Log 35
[INF][SYS]: Stability test - Iteration 89, Log 36
[INF][SYS]: Stability test - Iteration 89, Log 37
[INF][SYS]: Stability test - Iteration 89, Log 38
[INF][SYS]: Stability test - Iteration 89, Log 39
[INF][SYS]: Stability test - Iteration 89, Log 40
[INF][SYS]: Stability test - Iteration 89, Log 41
[INF][SYS]: Stability test - Iteration 89, Log 42
[INF][SYS]: Stability test - Iteration 89, Log 43
[INF][SYS]: Stability test - Iteration 89, Log 44
[INF][SYS]: Stability test - Iteration 89, Log 45
[INF][SYS]: Stability test - Iteration 89, Log 46
[INF][SYS]: Stability test - Iteration 89, Log 47
[INF][SYS]: Stability test - Iteration 89, Log 48
[INF][SYS]: Stability test - Iteration 89, Log 49
[INF][SYS]: Stability test - Iteration 90, Log 0
[INF][SYS]: Stability test - Iteration 90, Log 1
[INF][SYS]: Stability test - Iteration 90, Log 2
[INF][SYS]: Stability test - Iteration 90, Log 3
[INF][SYS]: Stability test - Iteration 90, Log 4
[INF][SYS]: Stability test - Iteration 90, Log 5
[INF][SYS]: Stability test - Iteration 90, Log 6
[INF][SYS]: Stability test - Iteration 90, Log 7
[INF][SYS]: Stability test - Iteration 90, Log 8
[INF][SYS]: Stability test - Iteration 90, Log 9
[INF][SYS]: Stability test - Iteration 90, Log 10
[INF][SYS]: Stability test - Iteration 90, Log 11
[INF][SYS]: Stability test - Iteration 90, Log 12
[INF][SYS]: Stability test - Iteration 90, Log 13
[INF][SYS]: Stability test - Iteration 90, Log 14
[INF][SYS]: Stability test - Iteration 90, Log 15
[INF][SYS]: Stability test - Iteration 90, Log 16
[INF][SYS]: Stability test - Iteration 90, Log 17
[INF][SYS]: Stability test - Iteration 90, Log 18
[INF][SYS]: Stability test - Iteration 90, Log 19
[INF][SYS]: Stability test - Iteration 90, Log 20
[INF][SYS]: Stability test - Iteration 90, Log 21
[INF][SYS]: Stability test - Iteration 90, Log 22
[INF][SYS]: Stability test - Iteration 90, Log 23
[INF][SYS]: Stability test - Iteration 90, Log 24
[INF][SYS]: Stability test - Iteration 90, Log 25
[INF][SYS]: Stability test - Iteration 90, Log 26
[INF][SYS]: Stability test - Iteration 90, Log 27
[INF][SYS]: Stability test - Iteration 90, Log 28
[INF][SYS]: Stability test - Iteration 90, Log 29
[INF][SYS]: Stability test - Iteration 90, Log 30
[INF][SYS]: Stability test - Iteration 90, Log 31
[INF][SYS]: Stability test - Iteration 90, Log 32
[INF][SYS]: Stability test - Iteration 90, Log 33
[INF][SYS]: Stability test - Iteration 90, Log 34
[INF][SYS]: Stability test - Iteration 90, Log 35
[INF][SYS]: Stability test - Iteration 90, Log 36
[INF][SYS]: Stability test - Iteration 90, Log 37
[INF][SYS]: Stability test - Iteration 90, Log 38
[INF][SYS]: Stability test - Iteration 90, Log 39
[INF][SYS]: Stability test - Iteration 90, Log 40
[INF][SYS]: Stability test - Iteration 90, Log 41
[INF][SYS]: Stability test - Iteration 90, Log 42
[INF][SYS]: Stability test - Iteration 90, Log 43
[INF][SYS]: Stability test - Iteration 90, Log 44
[INF][SYS]: Stability test - Iteration 90, Log 45
[INF][SYS]: Stability test - Iteration 90, Log 46
[INF][SYS]: Stability test - Iteration 90, Log 47
[INF][SYS]: Stability test - Iteration 90, Log 48
[INF][SYS]: Stability test - Iteration 90, Log 49
[INF][SYS]: Stability test - Iteration 91, Log 0
[INF][SYS]: Stability test - Iteration 91, Log 1
[INF][SYS]: Stability test - Iteration 91, Log 2
[INF][SYS]: Stability test - Iteration 91, Log 3
[INF][SYS]: Stability test - Iteration 91, Log 4
[INF][SYS]: Stability test - Iteration 91, Log 5
[INF][SYS]: Stability test - Iteration 91, Log 6
[INF][SYS]: Stability test - Iteration 91, Log 7
[INF][SYS]: Stability test - Iteration 91, Log 8
[INF][SYS]: Stability test - Iteration 91, Log 9
[INF][SYS]: Stability test - Iteration 91, Log 10
[INF][SYS]: Stability test - Iteration 91, Log 11
[INF][SYS]: Stability test - Iteration 91, Log 12
[INF][SYS]: Stability test - Iteration 91, Log 13
[INF][SYS]: Stability test - Iteration 91, Log 14
[INF][SYS]: Stability test - Iteration 91, Log 15
[INF][SYS]: Stability test - Iteration 91, Log 16
[INF][SYS]: Stability test - Iteration 91, Log 17
[INF][SYS]: Stability test - Iteration 91, Log 18
[INF][SYS]: Stability test - Iteration 91, Log 19
[INF][SYS]: Stability test - Iteration 91, Log 20
[INF][SYS]: Stability test - Iteration 91, Log 21
[INF][SYS]: Stability test - Iteration 91, Log 22
[INF][SYS]: Stability test - Iteration 91, Log 23
[INF][SYS]: Stability test - Iteration 91, Log 24
[INF][SYS]: Stability test - Iteration 91, Log 25
[INF][SYS]: Stability test - Iteration 91, Log 26
[INF][SYS]: Stability test - Iteration 91, Log 27
[INF][SYS]: Stability test - Iteration 91, Log 28
[INF][SYS]: Stability test - Iteration 91, Log 29
[INF][SYS]: Stability test - Iteration 91, Log 30
[INF][SYS]: Stability test - Iteration 91, Log 31
[INF][SYS]: Stability test - Iteration 91, Log 32
[INF][SYS]: Stability test - Iteration 91, Log 33
[INF][SYS]: Stability test - Iteration 91, Log 34
[INF][SYS]: Stability test - Iteration 91, Log 35
[INF][SYS]: Stability test - Iteration 91, Log 36
[INF][SYS]: Stability test - Iteration 91, Log 37
[INF][SYS]: Stability test - Iteration 91, Log 38
[INF][SYS]: Stability test - Iteration 91, Log 39
[INF][SYS]: Stability test - Iteration 91, Log 40
[INF][SYS]: Stability test - Iteration 91, Log 41
[INF][SYS]: Stability test - Iteration 91, Log 42
[INF][SYS]: Stability test - Iteration 91, Log 43
[INF][SYS]: Stability test - Iteration 91, Log 44
[INF][SYS]: Stability test - Iteration 91, Log 45
[INF][SYS]: Stability test - Iteration 91, Log 46
[INF][SYS]: Stability test - Iteration 91, Log 47
[INF][SYS]: Stability test - Iteration 91, Log 48
[INF][SYS]: Stability test - Iteration 91, Log 49
[INF][SYS]: Stability test - Iteration 92, Log 0
[INF][SYS]: Stability test - Iteration 92, Log 1
[INF][SYS]: Stability test - Iteration 92, Log 2
[INF][SYS]: Stability test - Iteration 92, Log 3
[INF][SYS]: Stability test - Iteration 92, Log 4
[INF][SYS]: Stability test - Iteration 92, Log 5
[INF][SYS]: Stability test - Iteration 92, Log 6
[INF][SYS]: Stability test - Iteration 92, Log 7
[INF][SYS]: Stability test - Iteration 92, Log 8
[INF][SYS]: Stability test - Iteration 92, Log 9
[INF][SYS]: Stability test - Iteration 92, Log 10
[INF][SYS]: Stability test - Iteration 92, Log 11
[INF][SYS]: Stability test - Iteration 92, Log 12
[INF][SYS]: Stability test - Iteration 92, Log 13
[INF][SYS]: Stability test - Iteration 92, Log 14
[INF][SYS]: Stability test - Iteration 92, Log 15
[INF][SYS]: Stability test - Iteration 92, Log 16
[INF][SYS]: Stability test - Iteration 92, Log 17
[INF][SYS]: Stability test - Iteration 92, Log 18
[INF][SYS]: Stability test - Iteration 92, Log 19
[INF][SYS]: Stability test - Iteration 92, Log 20
[INF][SYS]: Stability test - Iteration 92, Log 21
[INF][SYS]: Stability test - Iteration 92, Log 22
[INF][SYS]: Stability test - Iteration 92, Log 23
[INF][SYS]: Stability test - Iteration 92, Log 24
[INF][SYS]: Stability test - Iteration 92, Log 25
[INF][SYS]: Stability test - Iteration 92, Log 26
[INF][SYS]: Stability test - Iteration 92, Log 27
[INF][SYS]: Stability test - Iteration 92, Log 28
[INF][SYS]: Stability test - Iteration 92, Log 29
[INF][SYS]: Stability test - Iteration 92, Log 30
[INF][SYS]: Stability test - Iteration 92, Log 31
[INF][SYS]: Stability test - Iteration 92, Log 32
[INF][SYS]: Stability test - Iteration 92, Log 33
[INF][SYS]: Stability test - Iteration 92, Log 34
[INF][SYS]: Stability test - Iteration 92, Log 35
[INF][SYS]: Stability test - Iteration 92, Log 36
[INF][SYS]: Stability test - Iteration 92, Log 37
[INF][SYS]: Stability test - Iteration 92, Log 38
[INF][SYS]: Stability test - Iteration 92, Log 39
[INF][SYS]: Stability test - Iteration 92, Log 40
[INF][SYS]: Stability test - Iteration 92, Log 41
[INF][SYS]: Stability test - Iteration 92, Log 42
[INF][SYS]: Stability test - Iteration 92, Log 43
[INF][SYS]: Stability test - Iteration 92, Log 44
[INF][SYS]: Stability test - Iteration 92, Log 45
[INF][SYS]: Stability test - Iteration 92, Log 46
[INF][SYS]: Stability test - Iteration 92, Log 47
[INF][SYS]: Stability test - Iteration 92, Log 48
[INF][SYS]: Stability test - Iteration 92, Log 49
[INF][SYS]: Stability test - Iteration 93, Log 0
[INF][SYS]: Stability test - Iteration 93, Log 1
[INF][SYS]: Stability test - Iteration 93, Log 2
[INF][SYS]: Stability test - Iteration 93, Log 3
[INF][SYS]: Stability test - Iteration 93, Log 4
[INF][SYS]: Stability test - Iteration 93, Log 5
[INF][SYS]: Stability test - Iteration 93, Log 6
[INF][SYS]: Stability test - Iteration 93, Log 7
[INF][SYS]: Stability test - Iteration 93, Log 8
[INF][SYS]: Stability test - Iteration 93, Log 9
[INF][SYS]: Stability test - Iteration 93, Log 10
[INF][SYS]: Stability test - Iteration 93, Log 11
[INF][SYS]: Stability test - Iteration 93, Log 12
[INF][SYS]: Stability test - Iteration 93, Log 13
[INF][SYS]: Stability test - Iteration 93, Log 14
[INF][SYS]: Stability test - Iteration 93, Log 15
[INF][SYS]: Stability test - Iteration 93, Log 16
[INF][SYS]: Stability test - Iteration 93, Log 17
[INF][SYS]: Stability test - Iteration 93, Log 18
[INF][SYS]: Stability test - Iteration 93, Log 19
[INF][SYS]: Stability test - Iteration 93, Log 20
[INF][SYS]: Stability test - Iteration 93, Log 21
[INF][SYS]: Stability test - Iteration 93, Log 22
[INF][SYS]: Stability test - Iteration 93, Log 23
[INF][SYS]: Stability test - Iteration 93, Log 24
[INF][SYS]: Stability test - Iteration 93, Log 25
[INF][SYS]: Stability test - Iteration 93, Log 26
[INF][SYS]: Stability test - Iteration 93, Log 27
[INF][SYS]: Stability test - Iteration 93, Log 28
[INF][SYS]: Stability test - Iteration 93, Log 29
[INF][SYS]: Stability test - Iteration 93, Log 30
[INF][SYS]: Stability test - Iteration 93, Log 31
[INF][SYS]: Stability test - Iteration 93, Log 32
[INF][SYS]: Stability test - Iteration 93, Log 33
[INF][SYS]: Stability test - Iteration 93, Log 34
[INF][SYS]: Stability test - Iteration 93, Log 35
[INF][SYS]: Stability test - Iteration 93, Log 36
[INF][SYS]: Stability test - Iteration 93, Log 37
[INF][SYS]: Stability test - Iteration 93, Log 38
[INF][SYS]: Stability test - Iteration 93, Log 39
[INF][SYS]: Stability test - Iteration 93, Log 40
[INF][SYS]: Stability test - Iteration 93, Log 41
[INF][SYS]: Stability test - Iteration 93, Log 42
[INF][SYS]: Stability test - Iteration 93, Log 43
[INF][SYS]: Stability test - Iteration 93, Log 44
[INF][SYS]: Stability test - Iteration 93, Log 45
[INF][SYS]: Stability test - Iteration 93, Log 46
[INF][SYS]: Stability test - Iteration 93, Log 47
[INF][SYS]: Stability test - Iteration 93, Log 48
[INF][SYS]: Stability test - Iteration 93, Log 49
[INF][SYS]: Stability test - Iteration 94, Log 0
[INF][SYS]: Stability test - Iteration 94, Log 1
[INF][SYS]: Stability test - Iteration 94, Log 2
[INF][SYS]: Stability test - Iteration 94, Log 3
[INF][SYS]: Stability test - Iteration 94, Log 4
[INF][SYS]: Stability test - Iteration 94, Log 5
[INF][SYS]: Stability test - Iteration 94, Log 6
[INF][SYS]: Stability test - Iteration 94, Log 7
[INF][SYS]: Stability test - Iteration 94, Log 8
[INF][SYS]: Stability test - Iteration 94, Log 9
[INF][SYS]: Stability test - Iteration 94, Log 10
[INF][SYS]: Stability test - Iteration 94, Log 11
[INF][SYS]: Stability test - Iteration 94, Log 12
[INF][SYS]: Stability test - Iteration 94, Log 13
[INF][SYS]: Stability test - Iteration 94, Log 14
[INF][SYS]: Stability test - Iteration 94, Log 15
[INF][SYS]: Stability test - Iteration 94, Log 16
[INF][SYS]: Stability test - Iteration 94, Log 17
[INF][SYS]: Stability test - Iteration 94, Log 18
[INF][SYS]: Stability test - Iteration 94, Log 19
[INF][SYS]: Stability test - Iteration 94, Log 20
[INF][SYS]: Stability test - Iteration 94, Log 21
[INF][SYS]: Stability test - Iteration 94, Log 22
[INF][SYS]: Stability test - Iteration 94, Log 23
[INF][SYS]: Stability test - Iteration 94, Log 24
[INF][SYS]: Stability test - Iteration 94, Log 25
[INF][SYS]: Stability test - Iteration 94, Log 26
[INF][SYS]: Stability test - Iteration 94, Log 27
[INF][SYS]: Stability test - Iteration 94, Log 28
[INF][SYS]: Stability test - Iteration 94, Log 29
[INF][SYS]: Stability test - Iteration 94, Log 30
[INF][SYS]: Stability test - Iteration 94, Log 31
[INF][SYS]: Stability test - Iteration 94, Log 32
[INF][SYS]: Stability test - Iteration 94, Log 33
[INF][SYS]: Stability test - Iteration 94, Log 34
[INF][SYS]: Stability test - Iteration 94, Log 35
[INF][SYS]: Stability test - Iteration 94, Log 36
[INF][SYS]: Stability test - Iteration 94, Log 37
[INF][SYS]: Stability test - Iteration 94, Log 38
[INF][SYS]: Stability test - Iteration 94, Log 39
[INF][SYS]: Stability test - Iteration 94, Log 40
[INF][SYS]: Stability test - Iteration 94, Log 41
[INF][SYS]: Stability test - Iteration 94, Log 42
[INF][SYS]: Stability test - Iteration 94, Log 43
[INF][SYS]: Stability test - Iteration 94, Log 44
[INF][SYS]: Stability test - Iteration 94, Log 45
[INF][SYS]: Stability test - Iteration 94, Log 46
[INF][SYS]: Stability test - Iteration 94, Log 47
[INF][SYS]: Stability test - Iteration 94, Log 48
[INF][SYS]: Stability test - Iteration 94, Log 49
[INF][SYS]: Stability test - Iteration 95, Log 0
[INF][SYS]: Stability test - Iteration 95, Log 1
[INF][SYS]: Stability test - Iteration 95, Log 2
[INF][SYS]: Stability test - Iteration 95, Log 3
[INF][SYS]: Stability test - Iteration 95, Log 4
[INF][SYS]: Stability test - Iteration 95, Log 5
[INF][SYS]: Stability test - Iteration 95, Log 6
[INF][SYS]: Stability test - Iteration 95, Log 7
[INF][SYS]: Stability test - Iteration 95, Log 8
[INF][SYS]: Stability test - Iteration 95, Log 9
[INF][SYS]: Stability test - Iteration 95, Log 10
[INF][SYS]: Stability test - Iteration 95, Log 11
[INF][SYS]: Stability test - Iteration 95, Log 12
[INF][SYS]: Stability test - Iteration 95, Log 13
[INF][SYS]: Stability test - Iteration 95, Log 14
[INF][SYS]: Stability test - Iteration 95, Log 15
[INF][SYS]: Stability test - Iteration 95, Log 16
[INF][SYS]: Stability test - Iteration 95, Log 17
[INF][SYS]: Stability test - Iteration 95, Log 18
[INF][SYS]: Stability test - Iteration 95, Log 19
[INF][SYS]: Stability test - Iteration 95, Log 20
[INF][SYS]: Stability test - Iteration 95, Log 21
[INF][SYS]: Stability test - Iteration 95, Log 22
[INF][SYS]: Stability test - Iteration 95, Log 23
[INF][SYS]: Stability test - Iteration 95, Log 24
[INF][SYS]: Stability test - Iteration 95, Log 25
[INF][SYS]: Stability test - Iteration 95, Log 26
[INF][SYS]: Stability test - Iteration 95, Log 27
[INF][SYS]: Stability test - Iteration 95, Log 28
[INF][SYS]: Stability test - Iteration 95, Log 29
[INF][SYS]: Stability test - Iteration 95, Log 30
[INF][SYS]: Stability test - Iteration 95, Log 31
[INF][SYS]: Stability test - Iteration 95, Log 32
[INF][SYS]: Stability test - Iteration 95, Log 33
[INF][SYS]: Stability test - Iteration 95, Log 34
[INF][SYS]: Stability test - Iteration 95, Log 35
[INF][SYS]: Stability test - Iteration 95, Log 36
[INF][SYS]: Stability test - Iteration 95, Log 37
[INF][SYS]: Stability test - Iteration 95, Log 38
[INF][SYS]: Stability test - Iteration 95, Log 39
[INF][SYS]: Stability test - Iteration 95, Log 40
[INF][SYS]: Stability test - Iteration 95, Log 41
[INF][SYS]: Stability test - Iteration 95, Log 42
[INF][SYS]: Stability test - Iteration 95, Log 43
[INF][SYS]: Stability test - Iteration 95, Log 44
[INF][SYS]: Stability test - Iteration 95, Log 45
[INF][SYS]: Stability test - Iteration 95, Log 46
[INF][SYS]: Stability test - Iteration 95, Log 47
[INF][SYS]: Stability test - Iteration 95, Log 48
[INF][SYS]: Stability test - Iteration 95, Log 49
[INF][SYS]: Stability test - Iteration 96, Log 0
[INF][SYS]: Stability test - Iteration 96, Log 1
[INF][SYS]: Stability test - Iteration 96, Log 2
[INF][SYS]: Stability test - Iteration 96, Log 3
[INF][SYS]: Stability test - Iteration 96, Log 4
[INF][SYS]: Stability test - Iteration 96, Log 5
[INF][SYS]: Stability test - Iteration 96, Log 6
[INF][SYS]: Stability test - Iteration 96, Log 7
[INF][SYS]: Stability test - Iteration 96, Log 8
[INF][SYS]: Stability test - Iteration 96, Log 9
[INF][SYS]: Stability test - Iteration 96, Log 10
[INF][SYS]: Stability test - Iteration 96, Log 11
[INF][SYS]: Stability test - Iteration 96, Log 12
[INF][SYS]: Stability test - Iteration 96, Log 13
[INF][SYS]: Stability test - Iteration 96, Log 14
[INF][SYS]: Stability test - Iteration 96, Log 15
[INF][SYS]: Stability test - Iteration 96, Log 16
[INF][SYS]: Stability test - Iteration 96, Log 17
[INF][SYS]: Stability test - Iteration 96, Log 18
[INF][SYS]: Stability test - Iteration 96, Log 19
[INF][SYS]: Stability test - Iteration 96, Log 20
[INF][SYS]: Stability test - Iteration 96, Log 21
[INF][SYS]: Stability test - Iteration 96, Log 22
[INF][SYS]: Stability test - Iteration 96, Log 23
[INF][SYS]: Stability test - Iteration 96, Log 24
[INF][SYS]: Stability test - Iteration 96, Log 25
[INF][SYS]: Stability test - Iteration 96, Log 26
[INF][SYS]: Stability test - Iteration 96, Log 27
[INF][SYS]: Stability test - Iteration 96, Log 28
[INF][SYS]: Stability test - Iteration 96, Log 29
[INF][SYS]: Stability test - Iteration 96, Log 30
[INF][SYS]: Stability test - Iteration 96, Log 31
[INF][SYS]: Stability test - Iteration 96, Log 32
[INF][SYS]: Stability test - Iteration 96, Log 33
[INF][SYS]: Stability test - Iteration 96, Log 34
[INF][SYS]: Stability test - Iteration 96, Log 35
[INF][SYS]: Stability test - Iteration 96, Log 36
[INF][SYS]: Stability test - Iteration 96, Log 37
[INF][SYS]: Stability test - Iteration 96, Log 38
[INF][SYS]: Stability test - Iteration 96, Log 39
[INF][SYS]: Stability test - Iteration 96, Log 40
[INF][SYS]: Stability test - Iteration 96, Log 41
[INF][SYS]: Stability test - Iteration 96, Log 42
[INF][SYS]: Stability test - Iteration 96, Log 43
[INF][SYS]: Stability test - Iteration 96, Log 44
[INF][SYS]: Stability test - Iteration 96, Log 45
[INF][SYS]: Stability test - Iteration 96, Log 46
[INF][SYS]: Stability test - Iteration 96, Log 47
[INF][SYS]: Stability test - Iteration 96, Log 48
[INF][SYS]: Stability test - Iteration 96, Log 49
[INF][SYS]: Stability test - Iteration 97, Log 0
[INF][SYS]: Stability test - Iteration 97, Log 1
[INF][SYS]: Stability test - Iteration 97, Log 2
[INF][SYS]: Stability test - Iteration 97, Log 3
[INF][SYS]: Stability test - Iteration 97, Log 4
[INF][SYS]: Stability test - Iteration 97, Log 5
[INF][SYS]: Stability test - Iteration 97, Log 6
[INF][SYS]: Stability test - Iteration 97, Log 7
[INF][SYS]: Stability test - Iteration 97, Log 8
[INF][SYS]: Stability test - Iteration 97, Log 9
[INF][SYS]: Stability test - Iteration 97, Log 10
[INF][SYS]: Stability test - Iteration 97, Log 11
[INF][SYS]: Stability test - Iteration 97, Log 12
[INF][SYS]: Stability test - Iteration 97, Log 13
[INF][SYS]: Stability test - Iteration 97, Log 14
[INF][SYS]: Stability test - Iteration 97, Log 15
[INF][SYS]: Stability test - Iteration 97, Log 16
[INF][SYS]: Stability test - Iteration 97, Log 17
[INF][SYS]: Stability test - Iteration 97, Log 18
[INF][SYS]: Stability test - Iteration 97, Log 19
[INF][SYS]: Stability test - Iteration 97, Log 20
[INF][SYS]: Stability test - Iteration 97, Log 21
[INF][SYS]: Stability test - Iteration 97, Log 22
[INF][SYS]: Stability test - Iteration 97, Log 23
[INF][SYS]: Stability test - Iteration 97, Log 24
[INF][SYS]: Stability test - Iteration 97, Log 25
[INF][SYS]: Stability test - Iteration 97, Log 26
[INF][SYS]: Stability test - Iteration 97, Log 27
[INF][SYS]: Stability test - Iteration 97, Log 28
[INF][SYS]: Stability test - Iteration 97, Log 29
[INF][SYS]: Stability test - Iteration 97, Log 30
[INF][SYS]: Stability test - Iteration 97, Log 31
[INF][SYS]: Stability test - Iteration 97, Log 32
[INF][SYS]: Stability test - Iteration 97, Log 33
[INF][SYS]: Stability test - Iteration 97, Log 34
[INF][SYS]: Stability test - Iteration 97, Log 35
[INF][SYS]: Stability test - Iteration 97, Log 36
[INF][SYS]: Stability test - Iteration 97, Log 37
[INF][SYS]: Stability test - Iteration 97, Log 38
[INF][SYS]: Stability test - Iteration 97, Log 39
[INF][SYS]: Stability test - Iteration 97, Log 40
[INF][SYS]: Stability test - Iteration 97, Log 41
[INF][SYS]: Stability test - Iteration 97, Log 42
[INF][SYS]: Stability test - Iteration 97, Log 43
[INF][SYS]: Stability test - Iteration 97, Log 44
[INF][SYS]: Stability test - Iteration 97, Log 45
[INF][SYS]: Stability test - Iteration 97, Log 46
[INF][SYS]: Stability test - Iteration 97, Log 47
[INF][SYS]: Stability test - Iteration 97, Log 48
[INF][SYS]: Stability test - Iteration 97, Log 49
[INF][SYS]: Stability test - Iteration 98, Log 0
[INF][SYS]: Stability test - Iteration 98, Log 1
[INF][SYS]: Stability test - Iteration 98, Log 2
[INF][SYS]: Stability test - Iteration 98, Log 3
[INF][SYS]: Stability test - Iteration 98, Log 4
[INF][SYS]: Stability test - Iteration 98, Log 5
[INF][SYS]: Stability test - Iteration 98, Log 6
[INF][SYS]: Stability test - Iteration 98, Log 7
[INF][SYS]: Stability test - Iteration 98, Log 8
[INF][SYS]: Stability test - Iteration 98, Log 9
[INF][SYS]: Stability test - Iteration 98, Log 10
[INF][SYS]: Stability test - Iteration 98, Log 11
[INF][SYS]: Stability test - Iteration 98, Log 12
[INF][SYS]: Stability test - Iteration 98, Log 13
[INF][SYS]: Stability test - Iteration 98, Log 14
[INF][SYS]: Stability test - Iteration 98, Log 15
[INF][SYS]: Stability test - Iteration 98, Log 16
[INF][SYS]: Stability test - Iteration 98, Log 17
[INF][SYS]: Stability test - Iteration 98, Log 18
[INF][SYS]: Stability test - Iteration 98, Log 19
[INF][SYS]: Stability test - Iteration 98, Log 20
[INF][SYS]: Stability test - Iteration 98, Log 21
[INF][SYS]: Stability test - Iteration 98, Log 22
[INF][SYS]: Stability test - Iteration 98, Log 23
[INF][SYS]: Stability test - Iteration 98, Log 24
[INF][SYS]: Stability test - Iteration 98, Log 25
[INF][SYS]: Stability test - Iteration 98, Log 26
[INF][SYS]: Stability test - Iteration 98, Log 27
[INF][SYS]: Stability test - Iteration 98, Log 28
[INF][SYS]: Stability test - Iteration 98, Log 29
[INF][SYS]: Stability test - Iteration 98, Log 30
[INF][SYS]: Stability test - Iteration 98, Log 31
[INF][SYS]: Stability test - Iteration 98, Log 32
[INF][SYS]: Stability test - Iteration 98, Log 33
[INF][SYS]: Stability test - Iteration 98, Log 34
[INF][SYS]: Stability test - Iteration 98, Log 35
[INF][SYS]: Stability test - Iteration 98, Log 36
[INF][SYS]: Stability test - Iteration 98, Log 37
[INF][SYS]: Stability test - Iteration 98, Log 38
[INF][SYS]: Stability test - Iteration 98, Log 39
[INF][SYS]: Stability test - Iteration 98, Log 40
[INF][SYS]: Stability test - Iteration 98, Log 41
[INF][SYS]: Stability test - Iteration 98, Log 42
[INF][SYS]: Stability test - Iteration 98, Log 43
[INF][SYS]: Stability test - Iteration 98, Log 44
[INF][SYS]: Stability test - Iteration 98, Log 45
[INF][SYS]: Stability test - Iteration 98, Log 46
[INF][SYS]: Stability test - Iteration 98, Log 47
[INF][SYS]: Stability test - Iteration 98, Log 48
[INF][SYS]: Stability test - Iteration 98, Log 49
[INF][SYS]: Stability test - Iteration 99, Log 0
[INF][SYS]: Stability test - Iteration 99, Log 1
[INF][SYS]: Stability test - Iteration 99, Log 2
[INF][SYS]: Stability test - Iteration 99, Log 3
[INF][SYS]: Stability test - Iteration 99, Log 4
[INF][SYS]: Stability test - Iteration 99, Log 5
[INF][SYS]: Stability test - Iteration 99, Log 6
[INF][SYS]: Stability test - Iteration 99, Log 7
[INF][SYS]: Stability test - Iteration 99, Log 8
[INF][SYS]: Stability test - Iteration 99, Log 9
[INF][SYS]: Stability test - Iteration 99, Log 10
[INF][SYS]: Stability test - Iteration 99, Log 11
[INF][SYS]: Stability test - Iteration 99, Log 12
[INF][SYS]: Stability test - Iteration 99, Log 13
[INF][SYS]: Stability test - Iteration 99, Log 14
[INF][SYS]: Stability test - Iteration 99, Log 15
[INF][SYS]: Stability test - Iteration 99, Log 16
[INF][SYS]: Stability test - Iteration 99, Log 17
[INF][SYS]: Stability test - Iteration 99, Log 18
[INF][SYS]: Stability test - Iteration 99, Log 19
[INF][SYS]: Stability test - Iteration 99, Log 20
[INF][SYS]: Stability test - Iteration 99, Log 21
[INF][SYS]: Stability test - Iteration 99, Log 22
[INF][SYS]: Stability test - Iteration 99, Log 23
[INF][SYS]: Stability test - Iteration 99, Log 24
[INF][SYS]: Stability test - Iteration 99, Log 25
[INF][SYS]: Stability test - Iteration 99, Log 26
[INF][SYS]: Stability test - Iteration 99, Log 27
[INF][SYS]: Stability test - Iteration 99, Log 28
[INF][SYS]: Stability test - Iteration 99, Log 29
[INF][SYS]: Stability test - Iteration 99, Log 30
[INF][SYS]: Stability test - Iteration 99, Log 31
[INF][SYS]: Stability test - Iteration 99, Log 32
[INF][SYS]: Stability test - Iteration 99, Log 33
[INF][SYS]: Stability test - Iteration 99, Log 34
[INF][SYS]: Stability test - Iteration 99, Log 35
[INF][SYS]: Stability test - Iteration 99, Log 36
[INF][SYS]: Stability test - Iteration 99, Log 37
[INF][SYS]: Stability test - Iteration 99, Log 38
[INF][SYS]: Stability test - Iteration 99, Log 39
[INF][SYS]: Stability test - Iteration 99, Log 40
[INF][SYS]: Stability test - Iteration 99, Log 41
[INF][SYS]: Stability test - Iteration 99, Log 42
[INF][SYS]: Stability test - Iteration 99, Log 43
[INF][SYS]: Stability test - Iteration 99, Log 44
[INF][SYS]: Stability test - Iteration 99, Log 45
[INF][SYS]: Stability test - Iteration 99, Log 46
[INF][SYS]: Stability test - Iteration 99, Log 47
[INF][SYS]: Stability test - Iteration 99, Log 48
[INF][SYS]: Stability test - Iteration 99, Log 49
]]></output>
            </test-case>
            <test-case id="1090" name="TestMemoryUsage" fullname="ArcBT.Tests.BTLoggerPerformanceTests.TestMemoryUsage" methodname="TestMemoryUsage" classname="ArcBT.Tests.BTLoggerPerformanceTests" runstate="Runnable" seed="840198060" result="Passed" start-time="2025-07-26 16:08:05Z" end-time="2025-07-26 16:08:06Z" duration="0.645791" asserts="0">
              <properties>
                <property name="_JOINTYPE" value="UnityCombinatorial" />
                <property name="retryIteration" value="0" />
                <property name="repeatIteration" value="0" />
              </properties>
              <output><![CDATA[[INF][SYS]: Memory test message with longer content to test memory usage 0
[INF][SYS]: Memory test message with longer content to test memory usage 1
[INF][SYS]: Memory test message with longer content to test memory usage 2
[INF][SYS]: Memory test message with longer content to test memory usage 3
[INF][SYS]: Memory test message with longer content to test memory usage 4
[INF][SYS]: Memory test message with longer content to test memory usage 5
[INF][SYS]: Memory test message with longer content to test memory usage 6
[INF][SYS]: Memory test message with longer content to test memory usage 7
[INF][SYS]: Memory test message with longer content to test memory usage 8
[INF][SYS]: Memory test message with longer content to test memory usage 9
[INF][SYS]: Memory test message with longer content to test memory usage 10
[INF][SYS]: Memory test message with longer content to test memory usage 11
[INF][SYS]: Memory test message with longer content to test memory usage 12
[INF][SYS]: Memory test message with longer content to test memory usage 13
[INF][SYS]: Memory test message with longer content to test memory usage 14
[INF][SYS]: Memory test message with longer content to test memory usage 15
[INF][SYS]: Memory test message with longer content to test memory usage 16
[INF][SYS]: Memory test message with longer content to test memory usage 17
[INF][SYS]: Memory test message with longer content to test memory usage 18
[INF][SYS]: Memory test message with longer content to test memory usage 19
[INF][SYS]: Memory test message with longer content to test memory usage 20
[INF][SYS]: Memory test message with longer content to test memory usage 21
[INF][SYS]: Memory test message with longer content to test memory usage 22
[INF][SYS]: Memory test message with longer content to test memory usage 23
[INF][SYS]: Memory test message with longer content to test memory usage 24
[INF][SYS]: Memory test message with longer content to test memory usage 25
[INF][SYS]: Memory test message with longer content to test memory usage 26
[INF][SYS]: Memory test message with longer content to test memory usage 27
[INF][SYS]: Memory test message with longer content to test memory usage 28
[INF][SYS]: Memory test message with longer content to test memory usage 29
[INF][SYS]: Memory test message with longer content to test memory usage 30
[INF][SYS]: Memory test message with longer content to test memory usage 31
[INF][SYS]: Memory test message with longer content to test memory usage 32
[INF][SYS]: Memory test message with longer content to test memory usage 33
[INF][SYS]: Memory test message with longer content to test memory usage 34
[INF][SYS]: Memory test message with longer content to test memory usage 35
[INF][SYS]: Memory test message with longer content to test memory usage 36
[INF][SYS]: Memory test message with longer content to test memory usage 37
[INF][SYS]: Memory test message with longer content to test memory usage 38
[INF][SYS]: Memory test message with longer content to test memory usage 39
[INF][SYS]: Memory test message with longer content to test memory usage 40
[INF][SYS]: Memory test message with longer content to test memory usage 41
[INF][SYS]: Memory test message with longer content to test memory usage 42
[INF][SYS]: Memory test message with longer content to test memory usage 43
[INF][SYS]: Memory test message with longer content to test memory usage 44
[INF][SYS]: Memory test message with longer content to test memory usage 45
[INF][SYS]: Memory test message with longer content to test memory usage 46
[INF][SYS]: Memory test message with longer content to test memory usage 47
[INF][SYS]: Memory test message with longer content to test memory usage 48
[INF][SYS]: Memory test message with longer content to test memory usage 49
[INF][SYS]: Memory test message with longer content to test memory usage 50
[INF][SYS]: Memory test message with longer content to test memory usage 51
[INF][SYS]: Memory test message with longer content to test memory usage 52
[INF][SYS]: Memory test message with longer content to test memory usage 53
[INF][SYS]: Memory test message with longer content to test memory usage 54
[INF][SYS]: Memory test message with longer content to test memory usage 55
[INF][SYS]: Memory test message with longer content to test memory usage 56
[INF][SYS]: Memory test message with longer content to test memory usage 57
[INF][SYS]: Memory test message with longer content to test memory usage 58
[INF][SYS]: Memory test message with longer content to test memory usage 59
[INF][SYS]: Memory test message with longer content to test memory usage 60
[INF][SYS]: Memory test message with longer content to test memory usage 61
[INF][SYS]: Memory test message with longer content to test memory usage 62
[INF][SYS]: Memory test message with longer content to test memory usage 63
[INF][SYS]: Memory test message with longer content to test memory usage 64
[INF][SYS]: Memory test message with longer content to test memory usage 65
[INF][SYS]: Memory test message with longer content to test memory usage 66
[INF][SYS]: Memory test message with longer content to test memory usage 67
[INF][SYS]: Memory test message with longer content to test memory usage 68
[INF][SYS]: Memory test message with longer content to test memory usage 69
[INF][SYS]: Memory test message with longer content to test memory usage 70
[INF][SYS]: Memory test message with longer content to test memory usage 71
[INF][SYS]: Memory test message with longer content to test memory usage 72
[INF][SYS]: Memory test message with longer content to test memory usage 73
[INF][SYS]: Memory test message with longer content to test memory usage 74
[INF][SYS]: Memory test message with longer content to test memory usage 75
[INF][SYS]: Memory test message with longer content to test memory usage 76
[INF][SYS]: Memory test message with longer content to test memory usage 77
[INF][SYS]: Memory test message with longer content to test memory usage 78
[INF][SYS]: Memory test message with longer content to test memory usage 79
[INF][SYS]: Memory test message with longer content to test memory usage 80
[INF][SYS]: Memory test message with longer content to test memory usage 81
[INF][SYS]: Memory test message with longer content to test memory usage 82
[INF][SYS]: Memory test message with longer content to test memory usage 83
[INF][SYS]: Memory test message with longer content to test memory usage 84
[INF][SYS]: Memory test message with longer content to test memory usage 85
[INF][SYS]: Memory test message with longer content to test memory usage 86
[INF][SYS]: Memory test message with longer content to test memory usage 87
[INF][SYS]: Memory test message with longer content to test memory usage 88
[INF][SYS]: Memory test message with longer content to test memory usage 89
[INF][SYS]: Memory test message with longer content to test memory usage 90
[INF][SYS]: Memory test message with longer content to test memory usage 91
[INF][SYS]: Memory test message with longer content to test memory usage 92
[INF][SYS]: Memory test message with longer content to test memory usage 93
[INF][SYS]: Memory test message with longer content to test memory usage 94
[INF][SYS]: Memory test message with longer content to test memory usage 95
[INF][SYS]: Memory test message with longer content to test memory usage 96
[INF][SYS]: Memory test message with longer content to test memory usage 97
[INF][SYS]: Memory test message with longer content to test memory usage 98
[INF][SYS]: Memory test message with longer content to test memory usage 99
[INF][SYS]: Memory test message with longer content to test memory usage 100
[INF][SYS]: Memory test message with longer content to test memory usage 101
[INF][SYS]: Memory test message with longer content to test memory usage 102
[INF][SYS]: Memory test message with longer content to test memory usage 103
[INF][SYS]: Memory test message with longer content to test memory usage 104
[INF][SYS]: Memory test message with longer content to test memory usage 105
[INF][SYS]: Memory test message with longer content to test memory usage 106
[INF][SYS]: Memory test message with longer content to test memory usage 107
[INF][SYS]: Memory test message with longer content to test memory usage 108
[INF][SYS]: Memory test message with longer content to test memory usage 109
[INF][SYS]: Memory test message with longer content to test memory usage 110
[INF][SYS]: Memory test message with longer content to test memory usage 111
[INF][SYS]: Memory test message with longer content to test memory usage 112
[INF][SYS]: Memory test message with longer content to test memory usage 113
[INF][SYS]: Memory test message with longer content to test memory usage 114
[INF][SYS]: Memory test message with longer content to test memory usage 115
[INF][SYS]: Memory test message with longer content to test memory usage 116
[INF][SYS]: Memory test message with longer content to test memory usage 117
[INF][SYS]: Memory test message with longer content to test memory usage 118
[INF][SYS]: Memory test message with longer content to test memory usage 119
[INF][SYS]: Memory test message with longer content to test memory usage 120
[INF][SYS]: Memory test message with longer content to test memory usage 121
[INF][SYS]: Memory test message with longer content to test memory usage 122
[INF][SYS]: Memory test message with longer content to test memory usage 123
[INF][SYS]: Memory test message with longer content to test memory usage 124
[INF][SYS]: Memory test message with longer content to test memory usage 125
[INF][SYS]: Memory test message with longer content to test memory usage 126
[INF][SYS]: Memory test message with longer content to test memory usage 127
[INF][SYS]: Memory test message with longer content to test memory usage 128
[INF][SYS]: Memory test message with longer content to test memory usage 129
[INF][SYS]: Memory test message with longer content to test memory usage 130
[INF][SYS]: Memory test message with longer content to test memory usage 131
[INF][SYS]: Memory test message with longer content to test memory usage 132
[INF][SYS]: Memory test message with longer content to test memory usage 133
[INF][SYS]: Memory test message with longer content to test memory usage 134
[INF][SYS]: Memory test message with longer content to test memory usage 135
[INF][SYS]: Memory test message with longer content to test memory usage 136
[INF][SYS]: Memory test message with longer content to test memory usage 137
[INF][SYS]: Memory test message with longer content to test memory usage 138
[INF][SYS]: Memory test message with longer content to test memory usage 139
[INF][SYS]: Memory test message with longer content to test memory usage 140
[INF][SYS]: Memory test message with longer content to test memory usage 141
[INF][SYS]: Memory test message with longer content to test memory usage 142
[INF][SYS]: Memory test message with longer content to test memory usage 143
[INF][SYS]: Memory test message with longer content to test memory usage 144
[INF][SYS]: Memory test message with longer content to test memory usage 145
[INF][SYS]: Memory test message with longer content to test memory usage 146
[INF][SYS]: Memory test message with longer content to test memory usage 147
[INF][SYS]: Memory test message with longer content to test memory usage 148
[INF][SYS]: Memory test message with longer content to test memory usage 149
[INF][SYS]: Memory test message with longer content to test memory usage 150
[INF][SYS]: Memory test message with longer content to test memory usage 151
[INF][SYS]: Memory test message with longer content to test memory usage 152
[INF][SYS]: Memory test message with longer content to test memory usage 153
[INF][SYS]: Memory test message with longer content to test memory usage 154
[INF][SYS]: Memory test message with longer content to test memory usage 155
[INF][SYS]: Memory test message with longer content to test memory usage 156
[INF][SYS]: Memory test message with longer content to test memory usage 157
[INF][SYS]: Memory test message with longer content to test memory usage 158
[INF][SYS]: Memory test message with longer content to test memory usage 159
[INF][SYS]: Memory test message with longer content to test memory usage 160
[INF][SYS]: Memory test message with longer content to test memory usage 161
[INF][SYS]: Memory test message with longer content to test memory usage 162
[INF][SYS]: Memory test message with longer content to test memory usage 163
[INF][SYS]: Memory test message with longer content to test memory usage 164
[INF][SYS]: Memory test message with longer content to test memory usage 165
[INF][SYS]: Memory test message with longer content to test memory usage 166
[INF][SYS]: Memory test message with longer content to test memory usage 167
[INF][SYS]: Memory test message with longer content to test memory usage 168
[INF][SYS]: Memory test message with longer content to test memory usage 169
[INF][SYS]: Memory test message with longer content to test memory usage 170
[INF][SYS]: Memory test message with longer content to test memory usage 171
[INF][SYS]: Memory test message with longer content to test memory usage 172
[INF][SYS]: Memory test message with longer content to test memory usage 173
[INF][SYS]: Memory test message with longer content to test memory usage 174
[INF][SYS]: Memory test message with longer content to test memory usage 175
[INF][SYS]: Memory test message with longer content to test memory usage 176
[INF][SYS]: Memory test message with longer content to test memory usage 177
[INF][SYS]: Memory test message with longer content to test memory usage 178
[INF][SYS]: Memory test message with longer content to test memory usage 179
[INF][SYS]: Memory test message with longer content to test memory usage 180
[INF][SYS]: Memory test message with longer content to test memory usage 181
[INF][SYS]: Memory test message with longer content to test memory usage 182
[INF][SYS]: Memory test message with longer content to test memory usage 183
[INF][SYS]: Memory test message with longer content to test memory usage 184
[INF][SYS]: Memory test message with longer content to test memory usage 185
[INF][SYS]: Memory test message with longer content to test memory usage 186
[INF][SYS]: Memory test message with longer content to test memory usage 187
[INF][SYS]: Memory test message with longer content to test memory usage 188
[INF][SYS]: Memory test message with longer content to test memory usage 189
[INF][SYS]: Memory test message with longer content to test memory usage 190
[INF][SYS]: Memory test message with longer content to test memory usage 191
[INF][SYS]: Memory test message with longer content to test memory usage 192
[INF][SYS]: Memory test message with longer content to test memory usage 193
[INF][SYS]: Memory test message with longer content to test memory usage 194
[INF][SYS]: Memory test message with longer content to test memory usage 195
[INF][SYS]: Memory test message with longer content to test memory usage 196
[INF][SYS]: Memory test message with longer content to test memory usage 197
[INF][SYS]: Memory test message with longer content to test memory usage 198
[INF][SYS]: Memory test message with longer content to test memory usage 199
[INF][SYS]: Memory test message with longer content to test memory usage 200
[INF][SYS]: Memory test message with longer content to test memory usage 201
[INF][SYS]: Memory test message with longer content to test memory usage 202
[INF][SYS]: Memory test message with longer content to test memory usage 203
[INF][SYS]: Memory test message with longer content to test memory usage 204
[INF][SYS]: Memory test message with longer content to test memory usage 205
[INF][SYS]: Memory test message with longer content to test memory usage 206
[INF][SYS]: Memory test message with longer content to test memory usage 207
[INF][SYS]: Memory test message with longer content to test memory usage 208
[INF][SYS]: Memory test message with longer content to test memory usage 209
[INF][SYS]: Memory test message with longer content to test memory usage 210
[INF][SYS]: Memory test message with longer content to test memory usage 211
[INF][SYS]: Memory test message with longer content to test memory usage 212
[INF][SYS]: Memory test message with longer content to test memory usage 213
[INF][SYS]: Memory test message with longer content to test memory usage 214
[INF][SYS]: Memory test message with longer content to test memory usage 215
[INF][SYS]: Memory test message with longer content to test memory usage 216
[INF][SYS]: Memory test message with longer content to test memory usage 217
[INF][SYS]: Memory test message with longer content to test memory usage 218
[INF][SYS]: Memory test message with longer content to test memory usage 219
[INF][SYS]: Memory test message with longer content to test memory usage 220
[INF][SYS]: Memory test message with longer content to test memory usage 221
[INF][SYS]: Memory test message with longer content to test memory usage 222
[INF][SYS]: Memory test message with longer content to test memory usage 223
[INF][SYS]: Memory test message with longer content to test memory usage 224
[INF][SYS]: Memory test message with longer content to test memory usage 225
[INF][SYS]: Memory test message with longer content to test memory usage 226
[INF][SYS]: Memory test message with longer content to test memory usage 227
[INF][SYS]: Memory test message with longer content to test memory usage 228
[INF][SYS]: Memory test message with longer content to test memory usage 229
[INF][SYS]: Memory test message with longer content to test memory usage 230
[INF][SYS]: Memory test message with longer content to test memory usage 231
[INF][SYS]: Memory test message with longer content to test memory usage 232
[INF][SYS]: Memory test message with longer content to test memory usage 233
[INF][SYS]: Memory test message with longer content to test memory usage 234
[INF][SYS]: Memory test message with longer content to test memory usage 235
[INF][SYS]: Memory test message with longer content to test memory usage 236
[INF][SYS]: Memory test message with longer content to test memory usage 237
[INF][SYS]: Memory test message with longer content to test memory usage 238
[INF][SYS]: Memory test message with longer content to test memory usage 239
[INF][SYS]: Memory test message with longer content to test memory usage 240
[INF][SYS]: Memory test message with longer content to test memory usage 241
[INF][SYS]: Memory test message with longer content to test memory usage 242
[INF][SYS]: Memory test message with longer content to test memory usage 243
[INF][SYS]: Memory test message with longer content to test memory usage 244
[INF][SYS]: Memory test message with longer content to test memory usage 245
[INF][SYS]: Memory test message with longer content to test memory usage 246
[INF][SYS]: Memory test message with longer content to test memory usage 247
[INF][SYS]: Memory test message with longer content to test memory usage 248
[INF][SYS]: Memory test message with longer content to test memory usage 249
[INF][SYS]: Memory test message with longer content to test memory usage 250
[INF][SYS]: Memory test message with longer content to test memory usage 251
[INF][SYS]: Memory test message with longer content to test memory usage 252
[INF][SYS]: Memory test message with longer content to test memory usage 253
[INF][SYS]: Memory test message with longer content to test memory usage 254
[INF][SYS]: Memory test message with longer content to test memory usage 255
[INF][SYS]: Memory test message with longer content to test memory usage 256
[INF][SYS]: Memory test message with longer content to test memory usage 257
[INF][SYS]: Memory test message with longer content to test memory usage 258
[INF][SYS]: Memory test message with longer content to test memory usage 259
[INF][SYS]: Memory test message with longer content to test memory usage 260
[INF][SYS]: Memory test message with longer content to test memory usage 261
[INF][SYS]: Memory test message with longer content to test memory usage 262
[INF][SYS]: Memory test message with longer content to test memory usage 263
[INF][SYS]: Memory test message with longer content to test memory usage 264
[INF][SYS]: Memory test message with longer content to test memory usage 265
[INF][SYS]: Memory test message with longer content to test memory usage 266
[INF][SYS]: Memory test message with longer content to test memory usage 267
[INF][SYS]: Memory test message with longer content to test memory usage 268
[INF][SYS]: Memory test message with longer content to test memory usage 269
[INF][SYS]: Memory test message with longer content to test memory usage 270
[INF][SYS]: Memory test message with longer content to test memory usage 271
[INF][SYS]: Memory test message with longer content to test memory usage 272
[INF][SYS]: Memory test message with longer content to test memory usage 273
[INF][SYS]: Memory test message with longer content to test memory usage 274
[INF][SYS]: Memory test message with longer content to test memory usage 275
[INF][SYS]: Memory test message with longer content to test memory usage 276
[INF][SYS]: Memory test message with longer content to test memory usage 277
[INF][SYS]: Memory test message with longer content to test memory usage 278
[INF][SYS]: Memory test message with longer content to test memory usage 279
[INF][SYS]: Memory test message with longer content to test memory usage 280
[INF][SYS]: Memory test message with longer content to test memory usage 281
[INF][SYS]: Memory test message with longer content to test memory usage 282
[INF][SYS]: Memory test message with longer content to test memory usage 283
[INF][SYS]: Memory test message with longer content to test memory usage 284
[INF][SYS]: Memory test message with longer content to test memory usage 285
[INF][SYS]: Memory test message with longer content to test memory usage 286
[INF][SYS]: Memory test message with longer content to test memory usage 287
[INF][SYS]: Memory test message with longer content to test memory usage 288
[INF][SYS]: Memory test message with longer content to test memory usage 289
[INF][SYS]: Memory test message with longer content to test memory usage 290
[INF][SYS]: Memory test message with longer content to test memory usage 291
[INF][SYS]: Memory test message with longer content to test memory usage 292
[INF][SYS]: Memory test message with longer content to test memory usage 293
[INF][SYS]: Memory test message with longer content to test memory usage 294
[INF][SYS]: Memory test message with longer content to test memory usage 295
[INF][SYS]: Memory test message with longer content to test memory usage 296
[INF][SYS]: Memory test message with longer content to test memory usage 297
[INF][SYS]: Memory test message with longer content to test memory usage 298
[INF][SYS]: Memory test message with longer content to test memory usage 299
[INF][SYS]: Memory test message with longer content to test memory usage 300
[INF][SYS]: Memory test message with longer content to test memory usage 301
[INF][SYS]: Memory test message with longer content to test memory usage 302
[INF][SYS]: Memory test message with longer content to test memory usage 303
[INF][SYS]: Memory test message with longer content to test memory usage 304
[INF][SYS]: Memory test message with longer content to test memory usage 305
[INF][SYS]: Memory test message with longer content to test memory usage 306
[INF][SYS]: Memory test message with longer content to test memory usage 307
[INF][SYS]: Memory test message with longer content to test memory usage 308
[INF][SYS]: Memory test message with longer content to test memory usage 309
[INF][SYS]: Memory test message with longer content to test memory usage 310
[INF][SYS]: Memory test message with longer content to test memory usage 311
[INF][SYS]: Memory test message with longer content to test memory usage 312
[INF][SYS]: Memory test message with longer content to test memory usage 313
[INF][SYS]: Memory test message with longer content to test memory usage 314
[INF][SYS]: Memory test message with longer content to test memory usage 315
[INF][SYS]: Memory test message with longer content to test memory usage 316
[INF][SYS]: Memory test message with longer content to test memory usage 317
[INF][SYS]: Memory test message with longer content to test memory usage 318
[INF][SYS]: Memory test message with longer content to test memory usage 319
[INF][SYS]: Memory test message with longer content to test memory usage 320
[INF][SYS]: Memory test message with longer content to test memory usage 321
[INF][SYS]: Memory test message with longer content to test memory usage 322
[INF][SYS]: Memory test message with longer content to test memory usage 323
[INF][SYS]: Memory test message with longer content to test memory usage 324
[INF][SYS]: Memory test message with longer content to test memory usage 325
[INF][SYS]: Memory test message with longer content to test memory usage 326
[INF][SYS]: Memory test message with longer content to test memory usage 327
[INF][SYS]: Memory test message with longer content to test memory usage 328
[INF][SYS]: Memory test message with longer content to test memory usage 329
[INF][SYS]: Memory test message with longer content to test memory usage 330
[INF][SYS]: Memory test message with longer content to test memory usage 331
[INF][SYS]: Memory test message with longer content to test memory usage 332
[INF][SYS]: Memory test message with longer content to test memory usage 333
[INF][SYS]: Memory test message with longer content to test memory usage 334
[INF][SYS]: Memory test message with longer content to test memory usage 335
[INF][SYS]: Memory test message with longer content to test memory usage 336
[INF][SYS]: Memory test message with longer content to test memory usage 337
[INF][SYS]: Memory test message with longer content to test memory usage 338
[INF][SYS]: Memory test message with longer content to test memory usage 339
[INF][SYS]: Memory test message with longer content to test memory usage 340
[INF][SYS]: Memory test message with longer content to test memory usage 341
[INF][SYS]: Memory test message with longer content to test memory usage 342
[INF][SYS]: Memory test message with longer content to test memory usage 343
[INF][SYS]: Memory test message with longer content to test memory usage 344
[INF][SYS]: Memory test message with longer content to test memory usage 345
[INF][SYS]: Memory test message with longer content to test memory usage 346
[INF][SYS]: Memory test message with longer content to test memory usage 347
[INF][SYS]: Memory test message with longer content to test memory usage 348
[INF][SYS]: Memory test message with longer content to test memory usage 349
[INF][SYS]: Memory test message with longer content to test memory usage 350
[INF][SYS]: Memory test message with longer content to test memory usage 351
[INF][SYS]: Memory test message with longer content to test memory usage 352
[INF][SYS]: Memory test message with longer content to test memory usage 353
[INF][SYS]: Memory test message with longer content to test memory usage 354
[INF][SYS]: Memory test message with longer content to test memory usage 355
[INF][SYS]: Memory test message with longer content to test memory usage 356
[INF][SYS]: Memory test message with longer content to test memory usage 357
[INF][SYS]: Memory test message with longer content to test memory usage 358
[INF][SYS]: Memory test message with longer content to test memory usage 359
[INF][SYS]: Memory test message with longer content to test memory usage 360
[INF][SYS]: Memory test message with longer content to test memory usage 361
[INF][SYS]: Memory test message with longer content to test memory usage 362
[INF][SYS]: Memory test message with longer content to test memory usage 363
[INF][SYS]: Memory test message with longer content to test memory usage 364
[INF][SYS]: Memory test message with longer content to test memory usage 365
[INF][SYS]: Memory test message with longer content to test memory usage 366
[INF][SYS]: Memory test message with longer content to test memory usage 367
[INF][SYS]: Memory test message with longer content to test memory usage 368
[INF][SYS]: Memory test message with longer content to test memory usage 369
[INF][SYS]: Memory test message with longer content to test memory usage 370
[INF][SYS]: Memory test message with longer content to test memory usage 371
[INF][SYS]: Memory test message with longer content to test memory usage 372
[INF][SYS]: Memory test message with longer content to test memory usage 373
[INF][SYS]: Memory test message with longer content to test memory usage 374
[INF][SYS]: Memory test message with longer content to test memory usage 375
[INF][SYS]: Memory test message with longer content to test memory usage 376
[INF][SYS]: Memory test message with longer content to test memory usage 377
[INF][SYS]: Memory test message with longer content to test memory usage 378
[INF][SYS]: Memory test message with longer content to test memory usage 379
[INF][SYS]: Memory test message with longer content to test memory usage 380
[INF][SYS]: Memory test message with longer content to test memory usage 381
[INF][SYS]: Memory test message with longer content to test memory usage 382
[INF][SYS]: Memory test message with longer content to test memory usage 383
[INF][SYS]: Memory test message with longer content to test memory usage 384
[INF][SYS]: Memory test message with longer content to test memory usage 385
[INF][SYS]: Memory test message with longer content to test memory usage 386
[INF][SYS]: Memory test message with longer content to test memory usage 387
[INF][SYS]: Memory test message with longer content to test memory usage 388
[INF][SYS]: Memory test message with longer content to test memory usage 389
[INF][SYS]: Memory test message with longer content to test memory usage 390
[INF][SYS]: Memory test message with longer content to test memory usage 391
[INF][SYS]: Memory test message with longer content to test memory usage 392
[INF][SYS]: Memory test message with longer content to test memory usage 393
[INF][SYS]: Memory test message with longer content to test memory usage 394
[INF][SYS]: Memory test message with longer content to test memory usage 395
[INF][SYS]: Memory test message with longer content to test memory usage 396
[INF][SYS]: Memory test message with longer content to test memory usage 397
[INF][SYS]: Memory test message with longer content to test memory usage 398
[INF][SYS]: Memory test message with longer content to test memory usage 399
[INF][SYS]: Memory test message with longer content to test memory usage 400
[INF][SYS]: Memory test message with longer content to test memory usage 401
[INF][SYS]: Memory test message with longer content to test memory usage 402
[INF][SYS]: Memory test message with longer content to test memory usage 403
[INF][SYS]: Memory test message with longer content to test memory usage 404
[INF][SYS]: Memory test message with longer content to test memory usage 405
[INF][SYS]: Memory test message with longer content to test memory usage 406
[INF][SYS]: Memory test message with longer content to test memory usage 407
[INF][SYS]: Memory test message with longer content to test memory usage 408
[INF][SYS]: Memory test message with longer content to test memory usage 409
[INF][SYS]: Memory test message with longer content to test memory usage 410
[INF][SYS]: Memory test message with longer content to test memory usage 411
[INF][SYS]: Memory test message with longer content to test memory usage 412
[INF][SYS]: Memory test message with longer content to test memory usage 413
[INF][SYS]: Memory test message with longer content to test memory usage 414
[INF][SYS]: Memory test message with longer content to test memory usage 415
[INF][SYS]: Memory test message with longer content to test memory usage 416
[INF][SYS]: Memory test message with longer content to test memory usage 417
[INF][SYS]: Memory test message with longer content to test memory usage 418
[INF][SYS]: Memory test message with longer content to test memory usage 419
[INF][SYS]: Memory test message with longer content to test memory usage 420
[INF][SYS]: Memory test message with longer content to test memory usage 421
[INF][SYS]: Memory test message with longer content to test memory usage 422
[INF][SYS]: Memory test message with longer content to test memory usage 423
[INF][SYS]: Memory test message with longer content to test memory usage 424
[INF][SYS]: Memory test message with longer content to test memory usage 425
[INF][SYS]: Memory test message with longer content to test memory usage 426
[INF][SYS]: Memory test message with longer content to test memory usage 427
[INF][SYS]: Memory test message with longer content to test memory usage 428
[INF][SYS]: Memory test message with longer content to test memory usage 429
[INF][SYS]: Memory test message with longer content to test memory usage 430
[INF][SYS]: Memory test message with longer content to test memory usage 431
[INF][SYS]: Memory test message with longer content to test memory usage 432
[INF][SYS]: Memory test message with longer content to test memory usage 433
[INF][SYS]: Memory test message with longer content to test memory usage 434
[INF][SYS]: Memory test message with longer content to test memory usage 435
[INF][SYS]: Memory test message with longer content to test memory usage 436
[INF][SYS]: Memory test message with longer content to test memory usage 437
[INF][SYS]: Memory test message with longer content to test memory usage 438
[INF][SYS]: Memory test message with longer content to test memory usage 439
[INF][SYS]: Memory test message with longer content to test memory usage 440
[INF][SYS]: Memory test message with longer content to test memory usage 441
[INF][SYS]: Memory test message with longer content to test memory usage 442
[INF][SYS]: Memory test message with longer content to test memory usage 443
[INF][SYS]: Memory test message with longer content to test memory usage 444
[INF][SYS]: Memory test message with longer content to test memory usage 445
[INF][SYS]: Memory test message with longer content to test memory usage 446
[INF][SYS]: Memory test message with longer content to test memory usage 447
[INF][SYS]: Memory test message with longer content to test memory usage 448
[INF][SYS]: Memory test message with longer content to test memory usage 449
[INF][SYS]: Memory test message with longer content to test memory usage 450
[INF][SYS]: Memory test message with longer content to test memory usage 451
[INF][SYS]: Memory test message with longer content to test memory usage 452
[INF][SYS]: Memory test message with longer content to test memory usage 453
[INF][SYS]: Memory test message with longer content to test memory usage 454
[INF][SYS]: Memory test message with longer content to test memory usage 455
[INF][SYS]: Memory test message with longer content to test memory usage 456
[INF][SYS]: Memory test message with longer content to test memory usage 457
[INF][SYS]: Memory test message with longer content to test memory usage 458
[INF][SYS]: Memory test message with longer content to test memory usage 459
[INF][SYS]: Memory test message with longer content to test memory usage 460
[INF][SYS]: Memory test message with longer content to test memory usage 461
[INF][SYS]: Memory test message with longer content to test memory usage 462
[INF][SYS]: Memory test message with longer content to test memory usage 463
[INF][SYS]: Memory test message with longer content to test memory usage 464
[INF][SYS]: Memory test message with longer content to test memory usage 465
[INF][SYS]: Memory test message with longer content to test memory usage 466
[INF][SYS]: Memory test message with longer content to test memory usage 467
[INF][SYS]: Memory test message with longer content to test memory usage 468
[INF][SYS]: Memory test message with longer content to test memory usage 469
[INF][SYS]: Memory test message with longer content to test memory usage 470
[INF][SYS]: Memory test message with longer content to test memory usage 471
[INF][SYS]: Memory test message with longer content to test memory usage 472
[INF][SYS]: Memory test message with longer content to test memory usage 473
[INF][SYS]: Memory test message with longer content to test memory usage 474
[INF][SYS]: Memory test message with longer content to test memory usage 475
[INF][SYS]: Memory test message with longer content to test memory usage 476
[INF][SYS]: Memory test message with longer content to test memory usage 477
[INF][SYS]: Memory test message with longer content to test memory usage 478
[INF][SYS]: Memory test message with longer content to test memory usage 479
[INF][SYS]: Memory test message with longer content to test memory usage 480
[INF][SYS]: Memory test message with longer content to test memory usage 481
[INF][SYS]: Memory test message with longer content to test memory usage 482
[INF][SYS]: Memory test message with longer content to test memory usage 483
[INF][SYS]: Memory test message with longer content to test memory usage 484
[INF][SYS]: Memory test message with longer content to test memory usage 485
[INF][SYS]: Memory test message with longer content to test memory usage 486
[INF][SYS]: Memory test message with longer content to test memory usage 487
[INF][SYS]: Memory test message with longer content to test memory usage 488
[INF][SYS]: Memory test message with longer content to test memory usage 489
[INF][SYS]: Memory test message with longer content to test memory usage 490
[INF][SYS]: Memory test message with longer content to test memory usage 491
[INF][SYS]: Memory test message with longer content to test memory usage 492
[INF][SYS]: Memory test message with longer content to test memory usage 493
[INF][SYS]: Memory test message with longer content to test memory usage 494
[INF][SYS]: Memory test message with longer content to test memory usage 495
[INF][SYS]: Memory test message with longer content to test memory usage 496
[INF][SYS]: Memory test message with longer content to test memory usage 497
[INF][SYS]: Memory test message with longer content to test memory usage 498
[INF][SYS]: Memory test message with longer content to test memory usage 499
[INF][SYS]: Memory test message with longer content to test memory usage 500
[INF][SYS]: Memory test message with longer content to test memory usage 501
[INF][SYS]: Memory test message with longer content to test memory usage 502
[INF][SYS]: Memory test message with longer content to test memory usage 503
[INF][SYS]: Memory test message with longer content to test memory usage 504
[INF][SYS]: Memory test message with longer content to test memory usage 505
[INF][SYS]: Memory test message with longer content to test memory usage 506
[INF][SYS]: Memory test message with longer content to test memory usage 507
[INF][SYS]: Memory test message with longer content to test memory usage 508
[INF][SYS]: Memory test message with longer content to test memory usage 509
[INF][SYS]: Memory test message with longer content to test memory usage 510
[INF][SYS]: Memory test message with longer content to test memory usage 511
[INF][SYS]: Memory test message with longer content to test memory usage 512
[INF][SYS]: Memory test message with longer content to test memory usage 513
[INF][SYS]: Memory test message with longer content to test memory usage 514
[INF][SYS]: Memory test message with longer content to test memory usage 515
[INF][SYS]: Memory test message with longer content to test memory usage 516
[INF][SYS]: Memory test message with longer content to test memory usage 517
[INF][SYS]: Memory test message with longer content to test memory usage 518
[INF][SYS]: Memory test message with longer content to test memory usage 519
[INF][SYS]: Memory test message with longer content to test memory usage 520
[INF][SYS]: Memory test message with longer content to test memory usage 521
[INF][SYS]: Memory test message with longer content to test memory usage 522
[INF][SYS]: Memory test message with longer content to test memory usage 523
[INF][SYS]: Memory test message with longer content to test memory usage 524
[INF][SYS]: Memory test message with longer content to test memory usage 525
[INF][SYS]: Memory test message with longer content to test memory usage 526
[INF][SYS]: Memory test message with longer content to test memory usage 527
[INF][SYS]: Memory test message with longer content to test memory usage 528
[INF][SYS]: Memory test message with longer content to test memory usage 529
[INF][SYS]: Memory test message with longer content to test memory usage 530
[INF][SYS]: Memory test message with longer content to test memory usage 531
[INF][SYS]: Memory test message with longer content to test memory usage 532
[INF][SYS]: Memory test message with longer content to test memory usage 533
[INF][SYS]: Memory test message with longer content to test memory usage 534
[INF][SYS]: Memory test message with longer content to test memory usage 535
[INF][SYS]: Memory test message with longer content to test memory usage 536
[INF][SYS]: Memory test message with longer content to test memory usage 537
[INF][SYS]: Memory test message with longer content to test memory usage 538
[INF][SYS]: Memory test message with longer content to test memory usage 539
[INF][SYS]: Memory test message with longer content to test memory usage 540
[INF][SYS]: Memory test message with longer content to test memory usage 541
[INF][SYS]: Memory test message with longer content to test memory usage 542
[INF][SYS]: Memory test message with longer content to test memory usage 543
[INF][SYS]: Memory test message with longer content to test memory usage 544
[INF][SYS]: Memory test message with longer content to test memory usage 545
[INF][SYS]: Memory test message with longer content to test memory usage 546
[INF][SYS]: Memory test message with longer content to test memory usage 547
[INF][SYS]: Memory test message with longer content to test memory usage 548
[INF][SYS]: Memory test message with longer content to test memory usage 549
[INF][SYS]: Memory test message with longer content to test memory usage 550
[INF][SYS]: Memory test message with longer content to test memory usage 551
[INF][SYS]: Memory test message with longer content to test memory usage 552
[INF][SYS]: Memory test message with longer content to test memory usage 553
[INF][SYS]: Memory test message with longer content to test memory usage 554
[INF][SYS]: Memory test message with longer content to test memory usage 555
[INF][SYS]: Memory test message with longer content to test memory usage 556
[INF][SYS]: Memory test message with longer content to test memory usage 557
[INF][SYS]: Memory test message with longer content to test memory usage 558
[INF][SYS]: Memory test message with longer content to test memory usage 559
[INF][SYS]: Memory test message with longer content to test memory usage 560
[INF][SYS]: Memory test message with longer content to test memory usage 561
[INF][SYS]: Memory test message with longer content to test memory usage 562
[INF][SYS]: Memory test message with longer content to test memory usage 563
[INF][SYS]: Memory test message with longer content to test memory usage 564
[INF][SYS]: Memory test message with longer content to test memory usage 565
[INF][SYS]: Memory test message with longer content to test memory usage 566
[INF][SYS]: Memory test message with longer content to test memory usage 567
[INF][SYS]: Memory test message with longer content to test memory usage 568
[INF][SYS]: Memory test message with longer content to test memory usage 569
[INF][SYS]: Memory test message with longer content to test memory usage 570
[INF][SYS]: Memory test message with longer content to test memory usage 571
[INF][SYS]: Memory test message with longer content to test memory usage 572
[INF][SYS]: Memory test message with longer content to test memory usage 573
[INF][SYS]: Memory test message with longer content to test memory usage 574
[INF][SYS]: Memory test message with longer content to test memory usage 575
[INF][SYS]: Memory test message with longer content to test memory usage 576
[INF][SYS]: Memory test message with longer content to test memory usage 577
[INF][SYS]: Memory test message with longer content to test memory usage 578
[INF][SYS]: Memory test message with longer content to test memory usage 579
[INF][SYS]: Memory test message with longer content to test memory usage 580
[INF][SYS]: Memory test message with longer content to test memory usage 581
[INF][SYS]: Memory test message with longer content to test memory usage 582
[INF][SYS]: Memory test message with longer content to test memory usage 583
[INF][SYS]: Memory test message with longer content to test memory usage 584
[INF][SYS]: Memory test message with longer content to test memory usage 585
[INF][SYS]: Memory test message with longer content to test memory usage 586
[INF][SYS]: Memory test message with longer content to test memory usage 587
[INF][SYS]: Memory test message with longer content to test memory usage 588
[INF][SYS]: Memory test message with longer content to test memory usage 589
[INF][SYS]: Memory test message with longer content to test memory usage 590
[INF][SYS]: Memory test message with longer content to test memory usage 591
[INF][SYS]: Memory test message with longer content to test memory usage 592
[INF][SYS]: Memory test message with longer content to test memory usage 593
[INF][SYS]: Memory test message with longer content to test memory usage 594
[INF][SYS]: Memory test message with longer content to test memory usage 595
[INF][SYS]: Memory test message with longer content to test memory usage 596
[INF][SYS]: Memory test message with longer content to test memory usage 597
[INF][SYS]: Memory test message with longer content to test memory usage 598
[INF][SYS]: Memory test message with longer content to test memory usage 599
[INF][SYS]: Memory test message with longer content to test memory usage 600
[INF][SYS]: Memory test message with longer content to test memory usage 601
[INF][SYS]: Memory test message with longer content to test memory usage 602
[INF][SYS]: Memory test message with longer content to test memory usage 603
[INF][SYS]: Memory test message with longer content to test memory usage 604
[INF][SYS]: Memory test message with longer content to test memory usage 605
[INF][SYS]: Memory test message with longer content to test memory usage 606
[INF][SYS]: Memory test message with longer content to test memory usage 607
[INF][SYS]: Memory test message with longer content to test memory usage 608
[INF][SYS]: Memory test message with longer content to test memory usage 609
[INF][SYS]: Memory test message with longer content to test memory usage 610
[INF][SYS]: Memory test message with longer content to test memory usage 611
[INF][SYS]: Memory test message with longer content to test memory usage 612
[INF][SYS]: Memory test message with longer content to test memory usage 613
[INF][SYS]: Memory test message with longer content to test memory usage 614
[INF][SYS]: Memory test message with longer content to test memory usage 615
[INF][SYS]: Memory test message with longer content to test memory usage 616
[INF][SYS]: Memory test message with longer content to test memory usage 617
[INF][SYS]: Memory test message with longer content to test memory usage 618
[INF][SYS]: Memory test message with longer content to test memory usage 619
[INF][SYS]: Memory test message with longer content to test memory usage 620
[INF][SYS]: Memory test message with longer content to test memory usage 621
[INF][SYS]: Memory test message with longer content to test memory usage 622
[INF][SYS]: Memory test message with longer content to test memory usage 623
[INF][SYS]: Memory test message with longer content to test memory usage 624
[INF][SYS]: Memory test message with longer content to test memory usage 625
[INF][SYS]: Memory test message with longer content to test memory usage 626
[INF][SYS]: Memory test message with longer content to test memory usage 627
[INF][SYS]: Memory test message with longer content to test memory usage 628
[INF][SYS]: Memory test message with longer content to test memory usage 629
[INF][SYS]: Memory test message with longer content to test memory usage 630
[INF][SYS]: Memory test message with longer content to test memory usage 631
[INF][SYS]: Memory test message with longer content to test memory usage 632
[INF][SYS]: Memory test message with longer content to test memory usage 633
[INF][SYS]: Memory test message with longer content to test memory usage 634
[INF][SYS]: Memory test message with longer content to test memory usage 635
[INF][SYS]: Memory test message with longer content to test memory usage 636
[INF][SYS]: Memory test message with longer content to test memory usage 637
[INF][SYS]: Memory test message with longer content to test memory usage 638
[INF][SYS]: Memory test message with longer content to test memory usage 639
[INF][SYS]: Memory test message with longer content to test memory usage 640
[INF][SYS]: Memory test message with longer content to test memory usage 641
[INF][SYS]: Memory test message with longer content to test memory usage 642
[INF][SYS]: Memory test message with longer content to test memory usage 643
[INF][SYS]: Memory test message with longer content to test memory usage 644
[INF][SYS]: Memory test message with longer content to test memory usage 645
[INF][SYS]: Memory test message with longer content to test memory usage 646
[INF][SYS]: Memory test message with longer content to test memory usage 647
[INF][SYS]: Memory test message with longer content to test memory usage 648
[INF][SYS]: Memory test message with longer content to test memory usage 649
[INF][SYS]: Memory test message with longer content to test memory usage 650
[INF][SYS]: Memory test message with longer content to test memory usage 651
[INF][SYS]: Memory test message with longer content to test memory usage 652
[INF][SYS]: Memory test message with longer content to test memory usage 653
[INF][SYS]: Memory test message with longer content to test memory usage 654
[INF][SYS]: Memory test message with longer content to test memory usage 655
[INF][SYS]: Memory test message with longer content to test memory usage 656
[INF][SYS]: Memory test message with longer content to test memory usage 657
[INF][SYS]: Memory test message with longer content to test memory usage 658
[INF][SYS]: Memory test message with longer content to test memory usage 659
[INF][SYS]: Memory test message with longer content to test memory usage 660
[INF][SYS]: Memory test message with longer content to test memory usage 661
[INF][SYS]: Memory test message with longer content to test memory usage 662
[INF][SYS]: Memory test message with longer content to test memory usage 663
[INF][SYS]: Memory test message with longer content to test memory usage 664
[INF][SYS]: Memory test message with longer content to test memory usage 665
[INF][SYS]: Memory test message with longer content to test memory usage 666
[INF][SYS]: Memory test message with longer content to test memory usage 667
[INF][SYS]: Memory test message with longer content to test memory usage 668
[INF][SYS]: Memory test message with longer content to test memory usage 669
[INF][SYS]: Memory test message with longer content to test memory usage 670
[INF][SYS]: Memory test message with longer content to test memory usage 671
[INF][SYS]: Memory test message with longer content to test memory usage 672
[INF][SYS]: Memory test message with longer content to test memory usage 673
[INF][SYS]: Memory test message with longer content to test memory usage 674
[INF][SYS]: Memory test message with longer content to test memory usage 675
[INF][SYS]: Memory test message with longer content to test memory usage 676
[INF][SYS]: Memory test message with longer content to test memory usage 677
[INF][SYS]: Memory test message with longer content to test memory usage 678
[INF][SYS]: Memory test message with longer content to test memory usage 679
[INF][SYS]: Memory test message with longer content to test memory usage 680
[INF][SYS]: Memory test message with longer content to test memory usage 681
[INF][SYS]: Memory test message with longer content to test memory usage 682
[INF][SYS]: Memory test message with longer content to test memory usage 683
[INF][SYS]: Memory test message with longer content to test memory usage 684
[INF][SYS]: Memory test message with longer content to test memory usage 685
[INF][SYS]: Memory test message with longer content to test memory usage 686
[INF][SYS]: Memory test message with longer content to test memory usage 687
[INF][SYS]: Memory test message with longer content to test memory usage 688
[INF][SYS]: Memory test message with longer content to test memory usage 689
[INF][SYS]: Memory test message with longer content to test memory usage 690
[INF][SYS]: Memory test message with longer content to test memory usage 691
[INF][SYS]: Memory test message with longer content to test memory usage 692
[INF][SYS]: Memory test message with longer content to test memory usage 693
[INF][SYS]: Memory test message with longer content to test memory usage 694
[INF][SYS]: Memory test message with longer content to test memory usage 695
[INF][SYS]: Memory test message with longer content to test memory usage 696
[INF][SYS]: Memory test message with longer content to test memory usage 697
[INF][SYS]: Memory test message with longer content to test memory usage 698
[INF][SYS]: Memory test message with longer content to test memory usage 699
[INF][SYS]: Memory test message with longer content to test memory usage 700
[INF][SYS]: Memory test message with longer content to test memory usage 701
[INF][SYS]: Memory test message with longer content to test memory usage 702
[INF][SYS]: Memory test message with longer content to test memory usage 703
[INF][SYS]: Memory test message with longer content to test memory usage 704
[INF][SYS]: Memory test message with longer content to test memory usage 705
[INF][SYS]: Memory test message with longer content to test memory usage 706
[INF][SYS]: Memory test message with longer content to test memory usage 707
[INF][SYS]: Memory test message with longer content to test memory usage 708
[INF][SYS]: Memory test message with longer content to test memory usage 709
[INF][SYS]: Memory test message with longer content to test memory usage 710
[INF][SYS]: Memory test message with longer content to test memory usage 711
[INF][SYS]: Memory test message with longer content to test memory usage 712
[INF][SYS]: Memory test message with longer content to test memory usage 713
[INF][SYS]: Memory test message with longer content to test memory usage 714
[INF][SYS]: Memory test message with longer content to test memory usage 715
[INF][SYS]: Memory test message with longer content to test memory usage 716
[INF][SYS]: Memory test message with longer content to test memory usage 717
[INF][SYS]: Memory test message with longer content to test memory usage 718
[INF][SYS]: Memory test message with longer content to test memory usage 719
[INF][SYS]: Memory test message with longer content to test memory usage 720
[INF][SYS]: Memory test message with longer content to test memory usage 721
[INF][SYS]: Memory test message with longer content to test memory usage 722
[INF][SYS]: Memory test message with longer content to test memory usage 723
[INF][SYS]: Memory test message with longer content to test memory usage 724
[INF][SYS]: Memory test message with longer content to test memory usage 725
[INF][SYS]: Memory test message with longer content to test memory usage 726
[INF][SYS]: Memory test message with longer content to test memory usage 727
[INF][SYS]: Memory test message with longer content to test memory usage 728
[INF][SYS]: Memory test message with longer content to test memory usage 729
[INF][SYS]: Memory test message with longer content to test memory usage 730
[INF][SYS]: Memory test message with longer content to test memory usage 731
[INF][SYS]: Memory test message with longer content to test memory usage 732
[INF][SYS]: Memory test message with longer content to test memory usage 733
[INF][SYS]: Memory test message with longer content to test memory usage 734
[INF][SYS]: Memory test message with longer content to test memory usage 735
[INF][SYS]: Memory test message with longer content to test memory usage 736
[INF][SYS]: Memory test message with longer content to test memory usage 737
[INF][SYS]: Memory test message with longer content to test memory usage 738
[INF][SYS]: Memory test message with longer content to test memory usage 739
[INF][SYS]: Memory test message with longer content to test memory usage 740
[INF][SYS]: Memory test message with longer content to test memory usage 741
[INF][SYS]: Memory test message with longer content to test memory usage 742
[INF][SYS]: Memory test message with longer content to test memory usage 743
[INF][SYS]: Memory test message with longer content to test memory usage 744
[INF][SYS]: Memory test message with longer content to test memory usage 745
[INF][SYS]: Memory test message with longer content to test memory usage 746
[INF][SYS]: Memory test message with longer content to test memory usage 747
[INF][SYS]: Memory test message with longer content to test memory usage 748
[INF][SYS]: Memory test message with longer content to test memory usage 749
[INF][SYS]: Memory test message with longer content to test memory usage 750
[INF][SYS]: Memory test message with longer content to test memory usage 751
[INF][SYS]: Memory test message with longer content to test memory usage 752
[INF][SYS]: Memory test message with longer content to test memory usage 753
[INF][SYS]: Memory test message with longer content to test memory usage 754
[INF][SYS]: Memory test message with longer content to test memory usage 755
[INF][SYS]: Memory test message with longer content to test memory usage 756
[INF][SYS]: Memory test message with longer content to test memory usage 757
[INF][SYS]: Memory test message with longer content to test memory usage 758
[INF][SYS]: Memory test message with longer content to test memory usage 759
[INF][SYS]: Memory test message with longer content to test memory usage 760
[INF][SYS]: Memory test message with longer content to test memory usage 761
[INF][SYS]: Memory test message with longer content to test memory usage 762
[INF][SYS]: Memory test message with longer content to test memory usage 763
[INF][SYS]: Memory test message with longer content to test memory usage 764
[INF][SYS]: Memory test message with longer content to test memory usage 765
[INF][SYS]: Memory test message with longer content to test memory usage 766
[INF][SYS]: Memory test message with longer content to test memory usage 767
[INF][SYS]: Memory test message with longer content to test memory usage 768
[INF][SYS]: Memory test message with longer content to test memory usage 769
[INF][SYS]: Memory test message with longer content to test memory usage 770
[INF][SYS]: Memory test message with longer content to test memory usage 771
[INF][SYS]: Memory test message with longer content to test memory usage 772
[INF][SYS]: Memory test message with longer content to test memory usage 773
[INF][SYS]: Memory test message with longer content to test memory usage 774
[INF][SYS]: Memory test message with longer content to test memory usage 775
[INF][SYS]: Memory test message with longer content to test memory usage 776
[INF][SYS]: Memory test message with longer content to test memory usage 777
[INF][SYS]: Memory test message with longer content to test memory usage 778
[INF][SYS]: Memory test message with longer content to test memory usage 779
[INF][SYS]: Memory test message with longer content to test memory usage 780
[INF][SYS]: Memory test message with longer content to test memory usage 781
[INF][SYS]: Memory test message with longer content to test memory usage 782
[INF][SYS]: Memory test message with longer content to test memory usage 783
[INF][SYS]: Memory test message with longer content to test memory usage 784
[INF][SYS]: Memory test message with longer content to test memory usage 785
[INF][SYS]: Memory test message with longer content to test memory usage 786
[INF][SYS]: Memory test message with longer content to test memory usage 787
[INF][SYS]: Memory test message with longer content to test memory usage 788
[INF][SYS]: Memory test message with longer content to test memory usage 789
[INF][SYS]: Memory test message with longer content to test memory usage 790
[INF][SYS]: Memory test message with longer content to test memory usage 791
[INF][SYS]: Memory test message with longer content to test memory usage 792
[INF][SYS]: Memory test message with longer content to test memory usage 793
[INF][SYS]: Memory test message with longer content to test memory usage 794
[INF][SYS]: Memory test message with longer content to test memory usage 795
[INF][SYS]: Memory test message with longer content to test memory usage 796
[INF][SYS]: Memory test message with longer content to test memory usage 797
[INF][SYS]: Memory test message with longer content to test memory usage 798
[INF][SYS]: Memory test message with longer content to test memory usage 799
[INF][SYS]: Memory test message with longer content to test memory usage 800
[INF][SYS]: Memory test message with longer content to test memory usage 801
[INF][SYS]: Memory test message with longer content to test memory usage 802
[INF][SYS]: Memory test message with longer content to test memory usage 803
[INF][SYS]: Memory test message with longer content to test memory usage 804
[INF][SYS]: Memory test message with longer content to test memory usage 805
[INF][SYS]: Memory test message with longer content to test memory usage 806
[INF][SYS]: Memory test message with longer content to test memory usage 807
[INF][SYS]: Memory test message with longer content to test memory usage 808
[INF][SYS]: Memory test message with longer content to test memory usage 809
[INF][SYS]: Memory test message with longer content to test memory usage 810
[INF][SYS]: Memory test message with longer content to test memory usage 811
[INF][SYS]: Memory test message with longer content to test memory usage 812
[INF][SYS]: Memory test message with longer content to test memory usage 813
[INF][SYS]: Memory test message with longer content to test memory usage 814
[INF][SYS]: Memory test message with longer content to test memory usage 815
[INF][SYS]: Memory test message with longer content to test memory usage 816
[INF][SYS]: Memory test message with longer content to test memory usage 817
[INF][SYS]: Memory test message with longer content to test memory usage 818
[INF][SYS]: Memory test message with longer content to test memory usage 819
[INF][SYS]: Memory test message with longer content to test memory usage 820
[INF][SYS]: Memory test message with longer content to test memory usage 821
[INF][SYS]: Memory test message with longer content to test memory usage 822
[INF][SYS]: Memory test message with longer content to test memory usage 823
[INF][SYS]: Memory test message with longer content to test memory usage 824
[INF][SYS]: Memory test message with longer content to test memory usage 825
[INF][SYS]: Memory test message with longer content to test memory usage 826
[INF][SYS]: Memory test message with longer content to test memory usage 827
[INF][SYS]: Memory test message with longer content to test memory usage 828
[INF][SYS]: Memory test message with longer content to test memory usage 829
[INF][SYS]: Memory test message with longer content to test memory usage 830
[INF][SYS]: Memory test message with longer content to test memory usage 831
[INF][SYS]: Memory test message with longer content to test memory usage 832
[INF][SYS]: Memory test message with longer content to test memory usage 833
[INF][SYS]: Memory test message with longer content to test memory usage 834
[INF][SYS]: Memory test message with longer content to test memory usage 835
[INF][SYS]: Memory test message with longer content to test memory usage 836
[INF][SYS]: Memory test message with longer content to test memory usage 837
[INF][SYS]: Memory test message with longer content to test memory usage 838
[INF][SYS]: Memory test message with longer content to test memory usage 839
[INF][SYS]: Memory test message with longer content to test memory usage 840
[INF][SYS]: Memory test message with longer content to test memory usage 841
[INF][SYS]: Memory test message with longer content to test memory usage 842
[INF][SYS]: Memory test message with longer content to test memory usage 843
[INF][SYS]: Memory test message with longer content to test memory usage 844
[INF][SYS]: Memory test message with longer content to test memory usage 845
[INF][SYS]: Memory test message with longer content to test memory usage 846
[INF][SYS]: Memory test message with longer content to test memory usage 847
[INF][SYS]: Memory test message with longer content to test memory usage 848
[INF][SYS]: Memory test message with longer content to test memory usage 849
[INF][SYS]: Memory test message with longer content to test memory usage 850
[INF][SYS]: Memory test message with longer content to test memory usage 851
[INF][SYS]: Memory test message with longer content to test memory usage 852
[INF][SYS]: Memory test message with longer content to test memory usage 853
[INF][SYS]: Memory test message with longer content to test memory usage 854
[INF][SYS]: Memory test message with longer content to test memory usage 855
[INF][SYS]: Memory test message with longer content to test memory usage 856
[INF][SYS]: Memory test message with longer content to test memory usage 857
[INF][SYS]: Memory test message with longer content to test memory usage 858
[INF][SYS]: Memory test message with longer content to test memory usage 859
[INF][SYS]: Memory test message with longer content to test memory usage 860
[INF][SYS]: Memory test message with longer content to test memory usage 861
[INF][SYS]: Memory test message with longer content to test memory usage 862
[INF][SYS]: Memory test message with longer content to test memory usage 863
[INF][SYS]: Memory test message with longer content to test memory usage 864
[INF][SYS]: Memory test message with longer content to test memory usage 865
[INF][SYS]: Memory test message with longer content to test memory usage 866
[INF][SYS]: Memory test message with longer content to test memory usage 867
[INF][SYS]: Memory test message with longer content to test memory usage 868
[INF][SYS]: Memory test message with longer content to test memory usage 869
[INF][SYS]: Memory test message with longer content to test memory usage 870
[INF][SYS]: Memory test message with longer content to test memory usage 871
[INF][SYS]: Memory test message with longer content to test memory usage 872
[INF][SYS]: Memory test message with longer content to test memory usage 873
[INF][SYS]: Memory test message with longer content to test memory usage 874
[INF][SYS]: Memory test message with longer content to test memory usage 875
[INF][SYS]: Memory test message with longer content to test memory usage 876
[INF][SYS]: Memory test message with longer content to test memory usage 877
[INF][SYS]: Memory test message with longer content to test memory usage 878
[INF][SYS]: Memory test message with longer content to test memory usage 879
[INF][SYS]: Memory test message with longer content to test memory usage 880
[INF][SYS]: Memory test message with longer content to test memory usage 881
[INF][SYS]: Memory test message with longer content to test memory usage 882
[INF][SYS]: Memory test message with longer content to test memory usage 883
[INF][SYS]: Memory test message with longer content to test memory usage 884
[INF][SYS]: Memory test message with longer content to test memory usage 885
[INF][SYS]: Memory test message with longer content to test memory usage 886
[INF][SYS]: Memory test message with longer content to test memory usage 887
[INF][SYS]: Memory test message with longer content to test memory usage 888
[INF][SYS]: Memory test message with longer content to test memory usage 889
[INF][SYS]: Memory test message with longer content to test memory usage 890
[INF][SYS]: Memory test message with longer content to test memory usage 891
[INF][SYS]: Memory test message with longer content to test memory usage 892
[INF][SYS]: Memory test message with longer content to test memory usage 893
[INF][SYS]: Memory test message with longer content to test memory usage 894
[INF][SYS]: Memory test message with longer content to test memory usage 895
[INF][SYS]: Memory test message with longer content to test memory usage 896
[INF][SYS]: Memory test message with longer content to test memory usage 897
[INF][SYS]: Memory test message with longer content to test memory usage 898
[INF][SYS]: Memory test message with longer content to test memory usage 899
[INF][SYS]: Memory test message with longer content to test memory usage 900
[INF][SYS]: Memory test message with longer content to test memory usage 901
[INF][SYS]: Memory test message with longer content to test memory usage 902
[INF][SYS]: Memory test message with longer content to test memory usage 903
[INF][SYS]: Memory test message with longer content to test memory usage 904
[INF][SYS]: Memory test message with longer content to test memory usage 905
[INF][SYS]: Memory test message with longer content to test memory usage 906
[INF][SYS]: Memory test message with longer content to test memory usage 907
[INF][SYS]: Memory test message with longer content to test memory usage 908
[INF][SYS]: Memory test message with longer content to test memory usage 909
[INF][SYS]: Memory test message with longer content to test memory usage 910
[INF][SYS]: Memory test message with longer content to test memory usage 911
[INF][SYS]: Memory test message with longer content to test memory usage 912
[INF][SYS]: Memory test message with longer content to test memory usage 913
[INF][SYS]: Memory test message with longer content to test memory usage 914
[INF][SYS]: Memory test message with longer content to test memory usage 915
[INF][SYS]: Memory test message with longer content to test memory usage 916
[INF][SYS]: Memory test message with longer content to test memory usage 917
[INF][SYS]: Memory test message with longer content to test memory usage 918
[INF][SYS]: Memory test message with longer content to test memory usage 919
[INF][SYS]: Memory test message with longer content to test memory usage 920
[INF][SYS]: Memory test message with longer content to test memory usage 921
[INF][SYS]: Memory test message with longer content to test memory usage 922
[INF][SYS]: Memory test message with longer content to test memory usage 923
[INF][SYS]: Memory test message with longer content to test memory usage 924
[INF][SYS]: Memory test message with longer content to test memory usage 925
[INF][SYS]: Memory test message with longer content to test memory usage 926
[INF][SYS]: Memory test message with longer content to test memory usage 927
[INF][SYS]: Memory test message with longer content to test memory usage 928
[INF][SYS]: Memory test message with longer content to test memory usage 929
[INF][SYS]: Memory test message with longer content to test memory usage 930
[INF][SYS]: Memory test message with longer content to test memory usage 931
[INF][SYS]: Memory test message with longer content to test memory usage 932
[INF][SYS]: Memory test message with longer content to test memory usage 933
[INF][SYS]: Memory test message with longer content to test memory usage 934
[INF][SYS]: Memory test message with longer content to test memory usage 935
[INF][SYS]: Memory test message with longer content to test memory usage 936
[INF][SYS]: Memory test message with longer content to test memory usage 937
[INF][SYS]: Memory test message with longer content to test memory usage 938
[INF][SYS]: Memory test message with longer content to test memory usage 939
[INF][SYS]: Memory test message with longer content to test memory usage 940
[INF][SYS]: Memory test message with longer content to test memory usage 941
[INF][SYS]: Memory test message with longer content to test memory usage 942
[INF][SYS]: Memory test message with longer content to test memory usage 943
[INF][SYS]: Memory test message with longer content to test memory usage 944
[INF][SYS]: Memory test message with longer content to test memory usage 945
[INF][SYS]: Memory test message with longer content to test memory usage 946
[INF][SYS]: Memory test message with longer content to test memory usage 947
[INF][SYS]: Memory test message with longer content to test memory usage 948
[INF][SYS]: Memory test message with longer content to test memory usage 949
[INF][SYS]: Memory test message with longer content to test memory usage 950
[INF][SYS]: Memory test message with longer content to test memory usage 951
[INF][SYS]: Memory test message with longer content to test memory usage 952
[INF][SYS]: Memory test message with longer content to test memory usage 953
[INF][SYS]: Memory test message with longer content to test memory usage 954
[INF][SYS]: Memory test message with longer content to test memory usage 955
[INF][SYS]: Memory test message with longer content to test memory usage 956
[INF][SYS]: Memory test message with longer content to test memory usage 957
[INF][SYS]: Memory test message with longer content to test memory usage 958
[INF][SYS]: Memory test message with longer content to test memory usage 959
[INF][SYS]: Memory test message with longer content to test memory usage 960
[INF][SYS]: Memory test message with longer content to test memory usage 961
[INF][SYS]: Memory test message with longer content to test memory usage 962
[INF][SYS]: Memory test message with longer content to test memory usage 963
[INF][SYS]: Memory test message with longer content to test memory usage 964
[INF][SYS]: Memory test message with longer content to test memory usage 965
[INF][SYS]: Memory test message with longer content to test memory usage 966
[INF][SYS]: Memory test message with longer content to test memory usage 967
[INF][SYS]: Memory test message with longer content to test memory usage 968
[INF][SYS]: Memory test message with longer content to test memory usage 969
[INF][SYS]: Memory test message with longer content to test memory usage 970
[INF][SYS]: Memory test message with longer content to test memory usage 971
[INF][SYS]: Memory test message with longer content to test memory usage 972
[INF][SYS]: Memory test message with longer content to test memory usage 973
[INF][SYS]: Memory test message with longer content to test memory usage 974
[INF][SYS]: Memory test message with longer content to test memory usage 975
[INF][SYS]: Memory test message with longer content to test memory usage 976
[INF][SYS]: Memory test message with longer content to test memory usage 977
[INF][SYS]: Memory test message with longer content to test memory usage 978
[INF][SYS]: Memory test message with longer content to test memory usage 979
[INF][SYS]: Memory test message with longer content to test memory usage 980
[INF][SYS]: Memory test message with longer content to test memory usage 981
[INF][SYS]: Memory test message with longer content to test memory usage 982
[INF][SYS]: Memory test message with longer content to test memory usage 983
[INF][SYS]: Memory test message with longer content to test memory usage 984
[INF][SYS]: Memory test message with longer content to test memory usage 985
[INF][SYS]: Memory test message with longer content to test memory usage 986
[INF][SYS]: Memory test message with longer content to test memory usage 987
[INF][SYS]: Memory test message with longer content to test memory usage 988
[INF][SYS]: Memory test message with longer content to test memory usage 989
[INF][SYS]: Memory test message with longer content to test memory usage 990
[INF][SYS]: Memory test message with longer content to test memory usage 991
[INF][SYS]: Memory test message with longer content to test memory usage 992
[INF][SYS]: Memory test message with longer content to test memory usage 993
[INF][SYS]: Memory test message with longer content to test memory usage 994
[INF][SYS]: Memory test message with longer content to test memory usage 995
[INF][SYS]: Memory test message with longer content to test memory usage 996
[INF][SYS]: Memory test message with longer content to test memory usage 997
[INF][SYS]: Memory test message with longer content to test memory usage 998
[INF][SYS]: Memory test message with longer content to test memory usage 999
[INF][SYS]: Memory test message with longer content to test memory usage 1000
[INF][SYS]: Memory test message with longer content to test memory usage 1001
[INF][SYS]: Memory test message with longer content to test memory usage 1002
[INF][SYS]: Memory test message with longer content to test memory usage 1003
[INF][SYS]: Memory test message with longer content to test memory usage 1004
[INF][SYS]: Memory test message with longer content to test memory usage 1005
[INF][SYS]: Memory test message with longer content to test memory usage 1006
[INF][SYS]: Memory test message with longer content to test memory usage 1007
[INF][SYS]: Memory test message with longer content to test memory usage 1008
[INF][SYS]: Memory test message with longer content to test memory usage 1009
[INF][SYS]: Memory test message with longer content to test memory usage 1010
[INF][SYS]: Memory test message with longer content to test memory usage 1011
[INF][SYS]: Memory test message with longer content to test memory usage 1012
[INF][SYS]: Memory test message with longer content to test memory usage 1013
[INF][SYS]: Memory test message with longer content to test memory usage 1014
[INF][SYS]: Memory test message with longer content to test memory usage 1015
[INF][SYS]: Memory test message with longer content to test memory usage 1016
[INF][SYS]: Memory test message with longer content to test memory usage 1017
[INF][SYS]: Memory test message with longer content to test memory usage 1018
[INF][SYS]: Memory test message with longer content to test memory usage 1019
[INF][SYS]: Memory test message with longer content to test memory usage 1020
[INF][SYS]: Memory test message with longer content to test memory usage 1021
[INF][SYS]: Memory test message with longer content to test memory usage 1022
[INF][SYS]: Memory test message with longer content to test memory usage 1023
[INF][SYS]: Memory test message with longer content to test memory usage 1024
[INF][SYS]: Memory test message with longer content to test memory usage 1025
[INF][SYS]: Memory test message with longer content to test memory usage 1026
[INF][SYS]: Memory test message with longer content to test memory usage 1027
[INF][SYS]: Memory test message with longer content to test memory usage 1028
[INF][SYS]: Memory test message with longer content to test memory usage 1029
[INF][SYS]: Memory test message with longer content to test memory usage 1030
[INF][SYS]: Memory test message with longer content to test memory usage 1031
[INF][SYS]: Memory test message with longer content to test memory usage 1032
[INF][SYS]: Memory test message with longer content to test memory usage 1033
[INF][SYS]: Memory test message with longer content to test memory usage 1034
[INF][SYS]: Memory test message with longer content to test memory usage 1035
[INF][SYS]: Memory test message with longer content to test memory usage 1036
[INF][SYS]: Memory test message with longer content to test memory usage 1037
[INF][SYS]: Memory test message with longer content to test memory usage 1038
[INF][SYS]: Memory test message with longer content to test memory usage 1039
[INF][SYS]: Memory test message with longer content to test memory usage 1040
[INF][SYS]: Memory test message with longer content to test memory usage 1041
[INF][SYS]: Memory test message with longer content to test memory usage 1042
[INF][SYS]: Memory test message with longer content to test memory usage 1043
[INF][SYS]: Memory test message with longer content to test memory usage 1044
[INF][SYS]: Memory test message with longer content to test memory usage 1045
[INF][SYS]: Memory test message with longer content to test memory usage 1046
[INF][SYS]: Memory test message with longer content to test memory usage 1047
[INF][SYS]: Memory test message with longer content to test memory usage 1048
[INF][SYS]: Memory test message with longer content to test memory usage 1049
[INF][SYS]: Memory test message with longer content to test memory usage 1050
[INF][SYS]: Memory test message with longer content to test memory usage 1051
[INF][SYS]: Memory test message with longer content to test memory usage 1052
[INF][SYS]: Memory test message with longer content to test memory usage 1053
[INF][SYS]: Memory test message with longer content to test memory usage 1054
[INF][SYS]: Memory test message with longer content to test memory usage 1055
[INF][SYS]: Memory test message with longer content to test memory usage 1056
[INF][SYS]: Memory test message with longer content to test memory usage 1057
[INF][SYS]: Memory test message with longer content to test memory usage 1058
[INF][SYS]: Memory test message with longer content to test memory usage 1059
[INF][SYS]: Memory test message with longer content to test memory usage 1060
[INF][SYS]: Memory test message with longer content to test memory usage 1061
[INF][SYS]: Memory test message with longer content to test memory usage 1062
[INF][SYS]: Memory test message with longer content to test memory usage 1063
[INF][SYS]: Memory test message with longer content to test memory usage 1064
[INF][SYS]: Memory test message with longer content to test memory usage 1065
[INF][SYS]: Memory test message with longer content to test memory usage 1066
[INF][SYS]: Memory test message with longer content to test memory usage 1067
[INF][SYS]: Memory test message with longer content to test memory usage 1068
[INF][SYS]: Memory test message with longer content to test memory usage 1069
[INF][SYS]: Memory test message with longer content to test memory usage 1070
[INF][SYS]: Memory test message with longer content to test memory usage 1071
[INF][SYS]: Memory test message with longer content to test memory usage 1072
[INF][SYS]: Memory test message with longer content to test memory usage 1073
[INF][SYS]: Memory test message with longer content to test memory usage 1074
[INF][SYS]: Memory test message with longer content to test memory usage 1075
[INF][SYS]: Memory test message with longer content to test memory usage 1076
[INF][SYS]: Memory test message with longer content to test memory usage 1077
[INF][SYS]: Memory test message with longer content to test memory usage 1078
[INF][SYS]: Memory test message with longer content to test memory usage 1079
[INF][SYS]: Memory test message with longer content to test memory usage 1080
[INF][SYS]: Memory test message with longer content to test memory usage 1081
[INF][SYS]: Memory test message with longer content to test memory usage 1082
[INF][SYS]: Memory test message with longer content to test memory usage 1083
[INF][SYS]: Memory test message with longer content to test memory usage 1084
[INF][SYS]: Memory test message with longer content to test memory usage 1085
[INF][SYS]: Memory test message with longer content to test memory usage 1086
[INF][SYS]: Memory test message with longer content to test memory usage 1087
[INF][SYS]: Memory test message with longer content to test memory usage 1088
[INF][SYS]: Memory test message with longer content to test memory usage 1089
[INF][SYS]: Memory test message with longer content to test memory usage 1090
[INF][SYS]: Memory test message with longer content to test memory usage 1091
[INF][SYS]: Memory test message with longer content to test memory usage 1092
[INF][SYS]: Memory test message with longer content to test memory usage 1093
[INF][SYS]: Memory test message with longer content to test memory usage 1094
[INF][SYS]: Memory test message with longer content to test memory usage 1095
[INF][SYS]: Memory test message with longer content to test memory usage 1096
[INF][SYS]: Memory test message with longer content to test memory usage 1097
[INF][SYS]: Memory test message with longer content to test memory usage 1098
[INF][SYS]: Memory test message with longer content to test memory usage 1099
[INF][SYS]: Memory test message with longer content to test memory usage 1100
[INF][SYS]: Memory test message with longer content to test memory usage 1101
[INF][SYS]: Memory test message with longer content to test memory usage 1102
[INF][SYS]: Memory test message with longer content to test memory usage 1103
[INF][SYS]: Memory test message with longer content to test memory usage 1104
[INF][SYS]: Memory test message with longer content to test memory usage 1105
[INF][SYS]: Memory test message with longer content to test memory usage 1106
[INF][SYS]: Memory test message with longer content to test memory usage 1107
[INF][SYS]: Memory test message with longer content to test memory usage 1108
[INF][SYS]: Memory test message with longer content to test memory usage 1109
[INF][SYS]: Memory test message with longer content to test memory usage 1110
[INF][SYS]: Memory test message with longer content to test memory usage 1111
[INF][SYS]: Memory test message with longer content to test memory usage 1112
[INF][SYS]: Memory test message with longer content to test memory usage 1113
[INF][SYS]: Memory test message with longer content to test memory usage 1114
[INF][SYS]: Memory test message with longer content to test memory usage 1115
[INF][SYS]: Memory test message with longer content to test memory usage 1116
[INF][SYS]: Memory test message with longer content to test memory usage 1117
[INF][SYS]: Memory test message with longer content to test memory usage 1118
[INF][SYS]: Memory test message with longer content to test memory usage 1119
[INF][SYS]: Memory test message with longer content to test memory usage 1120
[INF][SYS]: Memory test message with longer content to test memory usage 1121
[INF][SYS]: Memory test message with longer content to test memory usage 1122
[INF][SYS]: Memory test message with longer content to test memory usage 1123
[INF][SYS]: Memory test message with longer content to test memory usage 1124
[INF][SYS]: Memory test message with longer content to test memory usage 1125
[INF][SYS]: Memory test message with longer content to test memory usage 1126
[INF][SYS]: Memory test message with longer content to test memory usage 1127
[INF][SYS]: Memory test message with longer content to test memory usage 1128
[INF][SYS]: Memory test message with longer content to test memory usage 1129
[INF][SYS]: Memory test message with longer content to test memory usage 1130
[INF][SYS]: Memory test message with longer content to test memory usage 1131
[INF][SYS]: Memory test message with longer content to test memory usage 1132
[INF][SYS]: Memory test message with longer content to test memory usage 1133
[INF][SYS]: Memory test message with longer content to test memory usage 1134
[INF][SYS]: Memory test message with longer content to test memory usage 1135
[INF][SYS]: Memory test message with longer content to test memory usage 1136
[INF][SYS]: Memory test message with longer content to test memory usage 1137
[INF][SYS]: Memory test message with longer content to test memory usage 1138
[INF][SYS]: Memory test message with longer content to test memory usage 1139
[INF][SYS]: Memory test message with longer content to test memory usage 1140
[INF][SYS]: Memory test message with longer content to test memory usage 1141
[INF][SYS]: Memory test message with longer content to test memory usage 1142
[INF][SYS]: Memory test message with longer content to test memory usage 1143
[INF][SYS]: Memory test message with longer content to test memory usage 1144
[INF][SYS]: Memory test message with longer content to test memory usage 1145
[INF][SYS]: Memory test message with longer content to test memory usage 1146
[INF][SYS]: Memory test message with longer content to test memory usage 1147
[INF][SYS]: Memory test message with longer content to test memory usage 1148
[INF][SYS]: Memory test message with longer content to test memory usage 1149
[INF][SYS]: Memory test message with longer content to test memory usage 1150
[INF][SYS]: Memory test message with longer content to test memory usage 1151
[INF][SYS]: Memory test message with longer content to test memory usage 1152
[INF][SYS]: Memory test message with longer content to test memory usage 1153
[INF][SYS]: Memory test message with longer content to test memory usage 1154
[INF][SYS]: Memory test message with longer content to test memory usage 1155
[INF][SYS]: Memory test message with longer content to test memory usage 1156
[INF][SYS]: Memory test message with longer content to test memory usage 1157
[INF][SYS]: Memory test message with longer content to test memory usage 1158
[INF][SYS]: Memory test message with longer content to test memory usage 1159
[INF][SYS]: Memory test message with longer content to test memory usage 1160
[INF][SYS]: Memory test message with longer content to test memory usage 1161
[INF][SYS]: Memory test message with longer content to test memory usage 1162
[INF][SYS]: Memory test message with longer content to test memory usage 1163
[INF][SYS]: Memory test message with longer content to test memory usage 1164
[INF][SYS]: Memory test message with longer content to test memory usage 1165
[INF][SYS]: Memory test message with longer content to test memory usage 1166
[INF][SYS]: Memory test message with longer content to test memory usage 1167
[INF][SYS]: Memory test message with longer content to test memory usage 1168
[INF][SYS]: Memory test message with longer content to test memory usage 1169
[INF][SYS]: Memory test message with longer content to test memory usage 1170
[INF][SYS]: Memory test message with longer content to test memory usage 1171
[INF][SYS]: Memory test message with longer content to test memory usage 1172
[INF][SYS]: Memory test message with longer content to test memory usage 1173
[INF][SYS]: Memory test message with longer content to test memory usage 1174
[INF][SYS]: Memory test message with longer content to test memory usage 1175
[INF][SYS]: Memory test message with longer content to test memory usage 1176
[INF][SYS]: Memory test message with longer content to test memory usage 1177
[INF][SYS]: Memory test message with longer content to test memory usage 1178
[INF][SYS]: Memory test message with longer content to test memory usage 1179
[INF][SYS]: Memory test message with longer content to test memory usage 1180
[INF][SYS]: Memory test message with longer content to test memory usage 1181
[INF][SYS]: Memory test message with longer content to test memory usage 1182
[INF][SYS]: Memory test message with longer content to test memory usage 1183
[INF][SYS]: Memory test message with longer content to test memory usage 1184
[INF][SYS]: Memory test message with longer content to test memory usage 1185
[INF][SYS]: Memory test message with longer content to test memory usage 1186
[INF][SYS]: Memory test message with longer content to test memory usage 1187
[INF][SYS]: Memory test message with longer content to test memory usage 1188
[INF][SYS]: Memory test message with longer content to test memory usage 1189
[INF][SYS]: Memory test message with longer content to test memory usage 1190
[INF][SYS]: Memory test message with longer content to test memory usage 1191
[INF][SYS]: Memory test message with longer content to test memory usage 1192
[INF][SYS]: Memory test message with longer content to test memory usage 1193
[INF][SYS]: Memory test message with longer content to test memory usage 1194
[INF][SYS]: Memory test message with longer content to test memory usage 1195
[INF][SYS]: Memory test message with longer content to test memory usage 1196
[INF][SYS]: Memory test message with longer content to test memory usage 1197
[INF][SYS]: Memory test message with longer content to test memory usage 1198
[INF][SYS]: Memory test message with longer content to test memory usage 1199
[INF][SYS]: Memory test message with longer content to test memory usage 1200
[INF][SYS]: Memory test message with longer content to test memory usage 1201
[INF][SYS]: Memory test message with longer content to test memory usage 1202
[INF][SYS]: Memory test message with longer content to test memory usage 1203
[INF][SYS]: Memory test message with longer content to test memory usage 1204
[INF][SYS]: Memory test message with longer content to test memory usage 1205
[INF][SYS]: Memory test message with longer content to test memory usage 1206
[INF][SYS]: Memory test message with longer content to test memory usage 1207
[INF][SYS]: Memory test message with longer content to test memory usage 1208
[INF][SYS]: Memory test message with longer content to test memory usage 1209
[INF][SYS]: Memory test message with longer content to test memory usage 1210
[INF][SYS]: Memory test message with longer content to test memory usage 1211
[INF][SYS]: Memory test message with longer content to test memory usage 1212
[INF][SYS]: Memory test message with longer content to test memory usage 1213
[INF][SYS]: Memory test message with longer content to test memory usage 1214
[INF][SYS]: Memory test message with longer content to test memory usage 1215
[INF][SYS]: Memory test message with longer content to test memory usage 1216
[INF][SYS]: Memory test message with longer content to test memory usage 1217
[INF][SYS]: Memory test message with longer content to test memory usage 1218
[INF][SYS]: Memory test message with longer content to test memory usage 1219
[INF][SYS]: Memory test message with longer content to test memory usage 1220
[INF][SYS]: Memory test message with longer content to test memory usage 1221
[INF][SYS]: Memory test message with longer content to test memory usage 1222
[INF][SYS]: Memory test message with longer content to test memory usage 1223
[INF][SYS]: Memory test message with longer content to test memory usage 1224
[INF][SYS]: Memory test message with longer content to test memory usage 1225
[INF][SYS]: Memory test message with longer content to test memory usage 1226
[INF][SYS]: Memory test message with longer content to test memory usage 1227
[INF][SYS]: Memory test message with longer content to test memory usage 1228
[INF][SYS]: Memory test message with longer content to test memory usage 1229
[INF][SYS]: Memory test message with longer content to test memory usage 1230
[INF][SYS]: Memory test message with longer content to test memory usage 1231
[INF][SYS]: Memory test message with longer content to test memory usage 1232
[INF][SYS]: Memory test message with longer content to test memory usage 1233
[INF][SYS]: Memory test message with longer content to test memory usage 1234
[INF][SYS]: Memory test message with longer content to test memory usage 1235
[INF][SYS]: Memory test message with longer content to test memory usage 1236
[INF][SYS]: Memory test message with longer content to test memory usage 1237
[INF][SYS]: Memory test message with longer content to test memory usage 1238
[INF][SYS]: Memory test message with longer content to test memory usage 1239
[INF][SYS]: Memory test message with longer content to test memory usage 1240
[INF][SYS]: Memory test message with longer content to test memory usage 1241
[INF][SYS]: Memory test message with longer content to test memory usage 1242
[INF][SYS]: Memory test message with longer content to test memory usage 1243
[INF][SYS]: Memory test message with longer content to test memory usage 1244
[INF][SYS]: Memory test message with longer content to test memory usage 1245
[INF][SYS]: Memory test message with longer content to test memory usage 1246
[INF][SYS]: Memory test message with longer content to test memory usage 1247
[INF][SYS]: Memory test message with longer content to test memory usage 1248
[INF][SYS]: Memory test message with longer content to test memory usage 1249
[INF][SYS]: Memory test message with longer content to test memory usage 1250
[INF][SYS]: Memory test message with longer content to test memory usage 1251
[INF][SYS]: Memory test message with longer content to test memory usage 1252
[INF][SYS]: Memory test message with longer content to test memory usage 1253
[INF][SYS]: Memory test message with longer content to test memory usage 1254
[INF][SYS]: Memory test message with longer content to test memory usage 1255
[INF][SYS]: Memory test message with longer content to test memory usage 1256
[INF][SYS]: Memory test message with longer content to test memory usage 1257
[INF][SYS]: Memory test message with longer content to test memory usage 1258
[INF][SYS]: Memory test message with longer content to test memory usage 1259
[INF][SYS]: Memory test message with longer content to test memory usage 1260
[INF][SYS]: Memory test message with longer content to test memory usage 1261
[INF][SYS]: Memory test message with longer content to test memory usage 1262
[INF][SYS]: Memory test message with longer content to test memory usage 1263
[INF][SYS]: Memory test message with longer content to test memory usage 1264
[INF][SYS]: Memory test message with longer content to test memory usage 1265
[INF][SYS]: Memory test message with longer content to test memory usage 1266
[INF][SYS]: Memory test message with longer content to test memory usage 1267
[INF][SYS]: Memory test message with longer content to test memory usage 1268
[INF][SYS]: Memory test message with longer content to test memory usage 1269
[INF][SYS]: Memory test message with longer content to test memory usage 1270
[INF][SYS]: Memory test message with longer content to test memory usage 1271
[INF][SYS]: Memory test message with longer content to test memory usage 1272
[INF][SYS]: Memory test message with longer content to test memory usage 1273
[INF][SYS]: Memory test message with longer content to test memory usage 1274
[INF][SYS]: Memory test message with longer content to test memory usage 1275
[INF][SYS]: Memory test message with longer content to test memory usage 1276
[INF][SYS]: Memory test message with longer content to test memory usage 1277
[INF][SYS]: Memory test message with longer content to test memory usage 1278
[INF][SYS]: Memory test message with longer content to test memory usage 1279
[INF][SYS]: Memory test message with longer content to test memory usage 1280
[INF][SYS]: Memory test message with longer content to test memory usage 1281
[INF][SYS]: Memory test message with longer content to test memory usage 1282
[INF][SYS]: Memory test message with longer content to test memory usage 1283
[INF][SYS]: Memory test message with longer content to test memory usage 1284
[INF][SYS]: Memory test message with longer content to test memory usage 1285
[INF][SYS]: Memory test message with longer content to test memory usage 1286
[INF][SYS]: Memory test message with longer content to test memory usage 1287
[INF][SYS]: Memory test message with longer content to test memory usage 1288
[INF][SYS]: Memory test message with longer content to test memory usage 1289
[INF][SYS]: Memory test message with longer content to test memory usage 1290
[INF][SYS]: Memory test message with longer content to test memory usage 1291
[INF][SYS]: Memory test message with longer content to test memory usage 1292
[INF][SYS]: Memory test message with longer content to test memory usage 1293
[INF][SYS]: Memory test message with longer content to test memory usage 1294
[INF][SYS]: Memory test message with longer content to test memory usage 1295
[INF][SYS]: Memory test message with longer content to test memory usage 1296
[INF][SYS]: Memory test message with longer content to test memory usage 1297
[INF][SYS]: Memory test message with longer content to test memory usage 1298
[INF][SYS]: Memory test message with longer content to test memory usage 1299
[INF][SYS]: Memory test message with longer content to test memory usage 1300
[INF][SYS]: Memory test message with longer content to test memory usage 1301
[INF][SYS]: Memory test message with longer content to test memory usage 1302
[INF][SYS]: Memory test message with longer content to test memory usage 1303
[INF][SYS]: Memory test message with longer content to test memory usage 1304
[INF][SYS]: Memory test message with longer content to test memory usage 1305
[INF][SYS]: Memory test message with longer content to test memory usage 1306
[INF][SYS]: Memory test message with longer content to test memory usage 1307
[INF][SYS]: Memory test message with longer content to test memory usage 1308
[INF][SYS]: Memory test message with longer content to test memory usage 1309
[INF][SYS]: Memory test message with longer content to test memory usage 1310
[INF][SYS]: Memory test message with longer content to test memory usage 1311
[INF][SYS]: Memory test message with longer content to test memory usage 1312
[INF][SYS]: Memory test message with longer content to test memory usage 1313
[INF][SYS]: Memory test message with longer content to test memory usage 1314
[INF][SYS]: Memory test message with longer content to test memory usage 1315
[INF][SYS]: Memory test message with longer content to test memory usage 1316
[INF][SYS]: Memory test message with longer content to test memory usage 1317
[INF][SYS]: Memory test message with longer content to test memory usage 1318
[INF][SYS]: Memory test message with longer content to test memory usage 1319
[INF][SYS]: Memory test message with longer content to test memory usage 1320
[INF][SYS]: Memory test message with longer content to test memory usage 1321
[INF][SYS]: Memory test message with longer content to test memory usage 1322
[INF][SYS]: Memory test message with longer content to test memory usage 1323
[INF][SYS]: Memory test message with longer content to test memory usage 1324
[INF][SYS]: Memory test message with longer content to test memory usage 1325
[INF][SYS]: Memory test message with longer content to test memory usage 1326
[INF][SYS]: Memory test message with longer content to test memory usage 1327
[INF][SYS]: Memory test message with longer content to test memory usage 1328
[INF][SYS]: Memory test message with longer content to test memory usage 1329
[INF][SYS]: Memory test message with longer content to test memory usage 1330
[INF][SYS]: Memory test message with longer content to test memory usage 1331
[INF][SYS]: Memory test message with longer content to test memory usage 1332
[INF][SYS]: Memory test message with longer content to test memory usage 1333
[INF][SYS]: Memory test message with longer content to test memory usage 1334
[INF][SYS]: Memory test message with longer content to test memory usage 1335
[INF][SYS]: Memory test message with longer content to test memory usage 1336
[INF][SYS]: Memory test message with longer content to test memory usage 1337
[INF][SYS]: Memory test message with longer content to test memory usage 1338
[INF][SYS]: Memory test message with longer content to test memory usage 1339
[INF][SYS]: Memory test message with longer content to test memory usage 1340
[INF][SYS]: Memory test message with longer content to test memory usage 1341
[INF][SYS]: Memory test message with longer content to test memory usage 1342
[INF][SYS]: Memory test message with longer content to test memory usage 1343
[INF][SYS]: Memory test message with longer content to test memory usage 1344
[INF][SYS]: Memory test message with longer content to test memory usage 1345
[INF][SYS]: Memory test message with longer content to test memory usage 1346
[INF][SYS]: Memory test message with longer content to test memory usage 1347
[INF][SYS]: Memory test message with longer content to test memory usage 1348
[INF][SYS]: Memory test message with longer content to test memory usage 1349
[INF][SYS]: Memory test message with longer content to test memory usage 1350
[INF][SYS]: Memory test message with longer content to test memory usage 1351
[INF][SYS]: Memory test message with longer content to test memory usage 1352
[INF][SYS]: Memory test message with longer content to test memory usage 1353
[INF][SYS]: Memory test message with longer content to test memory usage 1354
[INF][SYS]: Memory test message with longer content to test memory usage 1355
[INF][SYS]: Memory test message with longer content to test memory usage 1356
[INF][SYS]: Memory test message with longer content to test memory usage 1357
[INF][SYS]: Memory test message with longer content to test memory usage 1358
[INF][SYS]: Memory test message with longer content to test memory usage 1359
[INF][SYS]: Memory test message with longer content to test memory usage 1360
[INF][SYS]: Memory test message with longer content to test memory usage 1361
[INF][SYS]: Memory test message with longer content to test memory usage 1362
[INF][SYS]: Memory test message with longer content to test memory usage 1363
[INF][SYS]: Memory test message with longer content to test memory usage 1364
[INF][SYS]: Memory test message with longer content to test memory usage 1365
[INF][SYS]: Memory test message with longer content to test memory usage 1366
[INF][SYS]: Memory test message with longer content to test memory usage 1367
[INF][SYS]: Memory test message with longer content to test memory usage 1368
[INF][SYS]: Memory test message with longer content to test memory usage 1369
[INF][SYS]: Memory test message with longer content to test memory usage 1370
[INF][SYS]: Memory test message with longer content to test memory usage 1371
[INF][SYS]: Memory test message with longer content to test memory usage 1372
[INF][SYS]: Memory test message with longer content to test memory usage 1373
[INF][SYS]: Memory test message with longer content to test memory usage 1374
[INF][SYS]: Memory test message with longer content to test memory usage 1375
[INF][SYS]: Memory test message with longer content to test memory usage 1376
[INF][SYS]: Memory test message with longer content to test memory usage 1377
[INF][SYS]: Memory test message with longer content to test memory usage 1378
[INF][SYS]: Memory test message with longer content to test memory usage 1379
[INF][SYS]: Memory test message with longer content to test memory usage 1380
[INF][SYS]: Memory test message with longer content to test memory usage 1381
[INF][SYS]: Memory test message with longer content to test memory usage 1382
[INF][SYS]: Memory test message with longer content to test memory usage 1383
[INF][SYS]: Memory test message with longer content to test memory usage 1384
[INF][SYS]: Memory test message with longer content to test memory usage 1385
[INF][SYS]: Memory test message with longer content to test memory usage 1386
[INF][SYS]: Memory test message with longer content to test memory usage 1387
[INF][SYS]: Memory test message with longer content to test memory usage 1388
[INF][SYS]: Memory test message with longer content to test memory usage 1389
[INF][SYS]: Memory test message with longer content to test memory usage 1390
[INF][SYS]: Memory test message with longer content to test memory usage 1391
[INF][SYS]: Memory test message with longer content to test memory usage 1392
[INF][SYS]: Memory test message with longer content to test memory usage 1393
[INF][SYS]: Memory test message with longer content to test memory usage 1394
[INF][SYS]: Memory test message with longer content to test memory usage 1395
[INF][SYS]: Memory test message with longer content to test memory usage 1396
[INF][SYS]: Memory test message with longer content to test memory usage 1397
[INF][SYS]: Memory test message with longer content to test memory usage 1398
[INF][SYS]: Memory test message with longer content to test memory usage 1399
[INF][SYS]: Memory test message with longer content to test memory usage 1400
[INF][SYS]: Memory test message with longer content to test memory usage 1401
[INF][SYS]: Memory test message with longer content to test memory usage 1402
[INF][SYS]: Memory test message with longer content to test memory usage 1403
[INF][SYS]: Memory test message with longer content to test memory usage 1404
[INF][SYS]: Memory test message with longer content to test memory usage 1405
[INF][SYS]: Memory test message with longer content to test memory usage 1406
[INF][SYS]: Memory test message with longer content to test memory usage 1407
[INF][SYS]: Memory test message with longer content to test memory usage 1408
[INF][SYS]: Memory test message with longer content to test memory usage 1409
[INF][SYS]: Memory test message with longer content to test memory usage 1410
[INF][SYS]: Memory test message with longer content to test memory usage 1411
[INF][SYS]: Memory test message with longer content to test memory usage 1412
[INF][SYS]: Memory test message with longer content to test memory usage 1413
[INF][SYS]: Memory test message with longer content to test memory usage 1414
[INF][SYS]: Memory test message with longer content to test memory usage 1415
[INF][SYS]: Memory test message with longer content to test memory usage 1416
[INF][SYS]: Memory test message with longer content to test memory usage 1417
[INF][SYS]: Memory test message with longer content to test memory usage 1418
[INF][SYS]: Memory test message with longer content to test memory usage 1419
[INF][SYS]: Memory test message with longer content to test memory usage 1420
[INF][SYS]: Memory test message with longer content to test memory usage 1421
[INF][SYS]: Memory test message with longer content to test memory usage 1422
[INF][SYS]: Memory test message with longer content to test memory usage 1423
[INF][SYS]: Memory test message with longer content to test memory usage 1424
[INF][SYS]: Memory test message with longer content to test memory usage 1425
[INF][SYS]: Memory test message with longer content to test memory usage 1426
[INF][SYS]: Memory test message with longer content to test memory usage 1427
[INF][SYS]: Memory test message with longer content to test memory usage 1428
[INF][SYS]: Memory test message with longer content to test memory usage 1429
[INF][SYS]: Memory test message with longer content to test memory usage 1430
[INF][SYS]: Memory test message with longer content to test memory usage 1431
[INF][SYS]: Memory test message with longer content to test memory usage 1432
[INF][SYS]: Memory test message with longer content to test memory usage 1433
[INF][SYS]: Memory test message with longer content to test memory usage 1434
[INF][SYS]: Memory test message with longer content to test memory usage 1435
[INF][SYS]: Memory test message with longer content to test memory usage 1436
[INF][SYS]: Memory test message with longer content to test memory usage 1437
[INF][SYS]: Memory test message with longer content to test memory usage 1438
[INF][SYS]: Memory test message with longer content to test memory usage 1439
[INF][SYS]: Memory test message with longer content to test memory usage 1440
[INF][SYS]: Memory test message with longer content to test memory usage 1441
[INF][SYS]: Memory test message with longer content to test memory usage 1442
[INF][SYS]: Memory test message with longer content to test memory usage 1443
[INF][SYS]: Memory test message with longer content to test memory usage 1444
[INF][SYS]: Memory test message with longer content to test memory usage 1445
[INF][SYS]: Memory test message with longer content to test memory usage 1446
[INF][SYS]: Memory test message with longer content to test memory usage 1447
[INF][SYS]: Memory test message with longer content to test memory usage 1448
[INF][SYS]: Memory test message with longer content to test memory usage 1449
[INF][SYS]: Memory test message with longer content to test memory usage 1450
[INF][SYS]: Memory test message with longer content to test memory usage 1451
[INF][SYS]: Memory test message with longer content to test memory usage 1452
[INF][SYS]: Memory test message with longer content to test memory usage 1453
[INF][SYS]: Memory test message with longer content to test memory usage 1454
[INF][SYS]: Memory test message with longer content to test memory usage 1455
[INF][SYS]: Memory test message with longer content to test memory usage 1456
[INF][SYS]: Memory test message with longer content to test memory usage 1457
[INF][SYS]: Memory test message with longer content to test memory usage 1458
[INF][SYS]: Memory test message with longer content to test memory usage 1459
[INF][SYS]: Memory test message with longer content to test memory usage 1460
[INF][SYS]: Memory test message with longer content to test memory usage 1461
[INF][SYS]: Memory test message with longer content to test memory usage 1462
[INF][SYS]: Memory test message with longer content to test memory usage 1463
[INF][SYS]: Memory test message with longer content to test memory usage 1464
[INF][SYS]: Memory test message with longer content to test memory usage 1465
[INF][SYS]: Memory test message with longer content to test memory usage 1466
[INF][SYS]: Memory test message with longer content to test memory usage 1467
[INF][SYS]: Memory test message with longer content to test memory usage 1468
[INF][SYS]: Memory test message with longer content to test memory usage 1469
[INF][SYS]: Memory test message with longer content to test memory usage 1470
[INF][SYS]: Memory test message with longer content to test memory usage 1471
[INF][SYS]: Memory test message with longer content to test memory usage 1472
[INF][SYS]: Memory test message with longer content to test memory usage 1473
[INF][SYS]: Memory test message with longer content to test memory usage 1474
[INF][SYS]: Memory test message with longer content to test memory usage 1475
[INF][SYS]: Memory test message with longer content to test memory usage 1476
[INF][SYS]: Memory test message with longer content to test memory usage 1477
[INF][SYS]: Memory test message with longer content to test memory usage 1478
[INF][SYS]: Memory test message with longer content to test memory usage 1479
[INF][SYS]: Memory test message with longer content to test memory usage 1480
[INF][SYS]: Memory test message with longer content to test memory usage 1481
[INF][SYS]: Memory test message with longer content to test memory usage 1482
[INF][SYS]: Memory test message with longer content to test memory usage 1483
[INF][SYS]: Memory test message with longer content to test memory usage 1484
[INF][SYS]: Memory test message with longer content to test memory usage 1485
[INF][SYS]: Memory test message with longer content to test memory usage 1486
[INF][SYS]: Memory test message with longer content to test memory usage 1487
[INF][SYS]: Memory test message with longer content to test memory usage 1488
[INF][SYS]: Memory test message with longer content to test memory usage 1489
[INF][SYS]: Memory test message with longer content to test memory usage 1490
[INF][SYS]: Memory test message with longer content to test memory usage 1491
[INF][SYS]: Memory test message with longer content to test memory usage 1492
[INF][SYS]: Memory test message with longer content to test memory usage 1493
[INF][SYS]: Memory test message with longer content to test memory usage 1494
[INF][SYS]: Memory test message with longer content to test memory usage 1495
[INF][SYS]: Memory test message with longer content to test memory usage 1496
[INF][SYS]: Memory test message with longer content to test memory usage 1497
[INF][SYS]: Memory test message with longer content to test memory usage 1498
[INF][SYS]: Memory test message with longer content to test memory usage 1499
[INF][SYS]: Memory test message with longer content to test memory usage 1500
[INF][SYS]: Memory test message with longer content to test memory usage 1501
[INF][SYS]: Memory test message with longer content to test memory usage 1502
[INF][SYS]: Memory test message with longer content to test memory usage 1503
[INF][SYS]: Memory test message with longer content to test memory usage 1504
[INF][SYS]: Memory test message with longer content to test memory usage 1505
[INF][SYS]: Memory test message with longer content to test memory usage 1506
[INF][SYS]: Memory test message with longer content to test memory usage 1507
[INF][SYS]: Memory test message with longer content to test memory usage 1508
[INF][SYS]: Memory test message with longer content to test memory usage 1509
[INF][SYS]: Memory test message with longer content to test memory usage 1510
[INF][SYS]: Memory test message with longer content to test memory usage 1511
[INF][SYS]: Memory test message with longer content to test memory usage 1512
[INF][SYS]: Memory test message with longer content to test memory usage 1513
[INF][SYS]: Memory test message with longer content to test memory usage 1514
[INF][SYS]: Memory test message with longer content to test memory usage 1515
[INF][SYS]: Memory test message with longer content to test memory usage 1516
[INF][SYS]: Memory test message with longer content to test memory usage 1517
[INF][SYS]: Memory test message with longer content to test memory usage 1518
[INF][SYS]: Memory test message with longer content to test memory usage 1519
[INF][SYS]: Memory test message with longer content to test memory usage 1520
[INF][SYS]: Memory test message with longer content to test memory usage 1521
[INF][SYS]: Memory test message with longer content to test memory usage 1522
[INF][SYS]: Memory test message with longer content to test memory usage 1523
[INF][SYS]: Memory test message with longer content to test memory usage 1524
[INF][SYS]: Memory test message with longer content to test memory usage 1525
[INF][SYS]: Memory test message with longer content to test memory usage 1526
[INF][SYS]: Memory test message with longer content to test memory usage 1527
[INF][SYS]: Memory test message with longer content to test memory usage 1528
[INF][SYS]: Memory test message with longer content to test memory usage 1529
[INF][SYS]: Memory test message with longer content to test memory usage 1530
[INF][SYS]: Memory test message with longer content to test memory usage 1531
[INF][SYS]: Memory test message with longer content to test memory usage 1532
[INF][SYS]: Memory test message with longer content to test memory usage 1533
[INF][SYS]: Memory test message with longer content to test memory usage 1534
[INF][SYS]: Memory test message with longer content to test memory usage 1535
[INF][SYS]: Memory test message with longer content to test memory usage 1536
[INF][SYS]: Memory test message with longer content to test memory usage 1537
[INF][SYS]: Memory test message with longer content to test memory usage 1538
[INF][SYS]: Memory test message with longer content to test memory usage 1539
[INF][SYS]: Memory test message with longer content to test memory usage 1540
[INF][SYS]: Memory test message with longer content to test memory usage 1541
[INF][SYS]: Memory test message with longer content to test memory usage 1542
[INF][SYS]: Memory test message with longer content to test memory usage 1543
[INF][SYS]: Memory test message with longer content to test memory usage 1544
[INF][SYS]: Memory test message with longer content to test memory usage 1545
[INF][SYS]: Memory test message with longer content to test memory usage 1546
[INF][SYS]: Memory test message with longer content to test memory usage 1547
[INF][SYS]: Memory test message with longer content to test memory usage 1548
[INF][SYS]: Memory test message with longer content to test memory usage 1549
[INF][SYS]: Memory test message with longer content to test memory usage 1550
[INF][SYS]: Memory test message with longer content to test memory usage 1551
[INF][SYS]: Memory test message with longer content to test memory usage 1552
[INF][SYS]: Memory test message with longer content to test memory usage 1553
[INF][SYS]: Memory test message with longer content to test memory usage 1554
[INF][SYS]: Memory test message with longer content to test memory usage 1555
[INF][SYS]: Memory test message with longer content to test memory usage 1556
[INF][SYS]: Memory test message with longer content to test memory usage 1557
[INF][SYS]: Memory test message with longer content to test memory usage 1558
[INF][SYS]: Memory test message with longer content to test memory usage 1559
[INF][SYS]: Memory test message with longer content to test memory usage 1560
[INF][SYS]: Memory test message with longer content to test memory usage 1561
[INF][SYS]: Memory test message with longer content to test memory usage 1562
[INF][SYS]: Memory test message with longer content to test memory usage 1563
[INF][SYS]: Memory test message with longer content to test memory usage 1564
[INF][SYS]: Memory test message with longer content to test memory usage 1565
[INF][SYS]: Memory test message with longer content to test memory usage 1566
[INF][SYS]: Memory test message with longer content to test memory usage 1567
[INF][SYS]: Memory test message with longer content to test memory usage 1568
[INF][SYS]: Memory test message with longer content to test memory usage 1569
[INF][SYS]: Memory test message with longer content to test memory usage 1570
[INF][SYS]: Memory test message with longer content to test memory usage 1571
[INF][SYS]: Memory test message with longer content to test memory usage 1572
[INF][SYS]: Memory test message with longer content to test memory usage 1573
[INF][SYS]: Memory test message with longer content to test memory usage 1574
[INF][SYS]: Memory test message with longer content to test memory usage 1575
[INF][SYS]: Memory test message with longer content to test memory usage 1576
[INF][SYS]: Memory test message with longer content to test memory usage 1577
[INF][SYS]: Memory test message with longer content to test memory usage 1578
[INF][SYS]: Memory test message with longer content to test memory usage 1579
[INF][SYS]: Memory test message with longer content to test memory usage 1580
[INF][SYS]: Memory test message with longer content to test memory usage 1581
[INF][SYS]: Memory test message with longer content to test memory usage 1582
[INF][SYS]: Memory test message with longer content to test memory usage 1583
[INF][SYS]: Memory test message with longer content to test memory usage 1584
[INF][SYS]: Memory test message with longer content to test memory usage 1585
[INF][SYS]: Memory test message with longer content to test memory usage 1586
[INF][SYS]: Memory test message with longer content to test memory usage 1587
[INF][SYS]: Memory test message with longer content to test memory usage 1588
[INF][SYS]: Memory test message with longer content to test memory usage 1589
[INF][SYS]: Memory test message with longer content to test memory usage 1590
[INF][SYS]: Memory test message with longer content to test memory usage 1591
[INF][SYS]: Memory test message with longer content to test memory usage 1592
[INF][SYS]: Memory test message with longer content to test memory usage 1593
[INF][SYS]: Memory test message with longer content to test memory usage 1594
[INF][SYS]: Memory test message with longer content to test memory usage 1595
[INF][SYS]: Memory test message with longer content to test memory usage 1596
[INF][SYS]: Memory test message with longer content to test memory usage 1597
[INF][SYS]: Memory test message with longer content to test memory usage 1598
[INF][SYS]: Memory test message with longer content to test memory usage 1599
[INF][SYS]: Memory test message with longer content to test memory usage 1600
[INF][SYS]: Memory test message with longer content to test memory usage 1601
[INF][SYS]: Memory test message with longer content to test memory usage 1602
[INF][SYS]: Memory test message with longer content to test memory usage 1603
[INF][SYS]: Memory test message with longer content to test memory usage 1604
[INF][SYS]: Memory test message with longer content to test memory usage 1605
[INF][SYS]: Memory test message with longer content to test memory usage 1606
[INF][SYS]: Memory test message with longer content to test memory usage 1607
[INF][SYS]: Memory test message with longer content to test memory usage 1608
[INF][SYS]: Memory test message with longer content to test memory usage 1609
[INF][SYS]: Memory test message with longer content to test memory usage 1610
[INF][SYS]: Memory test message with longer content to test memory usage 1611
[INF][SYS]: Memory test message with longer content to test memory usage 1612
[INF][SYS]: Memory test message with longer content to test memory usage 1613
[INF][SYS]: Memory test message with longer content to test memory usage 1614
[INF][SYS]: Memory test message with longer content to test memory usage 1615
[INF][SYS]: Memory test message with longer content to test memory usage 1616
[INF][SYS]: Memory test message with longer content to test memory usage 1617
[INF][SYS]: Memory test message with longer content to test memory usage 1618
[INF][SYS]: Memory test message with longer content to test memory usage 1619
[INF][SYS]: Memory test message with longer content to test memory usage 1620
[INF][SYS]: Memory test message with longer content to test memory usage 1621
[INF][SYS]: Memory test message with longer content to test memory usage 1622
[INF][SYS]: Memory test message with longer content to test memory usage 1623
[INF][SYS]: Memory test message with longer content to test memory usage 1624
[INF][SYS]: Memory test message with longer content to test memory usage 1625
[INF][SYS]: Memory test message with longer content to test memory usage 1626
[INF][SYS]: Memory test message with longer content to test memory usage 1627
[INF][SYS]: Memory test message with longer content to test memory usage 1628
[INF][SYS]: Memory test message with longer content to test memory usage 1629
[INF][SYS]: Memory test message with longer content to test memory usage 1630
[INF][SYS]: Memory test message with longer content to test memory usage 1631
[INF][SYS]: Memory test message with longer content to test memory usage 1632
[INF][SYS]: Memory test message with longer content to test memory usage 1633
[INF][SYS]: Memory test message with longer content to test memory usage 1634
[INF][SYS]: Memory test message with longer content to test memory usage 1635
[INF][SYS]: Memory test message with longer content to test memory usage 1636
[INF][SYS]: Memory test message with longer content to test memory usage 1637
[INF][SYS]: Memory test message with longer content to test memory usage 1638
[INF][SYS]: Memory test message with longer content to test memory usage 1639
[INF][SYS]: Memory test message with longer content to test memory usage 1640
[INF][SYS]: Memory test message with longer content to test memory usage 1641
[INF][SYS]: Memory test message with longer content to test memory usage 1642
[INF][SYS]: Memory test message with longer content to test memory usage 1643
[INF][SYS]: Memory test message with longer content to test memory usage 1644
[INF][SYS]: Memory test message with longer content to test memory usage 1645
[INF][SYS]: Memory test message with longer content to test memory usage 1646
[INF][SYS]: Memory test message with longer content to test memory usage 1647
[INF][SYS]: Memory test message with longer content to test memory usage 1648
[INF][SYS]: Memory test message with longer content to test memory usage 1649
[INF][SYS]: Memory test message with longer content to test memory usage 1650
[INF][SYS]: Memory test message with longer content to test memory usage 1651
[INF][SYS]: Memory test message with longer content to test memory usage 1652
[INF][SYS]: Memory test message with longer content to test memory usage 1653
[INF][SYS]: Memory test message with longer content to test memory usage 1654
[INF][SYS]: Memory test message with longer content to test memory usage 1655
[INF][SYS]: Memory test message with longer content to test memory usage 1656
[INF][SYS]: Memory test message with longer content to test memory usage 1657
[INF][SYS]: Memory test message with longer content to test memory usage 1658
[INF][SYS]: Memory test message with longer content to test memory usage 1659
[INF][SYS]: Memory test message with longer content to test memory usage 1660
[INF][SYS]: Memory test message with longer content to test memory usage 1661
[INF][SYS]: Memory test message with longer content to test memory usage 1662
[INF][SYS]: Memory test message with longer content to test memory usage 1663
[INF][SYS]: Memory test message with longer content to test memory usage 1664
[INF][SYS]: Memory test message with longer content to test memory usage 1665
[INF][SYS]: Memory test message with longer content to test memory usage 1666
[INF][SYS]: Memory test message with longer content to test memory usage 1667
[INF][SYS]: Memory test message with longer content to test memory usage 1668
[INF][SYS]: Memory test message with longer content to test memory usage 1669
[INF][SYS]: Memory test message with longer content to test memory usage 1670
[INF][SYS]: Memory test message with longer content to test memory usage 1671
[INF][SYS]: Memory test message with longer content to test memory usage 1672
[INF][SYS]: Memory test message with longer content to test memory usage 1673
[INF][SYS]: Memory test message with longer content to test memory usage 1674
[INF][SYS]: Memory test message with longer content to test memory usage 1675
[INF][SYS]: Memory test message with longer content to test memory usage 1676
[INF][SYS]: Memory test message with longer content to test memory usage 1677
[INF][SYS]: Memory test message with longer content to test memory usage 1678
[INF][SYS]: Memory test message with longer content to test memory usage 1679
[INF][SYS]: Memory test message with longer content to test memory usage 1680
[INF][SYS]: Memory test message with longer content to test memory usage 1681
[INF][SYS]: Memory test message with longer content to test memory usage 1682
[INF][SYS]: Memory test message with longer content to test memory usage 1683
[INF][SYS]: Memory test message with longer content to test memory usage 1684
[INF][SYS]: Memory test message with longer content to test memory usage 1685
[INF][SYS]: Memory test message with longer content to test memory usage 1686
[INF][SYS]: Memory test message with longer content to test memory usage 1687
[INF][SYS]: Memory test message with longer content to test memory usage 1688
[INF][SYS]: Memory test message with longer content to test memory usage 1689
[INF][SYS]: Memory test message with longer content to test memory usage 1690
[INF][SYS]: Memory test message with longer content to test memory usage 1691
[INF][SYS]: Memory test message with longer content to test memory usage 1692
[INF][SYS]: Memory test message with longer content to test memory usage 1693
[INF][SYS]: Memory test message with longer content to test memory usage 1694
[INF][SYS]: Memory test message with longer content to test memory usage 1695
[INF][SYS]: Memory test message with longer content to test memory usage 1696
[INF][SYS]: Memory test message with longer content to test memory usage 1697
[INF][SYS]: Memory test message with longer content to test memory usage 1698
[INF][SYS]: Memory test message with longer content to test memory usage 1699
[INF][SYS]: Memory test message with longer content to test memory usage 1700
[INF][SYS]: Memory test message with longer content to test memory usage 1701
[INF][SYS]: Memory test message with longer content to test memory usage 1702
[INF][SYS]: Memory test message with longer content to test memory usage 1703
[INF][SYS]: Memory test message with longer content to test memory usage 1704
[INF][SYS]: Memory test message with longer content to test memory usage 1705
[INF][SYS]: Memory test message with longer content to test memory usage 1706
[INF][SYS]: Memory test message with longer content to test memory usage 1707
[INF][SYS]: Memory test message with longer content to test memory usage 1708
[INF][SYS]: Memory test message with longer content to test memory usage 1709
[INF][SYS]: Memory test message with longer content to test memory usage 1710
[INF][SYS]: Memory test message with longer content to test memory usage 1711
[INF][SYS]: Memory test message with longer content to test memory usage 1712
[INF][SYS]: Memory test message with longer content to test memory usage 1713
[INF][SYS]: Memory test message with longer content to test memory usage 1714
[INF][SYS]: Memory test message with longer content to test memory usage 1715
[INF][SYS]: Memory test message with longer content to test memory usage 1716
[INF][SYS]: Memory test message with longer content to test memory usage 1717
[INF][SYS]: Memory test message with longer content to test memory usage 1718
[INF][SYS]: Memory test message with longer content to test memory usage 1719
[INF][SYS]: Memory test message with longer content to test memory usage 1720
[INF][SYS]: Memory test message with longer content to test memory usage 1721
[INF][SYS]: Memory test message with longer content to test memory usage 1722
[INF][SYS]: Memory test message with longer content to test memory usage 1723
[INF][SYS]: Memory test message with longer content to test memory usage 1724
[INF][SYS]: Memory test message with longer content to test memory usage 1725
[INF][SYS]: Memory test message with longer content to test memory usage 1726
[INF][SYS]: Memory test message with longer content to test memory usage 1727
[INF][SYS]: Memory test message with longer content to test memory usage 1728
[INF][SYS]: Memory test message with longer content to test memory usage 1729
[INF][SYS]: Memory test message with longer content to test memory usage 1730
[INF][SYS]: Memory test message with longer content to test memory usage 1731
[INF][SYS]: Memory test message with longer content to test memory usage 1732
[INF][SYS]: Memory test message with longer content to test memory usage 1733
[INF][SYS]: Memory test message with longer content to test memory usage 1734
[INF][SYS]: Memory test message with longer content to test memory usage 1735
[INF][SYS]: Memory test message with longer content to test memory usage 1736
[INF][SYS]: Memory test message with longer content to test memory usage 1737
[INF][SYS]: Memory test message with longer content to test memory usage 1738
[INF][SYS]: Memory test message with longer content to test memory usage 1739
[INF][SYS]: Memory test message with longer content to test memory usage 1740
[INF][SYS]: Memory test message with longer content to test memory usage 1741
[INF][SYS]: Memory test message with longer content to test memory usage 1742
[INF][SYS]: Memory test message with longer content to test memory usage 1743
[INF][SYS]: Memory test message with longer content to test memory usage 1744
[INF][SYS]: Memory test message with longer content to test memory usage 1745
[INF][SYS]: Memory test message with longer content to test memory usage 1746
[INF][SYS]: Memory test message with longer content to test memory usage 1747
[INF][SYS]: Memory test message with longer content to test memory usage 1748
[INF][SYS]: Memory test message with longer content to test memory usage 1749
[INF][SYS]: Memory test message with longer content to test memory usage 1750
[INF][SYS]: Memory test message with longer content to test memory usage 1751
[INF][SYS]: Memory test message with longer content to test memory usage 1752
[INF][SYS]: Memory test message with longer content to test memory usage 1753
[INF][SYS]: Memory test message with longer content to test memory usage 1754
[INF][SYS]: Memory test message with longer content to test memory usage 1755
[INF][SYS]: Memory test message with longer content to test memory usage 1756
[INF][SYS]: Memory test message with longer content to test memory usage 1757
[INF][SYS]: Memory test message with longer content to test memory usage 1758
[INF][SYS]: Memory test message with longer content to test memory usage 1759
[INF][SYS]: Memory test message with longer content to test memory usage 1760
[INF][SYS]: Memory test message with longer content to test memory usage 1761
[INF][SYS]: Memory test message with longer content to test memory usage 1762
[INF][SYS]: Memory test message with longer content to test memory usage 1763
[INF][SYS]: Memory test message with longer content to test memory usage 1764
[INF][SYS]: Memory test message with longer content to test memory usage 1765
[INF][SYS]: Memory test message with longer content to test memory usage 1766
[INF][SYS]: Memory test message with longer content to test memory usage 1767
[INF][SYS]: Memory test message with longer content to test memory usage 1768
[INF][SYS]: Memory test message with longer content to test memory usage 1769
[INF][SYS]: Memory test message with longer content to test memory usage 1770
[INF][SYS]: Memory test message with longer content to test memory usage 1771
[INF][SYS]: Memory test message with longer content to test memory usage 1772
[INF][SYS]: Memory test message with longer content to test memory usage 1773
[INF][SYS]: Memory test message with longer content to test memory usage 1774
[INF][SYS]: Memory test message with longer content to test memory usage 1775
[INF][SYS]: Memory test message with longer content to test memory usage 1776
[INF][SYS]: Memory test message with longer content to test memory usage 1777
[INF][SYS]: Memory test message with longer content to test memory usage 1778
[INF][SYS]: Memory test message with longer content to test memory usage 1779
[INF][SYS]: Memory test message with longer content to test memory usage 1780
[INF][SYS]: Memory test message with longer content to test memory usage 1781
[INF][SYS]: Memory test message with longer content to test memory usage 1782
[INF][SYS]: Memory test message with longer content to test memory usage 1783
[INF][SYS]: Memory test message with longer content to test memory usage 1784
[INF][SYS]: Memory test message with longer content to test memory usage 1785
[INF][SYS]: Memory test message with longer content to test memory usage 1786
[INF][SYS]: Memory test message with longer content to test memory usage 1787
[INF][SYS]: Memory test message with longer content to test memory usage 1788
[INF][SYS]: Memory test message with longer content to test memory usage 1789
[INF][SYS]: Memory test message with longer content to test memory usage 1790
[INF][SYS]: Memory test message with longer content to test memory usage 1791
[INF][SYS]: Memory test message with longer content to test memory usage 1792
[INF][SYS]: Memory test message with longer content to test memory usage 1793
[INF][SYS]: Memory test message with longer content to test memory usage 1794
[INF][SYS]: Memory test message with longer content to test memory usage 1795
[INF][SYS]: Memory test message with longer content to test memory usage 1796
[INF][SYS]: Memory test message with longer content to test memory usage 1797
[INF][SYS]: Memory test message with longer content to test memory usage 1798
[INF][SYS]: Memory test message with longer content to test memory usage 1799
[INF][SYS]: Memory test message with longer content to test memory usage 1800
[INF][SYS]: Memory test message with longer content to test memory usage 1801
[INF][SYS]: Memory test message with longer content to test memory usage 1802
[INF][SYS]: Memory test message with longer content to test memory usage 1803
[INF][SYS]: Memory test message with longer content to test memory usage 1804
[INF][SYS]: Memory test message with longer content to test memory usage 1805
[INF][SYS]: Memory test message with longer content to test memory usage 1806
[INF][SYS]: Memory test message with longer content to test memory usage 1807
[INF][SYS]: Memory test message with longer content to test memory usage 1808
[INF][SYS]: Memory test message with longer content to test memory usage 1809
[INF][SYS]: Memory test message with longer content to test memory usage 1810
[INF][SYS]: Memory test message with longer content to test memory usage 1811
[INF][SYS]: Memory test message with longer content to test memory usage 1812
[INF][SYS]: Memory test message with longer content to test memory usage 1813
[INF][SYS]: Memory test message with longer content to test memory usage 1814
[INF][SYS]: Memory test message with longer content to test memory usage 1815
[INF][SYS]: Memory test message with longer content to test memory usage 1816
[INF][SYS]: Memory test message with longer content to test memory usage 1817
[INF][SYS]: Memory test message with longer content to test memory usage 1818
[INF][SYS]: Memory test message with longer content to test memory usage 1819
[INF][SYS]: Memory test message with longer content to test memory usage 1820
[INF][SYS]: Memory test message with longer content to test memory usage 1821
[INF][SYS]: Memory test message with longer content to test memory usage 1822
[INF][SYS]: Memory test message with longer content to test memory usage 1823
[INF][SYS]: Memory test message with longer content to test memory usage 1824
[INF][SYS]: Memory test message with longer content to test memory usage 1825
[INF][SYS]: Memory test message with longer content to test memory usage 1826
[INF][SYS]: Memory test message with longer content to test memory usage 1827
[INF][SYS]: Memory test message with longer content to test memory usage 1828
[INF][SYS]: Memory test message with longer content to test memory usage 1829
[INF][SYS]: Memory test message with longer content to test memory usage 1830
[INF][SYS]: Memory test message with longer content to test memory usage 1831
[INF][SYS]: Memory test message with longer content to test memory usage 1832
[INF][SYS]: Memory test message with longer content to test memory usage 1833
[INF][SYS]: Memory test message with longer content to test memory usage 1834
[INF][SYS]: Memory test message with longer content to test memory usage 1835
[INF][SYS]: Memory test message with longer content to test memory usage 1836
[INF][SYS]: Memory test message with longer content to test memory usage 1837
[INF][SYS]: Memory test message with longer content to test memory usage 1838
[INF][SYS]: Memory test message with longer content to test memory usage 1839
[INF][SYS]: Memory test message with longer content to test memory usage 1840
[INF][SYS]: Memory test message with longer content to test memory usage 1841
[INF][SYS]: Memory test message with longer content to test memory usage 1842
[INF][SYS]: Memory test message with longer content to test memory usage 1843
[INF][SYS]: Memory test message with longer content to test memory usage 1844
[INF][SYS]: Memory test message with longer content to test memory usage 1845
[INF][SYS]: Memory test message with longer content to test memory usage 1846
[INF][SYS]: Memory test message with longer content to test memory usage 1847
[INF][SYS]: Memory test message with longer content to test memory usage 1848
[INF][SYS]: Memory test message with longer content to test memory usage 1849
[INF][SYS]: Memory test message with longer content to test memory usage 1850
[INF][SYS]: Memory test message with longer content to test memory usage 1851
[INF][SYS]: Memory test message with longer content to test memory usage 1852
[INF][SYS]: Memory test message with longer content to test memory usage 1853
[INF][SYS]: Memory test message with longer content to test memory usage 1854
[INF][SYS]: Memory test message with longer content to test memory usage 1855
[INF][SYS]: Memory test message with longer content to test memory usage 1856
[INF][SYS]: Memory test message with longer content to test memory usage 1857
[INF][SYS]: Memory test message with longer content to test memory usage 1858
[INF][SYS]: Memory test message with longer content to test memory usage 1859
[INF][SYS]: Memory test message with longer content to test memory usage 1860
[INF][SYS]: Memory test message with longer content to test memory usage 1861
[INF][SYS]: Memory test message with longer content to test memory usage 1862
[INF][SYS]: Memory test message with longer content to test memory usage 1863
[INF][SYS]: Memory test message with longer content to test memory usage 1864
[INF][SYS]: Memory test message with longer content to test memory usage 1865
[INF][SYS]: Memory test message with longer content to test memory usage 1866
[INF][SYS]: Memory test message with longer content to test memory usage 1867
[INF][SYS]: Memory test message with longer content to test memory usage 1868
[INF][SYS]: Memory test message with longer content to test memory usage 1869
[INF][SYS]: Memory test message with longer content to test memory usage 1870
[INF][SYS]: Memory test message with longer content to test memory usage 1871
[INF][SYS]: Memory test message with longer content to test memory usage 1872
[INF][SYS]: Memory test message with longer content to test memory usage 1873
[INF][SYS]: Memory test message with longer content to test memory usage 1874
[INF][SYS]: Memory test message with longer content to test memory usage 1875
[INF][SYS]: Memory test message with longer content to test memory usage 1876
[INF][SYS]: Memory test message with longer content to test memory usage 1877
[INF][SYS]: Memory test message with longer content to test memory usage 1878
[INF][SYS]: Memory test message with longer content to test memory usage 1879
[INF][SYS]: Memory test message with longer content to test memory usage 1880
[INF][SYS]: Memory test message with longer content to test memory usage 1881
[INF][SYS]: Memory test message with longer content to test memory usage 1882
[INF][SYS]: Memory test message with longer content to test memory usage 1883
[INF][SYS]: Memory test message with longer content to test memory usage 1884
[INF][SYS]: Memory test message with longer content to test memory usage 1885
[INF][SYS]: Memory test message with longer content to test memory usage 1886
[INF][SYS]: Memory test message with longer content to test memory usage 1887
[INF][SYS]: Memory test message with longer content to test memory usage 1888
[INF][SYS]: Memory test message with longer content to test memory usage 1889
[INF][SYS]: Memory test message with longer content to test memory usage 1890
[INF][SYS]: Memory test message with longer content to test memory usage 1891
[INF][SYS]: Memory test message with longer content to test memory usage 1892
[INF][SYS]: Memory test message with longer content to test memory usage 1893
[INF][SYS]: Memory test message with longer content to test memory usage 1894
[INF][SYS]: Memory test message with longer content to test memory usage 1895
[INF][SYS]: Memory test message with longer content to test memory usage 1896
[INF][SYS]: Memory test message with longer content to test memory usage 1897
[INF][SYS]: Memory test message with longer content to test memory usage 1898
[INF][SYS]: Memory test message with longer content to test memory usage 1899
[INF][SYS]: Memory test message with longer content to test memory usage 1900
[INF][SYS]: Memory test message with longer content to test memory usage 1901
[INF][SYS]: Memory test message with longer content to test memory usage 1902
[INF][SYS]: Memory test message with longer content to test memory usage 1903
[INF][SYS]: Memory test message with longer content to test memory usage 1904
[INF][SYS]: Memory test message with longer content to test memory usage 1905
[INF][SYS]: Memory test message with longer content to test memory usage 1906
[INF][SYS]: Memory test message with longer content to test memory usage 1907
[INF][SYS]: Memory test message with longer content to test memory usage 1908
[INF][SYS]: Memory test message with longer content to test memory usage 1909
[INF][SYS]: Memory test message with longer content to test memory usage 1910
[INF][SYS]: Memory test message with longer content to test memory usage 1911
[INF][SYS]: Memory test message with longer content to test memory usage 1912
[INF][SYS]: Memory test message with longer content to test memory usage 1913
[INF][SYS]: Memory test message with longer content to test memory usage 1914
[INF][SYS]: Memory test message with longer content to test memory usage 1915
[INF][SYS]: Memory test message with longer content to test memory usage 1916
[INF][SYS]: Memory test message with longer content to test memory usage 1917
[INF][SYS]: Memory test message with longer content to test memory usage 1918
[INF][SYS]: Memory test message with longer content to test memory usage 1919
[INF][SYS]: Memory test message with longer content to test memory usage 1920
[INF][SYS]: Memory test message with longer content to test memory usage 1921
[INF][SYS]: Memory test message with longer content to test memory usage 1922
[INF][SYS]: Memory test message with longer content to test memory usage 1923
[INF][SYS]: Memory test message with longer content to test memory usage 1924
[INF][SYS]: Memory test message with longer content to test memory usage 1925
[INF][SYS]: Memory test message with longer content to test memory usage 1926
[INF][SYS]: Memory test message with longer content to test memory usage 1927
[INF][SYS]: Memory test message with longer content to test memory usage 1928
[INF][SYS]: Memory test message with longer content to test memory usage 1929
[INF][SYS]: Memory test message with longer content to test memory usage 1930
[INF][SYS]: Memory test message with longer content to test memory usage 1931
[INF][SYS]: Memory test message with longer content to test memory usage 1932
[INF][SYS]: Memory test message with longer content to test memory usage 1933
[INF][SYS]: Memory test message with longer content to test memory usage 1934
[INF][SYS]: Memory test message with longer content to test memory usage 1935
[INF][SYS]: Memory test message with longer content to test memory usage 1936
[INF][SYS]: Memory test message with longer content to test memory usage 1937
[INF][SYS]: Memory test message with longer content to test memory usage 1938
[INF][SYS]: Memory test message with longer content to test memory usage 1939
[INF][SYS]: Memory test message with longer content to test memory usage 1940
[INF][SYS]: Memory test message with longer content to test memory usage 1941
[INF][SYS]: Memory test message with longer content to test memory usage 1942
[INF][SYS]: Memory test message with longer content to test memory usage 1943
[INF][SYS]: Memory test message with longer content to test memory usage 1944
[INF][SYS]: Memory test message with longer content to test memory usage 1945
[INF][SYS]: Memory test message with longer content to test memory usage 1946
[INF][SYS]: Memory test message with longer content to test memory usage 1947
[INF][SYS]: Memory test message with longer content to test memory usage 1948
[INF][SYS]: Memory test message with longer content to test memory usage 1949
[INF][SYS]: Memory test message with longer content to test memory usage 1950
[INF][SYS]: Memory test message with longer content to test memory usage 1951
[INF][SYS]: Memory test message with longer content to test memory usage 1952
[INF][SYS]: Memory test message with longer content to test memory usage 1953
[INF][SYS]: Memory test message with longer content to test memory usage 1954
[INF][SYS]: Memory test message with longer content to test memory usage 1955
[INF][SYS]: Memory test message with longer content to test memory usage 1956
[INF][SYS]: Memory test message with longer content to test memory usage 1957
[INF][SYS]: Memory test message with longer content to test memory usage 1958
[INF][SYS]: Memory test message with longer content to test memory usage 1959
[INF][SYS]: Memory test message with longer content to test memory usage 1960
[INF][SYS]: Memory test message with longer content to test memory usage 1961
[INF][SYS]: Memory test message with longer content to test memory usage 1962
[INF][SYS]: Memory test message with longer content to test memory usage 1963
[INF][SYS]: Memory test message with longer content to test memory usage 1964
[INF][SYS]: Memory test message with longer content to test memory usage 1965
[INF][SYS]: Memory test message with longer content to test memory usage 1966
[INF][SYS]: Memory test message with longer content to test memory usage 1967
[INF][SYS]: Memory test message with longer content to test memory usage 1968
[INF][SYS]: Memory test message with longer content to test memory usage 1969
[INF][SYS]: Memory test message with longer content to test memory usage 1970
[INF][SYS]: Memory test message with longer content to test memory usage 1971
[INF][SYS]: Memory test message with longer content to test memory usage 1972
[INF][SYS]: Memory test message with longer content to test memory usage 1973
[INF][SYS]: Memory test message with longer content to test memory usage 1974
[INF][SYS]: Memory test message with longer content to test memory usage 1975
[INF][SYS]: Memory test message with longer content to test memory usage 1976
[INF][SYS]: Memory test message with longer content to test memory usage 1977
[INF][SYS]: Memory test message with longer content to test memory usage 1978
[INF][SYS]: Memory test message with longer content to test memory usage 1979
[INF][SYS]: Memory test message with longer content to test memory usage 1980
[INF][SYS]: Memory test message with longer content to test memory usage 1981
[INF][SYS]: Memory test message with longer content to test memory usage 1982
[INF][SYS]: Memory test message with longer content to test memory usage 1983
[INF][SYS]: Memory test message with longer content to test memory usage 1984
[INF][SYS]: Memory test message with longer content to test memory usage 1985
[INF][SYS]: Memory test message with longer content to test memory usage 1986
[INF][SYS]: Memory test message with longer content to test memory usage 1987
[INF][SYS]: Memory test message with longer content to test memory usage 1988
[INF][SYS]: Memory test message with longer content to test memory usage 1989
[INF][SYS]: Memory test message with longer content to test memory usage 1990
[INF][SYS]: Memory test message with longer content to test memory usage 1991
[INF][SYS]: Memory test message with longer content to test memory usage 1992
[INF][SYS]: Memory test message with longer content to test memory usage 1993
[INF][SYS]: Memory test message with longer content to test memory usage 1994
[INF][SYS]: Memory test message with longer content to test memory usage 1995
[INF][SYS]: Memory test message with longer content to test memory usage 1996
[INF][SYS]: Memory test message with longer content to test memory usage 1997
[INF][SYS]: Memory test message with longer content to test memory usage 1998
[INF][SYS]: Memory test message with longer content to test memory usage 1999
]]></output>
            </test-case>
            <test-case id="1093" name="TestSettingsChangePerformance" fullname="ArcBT.Tests.BTLoggerPerformanceTests.TestSettingsChangePerformance" methodname="TestSettingsChangePerformance" classname="ArcBT.Tests.BTLoggerPerformanceTests" runstate="Runnable" seed="990296038" result="Passed" start-time="2025-07-26 16:08:06Z" end-time="2025-07-26 16:08:06Z" duration="0.000461" asserts="0">
              <properties>
                <property name="retryIteration" value="0" />
                <property name="repeatIteration" value="0" />
              </properties>
            </test-case>
          </test-suite>
          <test-suite type="TestFixture" id="1095" name="BTLoggerTests" fullname="ArcBT.Tests.BTLoggerTests" classname="ArcBT.Tests.BTLoggerTests" runstate="Runnable" testcasecount="9" result="Passed" start-time="2025-07-26 16:08:06Z" end-time="2025-07-26 16:08:06Z" duration="0.022820" total="9" passed="9" failed="0" inconclusive="0" skipped="0" asserts="0">
            <properties />
            <test-case id="1097" name="TestCategoryFiltering" fullname="ArcBT.Tests.BTLoggerTests.TestCategoryFiltering" methodname="TestCategoryFiltering" classname="ArcBT.Tests.BTLoggerTests" runstate="Runnable" seed="1904707954" result="Passed" start-time="2025-07-26 16:08:06Z" end-time="2025-07-26 16:08:06Z" duration="0.000667" asserts="0">
              <properties>
                <property name="retryIteration" value="0" />
                <property name="repeatIteration" value="0" />
              </properties>
              <output><![CDATA[[INF][ATK]: Combat message
]]></output>
            </test-case>
            <test-case id="1099" name="TestCategorySpecificLogRetrieval" fullname="ArcBT.Tests.BTLoggerTests.TestCategorySpecificLogRetrieval" methodname="TestCategorySpecificLogRetrieval" classname="ArcBT.Tests.BTLoggerTests" runstate="Runnable" seed="1411069009" result="Passed" start-time="2025-07-26 16:08:06Z" end-time="2025-07-26 16:08:06Z" duration="0.000506" asserts="0">
              <properties>
                <property name="retryIteration" value="0" />
                <property name="repeatIteration" value="0" />
              </properties>
              <output><![CDATA[[INF][ATK]: Attack message 1
[INF][MOV]: Move message 1
[INF][ATK]: Attack message 2
[INF][SYS]: System message 1
[INF][ATK]: Attack message 3
]]></output>
            </test-case>
            <test-case id="1100" name="TestConvenienceMethods" fullname="ArcBT.Tests.BTLoggerTests.TestConvenienceMethods" methodname="TestConvenienceMethods" classname="ArcBT.Tests.BTLoggerTests" runstate="Runnable" seed="92130766" result="Passed" start-time="2025-07-26 16:08:06Z" end-time="2025-07-26 16:08:06Z" duration="0.001854" asserts="0">
              <properties>
                <property name="retryIteration" value="0" />
                <property name="repeatIteration" value="0" />
              </properties>
              <output><![CDATA[[INF][ATK][TestNode]: Combat test
[INF][MOV]: Movement test
[DBG][CHK]: Condition test
[DBG][BBD]: BlackBoard test
[INF][SYS]: System test
]]></output>
            </test-case>
            <test-case id="1102" name="TestDefaultSettingsReset" fullname="ArcBT.Tests.BTLoggerTests.TestDefaultSettingsReset" methodname="TestDefaultSettingsReset" classname="ArcBT.Tests.BTLoggerTests" runstate="Runnable" seed="1533252873" result="Passed" start-time="2025-07-26 16:08:06Z" end-time="2025-07-26 16:08:06Z" duration="0.000361" asserts="0">
              <properties>
                <property name="retryIteration" value="0" />
                <property name="repeatIteration" value="0" />
              </properties>
            </test-case>
            <test-case id="1103" name="TestErrorLogging" fullname="ArcBT.Tests.BTLoggerTests.TestErrorLogging" methodname="TestErrorLogging" classname="ArcBT.Tests.BTLoggerTests" runstate="Runnable" seed="1404039767" result="Passed" start-time="2025-07-26 16:08:06Z" end-time="2025-07-26 16:08:06Z" duration="0.000781" asserts="0">
              <properties>
                <property name="retryIteration" value="0" />
                <property name="repeatIteration" value="0" />
              </properties>
              <output><![CDATA[[ERR][ATK][ErrorNode]: Critical error occurred
]]></output>
            </test-case>
            <test-case id="1101" name="TestLogClearFunctionality" fullname="ArcBT.Tests.BTLoggerTests.TestLogClearFunctionality" methodname="TestLogClearFunctionality" classname="ArcBT.Tests.BTLoggerTests" runstate="Runnable" seed="1269170210" result="Passed" start-time="2025-07-26 16:08:06Z" end-time="2025-07-26 16:08:06Z" duration="0.000304" asserts="0">
              <properties>
                <property name="retryIteration" value="0" />
                <property name="repeatIteration" value="0" />
              </properties>
              <output><![CDATA[[INF][SYS]: Test message 1
[INF][SYS]: Test message 2
[INF][SYS]: Test message 3
]]></output>
            </test-case>
            <test-case id="1098" name="TestLogHistoryManagement" fullname="ArcBT.Tests.BTLoggerTests.TestLogHistoryManagement" methodname="TestLogHistoryManagement" classname="ArcBT.Tests.BTLoggerTests" runstate="Runnable" seed="626537451" result="Passed" start-time="2025-07-26 16:08:06Z" end-time="2025-07-26 16:08:06Z" duration="0.000672" asserts="0">
              <properties>
                <property name="retryIteration" value="0" />
                <property name="repeatIteration" value="0" />
              </properties>
              <output><![CDATA[[INF][SYS]: Test message 0
[INF][SYS]: Test message 1
[INF][SYS]: Test message 2
[INF][SYS]: Test message 3
[INF][SYS]: Test message 4
[INF][SYS]: Test message 5
[INF][SYS]: Test message 6
[INF][SYS]: Test message 7
[INF][SYS]: Test message 8
[INF][SYS]: Test message 9
[INF][SYS]: Test message 10
[INF][SYS]: Test message 11
[INF][SYS]: Test message 12
[INF][SYS]: Test message 13
[INF][SYS]: Test message 14
]]></output>
            </test-case>
            <test-case id="1096" name="TestLogLevelFiltering" fullname="ArcBT.Tests.BTLoggerTests.TestLogLevelFiltering" methodname="TestLogLevelFiltering" classname="ArcBT.Tests.BTLoggerTests" runstate="Runnable" seed="328477933" result="Passed" start-time="2025-07-26 16:08:06Z" end-time="2025-07-26 16:08:06Z" duration="0.000693" asserts="0">
              <properties>
                <property name="retryIteration" value="0" />
                <property name="repeatIteration" value="0" />
              </properties>
              <output><![CDATA[[ERR][SYS]: Error message
[WRN][SYS]: Warning message
]]></output>
            </test-case>
            <test-case id="1104" name="TestTimestampFunctionality" fullname="ArcBT.Tests.BTLoggerTests.TestTimestampFunctionality" methodname="TestTimestampFunctionality" classname="ArcBT.Tests.BTLoggerTests" runstate="Runnable" seed="7448738" result="Passed" start-time="2025-07-26 16:08:06Z" end-time="2025-07-26 16:08:06Z" duration="0.000360" asserts="0">
              <properties>
                <property name="retryIteration" value="0" />
                <property name="repeatIteration" value="0" />
              </properties>
              <output><![CDATA[[INF][SYS]: Timestamp test
]]></output>
            </test-case>
          </test-suite>
          <test-suite type="TestFixture" id="1105" name="BTParserTests" fullname="ArcBT.Tests.BTParserTests" classname="ArcBT.Tests.BTParserTests" runstate="Runnable" testcasecount="26" result="Passed" start-time="2025-07-26 16:08:06Z" end-time="2025-07-26 16:08:06Z" duration="0.044877" total="26" passed="26" failed="0" inconclusive="0" skipped="0" asserts="0">
            <properties />
            <test-case id="1131" name="ParseContent_ActionCreation_LogsCorrectDebugMessages" fullname="ArcBT.Tests.BTParserTests.ParseContent_ActionCreation_LogsCorrectDebugMessages" methodname="ParseContent_ActionCreation_LogsCorrectDebugMessages" classname="ArcBT.Tests.BTParserTests" runstate="Runnable" seed="1951364117" result="Passed" start-time="2025-07-26 16:08:06Z" end-time="2025-07-26 16:08:06Z" duration="0.002037" asserts="0">
              <properties>
                <property name="retryIteration" value="0" />
                <property name="repeatIteration" value="0" />
              </properties>
              <output><![CDATA[[INF][PRS]: 🔍 Creating node: Action AttackEnemy
[INF][PRS]: 🚀 Creating Action with script 'AttackEnemy'
[INF][PRS]: ✅ Created AttackEnemyAction for script 'AttackEnemy'
]]></output>
            </test-case>
            <test-case id="1111" name="ParseContent_ActionNodeWithoutProperties_CreatesCorrectAction" fullname="ArcBT.Tests.BTParserTests.ParseContent_ActionNodeWithoutProperties_CreatesCorrectAction" methodname="ParseContent_ActionNodeWithoutProperties_CreatesCorrectAction" classname="ArcBT.Tests.BTParserTests" runstate="Runnable" seed="1687530297" result="Passed" start-time="2025-07-26 16:08:06Z" end-time="2025-07-26 16:08:06Z" duration="0.000940" asserts="0">
              <properties>
                <property name="retryIteration" value="0" />
                <property name="repeatIteration" value="0" />
              </properties>
              <output><![CDATA[[INF][PRS]: 🔍 Creating node: Action MoveToPosition
[INF][PRS]: 🚀 Creating Action with script 'MoveToPosition'
[INF][PRS]: ✅ Created MoveToPositionAction for script 'MoveToPosition'
]]></output>
            </test-case>
            <test-case id="1112" name="ParseContent_ActionNodeWithProperties_SetsPropertiesCorrectly" fullname="ArcBT.Tests.BTParserTests.ParseContent_ActionNodeWithProperties_SetsPropertiesCorrectly" methodname="ParseContent_ActionNodeWithProperties_SetsPropertiesCorrectly" classname="ArcBT.Tests.BTParserTests" runstate="Runnable" seed="1767513745" result="Passed" start-time="2025-07-26 16:08:06Z" end-time="2025-07-26 16:08:06Z" duration="0.000953" asserts="0">
              <properties>
                <property name="retryIteration" value="0" />
                <property name="repeatIteration" value="0" />
              </properties>
              <output><![CDATA[[INF][PRS]: 🔍 Creating node: Action Wait
[INF][PRS]: 🚀 Creating Action with script 'Wait'
[INF][PRS]: ✅ Created WaitAction for script 'Wait'
]]></output>
            </test-case>
            <test-case id="1115" name="ParseContent_ConditionNodeWithoutProperties_CreatesCorrectCondition" fullname="ArcBT.Tests.BTParserTests.ParseContent_ConditionNodeWithoutProperties_CreatesCorrectCondition" methodname="ParseContent_ConditionNodeWithoutProperties_CreatesCorrectCondition" classname="ArcBT.Tests.BTParserTests" runstate="Runnable" seed="964009642" result="Passed" start-time="2025-07-26 16:08:06Z" end-time="2025-07-26 16:08:06Z" duration="0.000904" asserts="0">
              <properties>
                <property name="retryIteration" value="0" />
                <property name="repeatIteration" value="0" />
              </properties>
              <output><![CDATA[[INF][PRS]: 🔍 Creating node: Condition HealthCheck
[INF][PRS]: 🚀 Creating Condition with script 'HealthCheck'
[INF][PRS]: ✅ Created HealthCheckCondition for script 'HealthCheck'
]]></output>
            </test-case>
            <test-case id="1116" name="ParseContent_ConditionNodeWithProperties_SetsPropertiesCorrectly" fullname="ArcBT.Tests.BTParserTests.ParseContent_ConditionNodeWithProperties_SetsPropertiesCorrectly" methodname="ParseContent_ConditionNodeWithProperties_SetsPropertiesCorrectly" classname="ArcBT.Tests.BTParserTests" runstate="Runnable" seed="1573198446" result="Passed" start-time="2025-07-26 16:08:06Z" end-time="2025-07-26 16:08:06Z" duration="0.000861" asserts="0">
              <properties>
                <property name="retryIteration" value="0" />
                <property name="repeatIteration" value="0" />
              </properties>
              <output><![CDATA[[INF][PRS]: 🔍 Creating node: Condition EnemyCheck
[INF][PRS]: 🚀 Creating Condition with script 'EnemyCheck'
[INF][PRS]: ✅ Created EnemyCheckCondition for script 'EnemyCheck'
]]></output>
            </test-case>
            <test-case id="1106" name="ParseContent_EmptyContent_ReturnsNull" fullname="ArcBT.Tests.BTParserTests.ParseContent_EmptyContent_ReturnsNull" methodname="ParseContent_EmptyContent_ReturnsNull" classname="ArcBT.Tests.BTParserTests" runstate="Runnable" seed="1895889751" result="Passed" start-time="2025-07-26 16:08:06Z" end-time="2025-07-26 16:08:06Z" duration="0.001197" asserts="0">
              <properties>
                <property name="retryIteration" value="0" />
                <property name="repeatIteration" value="0" />
              </properties>
              <output><![CDATA[[ERR][PRS]: No tree definition found
]]></output>
            </test-case>
            <test-case id="1129" name="ParseContent_EmptyNodeBody_CreatesNodeWithoutChildren" fullname="ArcBT.Tests.BTParserTests.ParseContent_EmptyNodeBody_CreatesNodeWithoutChildren" methodname="ParseContent_EmptyNodeBody_CreatesNodeWithoutChildren" classname="ArcBT.Tests.BTParserTests" runstate="Runnable" seed="1966803424" result="Passed" start-time="2025-07-26 16:08:06Z" end-time="2025-07-26 16:08:06Z" duration="0.000828" asserts="0">
              <properties>
                <property name="retryIteration" value="0" />
                <property name="repeatIteration" value="0" />
              </properties>
              <output><![CDATA[[INF][PRS]: 🔍 Creating node: Sequence EmptySequence
]]></output>
            </test-case>
            <test-case id="1128" name="ParseContent_MalformedTree_HandlesGracefully" fullname="ArcBT.Tests.BTParserTests.ParseContent_MalformedTree_HandlesGracefully" methodname="ParseContent_MalformedTree_HandlesGracefully" classname="ArcBT.Tests.BTParserTests" runstate="Runnable" seed="678441508" result="Passed" start-time="2025-07-26 16:08:06Z" end-time="2025-07-26 16:08:06Z" duration="0.001335" asserts="0">
              <properties>
                <property name="retryIteration" value="0" />
                <property name="repeatIteration" value="0" />
              </properties>
              <output><![CDATA[[ERR][PRS]: Expected '{' after tree name
]]></output>
            </test-case>
            <test-case id="1123" name="ParseContent_MixedProperties_ParsedCorrectly" fullname="ArcBT.Tests.BTParserTests.ParseContent_MixedProperties_ParsedCorrectly" methodname="ParseContent_MixedProperties_ParsedCorrectly" classname="ArcBT.Tests.BTParserTests" runstate="Runnable" seed="1824584310" result="Passed" start-time="2025-07-26 16:08:06Z" end-time="2025-07-26 16:08:06Z" duration="0.001123" asserts="0">
              <properties>
                <property name="retryIteration" value="0" />
                <property name="repeatIteration" value="0" />
              </properties>
              <output><![CDATA[[INF][PRS]: 🔍 Creating node: Action UseItem
[INF][PRS]: 🚀 Creating Action with script 'UseItem'
[INF][PRS]: ✅ Created UseItemAction for script 'UseItem'
]]></output>
            </test-case>
            <test-case id="1114" name="ParseContent_MultipleKnownActions_CreatesCorrectActionTypes" fullname="ArcBT.Tests.BTParserTests.ParseContent_MultipleKnownActions_CreatesCorrectActionTypes" methodname="ParseContent_MultipleKnownActions_CreatesCorrectActionTypes" classname="ArcBT.Tests.BTParserTests" runstate="Runnable" seed="1698674171" result="Passed" start-time="2025-07-26 16:08:06Z" end-time="2025-07-26 16:08:06Z" duration="0.001303" asserts="0">
              <properties>
                <property name="retryIteration" value="0" />
                <property name="repeatIteration" value="0" />
              </properties>
              <output><![CDATA[[INF][PRS]: 🔍 Creating node: Action AttackEnemy
[INF][PRS]: 🚀 Creating Action with script 'AttackEnemy'
[INF][PRS]: ✅ Created AttackEnemyAction for script 'AttackEnemy'
[INF][PRS]: 🔍 Creating node: Action CastSpell
[INF][PRS]: 🚀 Creating Action with script 'CastSpell'
[INF][PRS]: ✅ Created CastSpellAction for script 'CastSpell'
[INF][PRS]: 🔍 Creating node: Action FleeToSafety
[INF][PRS]: 🚀 Creating Action with script 'FleeToSafety'
[INF][PRS]: ✅ Created FleeToSafetyAction for script 'FleeToSafety'
[INF][PRS]: 🔍 Creating node: Sequence Root
]]></output>
            </test-case>
            <test-case id="1118" name="ParseContent_MultipleKnownConditions_CreatesCorrectConditionTypes" fullname="ArcBT.Tests.BTParserTests.ParseContent_MultipleKnownConditions_CreatesCorrectConditionTypes" methodname="ParseContent_MultipleKnownConditions_CreatesCorrectConditionTypes" classname="ArcBT.Tests.BTParserTests" runstate="Runnable" seed="394060686" result="Passed" start-time="2025-07-26 16:08:06Z" end-time="2025-07-26 16:08:06Z" duration="0.001248" asserts="0">
              <properties>
                <property name="retryIteration" value="0" />
                <property name="repeatIteration" value="0" />
              </properties>
              <output><![CDATA[[INF][PRS]: 🔍 Creating node: Condition HasMana
[INF][PRS]: 🚀 Creating Condition with script 'HasMana'
[INF][PRS]: ✅ Created HasManaCondition for script 'HasMana'
[INF][PRS]: 🔍 Creating node: Condition EnemyInRange
[INF][PRS]: 🚀 Creating Condition with script 'EnemyInRange'
[INF][PRS]: ✅ Created EnemyInRangeCondition for script 'EnemyInRange'
[INF][PRS]: 🔍 Creating node: Condition IsInitialized
[INF][PRS]: 🚀 Creating Condition with script 'IsInitialized'
[INF][PRS]: ✅ Created IsInitializedCondition for script 'IsInitialized'
[INF][PRS]: 🔍 Creating node: Selector Root
]]></output>
            </test-case>
            <test-case id="1119" name="ParseContent_NestedCompositeNodes_CreatesCorrectHierarchy" fullname="ArcBT.Tests.BTParserTests.ParseContent_NestedCompositeNodes_CreatesCorrectHierarchy" methodname="ParseContent_NestedCompositeNodes_CreatesCorrectHierarchy" classname="ArcBT.Tests.BTParserTests" runstate="Runnable" seed="1176818386" result="Passed" start-time="2025-07-26 16:08:06Z" end-time="2025-07-26 16:08:06Z" duration="0.001530" asserts="0">
              <properties>
                <property name="retryIteration" value="0" />
                <property name="repeatIteration" value="0" />
              </properties>
              <output><![CDATA[[INF][PRS]: 🔍 Creating node: Condition EnemyCheck
[INF][PRS]: 🚀 Creating Condition with script 'EnemyCheck'
[INF][PRS]: ✅ Created EnemyCheckCondition for script 'EnemyCheck'
[INF][PRS]: 🔍 Creating node: Action AttackTarget
[INF][PRS]: 🚀 Creating Action with script 'AttackTarget'
[INF][PRS]: ✅ Created AttackTargetAction for script 'AttackTarget'
[INF][PRS]: 🔍 Creating node: Sequence AttackSequence
[INF][PRS]: 🔍 Creating node: Action RandomWander
[INF][PRS]: 🚀 Creating Action with script 'RandomWander'
[INF][PRS]: ✅ Created RandomWanderAction for script 'RandomWander'
[INF][PRS]: 🔍 Creating node: Action Wait
[INF][PRS]: 🚀 Creating Action with script 'Wait'
[INF][PRS]: ✅ Created WaitAction for script 'Wait'
[INF][PRS]: 🔍 Creating node: Sequence PatrolSequence
[INF][PRS]: 🔍 Creating node: Selector RootSelector
]]></output>
            </test-case>
            <test-case id="1107" name="ParseContent_NoTreeDefinition_ReturnsNull" fullname="ArcBT.Tests.BTParserTests.ParseContent_NoTreeDefinition_ReturnsNull" methodname="ParseContent_NoTreeDefinition_ReturnsNull" classname="ArcBT.Tests.BTParserTests" runstate="Runnable" seed="1378124460" result="Passed" start-time="2025-07-26 16:08:06Z" end-time="2025-07-26 16:08:06Z" duration="0.001172" asserts="0">
              <properties>
                <property name="retryIteration" value="0" />
                <property name="repeatIteration" value="0" />
              </properties>
              <output><![CDATA[[ERR][PRS]: No tree definition found
]]></output>
            </test-case>
            <test-case id="1122" name="ParseContent_NumberProperties_ParsedCorrectly" fullname="ArcBT.Tests.BTParserTests.ParseContent_NumberProperties_ParsedCorrectly" methodname="ParseContent_NumberProperties_ParsedCorrectly" classname="ArcBT.Tests.BTParserTests" runstate="Runnable" seed="233515076" result="Passed" start-time="2025-07-26 16:08:06Z" end-time="2025-07-26 16:08:06Z" duration="0.001059" asserts="0">
              <properties>
                <property name="retryIteration" value="0" />
                <property name="repeatIteration" value="0" />
              </properties>
              <output><![CDATA[[INF][PRS]: 🔍 Creating node: Action AttackEnemy
[INF][PRS]: 🚀 Creating Action with script 'AttackEnemy'
[INF][PRS]: ✅ Created AttackEnemyAction for script 'AttackEnemy'
]]></output>
            </test-case>
            <test-case id="1120" name="ParseContent_ParallelWithMultipleChildren_CreatesCorrectStructure" fullname="ArcBT.Tests.BTParserTests.ParseContent_ParallelWithMultipleChildren_CreatesCorrectStructure" methodname="ParseContent_ParallelWithMultipleChildren_CreatesCorrectStructure" classname="ArcBT.Tests.BTParserTests" runstate="Runnable" seed="514357547" result="Passed" start-time="2025-07-26 16:08:06Z" end-time="2025-07-26 16:08:06Z" duration="0.001279" asserts="0">
              <properties>
                <property name="retryIteration" value="0" />
                <property name="repeatIteration" value="0" />
              </properties>
              <output><![CDATA[[INF][PRS]: 🔍 Creating node: Action ScanEnvironment
[INF][PRS]: 🚀 Creating Action with script 'ScanEnvironment'
[INF][PRS]: ✅ Created ScanEnvironmentAction for script 'ScanEnvironment'
[INF][PRS]: 🔍 Creating node: Action MoveToTarget
[INF][PRS]: 🚀 Creating Action with script 'MoveToTarget'
[INF][PRS]: ✅ Created MoveToTargetAction for script 'MoveToTarget'
[INF][PRS]: 🔍 Creating node: Sequence MovementSequence
[INF][PRS]: 🔍 Creating node: Condition HealthCheck
[INF][PRS]: 🚀 Creating Condition with script 'HealthCheck'
[INF][PRS]: ✅ Created HealthCheckCondition for script 'HealthCheck'
[INF][PRS]: 🔍 Creating node: Parallel RootParallel
]]></output>
            </test-case>
            <test-case id="1130" name="ParseContent_RealWorldExample_CreatesCompleteTree" fullname="ArcBT.Tests.BTParserTests.ParseContent_RealWorldExample_CreatesCompleteTree" methodname="ParseContent_RealWorldExample_CreatesCompleteTree" classname="ArcBT.Tests.BTParserTests" runstate="Runnable" seed="1922477284" result="Passed" start-time="2025-07-26 16:08:06Z" end-time="2025-07-26 16:08:06Z" duration="0.001944" asserts="0">
              <properties>
                <property name="retryIteration" value="0" />
                <property name="repeatIteration" value="0" />
              </properties>
              <output><![CDATA[[INF][PRS]: 🔍 Creating node: Condition IsInitialized
[INF][PRS]: 🚀 Creating Condition with script 'IsInitialized'
[INF][PRS]: ✅ Created IsInitializedCondition for script 'IsInitialized'
[INF][PRS]: 🔍 Creating node: Action InitializeResources
[INF][PRS]: 🚀 Creating Action with script 'InitializeResources'
[INF][PRS]: ✅ Created InitializeResourcesAction for script 'InitializeResources'
[INF][PRS]: 🔍 Creating node: Sequence InitSequence
[INF][PRS]: 🔍 Creating node: Condition EnemyInRange
[INF][PRS]: 🚀 Creating Condition with script 'EnemyInRange'
[INF][PRS]: ✅ Created EnemyInRangeCondition for script 'EnemyInRange'
[INF][PRS]: 🔍 Creating node: Condition HasMana
[INF][PRS]: 🚀 Creating Condition with script 'HasMana'
[INF][PRS]: ✅ Created HasManaCondition for script 'HasMana'
[INF][PRS]: 🔍 Creating node: Action CastSpell
[INF][PRS]: 🚀 Creating Action with script 'CastSpell'
[INF][PRS]: ✅ Created CastSpellAction for script 'CastSpell'
[INF][PRS]: 🔍 Creating node: Sequence MagicAttack
[INF][PRS]: 🔍 Creating node: Action NormalAttack
[INF][PRS]: 🚀 Creating Action with script 'NormalAttack'
[WRN][PRS]: Unknown action script: NormalAttack, using CustomActionNode
[INF][PRS]: 🔍 Creating node: Selector CombatSelector
[INF][PRS]: 🔍 Creating node: Sequence CombatSequence
[INF][PRS]: 🔍 Creating node: Action ScanEnvironment
[INF][PRS]: 🚀 Creating Action with script 'ScanEnvironment'
[INF][PRS]: ✅ Created ScanEnvironmentAction for script 'ScanEnvironment'
[INF][PRS]: 🔍 Creating node: Action RandomWander
[INF][PRS]: 🚀 Creating Action with script 'RandomWander'
[INF][PRS]: ✅ Created RandomWanderAction for script 'RandomWander'
[INF][PRS]: 🔍 Creating node: Sequence PatrolSequence
[INF][PRS]: 🔍 Creating node: Selector MainSelector
]]></output>
            </test-case>
            <test-case id="1110" name="ParseContent_SimpleParallelTree_ReturnsParallelNode" fullname="ArcBT.Tests.BTParserTests.ParseContent_SimpleParallelTree_ReturnsParallelNode" methodname="ParseContent_SimpleParallelTree_ReturnsParallelNode" classname="ArcBT.Tests.BTParserTests" runstate="Runnable" seed="1101066762" result="Passed" start-time="2025-07-26 16:08:06Z" end-time="2025-07-26 16:08:06Z" duration="0.000801" asserts="0">
              <properties>
                <property name="retryIteration" value="0" />
                <property name="repeatIteration" value="0" />
              </properties>
              <output><![CDATA[[INF][PRS]: 🔍 Creating node: Parallel RootParallel
]]></output>
            </test-case>
            <test-case id="1109" name="ParseContent_SimpleSelectorTree_ReturnsSelectorNode" fullname="ArcBT.Tests.BTParserTests.ParseContent_SimpleSelectorTree_ReturnsSelectorNode" methodname="ParseContent_SimpleSelectorTree_ReturnsSelectorNode" classname="ArcBT.Tests.BTParserTests" runstate="Runnable" seed="649352523" result="Passed" start-time="2025-07-26 16:08:06Z" end-time="2025-07-26 16:08:06Z" duration="0.000778" asserts="0">
              <properties>
                <property name="retryIteration" value="0" />
                <property name="repeatIteration" value="0" />
              </properties>
              <output><![CDATA[[INF][PRS]: 🔍 Creating node: Selector RootSelector
]]></output>
            </test-case>
            <test-case id="1108" name="ParseContent_SimpleSequenceTree_ReturnsSequenceNode" fullname="ArcBT.Tests.BTParserTests.ParseContent_SimpleSequenceTree_ReturnsSequenceNode" methodname="ParseContent_SimpleSequenceTree_ReturnsSequenceNode" classname="ArcBT.Tests.BTParserTests" runstate="Runnable" seed="412084723" result="Passed" start-time="2025-07-26 16:08:06Z" end-time="2025-07-26 16:08:06Z" duration="0.000758" asserts="0">
              <properties>
                <property name="retryIteration" value="0" />
                <property name="repeatIteration" value="0" />
              </properties>
              <output><![CDATA[[INF][PRS]: 🔍 Creating node: Sequence RootSequence
]]></output>
            </test-case>
            <test-case id="1121" name="ParseContent_StringProperties_ParsedCorrectly" fullname="ArcBT.Tests.BTParserTests.ParseContent_StringProperties_ParsedCorrectly" methodname="ParseContent_StringProperties_ParsedCorrectly" classname="ArcBT.Tests.BTParserTests" runstate="Runnable" seed="2108151471" result="Passed" start-time="2025-07-26 16:08:06Z" end-time="2025-07-26 16:08:06Z" duration="0.001054" asserts="0">
              <properties>
                <property name="retryIteration" value="0" />
                <property name="repeatIteration" value="0" />
              </properties>
              <output><![CDATA[[INF][PRS]: 🔍 Creating node: Action CastSpell
[INF][PRS]: 🚀 Creating Action with script 'CastSpell'
[INF][PRS]: ✅ Created CastSpellAction for script 'CastSpell'
]]></output>
            </test-case>
            <test-case id="1113" name="ParseContent_UnknownAction_CreatesCustomActionNode" fullname="ArcBT.Tests.BTParserTests.ParseContent_UnknownAction_CreatesCustomActionNode" methodname="ParseContent_UnknownAction_CreatesCustomActionNode" classname="ArcBT.Tests.BTParserTests" runstate="Runnable" seed="265789418" result="Passed" start-time="2025-07-26 16:08:06Z" end-time="2025-07-26 16:08:06Z" duration="0.000870" asserts="0">
              <properties>
                <property name="retryIteration" value="0" />
                <property name="repeatIteration" value="0" />
              </properties>
              <output><![CDATA[[INF][PRS]: 🔍 Creating node: Action UnknownAction
[INF][PRS]: 🚀 Creating Action with script 'UnknownAction'
[WRN][PRS]: Unknown action script: UnknownAction, using CustomActionNode
]]></output>
            </test-case>
            <test-case id="1117" name="ParseContent_UnknownCondition_CreatesCustomConditionNode" fullname="ArcBT.Tests.BTParserTests.ParseContent_UnknownCondition_CreatesCustomConditionNode" methodname="ParseContent_UnknownCondition_CreatesCustomConditionNode" classname="ArcBT.Tests.BTParserTests" runstate="Runnable" seed="194861596" result="Passed" start-time="2025-07-26 16:08:06Z" end-time="2025-07-26 16:08:06Z" duration="0.000846" asserts="0">
              <properties>
                <property name="retryIteration" value="0" />
                <property name="repeatIteration" value="0" />
              </properties>
              <output><![CDATA[[INF][PRS]: 🔍 Creating node: Condition UnknownCondition
[INF][PRS]: 🚀 Creating Condition with script 'UnknownCondition'
[WRN][PRS]: Unknown condition script: UnknownCondition, using CustomConditionNode
]]></output>
            </test-case>
            <test-case id="1124" name="ParseContent_WithComments_IgnoresComments" fullname="ArcBT.Tests.BTParserTests.ParseContent_WithComments_IgnoresComments" methodname="ParseContent_WithComments_IgnoresComments" classname="ArcBT.Tests.BTParserTests" runstate="Runnable" seed="1893516994" result="Passed" start-time="2025-07-26 16:08:06Z" end-time="2025-07-26 16:08:06Z" duration="0.000941" asserts="0">
              <properties>
                <property name="retryIteration" value="0" />
                <property name="repeatIteration" value="0" />
              </properties>
              <output><![CDATA[[INF][PRS]: 🔍 Creating node: Action Wait
[INF][PRS]: 🚀 Creating Action with script 'Wait'
[INF][PRS]: ✅ Created WaitAction for script 'Wait'
[INF][PRS]: 🔍 Creating node: Sequence RootSequence
]]></output>
            </test-case>
            <test-case id="1125" name="ParseContent_WithExtraWhitespace_ParsesCorrectly" fullname="ArcBT.Tests.BTParserTests.ParseContent_WithExtraWhitespace_ParsesCorrectly" methodname="ParseContent_WithExtraWhitespace_ParsesCorrectly" classname="ArcBT.Tests.BTParserTests" runstate="Runnable" seed="897008897" result="Passed" start-time="2025-07-26 16:08:06Z" end-time="2025-07-26 16:08:06Z" duration="0.000967" asserts="0">
              <properties>
                <property name="retryIteration" value="0" />
                <property name="repeatIteration" value="0" />
              </properties>
              <output><![CDATA[[INF][PRS]: 🔍 Creating node: Action Wait
[INF][PRS]: 🚀 Creating Action with script 'Wait'
[INF][PRS]: ✅ Created WaitAction for script 'Wait'
[INF][PRS]: 🔍 Creating node: Sequence RootSequence
]]></output>
            </test-case>
            <test-case id="1127" name="ParseFile_NonExistentFile_ReturnsNull" fullname="ArcBT.Tests.BTParserTests.ParseFile_NonExistentFile_ReturnsNull" methodname="ParseFile_NonExistentFile_ReturnsNull" classname="ArcBT.Tests.BTParserTests" runstate="Runnable" seed="364849094" result="Passed" start-time="2025-07-26 16:08:06Z" end-time="2025-07-26 16:08:06Z" duration="0.001386" asserts="0">
              <properties>
                <property name="retryIteration" value="0" />
                <property name="repeatIteration" value="0" />
              </properties>
              <output><![CDATA[[ERR][PRS]: BT file not found: non_existent_file.bt
]]></output>
            </test-case>
            <test-case id="1126" name="ParseFile_ValidFile_ReturnsCorrectTree" fullname="ArcBT.Tests.BTParserTests.ParseFile_ValidFile_ReturnsCorrectTree" methodname="ParseFile_ValidFile_ReturnsCorrectTree" classname="ArcBT.Tests.BTParserTests" runstate="Runnable" seed="1302759169" result="Passed" start-time="2025-07-26 16:08:06Z" end-time="2025-07-26 16:08:06Z" duration="0.002342" asserts="0">
              <properties>
                <property name="retryIteration" value="0" />
                <property name="repeatIteration" value="0" />
              </properties>
              <output><![CDATA[[INF][PRS]: 🔍 Creating node: Action Wait
[INF][PRS]: 🚀 Creating Action with script 'Wait'
[INF][PRS]: ✅ Created WaitAction for script 'Wait'
[INF][PRS]: 🔍 Creating node: Selector Root
]]></output>
            </test-case>
          </test-suite>
          <test-suite type="TestFixture" id="1132" name="BTParsingTests" fullname="ArcBT.Tests.BTParsingTests" classname="ArcBT.Tests.BTParsingTests" runstate="Runnable" testcasecount="6" result="Passed" start-time="2025-07-26 16:08:06Z" end-time="2025-07-26 16:08:06Z" duration="0.045053" total="6" passed="6" failed="0" inconclusive="0" skipped="0" asserts="0">
            <properties />
            <test-case id="1133" name="TestAllBTFilesParseSuccessfully" fullname="ArcBT.Tests.BTParsingTests.TestAllBTFilesParseSuccessfully" methodname="TestAllBTFilesParseSuccessfully" classname="ArcBT.Tests.BTParsingTests" runstate="Runnable" seed="2131398815" result="Passed" start-time="2025-07-26 16:08:06Z" end-time="2025-07-26 16:08:06Z" duration="0.010030" asserts="0">
              <properties>
                <property name="retryIteration" value="0" />
                <property name="repeatIteration" value="0" />
              </properties>
              <reason>
                <message><![CDATA[All 4 BT files parsed successfully!]]></message>
              </reason>
              <output><![CDATA[Testing BT file: blackboard_sample.bt
[INF][PRS]: 🔍 Creating node: Action ScanEnvironment
[INF][PRS]: 🚀 Creating Action with script 'ScanEnvironment'
[INF][PRS]: ✅ Created ScanEnvironmentAction for script 'ScanEnvironment'
[INF][PRS]: 🔍 Creating node: Condition HasSharedEnemyInfo
[INF][PRS]: 🚀 Creating Condition with script 'HasSharedEnemyInfo'
[INF][PRS]: ✅ Created HasSharedEnemyInfoCondition for script 'HasSharedEnemyInfo'
[INF][PRS]: 🔍 Creating node: Action MoveToEnemy
[INF][PRS]: 🚀 Creating Action with script 'MoveToEnemy'
[INF][PRS]: ✅ Created MoveToEnemyAction for script 'MoveToEnemy'
[INF][PRS]: 🔍 Creating node: Action AttackTarget
[INF][PRS]: 🚀 Creating Action with script 'AttackTarget'
[INF][PRS]: ✅ Created AttackTargetAction for script 'AttackTarget'
[INF][PRS]: 🔍 Creating node: Sequence move_to_enemy
[INF][PRS]: 🔍 Creating node: Action RandomWander
[INF][PRS]: 🚀 Creating Action with script 'RandomWander'
[INF][PRS]: ✅ Created RandomWanderAction for script 'RandomWander'
[INF][PRS]: 🔍 Creating node: Selector movement_behavior
[INF][PRS]: 🔍 Creating node: Sequence main
✅ Successfully parsed: blackboard_sample.bt
Testing BT file: team_coordination_sample.bt
[INF][PRS]: 🔍 Creating node: Action RandomWander
[INF][PRS]: 🚀 Creating Action with script 'RandomWander'
[INF][PRS]: ✅ Created RandomWanderAction for script 'RandomWander'
[INF][PRS]: 🔍 Creating node: Action ScanEnvironment
[INF][PRS]: 🚀 Creating Action with script 'ScanEnvironment'
[INF][PRS]: ✅ Created ScanEnvironmentAction for script 'ScanEnvironment'
[INF][PRS]: 🔍 Creating node: Sequence scout_role
[INF][PRS]: 🔍 Creating node: Condition HasSharedEnemyInfo
[INF][PRS]: 🚀 Creating Condition with script 'HasSharedEnemyInfo'
[INF][PRS]: ✅ Created HasSharedEnemyInfoCondition for script 'HasSharedEnemyInfo'
[INF][PRS]: 🔍 Creating node: Action AttackTarget
[INF][PRS]: 🚀 Creating Action with script 'AttackTarget'
[INF][PRS]: ✅ Created AttackTargetAction for script 'AttackTarget'
[INF][PRS]: 🔍 Creating node: Sequence combat_role
[INF][PRS]: 🔍 Creating node: Condition HealthCheck
[INF][PRS]: 🚀 Creating Condition with script 'HealthCheck'
[INF][PRS]: ✅ Created HealthCheckCondition for script 'HealthCheck'
[INF][PRS]: 🔍 Creating node: Action Wait
[INF][PRS]: 🚀 Creating Action with script 'Wait'
[INF][PRS]: ✅ Created WaitAction for script 'Wait'
[INF][PRS]: 🔍 Creating node: Sequence support_role
[INF][PRS]: 🔍 Creating node: Parallel team_behavior
✅ Successfully parsed: team_coordination_sample.bt
Testing BT file: dynamic_condition_sample.bt
[INF][PRS]: 🔍 Creating node: Condition HealthCheck
[INF][PRS]: 🚀 Creating Condition with script 'HealthCheck'
[INF][PRS]: ✅ Created HealthCheckCondition for script 'HealthCheck'
[INF][PRS]: 🔍 Creating node: Condition EnemyCheck
[INF][PRS]: 🚀 Creating Condition with script 'EnemyCheck'
[INF][PRS]: ✅ Created EnemyCheckCondition for script 'EnemyCheck'
[INF][PRS]: 🔍 Creating node: Action AttackEnemy
[INF][PRS]: 🚀 Creating Action with script 'AttackEnemy'
[INF][PRS]: ✅ Created AttackEnemyAction for script 'AttackEnemy'
[INF][PRS]: 🔍 Creating node: Sequence healthy_combat
[INF][PRS]: 🔍 Creating node: Condition HealthCheck
[INF][PRS]: 🚀 Creating Condition with script 'HealthCheck'
[INF][PRS]: ✅ Created HealthCheckCondition for script 'HealthCheck'
[INF][PRS]: 🔍 Creating node: Action MoveToPosition
[INF][PRS]: 🚀 Creating Action with script 'MoveToPosition'
[INF][PRS]: ✅ Created MoveToPositionAction for script 'MoveToPosition'
[INF][PRS]: 🔍 Creating node: Action Wait
[INF][PRS]: 🚀 Creating Action with script 'Wait'
[INF][PRS]: ✅ Created WaitAction for script 'Wait'
[INF][PRS]: 🔍 Creating node: Sequence safe_healing
[INF][PRS]: 🔍 Creating node: Action MoveToPosition
[INF][PRS]: 🚀 Creating Action with script 'MoveToPosition'
[INF][PRS]: ✅ Created MoveToPositionAction for script 'MoveToPosition'
[INF][PRS]: 🔍 Creating node: Selector main
✅ Successfully parsed: dynamic_condition_sample.bt
Testing BT file: resource_management_sample.bt
[INF][PRS]: 🔍 Creating node: Action InitializeResources
[INF][PRS]: 🚀 Creating Action with script 'InitializeResources'
[INF][PRS]: ✅ Created InitializeResourcesAction for script 'InitializeResources'
[INF][PRS]: 🔍 Creating node: Condition CheckManaResource
[INF][PRS]: 🚀 Creating Condition with script 'CheckManaResource'
[INF][PRS]: ✅ Created CheckManaResourceCondition for script 'CheckManaResource'
[INF][PRS]: 🔍 Creating node: Action CastSpell
[INF][PRS]: 🚀 Creating Action with script 'CastSpell'
[INF][PRS]: ✅ Created CastSpellAction for script 'CastSpell'
[INF][PRS]: 🔍 Creating node: Sequence magic_attack
[INF][PRS]: 🔍 Creating node: Condition HealthCheck
[INF][PRS]: 🚀 Creating Condition with script 'HealthCheck'
[INF][PRS]: ✅ Created HealthCheckCondition for script 'HealthCheck'
[INF][PRS]: 🔍 Creating node: Condition HasItem
[INF][PRS]: 🚀 Creating Condition with script 'HasItem'
[INF][PRS]: ✅ Created HasItemCondition for script 'HasItem'
[INF][PRS]: 🔍 Creating node: Action UseItem
[INF][PRS]: 🚀 Creating Action with script 'UseItem'
[INF][PRS]: ✅ Created UseItemAction for script 'UseItem'
[INF][PRS]: 🔍 Creating node: Sequence healing_behavior
[INF][PRS]: 🔍 Creating node: Action Attack
[INF][PRS]: 🚀 Creating Action with script 'Attack'
[INF][PRS]: ✅ Created AttackAction for script 'Attack'
[INF][PRS]: 🔍 Creating node: Action RestoreSmallMana
[INF][PRS]: 🚀 Creating Action with script 'RestoreSmallMana'
[INF][PRS]: ✅ Created RestoreSmallManaAction for script 'RestoreSmallMana'
[INF][PRS]: 🔍 Creating node: Sequence physical_attack
[INF][PRS]: 🔍 Creating node: Selector resource_behavior
[INF][PRS]: 🔍 Creating node: Sequence main
✅ Successfully parsed: resource_management_sample.bt
🎯 Parsing Test Results:
📊 Total files: 4
✅ Successful: 4
❌ Failed: 0
✅ Successfully parsed files:
  - blackboard_sample.bt
  - team_coordination_sample.bt
  - dynamic_condition_sample.bt
  - resource_management_sample.bt
]]></output>
            </test-case>
            <test-case id="1137" name="TestBlackBoardNodes" fullname="ArcBT.Tests.BTParsingTests.TestBlackBoardNodes" methodname="TestBlackBoardNodes" classname="ArcBT.Tests.BTParsingTests" runstate="Runnable" seed="679025328" result="Passed" start-time="2025-07-26 16:08:06Z" end-time="2025-07-26 16:08:06Z" duration="0.000859" asserts="0">
              <properties>
                <property name="retryIteration" value="0" />
                <property name="repeatIteration" value="0" />
              </properties>
              <output><![CDATA[[INF][PRS]: 🔍 Creating node: Action ScanEnvironment
[INF][PRS]: 🚀 Creating Action with script 'ScanEnvironment'
[INF][PRS]: ✅ Created ScanEnvironmentAction for script 'ScanEnvironment'
[INF][PRS]: 🔍 Creating node: Condition HasSharedEnemyInfo
[INF][PRS]: 🚀 Creating Condition with script 'HasSharedEnemyInfo'
[INF][PRS]: ✅ Created HasSharedEnemyInfoCondition for script 'HasSharedEnemyInfo'
[INF][PRS]: 🔍 Creating node: Action AttackTarget
[INF][PRS]: 🚀 Creating Action with script 'AttackTarget'
[INF][PRS]: ✅ Created AttackTargetAction for script 'AttackTarget'
[INF][PRS]: 🔍 Creating node: Sequence main
✅ BlackBoard node tests passed
]]></output>
            </test-case>
            <test-case id="1136" name="TestNodeCreation" fullname="ArcBT.Tests.BTParsingTests.TestNodeCreation" methodname="TestNodeCreation" classname="ArcBT.Tests.BTParsingTests" runstate="Runnable" seed="936515220" result="Passed" start-time="2025-07-26 16:08:06Z" end-time="2025-07-26 16:08:06Z" duration="0.000667" asserts="0">
              <properties>
                <property name="retryIteration" value="0" />
                <property name="repeatIteration" value="0" />
              </properties>
              <output><![CDATA[[INF][PRS]: 🔍 Creating node: Action MoveToPosition
[INF][PRS]: 🚀 Creating Action with script 'MoveToPosition'
[INF][PRS]: ✅ Created MoveToPositionAction for script 'MoveToPosition'
[INF][PRS]: 🔍 Creating node: Condition HealthCheck
[INF][PRS]: 🚀 Creating Condition with script 'HealthCheck'
[INF][PRS]: ✅ Created HealthCheckCondition for script 'HealthCheck'
[INF][PRS]: 🔍 Creating node: Sequence root
✅ Node creation tests passed
]]></output>
            </test-case>
            <test-case id="1135" name="TestParserErrorHandling" fullname="ArcBT.Tests.BTParsingTests.TestParserErrorHandling" methodname="TestParserErrorHandling" classname="ArcBT.Tests.BTParsingTests" runstate="Runnable" seed="1703536050" result="Passed" start-time="2025-07-26 16:08:06Z" end-time="2025-07-26 16:08:06Z" duration="0.001710" asserts="0">
              <properties>
                <property name="Description" value="パーサーエラーハンドリングをテスト" />
                <property name="retryIteration" value="0" />
                <property name="repeatIteration" value="0" />
              </properties>
              <output><![CDATA[[ERR][PRS]: BT file not found: nonexistent_file.bt
[ERR][PRS]: No tree definition found
[ERR][PRS]: No tree definition found
✅ Error handling tests passed
]]></output>
            </test-case>
            <test-case id="1138" name="TestParsingPerformance" fullname="ArcBT.Tests.BTParsingTests.TestParsingPerformance" methodname="TestParsingPerformance" classname="ArcBT.Tests.BTParsingTests" runstate="Runnable" seed="1749836267" result="Passed" start-time="2025-07-26 16:08:06Z" end-time="2025-07-26 16:08:06Z" duration="0.015631" asserts="0">
              <properties>
                <property name="retryIteration" value="0" />
                <property name="repeatIteration" value="0" />
              </properties>
              <output><![CDATA[
IgnoreFailingMessages:true
[INF][PRS]: 🔍 Creating node: Condition IsInitialized
[INF][PRS]: 🚀 Creating Condition with script 'IsInitialized'
[INF][PRS]: ✅ Created IsInitializedCondition for script 'IsInitialized'
[INF][PRS]: 🔍 Creating node: Condition HealthCheck
[INF][PRS]: 🚀 Creating Condition with script 'HealthCheck'
[INF][PRS]: ✅ Created HealthCheckCondition for script 'HealthCheck'
[INF][PRS]: 🔍 Creating node: Condition HasItem
[INF][PRS]: 🚀 Creating Condition with script 'HasItem'
[INF][PRS]: ✅ Created HasItemCondition for script 'HasItem'
[INF][PRS]: 🔍 Creating node: Action UseItem
[INF][PRS]: 🚀 Creating Action with script 'UseItem'
[INF][PRS]: ✅ Created UseItemAction for script 'UseItem'
[INF][PRS]: 🔍 Creating node: Sequence use_healing
[INF][PRS]: 🔍 Creating node: Action FleeToSafety
[INF][PRS]: 🚀 Creating Action with script 'FleeToSafety'
[INF][PRS]: ✅ Created FleeToSafetyAction for script 'FleeToSafety'
[INF][PRS]: 🔍 Creating node: Selector retreat_options
[INF][PRS]: 🔍 Creating node: Sequence emergency_retreat
[INF][PRS]: 🔍 Creating node: Condition EnemyCheck
[INF][PRS]: 🚀 Creating Condition with script 'EnemyCheck'
[INF][PRS]: ✅ Created EnemyCheckCondition for script 'EnemyCheck'
[INF][PRS]: 🔍 Creating node: Condition EnemyCheck
[INF][PRS]: 🚀 Creating Condition with script 'EnemyCheck'
[INF][PRS]: ✅ Created EnemyCheckCondition for script 'EnemyCheck'
[INF][PRS]: 🔍 Creating node: Condition HasItem
[INF][PRS]: 🚀 Creating Condition with script 'HasItem'
[INF][PRS]: ✅ Created HasItemCondition for script 'HasItem'
[INF][PRS]: 🔍 Creating node: Action Attack
[INF][PRS]: 🚀 Creating Action with script 'Attack'
[INF][PRS]: ✅ Created AttackAction for script 'Attack'
[INF][PRS]: 🔍 Creating node: Sequence ranged_attack
[INF][PRS]: 🔍 Creating node: Action MoveToPosition
[INF][PRS]: 🚀 Creating Action with script 'MoveToPosition'
[INF][PRS]: ✅ Created MoveToPositionAction for script 'MoveToPosition'
[INF][PRS]: 🔍 Creating node: Action AttackEnemy
[INF][PRS]: 🚀 Creating Action with script 'AttackEnemy'
[INF][PRS]: ✅ Created AttackEnemyAction for script 'AttackEnemy'
[INF][PRS]: 🔍 Creating node: Sequence melee_combat
[INF][PRS]: 🔍 Creating node: Selector combat_tactics
[INF][PRS]: 🔍 Creating node: Action Wait
[INF][PRS]: 🚀 Creating Action with script 'Wait'
[INF][PRS]: ✅ Created WaitAction for script 'Wait'
[INF][PRS]: 🔍 Creating node: Sequence combat_behavior
[INF][PRS]: 🔍 Creating node: Condition HealthCheck
[INF][PRS]: 🚀 Creating Condition with script 'HealthCheck'
[INF][PRS]: ✅ Created HealthCheckCondition for script 'HealthCheck'
[INF][PRS]: 🔍 Creating node: Action MoveToPosition
[INF][PRS]: 🚀 Creating Action with script 'MoveToPosition'
[INF][PRS]: ✅ Created MoveToPositionAction for script 'MoveToPosition'
[INF][PRS]: 🔍 Creating node: Action Wait
[INF][PRS]: 🚀 Creating Action with script 'Wait'
[INF][PRS]: ✅ Created WaitAction for script 'Wait'
[INF][PRS]: 🔍 Creating node: Condition HasTarget
[INF][PRS]: 🚀 Creating Condition with script 'HasTarget'
[WRN][PRS]: Unknown condition script: HasTarget, using CustomConditionNode
[INF][PRS]: 🔍 Creating node: Sequence patrol_to_point1
[INF][PRS]: 🔍 Creating node: Action MoveToPosition
[INF][PRS]: 🚀 Creating Action with script 'MoveToPosition'
[INF][PRS]: ✅ Created MoveToPositionAction for script 'MoveToPosition'
[INF][PRS]: 🔍 Creating node: Action Wait
[INF][PRS]: 🚀 Creating Action with script 'Wait'
[INF][PRS]: ✅ Created WaitAction for script 'Wait'
[INF][PRS]: 🔍 Creating node: Sequence patrol_to_point2
[INF][PRS]: 🔍 Creating node: Action MoveToPosition
[INF][PRS]: 🚀 Creating Action with script 'MoveToPosition'
[INF][PRS]: ✅ Created MoveToPositionAction for script 'MoveToPosition'
[INF][PRS]: 🔍 Creating node: Action Wait
[INF][PRS]: 🚀 Creating Action with script 'Wait'
[INF][PRS]: ✅ Created WaitAction for script 'Wait'
[INF][PRS]: 🔍 Creating node: Sequence return_to_base
[INF][PRS]: 🔍 Creating node: Selector patrol_pattern
[INF][PRS]: 🔍 Creating node: Sequence patrol_behavior
[INF][PRS]: 🔍 Creating node: Action Wait
[INF][PRS]: 🚀 Creating Action with script 'Wait'
[INF][PRS]: ✅ Created WaitAction for script 'Wait'
[INF][PRS]: 🔍 Creating node: Action RandomWander
[INF][PRS]: 🚀 Creating Action with script 'RandomWander'
[INF][PRS]: ✅ Created RandomWanderAction for script 'RandomWander'
[INF][PRS]: 🔍 Creating node: Sequence idle_behavior
[INF][PRS]: 🔍 Creating node: Selector priority_behavior
[INF][PRS]: 🔍 Creating node: Sequence main_loop

IgnoreFailingMessages:false
⏱️ advanced_guard_new_format.bt: 3ms
[INF][PRS]: 🔍 Creating node: Action ScanEnvironment
[INF][PRS]: 🚀 Creating Action with script 'ScanEnvironment'
[INF][PRS]: ✅ Created ScanEnvironmentAction for script 'ScanEnvironment'
[INF][PRS]: 🔍 Creating node: Condition HasSharedEnemyInfo
[INF][PRS]: 🚀 Creating Condition with script 'HasSharedEnemyInfo'
[INF][PRS]: ✅ Created HasSharedEnemyInfoCondition for script 'HasSharedEnemyInfo'
[INF][PRS]: 🔍 Creating node: Action MoveToEnemy
[INF][PRS]: 🚀 Creating Action with script 'MoveToEnemy'
[INF][PRS]: ✅ Created MoveToEnemyAction for script 'MoveToEnemy'
[INF][PRS]: 🔍 Creating node: Action AttackTarget
[INF][PRS]: 🚀 Creating Action with script 'AttackTarget'
[INF][PRS]: ✅ Created AttackTargetAction for script 'AttackTarget'
[INF][PRS]: 🔍 Creating node: Sequence move_to_enemy
[INF][PRS]: 🔍 Creating node: Action RandomWander
[INF][PRS]: 🚀 Creating Action with script 'RandomWander'
[INF][PRS]: ✅ Created RandomWanderAction for script 'RandomWander'
[INF][PRS]: 🔍 Creating node: Selector movement_behavior
[INF][PRS]: 🔍 Creating node: Sequence main
⏱️ blackboard_sample.bt: 1ms

IgnoreFailingMessages:true
[INF][PRS]: 🔍 Creating node: Condition IsInitialized
[INF][PRS]: 🚀 Creating Condition with script 'IsInitialized'
[INF][PRS]: ✅ Created IsInitializedCondition for script 'IsInitialized'
[INF][PRS]: 🔍 Creating node: Condition HealthCheck
[INF][PRS]: 🚀 Creating Condition with script 'HealthCheck'
[INF][PRS]: ✅ Created HealthCheckCondition for script 'HealthCheck'
[INF][PRS]: 🔍 Creating node: Condition HasItem
[INF][PRS]: 🚀 Creating Condition with script 'HasItem'
[INF][PRS]: ✅ Created HasItemCondition for script 'HasItem'
[INF][PRS]: 🔍 Creating node: Action UseItem
[INF][PRS]: 🚀 Creating Action with script 'UseItem'
[INF][PRS]: ✅ Created UseItemAction for script 'UseItem'
[INF][PRS]: 🔍 Creating node: Sequence use_healing
[INF][PRS]: 🔍 Creating node: Action FleeToSafety
[INF][PRS]: 🚀 Creating Action with script 'FleeToSafety'
[INF][PRS]: ✅ Created FleeToSafetyAction for script 'FleeToSafety'
[INF][PRS]: 🔍 Creating node: Selector escape_options
[INF][PRS]: 🔍 Creating node: Sequence emergency_response
[INF][PRS]: 🔍 Creating node: Condition EnemyInRange
[INF][PRS]: 🚀 Creating Condition with script 'EnemyInRange'
[INF][PRS]: ✅ Created EnemyInRangeCondition for script 'EnemyInRange'
[INF][PRS]: 🔍 Creating node: Condition HealthCheck
[INF][PRS]: 🚀 Creating Condition with script 'HealthCheck'
[INF][PRS]: ✅ Created HealthCheckCondition for script 'HealthCheck'
[INF][PRS]: 🔍 Creating node: Condition HasMana
[INF][PRS]: 🚀 Creating Condition with script 'HasMana'
[INF][PRS]: ✅ Created HasManaCondition for script 'HasMana'
[INF][PRS]: 🔍 Creating node: Condition EnemyHealthCheck
[INF][PRS]: 🚀 Creating Condition with script 'EnemyHealthCheck'
[WRN][PRS]: Unknown condition script: EnemyHealthCheck, using CustomConditionNode
[INF][PRS]: 🔍 Creating node: Action CastSpell
[INF][PRS]: 🚀 Creating Action with script 'CastSpell'
[INF][PRS]: ✅ Created CastSpellAction for script 'CastSpell'
[INF][PRS]: 🔍 Creating node: Sequence special_attack
[INF][PRS]: 🔍 Creating node: Action NormalAttack
[INF][PRS]: 🚀 Creating Action with script 'NormalAttack'
[WRN][PRS]: Unknown action script: NormalAttack, using CustomActionNode
[INF][PRS]: 🔍 Creating node: Selector combat_strategy
[INF][PRS]: 🔍 Creating node: Sequence combat_behavior
[INF][PRS]: 🔍 Creating node: Condition ScanForInterest
[INF][PRS]: 🚀 Creating Condition with script 'ScanForInterest'
[WRN][PRS]: Unknown condition script: ScanForInterest, using CustomConditionNode
[INF][PRS]: 🔍 Creating node: Action MoveToTarget
[INF][PRS]: 🚀 Creating Action with script 'MoveToTarget'
[INF][PRS]: ✅ Created MoveToTargetAction for script 'MoveToTarget'
[INF][PRS]: 🔍 Creating node: Action Interact
[INF][PRS]: 🚀 Creating Action with script 'Interact'
[WRN][PRS]: Unknown action script: Interact, using CustomActionNode
[INF][PRS]: 🔍 Creating node: Sequence investigate
[INF][PRS]: 🔍 Creating node: Action RandomWander
[INF][PRS]: 🚀 Creating Action with script 'RandomWander'
[INF][PRS]: ✅ Created RandomWanderAction for script 'RandomWander'
[INF][PRS]: 🔍 Creating node: Selector move_behavior
[INF][PRS]: 🔍 Creating node: Sequence exploration
[INF][PRS]: 🔍 Creating node: Action EnvironmentScan
[INF][PRS]: 🚀 Creating Action with script 'EnvironmentScan'
[WRN][PRS]: Unknown action script: EnvironmentScan, using CustomActionNode
[INF][PRS]: 🔍 Creating node: Action Wait
[INF][PRS]: 🚀 Creating Action with script 'Wait'
[INF][PRS]: ✅ Created WaitAction for script 'Wait'
[INF][PRS]: 🔍 Creating node: Parallel monitoring_idle
[INF][PRS]: 🔍 Creating node: Selector main_loop
[INF][PRS]: 🔍 Creating node: Sequence root

IgnoreFailingMessages:false
⏱️ complex_example.bt: 2ms
[INF][PRS]: 🔍 Creating node: Condition HealthCheck
[INF][PRS]: 🚀 Creating Condition with script 'HealthCheck'
[INF][PRS]: ✅ Created HealthCheckCondition for script 'HealthCheck'
[INF][PRS]: 🔍 Creating node: Condition EnemyCheck
[INF][PRS]: 🚀 Creating Condition with script 'EnemyCheck'
[INF][PRS]: ✅ Created EnemyCheckCondition for script 'EnemyCheck'
[INF][PRS]: 🔍 Creating node: Action AttackEnemy
[INF][PRS]: 🚀 Creating Action with script 'AttackEnemy'
[INF][PRS]: ✅ Created AttackEnemyAction for script 'AttackEnemy'
[INF][PRS]: 🔍 Creating node: Sequence healthy_combat
[INF][PRS]: 🔍 Creating node: Condition HealthCheck
[INF][PRS]: 🚀 Creating Condition with script 'HealthCheck'
[INF][PRS]: ✅ Created HealthCheckCondition for script 'HealthCheck'
[INF][PRS]: 🔍 Creating node: Action MoveToPosition
[INF][PRS]: 🚀 Creating Action with script 'MoveToPosition'
[INF][PRS]: ✅ Created MoveToPositionAction for script 'MoveToPosition'
[INF][PRS]: 🔍 Creating node: Action Wait
[INF][PRS]: 🚀 Creating Action with script 'Wait'
[INF][PRS]: ✅ Created WaitAction for script 'Wait'
[INF][PRS]: 🔍 Creating node: Sequence safe_healing
[INF][PRS]: 🔍 Creating node: Action MoveToPosition
[INF][PRS]: 🚀 Creating Action with script 'MoveToPosition'
[INF][PRS]: ✅ Created MoveToPositionAction for script 'MoveToPosition'
[INF][PRS]: 🔍 Creating node: Selector main
⏱️ dynamic_condition_sample.bt: 1ms
[INF][PRS]: 🔍 Creating node: Condition IsInitialized
[INF][PRS]: 🚀 Creating Condition with script 'IsInitialized'
[INF][PRS]: ✅ Created IsInitializedCondition for script 'IsInitialized'
[INF][PRS]: 🔍 Creating node: Condition HealthCheck
[INF][PRS]: 🚀 Creating Condition with script 'HealthCheck'
[INF][PRS]: ✅ Created HealthCheckCondition for script 'HealthCheck'
[INF][PRS]: 🔍 Creating node: Condition HasItem
[INF][PRS]: 🚀 Creating Condition with script 'HasItem'
[INF][PRS]: ✅ Created HasItemCondition for script 'HasItem'
[INF][PRS]: 🔍 Creating node: Action UseItem
[INF][PRS]: 🚀 Creating Action with script 'UseItem'
[INF][PRS]: ✅ Created UseItemAction for script 'UseItem'
[INF][PRS]: 🔍 Creating node: Sequence use_healing
[INF][PRS]: 🔍 Creating node: Action FleeToSafety
[INF][PRS]: 🚀 Creating Action with script 'FleeToSafety'
[INF][PRS]: ✅ Created FleeToSafetyAction for script 'FleeToSafety'
[INF][PRS]: 🔍 Creating node: Selector retreat_options
[INF][PRS]: 🔍 Creating node: Sequence emergency_retreat
[INF][PRS]: 🔍 Creating node: Condition EnemyCheck
[INF][PRS]: 🚀 Creating Condition with script 'EnemyCheck'
[INF][PRS]: ✅ Created EnemyCheckCondition for script 'EnemyCheck'
[INF][PRS]: 🔍 Creating node: Condition EnemyCheck
[INF][PRS]: 🚀 Creating Condition with script 'EnemyCheck'
[INF][PRS]: ✅ Created EnemyCheckCondition for script 'EnemyCheck'
[INF][PRS]: 🔍 Creating node: Condition HasItem
[INF][PRS]: 🚀 Creating Condition with script 'HasItem'
[INF][PRS]: ✅ Created HasItemCondition for script 'HasItem'
[INF][PRS]: 🔍 Creating node: Action Attack
[INF][PRS]: 🚀 Creating Action with script 'Attack'
[INF][PRS]: ✅ Created AttackAction for script 'Attack'
[INF][PRS]: 🔍 Creating node: Sequence ranged_attack
[INF][PRS]: 🔍 Creating node: Action MoveToPosition
[INF][PRS]: 🚀 Creating Action with script 'MoveToPosition'
[INF][PRS]: ✅ Created MoveToPositionAction for script 'MoveToPosition'
[INF][PRS]: 🔍 Creating node: Action AttackEnemy
[INF][PRS]: 🚀 Creating Action with script 'AttackEnemy'
[INF][PRS]: ✅ Created AttackEnemyAction for script 'AttackEnemy'
[INF][PRS]: 🔍 Creating node: Sequence melee_combat
[INF][PRS]: 🔍 Creating node: Selector combat_tactics
[INF][PRS]: 🔍 Creating node: Action Wait
[INF][PRS]: 🚀 Creating Action with script 'Wait'
[INF][PRS]: ✅ Created WaitAction for script 'Wait'
[INF][PRS]: 🔍 Creating node: Sequence combat_behavior
[INF][PRS]: 🔍 Creating node: Condition HealthCheck
[INF][PRS]: 🚀 Creating Condition with script 'HealthCheck'
[INF][PRS]: ✅ Created HealthCheckCondition for script 'HealthCheck'
[INF][PRS]: 🔍 Creating node: Action MoveToPosition
[INF][PRS]: 🚀 Creating Action with script 'MoveToPosition'
[INF][PRS]: ✅ Created MoveToPositionAction for script 'MoveToPosition'
[INF][PRS]: 🔍 Creating node: Action Wait
[INF][PRS]: 🚀 Creating Action with script 'Wait'
[INF][PRS]: ✅ Created WaitAction for script 'Wait'
[INF][PRS]: 🔍 Creating node: Sequence patrol_to_point1
[INF][PRS]: 🔍 Creating node: Action MoveToPosition
[INF][PRS]: 🚀 Creating Action with script 'MoveToPosition'
[INF][PRS]: ✅ Created MoveToPositionAction for script 'MoveToPosition'
[INF][PRS]: 🔍 Creating node: Action Wait
[INF][PRS]: 🚀 Creating Action with script 'Wait'
[INF][PRS]: ✅ Created WaitAction for script 'Wait'
[INF][PRS]: 🔍 Creating node: Sequence patrol_to_point2
[INF][PRS]: 🔍 Creating node: Action MoveToPosition
[INF][PRS]: 🚀 Creating Action with script 'MoveToPosition'
[INF][PRS]: ✅ Created MoveToPositionAction for script 'MoveToPosition'
[INF][PRS]: 🔍 Creating node: Action Wait
[INF][PRS]: 🚀 Creating Action with script 'Wait'
[INF][PRS]: ✅ Created WaitAction for script 'Wait'
[INF][PRS]: 🔍 Creating node: Sequence return_to_base
[INF][PRS]: 🔍 Creating node: Selector patrol_pattern
[INF][PRS]: 🔍 Creating node: Sequence patrol_behavior
[INF][PRS]: 🔍 Creating node: Action Wait
[INF][PRS]: 🚀 Creating Action with script 'Wait'
[INF][PRS]: ✅ Created WaitAction for script 'Wait'
[INF][PRS]: 🔍 Creating node: Action RandomWander
[INF][PRS]: 🚀 Creating Action with script 'RandomWander'
[INF][PRS]: ✅ Created RandomWanderAction for script 'RandomWander'
[INF][PRS]: 🔍 Creating node: Sequence idle_behavior
[INF][PRS]: 🔍 Creating node: Selector priority_behavior
[INF][PRS]: 🔍 Creating node: Sequence main_loop
⏱️ improved_format_example.bt: 3ms
[INF][PRS]: 🔍 Creating node: Action InitializeResources
[INF][PRS]: 🚀 Creating Action with script 'InitializeResources'
[INF][PRS]: ✅ Created InitializeResourcesAction for script 'InitializeResources'
[INF][PRS]: 🔍 Creating node: Condition CheckManaResource
[INF][PRS]: 🚀 Creating Condition with script 'CheckManaResource'
[INF][PRS]: ✅ Created CheckManaResourceCondition for script 'CheckManaResource'
[INF][PRS]: 🔍 Creating node: Action CastSpell
[INF][PRS]: 🚀 Creating Action with script 'CastSpell'
[INF][PRS]: ✅ Created CastSpellAction for script 'CastSpell'
[INF][PRS]: 🔍 Creating node: Sequence magic_attack
[INF][PRS]: 🔍 Creating node: Condition HealthCheck
[INF][PRS]: 🚀 Creating Condition with script 'HealthCheck'
[INF][PRS]: ✅ Created HealthCheckCondition for script 'HealthCheck'
[INF][PRS]: 🔍 Creating node: Condition HasItem
[INF][PRS]: 🚀 Creating Condition with script 'HasItem'
[INF][PRS]: ✅ Created HasItemCondition for script 'HasItem'
[INF][PRS]: 🔍 Creating node: Action UseItem
[INF][PRS]: 🚀 Creating Action with script 'UseItem'
[INF][PRS]: ✅ Created UseItemAction for script 'UseItem'
[INF][PRS]: 🔍 Creating node: Sequence healing_behavior
[INF][PRS]: 🔍 Creating node: Action Attack
[INF][PRS]: 🚀 Creating Action with script 'Attack'
[INF][PRS]: ✅ Created AttackAction for script 'Attack'
[INF][PRS]: 🔍 Creating node: Action RestoreSmallMana
[INF][PRS]: 🚀 Creating Action with script 'RestoreSmallMana'
[INF][PRS]: ✅ Created RestoreSmallManaAction for script 'RestoreSmallMana'
[INF][PRS]: 🔍 Creating node: Sequence physical_attack
[INF][PRS]: 🔍 Creating node: Selector resource_behavior
[INF][PRS]: 🔍 Creating node: Sequence main
⏱️ resource_management_sample.bt: 1ms
[INF][PRS]: 🔍 Creating node: Condition HasTarget
[INF][PRS]: 🚀 Creating Condition with script 'HasTarget'
[WRN][PRS]: Unknown condition script: HasTarget, using CustomConditionNode
[INF][PRS]: 🔍 Creating node: Action Attack
[INF][PRS]: 🚀 Creating Action with script 'Attack'
[INF][PRS]: ✅ Created AttackAction for script 'Attack'
[INF][PRS]: 🔍 Creating node: Sequence attack_behavior
[INF][PRS]: 🔍 Creating node: Action SearchForEnemy
[INF][PRS]: 🚀 Creating Action with script 'SearchForEnemy'
[WRN][PRS]: Unknown action script: SearchForEnemy, using CustomActionNode
[INF][PRS]: 🔍 Creating node: Selector root
⏱️ simple_example.bt: 0ms
[INF][PRS]: 🔍 Creating node: Action RandomWander
[INF][PRS]: 🚀 Creating Action with script 'RandomWander'
[INF][PRS]: ✅ Created RandomWanderAction for script 'RandomWander'
[INF][PRS]: 🔍 Creating node: Action ScanEnvironment
[INF][PRS]: 🚀 Creating Action with script 'ScanEnvironment'
[INF][PRS]: ✅ Created ScanEnvironmentAction for script 'ScanEnvironment'
[INF][PRS]: 🔍 Creating node: Sequence scout_role
[INF][PRS]: 🔍 Creating node: Condition HasSharedEnemyInfo
[INF][PRS]: 🚀 Creating Condition with script 'HasSharedEnemyInfo'
[INF][PRS]: ✅ Created HasSharedEnemyInfoCondition for script 'HasSharedEnemyInfo'
[INF][PRS]: 🔍 Creating node: Action AttackTarget
[INF][PRS]: 🚀 Creating Action with script 'AttackTarget'
[INF][PRS]: ✅ Created AttackTargetAction for script 'AttackTarget'
[INF][PRS]: 🔍 Creating node: Sequence combat_role
[INF][PRS]: 🔍 Creating node: Condition HealthCheck
[INF][PRS]: 🚀 Creating Condition with script 'HealthCheck'
[INF][PRS]: ✅ Created HealthCheckCondition for script 'HealthCheck'
[INF][PRS]: 🔍 Creating node: Action Wait
[INF][PRS]: 🚀 Creating Action with script 'Wait'
[INF][PRS]: ✅ Created WaitAction for script 'Wait'
[INF][PRS]: 🔍 Creating node: Sequence support_role
[INF][PRS]: 🔍 Creating node: Parallel team_behavior
⏱️ team_coordination_sample.bt: 1ms
✅ Performance tests completed
]]></output>
            </test-case>
            <test-case id="1134" name="TestSpecificBTFileStructures" fullname="ArcBT.Tests.BTParsingTests.TestSpecificBTFileStructures" methodname="TestSpecificBTFileStructures" classname="ArcBT.Tests.BTParsingTests" runstate="Runnable" seed="364890193" result="Passed" start-time="2025-07-26 16:08:06Z" end-time="2025-07-26 16:08:06Z" duration="0.004831" asserts="0">
              <properties>
                <property name="retryIteration" value="0" />
                <property name="repeatIteration" value="0" />
              </properties>
              <output><![CDATA[🔍 Testing structure of: blackboard_sample.bt
[INF][PRS]: 🔍 Creating node: Action ScanEnvironment
[INF][PRS]: 🚀 Creating Action with script 'ScanEnvironment'
[INF][PRS]: ✅ Created ScanEnvironmentAction for script 'ScanEnvironment'
[INF][PRS]: 🔍 Creating node: Condition HasSharedEnemyInfo
[INF][PRS]: 🚀 Creating Condition with script 'HasSharedEnemyInfo'
[INF][PRS]: ✅ Created HasSharedEnemyInfoCondition for script 'HasSharedEnemyInfo'
[INF][PRS]: 🔍 Creating node: Action MoveToEnemy
[INF][PRS]: 🚀 Creating Action with script 'MoveToEnemy'
[INF][PRS]: ✅ Created MoveToEnemyAction for script 'MoveToEnemy'
[INF][PRS]: 🔍 Creating node: Action AttackTarget
[INF][PRS]: 🚀 Creating Action with script 'AttackTarget'
[INF][PRS]: ✅ Created AttackTargetAction for script 'AttackTarget'
[INF][PRS]: 🔍 Creating node: Sequence move_to_enemy
[INF][PRS]: 🔍 Creating node: Action RandomWander
[INF][PRS]: 🚀 Creating Action with script 'RandomWander'
[INF][PRS]: ✅ Created RandomWanderAction for script 'RandomWander'
[INF][PRS]: 🔍 Creating node: Selector movement_behavior
[INF][PRS]: 🔍 Creating node: Sequence main
✅ Structure validation passed for: blackboard_sample.bt
🔍 Testing structure of: team_coordination_sample.bt
[INF][PRS]: 🔍 Creating node: Action RandomWander
[INF][PRS]: 🚀 Creating Action with script 'RandomWander'
[INF][PRS]: ✅ Created RandomWanderAction for script 'RandomWander'
[INF][PRS]: 🔍 Creating node: Action ScanEnvironment
[INF][PRS]: 🚀 Creating Action with script 'ScanEnvironment'
[INF][PRS]: ✅ Created ScanEnvironmentAction for script 'ScanEnvironment'
[INF][PRS]: 🔍 Creating node: Sequence scout_role
[INF][PRS]: 🔍 Creating node: Condition HasSharedEnemyInfo
[INF][PRS]: 🚀 Creating Condition with script 'HasSharedEnemyInfo'
[INF][PRS]: ✅ Created HasSharedEnemyInfoCondition for script 'HasSharedEnemyInfo'
[INF][PRS]: 🔍 Creating node: Action AttackTarget
[INF][PRS]: 🚀 Creating Action with script 'AttackTarget'
[INF][PRS]: ✅ Created AttackTargetAction for script 'AttackTarget'
[INF][PRS]: 🔍 Creating node: Sequence combat_role
[INF][PRS]: 🔍 Creating node: Condition HealthCheck
[INF][PRS]: 🚀 Creating Condition with script 'HealthCheck'
[INF][PRS]: ✅ Created HealthCheckCondition for script 'HealthCheck'
[INF][PRS]: 🔍 Creating node: Action Wait
[INF][PRS]: 🚀 Creating Action with script 'Wait'
[INF][PRS]: ✅ Created WaitAction for script 'Wait'
[INF][PRS]: 🔍 Creating node: Sequence support_role
[INF][PRS]: 🔍 Creating node: Parallel team_behavior
✅ Structure validation passed for: team_coordination_sample.bt
🔍 Testing structure of: dynamic_condition_sample.bt
[INF][PRS]: 🔍 Creating node: Condition HealthCheck
[INF][PRS]: 🚀 Creating Condition with script 'HealthCheck'
[INF][PRS]: ✅ Created HealthCheckCondition for script 'HealthCheck'
[INF][PRS]: 🔍 Creating node: Condition EnemyCheck
[INF][PRS]: 🚀 Creating Condition with script 'EnemyCheck'
[INF][PRS]: ✅ Created EnemyCheckCondition for script 'EnemyCheck'
[INF][PRS]: 🔍 Creating node: Action AttackEnemy
[INF][PRS]: 🚀 Creating Action with script 'AttackEnemy'
[INF][PRS]: ✅ Created AttackEnemyAction for script 'AttackEnemy'
[INF][PRS]: 🔍 Creating node: Sequence healthy_combat
[INF][PRS]: 🔍 Creating node: Condition HealthCheck
[INF][PRS]: 🚀 Creating Condition with script 'HealthCheck'
[INF][PRS]: ✅ Created HealthCheckCondition for script 'HealthCheck'
[INF][PRS]: 🔍 Creating node: Action MoveToPosition
[INF][PRS]: 🚀 Creating Action with script 'MoveToPosition'
[INF][PRS]: ✅ Created MoveToPositionAction for script 'MoveToPosition'
[INF][PRS]: 🔍 Creating node: Action Wait
[INF][PRS]: 🚀 Creating Action with script 'Wait'
[INF][PRS]: ✅ Created WaitAction for script 'Wait'
[INF][PRS]: 🔍 Creating node: Sequence safe_healing
[INF][PRS]: 🔍 Creating node: Action MoveToPosition
[INF][PRS]: 🚀 Creating Action with script 'MoveToPosition'
[INF][PRS]: ✅ Created MoveToPositionAction for script 'MoveToPosition'
[INF][PRS]: 🔍 Creating node: Selector main
✅ Structure validation passed for: dynamic_condition_sample.bt
]]></output>
            </test-case>
          </test-suite>
          <test-suite type="TestFixture" id="1139" name="ConditionNodeTests" fullname="ArcBT.Tests.ConditionNodeTests" classname="ArcBT.Tests.ConditionNodeTests" runstate="Runnable" testcasecount="22" result="Passed" start-time="2025-07-26 16:08:06Z" end-time="2025-07-26 16:08:06Z" duration="0.055643" total="22" passed="22" failed="0" inconclusive="0" skipped="0" asserts="0">
            <properties />
            <test-case id="1160" name="ConditionNodes_BlackBoardInteraction_SharesStateCorrectly" fullname="ArcBT.Tests.ConditionNodeTests.ConditionNodes_BlackBoardInteraction_SharesStateCorrectly" methodname="ConditionNodes_BlackBoardInteraction_SharesStateCorrectly" classname="ArcBT.Tests.ConditionNodeTests" runstate="Runnable" seed="584149035" result="Passed" start-time="2025-07-26 16:08:06Z" end-time="2025-07-26 16:08:06Z" duration="0.001872" asserts="0">
              <properties>
                <property name="retryIteration" value="0" />
                <property name="repeatIteration" value="0" />
              </properties>
              <output><![CDATA[[INF][BBD]: 🗂️ BlackBoard[新規]: has_enemy_info = True
[INF][BBD]: 🗂️ BlackBoard[新規]: enemy_target = SharedEnemy (UnityEngine.GameObject)
HasSharedEnemyInfo: Enemy info available - Target: 'SharedEnemy'
[INF][BBD]: 🗂️ BlackBoard[新規]: nearest_enemy = null
]]></output>
            </test-case>
            <test-case id="1159" name="ConditionNodes_ChainEvaluation_WorksCorrectly" fullname="ArcBT.Tests.ConditionNodeTests.ConditionNodes_ChainEvaluation_WorksCorrectly" methodname="ConditionNodes_ChainEvaluation_WorksCorrectly" classname="ArcBT.Tests.ConditionNodeTests" runstate="Runnable" seed="812966242" result="Passed" start-time="2025-07-26 16:08:06Z" end-time="2025-07-26 16:08:06Z" duration="0.028302" asserts="0">
              <properties>
                <property name="retryIteration" value="0" />
                <property name="repeatIteration" value="0" />
              </properties>
              <output><![CDATA[[INF][BBD]: 🗂️ BlackBoard[新規]: current_health = 80
[INF][BBD]: 🗂️ BlackBoard[新規]: health_status = healthy
[INF][BBD]: 🗂️ BlackBoard[新規]: min_health_threshold = 50
🔵 HasMana: 十分なマナあり (70/100 >= 30)
]]></output>
            </test-case>
            <test-case id="1161" name="ConditionNodes_PerformanceTest_EvaluatesQuickly" fullname="ArcBT.Tests.ConditionNodeTests.ConditionNodes_PerformanceTest_EvaluatesQuickly" methodname="ConditionNodes_PerformanceTest_EvaluatesQuickly" classname="ArcBT.Tests.ConditionNodeTests" runstate="Runnable" seed="861688714" result="Passed" start-time="2025-07-26 16:08:06Z" end-time="2025-07-26 16:08:06Z" duration="0.000503" asserts="0">
              <properties>
                <property name="retryIteration" value="0" />
                <property name="repeatIteration" value="0" />
              </properties>
            </test-case>
            <test-case id="1149" name="EnemyCheckCondition_SetProperty_SetsCorrectRange" fullname="ArcBT.Tests.ConditionNodeTests.EnemyCheckCondition_SetProperty_SetsCorrectRange" methodname="EnemyCheckCondition_SetProperty_SetsCorrectRange" classname="ArcBT.Tests.ConditionNodeTests" runstate="Runnable" seed="595312398" result="Passed" start-time="2025-07-26 16:08:06Z" end-time="2025-07-26 16:08:06Z" duration="0.000565" asserts="0">
              <properties>
                <property name="retryIteration" value="0" />
                <property name="repeatIteration" value="0" />
              </properties>
              <output><![CDATA[=== EnemyCheckCondition '' EXECUTING ===
EnemyCheck '': No enemies in range 15 ✗
]]></output>
            </test-case>
            <test-case id="1150" name="EnemyCheckCondition_WithEnemyInRange_ReturnsSuccess" fullname="ArcBT.Tests.ConditionNodeTests.EnemyCheckCondition_WithEnemyInRange_ReturnsSuccess" methodname="EnemyCheckCondition_WithEnemyInRange_ReturnsSuccess" classname="ArcBT.Tests.ConditionNodeTests" runstate="Runnable" seed="2090220643" result="Passed" start-time="2025-07-26 16:08:06Z" end-time="2025-07-26 16:08:06Z" duration="0.000403" asserts="0">
              <properties>
                <property name="retryIteration" value="0" />
                <property name="repeatIteration" value="0" />
              </properties>
              <output><![CDATA[=== EnemyCheckCondition '' EXECUTING ===
EnemyCheck '': No enemies in range 10 ✗
]]></output>
            </test-case>
            <test-case id="1154" name="EnemyInRangeCondition_SetProperty_SetsCorrectRange" fullname="ArcBT.Tests.ConditionNodeTests.EnemyInRangeCondition_SetProperty_SetsCorrectRange" methodname="EnemyInRangeCondition_SetProperty_SetsCorrectRange" classname="ArcBT.Tests.ConditionNodeTests" runstate="Runnable" seed="961202048" result="Passed" start-time="2025-07-26 16:08:06Z" end-time="2025-07-26 16:08:06Z" duration="0.000275" asserts="0">
              <properties>
                <property name="retryIteration" value="0" />
                <property name="repeatIteration" value="0" />
              </properties>
              <output><![CDATA[[INF][BBD]: 🗂️ BlackBoard[新規]: nearest_enemy = null
]]></output>
            </test-case>
            <test-case id="1158" name="HasItemCondition_WithoutRequiredItem_ReturnsFailure" fullname="ArcBT.Tests.ConditionNodeTests.HasItemCondition_WithoutRequiredItem_ReturnsFailure" methodname="HasItemCondition_WithoutRequiredItem_ReturnsFailure" classname="ArcBT.Tests.ConditionNodeTests" runstate="Runnable" seed="582027907" result="Passed" start-time="2025-07-26 16:08:06Z" end-time="2025-07-26 16:08:06Z" duration="0.001108" asserts="0">
              <properties>
                <property name="retryIteration" value="0" />
                <property name="repeatIteration" value="0" />
              </properties>
              <output><![CDATA[HasItem '': No Inventory component found on TestOwner
=== HasItemCondition '' EXECUTING ===
HasItem '': No inventory component - assuming no items
]]></output>
            </test-case>
            <test-case id="1157" name="HasItemCondition_WithRequiredItem_ReturnsSuccess" fullname="ArcBT.Tests.ConditionNodeTests.HasItemCondition_WithRequiredItem_ReturnsSuccess" methodname="HasItemCondition_WithRequiredItem_ReturnsSuccess" classname="ArcBT.Tests.ConditionNodeTests" runstate="Runnable" seed="897293699" result="Passed" start-time="2025-07-26 16:08:06Z" end-time="2025-07-26 16:08:06Z" duration="0.000984" asserts="0">
              <properties>
                <property name="retryIteration" value="0" />
                <property name="repeatIteration" value="0" />
              </properties>
              <output><![CDATA[Inventory: Added new item type health_potion x3
=== HasItemCondition '' EXECUTING ===
HasItem '': Checking for 'health_potion' = FOUND ✓
]]></output>
            </test-case>
            <test-case id="1152" name="HasManaCondition_WithInsufficientMana_ReturnsFailure" fullname="ArcBT.Tests.ConditionNodeTests.HasManaCondition_WithInsufficientMana_ReturnsFailure" methodname="HasManaCondition_WithInsufficientMana_ReturnsFailure" classname="ArcBT.Tests.ConditionNodeTests" runstate="Runnable" seed="1570700768" result="Passed" start-time="2025-07-26 16:08:06Z" end-time="2025-07-26 16:08:06Z" duration="0.000309" asserts="0">
              <properties>
                <property name="retryIteration" value="0" />
                <property name="repeatIteration" value="0" />
              </properties>
              <output><![CDATA[🔴 HasMana: マナ不足 (30/100 < 50)
]]></output>
            </test-case>
            <test-case id="1153" name="HasManaCondition_WithoutManaComponent_ReturnsFailure" fullname="ArcBT.Tests.ConditionNodeTests.HasManaCondition_WithoutManaComponent_ReturnsFailure" methodname="HasManaCondition_WithoutManaComponent_ReturnsFailure" classname="ArcBT.Tests.ConditionNodeTests" runstate="Runnable" seed="79042489" result="Passed" start-time="2025-07-26 16:08:06Z" end-time="2025-07-26 16:08:06Z" duration="0.000269" asserts="0">
              <properties>
                <property name="retryIteration" value="0" />
                <property name="repeatIteration" value="0" />
              </properties>
              <output><![CDATA[⚠️ HasMana: Manaコンポーネントが見つかりません
]]></output>
            </test-case>
            <test-case id="1151" name="HasManaCondition_WithSufficientMana_ReturnsSuccess" fullname="ArcBT.Tests.ConditionNodeTests.HasManaCondition_WithSufficientMana_ReturnsSuccess" methodname="HasManaCondition_WithSufficientMana_ReturnsSuccess" classname="ArcBT.Tests.ConditionNodeTests" runstate="Runnable" seed="1048493475" result="Passed" start-time="2025-07-26 16:08:06Z" end-time="2025-07-26 16:08:06Z" duration="0.000295" asserts="0">
              <properties>
                <property name="retryIteration" value="0" />
                <property name="repeatIteration" value="0" />
              </properties>
              <output><![CDATA[🔵 HasMana: 十分なマナあり (80/100 >= 50)
]]></output>
            </test-case>
            <test-case id="1140" name="HasSharedEnemyInfoCondition_SetProperty_SetsCorrectKey" fullname="ArcBT.Tests.ConditionNodeTests.HasSharedEnemyInfoCondition_SetProperty_SetsCorrectKey" methodname="HasSharedEnemyInfoCondition_SetProperty_SetsCorrectKey" classname="ArcBT.Tests.ConditionNodeTests" runstate="Runnable" seed="1337527260" result="Passed" start-time="2025-07-26 16:08:06Z" end-time="2025-07-26 16:08:06Z" duration="0.000448" asserts="0">
              <properties>
                <property name="retryIteration" value="0" />
                <property name="repeatIteration" value="0" />
              </properties>
              <output><![CDATA[[INF][BBD]: 🗂️ BlackBoard[新規]: custom_enemy_key = True
[INF][BBD]: 🗂️ BlackBoard[新規]: enemy_target = Enemy (UnityEngine.GameObject)
HasSharedEnemyInfo: Enemy info available - Target: 'Enemy'
]]></output>
            </test-case>
            <test-case id="1144" name="HasSharedEnemyInfoCondition_WithInactiveEnemy_ReturnsFailure" fullname="ArcBT.Tests.ConditionNodeTests.HasSharedEnemyInfoCondition_WithInactiveEnemy_ReturnsFailure" methodname="HasSharedEnemyInfoCondition_WithInactiveEnemy_ReturnsFailure" classname="ArcBT.Tests.ConditionNodeTests" runstate="Runnable" seed="760180621" result="Passed" start-time="2025-07-26 16:08:06Z" end-time="2025-07-26 16:08:06Z" duration="0.000427" asserts="0">
              <properties>
                <property name="retryIteration" value="0" />
                <property name="repeatIteration" value="0" />
              </properties>
              <output><![CDATA[[INF][BBD]: 🗂️ BlackBoard[新規]: has_enemy_info = True
[INF][BBD]: 🗂️ BlackBoard[新規]: enemy_target = InactiveEnemy (UnityEngine.GameObject)
HasSharedEnemyInfo: No valid enemy info in BlackBoard
]]></output>
            </test-case>
            <test-case id="1143" name="HasSharedEnemyInfoCondition_WithNullBlackBoard_ReturnsFailure" fullname="ArcBT.Tests.ConditionNodeTests.HasSharedEnemyInfoCondition_WithNullBlackBoard_ReturnsFailure" methodname="HasSharedEnemyInfoCondition_WithNullBlackBoard_ReturnsFailure" classname="ArcBT.Tests.ConditionNodeTests" runstate="Runnable" seed="1020332023" result="Passed" start-time="2025-07-26 16:08:06Z" end-time="2025-07-26 16:08:06Z" duration="0.000653" asserts="0">
              <properties>
                <property name="retryIteration" value="0" />
                <property name="repeatIteration" value="0" />
              </properties>
              <output><![CDATA[HasSharedEnemyInfo: BlackBoard is null
]]></output>
            </test-case>
            <test-case id="1142" name="HasSharedEnemyInfoCondition_WithoutEnemyInfo_ReturnsFailure" fullname="ArcBT.Tests.ConditionNodeTests.HasSharedEnemyInfoCondition_WithoutEnemyInfo_ReturnsFailure" methodname="HasSharedEnemyInfoCondition_WithoutEnemyInfo_ReturnsFailure" classname="ArcBT.Tests.ConditionNodeTests" runstate="Runnable" seed="1623760000" result="Passed" start-time="2025-07-26 16:08:06Z" end-time="2025-07-26 16:08:06Z" duration="0.000307" asserts="0">
              <properties>
                <property name="retryIteration" value="0" />
                <property name="repeatIteration" value="0" />
              </properties>
              <output><![CDATA[[INF][BBD]: 🗂️ BlackBoard[新規]: has_enemy_info = False
HasSharedEnemyInfo: No valid enemy info in BlackBoard
]]></output>
            </test-case>
            <test-case id="1141" name="HasSharedEnemyInfoCondition_WithValidEnemyInfo_ReturnsSuccess" fullname="ArcBT.Tests.ConditionNodeTests.HasSharedEnemyInfoCondition_WithValidEnemyInfo_ReturnsSuccess" methodname="HasSharedEnemyInfoCondition_WithValidEnemyInfo_ReturnsSuccess" classname="ArcBT.Tests.ConditionNodeTests" runstate="Runnable" seed="2045467730" result="Passed" start-time="2025-07-26 16:08:06Z" end-time="2025-07-26 16:08:06Z" duration="0.000454" asserts="0">
              <properties>
                <property name="retryIteration" value="0" />
                <property name="repeatIteration" value="0" />
              </properties>
              <output><![CDATA[[INF][BBD]: 🗂️ BlackBoard[新規]: has_enemy_info = True
[INF][BBD]: 🗂️ BlackBoard[新規]: enemy_target = TestEnemy (UnityEngine.GameObject)
HasSharedEnemyInfo: Enemy info available - Target: 'TestEnemy'
]]></output>
            </test-case>
            <test-case id="1148" name="HealthCheckCondition_InSafetyPeriod_SkipsCheck" fullname="ArcBT.Tests.ConditionNodeTests.HealthCheckCondition_InSafetyPeriod_SkipsCheck" methodname="HealthCheckCondition_InSafetyPeriod_SkipsCheck" classname="ArcBT.Tests.ConditionNodeTests" runstate="Runnable" seed="1507957021" result="Passed" start-time="2025-07-26 16:08:06Z" end-time="2025-07-26 16:08:06Z" duration="0.000387" asserts="0">
              <properties>
                <property name="retryIteration" value="0" />
                <property name="repeatIteration" value="0" />
              </properties>
              <output><![CDATA[HealthCheck '': In safety period - skipping emergency check
]]></output>
            </test-case>
            <test-case id="1146" name="HealthCheckCondition_WithInsufficientHealth_ReturnsFailure" fullname="ArcBT.Tests.ConditionNodeTests.HealthCheckCondition_WithInsufficientHealth_ReturnsFailure" methodname="HealthCheckCondition_WithInsufficientHealth_ReturnsFailure" classname="ArcBT.Tests.ConditionNodeTests" runstate="Runnable" seed="1574069489" result="Passed" start-time="2025-07-26 16:08:06Z" end-time="2025-07-26 16:08:06Z" duration="0.000447" asserts="0">
              <properties>
                <property name="retryIteration" value="0" />
                <property name="repeatIteration" value="0" />
              </properties>
              <output><![CDATA[[INF][BBD]: 🗂️ BlackBoard[新規]: current_health = 30
[INF][BBD]: 🗂️ BlackBoard[新規]: health_status = low_health
[INF][BBD]: 🗂️ BlackBoard[新規]: min_health_threshold = 50
HealthCheck '': Current health = 30, Required = 50
HealthCheck '': Result = FAILURE ✗
]]></output>
            </test-case>
            <test-case id="1147" name="HealthCheckCondition_WithoutHealthComponent_ReturnsFailure" fullname="ArcBT.Tests.ConditionNodeTests.HealthCheckCondition_WithoutHealthComponent_ReturnsFailure" methodname="HealthCheckCondition_WithoutHealthComponent_ReturnsFailure" classname="ArcBT.Tests.ConditionNodeTests" runstate="Runnable" seed="766286291" result="Passed" start-time="2025-07-26 16:08:06Z" end-time="2025-07-26 16:08:06Z" duration="0.001454" asserts="0">
              <properties>
                <property name="retryIteration" value="0" />
                <property name="repeatIteration" value="0" />
              </properties>
              <output><![CDATA[HealthCheck: No Health component found on TestOwner
HealthCheck '': Health component is null - trying to find it again
HealthCheck '': Still no Health component found!
]]></output>
            </test-case>
            <test-case id="1145" name="HealthCheckCondition_WithSufficientHealth_ReturnsSuccess" fullname="ArcBT.Tests.ConditionNodeTests.HealthCheckCondition_WithSufficientHealth_ReturnsSuccess" methodname="HealthCheckCondition_WithSufficientHealth_ReturnsSuccess" classname="ArcBT.Tests.ConditionNodeTests" runstate="Runnable" seed="139635058" result="Passed" start-time="2025-07-26 16:08:06Z" end-time="2025-07-26 16:08:06Z" duration="0.000569" asserts="0">
              <properties>
                <property name="retryIteration" value="0" />
                <property name="repeatIteration" value="0" />
              </properties>
              <output><![CDATA[[INF][BBD]: 🗂️ BlackBoard[新規]: current_health = 80
[INF][BBD]: 🗂️ BlackBoard[新規]: health_status = healthy
[INF][BBD]: 🗂️ BlackBoard[新規]: min_health_threshold = 50
]]></output>
            </test-case>
            <test-case id="1155" name="IsInitializedCondition_WithInitializedFlag_ReturnsSuccess" fullname="ArcBT.Tests.ConditionNodeTests.IsInitializedCondition_WithInitializedFlag_ReturnsSuccess" methodname="IsInitializedCondition_WithInitializedFlag_ReturnsSuccess" classname="ArcBT.Tests.ConditionNodeTests" runstate="Runnable" seed="1274368652" result="Passed" start-time="2025-07-26 16:08:06Z" end-time="2025-07-26 16:08:06Z" duration="0.000317" asserts="0">
              <properties>
                <property name="retryIteration" value="0" />
                <property name="repeatIteration" value="0" />
              </properties>
            </test-case>
            <test-case id="1156" name="IsInitializedCondition_WithoutInitializedFlag_InitializesAndReturnsSuccess" fullname="ArcBT.Tests.ConditionNodeTests.IsInitializedCondition_WithoutInitializedFlag_InitializesAndReturnsSuccess" methodname="IsInitializedCondition_WithoutInitializedFlag_InitializesAndReturnsSuccess" classname="ArcBT.Tests.ConditionNodeTests" runstate="Runnable" seed="1873422073" result="Passed" start-time="2025-07-26 16:08:06Z" end-time="2025-07-26 16:08:06Z" duration="0.000316" asserts="0">
              <properties>
                <property name="retryIteration" value="0" />
                <property name="repeatIteration" value="0" />
              </properties>
              <output><![CDATA[IsInitialized: System initialized
Saving results to: C:/Users/myunp/AppData/LocalLow/DefaultCompany/AIBTree\TestResults.xml
]]></output>
            </test-case>
          </test-suite>
        </test-suite>
      </test-suite>
    </test-suite>
  </test-suite>
</test-run>